0.000000 0.200096
1.227000 0.169930
2.239000 0.290632
3.248000 0.201221
4.255000 0.237736
5.260000 0.172076
6.267000 0.190189
7.355000 0.117456
8.375000 0.100588
9.395000 0.076447
10.407000 0.063534
11.419000 0.047312
13.015000 0.073213
14.016000 0.091564
15.019000 0.015003
16.027000 0.257857
17.032000 0.276888
18.039000 0.220640
19.047000 0.278214
20.051000 0.226749
21.060000 0.264944
22.067000 0.278491
23.075000 0.220421
24.080000 0.181039
25.087000 0.070642
26.095000 0.028500
27.107000 0.018925
28.127000 0.005365
29.128000 0.021067
30.504000 0.008948
31.519000 0.176560
32.548000 0.069131
33.567000 0.073837
34.579000 0.093834
35.607000 0.078514
36.615000 0.101786
37.619000 0.130805
38.635000 0.084039
39.655000 0.053647
40.659000 0.088566
41.687000 0.102467
42.699000 0.114901
43.708000 0.118517
44.715000 0.218717
45.719000 0.146359
46.720000 0.220028
47.727000 0.152715
49.015000 0.059478
50.035000 0.096565
51.036000 0.068332
52.115000 0.017750
53.120000 0.177520
54.140000 0.147529
55.147000 0.141283
56.148000 0.144064
57.160000 0.183842
58.176000 0.174252
59.180000 0.208470
60.187000 0.194828
61.188000 0.229594
62.195000 0.231507
63.199000 0.253434
64.207000 0.163418
65.220000 0.280892
66.239000 0.212674
67.243000 0.239012
68.247000 0.262972
69.256000 0.205288
70.260000 0.267060
71.279000 0.192534
72.287000 0.217143
73.295000 0.155278
74.307000 0.221692
75.308000 0.204196
76.319000 0.211086
77.320000 0.189163
78.471000 0.179468
79.479000 0.212278
80.480000 0.172196
81.488000 0.148492
82.507000 0.200031
83.508000 0.195996
84.515000 0.191547
85.519000 0.166231
86.528000 0.153921
87.540000 0.189249
88.559000 0.137492
89.560000 0.202262
90.627000 0.142845
91.639000 0.202767
92.640000 0.200895
93.647000 0.217923
94.655000 0.216349
95.660000 0.196012
96.667000 0.212489
97.676000 0.157273
98.687000 0.154255
99.695000 0.143063
100.728000 0.129781
101.740000 0.062182
102.768000 0.042584
103.779000 0.052772
104.927000 0.035052
105.995000 0.032022
106.996000 0.036899
108.019000 0.102804
109.020000 0.098565
110.035000 0.109170
111.055000 0.062251
112.060000 0.073504
113.607000 0.022992
114.608000 0.109331
115.620000 0.174941
116.627000 0.249962
117.647000 0.188322
118.655000 0.211714
119.660000 0.192494
120.667000 0.233660
121.679000 0.200625
122.680000 0.250094
123.700000 0.158816
124.707000 0.221434
125.716000 0.180884
126.720000 0.247984
127.727000 0.220640
128.840000 0.236500
129.847000 0.288000
130.851000 0.258088
131.940000 0.247993
132.947000 0.311094
133.960000 0.250393
135.079000 0.225451
136.080000 0.248727
137.087000 0.178526
138.100000 0.132344
139.107000 0.211925
140.120000 0.162614
141.128000 0.188643
142.136000 0.163421
143.140000 0.174406
144.235000 0.152935
145.239000 0.164869
146.247000 0.179143
147.248000 0.154997
148.260000 0.200063
149.267000 0.188036
150.268000 0.244627
151.280000 0.181701
152.299000 0.216141
153.307000 0.115921
154.320000 0.195814
155.339000 0.187164
156.340000 0.209095
157.455000 0.179638
158.472000 0.160071
159.488000 0.142724
160.635000 0.088753
161.640000 0.074866
162.660000 0.159600
163.787000 0.152234
164.788000 0.236428
165.800000 0.230591
166.807000 0.247245
167.820000 0.222034
168.827000 0.241811
169.840000 0.199076
170.852000 0.193304
171.855000 0.136957
173.279000 0.073063
174.527000 0.042750
175.528000 0.150330
176.535000 0.130979
177.539000 0.133530
178.547000 0.103143
179.559000 0.069502
180.567000 0.127571
181.587000 0.103271
182.619000 0.151116
183.635000 0.119047
184.640000 0.141564
185.647000 0.133132
186.652000 0.091765
187.655000 0.132299
188.656000 0.128464
189.668000 0.115462
190.676000 0.143857
191.700000 0.130922
192.708000 0.124063
193.715000 0.146717
194.727000 0.155455
195.739000 0.138443
196.759000 0.152894
197.768000 0.155917
198.779000 0.116930
199.780000 0.161263
200.787000 0.127698
201.820000 0.038955
202.887000 0.043591
203.895000 0.036643
204.900000 0.074866
207.276000 0.006899
208.280000 0.279920
209.287000 0.137208
210.307000 0.119365
211.308000 0.113998
212.327000 0.134249
213.340000 0.135044
214.407000 0.104381
215.420000 0.126942
216.440000 0.134118
217.448000 0.142044
218.460000 0.087530
219.467000 0.119547
220.468000 0.125730
221.476000 0.107778
222.480000 0.133530
223.487000 0.133132
224.488000 0.113998
225.500000 0.139233
226.507000 0.134491
227.535000 0.124311
228.548000 0.141797
229.559000 0.139371
230.636000 0.116115
231.647000 0.132605
232.655000 0.131643
233.659000 0.122629
234.667000 0.106421
235.676000 0.123378
236.688000 0.133826
237.699000 0.120989
238.700000 0.133930
239.720000 0.138141
240.727000 0.122828
241.747000 0.148871
242.767000 0.144847
243.779000 0.103296
244.787000 0.147929
245.800000 0.116138
246.807000 0.124187
247.820000 0.132344
248.835000 0.142865
249.839000 0.125920
250.847000 0.126214
251.855000 0.128929
252.975000 0.116543
253.980000 0.137481
254.987000 0.144000
256.035000 0.120634
257.039000 0.141705
258.040000 0.132563
259.051000 0.101484
260.427000 0.043163
261.435000 0.070571
262.439000 0.043602
263.535000 0.084876
264.547000 0.121660
265.559000 0.074909
266.567000 0.122143
267.568000 0.127097
268.579000 0.120427
269.587000 0.080635
270.607000 0.112659
271.627000 0.120706
272.640000 0.112648
273.647000 0.142642
274.660000 0.153951
275.667000 0.130979
276.680000 0.147198
277.707000 0.143860
278.719000 0.118166
279.887000 0.119466
280.888000 0.151696
281.920000 0.109248
282.927000 0.129057
283.936000 0.135580
284.940000 0.124559
285.960000 0.148871
286.967000 0.144000
287.980000 0.122101
288.987000 0.124981
289.988000 0.142130
290.999000 0.114224
292.007000 0.112643
293.020000 0.105335
296.796000 0.004340
297.807000 0.175145
298.819000 0.117605
299.827000 0.100429
300.828000 0.050565
301.840000 0.071494
302.847000 0.141998
303.855000 0.101786
304.860000 0.106173
305.867000 0.154073
306.879000 0.150047
307.880000 0.116164
308.907000 0.101788
309.920000 0.162053
310.927000 0.152151
311.939000 0.114111
312.940000 0.117530
313.947000 0.142642
315.048000 0.113584
316.060000 0.159510
317.068000 0.176429
318.080000 0.110055
319.087000 0.127698
320.099000 0.137881
321.100000 0.115365
322.107000 0.154868
323.115000 0.154714
324.120000 0.124434
325.127000 0.131774
326.140000 0.128292
327.236000 0.095380
328.320000 0.055528
329.327000 0.032604
330.407000 0.020267
331.415000 0.014929
332.419000 0.053139
333.427000 0.097714
334.451000 0.092180
335.460000 0.050727
336.467000 0.186113
337.471000 0.221519
338.475000 0.242534
339.480000 0.225162
340.499000 0.256416
341.507000 0.228563
342.599000 0.228520
343.607000 0.261929
344.608000 0.219229
345.627000 0.275211
346.628000 0.235628
347.680000 0.217703
348.687000 0.249962
349.699000 0.212790
350.700000 0.263760
351.708000 0.228563
352.720000 0.260893
353.728000 0.144421
354.732000 0.144430
355.819000 0.112530
356.827000 0.131643
357.839000 0.117605
359.176000 0.012263
360.179000 0.265196
361.187000 0.160143
362.207000 0.121263
363.220000 0.131252
364.227000 0.145358
365.232000 0.138046
366.280000 0.082237
368.355000 0.007252
369.360000 0.063976
370.380000 0.056329
371.387000 0.047547
372.407000 0.038894
373.447000 0.023677
374.607000 0.016510
375.628000 0.006699
414.655000 0.000140
415.815000 0.005897
416.819000 0.012263
417.839000 0.009388
419.859000 0.002980
420.879000 0.007929
421.899000 0.013216
422.955000 0.012765
424.035000 0.009985
425.139000 0.012210
426.339000 0.014603
427.659000 0.011233
428.739000 0.013730
429.819000 0.009985
431.160000 0.010052
432.255000 0.009848
438.519000 0.000215
440.655000 0.018933
441.779000 0.045573
442.935000 0.012827
444.099000 0.012739
445.123000 0.014480
446.199000 0.017539
447.339000 0.011825
451.620000 0.002834
452.655000 0.039072
453.779000 0.024171
454.839000 0.021262
456.159000 0.012255
457.179000 0.026431
458.476000 0.012472
459.519000 0.018094
460.615000 0.014759
461.620000 0.014754
462.675000 0.015333
463.739000 0.013936
464.800000 0.015246
465.823000 0.013932
466.839000 0.015161
467.895000 0.015318
471.780000 0.001041
472.815000 0.018234
473.835000 0.014537
474.879000 0.061977
475.935000 0.014042
476.995000 0.013989
478.059000 0.017737
479.875000 0.011877
481.059000 0.026024
482.079000 0.019824
483.099000 0.014566
484.335000 0.011997
485.439000 0.014652
486.519000 0.017474
487.543000 0.011848
488.899000 0.013917
490.215000 0.014340
495.939000 0.001413
496.995000 0.067655
498.059000 0.012669
499.199000 0.007095
500.399000 0.015727
501.579000 0.011424
502.719000 0.014189
504.055000 0.009081
505.300000 0.007579
545.567000 0.000067
546.651000 0.058446
547.787000 0.014239
548.843000 0.019288
550.103000 0.000800
551.123000 0.009251
552.203000 0.017474
553.267000 0.019004
554.287000 0.015859
555.348000 0.020328
556.388000 0.020738
557.463000 0.020063
558.531000 0.022719
562.547000 0.004028
563.628000 0.038657
564.647000 0.060852
565.683000 0.023421
566.687000 0.020139
567.728000 0.018129
571.207000 0.007422
572.663000 0.032151
573.744000 0.011223
574.943000 0.019113
576.067000 0.023986
577.068000 0.028280
578.123000 0.020444
579.187000 0.019004
582.892000 0.002911
583.943000 0.084651
584.987000 0.018111
586.027000 0.020738
587.031000 0.020139
588.227000 0.021415
591.484000 0.009583
592.523000 0.054291
593.763000 0.004194
594.768000 0.014754
595.844000 0.016286
596.963000 0.014456
597.983000 0.018502
599.087000 0.015873
600.168000 0.014964
601.203000 0.011722
602.387000 0.013662
603.483000 0.015989
604.584000 0.012243
605.943000 0.007511
613.703000 0.000347
614.927000 0.058840
616.067000 0.008277
617.387000 0.006127
618.683000 0.004160
619.703000 0.006608
620.843000 0.005912
621.887000 0.006456
622.943000 0.007659
624.008000 0.007594
625.043000 0.011744
626.088000 0.020639
628.967000 0.000468
631.083000 0.032399
632.103000 0.013216
633.127000 0.014480
634.187000 0.016532
635.243000 0.024254
636.287000 0.019368
637.323000 0.019536
638.467000 0.017675
641.747000 0.008694
642.983000 0.015097
644.067000 0.062181
645.083000 0.019921
646.103000 0.014537
647.224000 0.012025
648.248000 0.014480
649.283000 0.011722
650.387000 0.013431
651.427000 0.018146
652.468000 0.018129
653.543000 0.016301
655.607000 0.008397
656.651000 0.012912
657.728000 0.013768
658.747000 0.015874
659.831000 0.021140
660.847000 0.011941
661.928000 0.014964
663.235000 0.009282
664.247000 0.011988
665.287000 0.012962
666.347000 0.015260
667.367000 0.011894
668.467000 0.014349
669.707000 0.015535
670.928000 0.011040
675.079000 0.003247
676.163000 0.018542
677.167000 0.086048
678.383000 0.018845
679.567000 0.023909
680.811000 0.019505
681.888000 0.007329
682.907000 0.022489
684.027000 0.022868
685.247000 0.018784
686.727000 0.020977
687.787000 0.026706
688.788000 0.024240
691.943000 0.005372
692.968000 0.036070
693.987000 0.062175
695.031000 0.018077
696.047000 0.021228
697.207000 0.015107
701.003000 0.005740
702.008000 0.014547
704.784000 0.014500
705.908000 0.010794
706.943000 0.020839
707.947000 0.018797
709.223000 0.014790
710.332000 0.019448
711.347000 0.019921
712.492000 0.018837
713.527000 0.014327
717.923000 0.003373
719.003000 0.072393
720.388000 0.016546
721.627000 0.017408
722.631000 0.020139
723.683000 0.016658
724.687000 0.016112
727.748000 0.007114
728.767000 0.030426
729.847000 0.013372
731.047000 0.007863
732.203000 0.011661
733.267000 0.010135
734.423000 0.010495
735.728000 0.008264
736.748000 0.011894
737.903000 0.009337
739.447000 0.005238
740.472000 0.009206
741.663000 0.004527
751.791000 0.002017
752.851000 0.039226
753.951000 0.011029
755.191000 0.009784
756.411000 0.013259
757.448000 0.011699
758.647000 0.010118
759.691000 0.011621
760.716000 0.014466
761.931000 0.007766
763.411000 0.003643
764.431000 0.006608
765.671000 0.009784
766.752000 0.009976
768.211000 0.013859
769.311000 0.011029
770.467000 0.016325
771.788000 0.008164
773.047000 0.006424
774.091000 0.011621
775.111000 0.014537
782.211000 0.001682
783.271000 0.012717
784.327000 0.016595
785.347000 0.015859
786.412000 0.018986
787.447000 0.019536
788.528000 0.018705
789.547000 0.019843
790.611000 0.017737
795.191000 0.004121
796.552000 0.033675
797.571000 0.051592
798.660000 0.018567
799.672000 0.014652
800.707000 0.014327
801.711000 0.018797
805.212000 0.005005
807.331000 0.027926
808.551000 0.016574
809.651000 0.018382
810.727000 0.020045
811.971000 0.015170
813.007000 0.016915
814.031000 0.021063
815.271000 0.016306
