0.000000 0.252080
1.020000 0.308075
2.050000 0.101744
3.080000 0.168628
4.279000 0.116712
5.280000 0.154221
6.490000 0.193215
7.520000 0.187519
8.690000 0.187603
9.911000 0.197201
11.090000 0.213959
12.092000 0.329030
13.100000 0.246946
14.150000 0.172502
15.151000 0.233246
16.161000 0.243017
17.350000 0.202481
18.550000 0.269674
19.551000 0.255201
20.552000 0.244538
21.570000 0.263637
22.571000 0.209023
23.572000 0.222819
24.581000 0.259386
25.582000 0.256490
26.590000 0.259184
27.601000 0.268335
28.620000 0.241692
29.710000 0.247578
30.820000 0.249779
31.921000 0.248834
33.000000 0.250525
34.101000 0.259027
35.102000 0.254744
36.103000 0.257098
37.111000 0.234718
38.112000 0.268551
39.121000 0.258015
40.131000 0.297980
41.140000 0.259377
42.153000 0.217239
43.160000 0.190189
44.170000 0.109473
45.171000 0.233694
46.172000 0.342197
47.181000 0.370471
48.191000 0.334645
49.192000 0.478036
50.193000 0.448370
51.195000 0.429660
52.242000 0.387085
53.243000 0.464711
54.251000 0.390338
55.252000 0.322082
56.271000 0.367358
57.272000 0.448424
58.273000 0.552670
59.462000 0.419874
60.463000 0.477262
61.472000 0.434540
62.561000 0.268331
63.562000 0.435067
64.563000 0.553870
65.641000 0.500062
66.642000 0.523221
67.653000 0.536719
68.660000 0.377134
69.661000 0.261470
70.662000 0.312959
71.681000 0.194089
72.771000 0.180787
73.772000 0.247361
74.780000 0.184451
75.791000 0.217852
76.801000 0.175576
77.811000 0.205877
78.821000 0.199715
79.831000 0.138154
80.833000 0.199882
82.031000 0.378448
83.032000 0.366440
84.033000 0.367775
85.041000 0.346171
86.052000 0.350333
87.142000 0.340261
88.271000 0.283796
89.272000 0.375824
90.273000 0.321554
91.282000 0.262425
92.302000 0.378963
93.303000 0.400719
94.304000 0.352004
95.311000 0.333976
96.351000 0.365553
97.353000 0.375449
98.361000 0.274990
99.362000 0.317059
100.381000 0.117390
101.382000 0.180396
102.431000 0.177686
103.432000 0.194062
104.611000 0.135277
105.621000 0.101584
106.631000 0.163889
107.641000 0.129139
108.651000 0.161180
109.673000 0.179366
110.681000 0.156033
111.682000 0.199528
112.693000 0.193496
113.701000 0.132908
114.712000 0.167786
115.721000 0.169475
116.742000 0.158428
117.743000 0.214561
118.781000 0.174143
119.791000 0.184206
120.802000 0.177258
121.812000 0.150850
122.821000 0.112375
123.823000 0.131066
124.824000 0.220796
125.940000 0.267812
126.942000 0.322070
127.962000 0.301658
128.973000 0.344048
129.982000 0.369578
130.983000 0.298443
131.991000 0.179143
133.052000 0.100569
134.054000 0.267717
135.082000 0.219206
136.092000 0.190978
137.292000 0.131246
138.383000 0.130405
139.394000 0.200261
140.412000 0.125707
141.442000 0.146097
142.462000 0.054988
143.672000 0.045001
144.681000 0.203370
145.682000 0.222833
146.683000 0.289543
147.685000 0.309633
148.692000 0.208816
149.702000 0.195317
150.703000 0.263265
151.712000 0.218695
152.762000 0.149829
153.772000 0.075180
154.773000 0.187229
155.774000 0.137560
156.793000 0.196004
157.795000 0.189079
158.802000 0.208276
159.812000 0.238384
160.822000 0.141502
161.832000 0.158471
162.833000 0.103779
163.842000 0.122022
165.042000 0.080903
166.043000 0.138030
167.052000 0.201516
168.103000 0.161986
169.104000 0.315692
170.105000 0.340023
171.112000 0.332196
172.125000 0.284553
173.132000 0.249454
174.153000 0.170163
175.162000 0.187356
176.613000 0.150885
177.652000 0.224346
178.653000 0.263039
180.094000 0.229486
181.096000 0.353605
182.103000 0.303972
183.104000 0.325259
184.113000 0.235611
185.115000 0.314012
186.131000 0.281458
187.212000 0.253227
188.213000 0.325259
189.283000 0.271313
190.993000 0.019181
192.003000 0.687123
193.013000 0.265473
194.193000 0.215128
195.195000 0.289437
196.203000 0.283062
197.213000 0.239534
198.222000 0.295564
199.223000 0.260306
200.224000 0.228309
201.283000 0.266334
202.285000 0.214347
203.293000 0.211727
204.473000 0.267172
205.474000 0.255560
206.493000 0.230756
207.513000 0.177525
208.975000 0.004679
209.983000 0.252429
210.984000 0.195224
211.994000 0.209868
212.995000 0.244610
214.003000 0.263691
215.014000 0.269788
216.015000 0.333459
217.023000 0.239570
218.024000 0.254261
219.025000 0.234227
220.035000 0.264833
221.036000 0.384024
222.043000 0.294216
223.044000 0.317059
224.054000 0.315588
225.055000 0.264083
226.056000 0.281810
227.063000 0.258113
228.064000 0.167790
229.074000 0.170661
230.075000 0.113453
231.083000 0.196786
232.093000 0.153397
233.094000 0.258294
234.103000 0.210045
235.104000 0.228935
236.114000 0.218067
237.123000 0.148853
238.124000 0.065598
239.125000 0.148963
240.314000 0.245442
241.315000 0.307493
242.323000 0.267357
243.324000 0.235304
244.333000 0.221718
245.334000 0.222761
246.335000 0.148453
247.515000 0.212397
248.543000 0.180981
249.774000 0.067130
250.914000 0.246085
251.915000 0.450990
253.095000 0.443347
254.104000 0.449515
255.105000 0.299321
256.144000 0.362261
257.146000 0.417387
258.183000 0.476108
259.184000 0.372268
260.196000 0.514892
261.204000 0.449163
262.244000 0.161306
263.254000 0.260055
264.255000 0.286773
265.256000 0.333459
266.264000 0.368891
267.265000 0.447712
268.266000 0.417243
269.267000 0.468053
270.285000 0.577802
271.286000 0.560690
272.294000 0.559667
273.295000 0.568519
274.296000 0.469494
275.299000 0.565562
276.304000 0.457361
277.424000 0.393176
278.569000 0.022700
279.594000 0.869586
280.595000 0.512488
281.596000 0.421461
282.599000 0.421153
283.601000 0.417692
284.605000 0.545109
285.619000 0.587667
286.621000 0.551478
287.625000 0.534684
288.626000 0.406903
289.627000 0.513854
290.634000 0.427465
292.386000 0.178869
293.514000 1.118940
294.515000 0.519321
295.526000 0.580487
296.535000 0.554707
297.536000 0.478433
298.537000 0.527520
299.543000 0.429674
300.545000 0.474606
301.546000 0.498821
302.547000 0.461233
303.555000 0.484500
304.915000 0.280229
305.917000 0.440982
306.925000 0.437000
309.355000 0.061230
310.454000 0.754027
311.455000 0.195429
312.465000 0.238384
313.485000 0.164965
314.505000 0.160941
315.745000 0.099290
316.885000 0.033600
317.895000 0.187726
318.905000 0.197750
319.916000 0.189564
320.926000 0.247865
321.935000 0.209504
322.936000 0.285626
323.945000 0.207916
325.096000 0.249732
326.131000 0.253774
327.135000 0.133359
328.236000 0.213948
329.237000 0.250094
330.245000 0.220500
331.255000 0.196541
332.265000 0.212503
333.275000 0.237030
334.285000 0.165859
335.295000 0.196396
336.296000 0.168632
337.297000 0.212592
338.355000 0.199551
339.525000 0.240861
340.527000 0.297629
341.528000 0.243274
342.535000 0.243154
343.545000 0.254638
344.546000 0.206045
345.547000 0.253981
346.566000 0.252275
347.575000 0.256078
348.576000 0.214733
349.587000 0.217852
350.595000 0.121616
351.606000 0.131252
352.615000 0.124733
353.617000 0.131852
354.618000 0.222761
355.625000 0.156651
356.638000 0.191763
357.655000 0.133262
358.675000 0.104612
359.846000 0.047898
361.005000 0.034230
362.029000 0.045422
363.035000 0.057113
364.065000 0.047814
365.075000 0.040377
366.105000 0.054454
367.125000 0.059012
368.136000 0.041301
369.145000 0.069146
370.156000 0.075774
371.165000 0.064537
372.166000 0.069568
373.175000 0.105752
374.196000 0.074038
375.215000 0.093974
376.265000 0.060483
377.286000 0.072797
378.295000 0.082704
379.296000 0.067599
380.316000 0.074125
381.475000 0.077035
382.646000 0.061916
383.655000 0.054711
384.736000 0.057806
385.745000 0.081348
386.765000 0.056912
387.775000 0.073141
388.776000 0.050307
389.785000 0.070501
390.797000 0.056719
391.836000 0.047399
392.875000 0.042704
393.896000 0.037516
394.926000 0.035860
396.496000 0.002614
415.458000 0.000577
417.426000 0.001065
419.246000 0.010523
420.336000 0.031376
421.347000 0.026309
422.416000 0.029850
423.436000 0.042918
423.802000 0.029434
