0.000000 0.133272
1.001000 0.131197
2.010000 0.122500
3.011000 0.170426
4.060000 0.094225
5.070000 0.112618
6.089000 0.085172
7.090000 0.111852
8.110000 0.071968
9.130000 0.088532
10.322000 0.090735
11.330000 0.120608
12.331000 0.119801
13.340000 0.132364
14.510000 0.101979
15.530000 0.121529
16.541000 0.127356
17.542000 0.137044
18.570000 0.162350
19.571000 0.116110
20.580000 0.113354
21.590000 0.119242
22.760000 0.129401
23.940000 0.141925
25.160000 0.145043
26.171000 0.165080
27.172000 0.133433
28.180000 0.154714
29.191000 0.104943
30.290000 0.111484
31.300000 0.138154
32.321000 0.108648
33.351000 0.111750
34.432000 0.112256
35.440000 0.135714
36.450000 0.106798
37.571000 0.118373
38.591000 0.108985
39.830000 0.103139
40.840000 0.131382
41.860000 0.122766
42.861000 0.158529
44.370000 0.051628
45.381000 0.051418
46.382000 0.082014
47.391000 0.206578
48.392000 0.215360
49.401000 0.270137
50.410000 0.237965
51.530000 0.258184
52.531000 0.336363
53.532000 0.185794
54.541000 0.320654
55.551000 0.249800
56.561000 0.269171
57.571000 0.154244
58.572000 0.343244
59.573000 0.311433
60.781000 0.186066
61.782000 0.331934
62.792000 0.363135
63.961000 0.214071
64.962000 0.316333
65.973000 0.285371
66.981000 0.254624
67.982000 0.368991
69.001000 0.243898
70.081000 0.168009
71.091000 0.274954
72.092000 0.192863
73.101000 0.246755
74.122000 0.193480
75.131000 0.216928
76.141000 0.150341
77.151000 0.163889
78.152000 0.106511
79.181000 0.195429
80.191000 0.051469
81.192000 0.160203
82.193000 0.304083
83.201000 0.366432
84.202000 0.348882
85.211000 0.212795
86.221000 0.278942
87.222000 0.322659
88.224000 0.302084
89.232000 0.351594
90.381000 0.364103
91.392000 0.441791
92.401000 0.288850
93.402000 0.252706
94.403000 0.333459
95.411000 0.188139
96.413000 0.242267
97.419000 0.298356
98.422000 0.429631
99.423000 0.318998
100.432000 0.363534
101.433000 0.259811
102.434000 0.258394
103.441000 0.218593
104.451000 0.185844
105.452000 0.277427
106.462000 0.199160
107.472000 0.210232
108.481000 0.208793
109.491000 0.158471
110.501000 0.097913
111.511000 0.151699
112.522000 0.143572
113.531000 0.122778
114.532000 0.184496
115.541000 0.179724
116.542000 0.228228
117.552000 0.175018
118.562000 0.174725
119.571000 0.137709
120.573000 0.141988
121.581000 0.134357
122.601000 0.081602
123.611000 0.117838
124.621000 0.078558
125.624000 0.054556
126.632000 0.040587
127.635000 0.062740
128.642000 0.260830
129.643000 0.243671
130.762000 0.123846
131.772000 0.198910
132.822000 0.188914
133.841000 0.068892
134.842000 0.202262
135.852000 0.205642
136.861000 0.166528
138.159000 0.113824
139.282000 0.164085
140.532000 0.126950
141.542000 0.245377
142.562000 0.232471
143.572000 0.226194
144.634000 0.108346
145.642000 0.178986
146.652000 0.128080
147.662000 0.184206
148.672000 0.089752
149.682000 0.124610
151.063000 0.055473
152.073000 0.059885
153.132000 0.105926
154.142000 0.082489
155.153000 0.138018
156.162000 0.101577
157.172000 0.144927
158.213000 0.066934
159.216000 0.245503
160.222000 0.169862
161.232000 0.250574
162.242000 0.126645
163.243000 0.196795
164.822000 0.105714
165.830000 0.188699
166.842000 0.148150
167.843000 0.135297
168.853000 0.123194
169.854000 0.158955
170.862000 0.191888
171.872000 0.181216
172.873000 0.187229
173.883000 0.196006
174.893000 0.162810
175.902000 0.168119
176.913000 0.107759
177.922000 0.153205
178.942000 0.107701
180.002000 0.208434
181.003000 0.295193
182.013000 0.172905
183.022000 0.204037
184.023000 0.286993
185.024000 0.265556
186.026000 0.266871
187.033000 0.217465
188.043000 0.279018
189.052000 0.202623
190.053000 0.256927
191.063000 0.180866
192.273000 0.195656
193.283000 0.268182
194.393000 0.196637
195.403000 0.293917
196.404000 0.223926
197.406000 0.311281
198.435000 0.257376
199.436000 0.312448
200.443000 0.320860
201.533000 0.289965
202.543000 0.275485
203.544000 0.230240
204.683000 0.278323
205.684000 0.366258
206.685000 0.247029
207.693000 0.223929
208.695000 0.293533
209.703000 0.215487
210.713000 0.281775
211.714000 0.359425
212.716000 0.284114
213.723000 0.300226
216.224000 0.058096
217.233000 0.732513
218.234000 0.237794
219.243000 0.200658
220.244000 0.215332
221.253000 0.276002
222.254000 0.256927
223.263000 0.264175
224.284000 0.220370
225.303000 0.068467
226.323000 0.128753
227.334000 0.170573
228.343000 0.153205
229.353000 0.116483
230.614000 0.002170
231.623000 0.190050
232.624000 0.220691
233.625000 0.230678
234.633000 0.244750
235.643000 0.213680
236.644000 0.218299
237.654000 0.218288
238.664000 0.238133
239.864000 0.186686
240.954000 0.273774
242.054000 0.263712
243.064000 0.276309
244.073000 0.157801
245.184000 0.148408
246.213000 0.122309
247.224000 0.123134
248.225000 0.240527
249.226000 0.235848
250.234000 0.266000
251.235000 0.266494
252.236000 0.164319
253.244000 0.175071
254.274000 0.184889
255.284000 0.261410
256.285000 0.208789
257.294000 0.258957
258.296000 0.266250
259.304000 0.266344
260.314000 0.212546
261.324000 0.228903
262.344000 0.224671
263.349000 0.269231
264.354000 0.118424
265.374000 0.046941
266.375000 0.250094
267.376000 0.321604
268.394000 0.363068
269.464000 0.370169
270.466000 0.439107
271.474000 0.287996
272.475000 0.355881
273.594000 0.377846
274.595000 0.487098
275.600000 0.510444
276.704000 0.362534
277.705000 0.466211
278.715000 0.397828
279.825000 0.412753
280.826000 0.529431
281.827000 0.321022
282.829000 0.360379
283.894000 0.280832
284.924000 0.265631
285.945000 0.297234
287.115000 0.282737
288.116000 0.396324
289.117000 0.406713
290.295000 0.335969
291.296000 0.390155
292.405000 0.358927
293.525000 0.508446
294.527000 0.520168
295.755000 0.419199
296.756000 0.669650
297.758000 0.411851
298.764000 0.576573
300.278000 0.152611
301.285000 0.908224
302.286000 0.487888
303.287000 0.432394
304.288000 0.459839
305.296000 0.462705
306.297000 0.509843
307.395000 0.445528
308.396000 0.482422
309.405000 0.382245
310.406000 0.420123
311.415000 0.358936
312.475000 0.394476
313.476000 0.330725
314.478000 0.412830
315.485000 0.465962
316.486000 0.487888
317.487000 0.453223
318.495000 0.511643
319.501000 0.505861
320.505000 0.365350
321.506000 0.422290
322.516000 0.342787
323.517000 0.404523
324.525000 0.246964
325.526000 0.300659
326.535000 0.268448
327.545000 0.191359
328.546000 0.355325
329.557000 0.270623
330.565000 0.177101
331.566000 0.157163
333.045000 0.084170
334.055000 0.121844
335.056000 0.140763
336.065000 0.169475
337.275000 0.134681
338.285000 0.161180
339.286000 0.180396
340.295000 0.156958
341.305000 0.205877
342.306000 0.162629
343.326000 0.207275
344.506000 0.226177
345.516000 0.327778
346.526000 0.252640
347.536000 0.279018
348.537000 0.205478
349.545000 0.219857
350.556000 0.173358
351.618000 0.169872
352.626000 0.230714
353.636000 0.214262
354.655000 0.222147
355.656000 0.231107
356.736000 0.241796
357.737000 0.318426
358.738000 0.253449
359.739000 0.215098
360.746000 0.234420
361.747000 0.194514
362.756000 0.258956
363.966000 0.271350
364.967000 0.329359
365.976000 0.234537
366.977000 0.209095
367.986000 0.152891
368.987000 0.166516
369.995000 0.249599
370.997000 0.199161
372.006000 0.280650
373.026000 0.114169
374.066000 0.134169
375.076000 0.107002
376.086000 0.110540
377.096000 0.075850
378.106000 0.081267
379.116000 0.035216
380.136000 0.051975
381.155000 0.070914
382.156000 0.092931
383.166000 0.077262
384.176000 0.109711
385.186000 0.124610
386.196000 0.115489
387.197000 0.073798
388.216000 0.093974
389.246000 0.079102
390.456000 0.091037
391.461000 0.122507
392.466000 0.105630
393.606000 0.124303
394.607000 0.153063
395.616000 0.136023
396.617000 0.107721
397.656000 0.119497
398.666000 0.150345
399.667000 0.130051
400.676000 0.137330
401.786000 0.118649
402.787000 0.147528
403.796000 0.129929
404.797000 0.118080
405.806000 0.127680
406.816000 0.092440
407.837000 0.054934
408.876000 0.047399
410.697000 0.012020
412.527000 0.004485
436.031000 0.000000
