0.000000 0.123172
1.010000 0.153340
2.019000 0.149424
3.069000 0.092070
4.070000 0.096174
5.079000 0.115433
6.090000 0.103444
7.099000 0.095813
8.201000 0.078017
9.370000 0.134648
10.390000 0.111925
11.550000 0.105887
12.620000 0.123793
13.621000 0.136596
14.770000 0.168372
15.781000 0.137654
16.801000 0.148922
17.802000 0.168206
19.000000 0.117266
20.021000 0.154756
21.030000 0.169344
22.031000 0.147284
23.200000 0.133056
24.210000 0.172801
25.211000 0.159935
26.212000 0.116607
27.229000 0.186160
28.329000 0.096361
29.330000 0.164072
30.530000 0.119368
31.531000 0.173832
32.649000 0.121947
33.650000 0.157645
34.671000 0.164721
35.799000 0.122515
36.820000 0.156225
37.830000 0.173537
38.849000 0.174613
39.850000 0.168352
40.860000 0.180164
41.861000 0.182113
43.039000 0.138896
44.040000 0.181037
45.149000 0.126015
46.309000 0.135791
47.310000 0.164795
48.440000 0.148465
49.610000 0.131683
50.619000 0.132195
51.709000 0.114199
52.719000 0.092102
53.799000 0.104569
55.029000 0.121532
56.030000 0.120190
57.039000 0.126550
58.049000 0.127405
59.069000 0.139907
60.199000 0.117511
61.209000 0.129872
62.219000 0.097694
63.239000 0.115930
64.249000 0.133608
65.259000 0.083945
66.269000 0.091805
67.289000 0.082103
68.308000 0.076868
69.349000 0.042151
70.518000 0.059470
71.519000 0.127448
72.538000 0.101006
73.539000 0.101808
74.549000 0.136726
75.619000 0.134338
76.809000 0.117275
77.820000 0.133506
78.839000 0.166843
79.859000 0.112334
81.019000 0.120675
82.099000 0.111546
83.169000 0.119606
84.179000 0.154133
85.180000 0.121490
86.409000 0.140065
87.639000 0.151706
88.849000 0.125836
89.959000 0.126632
91.099000 0.125355
92.198000 0.130365
93.208000 0.132703
94.219000 0.128588
95.239000 0.134737
96.329000 0.122105
97.338000 0.149379
98.379000 0.153570
99.399000 0.131429
100.409000 0.153847
101.439000 0.166639
102.440000 0.159468
103.598000 0.125755
104.668000 0.107023
105.669000 0.151890
106.679000 0.142438
107.875000 0.113951
108.880000 0.161350
110.039000 0.060293
111.040000 0.157604
112.089000 0.057895
113.288000 0.121536
114.289000 0.151088
115.298000 0.127357
116.299000 0.146550
117.300000 0.175587
118.368000 0.145962
119.498000 0.169508
120.508000 0.155158
121.509000 0.129871
122.518000 0.124561
123.678000 0.100294
124.688000 0.160693
125.698000 0.095670
126.888000 0.116268
128.058000 0.122483
129.078000 0.121997
130.188000 0.097017
131.198000 0.139395
132.208000 0.100647
133.418000 0.116499
134.538000 0.106170
135.718000 0.105210
137.228000 0.081174
138.238000 0.109350
139.307000 0.106257
140.498000 0.122987
141.738000 0.112381
142.778000 0.105003
143.878000 0.115751
145.038000 0.109585
146.048000 0.141110
147.075000 0.091164
148.238000 0.097153
149.248000 0.126869
150.318000 0.095352
151.408000 0.111867
152.458000 0.101055
153.468000 0.108245
154.478000 0.135399
155.488000 0.139927
156.489000 0.100815
157.498000 0.109041
158.508000 0.127394
159.528000 0.120339
160.658000 0.145141
161.688000 0.127586
162.868000 0.121855
163.888000 0.130188
164.938000 0.118895
165.939000 0.177918
166.948000 0.111021
167.957000 0.126673
169.028000 0.112804
170.047000 0.090925
171.048000 0.115287
172.158000 0.111896
173.218000 0.124810
174.238000 0.119089
175.247000 0.163486
176.257000 0.132388
177.287000 0.079571
178.298000 0.122533
179.299000 0.088195
180.308000 0.099917
181.348000 0.067180
182.357000 0.096755
183.377000 0.079008
184.457000 0.057365
185.567000 0.055383
186.587000 0.058494
187.837000 0.042523
188.887000 0.032571
189.891000 0.016319
191.018000 0.086186
192.238000 0.089174
193.327000 0.111014
194.329000 0.123298
195.367000 0.110756
196.487000 0.119925
197.557000 0.147223
198.667000 0.137097
199.668000 0.134132
200.677000 0.137239
201.678000 0.112999
202.687000 0.124579
203.867000 0.112219
204.878000 0.170794
205.957000 0.154277
207.077000 0.140469
208.179000 0.130854
209.187000 0.121932
210.267000 0.117889
211.277000 0.149513
212.278000 0.109181
213.317000 0.127703
214.327000 0.114748
215.346000 0.117455
216.440000 0.062555
217.458000 0.063159
218.466000 0.085033
219.476000 0.062179
220.477000 0.064641
221.487000 0.112114
222.507000 0.088621
223.519000 0.069356
224.537000 0.063901
225.857000 0.036380
226.877000 0.093807
227.887000 0.073658
229.047000 0.044814
230.156000 0.077612
231.386000 0.061896
232.407000 0.053595
234.096000 0.012419
235.227000 0.074193
236.367000 0.082303
237.376000 0.120235
238.387000 0.098335
239.406000 0.095526
240.587000 0.064630
241.676000 0.062012
242.757000 0.060841
244.207000 0.095521
245.217000 0.111883
246.218000 0.113296
247.227000 0.103113
248.306000 0.103800
249.527000 0.107292
250.537000 0.133261
251.676000 0.106406
252.757000 0.105947
253.826000 0.099727
254.858000 0.062980
255.897000 0.026333
256.907000 0.087249
257.926000 0.066772
258.938000 0.040617
259.966000 0.065206
260.986000 0.045826
262.306000 0.034462
263.846000 0.013325
264.886000 0.024992
265.896000 0.032879
266.916000 0.060353
267.926000 0.053385
268.946000 0.045600
270.006000 0.032366
271.016000 0.100230
272.246000 0.077623
273.306000 0.070964
274.316000 0.091554
275.336000 0.067173
276.356000 0.075702
277.366000 0.072712
278.396000 0.038194
279.416000 0.036212
280.426000 0.030072
281.456000 0.037188
282.466000 0.026442
283.496000 0.039845
284.511000 0.035470
285.516000 0.062626
286.596000 0.030443
287.606000 0.051674
288.616000 0.040350
289.626000 0.045169
290.637000 0.041480
291.976000 0.041824
293.005000 0.017283
294.066000 0.019340
295.076000 0.024380
296.106000 0.022595
297.116000 0.043343
298.125000 0.021623
299.176000 0.044255
300.185000 0.018898
301.195000 0.029798
304.265000 0.003565
305.316000 0.014614
307.537000 0.010471
319.117000 0.000827
320.127000 0.053124
322.257000 0.047392
323.486000 0.026714
324.518000 0.013001
325.606000 0.016346
326.666000 0.011615
327.686000 0.014753
328.727000 0.019731
329.767000 0.017274
330.777000 0.028444
331.796000 0.025507
332.807000 0.025709
333.846000 0.019292
334.880000 0.031752
335.897000 0.040354
336.906000 0.052565
337.957000 0.036445
339.016000 0.015501
340.077000 0.010958
341.106000 0.019942
342.146000 0.021046
343.196000 0.024323
344.256000 0.029683
345.266000 0.023219
346.296000 0.039845
347.507000 0.026410
348.526000 0.033562
349.636000 0.046605
350.666000 0.035860
351.686000 0.024141
352.726000 0.027527
353.736000 0.033861
354.776000 0.030154
355.796000 0.041576
356.926000 0.026024
357.956000 0.059767
359.099000 0.029152
360.107000 0.027143
361.146000 0.027650
362.196000 0.021754
363.201000 0.038113
364.216000 0.022598
365.226000 0.050115
366.246000 0.035552
367.286000 0.040515
368.306000 0.030610
369.356000 0.023451
370.366000 0.018814
371.396000 0.045157
372.406000 0.023498
373.416000 0.027089
374.466000 0.024754
375.505000 0.027313
376.506000 0.039632
377.546000 0.051537
378.556000 0.044328
379.566000 0.050115
380.596000 0.036825
381.636000 0.023575
382.646000 0.031152
383.676000 0.036683
384.696000 0.036220
385.706000 0.055533
386.716000 0.039146
387.796000 0.036214
388.836000 0.055246
389.846000 0.037198
390.856000 0.055864
391.866000 0.074167
392.896000 0.058249
394.046000 0.049001
395.066000 0.054988
396.085000 0.022140
397.176000 0.021316
398.285000 0.014803
399.296000 0.016237
400.345000 0.015256
401.446000 0.008698
402.505000 0.011626
403.525000 0.020118
404.566000 0.027325
405.585000 0.064440
406.595000 0.039587
407.605000 0.035216
408.647000 0.030196
409.685000 0.020961
410.715000 0.022579
411.725000 0.021671
412.735000 0.024795
413.765000 0.027891
414.786000 0.027700
416.016000 0.029825
417.058000 0.028883
418.075000 0.024212
419.116000 0.024968
420.135000 0.021736
421.155000 0.036212
422.226000 0.037467
423.245000 0.037590
424.255000 0.036570
425.275000 0.047617
426.285000 0.051100
427.305000 0.069919
428.306000 0.043168
429.325000 0.050751
430.527000 0.050400
431.565000 0.061701
432.596000 0.073573
433.605000 0.053729
434.625000 0.042757
435.655000 0.064682
436.665000 0.072711
437.675000 0.077105
438.685000 0.090777
439.875000 0.075746
440.895000 0.091875
441.897000 0.103009
442.905000 0.093084
444.035000 0.093898
445.045000 0.107282
446.046000 0.121708
447.145000 0.101034
448.155000 0.125501
449.185000 0.085452
450.196000 0.133592
451.205000 0.095219
452.305000 0.118730
453.315000 0.120081
454.425000 0.063177
455.445000 0.119496
456.615000 0.082220
457.635000 0.094999
458.636000 0.110236
459.945000 0.080367
460.954000 0.107776
462.045000 0.075017
463.057000 0.093810
464.065000 0.070015
465.155000 0.054840
466.164000 0.069470
467.165000 0.100597
468.294000 0.094872
469.314000 0.113325
470.315000 0.077893
471.325000 0.121526
472.335000 0.118559
473.495000 0.086941
474.504000 0.104884
475.505000 0.099389
476.514000 0.087340
477.524000 0.129261
478.535000 0.090905
479.545000 0.081954
480.564000 0.064345
481.575000 0.079466
482.594000 0.072207
483.604000 0.071771
484.605000 0.057692
485.634000 0.054507
491.151000 0.001163
492.216000 0.001058
493.226000 0.082775
494.227000 0.163805
495.306000 0.149862
496.316000 0.195711
497.326000 0.157711
498.327000 0.151666
499.395000 0.141457
500.406000 0.146193
501.855000 0.125429
502.866000 0.193116
503.867000 0.180542
504.936000 0.150518
506.105000 0.162825
507.136000 0.149673
508.175000 0.079833
509.176000 0.187927
510.275000 0.155690
511.286000 0.213088
512.296000 0.197536
513.305000 0.142908
514.436000 0.155804
515.545000 0.162680
516.546000 0.195911
517.755000 0.153641
518.805000 0.126253
519.817000 0.185859
520.885000 0.108563
521.886000 0.173824
522.985000 0.137380
524.107000 0.132674
525.136000 0.211630
526.146000 0.222970
527.155000 0.187016
528.156000 0.179625
529.285000 0.140963
530.446000 0.183611
531.448000 0.176982
532.495000 0.168989
533.545000 0.190566
534.676000 0.185683
535.686000 0.175671
536.687000 0.199602
537.716000 0.132197
538.726000 0.176042
539.775000 0.151173
540.777000 0.157272
541.946000 0.155609
543.016000 0.175425
544.095000 0.179142
545.285000 0.164458
546.286000 0.142000
547.295000 0.158348
548.315000 0.104953
549.316000 0.137434
550.335000 0.080671
551.345000 0.112169
552.405000 0.127973
553.515000 0.189066
554.525000 0.193701
555.615000 0.142437
556.655000 0.133638
557.995000 0.046472
559.015000 0.092650
560.035000 0.059621
561.036000 0.076807
562.045000 0.073591
563.205000 0.096603
564.285000 0.061519
565.314000 0.123977
566.395000 0.161383
567.545000 0.195424
568.555000 0.229758
569.565000 0.170767
570.755000 0.181421
571.875000 0.178613
572.975000 0.186355
574.005000 0.211170
575.006000 0.212585
576.015000 0.210318
577.105000 0.164534
578.114000 0.148628
579.115000 0.031884
580.125000 0.039279
581.144000 0.042786
582.145000 0.126644
583.164000 0.085589
584.184000 0.080837
585.214000 0.045945
586.234000 0.028165
587.274000 0.026613
588.474000 0.078183
589.484000 0.081016
590.485000 0.069523
591.505000 0.057671
592.535000 0.058050
593.554000 0.043691
594.574000 0.050965
595.634000 0.052314
596.655000 0.019147
597.826000 0.050092
598.951000 0.106232
599.984000 0.147530
600.985000 0.167649
601.994000 0.143710
603.005000 0.124660
604.044000 0.090190
605.057000 0.040380
606.064000 0.100280
607.084000 0.055539
608.094000 0.064436
609.124000 0.100453
610.265000 0.088872
611.394000 0.114509
612.414000 0.037605
613.434000 0.023904
614.524000 0.150328
615.525000 0.206030
616.526000 0.206007
617.664000 0.204795
618.934000 0.155594
619.935000 0.164946
620.953000 0.151664
621.964000 0.102421
622.974000 0.094684
624.104000 0.113098
625.114000 0.096399
626.144000 0.052859
627.254000 0.040428
628.444000 0.095605
629.534000 0.133680
630.744000 0.131618
631.796000 0.159347
632.954000 0.137329
633.955000 0.169042
635.104000 0.187252
636.105000 0.193039
637.106000 0.236325
638.114000 0.218423
639.124000 0.132916
640.304000 0.169574
641.464000 0.151676
642.473000 0.160056
643.494000 0.153349
644.554000 0.167661
645.564000 0.171255
646.674000 0.148822
647.844000 0.174667
648.854000 0.215379
649.855000 0.155319
650.864000 0.144043
651.865000 0.193952
652.874000 0.143261
653.884000 0.161152
654.904000 0.159040
655.934000 0.175058
657.014000 0.152652
658.174000 0.173070
659.184000 0.179946
660.304000 0.146500
661.343000 0.181327
662.613000 0.157405
663.624000 0.168238
664.642000 0.191804
665.653000 0.143267
666.654000 0.186820
667.655000 0.143476
668.722000 0.158455
669.796000 0.197399
670.843000 0.176577
672.054000 0.185418
673.203000 0.203036
674.273000 0.164908
675.274000 0.200526
676.404000 0.200900
677.414000 0.215491
678.434000 0.220105
679.504000 0.171398
680.523000 0.192571
681.524000 0.163508
682.613000 0.116743
683.623000 0.204791
684.663000 0.157695
685.843000 0.191952
686.844000 0.216049
687.854000 0.241054
688.863000 0.168714
689.914000 0.197215
691.094000 0.161765
692.193000 0.171789
693.303000 0.175581
694.403000 0.185780
695.495000 0.209754
696.645000 0.195396
697.654000 0.197028
698.773000 0.148380
699.774000 0.162217
700.796000 0.179352
701.876000 0.113891
702.883000 0.129753
703.903000 0.061636
704.913000 0.066979
705.923000 0.074278
706.933000 0.105232
707.943000 0.092590
708.947000 0.144774
709.953000 0.203930
711.033000 0.124548
712.113000 0.151129
713.133000 0.134875
714.134000 0.137644
715.154000 0.154330
716.163000 0.160844
717.173000 0.134152
718.183000 0.125717
719.193000 0.125204
720.194000 0.109832
721.203000 0.105152
722.222000 0.097187
723.395000 0.125306
724.422000 0.118826
725.432000 0.067136
726.462000 0.061082
727.473000 0.054281
728.603000 0.062413
729.622000 0.092094
730.623000 0.096708
731.624000 0.132241
732.644000 0.104517
733.802000 0.130341
734.813000 0.129989
735.823000 0.148211
736.832000 0.154278
737.903000 0.138666
739.043000 0.127203
740.092000 0.133936
741.102000 0.125077
742.112000 0.102079
743.162000 0.093921
744.222000 0.064123
745.223000 0.129215
746.233000 0.120967
747.263000 0.094477
748.264000 0.120580
749.265000 0.146437
750.383000 0.128224
751.543000 0.142596
752.552000 0.117918
753.732000 0.120310
754.912000 0.112630
755.932000 0.074271
756.952000 0.071627
757.972000 0.092582
759.012000 0.109468
760.042000 0.064482
761.092000 0.038141
762.453000 0.002010
763.464000 0.050065
764.472000 0.023852
765.534000 0.034780
766.562000 0.019925
767.572000 0.033861
768.812000 0.020961
770.003000 0.010233
771.022000 0.051015
772.052000 0.024106
773.092000 0.024992
774.202000 0.019719
775.212000 0.029921
776.391000 0.056568
777.412000 0.037553
778.441000 0.028811
779.622000 0.057824
780.672000 0.045643
782.252000 0.024402
783.262000 0.088647
784.322000 0.055373
785.352000 0.085587
786.373000 0.075032
787.376000 0.029250
788.392000 0.036354
789.435000 0.079037
790.451000 0.085580
791.452000 0.091870
792.582000 0.117496
793.781000 0.107614
794.782000 0.086344
795.952000 0.107930
797.081000 0.135045
798.112000 0.155953
799.162000 0.158010
800.322000 0.119219
801.338000 0.130906
802.342000 0.203053
803.422000 0.178061
804.512000 0.168156
805.612000 0.130825
806.774000 0.201064
807.802000 0.198078
808.852000 0.200308
809.862000 0.222453
810.872000 0.159340
811.961000 0.198497
813.082000 0.163809
814.152000 0.185405
815.153000 0.199593
816.352000 0.193789
817.353000 0.236254
818.361000 0.207128
819.362000 0.167916
820.373000 0.200429
821.562000 0.158970
822.582000 0.155637
823.591000 0.149939
824.592000 0.149815
825.731000 0.122122
826.733000 0.133388
827.741000 0.121276
828.841000 0.109531
829.861000 0.110790
831.091000 0.097282
832.101000 0.133784
833.121000 0.134812
834.311000 0.127552
835.313000 0.135130
836.381000 0.114213
837.491000 0.123452
838.681000 0.128445
839.861000 0.111014
841.021000 0.108877
842.131000 0.112875
843.141000 0.145362
844.151000 0.154773
845.161000 0.100336
846.171000 0.123100
847.174000 0.114395
848.181000 0.140204
849.191000 0.138990
850.231000 0.106806
851.241000 0.136958
852.251000 0.088335
853.261000 0.083742
854.270000 0.098558
855.271000 0.086994
856.272000 0.116838
857.281000 0.164725
858.282000 0.276164
859.441000 0.213924
860.621000 0.231968
861.881000 0.229588
863.031000 0.186350
864.142000 0.240716
865.143000 0.217929
866.160000 0.128528
867.161000 0.178612
868.162000 0.168469
869.173000 0.155249
870.213000 0.163960
871.341000 0.158382
872.431000 0.152772
873.891000 0.108947
875.021000 0.138883
876.181000 0.140266
877.183000 0.156131
878.241000 0.125080
879.250000 0.144657
880.521000 0.081384
881.551000 0.141779
882.632000 0.195644
883.661000 0.194649
884.741000 0.188836
885.801000 0.198456
886.855000 0.132223
887.880000 0.119683
888.891000 0.147164
889.921000 0.160235
890.948000 0.221228
892.101000 0.203306
893.120000 0.167264
894.220000 0.088210
895.292000 0.124757
896.293000 0.168312
897.300000 0.128971
898.490000 0.151806
899.491000 0.190573
900.610000 0.165541
901.620000 0.083959
902.780000 0.139237
903.811000 0.178405
904.812000 0.254562
906.001000 0.159170
907.111000 0.162569
908.250000 0.160624
909.251000 0.158765
910.291000 0.131647
911.440000 0.165285
912.441000 0.141800
913.461000 0.141872
914.462000 0.121249
915.660000 0.109773
916.740000 0.110244
917.750000 0.133707
918.760000 0.112868
919.830000 0.110915
920.850000 0.121030
921.860000 0.096577
922.861000 0.099620
923.970000 0.094567
925.110000 0.115410
926.150000 0.112631
927.151000 0.107641
928.171000 0.087019
929.200000 0.070461
930.210000 0.110790
931.370000 0.117105
932.373000 0.176128
933.520000 0.129201
934.643000 0.171364
935.660000 0.192366
936.661000 0.187968
937.700000 0.075741
938.720000 0.160819
939.870000 0.142091
940.880000 0.075941
941.901000 0.029477
943.106000 0.013597
944.670000 0.012871
946.130000 0.004685
947.140000 0.147312
948.150000 0.108701
949.151000 0.089096
950.180000 0.088374
951.189000 0.078015
952.190000 0.068636
953.199000 0.089784
954.330000 0.103003
955.339000 0.111391
956.350000 0.120895
957.360000 0.122111
958.370000 0.106767
959.499000 0.085074
960.510000 0.091052
961.519000 0.120481
962.520000 0.128174
963.530000 0.137993
964.550000 0.081451
965.559000 0.131118
966.700000 0.071948
967.709000 0.087760
968.720000 0.091201
969.759000 0.108519
970.779000 0.091511
971.799000 0.057671
972.819000 0.040366
973.919000 0.036277
974.920000 0.103310
975.979000 0.096642
976.980000 0.161205
977.989000 0.128934
978.999000 0.164918
980.000000 0.148061
981.058000 0.210182
982.079000 0.140370
985.949000 0.024391
986.990000 0.003942
987.999000 0.024323
989.019000 0.064376
990.029000 0.141117
991.030000 0.108947
992.052000 0.017401
993.059000 0.057403
994.200000 0.037267
995.219000 0.073402
996.249000 0.049583
997.429000 0.050434
998.479000 0.037783
999.489000 0.060680
1000.959000 0.019176
1001.979000 0.064294
1003.029000 0.073822
1004.038000 0.107015
1005.119000 0.109572
1006.299000 0.152684
1007.459000 0.106344
1008.469000 0.139440
1009.590000 0.109849
1010.669000 0.132101
1011.679000 0.139553
1012.689000 0.163402
1013.729000 0.128292
1014.730000 0.205774
1015.899000 0.141477
1016.919000 0.127415
1017.929000 0.140740
1018.937000 0.170931
1019.939000 0.122502
1020.949000 0.169493
1021.968000 0.125662
1023.119000 0.133135
1024.128000 0.121705
1025.138000 0.113919
1026.148000 0.135892
1027.168000 0.128678
1028.219000 0.117539
1029.411000 0.133534
1030.419000 0.184882
1031.469000 0.150017
1032.470000 0.216012
1033.479000 0.228688
1034.499000 0.143436
1035.679000 0.195276
1036.808000 0.192386
1037.959000 0.212944
1039.099000 0.200025
1040.139000 0.210800
1041.149000 0.229540
1042.150000 0.184862
1043.158000 0.202517
1044.209000 0.157273
1045.211000 0.203066
1046.219000 0.165693
1047.288000 0.166181
1048.439000 0.180446
1049.518000 0.175012
1050.629000 0.169263
1051.690000 0.155099
1052.691000 0.174856
1053.698000 0.218253
1054.699000 0.236484
1055.700000 0.192414
1056.849000 0.155439
1057.979000 0.213025
1058.989000 0.249984
1060.039000 0.175017
1061.138000 0.196633
1062.168000 0.167030
1063.178000 0.110863
1064.188000 0.145589
1065.189000 0.131882
1066.198000 0.104555
1067.208000 0.096742
1068.238000 0.077831
1069.258000 0.032020
1070.418000 0.011793
1071.468000 0.087477
1072.479000 0.140421
1073.489000 0.138022
1074.498000 0.067270
1075.698000 0.068104
1076.769000 0.081875
1077.774000 0.059548
1078.938000 0.050898
1079.967000 0.049190
1080.988000 0.059833
1082.178000 0.089603
1083.202000 0.101965
1084.218000 0.088494
1085.368000 0.118646
1086.408000 0.116344
1087.537000 0.056899
1088.558000 0.030847
1089.818000 0.010857
1090.828000 0.062570
1091.898000 0.082118
1092.946000 0.093801
1093.957000 0.084944
1094.958000 0.100760
1095.968000 0.086190
1096.971000 0.068081
1097.972000 0.085680
1098.978000 0.077735
1100.048000 0.105311
1101.138000 0.113482
1102.148000 0.098396
1103.169000 0.079458
1104.170000 0.090982
1105.307000 0.096258
1106.308000 0.128154
1107.338000 0.110435
1108.369000 0.108141
1109.389000 0.107956
1110.397000 0.099810
1111.437000 0.097638
1112.438000 0.109547
1113.477000 0.078474
1114.527000 0.113021
1115.658000 0.152109
1116.897000 0.122604
1117.898000 0.089432
1119.027000 0.084633
1120.028000 0.071084
1121.247000 0.058336
1122.248000 0.089664
1123.268000 0.098682
1124.397000 0.084614
1125.467000 0.102542
1126.488000 0.105569
1127.517000 0.073682
1128.528000 0.062717
1129.537000 0.063234
1130.547000 0.058248
1131.647000 0.061236
1132.648000 0.095544
1133.657000 0.077798
1134.768000 0.097818
1135.777000 0.093198
1136.787000 0.070427
1137.797000 0.091026
1138.808000 0.064598
1139.857000 0.062111
1140.877000 0.090070
1141.896000 0.103916
1142.977000 0.097342
1144.008000 0.124058
1145.017000 0.119799
1146.028000 0.112111
1147.037000 0.108372
1148.127000 0.101383
1149.137000 0.113663
1150.247000 0.104014
1151.417000 0.117050
1152.427000 0.129896
1153.428000 0.121231
1154.436000 0.101985
1155.437000 0.118804
1156.457000 0.085430
1157.467000 0.125707
1158.476000 0.089438
1159.607000 0.121264
1160.649000 0.108467
1161.656000 0.114819
1162.707000 0.081719
1163.727000 0.091452
1164.737000 0.123445
1165.808000 0.084192
1166.817000 0.132315
1167.818000 0.114278
1168.837000 0.056989
1169.936000 0.039833
1170.937000 0.058849
1171.946000 0.113380
1173.007000 0.106951
1174.008000 0.123112
1175.016000 0.119157
1176.018000 0.108585
1177.027000 0.127666
1178.106000 0.122041
1179.166000 0.126088
1180.167000 0.135206
1181.187000 0.140616
1182.207000 0.147602
1183.208000 0.126686
1184.209000 0.124945
1185.357000 0.118607
1186.358000 0.139178
1187.736000 0.121128
1188.848000 0.108883
1189.906000 0.134825
1190.976000 0.118652
1192.137000 0.115912
1193.156000 0.134167
1194.217000 0.128585
1195.236000 0.131671
1196.237000 0.119827
1197.246000 0.114123
1198.286000 0.115326
1199.296000 0.105046
1200.297000 0.119561
1201.306000 0.132268
1202.316000 0.109577
1203.446000 0.092961
1204.506000 0.103972
1205.546000 0.061412
1206.547000 0.127267
1207.676000 0.108109
1208.836000 0.111098
1209.976000 0.123258
1210.996000 0.129302
1211.997000 0.136720
1213.006000 0.124357
1214.007000 0.142968
1215.066000 0.108122
1216.076000 0.159397
1217.077000 0.130529
1218.086000 0.128862
1219.096000 0.098625
1220.106000 0.094216
1221.316000 0.077474
1222.346000 0.097952
1223.436000 0.089844
1224.516000 0.169736
1225.527000 0.186277
1226.542000 0.205537
1227.646000 0.183041
1228.647000 0.170893
1229.648000 0.177929
1230.786000 0.155855
1231.788000 0.221470
1232.807000 0.159494
1233.926000 0.133949
1234.930000 0.203050
1236.026000 0.152964
1237.036000 0.146538
1238.076000 0.134313
1239.145000 0.140969
1240.255000 0.146385
1241.256000 0.132781
1242.266000 0.127296
1243.267000 0.106220
1244.286000 0.124929
1245.376000 0.133655
1246.436000 0.135663
1247.856000 0.098186
1248.916000 0.132835
1249.918000 0.145530
1250.926000 0.155018
1251.936000 0.171569
1253.015000 0.117360
1254.016000 0.137891
1255.056000 0.133571
1256.106000 0.128261
1257.115000 0.101635
1258.155000 0.058748
1259.315000 0.082284
1260.395000 0.101231
1261.397000 0.107558
1262.406000 0.076790
1263.565000 0.050239
1264.571000 0.050314
1265.595000 0.022331
1266.745000 0.032567
1267.755000 0.037962
1268.765000 0.036662
1269.775000 0.035216
1269.966000 0.028529
