0.000000 0.003931
1.305000 0.009434
2.756000 0.010811
3.786000 0.020799
4.796000 0.008127
6.247000 0.005657
7.356000 0.006168
8.487000 0.009676
9.546000 0.015501
10.566000 0.013412
11.636000 0.010228
12.656000 0.010729
13.676000 0.014753
14.726000 0.016937
15.746000 0.012071
16.827000 0.007593
17.887000 0.010325
19.096000 0.012447
20.097000 0.053299
21.108000 0.054125
22.161000 0.037675
23.457000 0.024297
25.077000 0.015200
26.086000 0.024404
27.998000 0.003577
29.057000 0.011626
30.136000 0.010143
31.256000 0.003664
32.307000 0.005206
33.446000 0.007206
34.596000 0.003569
35.676000 0.007600
36.756000 0.011400
37.976000 0.005607
39.066000 0.002510
40.396000 0.003086
41.446000 0.002606
42.456000 0.005895
43.566000 0.007829
44.699000 0.005680
46.056000 0.002371
48.186000 0.003211
49.256000 0.007671
50.356000 0.002487
51.476000 0.003664
52.586000 0.002465
53.976000 0.001968
54.988000 0.004055
56.006000 0.005375
57.286000 0.004463
58.426000 0.003600
59.445000 0.005370
60.626000 0.008115
61.746000 0.006107
63.076000 0.005143
64.135000 0.007751
65.146000 0.010825
66.426000 0.007481
67.726000 0.003157
69.175000 0.003184
70.186000 0.005412
71.216000 0.006641
72.276000 0.006453
73.496000 0.004485
82.521000 0.001815
83.524000 0.075246
84.565000 0.027357
85.585000 0.040235
86.596000 0.033320
87.606000 0.020317
88.636000 0.018594
90.536000 0.003735
91.596000 0.094710
92.606000 0.111080
93.726000 0.083169
94.735000 0.083843
95.736000 0.100560
96.753000 0.091183
97.795000 0.058032
98.895000 0.037973
100.327000 0.015285
101.355000 0.044491
102.366000 0.092712
103.387000 0.092517
104.395000 0.115857
105.435000 0.078569
106.455000 0.074558
107.475000 0.093140
108.476000 0.102005
109.486000 0.103534
110.495000 0.094398
111.498000 0.105276
112.786000 0.118586
113.796000 0.134256
114.805000 0.113887
115.816000 0.093413
116.827000 0.179829
117.906000 0.150874
119.136000 0.162393
120.145000 0.117954
121.175000 0.112051
122.195000 0.091200
123.206000 0.109040
124.215000 0.096262
125.375000 0.067510
126.385000 0.088040
127.395000 0.078558
128.425000 0.035218
129.435000 0.069077
130.446000 0.111166
131.455000 0.146278
132.456000 0.158862
133.466000 0.107519
134.486000 0.149846
135.487000 0.145272
136.495000 0.111990
137.496000 0.136163
138.497000 0.162401
139.635000 0.158566
140.645000 0.204424
141.775000 0.189927
142.785000 0.218067
143.795000 0.141144
144.807000 0.177431
145.815000 0.185485
146.835000 0.193758
147.845000 0.205877
148.857000 0.155472
149.867000 0.173087
150.975000 0.181785
151.976000 0.199528
152.985000 0.153924
154.000000 0.181992
155.005000 0.231403
156.015000 0.171102
157.024000 0.171898
158.025000 0.182646
159.045000 0.202337
160.115000 0.197129
161.116000 0.267860
162.117000 0.199531
163.126000 0.259345
164.128000 0.262066
165.146000 0.248529
166.154000 0.309429
167.165000 0.214754
168.166000 0.212995
169.175000 0.282006
170.176000 0.227755
171.186000 0.302044
172.187000 0.253664
173.196000 0.251262
174.427000 0.247818
175.445000 0.176810
176.495000 0.181160
177.505000 0.199105
178.574000 0.164968
179.584000 0.195042
180.585000 0.169463
181.595000 0.101081
182.596000 0.189962
183.604000 0.140397
184.605000 0.185862
185.624000 0.125395
186.634000 0.158471
187.635000 0.132563
188.644000 0.112028
189.646000 0.143939
190.665000 0.117632
191.666000 0.088831
192.676000 0.092233
193.824000 0.148883
194.854000 0.127503
195.865000 0.081616
197.066000 0.145020
198.174000 0.177903
199.175000 0.256927
200.184000 0.181923
201.474000 0.174480
202.475000 0.256927
203.485000 0.172888
204.494000 0.185503
205.498000 0.218581
206.504000 0.220172
207.505000 0.254194
208.514000 0.207310
209.515000 0.224538
210.524000 0.260313
211.526000 0.282611
212.527000 0.048436
213.534000 0.217358
214.535000 0.167074
215.544000 0.195235
216.546000 0.140059
217.554000 0.210357
218.564000 0.107467
219.566000 0.174754
220.594000 0.130182
221.611000 0.148110
222.614000 0.154122
223.624000 0.099822
224.644000 0.119365
225.665000 0.135326
226.667000 0.138115
227.783000 0.156086
228.784000 0.188595
229.794000 0.153203
230.795000 0.157005
231.804000 0.155477
232.806000 0.196599
233.822000 0.153852
234.860000 0.154627
235.864000 0.198932
236.874000 0.146293
237.895000 0.153977
238.905000 0.185744
239.906000 0.150690
240.924000 0.192165
241.934000 0.155362
242.943000 0.174898
243.944000 0.159896
245.074000 0.091254
246.084000 0.135446
247.094000 0.140863
248.104000 0.123255
249.113000 0.058422
250.133000 0.076447
251.173000 0.059192
252.253000 0.060192
253.254000 0.165420
255.497000 0.054669
256.504000 0.139925
257.509000 0.127891
258.514000 0.185546
259.606000 0.214710
260.694000 0.090297
261.704000 0.201569
262.705000 0.217275
263.713000 0.199431
264.724000 0.192168
265.763000 0.152731
266.873000 0.025881
267.883000 0.042673
268.893000 0.089394
269.903000 0.081267
271.654000 0.014063
272.703000 0.059989
273.733000 0.034532
274.743000 0.052358
275.793000 0.128629
276.925000 0.145947
277.985000 0.121313
278.993000 0.169805
280.174000 0.137826
281.175000 0.224470
282.184000 0.199185
283.195000 0.217236
284.203000 0.237106
285.413000 0.163155
287.065000 0.105995
288.133000 0.090909
289.354000 0.167157
290.355000 0.224185
291.363000 0.181518
292.373000 0.165226
293.374000 0.243261
294.383000 0.173851
295.393000 0.219422
296.394000 0.234453
297.395000 0.228825
298.404000 0.269804
299.424000 0.222132
300.434000 0.243570
301.435000 0.291093
302.443000 0.286357
303.453000 0.215741
304.473000 0.279238
305.474000 0.183899
306.483000 0.282006
307.484000 0.203043
308.533000 0.220195
309.535000 0.306126
310.543000 0.236784
311.556000 0.229655
312.563000 0.315649
313.573000 0.228662
314.574000 0.243274
315.633000 0.256362
316.635000 0.331847
317.637000 0.261889
318.643000 0.250708
319.645000 0.249640
320.653000 0.230642
321.654000 0.248710
322.914000 0.206610
323.923000 0.222571
324.924000 0.176819
325.932000 0.221434
326.933000 0.192047
327.934000 0.229661
328.973000 0.253310
330.143000 0.248493
331.153000 0.231841
332.154000 0.263760
333.163000 0.183814
334.164000 0.276060
335.165000 0.286993
336.166000 0.208051
337.173000 0.237736
338.183000 0.216994
339.192000 0.210149
340.202000 0.124307
341.204000 0.166729
342.207000 0.162327
343.213000 0.168620
344.233000 0.115341
345.243000 0.112763
346.252000 0.156071
347.302000 0.072860
348.312000 0.023026
349.322000 0.067723
350.332000 0.081267
351.353000 0.058354
352.392000 0.013167
353.412000 0.084494
354.482000 0.034520
355.503000 0.016078
356.512000 0.127571
357.513000 0.128570
358.552000 0.072416
359.562000 0.085903
360.572000 0.111065
361.592000 0.118139
362.612000 0.086374
363.632000 0.111318
364.652000 0.069831
365.672000 0.097906
366.682000 0.074177
367.684000 0.116048
368.712000 0.083519
369.722000 0.087222
370.742000 0.087241
371.761000 0.096603
372.772000 0.100871
373.782000 0.119569
374.792000 0.112457
375.812000 0.119144
376.822000 0.130432
377.832000 0.134983
378.842000 0.129394
380.202000 0.076159
381.352000 0.110630
382.372000 0.041951
383.382000 0.111065
384.411000 0.072998
385.432000 0.084411
386.562000 0.071472
387.591000 0.086414
388.822000 0.050083
389.832000 0.083976
390.842000 0.082920
391.862000 0.072566
393.032000 0.075138
394.052000 0.089859
395.191000 0.058264
396.201000 0.069077
397.222000 0.053595
398.232000 0.055300
399.242000 0.065014
400.251000 0.066281
401.263000 0.094327
402.392000 0.092852
403.393000 0.116164
404.412000 0.091151
405.431000 0.123509
406.433000 0.115290
407.532000 0.113597
408.542000 0.165244
409.543000 0.103960
410.772000 0.107517
411.781000 0.130157
412.891000 0.112639
413.892000 0.139397
414.922000 0.110780
415.923000 0.117753
416.931000 0.111519
417.961000 0.095720
418.971000 0.056397
420.000000 0.151913
421.004000 0.150676
422.012000 0.180770
423.082000 0.154196
424.151000 0.159923
425.152000 0.233694
426.162000 0.179066
427.163000 0.224128
428.171000 0.176655
429.261000 0.163728
430.271000 0.224840
431.291000 0.193450
432.292000 0.203732
433.293000 0.211760
434.371000 0.206824
435.391000 0.152894
436.393000 0.126970
437.431000 0.109026
438.461000 0.071720
439.481000 0.053647
440.491000 0.050115
441.492000 0.106169
442.641000 0.226476
443.651000 0.255992
444.661000 0.160754
445.691000 0.151848
446.692000 0.191329
447.701000 0.129659
448.702000 0.155796
449.711000 0.134794
450.871000 0.156347
452.101000 0.163596
453.331000 0.169677
454.491000 0.176133
455.752000 0.131267
456.762000 0.112515
457.771000 0.144951
458.901000 0.156757
459.993000 0.160567
461.091000 0.190877
462.141000 0.175976
463.151000 0.185560
464.161000 0.133335
465.201000 0.156095
466.211000 0.180143
467.212000 0.138730
468.221000 0.125539
469.251000 0.153377
470.261000 0.184206
471.271000 0.137312
472.280000 0.141348
473.290000 0.177434
474.301000 0.153947
475.303000 0.150066
476.510000 0.146256
477.520000 0.205877
478.521000 0.169826
479.530000 0.207437
480.540000 0.157016
481.541000 0.191928
482.550000 0.196899
483.721000 0.213396
484.722000 0.277427
485.730000 0.211203
486.811000 0.211011
487.821000 0.246310
488.831000 0.249028
489.840000 0.226042
490.853000 0.232999
491.861000 0.251136
492.862000 0.248816
493.871000 0.256203
494.881000 0.252050
496.131000 0.264034
497.133000 0.318108
498.140000 0.228965
499.141000 0.258614
500.143000 0.226301
501.151000 0.208409
502.231000 0.213677
503.251000 0.237388
504.260000 0.147041
505.380000 0.192572
506.391000 0.244914
507.393000 0.186599
508.491000 0.239632
509.492000 0.307493
510.501000 0.230735
511.511000 0.292562
512.512000 0.255560
513.530000 0.163716
514.540000 0.230257
515.560000 0.172664
516.570000 0.193879
517.580000 0.109064
518.581000 0.135297
519.590000 0.151715
520.610000 0.078891
521.620000 0.223707
522.630000 0.136035
523.639000 0.138291
524.640000 0.085601
525.650000 0.108356
526.660000 0.107202
527.661000 0.092931
528.970000 0.057479
529.979000 0.059076
530.980000 0.061499
531.998000 0.063221
533.009000 0.031122
534.161000 0.024938
535.170000 0.053510
536.171000 0.094298
537.229000 0.045604
538.240000 0.056831
539.250000 0.102939
540.259000 0.069100
541.271000 0.021628
542.280000 0.132602
543.281000 0.148014
544.290000 0.130179
545.299000 0.110395
546.310000 0.127713
547.319000 0.149508
548.350000 0.081071
549.351000 0.143341
550.449000 0.102576
551.500000 0.054668
552.519000 0.044302
553.529000 0.062305
554.530000 0.102995
555.539000 0.093628
556.540000 0.092165
557.569000 0.107634
558.571000 0.110254
559.590000 0.099597
560.759000 0.120226
561.880000 0.100068
562.909000 0.077108
563.919000 0.069967
564.959000 0.084185
565.969000 0.070432
566.979000 0.066205
568.009000 0.077850
569.019000 0.088040
570.039000 0.073193
571.050000 0.080213
572.139000 0.064066
573.149000 0.059890
574.169000 0.084494
575.179000 0.070968
576.189000 0.076565
577.349000 0.086059
578.569000 0.100884
579.599000 0.019922
580.629000 0.077033
581.638000 0.065898
582.639000 0.068905
583.699000 0.073521
584.708000 0.093550
585.929000 0.058944
586.938000 0.071743
587.939000 0.084731
589.069000 0.051465
590.099000 0.075705
591.109000 0.062384
592.119000 0.085331
593.129000 0.072224
594.139000 0.073807
595.199000 0.066054
596.279000 0.087058
597.488000 0.093535
598.609000 0.100263
599.619000 0.096549
600.628000 0.093117
601.629000 0.095664
602.664000 0.085262
603.668000 0.088050
604.799000 0.082071
605.809000 0.109711
606.828000 0.088860
608.199000 0.083756
609.208000 0.138291
610.229000 0.043749
611.278000 0.039123
612.309000 0.007961
647.391000 0.000312
1097.923000 0.000000
