0.000000 0.192762
30.566000 0.000536
35.537000 0.003296
36.700000 0.154593
37.717000 0.096850
38.721000 0.147155
39.728000 0.133132
40.740000 0.124925
41.753000 0.128292
42.760000 0.123623
43.772000 0.097889
44.784000 0.123012
46.016000 0.099909
47.044000 0.137394
48.045000 0.153063
49.057000 0.152751
50.065000 0.126778
51.076000 0.166433
52.085000 0.185744
53.088000 0.081037
54.117000 0.063813
61.628000 0.005642
68.420000 0.033926
69.428000 0.218500
70.441000 0.253094
71.448000 0.298868
72.453000 0.182965
73.460000 0.220075
74.484000 0.078039
75.488000 0.029976
76.520000 0.050372
77.672000 0.030875
78.680000 0.082786
79.688000 0.081429
80.700000 0.045960
81.720000 0.037553
82.729000 0.023611
83.740000 0.059537
84.741000 0.061499
85.760000 0.061755
86.780000 0.042918
87.781000 0.061499
88.920000 0.090578
89.928000 0.128929
90.941000 0.241730
91.960000 0.148232
92.968000 0.105857
93.969000 0.047832
95.088000 0.046456
96.100000 0.070292
97.108000 0.053492
98.129000 0.119248
99.140000 0.125840
100.148000 0.101786
101.161000 0.111297
102.168000 0.108679
103.189000 0.088431
104.200000 0.089306
105.201000 0.138597
106.220000 0.146332
107.280000 0.139917
108.288000 0.166929
109.301000 0.166105
110.308000 0.133696
111.320000 0.135178
112.321000 0.177662
113.332000 0.168348
114.341000 0.181677
115.360000 0.167026
116.361000 0.181762
117.368000 0.145923
118.369000 0.185862
119.381000 0.200261
120.400000 0.164339
121.409000 0.188456
122.420000 0.145348
123.428000 0.211714
124.568000 0.107298
125.572000 0.185307
126.573000 0.209095
127.580000 0.170375
128.581000 0.221395
129.600000 0.177766
130.601000 0.220028
131.620000 0.208644
132.728000 0.214108
133.729000 0.162629
134.741000 0.154103
158.579000 0.000687
180.649000 0.000742
208.680000 0.002023
209.693000 0.139096
210.701000 0.191357
211.713000 0.097889
212.720000 0.086943
213.721000 0.163996
214.733000 0.191162
215.736000 0.188219
216.740000 0.161347
217.753000 0.239029
218.760000 0.205696
219.775000 0.233627
220.780000 0.173437
221.785000 0.235487
222.793000 0.172921
223.801000 0.200857
224.813000 0.139233
225.832000 0.081107
226.833000 0.112064
227.840000 0.138566
228.852000 0.126277
229.853000 0.122997
230.880000 0.098571
231.892000 0.068941
232.893000 0.056032
233.900000 0.116036
234.921000 0.186424
235.940000 0.132122
236.952000 0.135178
237.960000 0.131643
239.080000 0.125093
240.085000 0.182400
241.092000 0.179321
242.100000 0.167492
243.113000 0.202567
244.121000 0.154073
245.144000 0.066862
246.152000 0.187286
247.160000 0.122706
248.181000 0.154084
249.192000 0.136665
250.201000 0.099536
251.212000 0.142077
252.220000 0.047500
253.237000 0.092814
272.810000 0.000837
290.996000 0.004095
292.001000 0.100728
293.096000 0.216132
294.108000 0.226308
295.184000 0.234461
296.188000 0.201657
297.208000 0.190447
298.216000 0.159349
299.237000 0.192940
300.249000 0.172237
301.256000 0.209208
302.277000 0.202876
303.289000 0.258190
304.476000 0.171046
305.496000 0.244651
306.504000 0.259214
307.509000 0.184326
308.516000 0.243170
309.525000 0.206644
310.529000 0.222096
311.536000 0.208413
312.537000 0.252827
313.549000 0.208735
314.636000 0.163606
315.649000 0.080237
316.737000 0.114419
317.749000 0.140585
318.856000 0.110497
319.868000 0.140585
320.876000 0.146571
321.925000 0.113998
322.944000 0.106057
323.964000 0.088518
324.977000 0.090480
326.096000 0.106868
327.097000 0.124364
328.136000 0.053983
329.144000 0.069214
330.209000 0.062941
331.217000 0.082786
333.776000 0.008775
334.777000 0.105231
335.789000 0.166269
336.928000 0.107392
337.956000 0.075852
338.969000 0.062120
339.976000 0.180679
340.977000 0.138597
341.984000 0.139925
342.988000 0.132167
343.996000 0.115921
345.008000 0.141937
346.016000 0.143857
347.036000 0.156133
348.048000 0.150047
349.056000 0.127571
350.057000 0.103065
351.069000 0.112198
352.076000 0.133132
353.084000 0.118635
354.096000 0.156806
355.105000 0.177610
356.124000 0.107957
357.144000 0.120706
358.156000 0.128419
359.176000 0.130651
360.184000 0.168286
361.197000 0.141797
362.204000 0.122828
363.216000 0.112198
364.237000 0.104509
386.565000 0.000734
471.528000 0.001504
472.584000 0.011489
473.589000 0.014754
474.725000 0.011877
475.728000 0.014784
477.108000 0.005861
478.448000 0.010060
487.685000 0.001774
488.784000 0.056233
489.888000 0.018467
490.948000 0.017662
494.244000 0.002045
495.424000 0.022847
496.584000 0.051131
497.628000 0.014203
498.829000 0.014591
499.869000 0.018146
500.884000 0.010625
501.924000 0.014258
505.188000 0.002478
506.704000 0.024770
507.724000 0.011894
508.944000 0.012154
509.964000 0.013216
510.965000 0.010773
511.968000 0.012096
513.025000 0.011478
514.125000 0.012255
515.164000 0.012974
516.265000 0.012243
517.285000 0.011894
523.248000 0.002261
524.328000 0.068648
525.384000 0.012765
526.464000 0.012481
527.508000 0.009038
528.528000 0.015859
529.584000 0.012765
530.604000 0.013216
531.784000 0.011424
532.864000 0.013730
533.944000 0.009985
539.824000 0.000459
541.284000 0.024005
556.684000 0.002438
557.945000 0.006414
559.008000 0.006341
560.344000 0.005045
561.468000 0.004797
562.485000 0.003976
563.784000 0.006226
565.044000 0.004279
566.089000 0.005160
567.244000 0.003501
568.324000 0.003938
569.584000 0.007489
570.624000 0.007777
571.644000 0.005286
573.008000 0.003953
574.009000 0.002693
575.449000 0.002808
576.624000 0.003442
578.105000 0.000910
580.368000 0.001787
591.632000 0.000239
592.816000 0.010247
593.832000 0.013268
594.872000 0.011112
595.976000 0.012732
597.116000 0.015817
601.036000 0.000688
602.396000 0.034482
604.561000 0.011127
605.612000 0.016674
606.616000 0.016112
607.637000 0.015843
608.696000 0.017821
609.756000 0.017804
613.533000 0.003569
615.012000 0.040912
616.092000 0.013730
617.172000 0.017474
618.197000 0.015781
619.472000 0.013744
620.672000 0.020220
621.776000 0.014652
622.952000 0.016048
624.212000 0.020327
625.232000 0.018502
629.292000 0.002324
630.297000 0.043007
631.316000 0.055560
632.356000 0.022035
633.376000 0.019824
634.412000 0.019517
635.433000 0.019804
637.036000 0.001682
670.093000 0.001299
671.216000 0.020406
672.236000 0.029075
673.357000 0.026455
674.397000 0.027219
675.433000 0.027324
676.440000 0.022757
680.197000 0.005023
681.856000 0.058597
682.892000 0.016876
683.896000 0.025510
684.897000 0.026933
686.852000 0.008964
687.918000 0.012657
688.977000 0.031641
690.136000 0.012794
691.217000 0.027434
692.312000 0.020928
693.332000 0.023788
694.476000 0.024745
695.592000 0.022950
696.612000 0.021145
701.832000 0.002066
702.853000 0.101661
704.013000 0.015107
705.016000 0.021503
706.113000 0.027034
708.061000 0.011764
709.413000 0.024784
710.641000 0.013183
711.732000 0.021005
712.773000 0.027193
713.792000 0.021166
714.836000 0.021950
715.856000 0.021145
716.985000 0.016730
718.036000 0.023131
723.392000 0.001762
724.512000 0.097489
725.896000 0.011688
726.932000 0.014313
728.116000 0.010247
729.212000 0.019679
730.232000 0.017180
732.613000 0.006881
746.056000 0.001174
747.196000 0.013007
748.277000 0.018705
749.356000 0.017490
750.460000 0.014652
751.496000 0.014313
752.580000 0.012435
753.720000 0.015372
754.756000 0.015614
755.760000 0.018797
756.796000 0.014313
757.880000 0.018653
763.260000 0.000964
764.277000 0.086564
765.360000 0.025946
766.456000 0.013529
767.516000 0.015260
768.556000 0.014258
769.676000 0.012036
772.600000 0.002305
773.620000 0.035494
774.901000 0.015809
775.916000 0.019921
776.981000 0.013923
778.017000 0.013012
779.056000 0.016866
780.061000 0.013413
781.116000 0.016610
782.200000 0.016166
783.316000 0.014495
784.356000 0.015554
790.140000 0.002797
791.176000 0.008552
792.256000 0.025496
793.316000 0.006358
794.320000 0.055048
795.616000 0.011441
796.696000 0.012481
798.017000 0.007143
799.360000 0.008030
800.800000 0.009361
801.920000 0.019257
803.040000 0.015646
804.240000 0.017973
805.400000 0.005645
806.416000 0.013294
807.418000 0.017506
808.560000 0.017706
809.636000 0.012528
810.761000 0.016775
811.876000 0.018135
812.965000 0.017330
814.020000 0.015333
815.021000 0.015584
820.636000 0.000960
821.681000 0.030611
823.096000 0.045439
824.116000 0.006608
825.296000 0.009139
826.556000 0.009629
827.680000 0.016790
828.840000 0.015107
829.860000 0.019824
830.880000 0.013216
831.944000 0.016501
832.977000 0.011744
833.996000 0.013229
856.521000 0.000410
857.660000 0.005917
858.760000 0.008578
859.960000 0.008994
861.220000 0.013919
862.404000 0.015939
863.480000 0.015033
864.541000 0.015246
865.556000 0.017265
866.576000 0.010573
867.600000 0.009215
868.965000 0.006913
870.100000 0.007126
