0.000000 0.108553
1.161000 0.358308
2.221000 0.203054
3.251000 0.167738
4.252000 0.192611
5.270000 0.192734
6.351000 0.143997
7.361000 0.214234
8.370000 0.219552
9.381000 0.210169
10.561000 0.215415
11.730000 0.208197
12.850000 0.200625
13.851000 0.200339
15.090000 0.124228
16.160000 0.134998
17.260000 0.118504
18.430000 0.053866
19.440000 0.124414
20.451000 0.154626
21.460000 0.108124
22.461000 0.103940
23.480000 0.136016
24.490000 0.092966
25.612000 0.091600
26.770000 0.108077
27.832000 0.125404
28.852000 0.131353
29.860000 0.147325
30.870000 0.132968
31.910000 0.121438
33.090000 0.132914
34.095000 0.148058
35.180000 0.178314
36.210000 0.175366
37.220000 0.153098
38.250000 0.147194
39.259000 0.046038
40.260000 0.082817
41.261000 0.123124
42.280000 0.126106
43.290000 0.107197
44.300000 0.140301
45.380000 0.178139
46.390000 0.174215
47.391000 0.180361
48.440000 0.136305
49.441000 0.110010
50.690000 0.087204
51.700000 0.112140
52.710000 0.119126
53.730000 0.115474
54.740000 0.162988
55.759000 0.115351
56.780000 0.134402
57.782000 0.204646
58.909000 0.117094
59.919000 0.154201
61.120000 0.086309
62.130000 0.136273
63.131000 0.159709
64.259000 0.099146
65.280000 0.082726
66.300000 0.045752
67.459000 0.107804
68.469000 0.132728
69.470000 0.114764
70.590000 0.097733
71.630000 0.121891
72.639000 0.120282
73.659000 0.126586
74.670000 0.100043
75.690000 0.053341
76.699000 0.064475
77.709000 0.059881
78.731000 0.026573
79.909000 0.102834
80.919000 0.139234
82.149000 0.102207
83.159000 0.128402
84.169000 0.132782
85.199000 0.101474
86.209000 0.137711
87.219000 0.098920
88.359000 0.111587
89.549000 0.119636
90.560000 0.145380
91.619000 0.120394
92.709000 0.114399
93.879000 0.125780
94.889000 0.130878
95.959000 0.135616
97.159000 0.133363
98.209000 0.124921
99.339000 0.105282
100.499000 0.129593
101.699000 0.145794
102.709000 0.132688
103.719000 0.139116
104.879000 0.123236
105.889000 0.142287
106.979000 0.099623
107.989000 0.099292
108.999000 0.100106
110.069000 0.091910
111.079000 0.090526
112.129000 0.050023
113.139000 0.085848
114.159000 0.131624
115.169000 0.104607
116.239000 0.112461
117.249000 0.146999
118.399000 0.110013
119.409000 0.143939
120.419000 0.137335
121.429000 0.106060
122.458000 0.105763
123.549000 0.109227
124.689000 0.108061
125.759000 0.102874
126.769000 0.123620
127.778000 0.170284
128.789000 0.103818
129.819000 0.105223
130.958000 0.078975
131.978000 0.078960
132.989000 0.075616
134.129000 0.064604
135.170000 0.082679
136.179000 0.118883
137.188000 0.093039
138.199000 0.082599
139.229000 0.101109
140.258000 0.048917
141.259000 0.063144
142.379000 0.076639
143.388000 0.075114
144.518000 0.084421
145.730000 0.094761
146.758000 0.101454
147.768000 0.087817
148.778000 0.049106
149.788000 0.024380
150.809000 0.010719
152.009000 0.098539
153.019000 0.158572
154.032000 0.155197
155.038000 0.140719
156.048000 0.133059
157.049000 0.139620
158.278000 0.133260
159.279000 0.134055
160.289000 0.126006
161.428000 0.063299
162.478000 0.114802
163.508000 0.083290
164.668000 0.077562
165.679000 0.134534
166.688000 0.131588
167.689000 0.152689
168.699000 0.150195
169.718000 0.103456
170.728000 0.121624
171.838000 0.059543
172.858000 0.057397
173.928000 0.083109
175.018000 0.146361
176.069000 0.152141
177.079000 0.164472
178.089000 0.160250
179.108000 0.050651
180.109000 0.164486
181.238000 0.121919
182.239000 0.163029
183.240000 0.168053
184.248000 0.179911
185.258000 0.164761
186.458000 0.125663
187.478000 0.119462
188.518000 0.118744
189.538000 0.086927
190.548000 0.085972
191.558000 0.048676
192.708000 0.057657
193.817000 0.060420
195.498000 0.038271
196.577000 0.021551
197.578000 0.077838
198.728000 0.069072
199.769000 0.055193
200.777000 0.066844
201.808000 0.054195
202.817000 0.082241
203.827000 0.099390
204.847000 0.026102
205.848000 0.114418
206.858000 0.105854
207.868000 0.133302
208.877000 0.086716
209.988000 0.084045
210.989000 0.087438
212.080000 0.073584
213.088000 0.100806
214.107000 0.075602
215.108000 0.068113
216.127000 0.058064
217.138000 0.096984
218.148000 0.117056
219.209000 0.106610
220.218000 0.135467
221.237000 0.068584
222.277000 0.030670
223.297000 0.054988
224.307000 0.057014
225.317000 0.087829
226.318000 0.132659
227.328000 0.134461
228.337000 0.085419
229.348000 0.138130
230.368000 0.109475
231.369000 0.104534
232.387000 0.119573
233.397000 0.068611
234.437000 0.047354
235.447000 0.043217
236.587000 0.077160
237.787000 0.063583
238.797000 0.064936
239.817000 0.072668
240.837000 0.071494
241.847000 0.076597
242.857000 0.077345
243.877000 0.077713
244.897000 0.060866
245.907000 0.070754
246.917000 0.079479
247.927000 0.074024
248.937000 0.051921
249.947000 0.064119
250.957000 0.082303
252.197000 0.067852
253.237000 0.070357
254.247000 0.080164
255.257000 0.074706
256.277000 0.081537
257.457000 0.067664
258.547000 0.060339
259.577000 0.063751
260.597000 0.050082
261.607000 0.021542
262.647000 0.065248
263.657000 0.071775
264.667000 0.060828
265.680000 0.090759
266.687000 0.074508
267.807000 0.067021
268.817000 0.079116
269.826000 0.092748
270.836000 0.088564
271.847000 0.087571
273.017000 0.080384
274.029000 0.093158
275.066000 0.064548
276.076000 0.064289
277.096000 0.056887
278.116000 0.076029
279.127000 0.090722
280.156000 0.053178
281.168000 0.009462
282.177000 0.076154
283.187000 0.072501
284.188000 0.112630
285.196000 0.145321
286.197000 0.144021
287.199000 0.098839
288.207000 0.143308
289.217000 0.091465
290.237000 0.093132
291.246000 0.123652
292.266000 0.077573
293.356000 0.071548
294.366000 0.079958
295.367000 0.051645
296.426000 0.053414
297.456000 0.038058
298.477000 0.016078
299.487000 0.067638
300.516000 0.043888
301.536000 0.033529
302.547000 0.045937
303.568000 0.034754
305.537000 0.012506
306.556000 0.063402
307.566000 0.101884
308.747000 0.084081
309.756000 0.148108
310.817000 0.088516
311.826000 0.160349
312.836000 0.113519
313.966000 0.130981
314.976000 0.120567
316.166000 0.089001
317.216000 0.090363
318.226000 0.052824
321.916000 0.012122
322.925000 0.087811
323.928000 0.094384
325.376000 0.040521
326.566000 0.060179
327.568000 0.157032
328.576000 0.153973
329.796000 0.104896
330.816000 0.134909
331.856000 0.121625
332.866000 0.068054
333.876000 0.096999
334.986000 0.105600
335.987000 0.115752
336.996000 0.138319
338.006000 0.121772
339.026000 0.081785
340.030000 0.106135
341.116000 0.110250
342.177000 0.143416
343.736000 0.082290
344.816000 0.065618
345.826000 0.074880
346.896000 0.049628
347.905000 0.001356
348.926000 0.095490
349.949000 0.055750
351.026000 0.052968
352.207000 0.057598
353.276000 0.062612
354.295000 0.094003
355.296000 0.126947
356.305000 0.215507
357.516000 0.141376
358.526000 0.100510
359.645000 0.091759
360.646000 0.190190
361.805000 0.140456
362.807000 0.182374
363.808000 0.127546
364.815000 0.162082
365.816000 0.141122
366.946000 0.139727
367.955000 0.225957
369.016000 0.143523
370.085000 0.171929
372.355000 0.025064
373.425000 0.052357
374.605000 0.085770
375.625000 0.129571
376.753000 0.098566
377.755000 0.094913
378.765000 0.068302
379.795000 0.043256
380.816000 0.050915
381.835000 0.057355
382.875000 0.061209
383.885000 0.073141
384.915000 0.055413
385.935000 0.048046
387.085000 0.030377
388.135000 0.031269
389.145000 0.029798
390.155000 0.059511
391.165000 0.037399
392.177000 0.035952
393.215000 0.044809
394.224000 0.042618
395.235000 0.069077
396.325000 0.069172
397.366000 0.100540
398.367000 0.125263
399.375000 0.173409
400.385000 0.139143
401.575000 0.112629
402.765000 0.133749
403.775000 0.155309
404.795000 0.194056
405.805000 0.117867
407.022000 0.106632
408.025000 0.166465
409.042000 0.135914
410.177000 0.136024
411.184000 0.157204
412.185000 0.151708
413.195000 0.127914
414.205000 0.095190
415.215000 0.087116
416.345000 0.091790
417.346000 0.147326
418.354000 0.076041
419.365000 0.100637
420.385000 0.094875
421.605000 0.069599
422.615000 0.086693
423.624000 0.075925
424.645000 0.053152
425.755000 0.049063
426.764000 0.039318
429.572000 0.005835
430.574000 0.059004
431.598000 0.028055
451.884000 0.000539
453.785000 0.001440
454.984000 0.001141
456.884000 0.001440
477.864000 0.000130
478.873000 0.041551
479.874000 0.094450
480.884000 0.129071
481.894000 0.100479
482.914000 0.108466
483.934000 0.104121
484.963000 0.130755
485.974000 0.076104
486.983000 0.113671
487.984000 0.138409
489.074000 0.147869
490.255000 0.107271
491.384000 0.163989
492.394000 0.144112
493.404000 0.172592
494.405000 0.165573
495.504000 0.144300
496.534000 0.163803
497.535000 0.214140
498.684000 0.135235
499.703000 0.112099
500.713000 0.074069
501.743000 0.070146
502.753000 0.086703
503.773000 0.122721
504.776000 0.155666
505.783000 0.190295
506.784000 0.191444
507.794000 0.207645
508.874000 0.190169
509.883000 0.177122
510.903000 0.145610
512.064000 0.167462
513.074000 0.200724
514.083000 0.184197
515.244000 0.119257
516.273000 0.187846
517.294000 0.167064
518.454000 0.133589
519.455000 0.125820
520.563000 0.122208
521.573000 0.124019
522.583000 0.161303
523.603000 0.131024
524.673000 0.190789
525.684000 0.210801
526.685000 0.164989
527.715000 0.111822
528.716000 0.196048
529.903000 0.183169
530.904000 0.204287
531.905000 0.208727
532.913000 0.207464
533.924000 0.229530
535.093000 0.233313
536.104000 0.219171
537.253000 0.229111
538.263000 0.265322
539.264000 0.235226
540.273000 0.289163
541.443000 0.213684
542.483000 0.235283
543.485000 0.287553
544.493000 0.289964
545.554000 0.212240
546.695000 0.216403
547.855000 0.264254
548.973000 0.236309
550.124000 0.252716
551.135000 0.258826
552.243000 0.268064
553.253000 0.270632
554.403000 0.225635
555.504000 0.283188
556.543000 0.258669
557.623000 0.222611
558.653000 0.215504
559.664000 0.132566
560.684000 0.153599
561.884000 0.140288
562.933000 0.150515
563.943000 0.190353
565.092000 0.163838
566.093000 0.220454
567.095000 0.246736
568.096000 0.309880
569.224000 0.248654
570.322000 0.233375
571.464000 0.206266
572.465000 0.267761
573.466000 0.268863
574.583000 0.211106
575.593000 0.279541
576.744000 0.202641
577.833000 0.190202
578.903000 0.186750
580.053000 0.211424
581.183000 0.197605
582.352000 0.197104
583.363000 0.239127
584.522000 0.179013
585.523000 0.217215
586.633000 0.163567
587.672000 0.192400
588.714000 0.215687
589.716000 0.283071
590.722000 0.195939
591.723000 0.123141
592.724000 0.132124
593.863000 0.167887
594.972000 0.175119
596.154000 0.199699
597.164000 0.228446
598.262000 0.207588
599.263000 0.295404
600.264000 0.232690
601.393000 0.252601
602.403000 0.258784
603.583000 0.241444
604.752000 0.209560
605.842000 0.281056
606.852000 0.268957
607.854000 0.242144
608.963000 0.234176
610.133000 0.246533
611.281000 0.217196
612.283000 0.245003
613.413000 0.192627
614.414000 0.256446
615.508000 0.171389
616.512000 0.228928
617.514000 0.179943
618.515000 0.198328
619.634000 0.181597
620.642000 0.196632
621.722000 0.189030
622.832000 0.194789
623.891000 0.208382
624.932000 0.155422
626.092000 0.173725
627.252000 0.186954
628.452000 0.170698
629.552000 0.181184
630.553000 0.212685
631.732000 0.211656
632.752000 0.216291
633.802000 0.212042
634.812000 0.171708
635.814000 0.160869
636.851000 0.144602
637.852000 0.128339
638.871000 0.117016
640.031000 0.137714
641.032000 0.171347
642.102000 0.089816
643.111000 0.091680
644.112000 0.062349
645.361000 0.057139
646.392000 0.084188
647.411000 0.069960
648.421000 0.096123
649.471000 0.078216
650.472000 0.039765
651.481000 0.086238
652.561000 0.109503
653.571000 0.104647
654.581000 0.035344
655.631000 0.045592
656.861000 0.055260
657.862000 0.101882
658.981000 0.145433
659.991000 0.166099
661.001000 0.131400
662.061000 0.126437
663.062000 0.147515
664.101000 0.120460
665.111000 0.155227
666.131000 0.126748
667.132000 0.145812
668.141000 0.145463
669.161000 0.084989
670.311000 0.109231
671.321000 0.132161
672.521000 0.070562
673.541000 0.095406
674.581000 0.088250
675.601000 0.080139
676.781000 0.079519
677.911000 0.125437
678.912000 0.099635
679.921000 0.136092
680.961000 0.100038
682.022000 0.113657
683.201000 0.104687
684.321000 0.119766
685.331000 0.135878
686.411000 0.125468
687.601000 0.120800
688.602000 0.129563
689.621000 0.108118
690.651000 0.152853
691.671000 0.094592
692.680000 0.108133
693.681000 0.071370
694.691000 0.110942
695.711000 0.139637
696.901000 0.070071
697.920000 0.073329
698.941000 0.072964
699.961000 0.057718
700.991000 0.036515
702.061000 0.068750
703.070000 0.059655
704.080000 0.047849
705.101000 0.057560
706.141000 0.062580
707.260000 0.060211
708.261000 0.071592
709.291000 0.055548
710.300000 0.038642
711.320000 0.035055
712.330000 0.065014
713.370000 0.044070
714.550000 0.031797
715.580000 0.045157
716.600000 0.029061
717.620000 0.063783
718.661000 0.088940
719.871000 0.118071
720.880000 0.146607
721.910000 0.135588
722.911000 0.156268
723.912000 0.148794
724.991000 0.123851
726.000000 0.156281
727.002000 0.161550
728.010000 0.170805
729.080000 0.158543
730.081000 0.153270
731.091000 0.128660
732.191000 0.120256
733.200000 0.141312
734.201000 0.124700
735.210000 0.117383
736.340000 0.113804
737.350000 0.128891
738.360000 0.152157
739.361000 0.143300
740.520000 0.122528
741.521000 0.133486
742.530000 0.121149
743.531000 0.135108
744.540000 0.138197
745.541000 0.129652
746.550000 0.135478
747.740000 0.104234
748.900000 0.106080
750.035000 0.116026
751.190000 0.127226
752.200000 0.139669
753.210000 0.095369
754.230000 0.107726
755.249000 0.109530
756.250000 0.127493
757.260000 0.107411
758.270000 0.115289
759.430000 0.091803
760.440000 0.095778
761.630000 0.107014
762.631000 0.119273
763.677000 0.073336
764.680000 0.084317
765.690000 0.105540
766.710000 0.102086
767.711000 0.060076
768.720000 0.051871
769.730000 0.075615
770.779000 0.081528
771.790000 0.128319
772.860000 0.096954
773.870000 0.097733
774.889000 0.099375
776.069000 0.092808
777.080000 0.124515
778.089000 0.137208
779.100000 0.109628
780.101000 0.119803
781.109000 0.109589
782.190000 0.084685
783.399000 0.059091
784.400000 0.081594
785.409000 0.094906
786.410000 0.052867
787.429000 0.064868
788.439000 0.080795
789.450000 0.063086
790.460000 0.103929
791.469000 0.078827
792.609000 0.077354
793.629000 0.137559
794.750000 0.118087
795.759000 0.151737
796.769000 0.119561
797.770000 0.146108
798.859000 0.114613
799.860000 0.127462
800.869000 0.130919
801.870000 0.127536
802.871000 0.110766
803.909000 0.079902
804.919000 0.088610
805.920000 0.112988
807.109000 0.136711
808.119000 0.138019
809.249000 0.127158
810.259000 0.155640
811.260000 0.122642
812.279000 0.137113
813.289000 0.137847
814.300000 0.152973
815.319000 0.149302
816.419000 0.079878
817.490000 0.128164
818.500000 0.164269
819.509000 0.141336
820.519000 0.104328
821.549000 0.073227
822.599000 0.085989
823.659000 0.066879
824.668000 0.087743
825.679000 0.089816
826.689000 0.112141
827.690000 0.119145
828.699000 0.110605
829.709000 0.112935
830.859000 0.098337
831.969000 0.102323
832.989000 0.090195
834.349000 0.055296
835.539000 0.076950
836.549000 0.088508
837.729000 0.110956
838.809000 0.132300
839.910000 0.098615
841.109000 0.102733
842.118000 0.104380
843.119000 0.129296
844.129000 0.071676
845.149000 0.077393
846.168000 0.059458
847.179000 0.080556
848.188000 0.083702
849.189000 0.104148
850.269000 0.089169
851.278000 0.082349
852.279000 0.045146
853.309000 0.045157
854.318000 0.022209
855.388000 0.019178
856.408000 0.024804
857.448000 0.053931
858.478000 0.048400
859.498000 0.050586
860.518000 0.028938
861.688000 0.051246
862.738000 0.059931
863.748000 0.065479
864.758000 0.066820
865.919000 0.087469
866.929000 0.107561
867.939000 0.086253
868.948000 0.113894
869.968000 0.080177
870.979000 0.122232
871.998000 0.095774
873.199000 0.090808
874.218000 0.069192
875.235000 0.096389
876.238000 0.090049
877.239000 0.092066
878.251000 0.074015
879.268000 0.087759
880.278000 0.051472
881.279000 0.086509
882.478000 0.071760
883.488000 0.092705
884.498000 0.062601
885.518000 0.035056
886.548000 0.059816
887.558000 0.081266
888.578000 0.061212
889.598000 0.073429
890.788000 0.050446
891.798000 0.104293
892.808000 0.102663
893.828000 0.063646
894.848000 0.064376
895.868000 0.061485
896.898000 0.051806
897.908000 0.065014
898.918000 0.049417
899.928000 0.036006
900.948000 0.049624
901.958000 0.058575
902.968000 0.052777
903.978000 0.041988
904.987000 0.052160
905.988000 0.083365
907.008000 0.048541
908.018000 0.057992
909.057000 0.061372
910.168000 0.046921
911.238000 0.025344
912.317000 0.048683
913.397000 0.063494
914.398000 0.070191
915.408000 0.113004
916.418000 0.095941
917.627000 0.094687
918.638000 0.090332
919.678000 0.047053
920.687000 0.078622
921.698000 0.074421
922.708000 0.040978
923.937000 0.048079
924.947000 0.051469
925.968000 0.041167
926.997000 0.042209
928.008000 0.039973
929.088000 0.048416
930.098000 0.056567
931.138000 0.070386
932.147000 0.095167
933.160000 0.068825
934.168000 0.054502
935.181000 0.040333
936.217000 0.031691
937.247000 0.024544
938.278000 0.033172
939.288000 0.026654
940.337000 0.037819
941.347000 0.028444
942.357000 0.029088
943.417000 0.037426
944.457000 0.023682
945.497000 0.023444
946.528000 0.033172
947.548000 0.026101
948.572000 0.030727
949.697000 0.020368
950.707000 0.041988
951.737000 0.065466
952.738000 0.087278
953.969000 0.067553
955.087000 0.061181
956.127000 0.038205
957.177000 0.027360
958.187000 0.026867
959.197000 0.037925
960.207000 0.024428
961.257000 0.036480
962.267000 0.033450
963.277000 0.048760
964.287000 0.036176
965.317000 0.052613
966.557000 0.047876
967.577000 0.037553
968.698000 0.030178
969.767000 0.026874
970.847000 0.022800
971.877000 0.025767
972.987000 0.029578
974.007000 0.018776
975.087000 0.016342
976.257000 0.127155
977.407000 0.137118
978.427000 0.104068
979.567000 0.086175
980.577000 0.112708
981.608000 0.122824
982.797000 0.087389
983.807000 0.093567
984.827000 0.129034
985.837000 0.131890
986.838000 0.123419
987.927000 0.134118
988.928000 0.163914
989.957000 0.125217
990.976000 0.073460
992.006000 0.019922
993.036000 0.030548
994.217000 0.036204
995.227000 0.123368
996.238000 0.069924
997.406000 0.072423
998.543000 0.114789
999.557000 0.122343
1000.617000 0.086271
1001.626000 0.150061
1002.627000 0.169945
1003.676000 0.129557
1004.687000 0.113397
1005.688000 0.092029
1006.716000 0.106220
1007.737000 0.072887
1008.746000 0.064800
1009.776000 0.076172
1010.866000 0.062125
1011.886000 0.072184
1012.887000 0.068943
1013.896000 0.077983
1015.436000 0.061679
1016.546000 0.061255
1017.566000 0.073697
1018.576000 0.092489
1019.586000 0.124152
1020.596000 0.094815
1021.597000 0.125466
1022.606000 0.127376
1023.607000 0.158157
1024.627000 0.107478
1025.676000 0.127352
1026.756000 0.093477
1027.796000 0.070795
1028.816000 0.040639
1029.826000 0.064040
1030.836000 0.071953
1031.837000 0.103138
1032.966000 0.080371
1033.976000 0.098450
1035.006000 0.085346
1036.016000 0.084981
1037.215000 0.066972
1038.216000 0.112361
1039.226000 0.156072
1040.386000 0.142867
1041.396000 0.146364
1042.406000 0.140067
1043.566000 0.138782
1044.586000 0.138851
1045.596000 0.156961
1046.606000 0.171123
1047.696000 0.107920
1048.701000 0.093867
1049.786000 0.140213
1050.946000 0.131327
1051.966000 0.130535
1052.976000 0.126608
1054.096000 0.174238
1055.106000 0.188612
1056.286000 0.166960
1057.476000 0.149587
1058.696000 0.161767
1059.706000 0.191188
1060.716000 0.152036
1061.916000 0.165548
1062.926000 0.187916
1064.135000 0.111390
1065.136000 0.108678
1066.336000 0.145916
1067.345000 0.203297
1068.347000 0.111906
1069.356000 0.159119
1070.376000 0.178875
1071.386000 0.109185
1072.395000 0.075267
1073.407000 0.091017
1074.425000 0.102073
1075.515000 0.098366
1076.526000 0.115809
1077.706000 0.138402
1078.846000 0.140471
1079.966000 0.141881
1081.035000 0.139592
1082.046000 0.133907
1083.055000 0.100277
1084.066000 0.111611
1085.075000 0.134551
1086.085000 0.101836
1087.095000 0.109554
1088.125000 0.094863
1089.160000 0.073324
1090.165000 0.082733
1091.265000 0.084805
1092.275000 0.081196
1093.287000 0.097648
1094.295000 0.125239
1095.296000 0.118542
1096.345000 0.084566
1097.355000 0.134042
1098.365000 0.070333
1099.595000 0.058965
1100.885000 0.066093
1101.915000 0.046485
1102.945000 0.042501
1103.965000 0.011700
1104.995000 0.051798
1106.015000 0.030540
1108.155000 0.026828
1109.165000 0.035251
1110.215000 0.018843
1111.435000 0.053807
1112.445000 0.073084
1113.465000 0.070004
1114.475000 0.105879
1115.485000 0.121789
1116.515000 0.041049
1117.525000 0.058065
1118.554000 0.046170
1119.575000 0.055785
1120.614000 0.052535
1121.665000 0.052065
1122.675000 0.050136
1123.705000 0.050064
1124.724000 0.038959
1125.725000 0.041197
1126.745000 0.029506
1127.765000 0.026206
1128.814000 0.022170
1129.825000 0.040365
1130.834000 0.039318
1131.855000 0.032527
1132.885000 0.031957
1133.964000 0.016482
1135.024000 0.016777
1136.040000 0.020197
1137.044000 0.019956
1138.245000 0.034836
1139.264000 0.054666
1140.404000 0.048689
1141.454000 0.039086
1142.465000 0.034375
1143.474000 0.069146
1144.494000 0.045063
1145.594000 0.038271
1146.614000 0.026824
1147.634000 0.028165
1148.654000 0.024725
1149.664000 0.029798
1150.684000 0.047899
1151.724000 0.064884
1152.744000 0.047175
1153.764000 0.077109
1154.775000 0.116673
1155.785000 0.068565
1156.944000 0.085081
1157.954000 0.084924
1158.964000 0.104160
1160.074000 0.057614
1161.084000 0.068468
1162.154000 0.060090
1163.165000 0.035699
1164.184000 0.026612
1165.214000 0.027891
1166.234000 0.018776
1167.264000 0.013652
1168.304000 0.042092
1169.314000 0.025171
1170.323000 0.029828
1171.324000 0.020500
1172.424000 0.012983
1173.454000 0.022579
1174.514000 0.027102
1186.368000 0.000705
1187.437000 0.098225
1188.617000 0.139805
1189.627000 0.131893
1190.927000 0.103295
1191.937000 0.119297
1192.977000 0.088413
1193.978000 0.132549
1194.997000 0.117120
1196.006000 0.144956
1197.007000 0.144785
1198.016000 0.129642
1199.017000 0.138305
1200.307000 0.106436
1201.347000 0.152009
1202.356000 0.144962
1203.367000 0.135984
1204.368000 0.093246
1205.377000 0.097596
1206.387000 0.124518
1207.397000 0.132571
1208.606000 0.127510
1209.656000 0.131248
1210.837000 0.119180
1211.956000 0.110905
1213.107000 0.121405
1214.120000 0.130901
1215.296000 0.077588
1216.586000 0.053882
1217.656000 0.062886
1218.666000 0.128438
1219.676000 0.157463
1220.686000 0.130102
1221.696000 0.112126
1222.697000 0.162886
1223.707000 0.113893
1224.786000 0.112163
1225.787000 0.162110
1226.796000 0.114581
1227.816000 0.143004
1228.916000 0.110621
1229.946000 0.106364
1231.046000 0.102973
1232.086000 0.113825
1233.246000 0.119303
1234.286000 0.129248
1235.316000 0.128432
1236.546000 0.108921
1237.666000 0.129282
1238.676000 0.134018
1239.677000 0.130786
1240.696000 0.132135
1241.706000 0.135051
1242.836000 0.101285
1243.846000 0.130213
1244.856000 0.134515
1245.866000 0.122520
1246.876000 0.139718
1247.886000 0.149418
1248.896000 0.137693
1249.897000 0.095494
1251.086000 0.111495
1252.096000 0.114206
1253.106000 0.153765
1254.326000 0.130857
1255.546000 0.133483
1256.064000 0.171097
