0.000000 0.209095
1.009000 0.231049
2.010000 0.356691
3.019000 0.285280
4.020000 0.245195
5.029000 0.298276
6.030000 0.309427
7.049000 0.248919
8.050000 0.298494
9.051000 0.299293
10.059000 0.282849
11.061000 0.294100
12.068000 0.308941
13.069000 0.177662
14.079000 0.276871
15.080000 0.343025
16.089000 0.277146
17.099000 0.190186
18.109000 0.284436
19.110000 0.258861
20.119000 0.296127
21.126000 0.275774
22.129000 0.292443
23.130000 0.280727
24.140000 0.320214
25.149000 0.328103
26.159000 0.306669
27.169000 0.251137
28.170000 0.308859
29.179000 0.251386
30.189000 0.253846
31.190000 0.282893
32.209000 0.263683
33.210000 0.305330
34.219000 0.285280
35.230000 0.316629
36.249000 0.298591
37.259000 0.295834
38.260000 0.308060
39.268000 0.309429
40.269000 0.265694
41.274000 0.297305
42.289000 0.320772
43.300000 0.290129
44.309000 0.323243
45.310000 0.258861
46.319000 0.290141
47.321000 0.325501
48.339000 0.320385
49.340000 0.290294
50.348000 0.290429
51.349000 0.227429
52.359000 0.268745
53.360000 0.300659
54.369000 0.270367
55.378000 0.243251
56.379000 0.240527
57.389000 0.167160
58.399000 0.204523
59.408000 0.195798
60.409000 0.256927
61.410000 0.224695
62.418000 0.290429
63.429000 0.315838
64.439000 0.332404
65.459000 0.322439
66.469000 0.331050
67.478000 0.342561
68.479000 0.293487
69.480000 0.312160
70.488000 0.309992
71.489000 0.312160
72.498000 0.314857
73.499000 0.280727
74.508000 0.279857
75.509000 0.302026
76.519000 0.291770
77.528000 0.328666
78.529000 0.331293
79.530000 0.318993
80.539000 0.310478
81.548000 0.285280
82.549000 0.291660
83.558000 0.295564
84.559000 0.277994
85.568000 0.269012
86.569000 0.266494
87.578000 0.256809
88.588000 0.209149
89.598000 0.232966
90.599000 0.242462
91.600000 0.261027
92.608000 0.261135
93.618000 0.310733
94.619000 0.306693
95.628000 0.307766
96.638000 0.282289
97.648000 0.245719
98.658000 0.280372
99.668000 0.184768
100.669000 0.270593
101.678000 0.258165
102.688000 0.284998
103.689000 0.274693
104.698000 0.245962
105.708000 0.224048
106.709000 0.270593
107.718000 0.277146
108.769000 0.234832
109.778000 0.258957
110.779000 0.238362
111.788000 0.260313
112.798000 0.232174
113.808000 0.255200
114.818000 0.276309
115.828000 0.160388
116.838000 0.151699
117.848000 0.157117
118.858000 0.115691
119.868000 0.215358
120.878000 0.182058
121.889000 0.315276
122.898000 0.255453
123.900000 0.258603
124.908000 0.285000
125.928000 0.243310
126.938000 0.253846
127.948000 0.251929
128.958000 0.257909
129.959000 0.271161
130.967000 0.278214
131.968000 0.231528
132.978000 0.253283
133.988000 0.241655
134.998000 0.241655
136.008000 0.261410
137.028000 0.240627
138.067000 0.245444
139.078000 0.251680
140.079000 0.200096
141.087000 0.203571
142.097000 0.167160
143.098000 0.195429
144.107000 0.205288
145.108000 0.210462
146.109000 0.215129
147.123000 0.233396
148.128000 0.215634
149.138000 0.250574
150.148000 0.222693
151.149000 0.229594
152.158000 0.213423
153.177000 0.233823
154.188000 0.194039
155.199000 0.201614
156.207000 0.106439
157.228000 0.148725
158.237000 0.132900
159.238000 0.085268
160.247000 0.134224
161.258000 0.120427
162.377000 0.087307
163.537000 0.199131
164.547000 0.153053
165.557000 0.112982
166.567000 0.128673
167.587000 0.147529
168.597000 0.131945
169.617000 0.134118
170.627000 0.101584
171.717000 0.098415
172.727000 0.104293
173.737000 0.124610
174.739000 0.117413
175.747000 0.077921
176.757000 0.085331
177.767000 0.089394
178.787000 0.105953
179.807000 0.093882
180.808000 0.060699
181.817000 0.061011
182.827000 0.040634
183.837000 0.048760
188.550000 0.003476
189.557000 0.264143
190.567000 0.207232
191.568000 0.227429
192.577000 0.242688
193.587000 0.199667
194.597000 0.220776
195.607000 0.195604
196.617000 0.254638
197.627000 0.210503
198.628000 0.211029
199.647000 0.208086
200.657000 0.191541
201.667000 0.196396
202.787000 0.183721
203.797000 0.231612
204.798000 0.208296
205.807000 0.212860
206.826000 0.157629
207.847000 0.147385
208.856000 0.141003
209.867000 0.115577
210.877000 0.090749
211.899000 0.074959
212.917000 0.063159
213.937000 0.048282
214.986000 0.043035
216.026000 0.047354
217.057000 0.032396
218.059000 0.053246
219.066000 0.042113
220.106000 0.046038
221.110000 0.059952
222.116000 0.065272
223.146000 0.075705
224.166000 0.053647
225.187000 0.072909
226.206000 0.076522
227.236000 0.053126
228.256000 0.060353
229.286000 0.049142
230.296000 0.058242
231.306000 0.042550
232.316000 0.055533
233.356000 0.051300
234.366000 0.056887
235.396000 0.063751
236.416000 0.052306
237.436000 0.056329
238.456000 0.053647
239.466000 0.068284
240.486000 0.072424
241.506000 0.088518
242.516000 0.070432
243.536000 0.084494
244.546000 0.072349
245.566000 0.065718
246.576000 0.060950
247.586000 0.062305
248.606000 0.056329
249.626000 0.049624
250.726000 0.057724
251.746000 0.079129
252.766000 0.075106
253.816000 0.083383
254.826000 0.073141
255.846000 0.044259
256.856000 0.050677
257.857000 0.120264
258.866000 0.164052
259.867000 0.180963
260.876000 0.257602
261.886000 0.217275
262.887000 0.254194
263.906000 0.177766
264.916000 0.189624
265.926000 0.138717
266.936000 0.134091
267.957000 0.127287
268.976000 0.073052
270.016000 0.043408
285.055000 0.002001
286.065000 0.050115
287.075000 0.075850
288.085000 0.096166
289.335000 0.079251
290.345000 0.078558
291.355000 0.102939
292.385000 0.103596
293.395000 0.112420
294.415000 0.137357
295.435000 0.115341
296.455000 0.154792
297.465000 0.166598
298.475000 0.176079
299.476000 0.152264
300.485000 0.173542
301.486000 0.176863
302.495000 0.166763
303.515000 0.215145
304.525000 0.181497
305.545000 0.138141
306.553000 0.109132
307.565000 0.086514
308.575000 0.105648
309.585000 0.074495
310.605000 0.073765
311.615000 0.039845
312.655000 0.039462
313.745000 0.018826
314.764000 0.012082
315.814000 0.015634
316.845000 0.035825
317.855000 0.050115
318.945000 0.036396
320.254000 0.003135
321.274000 0.089947
322.395000 0.077388
323.405000 0.136800
324.424000 0.106057
325.434000 0.093457
326.454000 0.085051
327.455000 0.157163
328.475000 0.128753
329.515000 0.099200
330.516000 0.113431
331.534000 0.065847
332.565000 0.041133
333.574000 0.031183
334.594000 0.029506
335.616000 0.025432
336.684000 0.019213
337.704000 0.018776
338.794000 0.012550
339.864000 0.016621
380.164000 0.000306
385.979000 0.002509
389.855000 0.000265
390.864000 0.112643
391.874000 0.148990
392.944000 0.136053
393.954000 0.177434
394.964000 0.134091
395.974000 0.161743
396.991000 0.193699
397.994000 0.166963
399.004000 0.208586
400.074000 0.164179
401.084000 0.195042
402.085000 0.176296
403.094000 0.151056
404.104000 0.140863
405.129000 0.132129
406.134000 0.114905
407.144000 0.116483
408.153000 0.130157
409.156000 0.127410
410.174000 0.115568
411.184000 0.115129
412.193000 0.136143
413.204000 0.175905
414.215000 0.189436
415.216000 0.139964
416.223000 0.153509
417.224000 0.154997
418.225000 0.187229
419.234000 0.170831
420.243000 0.110383
421.253000 0.146281
422.264000 0.146136
423.274000 0.140071
424.283000 0.199302
425.303000 0.087176
426.323000 0.064933
427.333000 0.089394
428.334000 0.139397
429.343000 0.125296
430.353000 0.162535
431.374000 0.151405
432.383000 0.141566
433.394000 0.132605
434.403000 0.086771
435.413000 0.090749
436.414000 0.098965
437.423000 0.154561
438.433000 0.157117
439.443000 0.146844
440.453000 0.228903
441.464000 0.175114
442.473000 0.197946
443.483000 0.150907
444.503000 0.140824
445.513000 0.132737
446.514000 0.090765
447.523000 0.093550
448.556000 0.056945
449.583000 0.046621
450.623000 0.059192
454.833000 0.003892
455.843000 0.129395
456.853000 0.044697
457.873000 0.046941
458.893000 0.068400
459.923000 0.049142
460.953000 0.042501
461.973000 0.046941
463.033000 0.043879
464.042000 0.037505
465.082000 0.014142
466.083000 0.030066
467.103000 0.045600
468.133000 0.053126
469.173000 0.051300
470.203000 0.053126
471.218000 0.053911
472.232000 0.051266
473.254000 0.042834
474.274000 0.022016
475.303000 0.045201
476.312000 0.052876
477.322000 0.054178
478.332000 0.051469
479.342000 0.052824
480.352000 0.051517
481.362000 0.039232
482.372000 0.031152
483.392000 0.022016
484.402000 0.032507
485.463000 0.027076
486.575000 0.015993
487.602000 0.013320
488.653000 0.014318
489.703000 0.013029
490.720000 0.010761
491.732000 0.012166
492.812000 0.017733
493.862000 0.022149
494.872000 0.018962
495.882000 0.016253
496.912000 0.007969
497.932000 0.009388
499.002000 0.025570
500.062000 0.020649
501.102000 0.026308
502.113000 0.018944
503.152000 0.017116
504.172000 0.029506
505.193000 0.023334
506.222000 0.033236
507.242000 0.030847
508.282000 0.027623
509.312000 0.023907
510.333000 0.026797
511.342000 0.040674
512.362000 0.041576
513.382000 0.038894
514.412000 0.037297
515.422000 0.040523
516.442000 0.036212
517.482000 0.020277
518.562000 0.027867
519.602000 0.010523
520.662000 0.012906
521.672000 0.024380
522.732000 0.027102
523.762000 0.027891
525.882000 0.005808
526.902000 0.008047
535.623000 0.001879
536.932000 0.009437
540.342000 0.000401
541.812000 0.055837
542.862000 0.031269
543.875000 0.022958
544.912000 0.023745
545.962000 0.019543
546.963000 0.016400
548.082000 0.012733
549.092000 0.067723
550.102000 0.067723
551.112000 0.098875
552.122000 0.112420
553.123000 0.077099
554.132000 0.111175
555.134000 0.136527
556.152000 0.107505
557.162000 0.089956
558.172000 0.189624
559.182000 0.184768
560.192000 0.178788
561.193000 0.181762
562.212000 0.158972
563.214000 0.163832
564.222000 0.136278
565.233000 0.123134
566.235000 0.158371
567.241000 0.180064
568.242000 0.222761
569.252000 0.179350
570.261000 0.202014
571.262000 0.163197
572.274000 0.174379
573.282000 0.185929
574.291000 0.126652
575.313000 0.111100
576.331000 0.045690
577.352000 0.033497
578.382000 0.065080
579.411000 0.040435
580.431000 0.059012
581.451000 0.045600
582.461000 0.033861
583.491000 0.049142
584.511000 0.072424
585.521000 0.084008
586.541000 0.087702
587.563000 0.113777
588.572000 0.119310
589.581000 0.120666
590.591000 0.084539
591.601000 0.090749
592.602000 0.087465
593.621000 0.067125
605.249000 0.003529
606.297000 0.039702
607.298000 0.030066
608.308000 0.146281
609.318000 0.136800
610.338000 0.101145
611.642000 0.012564
612.648000 0.255682
613.657000 0.092194
614.668000 0.073630
615.678000 0.143572
616.687000 0.169475
617.688000 0.115366
618.697000 0.134224
620.010000 0.102105
621.038000 0.168226
622.048000 0.170661
623.128000 0.130993
624.138000 0.162535
625.148000 0.144927
626.168000 0.165522
627.177000 0.219639
628.187000 0.186123
629.188000 0.236428
630.197000 0.195798
631.198000 0.188595
632.207000 0.149701
633.208000 0.252827
634.217000 0.235116
635.240000 0.246053
636.247000 0.211130
637.317000 0.233219
638.318000 0.270593
639.327000 0.259520
640.328000 0.228228
641.348000 0.232580
642.357000 0.251386
643.358000 0.256927
644.368000 0.160388
645.377000 0.113887
646.387000 0.207232
647.397000 0.176642
648.407000 0.123255
649.437000 0.110237
650.467000 0.044381
651.478000 0.175905
652.517000 0.223061
653.527000 0.273600
654.528000 0.216496
655.537000 0.246755
656.538000 0.238362
657.547000 0.239976
658.548000 0.213762
659.557000 0.213423
660.558000 0.232328
661.567000 0.218846
662.577000 0.281727
663.587000 0.260618
664.588000 0.258861
665.597000 0.265736
666.607000 0.249782
667.637000 0.246260
668.648000 0.276036
669.657000 0.213423
670.667000 0.253283
671.677000 0.195604
672.678000 0.199528
673.697000 0.148232
674.708000 0.142077
675.717000 0.142359
676.727000 0.117046
677.747000 0.132776
678.757000 0.142218
679.797000 0.142608
680.807000 0.116483
681.808000 0.118897
682.817000 0.092757
683.827000 0.102939
684.837000 0.128673
685.947000 0.154566
686.948000 0.202262
688.067000 0.185108
689.077000 0.243802
690.087000 0.230820
691.108000 0.136666
692.117000 0.145070
693.126000 0.172749
694.127000 0.235061
695.137000 0.127881
696.146000 0.103041
697.147000 0.122997
698.157000 0.122463
699.167000 0.146281
700.177000 0.169307
701.187000 0.149552
702.197000 0.165244
703.206000 0.147782
704.227000 0.074249
705.236000 0.052876
706.268000 0.046395
707.286000 0.067191
708.287000 0.132563
709.346000 0.049624
710.356000 0.125964
711.366000 0.159675
712.410000 0.112069
713.427000 0.104920
714.447000 0.104612
715.457000 0.081267
716.492000 0.103096
717.496000 0.050980
718.516000 0.091200
719.546000 0.078361
720.556000 0.063659
721.586000 0.063751
722.596000 0.068285
723.606000 0.090749
724.626000 0.072424
725.636000 0.062305
726.666000 0.045157
727.676000 0.028444
728.691000 0.057955
729.696000 0.079514
730.716000 0.080471
731.776000 0.041313
732.786000 0.036570
733.796000 0.018962
734.866000 0.015342
737.276000 0.002271
744.593000 0.001496
756.274000 0.000117
757.334000 0.146355
758.335000 0.270593
759.344000 0.254097
760.414000 0.272852
761.534000 0.257721
762.544000 0.093457
763.554000 0.130590
764.614000 0.073562
765.624000 0.245719
766.634000 0.266828
767.635000 0.239728
768.755000 0.257007
769.774000 0.315486
770.776000 0.309118
771.784000 0.308635
772.785000 0.294394
773.786000 0.302026
774.794000 0.311349
775.795000 0.334026
776.804000 0.306973
777.814000 0.306107
778.824000 0.312087
779.826000 0.228567
780.894000 0.313071
781.904000 0.338614
782.905000 0.318993
783.914000 0.292059
785.004000 0.250274
786.005000 0.304759
787.014000 0.259520
788.015000 0.262961
789.016000 0.318426
790.024000 0.324921
791.025000 0.331293
792.085000 0.243132
793.094000 0.334914
794.104000 0.259263
795.139000 0.290010
796.144000 0.347670
797.145000 0.364891
798.155000 0.275517
799.175000 0.317075
800.176000 0.283461
801.184000 0.335214
802.195000 0.313132
803.206000 0.330722
804.214000 0.311349
805.224000 0.306669
806.233000 0.300987
807.236000 0.235159
808.244000 0.261135
809.255000 0.250326
810.264000 0.193086
811.274000 0.323715
812.283000 0.286636
813.284000 0.288927
814.285000 0.283461
815.303000 0.292951
816.314000 0.138580
817.327000 0.205268
818.333000 0.272533
819.343000 0.215358
820.344000 0.176863
821.368000 0.211078
822.373000 0.123073
823.393000 0.100588
824.394000 0.168096
825.395000 0.205562
826.403000 0.283643
827.413000 0.286352
828.414000 0.213762
829.415000 0.265127
830.423000 0.232635
831.454000 0.243368
832.455000 0.292460
833.463000 0.160706
834.473000 0.120547
835.476000 0.203222
836.483000 0.167658
837.493000 0.119192
838.503000 0.105648
839.504000 0.197363
840.513000 0.196591
841.523000 0.145489
842.543000 0.214588
843.544000 0.230162
844.563000 0.291878
845.564000 0.345758
846.565000 0.320360
847.573000 0.333063
848.583000 0.274162
849.613000 0.106252
850.703000 0.053967
851.925000 0.042540
852.933000 0.299135
853.934000 0.262961
854.943000 0.214216
855.956000 0.195026
856.963000 0.233660
857.964000 0.217862
858.973000 0.286073
859.983000 0.263327
860.985000 0.265426
861.993000 0.229357
863.003000 0.194252
864.004000 0.147596
865.013000 0.147782
866.083000 0.073406
867.093000 0.119192
868.103000 0.116483
869.126000 0.089595
870.132000 0.082155
871.163000 0.103496
872.193000 0.091643
873.202000 0.123378
874.243000 0.062309
875.262000 0.174524
877.373000 0.031106
878.374000 0.145431
879.383000 0.169475
880.403000 0.206541
881.413000 0.102147
882.522000 0.094983
883.533000 0.133958
884.534000 0.170030
885.543000 0.188456
886.565000 0.078975
887.842000 0.031511
888.856000 0.066107
889.864000 0.120786
890.886000 0.113777
891.893000 0.107885
892.902000 0.094906
893.913000 0.083893
894.922000 0.098973
895.932000 0.137362
896.933000 0.177662
897.953000 0.081812
898.954000 0.103864
899.973000 0.095871
900.982000 0.139647
901.983000 0.174929
902.992000 0.213426
903.993000 0.249295
905.002000 0.248111
906.003000 0.227429
907.004000 0.276060
908.012000 0.246206
909.260000 0.171427
910.262000 0.304487
911.263000 0.250664
912.282000 0.248918
913.283000 0.291093
914.302000 0.289193
915.303000 0.262961
916.312000 0.296920
917.313000 0.227429
918.322000 0.254097
919.323000 0.276060
920.332000 0.209356
921.342000 0.284436
922.343000 0.261594
923.352000 0.239183
924.353000 0.296559
925.362000 0.250030
926.372000 0.257909
927.373000 0.329359
928.374000 0.312160
929.382000 0.285563
930.383000 0.305327
931.392000 0.290141
932.393000 0.249295
933.444000 0.217911
934.452000 0.164214
935.472000 0.186424
936.473000 0.216496
937.482000 0.218283
938.483000 0.238362
939.492000 0.228337
940.493000 0.225495
941.502000 0.289348
942.612000 0.242051
943.631000 0.308773
944.633000 0.169879
945.644000 0.236795
946.662000 0.285446
947.663000 0.366825
948.672000 0.290704
949.673000 0.217295
950.692000 0.175081
951.702000 0.222131
952.703000 0.283461
953.712000 0.324599
954.721000 0.272515
955.722000 0.211029
956.741000 0.166469
957.762000 0.121144
958.763000 0.147596
959.852000 0.028893
961.143000 0.003508
962.152000 0.292059
963.162000 0.260055
964.164000 0.257238
965.462000 0.178552
966.472000 0.272246
967.492000 0.240627
968.522000 0.291417
969.532000 0.333196
970.534000 0.266794
971.542000 0.312706
972.552000 0.371683
973.553000 0.424224
974.562000 0.358494
975.563000 0.336192
976.572000 0.296127
977.582000 0.270099
978.592000 0.281271
979.593000 0.319453
980.601000 0.316779
981.602000 0.260228
982.611000 0.260313
983.612000 0.279361
984.621000 0.260876
985.622000 0.337558
986.752000 0.367823
987.753000 0.422857
988.761000 0.327071
989.762000 0.318993
990.763000 0.452923
991.772000 0.367984
992.773000 0.473423
993.791000 0.487576
994.792000 0.574553
995.801000 0.452044
996.802000 0.291660
997.812000 0.419089
998.813000 0.543121
999.814000 0.547221
1000.821000 0.300790
1001.823000 0.396486
1002.824000 0.446099
1003.831000 0.533656
1004.842000 0.505274
1005.851000 0.490006
1006.852000 0.407824
1007.942000 0.568323
1008.943000 0.529455
1009.944000 0.605986
1010.945000 0.547788
1011.946000 0.502122
1012.951000 0.378977
1014.001000 0.283261
1015.011000 0.365703
1021.226000 0.002636
1024.176000 0.008090
1025.177000 0.311592
1026.178000 0.436523
1027.197000 0.471450
1028.198000 0.539021
1029.199000 0.645618
1030.207000 0.591483
1031.208000 0.551321
1032.209000 0.550521
1033.210000 0.589586
1034.297000 0.572408
1035.307000 0.561307
1036.308000 0.585487
1037.367000 0.458364
1038.378000 0.553986
1039.379000 0.642885
1040.387000 0.466627
1041.392000 0.525986
1042.397000 0.531431
1043.399000 0.540415
1044.400000 0.642885
1045.401000 0.610653
1046.407000 0.653288
1047.408000 0.625686
1048.409000 0.724883
1049.410000 0.614753
1050.411000 0.618286
1051.437000 0.405107
1052.439000 0.598555
1053.518000 0.584259
1054.519000 0.629219
1055.520000 0.637986
1056.527000 0.538526
1057.528000 0.388691
1058.529000 0.629219
1059.530000 0.631154
1060.546000 0.621835
1061.548000 0.477046
1062.557000 0.593047
1063.576000 0.552879
1064.587000 0.579695
1065.588000 0.608719
1066.589000 0.581954
1067.590000 0.645618
1068.597000 0.472524
1069.598000 0.633319
1070.607000 0.601744
1071.608000 0.536288
1072.656000 0.617206
1073.657000 0.664751
1074.658000 0.517154
1075.659000 0.491756
1076.660000 0.656551
1077.666000 0.560024
1078.667000 0.619652
1079.668000 0.588787
1080.677000 0.544238
1081.678000 0.469323
1082.685000 0.457017
1083.697000 0.529107
1084.884000 0.363124
1085.886000 0.443940
1086.887000 0.614186
1087.903000 0.459701
1088.906000 0.368822
1089.907000 0.437890
1090.926000 0.538112
1091.927000 0.663385
1092.937000 0.601149
1093.946000 0.655413
1094.956000 0.538844
1095.957000 0.398258
1096.964000 0.409470
1097.966000 0.679106
1099.066000 0.474858
1100.067000 0.478889
1101.068000 0.682517
1102.069000 0.647552
1103.075000 0.638330
