0.000000 0.131956
1.193000 0.116757
2.200000 0.112706
3.212000 0.105186
4.220000 0.102216
5.452000 0.097828
6.460000 0.120745
7.472000 0.092532
8.480000 0.129800
9.492000 0.130864
10.500000 0.119966
11.502000 0.130539
12.504000 0.125769
13.520000 0.144446
14.540000 0.148871
15.560000 0.107241
16.572000 0.118425
17.580000 0.118121
18.600000 0.124289
19.616000 0.140837
20.620000 0.115575
21.640000 0.110447
22.652000 0.145992
23.680000 0.111298
24.693000 0.158002
25.700000 0.124378
26.720000 0.140236
27.732000 0.123132
28.832000 0.130755
29.992000 0.139991
31.220000 0.142425
32.232000 0.168972
33.240000 0.131997
34.245000 0.146210
35.252000 0.182038
36.256000 0.109734
37.260000 0.153968
38.268000 0.130705
39.273000 0.156537
40.300000 0.109270
41.312000 0.115396
42.320000 0.154714
43.324000 0.127632
44.333000 0.176254
45.353000 0.130424
46.360000 0.112098
47.368000 0.166929
48.372000 0.130085
49.460000 0.141330
50.465000 0.181039
51.480000 0.136295
52.493000 0.130926
53.496000 0.109113
54.500000 0.108331
55.513000 0.147198
56.536000 0.100293
57.552000 0.028852
58.560000 0.142500
59.561000 0.110697
60.593000 0.028805
61.800000 0.023801
62.812000 0.044609
63.852000 0.105071
64.860000 0.139786
65.873000 0.090696
66.920000 0.125433
68.360000 0.009500
69.713000 0.007078
70.725000 0.130271
71.733000 0.114260
72.740000 0.115472
73.753000 0.095783
74.772000 0.136740
75.837000 0.046242
76.852000 0.022935
77.853000 0.034166
78.860000 0.010868
79.893000 0.032401
80.900000 0.073358
82.092000 0.077200
83.100000 0.108571
84.332000 0.052511
85.361000 0.054507
86.372000 0.073068
87.380000 0.064682
88.401000 0.062974
89.433000 0.046395
90.512000 0.020285
91.572000 0.034188
92.580000 0.096357
93.753000 0.071116
94.761000 0.073286
95.772000 0.083893
96.780000 0.087992
97.793000 0.090480
98.800000 0.055544
99.801000 0.150330
100.920000 0.146391
101.932000 0.192096
102.992000 0.163917
104.004000 0.127067
105.240000 0.043477
106.256000 0.080787
107.260000 0.085905
108.285000 0.126790
109.292000 0.093736
110.293000 0.099694
111.300000 0.134491
112.313000 0.091794
113.393000 0.117481
114.413000 0.118024
115.525000 0.104041
116.532000 0.134491
117.541000 0.108354
118.552000 0.181473
119.692000 0.167137
120.693000 0.220028
121.713000 0.145955
122.760000 0.158767
123.764000 0.209833
124.992000 0.162061
125.993000 0.196795
127.000000 0.149894
128.013000 0.155685
129.020000 0.138610
130.120000 0.164017
131.136000 0.164268
132.140000 0.134892
133.153000 0.079175
134.172000 0.128879
135.173000 0.068774
136.180000 0.136694
137.204000 0.168456
138.213000 0.204644
139.225000 0.193733
140.233000 0.201287
141.244000 0.196325
142.713000 0.176174
143.721000 0.256500
144.724000 0.216222
145.725000 0.215442
146.793000 0.211121
147.892000 0.196998
148.900000 0.103143
149.908000 0.086857
151.120000 0.100279
152.121000 0.180396
153.124000 0.177308
154.132000 0.142373
155.145000 0.203231
156.153000 0.111045
157.160000 0.172528
158.161000 0.139774
159.772000 0.076314
160.777000 0.148370
161.780000 0.192743
162.825000 0.164718
163.832000 0.230943
164.834000 0.158135
165.845000 0.198908
166.856000 0.153848
167.861000 0.189206
168.865000 0.139202
169.873000 0.176604
170.880000 0.139019
171.892000 0.160862
172.900000 0.106007
173.913000 0.107880
174.920000 0.134491
175.960000 0.055986
177.120000 0.060145
178.132000 0.128419
179.140000 0.052929
180.153000 0.039520
181.172000 0.091289
182.193000 0.085751
183.201000 0.126504
184.212000 0.123001
185.213000 0.166729
186.217000 0.126609
187.220000 0.155486
188.233000 0.128649
189.241000 0.169643
190.245000 0.183944
191.340000 0.124420
192.345000 0.168788
193.561000 0.092250
194.572000 0.088464
195.580000 0.131643
196.601000 0.142025
197.605000 0.149880
198.616000 0.127316
199.633000 0.128487
200.652000 0.120824
201.656000 0.084903
202.660000 0.109004
203.680000 0.060710
204.681000 0.088831
205.745000 0.061714
206.761000 0.079423
207.793000 0.087488
208.801000 0.078714
209.820000 0.064440
210.841000 0.044286
211.845000 0.065402
212.860000 0.047172
213.881000 0.041536
214.913000 0.045070
215.932000 0.041438
217.080000 0.054815
218.112000 0.082186
219.121000 0.056693
220.132000 0.073068
221.136000 0.077665
222.140000 0.061069
223.165000 0.100098
224.180000 0.075456
225.181000 0.106597
226.185000 0.092584
227.284000 0.099581
228.305000 0.085777
229.313000 0.103245
230.332000 0.075761
231.336000 0.104916
232.344000 0.103143
233.353000 0.083050
234.364000 0.119074
235.372000 0.091069
236.393000 0.095130
237.421000 0.091821
238.433000 0.070575
239.452000 0.087262
240.460000 0.100429
241.473000 0.084148
242.481000 0.101786
243.493000 0.090038
244.500000 0.119547
245.513000 0.080528
246.532000 0.111427
247.545000 0.100941
248.572000 0.101235
249.573000 0.074737
250.580000 0.124981
251.593000 0.110169
252.612000 0.144989
253.620000 0.101786
254.633000 0.051776
255.641000 0.057057
256.652000 0.062243
257.673000 0.065653
258.840000 0.037532
259.846000 0.073431
260.873000 0.059942
261.892000 0.042567
262.913000 0.049575
263.961000 0.048298
264.993000 0.023778
266.001000 0.095287
267.012000 0.087919
268.020000 0.092286
269.033000 0.078627
270.052000 0.069432
271.073000 0.085751
272.360000 0.036140
273.373000 0.023600
274.552000 0.054534
275.553000 0.073798
276.564000 0.077532
277.576000 0.104087
278.593000 0.082425
279.612000 0.092855
280.621000 0.130157
281.633000 0.103611
282.832000 0.119163
283.860000 0.062545
284.932000 0.022970
287.732000 0.006351
288.733000 0.077875
289.752000 0.059070
291.825000 0.011219
292.833000 0.052929
293.845000 0.072329
294.852000 0.108133
295.853000 0.099764
296.865000 0.065383
297.872000 0.080825
298.985000 0.122797
299.993000 0.167738
301.004000 0.164183
302.005000 0.142317
303.012000 0.156513
304.084000 0.138301
305.153000 0.126015
306.164000 0.112309
307.180000 0.064091
308.204000 0.041414
309.212000 0.120533
310.232000 0.178840
311.252000 0.197814
312.253000 0.189676
313.265000 0.183677
314.273000 0.174474
315.786000 0.010829
316.792000 0.499749
317.804000 0.167130
318.825000 0.168175
319.837000 0.177115
320.844000 0.185176
321.845000 0.174694
322.852000 0.175432
323.873000 0.180986
324.884000 0.281448
325.892000 0.213677
326.905000 0.255234
327.912000 0.108646
328.913000 0.159382
329.924000 0.227513
330.925000 0.228099
331.932000 0.227269
332.944000 0.218319
333.945000 0.198696
334.948000 0.200375
336.065000 0.208197
337.073000 0.238857
338.085000 0.179056
339.092000 0.177990
340.105000 0.187712
341.113000 0.160143
342.132000 0.107585
343.145000 0.159510
344.153000 0.152974
345.225000 0.177071
346.233000 0.223929
347.245000 0.135383
348.252000 0.196981
349.268000 0.167496
350.292000 0.172336
351.305000 0.244295
352.525000 0.244419
353.532000 0.167094
355.705000 0.027700
356.736000 0.198502
357.764000 0.057222
358.793000 0.050519
359.801000 0.077357
360.812000 0.085246
361.972000 0.031841
363.001000 0.033236
364.485000 0.033972
365.492000 0.141283
366.692000 0.158486
367.700000 0.119429
368.905000 0.028382
369.913000 0.159521
370.925000 0.168972
371.945000 0.138894
372.972000 0.166518
373.993000 0.133748
375.001000 0.142333
376.004000 0.186855
377.016000 0.155093
378.017000 0.213195
379.025000 0.163478
380.033000 0.213071
381.044000 0.156765
382.052000 0.176429
383.065000 0.127570
384.073000 0.166929
385.092000 0.125036
386.104000 0.141937
387.105000 0.143497
388.113000 0.076691
389.125000 0.154103
390.372000 0.131575
391.373000 0.158529
392.376000 0.119420
393.505000 0.098873
394.513000 0.165571
395.521000 0.109513
396.572000 0.113338
397.585000 0.144498
398.593000 0.128013
399.605000 0.123513
400.633000 0.121934
401.645000 0.152751
402.653000 0.118931
403.665000 0.112820
404.805000 0.081600
405.984000 0.095288
406.993000 0.100329
408.001000 0.105857
409.012000 0.113662
410.024000 0.096540
411.044000 0.139482
412.052000 0.168286
413.068000 0.140256
414.073000 0.197373
415.085000 0.119572
416.092000 0.099170
417.104000 0.048987
418.365000 0.104146
419.445000 0.101430
420.452000 0.077434
421.456000 0.091291
422.473000 0.102230
423.492000 0.075113
424.504000 0.090569
425.513000 0.090838
426.525000 0.064858
427.532000 0.088302
428.560000 0.078514
429.561000 0.065598
430.652000 0.063605
431.656000 0.081753
432.677000 0.068333
433.700000 0.050815
434.705000 0.027593
435.713000 0.025786
436.725000 0.085162
437.961000 0.102163
438.964000 0.175944
439.972000 0.158859
440.985000 0.137093
442.012000 0.173732
443.153000 0.175806
444.168000 0.183724
445.172000 0.175572
446.177000 0.199498
447.224000 0.172930
448.321000 0.185896
449.485000 0.193814
450.492000 0.192206
451.508000 0.179310
452.512000 0.201935
453.525000 0.212323
454.533000 0.197385
455.548000 0.185994
456.565000 0.062776
457.572000 0.123623
458.584000 0.152751
459.601000 0.110990
460.613000 0.068392
461.625000 0.077051
462.632000 0.122918
463.645000 0.203278
464.652000 0.230943
465.664000 0.200233
466.681000 0.155513
467.692000 0.174552
468.704000 0.159177
469.705000 0.177420
470.713000 0.184996
471.724000 0.161021
472.725000 0.117530
473.745000 0.114000
474.764000 0.057820
475.776000 0.063534
476.785000 0.105752
477.804000 0.087262
478.892000 0.071431
479.905000 0.094531
480.913000 0.090929
481.925000 0.062775
482.932000 0.114113
483.945000 0.085385
484.953000 0.108571
485.964000 0.097424
486.972000 0.095904
487.993000 0.131307
489.012000 0.095317
490.033000 0.133986
491.041000 0.096993
492.052000 0.073068
493.084000 0.110023
494.085000 0.099412
495.284000 0.118490
496.305000 0.095130
497.313000 0.101887
498.324000 0.102645
499.332000 0.093663
500.364000 0.086163
501.372000 0.082922
502.393000 0.075032
503.425000 0.079535
504.433000 0.066417
505.445000 0.075700
506.472000 0.049495
507.473000 0.112064
508.485000 0.114257
509.533000 0.131771
510.545000 0.118957
511.585000 0.101104
512.592000 0.158943
513.593000 0.111279
514.605000 0.166269
515.612000 0.140064
516.625000 0.128168
517.637000 0.134572
518.641000 0.130805
519.644000 0.147150
520.664000 0.075222
521.685000 0.183741
522.692000 0.135562
523.693000 0.156134
524.713000 0.162282
525.725000 0.070745
526.745000 0.164965
527.753000 0.118837
528.764000 0.135312
529.773000 0.112531
531.266000 0.010981
532.281000 0.220295
533.285000 0.085841
534.292000 0.095094
535.313000 0.079914
536.324000 0.112309
537.325000 0.103492
538.345000 0.143506
539.348000 0.120401
540.364000 0.201969
541.365000 0.194159
542.473000 0.106967
543.484000 0.199002
544.504000 0.205200
545.505000 0.133347
546.513000 0.095635
547.552000 0.093482
548.625000 0.110987
549.645000 0.225318
550.652000 0.172564
551.665000 0.234977
552.673000 0.178239
553.881000 0.132077
554.884000 0.120024
555.892000 0.062429
556.905000 0.078079
557.913000 0.112643
558.921000 0.116714
559.932000 0.097420
560.948000 0.179079
561.965000 0.101906
562.984000 0.098002
564.953000 0.011817
566.345000 0.037353
567.465000 0.048901
568.473000 0.070571
569.513000 0.065769
571.112000 0.024009
572.113000 0.087465
573.633000 0.052114
574.641000 0.109929
575.645000 0.109662
576.665000 0.131435
577.673000 0.128193
578.685000 0.128132
579.692000 0.112511
580.713000 0.162123
581.732000 0.074709
583.524000 0.016031
584.545000 0.048235
585.572000 0.052302
586.593000 0.061634
587.612000 0.053700
588.645000 0.043076
589.652000 0.063849
590.668000 0.074055
591.673000 0.070618
592.685000 0.113549
593.692000 0.146717
594.705000 0.104860
595.713000 0.115357
596.721000 0.118071
597.724000 0.085300
598.732000 0.123500
599.745000 0.096092
600.904000 0.128375
601.913000 0.161340
602.921000 0.141220
603.924000 0.142224
604.945000 0.105090
605.972000 0.110781
606.985000 0.103984
608.004000 0.073124
609.012000 0.137071
610.025000 0.109796
611.028000 0.079315
612.104000 0.121315
613.273000 0.135020
614.293000 0.075106
615.484000 0.039053
616.726000 0.013192
617.745000 0.119321
618.753000 0.087696
619.761000 0.122143
620.785000 0.098791
621.793000 0.145214
622.805000 0.111735
623.812000 0.192906
624.825000 0.159874
625.832000 0.145620
626.844000 0.156539
627.845000 0.160066
628.852000 0.150103
629.861000 0.154047
630.985000 0.148590
632.065000 0.138067
633.073000 0.108651
634.285000 0.123722
635.292000 0.142642
636.332000 0.117069
637.345000 0.057740
638.353000 0.111286
639.372000 0.082132
640.385000 0.105335
641.397000 0.085162
642.412000 0.057955
643.444000 0.018558
644.680000 0.008854
645.713000 0.043375
646.753000 0.027623
647.844000 0.013793
648.972000 0.009702
697.621000 0.000056
698.821000 0.003420
700.177000 0.005044
701.317000 0.007200
702.397000 0.006333
703.501000 0.004957
704.541000 0.019731
705.565000 0.016031
706.597000 0.017233
707.701000 0.014870
708.861000 0.017690
710.001000 0.012000
712.041000 0.005184
713.361000 0.013473
714.517000 0.018934
715.621000 0.019826
716.677000 0.018136
717.721000 0.008912
718.781000 0.015487
719.917000 0.020472
721.001000 0.015144
722.181000 0.012103
723.217000 0.026409
724.301000 0.015144
725.341000 0.017278
726.441000 0.016167
727.461000 0.012071
728.497000 0.013205
729.617000 0.005116
730.681000 0.004916
731.845000 0.011753
732.861000 0.012118
733.921000 0.009034
735.097000 0.008143
736.117000 0.005365
737.761000 0.002699
738.937000 0.004653
740.361000 0.003843
741.561000 0.009120
742.681000 0.006107
743.857000 0.005816
744.877000 0.006706
746.017000 0.004800
747.081000 0.005143
748.117000 0.003961
749.281000 0.002327
750.321000 0.006577
751.357000 0.007923
752.401000 0.007862
753.541000 0.008400
754.581000 0.009208
756.277000 0.006484
757.417000 0.006000
758.421000 0.006813
759.561000 0.007200
760.657000 0.007496
761.781000 0.007302
762.841000 0.006453
764.017000 0.005816
765.397000 0.004605
766.477000 0.015200
767.481000 0.012263
768.541000 0.015487
770.261000 0.004198
771.361000 0.017411
772.441000 0.012667
773.461000 0.014753
775.057000 0.005664
776.181000 0.010954
777.201000 0.009388
778.237000 0.007923
779.321000 0.006310
780.441000 0.006107
781.741000 0.005266
782.761000 0.005365
784.141000 0.002683
785.497000 0.006053
786.841000 0.004074
788.241000 0.004886
789.481000 0.004413
790.597000 0.004903
792.421000 0.002251
793.597000 0.003490
819.205000 0.000053
821.169000 0.004876
823.449000 0.003504
825.025000 0.004340
826.149000 0.007302
827.169000 0.008047
828.269000 0.013680
829.329000 0.014196
830.789000 0.007731
831.825000 0.015846
832.965000 0.016800
834.025000 0.016777
835.053000 0.018433
836.169000 0.008364
837.189000 0.017435
838.269000 0.017733
839.353000 0.017668
840.985000 0.010562
842.049000 0.004915
843.105000 0.016841
844.229000 0.018256
845.249000 0.020118
846.285000 0.019663
847.365000 0.008643
848.669000 0.015736
849.729000 0.024521
850.785000 0.019432
851.865000 0.020267
852.925000 0.011577
853.945000 0.020118
854.969000 0.018703
855.989000 0.021459
857.005000 0.013366
858.025000 0.020118
859.089000 0.019286
860.145000 0.020727
861.189000 0.015838
862.225000 0.019807
863.245000 0.020118
864.285000 0.019731
865.365000 0.013068
866.409000 0.019655
867.433000 0.018703
868.769000 0.014431
869.845000 0.020342
870.849000 0.020438
871.869000 0.020118
872.949000 0.011669
874.029000 0.019000
875.069000 0.021046
876.085000 0.015662
877.105000 0.020118
878.129000 0.020039
879.189000 0.008193
880.269000 0.020267
881.325000 0.019432
882.429000 0.017348
883.649000 0.010901
884.709000 0.020649
886.769000 0.005313
887.965000 0.031351
889.245000 0.006412
890.425000 0.010434
891.589000 0.010577
892.649000 0.012906
893.709000 0.010325
894.889000 0.011593
896.369000 0.007127
897.433000 0.018000
898.669000 0.016602
899.709000 0.021046
901.009000 0.012817
902.069000 0.019358
904.969000 0.002830
906.149000 0.045309
907.273000 0.015822
908.449000 0.019776
909.509000 0.018068
910.909000 0.010659
912.209000 0.016837
913.289000 0.019018
914.309000 0.014753
915.729000 0.011460
916.789000 0.004934
917.809000 0.021459
918.973000 0.015278
920.049000 0.017799
921.789000 0.009820
922.829000 0.017100
923.889000 0.014196
924.929000 0.007892
925.949000 0.010729
926.985000 0.011884
928.029000 0.007862
929.625000 0.005196
930.669000 0.007862
932.009000 0.006125
933.129000 0.006107
934.149000 0.006706
935.409000 0.005429
936.789000 0.005948
938.049000 0.005429
939.225000 0.002327
940.269000 0.007862
941.845000 0.002533
943.365000 0.003600
944.665000 0.004209
945.805000 0.003600
947.049000 0.005498
948.265000 0.004500
949.605000 0.003063
964.809000 0.000090
968.573000 0.002181
969.689000 0.023290
970.869000 0.008115
974.349000 0.000651
975.493000 0.007175
976.513000 0.016110
977.549000 0.018486
978.733000 0.011554
980.009000 0.010721
981.149000 0.006000
982.169000 0.008047
983.233000 0.005023
984.533000 0.005262
985.589000 0.006477
986.633000 0.006558
987.653000 0.008047
988.793000 0.006000
989.849000 0.007773
990.929000 0.010133
991.949000 0.010729
992.953000 0.016351
994.109000 0.011834
995.153000 0.010875
996.209000 0.018136
997.273000 0.012857
998.293000 0.017435
999.313000 0.017435
1000.329000 0.011814
1001.349000 0.020118
1002.369000 0.017435
1003.393000 0.018703
1004.429000 0.007784
1005.449000 0.018776
1006.493000 0.018345
1007.829000 0.012474
1008.833000 0.016351
1009.889000 0.018136
1011.073000 0.011554
1012.133000 0.013302
1013.169000 0.011884
1014.233000 0.014143
1015.313000 0.015200
1016.549000 0.010572
1017.629000 0.007607
1018.709000 0.012667
1019.873000 0.012928
1021.125000 0.009834
1023.053000 0.008004
1024.313000 0.007408
1025.353000 0.017100
1026.553000 0.015960
1027.753000 0.012540
1028.933000 0.009275
1030.049000 0.008581
1031.369000 0.007255
1032.553000 0.004557
1033.853000 0.007366
1034.893000 0.006577
1035.957000 0.018000
1036.973000 0.005386
1038.009000 0.014525
1039.829000 0.005549
1041.013000 0.009243
1041.614000 0.015933
