0.000000 0.303699
1.002000 0.235393
2.003000 0.334026
3.018000 0.421068
4.022000 0.501984
5.024000 0.471585
6.036000 0.437186
7.037000 0.358625
8.042000 0.372171
9.055000 0.382736
10.056000 0.448823
11.062000 0.520024
12.072000 0.397418
13.073000 0.400991
14.074000 0.435157
15.089000 0.481718
16.092000 0.417464
17.132000 0.394835
18.192000 0.387706
19.193000 0.392224
20.194000 0.418757
21.195000 0.379125
22.202000 0.318448
23.355000 0.332707
24.362000 0.470602
25.372000 0.382519
26.373000 0.373658
27.374000 0.452923
28.382000 0.421278
29.383000 0.414657
30.384000 0.372292
31.392000 0.388706
32.393000 0.447457
33.402000 0.388321
34.412000 0.378455
35.423000 0.353725
36.431000 0.322206
37.442000 0.277951
38.452000 0.342677
39.453000 0.390058
40.492000 0.472454
41.493000 0.515788
42.502000 0.484583
43.503000 0.417391
44.504000 0.433790
45.511000 0.321168
46.512000 0.403724
47.513000 0.450190
48.522000 0.422216
49.531000 0.441197
50.532000 0.370925
51.541000 0.283925
52.712000 0.045561
53.721000 0.220995
54.722000 0.261594
55.731000 0.225625
56.732000 0.228228
57.741000 0.198509
58.742000 0.240527
59.751000 0.171393
60.752000 0.166729
61.753000 0.220595
62.761000 0.192714
63.791000 0.135472
64.891000 0.107469
65.892000 0.196795
66.901000 0.175461
67.902000 0.198162
68.911000 0.189812
69.921000 0.161743
70.941000 0.181059
71.942000 0.103066
72.943000 0.133930
73.952000 0.164052
74.961000 0.159191
75.971000 0.150345
77.010000 0.165128
78.011000 0.189962
79.021000 0.153053
80.030000 0.171393
81.041000 0.189436
82.050000 0.142922
83.090000 0.077608
84.091000 0.098398
85.141000 0.188152
86.142000 0.235061
87.151000 0.197154
88.160000 0.096262
89.161000 0.163996
90.162000 0.246561
91.171000 0.263025
92.172000 0.202829
93.181000 0.231049
94.190000 0.223707
95.191000 0.213762
96.192000 0.263760
97.201000 0.245962
98.231000 0.262198
99.240000 0.272515
100.251000 0.210295
101.261000 0.283081
102.262000 0.241095
103.280000 0.273352
104.381000 0.314870
105.390000 0.290141
106.391000 0.227429
107.392000 0.266494
108.401000 0.233760
109.410000 0.218846
110.411000 0.285626
111.420000 0.278501
112.510000 0.216388
113.520000 0.239739
114.522000 0.236758
115.530000 0.244286
116.540000 0.201022
117.550000 0.242448
118.561000 0.211648
119.570000 0.207437
120.571000 0.208296
121.580000 0.237265
122.590000 0.191541
123.651000 0.208121
124.670000 0.229566
125.672000 0.191705
126.681000 0.254890
127.700000 0.216699
128.710000 0.265473
129.715000 0.237413
130.741000 0.221887
131.750000 0.241332
132.751000 0.213762
133.760000 0.244044
134.770000 0.233529
135.783000 0.256584
136.790000 0.242375
137.791000 0.241095
138.800000 0.241332
139.810000 0.211857
140.820000 0.251929
141.821000 0.226062
142.860000 0.233594
143.870000 0.258701
144.871000 0.239728
145.880000 0.256246
146.882000 0.235374
148.160000 0.182431
149.161000 0.228228
150.170000 0.225626
151.171000 0.261027
152.180000 0.197154
153.190000 0.139509
154.494000 0.012564
155.499000 0.376287
156.500000 0.265694
157.520000 0.288353
158.521000 0.220595
159.530000 0.226981
160.539000 0.258957
161.540000 0.252028
162.580000 0.291246
163.581000 0.203628
164.589000 0.235349
165.590000 0.251461
166.591000 0.250661
167.599000 0.228000
168.600000 0.182330
169.601000 0.251461
170.609000 0.198706
171.630000 0.248431
172.639000 0.244044
173.670000 0.070324
174.679000 0.103604
175.689000 0.098875
176.699000 0.063659
177.709000 0.073141
178.719000 0.083976
179.759000 0.059738
180.761000 0.211617
181.769000 0.228563
182.770000 0.251461
183.788000 0.194067
184.789000 0.262394
185.790000 0.260228
186.799000 0.239183
187.800000 0.291093
188.809000 0.264944
189.810000 0.252028
190.819000 0.242688
191.829000 0.191540
192.839000 0.144927
193.849000 0.097521
194.869000 0.156133
195.870000 0.348492
196.879000 0.313752
197.880000 0.297127
198.881000 0.462490
199.889000 0.358849
200.899000 0.350012
201.910000 0.360491
202.912000 0.328232
203.919000 0.369509
204.920000 0.399624
205.921000 0.314893
206.929000 0.440278
207.930000 0.437890
208.939000 0.367984
209.955000 0.271197
210.959000 0.305774
212.175000 0.301943
213.189000 0.391834
214.309000 0.360829
215.310000 0.314326
216.319000 0.275790
217.329000 0.356784
218.349000 0.270134
219.350000 0.353958
220.359000 0.334089
221.360000 0.323093
222.369000 0.292059
223.370000 0.306126
224.379000 0.274434
225.388000 0.248674
226.399000 0.261151
227.409000 0.263327
228.419000 0.298543
229.420000 0.321726
230.439000 0.291321
231.449000 0.261972
232.459000 0.268745
233.469000 0.264119
234.478000 0.258165
235.549000 0.241942
236.558000 0.282006
237.559000 0.299860
238.560000 0.277994
239.562000 0.331760
240.569000 0.367357
241.571000 0.257238
242.578000 0.307583
243.639000 0.306111
244.809000 0.216308
245.819000 0.274162
246.828000 0.305617
247.829000 0.321159
248.830000 0.287559
249.838000 0.295063
250.888000 0.287170
251.889000 0.307493
252.898000 0.228337
253.899000 0.262394
254.900000 0.232895
255.908000 0.259778
256.909000 0.273327
257.918000 0.240539
258.919000 0.268428
259.928000 0.296920
260.929000 0.277994
261.938000 0.289348
262.952000 0.283314
263.969000 0.250753
264.978000 0.286636
265.988000 0.265473
266.990000 0.242220
267.998000 0.281492
269.000000 0.262132
270.008000 0.236706
271.018000 0.295834
272.028000 0.250574
273.029000 0.219229
274.030000 0.245994
275.038000 0.195992
276.039000 0.220028
277.048000 0.136143
278.058000 0.157117
279.059000 0.160464
280.078000 0.198689
281.088000 0.206440
282.089000 0.202262
283.098000 0.169475
284.108000 0.117047
285.128000 0.205200
286.138000 0.192895
287.139000 0.251461
288.157000 0.258570
289.158000 0.179029
290.178000 0.172227
291.188000 0.227549
292.198000 0.175287
293.207000 0.153205
294.218000 0.171054
295.227000 0.177610
296.238000 0.110955
297.258000 0.078345
298.267000 0.100329
299.268000 0.114797
300.288000 0.112659
301.297000 0.117162
302.307000 0.124610
303.308000 0.155796
304.309000 0.269794
305.310000 0.306693
306.477000 0.272446
307.495000 0.376267
308.498000 0.269256
309.508000 0.253846
310.518000 0.304752
311.519000 0.277994
312.538000 0.283823
313.547000 0.270367
314.548000 0.315692
315.558000 0.247073
316.567000 0.259520
317.569000 0.266228
318.577000 0.246206
319.578000 0.274693
320.579000 0.275261
321.580000 0.212396
322.599000 0.210771
323.607000 0.267921
324.608000 0.279361
325.609000 0.356691
326.637000 0.345214
327.638000 0.253395
328.727000 0.231662
329.728000 0.340292
330.737000 0.266299
331.747000 0.260618
332.748000 0.259660
333.767000 0.273083
334.847000 0.209526
335.857000 0.255992
336.858000 0.211010
337.861000 0.237320
338.867000 0.156965
339.868000 0.261027
340.879000 0.259007
341.887000 0.271992
342.888000 0.307493
343.898000 0.253846
344.918000 0.280863
345.919000 0.297926
346.920000 0.257495
347.927000 0.272262
348.928000 0.271960
349.929000 0.264328
350.937000 0.349349
351.938000 0.375025
352.945000 0.342904
353.957000 0.266300
354.967000 0.180705
355.968000 0.321159
356.969000 0.317626
357.970000 0.368192
358.975000 0.285055
359.996000 0.257810
360.997000 0.317059
361.998000 0.287560
363.007000 0.294771
364.016000 0.323243
365.017000 0.337558
366.027000 0.294479
367.037000 0.268745
368.076000 0.309960
369.077000 0.236428
370.086000 0.199865
371.097000 0.269270
372.098000 0.264328
373.106000 0.267921
374.107000 0.276060
375.116000 0.194442
376.126000 0.207232
377.127000 0.216496
378.128000 0.236428
379.136000 0.210921
380.137000 0.297127
381.146000 0.227774
382.166000 0.213804
383.167000 0.240527
384.168000 0.247928
385.186000 0.263945
386.187000 0.245994
387.188000 0.226061
388.196000 0.238857
389.198000 0.227202
390.206000 0.278214
391.207000 0.238362
392.208000 0.250661
393.217000 0.295564
394.237000 0.279522
395.238000 0.238362
396.256000 0.241886
397.257000 0.202829
398.258000 0.251461
399.266000 0.246206
400.276000 0.222693
401.277000 0.306126
402.286000 0.245962
403.287000 0.235061
404.296000 0.182240
405.297000 0.210462
406.298000 0.180963
407.316000 0.223073
408.326000 0.175287
409.327000 0.195429
410.336000 0.159191
411.346000 0.159826
412.356000 0.136800
413.357000 0.108531
414.366000 0.139647
415.375000 0.128801
416.376000 0.071632
417.386000 0.132737
418.396000 0.130028
419.416000 0.071082
420.426000 0.046614
421.446000 0.076447
422.466000 0.061694
423.477000 0.074421
424.536000 0.038754
425.585000 0.029994
426.628000 0.032790
427.676000 0.028718
483.041000 0.000445
484.101000 0.028928
485.102000 0.107964
486.111000 0.130157
487.121000 0.116483
488.131000 0.130590
489.141000 0.151699
490.151000 0.150345
491.171000 0.123945
492.191000 0.151553
493.201000 0.142218
494.211000 0.094020
495.221000 0.108356
496.231000 0.085331
498.161000 0.031896
499.170000 0.107778
500.171000 0.083365
501.181000 0.094812
502.182000 0.140763
503.201000 0.110642
504.210000 0.105752
505.211000 0.133930
506.221000 0.149552
507.251000 0.171332
508.252000 0.177662
509.253000 0.127664
510.261000 0.152000
511.270000 0.144278
512.281000 0.139371
513.291000 0.154408
514.310000 0.106614
515.320000 0.153053
516.330000 0.161180
517.331000 0.197363
518.341000 0.207232
519.351000 0.126527
520.360000 0.154561
521.361000 0.209095
522.362000 0.142697
523.381000 0.106057
524.390000 0.103041
525.410000 0.106510
526.420000 0.157117
527.430000 0.150345
528.431000 0.096232
529.450000 0.128879
530.460000 0.112420
531.580000 0.104329
532.610000 0.140784
533.630000 0.092541
534.640000 0.090749
535.710000 0.073406
536.740000 0.087658
537.750000 0.085331
538.770000 0.067059
539.771000 0.081998
540.780000 0.084622
541.782000 0.113317
542.810000 0.113113
543.820000 0.124610
544.840000 0.110533
545.850000 0.134091
546.851000 0.127097
547.860000 0.106315
548.870000 0.104293
549.880000 0.088040
550.900000 0.084494
551.927000 0.091910
552.940000 0.078886
553.952000 0.113549
554.960000 0.116714
556.250000 0.085278
557.260000 0.193687
558.390000 0.189359
559.410000 0.236279
560.430000 0.165522
561.431000 0.196795
562.440000 0.185744
563.450000 0.161743
564.460000 0.207232
565.469000 0.146990
566.470000 0.213195
567.472000 0.164399
568.480000 0.162857
569.489000 0.132868
570.499000 0.073703
571.500000 0.095664
572.509000 0.112531
573.510000 0.099764
574.519000 0.109024
575.520000 0.148963
576.530000 0.150345
577.539000 0.130722
578.549000 0.150345
579.550000 0.128464
580.560000 0.126527
581.570000 0.119192
582.580000 0.116483
583.589000 0.141566
584.599000 0.153053
585.600000 0.158529
586.610000 0.127881
587.620000 0.161180
588.629000 0.161340
589.639000 0.148198
590.640000 0.189962
591.649000 0.199865
592.660000 0.181318
593.669000 0.156480
594.670000 0.154430
595.679000 0.146426
596.699000 0.149427
597.700000 0.247361
598.709000 0.160547
599.719000 0.172016
600.749000 0.154617
601.759000 0.159826
602.769000 0.176079
603.770000 0.163194
604.779000 0.172186
605.789000 0.150910
606.790000 0.285626
607.791000 0.215129
608.799000 0.268714
609.800000 0.160464
610.809000 0.195235
611.819000 0.144135
612.839000 0.206541
613.849000 0.184765
614.850000 0.222761
615.859000 0.250033
616.860000 0.215928
617.869000 0.138853
618.889000 0.193129
619.899000 0.184768
620.919000 0.185082
621.920000 0.157163
622.939000 0.082449
623.952000 0.148549
624.969000 0.131823
625.979000 0.081830
626.989000 0.079913
627.999000 0.098875
629.000000 0.083365
630.028000 0.082506
631.039000 0.089867
632.040000 0.103864
633.049000 0.103041
634.059000 0.147636
635.069000 0.154970
636.078000 0.184389
637.079000 0.227429
638.089000 0.260618
639.099000 0.239739
640.168000 0.155375
641.188000 0.108635
642.198000 0.067723
643.229000 0.057055
644.239000 0.067723
645.258000 0.142862
646.259000 0.172196
647.260000 0.183129
648.261000 0.219229
649.299000 0.194281
650.309000 0.230257
651.339000 0.171883
652.348000 0.184389
653.368000 0.136800
654.369000 0.168663
655.379000 0.195042
656.388000 0.136143
657.399000 0.169139
658.408000 0.146426
659.418000 0.111628
660.419000 0.155796
661.428000 0.136936
662.448000 0.091757
663.470000 0.085667
664.488000 0.135725
665.508000 0.077788
666.728000 0.077836
667.788000 0.034878
668.938000 0.021412
670.079000 0.004796
671.108000 0.053178
672.429000 0.011391
673.448000 0.072495
674.468000 0.065718
675.488000 0.081812
676.518000 0.035860
677.628000 0.010371
679.388000 0.005441
680.398000 0.094812
681.399000 0.161263
682.400000 0.140763
683.408000 0.163421
684.418000 0.172016
685.428000 0.098083
686.438000 0.167952
687.588000 0.186066
688.599000 0.209733
689.600000 0.132563
690.608000 0.103706
691.609000 0.243261
692.610000 0.252028
693.618000 0.251071
694.628000 0.251137
695.630000 0.300926
696.638000 0.292349
697.639000 0.292460
698.648000 0.267655
699.649000 0.310793
700.808000 0.306195
701.809000 0.368991
702.818000 0.176817
703.819000 0.283461
704.821000 0.322204
705.829000 0.314063
706.838000 0.339512
707.848000 0.385228
708.849000 0.375025
709.868000 0.371085
710.869000 0.383225
711.878000 0.426283
712.888000 0.400127
713.889000 0.428324
714.898000 0.327310
715.900000 0.361796
716.908000 0.375136
717.909000 0.340859
718.910000 0.306693
719.917000 0.232866
720.928000 0.313923
721.929000 0.279361
722.938000 0.247318
723.947000 0.180321
724.957000 0.173370
725.958000 0.190529
726.960000 0.285908
727.998000 0.351114
729.018000 0.402910
730.028000 0.489521
731.030000 0.358267
732.038000 0.362357
733.048000 0.318859
734.049000 0.350426
735.068000 0.365715
736.078000 0.347303
737.087000 0.248674
738.097000 0.222131
739.127000 0.179852
740.128000 0.127097
741.139000 0.113662
742.157000 0.086004
743.167000 0.104855
744.168000 0.240527
745.177000 0.220202
746.187000 0.147636
747.228000 0.175315
748.229000 0.274693
749.237000 0.193287
750.267000 0.146097
751.277000 0.085331
752.367000 0.102180
753.377000 0.180143
754.387000 0.215358
755.389000 0.188974
756.397000 0.217143
757.398000 0.236995
758.407000 0.212067
759.417000 0.288499
760.427000 0.149552
761.437000 0.172016
762.537000 0.157215
763.547000 0.222131
764.549000 0.163832
765.558000 0.153768
766.567000 0.197946
767.577000 0.196958
768.587000 0.328341
769.747000 0.314186
770.977000 0.333008
771.980000 0.405081
772.987000 0.302149
773.988000 0.308060
774.997000 0.275790
776.007000 0.302044
777.008000 0.247928
778.017000 0.263588
779.018000 0.296559
780.027000 0.260876
781.037000 0.321568
782.039000 0.233461
783.047000 0.297778
784.048000 0.291660
785.049000 0.327192
786.067000 0.217697
787.068000 0.153630
788.076000 0.255143
789.096000 0.184298
790.106000 0.119192
791.117000 0.127193
792.126000 0.099536
793.127000 0.180396
794.128000 0.253395
795.137000 0.332170
796.138000 0.295760
797.139000 0.242462
798.187000 0.315130
799.188000 0.273327
800.189000 0.324460
801.197000 0.280135
802.247000 0.331467
803.258000 0.212439
804.276000 0.154538
805.297000 0.054151
806.299000 0.176120
807.302000 0.214700
808.306000 0.264335
809.307000 0.286194
810.316000 0.298838
811.317000 0.266494
812.318000 0.262961
813.339000 0.245195
814.341000 0.384208
815.346000 0.237413
816.348000 0.259968
817.356000 0.257857
818.359000 0.315629
819.361000 0.404687
820.366000 0.185688
821.367000 0.539021
822.369000 0.554866
823.373000 0.480183
824.476000 0.426437
825.536000 0.386415
826.576000 0.393846
827.577000 0.390857
828.578000 0.302593
829.586000 0.248921
830.587000 0.338126
831.597000 0.363556
832.646000 0.378730
833.648000 0.445626
834.656000 0.373797
835.727000 0.379892
836.728000 0.502122
837.747000 0.524130
838.748000 0.556787
839.751000 0.493503
840.807000 0.363266
841.808000 0.636052
842.887000 0.534814
843.888000 0.581387
844.892000 0.572837
845.926000 0.464155
846.927000 0.463856
847.936000 0.354426
848.937000 0.506222
849.938000 0.660651
850.945000 0.224715
852.186000 0.194469
853.196000 0.250823
854.205000 0.184951
855.206000 0.224128
856.216000 0.187474
857.217000 0.312959
858.226000 0.386968
859.236000 0.256554
860.245000 0.264944
861.246000 0.281526
862.247000 0.217862
863.306000 0.269228
864.308000 0.302026
865.316000 0.303205
866.318000 0.597190
867.320000 0.540415
868.326000 0.575777
869.327000 0.487089
870.328000 0.431057
871.336000 0.422635
872.337000 0.457590
873.338000 0.559520
874.347000 0.487294
875.356000 0.488650
876.357000 0.394158
877.365000 0.375135
878.376000 0.472799
879.377000 0.432424
880.378000 0.402358
881.386000 0.410421
882.396000 0.422360
883.406000 0.450242
884.416000 0.362202
885.417000 0.366258
886.425000 0.318135
887.426000 0.305327
888.505000 0.216059
889.506000 0.256927
890.516000 0.247073
891.526000 0.339176
892.535000 0.260313
893.537000 0.246315
894.555000 0.274695
895.556000 0.321159
896.565000 0.221558
897.575000 0.271453
898.577000 0.337222
899.585000 0.293706
900.586000 0.226062
901.587000 0.340292
902.597000 0.308024
903.598000 0.366825
904.606000 0.324921
905.607000 0.344959
906.616000 0.332733
907.617000 0.308859
908.618000 0.265694
909.625000 0.242375
910.635000 0.231612
911.637000 0.231297
912.645000 0.247000
913.655000 0.176642
914.656000 0.204995
915.661000 0.173437
916.665000 0.235721
917.675000 0.206440
918.676000 0.233694
919.685000 0.202577
920.695000 0.214004
921.716000 0.135882
922.725000 0.109820
923.744000 0.124852
924.815000 0.091219
925.824000 0.084059
926.835000 0.132605
927.845000 0.125964
928.855000 0.150907
929.864000 0.181677
930.865000 0.091564
931.875000 0.087248
932.895000 0.160941
933.965000 0.047305
934.996000 0.092881
936.144000 0.049352
937.154000 0.174725
938.155000 0.094298
939.176000 0.079052
940.184000 0.077921
941.194000 0.082622
942.284000 0.028866
943.285000 0.154430
944.295000 0.275517
945.296000 0.249634
946.297000 0.207389
947.435000 0.178411
948.437000 0.296559
949.444000 0.126904
950.455000 0.161021
951.457000 0.180216
952.464000 0.179885
953.465000 0.140763
954.494000 0.124968
955.504000 0.058804
956.524000 0.072424
957.544000 0.061694
958.554000 0.046051
959.574000 0.054988
960.594000 0.057671
961.904000 0.047426
962.905000 0.069698
963.924000 0.033562
964.944000 0.026824
965.954000 0.035216
966.955000 0.099764
967.956000 0.191896
968.964000 0.263286
969.974000 0.141426
970.984000 0.063659
972.046000 0.050237
973.074000 0.037261
974.084000 0.079913
975.104000 0.081812
976.124000 0.081027
977.136000 0.174379
978.154000 0.187682
979.164000 0.135109
980.166000 0.219808
981.184000 0.183317
982.344000 0.239890
983.364000 0.309812
984.384000 0.199051
985.403000 0.126194
986.424000 0.076372
987.504000 0.086659
988.514000 0.107108
989.524000 0.108356
990.624000 0.174625
991.634000 0.174898
992.636000 0.204790
993.644000 0.217706
994.664000 0.160941
995.674000 0.115691
996.675000 0.225495
997.676000 0.290294
998.684000 0.234786
999.685000 0.235628
1000.686000 0.236995
1001.695000 0.241332
1002.700000 0.195216
1003.703000 0.220953
1004.724000 0.186797
1005.734000 0.136800
1006.744000 0.148990
1007.753000 0.255453
1008.763000 0.222693
1009.764000 0.215928
1010.773000 0.194442
1011.774000 0.258294
1012.775000 0.297127
1013.789000 0.278477
1014.823000 0.325462
1015.834000 0.298247
1016.853000 0.310673
1017.855000 0.247681
1018.856000 0.332092
1019.864000 0.297778
1020.865000 0.284827
1021.873000 0.280135
1022.874000 0.288360
1023.875000 0.268428
1024.883000 0.255706
1025.903000 0.234706
1026.904000 0.252028
1027.905000 0.311592
1028.913000 0.240778
1029.923000 0.221339
1030.924000 0.206362
1031.943000 0.139619
1032.944000 0.149530
1033.945000 0.286194
1034.946000 0.310226
1035.953000 0.274979
1036.954000 0.291660
1037.963000 0.457467
1038.973000 0.317505
1039.975000 0.367257
1040.993000 0.294853
1042.003000 0.163097
1043.004000 0.256927
1044.014000 0.248428
1045.015000 0.383225
1046.023000 0.362921
1047.213000 0.275227
1048.223000 0.288499
1049.224000 0.220595
1050.233000 0.241332
1051.253000 0.197710
1052.254000 0.211828
1053.255000 0.174129
1054.263000 0.236143
1055.264000 0.236995
1056.273000 0.258165
1057.274000 0.202262
1058.323000 0.167466
1059.333000 0.163889
1060.342000 0.107108
1061.352000 0.077204
1062.982000 0.021821
1063.992000 0.060158
1064.993000 0.071065
1066.002000 0.108464
1067.053000 0.029937
1068.083000 0.037224
1069.092000 0.048809
1070.102000 0.039279
1071.473000 0.023364
1072.483000 0.074495
1073.502000 0.114190
1074.753000 0.048051
1075.762000 0.061011
1076.763000 0.113998
1077.798000 0.128209
1078.812000 0.164592
1079.822000 0.104855
1080.832000 0.124610
1081.833000 0.118897
