0.000000 0.114788
1.008000 0.124683
2.020000 0.142111
3.027000 0.097017
4.039000 0.128419
5.048000 0.128801
6.059000 0.115577
7.080000 0.140686
8.088000 0.146571
9.099000 0.096633
10.120000 0.120588
11.127000 0.078792
12.128000 0.040999
13.148000 0.056329
14.159000 0.058184
15.167000 0.052135
16.176000 0.142359
17.180000 0.182582
18.187000 0.136413
19.200000 0.162053
20.247000 0.159947
21.259000 0.236561
22.347000 0.156434
23.359000 0.221692
24.367000 0.182758
25.379000 0.124028
26.387000 0.192714
27.408000 0.135882
28.419000 0.098777
29.427000 0.134357
30.440000 0.085078
31.447000 0.105168
32.460000 0.155301
33.479000 0.149017
34.499000 0.127969
35.507000 0.099071
36.527000 0.095224
37.539000 0.067589
38.547000 0.064349
39.567000 0.093882
40.579000 0.086514
41.599000 0.064376
42.619000 0.064376
43.620000 0.072432
44.651000 0.044338
45.660000 0.071857
46.667000 0.088302
47.707000 0.097338
48.727000 0.096565
49.807000 0.067659
50.820000 0.098582
51.827000 0.114113
52.840000 0.122890
53.867000 0.105784
54.887000 0.120706
55.899000 0.118957
56.919000 0.098463
57.927000 0.122143
58.932000 0.133397
59.979000 0.110296
60.980000 0.120264
62.000000 0.124729
63.008000 0.131643
64.020000 0.106000
65.052000 0.091465
66.067000 0.115909
67.808000 0.009416
68.812000 0.170916
69.827000 0.078171
70.867000 0.073662
71.868000 0.079265
72.887000 0.048330
73.900000 0.043214
74.919000 0.019352
75.927000 0.040714
76.931000 0.049052
77.940000 0.120666
78.959000 0.106057
79.967000 0.090135
80.987000 0.140824
82.007000 0.071082
83.019000 0.077051
84.028000 0.082704
85.040000 0.083017
86.067000 0.079922
87.999000 0.031155
89.019000 0.048282
90.032000 0.112087
91.039000 0.081024
92.051000 0.090569
93.059000 0.061071
94.079000 0.087176
95.099000 0.042918
96.259000 0.014152
97.287000 0.019634
98.711000 0.031938
99.732000 0.028392
101.227000 0.070459
102.267000 0.024992
103.519000 0.009834
104.527000 0.154714
105.539000 0.056775
106.540000 0.057966
107.559000 0.107399
108.560000 0.117530
109.567000 0.082868
110.579000 0.070854
111.592000 0.102634
112.599000 0.167094
113.619000 0.093882
114.627000 0.064349
115.639000 0.056775
116.647000 0.044786
117.659000 0.066237
118.667000 0.126214
119.739000 0.093687
120.740000 0.173578
121.747000 0.145343
122.768000 0.106405
123.771000 0.133663
124.779000 0.160143
125.787000 0.140349
126.807000 0.181059
127.827000 0.084577
128.879000 0.041612
129.887000 0.091492
130.899000 0.187897
132.027000 0.143610
133.047000 0.190447
134.059000 0.179787
135.067000 0.137635
136.079000 0.160862
137.088000 0.100329
138.100000 0.087075
139.107000 0.169811
140.120000 0.219333
141.128000 0.190000
142.139000 0.177258
143.147000 0.145778
144.159000 0.179787
145.168000 0.168682
146.179000 0.196202
147.187000 0.182421
148.207000 0.207882
149.219000 0.177644
150.227000 0.195429
151.379000 0.152493
152.387000 0.168620
153.388000 0.170829
154.399000 0.134520
155.408000 0.214216
156.411000 0.166963
157.419000 0.206286
158.452000 0.167411
159.459000 0.216000
160.467000 0.197349
161.471000 0.234359
162.480000 0.195798
163.487000 0.230943
164.500000 0.204478
165.507000 0.255396
166.519000 0.157368
167.527000 0.268714
168.539000 0.178996
169.559000 0.234706
170.560000 0.200096
171.699000 0.226297
172.707000 0.282286
173.720000 0.204478
174.747000 0.249091
175.760000 0.236888
176.779000 0.236836
177.780000 0.269227
178.787000 0.251885
179.799000 0.133826
180.807000 0.170206
181.808000 0.230961
182.819000 0.184586
183.827000 0.207643
184.840000 0.149899
185.847000 0.189394
186.859000 0.191953
187.867000 0.126778
188.880000 0.147198
189.892000 0.174379
190.908000 0.106929
192.159000 0.043741
193.187000 0.063875
194.219000 0.037116
195.220000 0.097031
196.239000 0.052357
197.240000 0.023801
198.247000 0.127698
199.252000 0.227319
200.260000 0.193278
201.268000 0.202214
202.272000 0.173610
203.428000 0.239536
204.439000 0.219205
205.440000 0.200096
206.447000 0.294792
207.459000 0.219549
208.607000 0.250739
209.612000 0.265433
210.627000 0.245856
211.647000 0.197153
212.651000 0.140908
213.659000 0.146571
214.667000 0.153357
215.680000 0.109947
216.700000 0.085835
217.708000 0.145214
218.748000 0.015769
219.760000 0.238506
220.767000 0.130415
221.779000 0.110846
222.799000 0.093098
223.807000 0.092286
224.819000 0.071644
226.700000 0.025455
227.707000 0.174451
228.727000 0.164965
229.740000 0.191763
230.760000 0.154792
231.767000 0.183396
232.780000 0.185572
233.787000 0.226868
234.800000 0.143708
235.807000 0.217358
236.808000 0.191896
237.812000 0.223458
238.819000 0.221998
239.827000 0.259214
240.839000 0.231715
241.840000 0.234262
242.852000 0.281170
243.859000 0.188036
244.867000 0.283925
245.880000 0.209879
246.967000 0.214469
247.968000 0.157163
248.979000 0.197555
249.980000 0.134498
250.999000 0.068467
252.028000 0.077108
253.039000 0.129899
254.047000 0.113206
255.060000 0.156652
256.067000 0.179321
257.079000 0.072277
260.160000 0.003552
261.179000 0.332153
262.180000 0.138030
263.184000 0.055865
264.207000 0.217189
265.212000 0.287212
266.219000 0.230149
267.220000 0.215928
268.227000 0.148640
269.259000 0.068930
270.271000 0.024332
272.927000 0.001030
274.039000 0.034446
275.047000 0.054286
276.059000 0.047312
277.087000 0.026615
278.091000 0.046327
279.115000 0.029945
280.120000 0.143068
281.140000 0.069741
282.159000 0.088605
283.167000 0.092849
284.172000 0.174233
285.179000 0.184755
286.188000 0.100892
287.199000 0.109602
288.219000 0.089859
289.259000 0.055246
290.267000 0.090135
291.279000 0.181138
292.295000 0.171000
293.313000 0.140452
294.320000 0.190189
295.332000 0.128980
296.339000 0.188830
297.351000 0.191953
298.367000 0.135205
299.379000 0.197360
300.388000 0.176817
302.400000 0.080231
303.412000 0.222253
304.419000 0.229585
305.440000 0.157475
307.047000 0.022133
308.379000 0.247940
309.399000 0.105953
310.415000 0.071362
311.419000 0.197570
312.439000 0.161498
313.452000 0.232276
314.459000 0.149999
315.471000 0.155455
316.499000 0.137619
317.508000 0.183033
318.519000 0.166433
319.531000 0.057336
320.559000 0.090490
321.579000 0.053647
322.580000 0.159896
323.587000 0.174451
324.591000 0.212558
325.600000 0.168682
326.607000 0.171170
327.612000 0.151093
328.619000 0.137772
329.647000 0.098475
330.660000 0.158002
331.667000 0.170375
332.680000 0.212020
333.687000 0.179885
334.692000 0.236848
335.700000 0.189206
336.711000 0.212439
337.719000 0.109135
338.739000 0.073765
339.759000 0.077788
340.779000 0.061694
341.807000 0.034599
342.819000 0.050016
344.079000 0.047137
345.119000 0.051300
346.188000 0.014077
347.199000 0.089394
348.207000 0.118071
349.227000 0.113333
350.228000 0.105111
351.779000 0.026460
352.787000 0.036643
353.800000 0.083728
354.807000 0.123623
355.819000 0.051929
356.827000 0.084143
357.828000 0.083365
358.839000 0.079834
359.859000 0.103271
360.867000 0.090135
361.887000 0.118024
362.899000 0.117605
363.967000 0.108127
364.980000 0.140446
365.987000 0.148075
366.999000 0.127755
368.000000 0.172196
369.007000 0.192906
370.020000 0.168016
371.027000 0.203774
372.031000 0.173610
373.039000 0.214429
374.051000 0.181700
375.060000 0.250823
376.072000 0.203328
377.211000 0.229900
378.219000 0.242929
379.251000 0.159619
380.252000 0.261027
381.260000 0.238063
382.271000 0.266564
383.280000 0.237828
384.367000 0.200626
385.371000 0.282048
386.372000 0.234262
387.379000 0.297509
388.399000 0.209780
389.412000 0.204478
390.419000 0.251321
391.427000 0.186492
392.439000 0.209526
393.459000 0.170886
394.467000 0.192714
395.587000 0.177614
396.599000 0.145992
397.611000 0.129771
399.000000 0.011804
400.019000 0.254320
401.027000 0.223929
402.039000 0.157368
403.048000 0.165407
404.051000 0.146504
405.059000 0.221214
406.072000 0.176118
407.079000 0.202415
408.091000 0.135178
409.092000 0.107165
410.099000 0.129057
411.108000 0.138291
412.119000 0.083099
413.120000 0.083365
415.799000 0.017872
416.800000 0.136663
417.808000 0.137071
418.828000 0.035430
419.859000 0.062363
420.867000 0.108571
421.927000 0.094211
422.948000 0.101046
423.960000 0.127067
424.967000 0.127698
425.979000 0.137881
426.999000 0.129310
428.007000 0.158786
429.051000 0.125027
430.060000 0.146426
431.079000 0.138277
432.080000 0.123564
433.087000 0.152151
434.100000 0.159352
435.107000 0.126905
436.139000 0.153767
437.147000 0.108571
438.159000 0.087866
439.160000 0.071632
440.167000 0.081509
441.187000 0.048282
442.207000 0.069741
443.211000 0.110367
444.319000 0.037552
445.328000 0.124733
446.332000 0.141705
447.339000 0.129057
448.340000 0.100332
449.347000 0.073358
450.360000 0.064821
451.367000 0.076075
452.379000 0.058126
453.539000 0.039407
454.568000 0.059825
455.579000 0.086599
456.587000 0.084143
457.607000 0.077788
458.620000 0.090480
459.627000 0.072564
460.631000 0.087203
461.639000 0.090929
462.643000 0.084478
463.647000 0.082319
464.679000 0.083512
465.687000 0.059714
466.716000 0.049190
467.736000 0.053647
468.748000 0.045960
471.460000 0.006044
472.467000 0.120143
473.500000 0.043702
474.519000 0.042960
475.528000 0.043386
476.559000 0.042460
477.579000 0.040235
478.620000 0.045994
479.647000 0.043957
480.656000 0.043386
481.787000 0.021065
482.808000 0.038856
483.847000 0.039500
484.848000 0.039632
485.860000 0.041905
486.887000 0.045289
487.899000 0.052719
488.919000 0.071082
489.920000 0.075732
490.927000 0.088302
491.943000 0.088866
492.948000 0.096645
493.967000 0.075180
494.999000 0.056225
496.019000 0.054988
497.040000 0.065653
498.059000 0.060412
499.067000 0.088214
500.087000 0.065718
501.119000 0.060977
502.120000 0.038833
503.140000 0.075106
504.159000 0.073837
505.167000 0.047500
506.179000 0.056775
507.196000 0.039009
508.227000 0.038479
509.240000 0.035112
510.259000 0.020695
511.279000 0.024141
512.296000 0.026903
513.300000 0.028614
514.308000 0.039357
515.339000 0.041249
516.340000 0.046346
517.359000 0.041617
518.360000 0.054665
519.487000 0.074548
520.499000 0.068941
521.508000 0.051520
522.520000 0.058126
523.540000 0.071082
524.559000 0.079207
525.719000 0.065352
526.727000 0.052929
527.760000 0.056945
528.800000 0.053931
529.827000 0.047953
530.839000 0.031091
531.847000 0.016286
541.640000 0.001673
542.648000 0.128167
543.747000 0.011203
545.179000 0.004777
546.192000 0.079676
547.207000 0.099736
548.220000 0.135044
549.227000 0.117394
550.228000 0.118897
551.235000 0.086943
552.239000 0.153509
553.247000 0.143521
554.259000 0.120308
555.267000 0.057000
556.387000 0.077457
557.400000 0.166105
558.407000 0.078792
559.419000 0.109494
560.420000 0.116731
561.427000 0.105962
562.447000 0.053647
563.459000 0.083810
564.468000 0.078636
565.480000 0.028949
566.520000 0.056562
567.527000 0.050264
568.547000 0.073765
569.559000 0.066237
570.587000 0.057222
571.607000 0.059012
572.628000 0.036732
573.647000 0.102029
574.659000 0.095976
575.667000 0.092286
576.679000 0.089217
577.687000 0.053492
578.719000 0.037116
579.739000 0.025482
580.839000 0.017411
581.847000 0.012214
583.379000 0.005358
584.387000 0.129185
585.399000 0.120308
586.400000 0.051133
587.419000 0.068467
588.428000 0.071857
589.439000 0.089353
590.447000 0.103095
591.472000 0.079298
592.480000 0.124857
593.488000 0.092286
594.499000 0.087953
595.507000 0.068421
596.519000 0.108142
597.520000 0.095664
598.527000 0.093736
599.539000 0.068941
600.560000 0.060850
601.580000 0.071082
602.588000 0.073286
606.468000 0.004224
607.471000 0.252921
608.479000 0.119706
609.488000 0.087849
610.567000 0.133123
611.579000 0.151960
612.580000 0.163996
613.588000 0.128135
614.599000 0.154255
615.607000 0.145214
616.627000 0.122604
617.640000 0.147198
618.647000 0.134491
619.660000 0.132904
620.667000 0.148075
621.699000 0.111349
622.719000 0.020118
624.200000 0.002771
625.439000 0.058977
626.447000 0.046143
627.480000 0.075485
628.519000 0.032755
629.567000 0.021046
697.000000 0.000160
700.256000 0.005033
701.319000 0.022066
702.379000 0.009034
703.419000 0.010523
704.679000 0.015200
705.955000 0.007505
707.000000 0.009164
708.079000 0.007607
709.255000 0.005816
710.259000 0.009538
711.320000 0.006447
712.359000 0.003950
713.479000 0.006107
714.499000 0.009388
715.655000 0.007100
716.756000 0.007455
720.643000 0.002112
721.675000 0.005302
722.899000 0.005588
725.300000 0.012763
726.320000 0.005286
727.475000 0.004668
728.555000 0.003744
729.635000 0.004993
730.759000 0.004797
731.779000 0.003965
732.919000 0.004730
734.135000 0.004434
735.320000 0.004550
736.375000 0.005111
737.420000 0.005160
738.655000 0.004366
739.775000 0.006018
740.795000 0.003965
742.255000 0.003693
743.515000 0.005349
744.520000 0.004024
745.759000 0.004352
746.919000 0.004648
748.015000 0.004920
749.255000 0.003261
750.679000 0.002840
751.855000 0.004585
752.919000 0.006335
753.935000 0.005307
754.999000 0.005068
756.619000 0.003805
757.879000 0.004279
759.559000 0.002750
760.759000 0.004493
761.815000 0.003830
784.895000 0.000058
805.323000 0.000066
806.668000 0.003007
807.683000 0.004745
808.983000 0.005185
829.903000 0.000783
830.928000 0.063485
832.484000 0.006064
833.703000 0.003317
834.868000 0.006942
836.043000 0.004589
837.123000 0.007489
838.587000 0.007366
840.003000 0.006664
841.623000 0.004160
842.763000 0.009460
844.128000 0.007900
845.343000 0.005547
847.007000 0.004050
848.703000 0.005564
850.143000 0.000936
853.847000 0.000728
854.852000 0.004028
856.443000 0.000847
857.463000 0.007929
858.527000 0.002534
859.667000 0.004730
860.803000 0.004746
861.988000 0.003413
863.007000 0.003969
866.743000 0.000670
868.143000 0.002889
869.308000 0.002314
870.424000 0.004832
871.587000 0.005795
872.623000 0.013012
873.744000 0.013227
874.783000 0.015569
875.823000 0.014258
877.003000 0.012566
878.247000 0.009752
879.363000 0.007247
880.843000 0.005465
881.863000 0.005286
884.043000 0.001855
885.223000 0.005712
886.296000 0.002513
887.323000 0.003938
888.603000 0.003159
889.743000 0.004730
891.183000 0.001872
892.547000 0.005930
893.943000 0.002897
895.003000 0.003822
896.163000 0.002145
897.267000 0.003663
898.443000 0.002469
899.911000 0.003673
901.003000 0.007407
902.067000 0.006335
903.211000 0.006804
912.063000 0.000152
913.364000 0.061365
914.387000 0.021083
915.408000 0.023765
916.423000 0.021249
917.908000 0.006354
919.263000 0.032688
920.427000 0.010423
921.663000 0.026175
922.743000 0.026211
923.883000 0.023649
924.927000 0.021950
925.983000 0.022977
927.063000 0.023352
929.667000 0.000518
930.807000 0.028723
931.863000 0.070208
932.867000 0.020139
933.927000 0.020347
935.003000 0.021297
937.367000 0.002281
939.543000 0.026550
940.563000 0.011894
941.583000 0.015859
942.587000 0.010741
943.803000 0.009977
944.823000 0.015859
945.987000 0.016213
947.027000 0.020738
948.147000 0.019274
949.167000 0.023788
952.268000 0.003043
953.367000 0.036797
954.383000 0.051744
955.467000 0.013679
956.503000 0.019517
957.627000 0.014391
958.748000 0.018037
959.847000 0.014719
960.887000 0.019442
962.008000 0.013227
963.063000 0.012777
964.083000 0.013216
965.143000 0.002362
966.603000 0.004616
968.448000 0.004384
969.603000 0.005835
971.187000 0.005957
972.327000 0.001182
973.343000 0.005307
974.683000 0.003018
980.051000 0.001004
981.312000 0.004276
982.547000 0.010915
983.867000 0.007148
984.872000 0.008048
985.931000 0.006364
987.047000 0.006039
988.067000 0.007929
989.071000 0.013426
990.331000 0.011768
991.391000 0.013471
992.627000 0.008100
993.635000 0.016048
1000.307000 0.001414
1001.352000 0.007740
1002.527000 0.008031
1003.571000 0.010330
1005.527000 0.023431
1006.727000 0.012357
1007.807000 0.028707
1008.867000 0.006358
1009.907000 0.007777
1010.951000 0.007747
1011.987000 0.011710
1013.007000 0.011894
1014.087000 0.011233
1015.107000 0.007929
1019.747000 0.001743
1021.151000 0.021946
1022.231000 0.007489
1023.311000 0.007489
1024.451000 0.008277
1025.531000 0.009985
1026.611000 0.011233
1027.707000 0.012299
1028.787000 0.011233
1029.803000 0.011941
1030.887000 0.008705
1031.951000 0.008868
1033.031000 0.007489
1034.187000 0.008163
1035.192000 0.009389
1036.227000 0.007814
1037.252000 0.007891
1038.371000 0.008433
1039.691000 0.007148
1040.851000 0.008169
1041.971000 0.008389
1043.067000 0.008609
1044.227000 0.008134
1057.188000 0.000225
1058.471000 0.021889
1059.491000 0.005341
1060.531000 0.006427
1061.831000 0.022812
1062.887000 0.005333
1064.471000 0.004955
1066.187000 0.020163
1067.371000 0.008348
1068.407000 0.005205
1069.691000 0.008399
