0.000000 0.302538
1.023000 0.385681
2.030000 0.304866
3.041000 0.529630
4.050000 0.446620
5.051000 0.469890
6.052000 0.482989
7.053000 0.480256
8.061000 0.532563
9.110000 0.507073
10.112000 0.580806
11.120000 0.508135
12.121000 0.523988
13.122000 0.504056
14.123000 0.519888
15.124000 0.526721
16.180000 0.488167
17.190000 0.500356
18.191000 0.534918
19.192000 0.563623
20.200000 0.500556
21.210000 0.517964
22.275000 0.361480
23.281000 0.351753
24.282000 0.491189
25.289000 0.462451
26.290000 0.454290
27.300000 0.412317
28.301000 0.440623
29.370000 0.471993
30.380000 0.486812
31.381000 0.508955
32.382000 0.391425
33.400000 0.396982
34.401000 0.455656
35.409000 0.471492
36.410000 0.388691
37.411000 0.377758
38.412000 0.351792
39.413000 0.400991
40.419000 0.426195
41.420000 0.422857
42.421000 0.424224
43.439000 0.270664
44.440000 0.343592
45.441000 0.364891
46.450000 0.297483
47.451000 0.347692
48.470000 0.383168
49.479000 0.296127
50.489000 0.334550
51.490000 0.338126
52.509000 0.305303
53.519000 0.275517
54.579000 0.288332
55.580000 0.265127
56.581000 0.223329
57.582000 0.243261
58.590000 0.323564
59.591000 0.358625
60.599000 0.293706
61.603000 0.302486
62.609000 0.340525
63.610000 0.349059
64.629000 0.332153
65.630000 0.339493
66.679000 0.284835
67.680000 0.310226
68.689000 0.216135
69.690000 0.269227
70.699000 0.221558
71.839000 0.181698
72.840000 0.239161
73.944000 0.014854
74.948000 0.316709
75.949000 0.240527
76.959000 0.196958
77.969000 0.205877
78.970000 0.161830
79.979000 0.220995
80.989000 0.247073
82.019000 0.102268
83.028000 0.121229
84.048000 0.105953
85.058000 0.108356
86.069000 0.153799
87.079000 0.118856
88.082000 0.155486
89.088000 0.165105
90.099000 0.190789
91.108000 0.193086
92.119000 0.142077
93.128000 0.123378
94.198000 0.123267
95.199000 0.143497
96.208000 0.132868
97.219000 0.100131
98.220000 0.107165
99.229000 0.162696
100.242000 0.166664
101.248000 0.131905
102.249000 0.121630
103.258000 0.142359
104.269000 0.139933
105.278000 0.119310
106.281000 0.120024
107.289000 0.106421
108.298000 0.109820
109.299000 0.132563
110.320000 0.107745
111.328000 0.142500
112.338000 0.134091
113.348000 0.119754
114.358000 0.140863
115.379000 0.167483
116.389000 0.142780
117.398000 0.162696
118.408000 0.155762
119.418000 0.138717
120.438000 0.131435
121.441000 0.148666
122.458000 0.121620
123.468000 0.135446
124.528000 0.163147
125.538000 0.159826
126.559000 0.204999
127.578000 0.136149
128.588000 0.154408
129.628000 0.147869
130.638000 0.190978
131.658000 0.158259
132.668000 0.159034
133.678000 0.162535
134.728000 0.133432
135.738000 0.148990
136.748000 0.148990
137.758000 0.173933
138.768000 0.155762
139.769000 0.241095
140.778000 0.172186
141.868000 0.164932
142.878000 0.147636
143.887000 0.120666
144.898000 0.092012
145.908000 0.072349
146.918000 0.097521
147.938000 0.112659
148.958000 0.126071
149.968000 0.138717
150.978000 0.199105
151.988000 0.161743
152.989000 0.148963
153.997000 0.147929
154.998000 0.163178
156.008000 0.150345
157.017000 0.139647
158.028000 0.092592
159.038000 0.155762
160.047000 0.141003
161.058000 0.122343
162.067000 0.145070
163.088000 0.151405
164.098000 0.219984
165.108000 0.162535
166.117000 0.113094
167.127000 0.132737
168.147000 0.116682
169.167000 0.110533
170.177000 0.086685
171.187000 0.086685
172.197000 0.089394
173.207000 0.090749
174.208000 0.083932
175.217000 0.120666
176.227000 0.092103
177.237000 0.090749
178.247000 0.092665
179.267000 0.083153
180.277000 0.089394
181.297000 0.069741
182.307000 0.092103
183.317000 0.058804
184.337000 0.061694
185.357000 0.063035
186.367000 0.059596
187.417000 0.058629
188.438000 0.054934
189.447000 0.050165
190.477000 0.029771
191.527000 0.032571
192.547000 0.024141
193.557000 0.044697
194.577000 0.041576
195.607000 0.043829
196.617000 0.032507
197.637000 0.034871
198.667000 0.019922
199.717000 0.018240
200.747000 0.017266
201.777000 0.022579
202.867000 0.018914
203.897000 0.009204
205.227000 0.007200
206.632000 0.003569
213.430000 0.000151
214.440000 0.208586
215.441000 0.211029
216.650000 0.188963
217.660000 0.215921
218.661000 0.224032
219.670000 0.231144
220.720000 0.298895
221.721000 0.330725
222.730000 0.286636
223.731000 0.299860
224.820000 0.283166
225.830000 0.330487
226.831000 0.302593
227.840000 0.293415
228.841000 0.306693
229.850000 0.325391
230.860000 0.287707
231.870000 0.286352
232.940000 0.288193
233.949000 0.314545
234.950000 0.264328
235.951000 0.288927
236.960000 0.296920
237.961000 0.284827
238.969000 0.282849
240.030000 0.290639
241.031000 0.327992
242.040000 0.296127
243.050000 0.283644
244.099000 0.299180
245.110000 0.312570
246.111000 0.302593
247.120000 0.290704
248.189000 0.296142
249.190000 0.325259
250.191000 0.298494
251.192000 0.294394
252.239000 0.295832
253.240000 0.329359
254.242000 0.265426
255.249000 0.295359
256.250000 0.330725
257.251000 0.295760
258.260000 0.297483
259.269000 0.290704
260.270000 0.323892
261.271000 0.271161
262.279000 0.269279
263.339000 0.279298
264.340000 0.315692
265.349000 0.273078
266.360000 0.280657
267.369000 0.283362
268.371000 0.274986
269.372000 0.264328
270.381000 0.267092
275.994000 0.002919
279.110000 0.019510
280.122000 0.243320
281.201000 0.531010
282.202000 0.567720
283.212000 0.641220
284.221000 0.548868
285.222000 0.473423
286.223000 0.466589
287.224000 0.549954
288.231000 0.477958
289.233000 0.553501
290.311000 0.573380
291.348000 0.410784
292.351000 0.769246
293.352000 0.551888
294.353000 0.551321
295.361000 0.562984
296.362000 0.657918
297.371000 0.567849
298.372000 0.588220
299.373000 0.515788
300.374000 0.536855
301.382000 0.508135
302.392000 0.508483
303.402000 0.485457
304.403000 0.489822
305.430000 0.431353
306.440000 0.444824
307.441000 0.375026
308.471000 0.393685
309.520000 0.389163
310.521000 0.410557
311.523000 0.429690
312.531000 0.474206
313.532000 0.536288
314.541000 0.430351
315.542000 0.424224
316.551000 0.434418
317.552000 0.472056
318.560000 0.387349
319.561000 0.252028
320.570000 0.279857
321.571000 0.426957
322.572000 0.530821
323.573000 0.433790
324.591000 0.458798
325.604000 0.482669
326.671000 0.443389
327.673000 0.564423
328.674000 0.525355
329.750000 0.509606
330.760000 0.121901
331.800000 0.167054
332.820000 0.186980
333.890000 0.308650
334.900000 0.302044
335.901000 0.324460
336.910000 0.359849
337.911000 0.265694
338.930000 0.372428
339.931000 0.482989
340.940000 0.545594
341.951000 0.505274
342.961000 0.499564
344.021000 0.386415
345.030000 0.523901
346.031000 0.496655
347.032000 0.555421
348.040000 0.535841
349.041000 0.556787
350.042000 0.529455
351.043000 0.539588
352.044000 0.573187
353.050000 0.566258
354.051000 0.460324
355.052000 0.589586
356.060000 0.542063
357.061000 0.392791
358.070000 0.302906
359.071000 0.331293
360.080000 0.309685
361.081000 0.435157
362.090000 0.414081
363.180000 0.297967
364.181000 0.448823
365.220000 0.354726
366.221000 0.433790
367.222000 0.489822
368.223000 0.590952
369.230000 0.488243
370.231000 0.275280
371.240000 0.457467
372.250000 0.440760
373.251000 0.347692
374.252000 0.443357
375.260000 0.514921
376.261000 0.446657
377.262000 0.458390
378.270000 0.411778
379.289000 0.316043
380.290000 0.195429
382.095000 0.009077
383.101000 0.272565
384.119000 0.107505
385.129000 0.144927
386.130000 0.273894
387.139000 0.319175
388.140000 0.314893
389.149000 0.325391
390.150000 0.288927
391.159000 0.244607
392.174000 0.159038
393.179000 0.121146
394.189000 0.188832
395.219000 0.276808
396.220000 0.318426
397.240000 0.346580
398.241000 0.351792
399.249000 0.399563
400.260000 0.571577
401.261000 0.418757
402.262000 0.446657
403.339000 0.376505
404.341000 0.459756
405.420000 0.332701
406.429000 0.216928
407.479000 0.181638
408.489000 0.215358
409.498000 0.183033
410.499000 0.153630
411.500000 0.210462
412.509000 0.133431
413.510000 0.192695
414.549000 0.129578
415.571000 0.085667
416.628000 0.068594
417.648000 0.037553
418.669000 0.105849
419.679000 0.125172
420.698000 0.067125
421.700000 0.102395
422.709000 0.086771
424.188000 0.015724
425.601000 0.073982
426.609000 0.165571
427.618000 0.172186
428.628000 0.087248
429.638000 0.082622
430.639000 0.221395
431.640000 0.314893
432.649000 0.292059
433.719000 0.276688
434.720000 0.330725
435.729000 0.351715
436.730000 0.402359
437.739000 0.332733
438.748000 0.328666
439.759000 0.342897
440.799000 0.339918
441.801000 0.367257
442.802000 0.309427
443.809000 0.314375
444.819000 0.318859
445.820000 0.318426
446.829000 0.287992
447.839000 0.421798
448.849000 0.427216
449.859000 0.443469
450.869000 0.358139
451.870000 0.299860
452.878000 0.282846
453.918000 0.314926
454.920000 0.321159
455.928000 0.286921
456.929000 0.276627
457.938000 0.302343
458.939000 0.313526
459.941000 0.280444
460.948000 0.349699
461.949000 0.452922
462.969000 0.357310
463.971000 0.407417
464.972000 0.530821
465.979000 0.583357
466.980000 0.452124
467.981000 0.406458
468.983000 0.431992
469.988000 0.426619
471.000000 0.416909
472.038000 0.323437
473.039000 0.469323
474.041000 0.453836
475.042000 0.358625
476.048000 0.384040
477.049000 0.376731
478.050000 0.296220
479.051000 0.373658
480.059000 0.518992
481.098000 0.429005
482.128000 0.398998
483.159000 0.396342
484.160000 0.451556
485.161000 0.504855
486.169000 0.626206
487.170000 0.426957
488.178000 0.402278
489.179000 0.446657
490.180000 0.510322
491.198000 0.469548
492.208000 0.367620
493.210000 0.385573
494.218000 0.395492
495.219000 0.353159
496.220000 0.426957
497.222000 0.482507
498.228000 0.461551
499.229000 0.559520
500.238000 0.376119
501.240000 0.300926
502.247000 0.307584
503.248000 0.277427
504.249000 0.373658
505.259000 0.394709
506.260000 0.398258
507.262000 0.427896
508.268000 0.420755
509.328000 0.438574
510.329000 0.284260
511.348000 0.232809
512.349000 0.247361
513.357000 0.194635
514.367000 0.235675
515.378000 0.245476
516.388000 0.247073
517.397000 0.220995
518.407000 0.225402
519.408000 0.217295
520.418000 0.188832
521.419000 0.280160
522.420000 0.295760
523.422000 0.412878
524.428000 0.396278
525.429000 0.354525
526.440000 0.338841
527.447000 0.397243
528.448000 0.361350
529.457000 0.327319
530.461000 0.420231
531.508000 0.376840
532.587000 0.378343
533.647000 0.386415
534.648000 0.400424
535.649000 0.335393
536.657000 0.319492
537.677000 0.275498
538.717000 0.287300
539.718000 0.333459
540.719000 0.349059
541.727000 0.274687
542.777000 0.255919
543.787000 0.276309
544.788000 0.323093
545.789000 0.308060
546.797000 0.306714
547.798000 0.298494
548.807000 0.262232
549.808000 0.338126
550.809000 0.340859
551.810000 0.351225
552.817000 0.319809
553.818000 0.452923
554.827000 0.498141
555.837000 0.407797
556.838000 0.288020
557.847000 0.283925
558.857000 0.244364
559.860000 0.405485
560.867000 0.245092
561.868000 0.350426
562.877000 0.395100
563.879000 0.586267
564.880000 0.524555
565.881000 0.642885
566.888000 0.611090
567.897000 0.590335
568.997000 0.496000
569.999000 0.608719
571.000000 0.511688
572.047000 0.492363
573.049000 0.414244
574.051000 0.522100
575.057000 0.562179
576.058000 0.491189
577.059000 0.447457
578.061000 0.476248
579.063000 0.512543
580.066000 0.512032
581.077000 0.524218
582.078000 0.418757
583.087000 0.377475
584.096000 0.361205
585.097000 0.298494
586.098000 0.287560
587.116000 0.189477
588.126000 0.105648
589.127000 0.160464
590.136000 0.298838
591.138000 0.344048
592.157000 0.282481
593.158000 0.329926
594.166000 0.286921
595.167000 0.262394
596.177000 0.205085
597.206000 0.171499
598.226000 0.109976
599.237000 0.134520
600.246000 0.172186
601.256000 0.301252
602.276000 0.240627
603.277000 0.261027
604.286000 0.258165
605.287000 0.310793
606.366000 0.339040
607.367000 0.385391
608.376000 0.319175
609.386000 0.271453
610.387000 0.350426
611.458000 0.288194
612.466000 0.295857
613.476000 0.236238
614.477000 0.301227
615.478000 0.417391
616.556000 0.353314
617.588000 0.363209
618.596000 0.413135
619.626000 0.423453
620.627000 0.476159
621.636000 0.349003
622.646000 0.291208
623.647000 0.418757
624.657000 0.452950
625.666000 0.453961
626.667000 0.455656
627.668000 0.470689
628.686000 0.562271
629.687000 0.338126
630.689000 0.399226
631.696000 0.254602
632.697000 0.336192
633.705000 0.242135
634.726000 0.198856
635.776000 0.389163
636.816000 0.395162
637.866000 0.390095
638.876000 0.405545
639.877000 0.440623
640.946000 0.353729
641.955000 0.400357
642.956000 0.256128
643.957000 0.253395
644.966000 0.275227
645.968000 0.366459
646.985000 0.230576
647.986000 0.204995
649.005000 0.172396
650.086000 0.261217
651.105000 0.249704
652.107000 0.168495
653.125000 0.194853
654.126000 0.192695
655.127000 0.200096
656.135000 0.216349
657.136000 0.303393
658.137000 0.254761
659.145000 0.319492
660.146000 0.429690
661.155000 0.340849
662.156000 0.226861
663.295000 0.142240
664.317000 0.136532
665.326000 0.146426
666.327000 0.148164
667.335000 0.196786
668.345000 0.181497
669.346000 0.131764
670.355000 0.124733
671.356000 0.146230
672.385000 0.132167
673.395000 0.158471
674.397000 0.145285
675.410000 0.109386
676.425000 0.057955
677.426000 0.091564
678.435000 0.180884
679.445000 0.195042
680.505000 0.146370
681.506000 0.168096
682.515000 0.183033
683.516000 0.168663
684.535000 0.214799
685.545000 0.195604
686.555000 0.227549
687.565000 0.192895
688.575000 0.242448
689.576000 0.216496
690.585000 0.207437
691.586000 0.156364
692.595000 0.164052
693.624000 0.108237
694.627000 0.133796
695.635000 0.194071
696.645000 0.213212
697.655000 0.204523
698.656000 0.113998
699.665000 0.105752
700.694000 0.081096
701.695000 0.116164
702.696000 0.179596
703.705000 0.225062
704.706000 0.156364
705.716000 0.165244
706.874000 0.116263
708.054000 0.061496
709.064000 0.070432
710.065000 0.161263
711.075000 0.219984
712.085000 0.258701
713.095000 0.290416
714.104000 0.244607
715.124000 0.144847
716.125000 0.116164
717.155000 0.150633
718.156000 0.168096
719.245000 0.122485
720.246000 0.343025
721.247000 0.297127
722.254000 0.477394
723.255000 0.276627
724.265000 0.196396
725.284000 0.073052
726.314000 0.043829
727.317000 0.035462
728.324000 0.115472
729.425000 0.163284
730.494000 0.381882
731.525000 0.398611
732.526000 0.370358
733.535000 0.267655
734.536000 0.328559
735.564000 0.250732
736.565000 0.211828
737.574000 0.178965
738.584000 0.156325
739.601000 0.122407
740.704000 0.130742
741.715000 0.132605
742.724000 0.181677
743.744000 0.106511
744.764000 0.111318
745.775000 0.085246
746.784000 0.134224
747.794000 0.121109
748.795000 0.157163
749.944000 0.163607
750.954000 0.159826
751.957000 0.226409
752.974000 0.245373
753.984000 0.228111
754.985000 0.277427
755.994000 0.252741
756.995000 0.226861
758.004000 0.095469
759.005000 0.163996
760.014000 0.228337
761.016000 0.315377
762.044000 0.196171
763.054000 0.193687
764.194000 0.108498
765.195000 0.225495
766.197000 0.253142
767.516000 0.038375
768.524000 0.228563
769.525000 0.226861
770.534000 0.214779
771.535000 0.299293
772.537000 0.244950
773.544000 0.209772
774.554000 0.241332
775.555000 0.238362
776.563000 0.223929
777.575000 0.189810
778.584000 0.204725
779.602000 0.190035
780.604000 0.217078
781.613000 0.199865
782.614000 0.262394
783.615000 0.224695
784.617000 0.243018
785.624000 0.221998
786.634000 0.205085
