0.000000 0.376690
1.002000 0.293956
2.030000 0.185757
3.050000 0.100840
4.090000 0.159593
5.100000 0.212090
6.101000 0.305174
7.140000 0.244658
8.151000 0.364528
9.160000 0.458206
10.161000 0.335376
11.340000 0.302193
12.341000 0.260529
13.344000 0.420842
14.470000 0.232866
15.480000 0.390335
16.730000 0.210114
17.748000 0.396849
18.751000 0.453745
19.752000 0.348883
20.771000 0.430983
21.772000 0.336107
22.773000 0.485520
23.788000 0.343780
24.790000 0.400745
25.870000 0.398311
26.871000 0.496673
27.872000 0.327458
29.009000 0.429582
30.111000 0.411274
31.290000 0.416536
32.440000 0.398422
33.539000 0.220907
34.550000 0.404846
35.590000 0.320988
36.600000 0.423308
37.670000 0.333975
38.671000 0.411066
39.672000 0.327326
40.680000 0.404683
41.681000 0.409993
42.682000 0.302351
43.690000 0.408424
44.790000 0.356129
45.800000 0.448419
46.801000 0.438127
47.929000 0.350156
48.930000 0.442436
49.931000 0.308418
50.940000 0.387623
51.950000 0.328310
52.959000 0.283578
54.069000 0.312690
55.070000 0.301944
56.079000 0.237695
57.169000 0.208850
58.180000 0.383177
59.181000 0.398417
60.258000 0.338660
61.260000 0.306272
62.269000 0.363232
63.270000 0.379796
64.271000 0.380335
65.279000 0.194484
66.289000 0.241137
67.299000 0.264548
68.310000 0.263622
69.319000 0.375321
70.320000 0.334414
71.329000 0.411436
72.359000 0.312706
73.449000 0.363269
74.451000 0.364888
75.509000 0.205864
76.510000 0.222627
77.689000 0.391237
78.690000 0.458629
79.749000 0.398358
80.769000 0.449416
81.809000 0.395710
82.949000 0.403504
83.950000 0.463361
84.959000 0.299168
85.960000 0.349465
87.159000 0.388882
88.160000 0.422704
89.162000 0.286032
90.338000 0.391030
91.339000 0.344821
92.349000 0.340607
93.353000 0.400505
94.400000 0.339192
95.409000 0.490053
96.410000 0.288091
97.419000 0.403394
98.459000 0.367020
99.469000 0.348058
100.479000 0.242547
101.589000 0.193235
102.590000 0.341640
103.599000 0.230795
104.799000 0.342633
105.809000 0.443499
106.810000 0.442054
107.811000 0.482188
108.969000 0.416646
109.970000 0.329436
110.971000 0.400576
112.049000 0.299853
113.050000 0.430763
114.059000 0.363731
115.199000 0.379324
116.209000 0.429003
117.210000 0.355294
118.219000 0.339979
119.271000 0.341695
120.359000 0.379354
121.360000 0.412965
122.419000 0.444606
123.420000 0.414542
124.429000 0.339167
125.430000 0.255627
126.431000 0.258247
127.438000 0.347107
128.448000 0.199408
129.629000 0.236818
130.639000 0.292562
131.649000 0.257314
132.650000 0.286479
133.739000 0.234967
134.752000 0.329907
135.759000 0.243029
136.769000 0.304634
137.779000 0.333831
138.788000 0.262161
139.789000 0.323968
140.928000 0.267686
141.929000 0.305544
142.938000 0.297106
143.939000 0.353883
145.180000 0.243613
146.298000 0.254791
147.299000 0.332123
148.438000 0.275692
149.458000 0.344094
150.459000 0.352195
151.460000 0.497089
152.469000 0.507689
153.502000 0.377848
154.505000 0.532112
155.669000 0.441247
156.670000 0.392438
157.671000 0.394640
158.678000 0.388115
159.679000 0.424014
160.680000 0.391654
162.298000 0.202424
163.299000 0.572847
164.301000 0.415990
165.388000 0.439253
166.389000 0.470094
167.508000 0.369705
168.510000 0.509546
169.588000 0.376917
170.589000 0.514719
171.602000 0.396890
172.603000 0.421816
173.608000 0.377626
174.622000 0.385033
175.628000 0.397584
176.629000 0.387456
177.638000 0.481554
178.648000 0.383413
179.650000 0.422732
180.655000 0.384645
181.829000 0.444319
182.830000 0.513595
183.832000 0.405029
184.839000 0.544301
185.840000 0.456743
186.957000 0.265406
187.958000 0.369148
188.969000 0.374943
189.970000 0.383301
190.978000 0.418806
192.048000 0.375893
193.050000 0.407451
194.058000 0.371688
195.097000 0.440527
196.098000 0.526925
197.267000 0.433067
198.388000 0.422242
199.507000 0.455643
200.937000 0.336397
202.017000 0.398394
203.028000 0.485804
204.030000 0.468744
205.037000 0.357890
206.218000 0.384286
207.617000 0.330595
208.618000 0.241894
209.627000 0.235482
210.728000 0.232657
211.738000 0.350742
212.739000 0.353376
213.747000 0.363523
214.751000 0.503377
215.757000 0.522146
216.837000 0.428273
217.838000 0.392476
218.839000 0.377010
219.840000 0.371803
220.978000 0.375542
222.087000 0.340998
223.088000 0.344814
224.097000 0.164034
225.098000 0.256519
226.099000 0.261882
227.107000 0.250607
228.108000 0.198689
229.109000 0.322512
230.247000 0.336130
231.249000 0.361278
232.387000 0.242634
233.388000 0.312431
234.389000 0.318093
235.397000 0.323243
236.398000 0.278413
237.408000 0.279310
238.409000 0.349583
239.417000 0.338561
240.418000 0.246226
241.419000 0.395802
242.427000 0.393988
243.457000 0.305889
244.467000 0.411870
245.478000 0.222683
246.479000 0.421885
247.590000 0.220164
248.597000 0.298514
249.599000 0.317763
250.607000 0.358286
251.608000 0.343476
252.616000 0.379736
253.618000 0.498821
254.619000 0.416011
255.628000 0.401976
256.629000 0.428658
257.637000 0.436344
258.639000 0.428873
259.640000 0.240562
260.647000 0.328520
261.656000 0.280419
262.657000 0.276948
263.667000 0.398605
264.668000 0.377367
265.677000 0.346760
266.678000 0.411693
267.679000 0.526888
268.876000 0.436595
269.977000 0.448008
270.978000 0.581827
271.979000 0.527823
272.980000 0.490617
274.127000 0.460015
275.368000 0.029763
276.417000 0.773827
277.419000 0.272866
278.517000 0.282748
279.518000 0.302593
280.526000 0.288166
281.527000 0.306126
282.536000 0.203389
283.726000 0.150578
284.727000 0.258294
285.728000 0.366995
286.729000 0.280434
287.737000 0.491702
288.738000 0.523473
289.856000 0.443064
290.861000 0.518786
291.867000 0.511136
292.877000 0.377715
298.490000 0.002919
300.117000 0.222575
301.119000 0.337558
302.208000 0.322207
303.209000 0.427696
304.210000 0.391868
305.217000 0.407458
306.219000 0.398481
307.227000 0.414346
308.228000 0.166080
309.237000 0.330035
310.238000 0.357761
311.247000 0.376368
312.297000 0.379668
313.438000 0.400351
314.448000 0.397556
315.458000 0.389874
316.460000 0.367318
317.467000 0.398791
318.468000 0.376087
319.469000 0.401200
320.477000 0.398483
321.487000 0.364502
322.488000 0.362582
323.489000 0.362965
324.497000 0.315004
325.498000 0.307998
326.507000 0.298213
327.517000 0.306575
328.518000 0.330725
329.527000 0.242964
330.537000 0.279018
331.538000 0.208063
332.547000 0.191463
333.548000 0.243261
334.556000 0.180228
335.557000 0.204995
336.567000 0.177434
337.577000 0.111065
338.597000 0.073372
339.617000 0.099247
344.117000 0.002432
345.137000 0.548132
346.138000 0.241894
347.147000 0.271160
348.157000 0.212068
349.357000 0.214718
350.358000 0.278793
351.366000 0.257386
352.376000 0.174725
353.386000 0.099641
354.396000 0.182851
355.416000 0.137248
356.436000 0.091200
357.446000 0.127319
358.456000 0.078568
359.466000 0.107002
360.617000 0.110673
361.647000 0.065080
362.656000 0.052876
363.666000 0.120666
364.668000 0.194341
365.676000 0.265325
366.797000 0.262523
368.006000 0.231700
369.076000 0.227313
370.077000 0.204995
371.096000 0.162891
372.097000 0.090198
373.106000 0.074940
374.117000 0.063596
375.127000 0.040634
376.146000 0.053700
377.156000 0.116483
378.167000 0.090880
379.176000 0.124733
380.186000 0.129170
381.196000 0.100230
382.206000 0.054178
383.226000 0.052306
384.306000 0.053624
385.326000 0.071082
386.327000 0.054665
387.356000 0.061155
388.366000 0.073141
389.386000 0.054988
390.397000 0.037727
391.406000 0.050165
392.426000 0.065718
393.476000 0.027360
394.516000 0.027623
395.527000 0.036534
396.556000 0.031907
397.576000 0.032188
398.586000 0.044697
399.805000 0.040514
400.816000 0.074421
401.826000 0.116483
402.846000 0.107294
403.857000 0.083763
404.876000 0.083235
405.896000 0.079129
406.926000 0.070461
407.936000 0.047406
408.965000 0.030577
410.176000 0.025121
411.186000 0.035216
412.195000 0.044741
413.196000 0.045099
414.225000 0.035895
415.255000 0.051798
416.266000 0.041947
417.276000 0.051469
418.336000 0.050332
419.366000 0.045157
420.376000 0.032097
421.395000 0.055042
422.397000 0.084731
423.415000 0.103473
425.020000 0.010208
426.025000 0.173483
427.045000 0.042918
428.046000 0.047832
429.055000 0.094906
430.065000 0.092103
431.075000 0.088040
432.106000 0.035169
433.146000 0.043449
434.168000 0.037479
435.175000 0.036679
436.195000 0.050965
437.215000 0.034871
438.245000 0.034566
447.531000 0.001179
448.551000 0.013412
449.591000 0.013154
450.661000 0.012785
451.681000 0.012071
452.721000 0.013154
453.811000 0.013806
454.821000 0.013545
455.831000 0.012190
456.881000 0.010423
458.131000 0.008755
459.211000 0.005067
473.460000 0.000576
474.620000 0.055595
475.640000 0.068400
476.650000 0.048760
477.660000 0.039279
478.689000 0.055837
479.719000 0.041173
481.589000 0.010973
491.369000 0.000839
492.389000 0.025482
493.409000 0.042918
494.489000 0.026600
495.549000 0.027102
496.569000 0.036212
497.629000 0.024521
498.749000 0.015879
502.960000 0.003891
506.369000 0.026904
507.449000 0.010133
508.489000 0.018415
509.759000 0.009694
522.435000 0.000216
523.446000 0.075774
524.505000 0.068074
525.525000 0.040235
526.605000 0.027867
527.635000 0.017266
528.695000 0.014196
529.984000 0.014858
531.044000 0.024521
532.074000 0.034532
533.084000 0.027089
534.094000 0.033861
535.135000 0.035481
536.145000 0.023026
537.497000 0.001012
538.525000 0.030607
539.535000 0.039279
540.555000 0.050965
541.565000 0.073141
542.585000 0.053647
543.594000 0.040714
545.355000 0.010099
546.394000 0.048716
547.395000 0.028699
548.434000 0.029367
549.734000 0.026308
550.775000 0.115643
551.805000 0.021250
552.844000 0.044766
553.854000 0.043343
554.865000 0.069009
555.885000 0.041576
557.606000 0.025436
558.634000 0.031938
559.674000 0.048012
560.694000 0.064376
561.717000 0.038780
562.725000 0.047500
563.765000 0.028938
564.814000 0.028718
565.824000 0.159782
566.914000 0.163261
567.915000 0.228228
569.064000 0.168730
570.074000 0.167952
571.094000 0.077788
572.134000 0.024992
573.145000 0.032475
574.185000 0.046038
575.194000 0.037962
576.214000 0.049624
577.234000 0.028315
578.264000 0.042501
579.284000 0.024141
580.305000 0.016078
581.334000 0.023930
582.374000 0.023677
583.384000 0.031152
584.404000 0.037553
585.424000 0.045645
586.444000 0.053647
593.735000 0.006567
594.895000 0.003538
596.055000 0.003538
597.375000 0.002073
598.575000 0.002280
599.755000 0.002319
600.895000 0.002400
602.075000 0.002319
603.375000 0.002105
604.555000 0.002319
605.695000 0.002400
606.855000 0.002359
607.934000 0.003804
609.254000 0.004145
610.315000 0.003868
611.636000 0.003107
612.855000 0.002244
614.055000 0.002280
653.058000 0.000035
654.465000 0.001946
672.650000 0.000348
673.651000 0.183129
674.711000 0.254049
675.721000 0.257347
676.735000 0.214872
677.741000 0.246131
678.790000 0.210932
679.791000 0.315692
680.792000 0.246215
681.871000 0.242896
682.891000 0.289694
683.892000 0.272688
684.901000 0.266098
685.903000 0.248617
686.910000 0.296151
687.911000 0.251525
688.920000 0.189251
689.921000 0.258294
690.930000 0.192975
691.931000 0.222761
693.090000 0.071910
694.091000 0.300659
695.092000 0.191144
696.101000 0.186584
697.190000 0.220989
698.191000 0.254194
699.200000 0.191932
700.210000 0.242311
701.230000 0.307129
702.231000 0.209140
703.240000 0.130157
704.241000 0.053299
705.272000 0.062669
706.290000 0.041419
721.455000 0.001624
722.475000 0.012071
723.515000 0.013154
724.555000 0.013154
725.585000 0.013282
726.595000 0.013545
727.645000 0.014331
728.735000 0.013806
729.845000 0.013557
730.885000 0.013154
731.935000 0.013029
733.035000 0.013680
734.125000 0.013806
735.135000 0.013545
736.165000 0.013282
737.215000 0.013029
738.225000 0.013545
739.275000 0.013029
740.305000 0.013282
741.374000 0.012797
742.465000 0.013793
743.485000 0.013412
744.486000 0.046865
745.497000 0.147490
746.606000 0.140537
747.614000 0.198143
748.615000 0.161688
749.625000 0.235675
750.626000 0.292460
751.635000 0.318280
752.636000 0.362106
759.281000 0.030641
760.283000 0.161102
761.291000 0.350731
762.422000 0.344472
763.441000 0.330253
764.442000 0.224534
765.532000 0.220405
766.542000 0.245156
767.552000 0.168087
768.721000 0.189968
769.722000 0.266494
770.801000 0.191663
771.802000 0.229594
772.961000 0.148782
773.971000 0.196396
775.071000 0.200829
776.081000 0.121901
777.111000 0.035860
778.141000 0.035860
779.171000 0.086330
780.191000 0.081812
781.221000 0.047854
794.201000 0.002635
795.361000 0.003538
796.681000 0.004145
797.851000 0.004677
799.958000 0.003896
801.041000 0.005053
802.201000 0.004717
803.481000 0.004275
804.681000 0.004560
805.921000 0.004413
807.121000 0.004560
808.521000 0.003909
809.588000 0.003846
810.908000 0.006218
812.008000 0.007462
813.328000 0.005182
814.628000 0.003157
815.668000 0.002631
816.908000 0.003310
817.948000 0.002631
830.183000 0.000112
831.263000 0.007600
832.362000 0.009958
833.423000 0.016762
834.503000 0.011400
835.800000 0.011602
836.921000 0.012203
838.123000 0.011381
839.124000 0.013666
840.223000 0.017427
841.643000 0.001487
842.700000 0.011648
843.701000 0.019133
845.003000 0.012608
846.082000 0.016482
847.104000 0.013386
848.263000 0.016525
849.281000 0.017470
850.283000 0.016383
851.302000 0.016110
852.403000 0.012425
853.500000 0.016211
854.664000 0.011753
855.744000 0.017733
856.782000 0.013179
858.120000 0.010224
859.200000 0.019000
860.262000 0.011593
861.350000 0.012574
871.171000 0.001668
872.263000 0.042662
873.349000 0.005039
874.438000 0.002706
875.441000 0.012275
876.641000 0.015960
877.678000 0.017149
878.680000 0.019114
879.681000 0.023233
880.780000 0.014937
881.801000 0.008039
882.820000 0.017452
884.260000 0.008550
885.502000 0.002203
886.660000 0.007088
887.681000 0.009379
888.741000 0.006453
889.858000 0.007348
899.303000 0.000145
911.538000 0.000335
912.658000 0.087254
913.659000 0.217295
914.660000 0.238832
915.668000 0.278099
916.679000 0.263146
917.688000 0.295379
918.689000 0.224927
919.698000 0.225852
920.770000 0.248843
921.778000 0.281454
922.788000 0.262831
923.798000 0.268425
924.958000 0.263101
925.963000 0.209624
927.139000 0.173607
928.140000 0.230961
929.268000 0.254625
930.278000 0.318297
931.279000 0.238759
932.288000 0.254890
933.289000 0.240146
934.298000 0.181677
935.318000 0.150212
936.722000 0.011670
937.728000 0.308837
938.730000 0.181581
939.738000 0.162721
940.739000 0.203628
941.748000 0.184805
942.757000 0.206081
943.758000 0.133244
944.760000 0.120144
945.767000 0.132622
946.778000 0.046006
947.788000 0.085331
948.798000 0.105648
949.803000 0.130238
950.838000 0.119072
951.848000 0.104293
952.868000 0.118063
953.878000 0.127319
954.887000 0.119310
956.187000 0.140722
957.207000 0.131435
958.218000 0.069009
959.287000 0.102496
960.307000 0.173012
961.317000 0.123255
962.327000 0.097521
963.397000 0.027833
964.407000 0.025735
965.417000 0.079913
966.419000 0.050515
967.437000 0.116912
968.457000 0.040235
969.467000 0.060950
970.478000 0.137849
971.487000 0.195235
972.488000 0.139854
973.497000 0.220995
974.507000 0.126410
975.517000 0.134091
976.567000 0.128335
977.568000 0.131745
978.587000 0.131564
979.597000 0.098751
980.598000 0.159896
981.607000 0.170840
982.608000 0.183129
983.617000 0.170310
984.627000 0.136800
985.643000 0.102331
986.647000 0.098104
987.657000 0.039504
988.658000 0.066965
989.677000 0.053700
990.687000 0.032507
991.688000 0.098398
992.697000 0.126334
993.707000 0.102939
994.727000 0.048282
995.737000 0.134091
996.757000 0.114011
997.767000 0.100230
998.797000 0.054454
999.807000 0.027089
1000.846000 0.034233
1001.947000 0.067947
1002.957000 0.074569
1003.977000 0.126071
1004.997000 0.139482
1005.999000 0.062802
1007.046000 0.039198
1008.047000 0.067071
1009.057000 0.071786
1010.067000 0.090749
1011.107000 0.096023
1012.147000 0.031569
1013.186000 0.023700
1014.247000 0.028366
1015.417000 0.010523
1016.427000 0.010783
1017.647000 0.038125
1018.657000 0.100230
1019.667000 0.062305
1020.696000 0.070461
1021.727000 0.023884
1022.847000 0.006107
1023.866000 0.077941
1024.867000 0.094298
1025.887000 0.042918
1027.076000 0.029180
1028.086000 0.028444
1029.138000 0.029937
1030.587000 0.011329
1031.607000 0.012071
1043.855000 0.001675
1044.863000 0.013571
1045.950000 0.013844
1046.993000 0.014428
1048.063000 0.014064
1049.083000 0.013412
1050.093000 0.014899
1051.183000 0.015061
1052.193000 0.013545
1053.262000 0.014077
1054.302000 0.014469
1055.353000 0.014318
1063.299000 0.000172
1064.450000 0.104792
1065.451000 0.186522
1066.452000 0.279527
1067.640000 0.220573
1068.700000 0.256126
1069.840000 0.200936
1070.861000 0.215906
1071.880000 0.186445
1072.889000 0.234194
1073.891000 0.207610
1074.899000 0.351110
1075.900000 0.251587
1076.901000 0.356692
1077.902000 0.464204
1078.903000 0.512995
1079.904000 0.239534
1080.909000 0.363488
1081.920000 0.322773
1082.939000 0.343383
1083.940000 0.420760
1084.941000 0.306126
1085.950000 0.338530
1086.969000 0.214353
1088.154000 0.258462
1089.270000 0.352489
1090.271000 0.318426
1091.279000 0.268937
1092.290000 0.365341
1093.300000 0.388160
1094.301000 0.368706
1095.309000 0.413097
1096.319000 0.326543
1097.320000 0.410068
1098.321000 0.495841
1099.329000 0.504115
1100.330000 0.424468
1101.332000 0.469610
1102.339000 0.434380
1103.341000 0.457383
1104.342000 0.417692
1105.346000 0.457716
1106.350000 0.533141
1107.354000 0.441168
1108.649000 0.297344
1109.650000 0.623051
1110.759000 0.400488
1111.760000 0.559505
1112.810000 0.415580
1113.811000 0.505318
1114.969000 0.448987
1115.970000 0.493909
1116.971000 0.514237
1118.159000 0.396923
1119.161000 0.454025
1120.170000 0.379831
1121.187000 0.389393
1122.190000 0.221698
1123.192000 0.457105
1124.194000 0.434014
1125.195000 0.491248
1126.359000 0.452990
1127.377000 0.537350
1128.379000 0.598445
1129.380000 0.494337
1130.397000 0.533539
1131.399000 0.479102
1132.400000 0.384069
1133.417000 0.384117
1134.419000 0.429741
1135.449000 0.404031
1136.450000 0.577655
1137.451000 0.431693
1138.518000 0.367403
1139.519000 0.445333
1140.520000 0.424082
1141.521000 0.511609
1142.530000 0.498943
1143.531000 0.428500
1144.539000 0.374184
1145.540000 0.506421
1146.541000 0.417385
1147.558000 0.524094
1148.598000 0.085500
1149.628000 0.007969
1150.648000 0.008047
1151.689000 0.034864
1152.690000 0.342413
1153.691000 0.510680
1154.809000 0.396141
1155.879000 0.375248
1156.881000 0.323569
1158.438000 0.175060
1159.458000 0.273694
1160.459000 0.330725
1161.468000 0.241612
1162.479000 0.339687
1163.488000 0.464596
1164.498000 0.386263
1165.499000 0.322525
1166.578000 0.275676
1167.588000 0.377893
1168.589000 0.200997
1169.590000 0.318426
1170.598000 0.225232
1171.599000 0.360791
1172.600000 0.284636
1173.608000 0.372915
1174.698000 0.191795
1175.699000 0.267860
1176.700000 0.175521
1177.701000 0.288360
1178.708000 0.276029
1179.709000 0.283002
1180.728000 0.269802
1181.729000 0.335368
1182.730000 0.480552
1183.731000 0.455067
1184.778000 0.336482
1185.780000 0.486465
1186.781000 0.544574
1187.782000 0.583535
1188.788000 0.508824
1189.819000 0.389145
1190.827000 0.340981
1191.828000 0.371218
1192.829000 0.418612
1193.849000 0.264592
1194.850000 0.411089
1195.858000 0.481074
1196.859000 0.529413
1197.869000 0.402987
1198.878000 0.379450
1199.879000 0.524154
1200.881000 0.572004
1201.889000 0.536553
1202.890000 0.565742
1204.068000 0.488192
1205.069000 0.531175
1206.071000 0.486480
1207.238000 0.450820
1208.239000 0.551375
1209.240000 0.536428
1210.248000 0.492087
1211.259000 0.419884
1212.269000 0.507316
1213.289000 0.447975
1214.290000 0.547666
1215.291000 0.435583
1216.292000 0.577541
1217.294000 0.438270
1218.298000 0.527960
1219.299000 0.392826
1220.300000 0.482366
1221.318000 0.411070
1222.319000 0.567402
1223.329000 0.534899
1224.399000 0.468085
1225.400000 0.570504
1226.401000 0.530547
1227.419000 0.441918
1228.420000 0.576740
1229.428000 0.397656
1230.537000 0.488449
1231.698000 0.449117
1232.858000 0.473498
1233.859000 0.553459
1234.860000 0.516851
1235.868000 0.392603
1236.869000 0.513676
1237.870000 0.437369
1239.020000 0.460740
1240.022000 0.502470
1241.028000 0.565442
1242.038000 0.465150
1243.048000 0.445173
1244.058000 0.566623
1245.060000 0.572564
1246.068000 0.222394
1247.078000 0.438806
1248.218000 0.508910
1249.219000 0.596716
1250.220000 0.565718
1251.222000 0.452834
1252.224000 0.556281
1253.228000 0.487013
1254.229000 0.445183
1255.257000 0.401887
1256.258000 0.390045
1257.265000 0.476879
1258.267000 0.474222
1259.268000 0.421084
1260.278000 0.581674
1261.279000 0.539522
1262.280000 0.497768
1263.287000 0.388395
1264.288000 0.333814
1265.407000 0.427154
1266.408000 0.375824
1267.410000 0.314092
1268.418000 0.507101
1269.419000 0.400852
1270.420000 0.460883
1271.421000 0.462638
1272.437000 0.447784
1273.579000 0.026354
1274.597000 0.768270
1275.667000 0.264099
1276.668000 0.359425
1277.679000 0.360101
1278.680000 0.472096
1279.737000 0.396862
1280.738000 0.449654
1281.887000 0.457908
1282.888000 0.455748
1283.897000 0.355065
1284.907000 0.337324
1285.908000 0.304640
1286.909000 0.455511
1287.918000 0.535706
1288.919000 0.457053
1289.920000 0.508549
1290.927000 0.326137
1291.928000 0.266301
1292.937000 0.280650
1293.947000 0.346072
1294.948000 0.291376
1295.957000 0.468944
1296.967000 0.426803
1297.968000 0.393466
1299.056000 0.272987
1300.058000 0.292168
1301.059000 0.170586
1302.066000 0.225509
1303.067000 0.241894
1304.068000 0.356063
1305.076000 0.263286
1307.897000 0.006165
1308.916000 0.765458
1309.917000 0.385559
1310.927000 0.352656
1311.928000 0.471489
1312.946000 0.205756
1313.956000 0.231949
1314.957000 0.246915
1315.958000 0.328465
1316.967000 0.361998
1317.977000 0.223373
1318.979000 0.247361
1319.986000 0.208424
1320.987000 0.261027
1322.956000 0.014590
1323.957000 0.116164
1324.966000 0.145070
1325.967000 0.131197
1326.976000 0.119863
1327.996000 0.181059
1329.006000 0.157117
1330.007000 0.161263
1331.016000 0.200658
1332.027000 0.122864
1333.036000 0.222351
1334.037000 0.220028
1337.916000 0.017924
1338.917000 0.787213
1339.927000 0.341655
1340.977000 0.341032
1341.986000 0.219639
1342.996000 0.148990
1343.997000 0.174420
1344.998000 0.283494
1346.006000 0.351500
1347.016000 0.249824
1348.017000 0.265246
1349.018000 0.273213
1350.026000 0.192677
1351.036000 0.255684
1352.046000 0.285808
1353.066000 0.252037
1354.076000 0.236849
1355.077000 0.202971
1356.078000 0.225133
1357.085000 0.200716
1358.086000 0.201246
1359.095000 0.155917
1360.096000 0.175444
1361.097000 0.157807
1362.098000 0.222761
1363.106000 0.218122
1364.117000 0.197483
1365.125000 0.183214
1366.126000 0.208785
1367.235000 0.217821
1368.236000 0.269315
1369.275000 0.261409
1370.276000 0.259036
1371.286000 0.266539
1372.296000 0.256918
1373.297000 0.177662
1374.445000 0.105889
1375.446000 0.187229
1376.447000 0.289562
1377.456000 0.322680
1378.465000 0.230795
1379.476000 0.225970
1380.486000 0.173933
1381.737000 0.199525
1382.746000 0.220995
1383.755000 0.264381
1384.756000 0.202277
1385.757000 0.281526
1386.765000 0.324357
1387.766000 0.254334
1388.767000 0.375824
1389.776000 0.266478
1390.777000 0.348492
1391.786000 0.257880
1392.795000 0.193915
1393.796000 0.127463
1394.797000 0.221395
1395.805000 0.203974
1396.816000 0.182046
1397.826000 0.263025
1398.835000 0.181434
1399.846000 0.223264
1400.856000 0.217577
1401.865000 0.268861
1402.867000 0.232206
1403.925000 0.180568
1405.106000 0.082242
1406.115000 0.271194
1407.146000 0.267299
1408.147000 0.202262
1409.155000 0.290429
1410.156000 0.314880
1411.038000 0.354034
