0.000000 0.125646
1.002000 0.285915
2.020000 0.184441
3.150000 0.172621
4.321000 0.146744
5.330000 0.143853
6.409000 0.118975
7.420000 0.140601
8.550000 0.150355
9.560000 0.162468
10.570000 0.173937
11.730000 0.153691
12.731000 0.188713
13.760000 0.159632
14.810000 0.176618
15.941000 0.198674
16.950000 0.190615
17.980000 0.156076
19.100000 0.186585
20.210000 0.180157
21.279000 0.153915
22.281000 0.117071
23.290000 0.111321
24.322000 0.052276
25.339000 0.018832
26.359000 0.064145
27.570000 0.033203
28.590000 0.063364
29.859000 0.031262
30.889000 0.025172
31.909000 0.053882
33.009000 0.056528
34.029000 0.052306
35.049000 0.034914
36.209000 0.035373
37.229000 0.045600
38.279000 0.025221
39.309000 0.034532
40.509000 0.021907
41.539000 0.053126
42.579000 0.053564
43.589000 0.049717
44.599000 0.091899
45.770000 0.056275
46.779000 0.062367
47.799000 0.045456
48.809000 0.065595
49.829000 0.057260
50.839000 0.065014
51.869000 0.054394
52.879000 0.039257
53.899000 0.059012
54.900000 0.084440
55.920000 0.078325
56.940000 0.057705
57.979000 0.048716
58.989000 0.039266
59.998000 0.078700
61.009000 0.069818
62.029000 0.073007
63.049000 0.071082
64.059000 0.056651
65.069000 0.050055
66.128000 0.057613
67.149000 0.056274
68.179000 0.034359
69.588000 0.023302
70.618000 0.025531
71.619000 0.044004
72.649000 0.095527
73.770000 0.091470
74.780000 0.117719
75.789000 0.110731
76.799000 0.089141
77.809000 0.059356
78.828000 0.051979
81.089000 0.012706
82.329000 0.073264
83.339000 0.110349
84.349000 0.081973
85.369000 0.078024
86.378000 0.033656
87.598000 0.072386
88.609000 0.081946
89.615000 0.086637
90.619000 0.107568
91.679000 0.092069
92.688000 0.109500
93.698000 0.095265
94.699000 0.117915
95.708000 0.103131
96.729000 0.151251
97.808000 0.112289
98.818000 0.130899
99.828000 0.120340
100.889000 0.082402
102.018000 0.100833
103.029000 0.119422
104.039000 0.087854
105.048000 0.106100
106.198000 0.076415
107.199000 0.090353
108.228000 0.082934
109.368000 0.081534
110.388000 0.096225
111.398000 0.101894
112.418000 0.081913
113.588000 0.108348
114.589000 0.136277
115.719000 0.119027
116.728000 0.154252
117.738000 0.098557
118.748000 0.107002
119.978000 0.108106
120.988000 0.144793
122.208000 0.096203
123.218000 0.123301
124.228000 0.152419
125.428000 0.071299
126.453000 0.132970
127.458000 0.099027
128.588000 0.107095
129.598000 0.135782
130.608000 0.107599
131.708000 0.092277
132.728000 0.105748
133.738000 0.077830
134.748000 0.135897
135.749000 0.097889
136.968000 0.104450
137.987000 0.137330
138.988000 0.088825
139.998000 0.114556
141.008000 0.078512
142.138000 0.119717
143.148000 0.129088
144.318000 0.094797
145.348000 0.085499
146.380000 0.045507
147.388000 0.084659
148.398000 0.065644
149.518000 0.057448
150.538000 0.070822
151.557000 0.042960
152.587000 0.029574
153.687000 0.037211
154.708000 0.090383
155.808000 0.072797
156.819000 0.090227
157.848000 0.085618
158.867000 0.046299
159.888000 0.042697
161.059000 0.054200
162.118000 0.070249
163.178000 0.078906
164.287000 0.001234
165.368000 0.081694
166.369000 0.108889
167.579000 0.076837
168.588000 0.071857
169.598000 0.090112
170.618000 0.121352
171.628000 0.156129
172.687000 0.110083
173.788000 0.143176
174.808000 0.121922
175.818000 0.147153
176.828000 0.127292
177.829000 0.127399
178.848000 0.099967
179.867000 0.147420
180.878000 0.097613
181.888000 0.155431
183.097000 0.101561
184.177000 0.074527
185.178000 0.050565
186.179000 0.094183
187.197000 0.115981
188.268000 0.112459
189.277000 0.131407
190.469000 0.145694
191.477000 0.152164
192.659000 0.111072
193.688000 0.142350
194.777000 0.126708
195.837000 0.104312
196.857000 0.102113
198.047000 0.072316
199.067000 0.064316
200.117000 0.042994
201.247000 0.010896
202.248000 0.127755
203.477000 0.131050
204.677000 0.139857
205.688000 0.168743
206.738000 0.114077
207.747000 0.165295
208.867000 0.111717
209.869000 0.154486
210.882000 0.078597
211.898000 0.145287
212.907000 0.100869
213.927000 0.097947
214.947000 0.063295
215.956000 0.093138
217.147000 0.093110
218.207000 0.135650
219.217000 0.139475
220.227000 0.122250
221.427000 0.154492
222.447000 0.144234
223.477000 0.127823
224.837000 0.096809
225.857000 0.105275
226.867000 0.115088
227.877000 0.136141
228.887000 0.119588
229.987000 0.111888
230.996000 0.108087
231.998000 0.120050
233.007000 0.114006
234.047000 0.083212
235.187000 0.113431
236.197000 0.099210
237.216000 0.048095
238.267000 0.069460
239.487000 0.017839
240.596000 0.052813
241.747000 0.051670
242.827000 0.109632
244.027000 0.101273
245.047000 0.076447
246.067000 0.049622
247.147000 0.056400
248.217000 0.111811
249.227000 0.150643
250.237000 0.109763
251.296000 0.104873
252.447000 0.139240
253.457000 0.149465
254.458000 0.154631
255.657000 0.115535
256.666000 0.147678
257.677000 0.119500
258.686000 0.120789
259.770000 0.104869
260.776000 0.124717
262.007000 0.113227
263.016000 0.100447
264.077000 0.111413
265.287000 0.102707
266.386000 0.114606
267.586000 0.132350
268.807000 0.131380
269.986000 0.127200
270.987000 0.134600
272.067000 0.087375
273.076000 0.166411
274.127000 0.102987
275.226000 0.127799
276.236000 0.125272
277.307000 0.111964
278.312000 0.140266
279.326000 0.088530
280.327000 0.129393
281.336000 0.116579
282.406000 0.089628
283.426000 0.132239
284.436000 0.113080
285.446000 0.133199
286.636000 0.069793
287.637000 0.097643
288.816000 0.087509
289.817000 0.070934
290.867000 0.107610
291.886000 0.145145
292.897000 0.122287
293.956000 0.105535
295.366000 0.094883
296.386000 0.113622
297.396000 0.110898
298.416000 0.090825
299.426000 0.120451
300.476000 0.084530
301.485000 0.106686
302.585000 0.057265
303.607000 0.066993
304.636000 0.042767
305.755000 0.041875
306.756000 0.046466
307.757000 0.029075
308.761000 0.117744
309.770000 0.149245
310.936000 0.110041
312.066000 0.116204
313.137000 0.055684
314.308000 0.089404
315.386000 0.114771
316.506000 0.119363
317.625000 0.107979
318.726000 0.102909
319.735000 0.111648
320.777000 0.065107
321.786000 0.105769
322.986000 0.080812
323.995000 0.131951
325.006000 0.083908
326.165000 0.046033
327.225000 0.011615
328.235000 0.037651
329.255000 0.041576
330.265000 0.015078
332.145000 0.004366
333.785000 0.009176
334.796000 0.122663
335.805000 0.163060
336.806000 0.162372
337.815000 0.158891
339.015000 0.147456
340.026000 0.178685
341.037000 0.135683
342.045000 0.126913
343.055000 0.139608
344.056000 0.170702
345.225000 0.113826
346.227000 0.178724
347.323000 0.136423
348.335000 0.172507
349.353000 0.111112
350.415000 0.033492
351.545000 0.001211
352.555000 0.079505
353.556000 0.157191
354.575000 0.147958
355.585000 0.076514
356.675000 0.083072
357.825000 0.070580
358.835000 0.075850
359.845000 0.048088
360.865000 0.038528
361.875000 0.055712
362.895000 0.081258
363.905000 0.060684
364.935000 0.052176
365.955000 0.076202
366.974000 0.046247
367.995000 0.038359
369.005000 0.036570
370.484000 0.010989
371.495000 0.055478
372.505000 0.044291
373.544000 0.031182
374.954000 0.015523
375.995000 0.102405
377.005000 0.139887
378.024000 0.126376
379.055000 0.173870
380.065000 0.141625
381.075000 0.151962
382.244000 0.118470
383.255000 0.143258
384.265000 0.151501
385.284000 0.125162
386.295000 0.148364
387.298000 0.097493
388.307000 0.110175
389.424000 0.115392
390.425000 0.094567
391.444000 0.065557
392.445000 0.110236
393.454000 0.117820
394.605000 0.110373
395.624000 0.083740
396.635000 0.083078
397.657000 0.059621
398.664000 0.096105
399.784000 0.053121
400.804000 0.054126
401.994000 0.048157
403.004000 0.043343
404.034000 0.027103
405.176000 0.047313
406.184000 0.071152
407.204000 0.046941
408.484000 0.015570
409.514000 0.026563
412.804000 0.002495
413.904000 0.007462
417.074000 0.005600
420.514000 0.007853
421.522000 0.020357
422.844000 0.008278
424.264000 0.054463
425.294000 0.069064
426.305000 0.044276
427.324000 0.037353
428.363000 0.035550
429.615000 0.017496
430.784000 0.001797
431.794000 0.009481
433.024000 0.010010
434.084000 0.023230
435.434000 0.013110
436.443000 0.021693
437.544000 0.013668
438.563000 0.017452
439.693000 0.008004
440.734000 0.024968
441.773000 0.036334
442.783000 0.020317
443.823000 0.019731
444.853000 0.021250
445.993000 0.014400
447.073000 0.011400
448.084000 0.016825
449.104000 0.053647
450.133000 0.022435
451.165000 0.034465
452.194000 0.025578
453.224000 0.037188
472.671000 0.000281
473.681000 0.018962
474.741000 0.010979
476.101000 0.008047
501.675000 0.000053
502.936000 0.034639
503.956000 0.057671
504.995000 0.064158
505.996000 0.073505
507.005000 0.075910
508.026000 0.057902
509.036000 0.068420
510.195000 0.058673
511.395000 0.124480
512.405000 0.161675
513.465000 0.128404
514.505000 0.137377
515.610000 0.135038
516.616000 0.192143
517.726000 0.141950
518.825000 0.180312
519.966000 0.173728
521.116000 0.173994
522.117000 0.187610
523.126000 0.149326
524.136000 0.211067
525.297000 0.195312
526.355000 0.228993
527.381000 0.182641
528.386000 0.239273
529.395000 0.176902
530.396000 0.176633
531.617000 0.094123
532.796000 0.198051
533.805000 0.215249
534.806000 0.199445
535.815000 0.215908
536.915000 0.181096
537.957000 0.209303
538.977000 0.234856
539.978000 0.256380
540.985000 0.255206
542.066000 0.199389
543.235000 0.242363
544.237000 0.313419
545.285000 0.161808
546.386000 0.130072
547.395000 0.204317
548.456000 0.169550
549.546000 0.180428
550.556000 0.252519
551.557000 0.180234
552.575000 0.218852
553.577000 0.195522
554.578000 0.156202
555.586000 0.172437
556.625000 0.186926
557.626000 0.133159
558.627000 0.184645
559.628000 0.208365
560.816000 0.189464
561.817000 0.251189
562.995000 0.204590
563.996000 0.211989
565.165000 0.177567
566.166000 0.258557
567.255000 0.174986
568.256000 0.187049
569.257000 0.235923
570.455000 0.204058
571.495000 0.211338
572.496000 0.268867
573.497000 0.199845
574.505000 0.211000
575.506000 0.213208
576.645000 0.211283
577.706000 0.235864
578.715000 0.241156
579.716000 0.260507
580.755000 0.174844
581.765000 0.171591
582.776000 0.169480
583.915000 0.015056
584.944000 0.119826
586.115000 0.177047
587.125000 0.185213
588.325000 0.079844
589.424000 0.061118
590.435000 0.070410
591.495000 0.040008
592.624000 0.020710
593.635000 0.085922
594.765000 0.096509
595.770000 0.157097
596.774000 0.090210
597.804000 0.115649
598.855000 0.086628
599.875000 0.113777
600.884000 0.112163
601.885000 0.113500
602.886000 0.105391
604.055000 0.105353
605.145000 0.144695
606.154000 0.176321
607.184000 0.200375
608.294000 0.104327
609.434000 0.134233
610.554000 0.148772
611.574000 0.124510
612.575000 0.108540
613.774000 0.074128
614.794000 0.078866
615.884000 0.068679
616.894000 0.072386
617.944000 0.078243
618.954000 0.142249
619.964000 0.143568
620.979000 0.129443
622.024000 0.157178
623.034000 0.154855
624.214000 0.146393
625.224000 0.160166
626.244000 0.152111
627.254000 0.169996
628.274000 0.128676
629.374000 0.151888
630.394000 0.193727
631.404000 0.118842
632.604000 0.150194
633.744000 0.172141
634.754000 0.184088
635.934000 0.167658
637.004000 0.120915
638.014000 0.168970
639.094000 0.106067
640.254000 0.130002
641.274000 0.134558
642.284000 0.122939
643.294000 0.113241
644.300000 0.100342
645.314000 0.083718
646.493000 0.097416
647.494000 0.091388
648.504000 0.097159
649.514000 0.114443
650.515000 0.123319
651.684000 0.119037
652.863000 0.156915
653.864000 0.173006
654.874000 0.129411
655.884000 0.122484
657.073000 0.092455
658.083000 0.122390
659.094000 0.085641
660.293000 0.108313
661.314000 0.132801
662.333000 0.080654
663.433000 0.070181
664.443000 0.087718
665.444000 0.075715
666.454000 0.082996
667.553000 0.082459
668.563000 0.089762
669.573000 0.055388
670.575000 0.044482
671.583000 0.040714
672.593000 0.035492
673.603000 0.044434
674.613000 0.052876
675.616000 0.038413
676.663000 0.035266
677.714000 0.020596
678.743000 0.029248
679.764000 0.025455
680.833000 0.021755
681.843000 0.023026
682.853000 0.017674
683.863000 0.027089
684.933000 0.024021
685.953000 0.030847
687.324000 0.008987
688.433000 0.012335
689.604000 0.007366
690.643000 0.009217
691.773000 0.010896
692.983000 0.006783
694.073000 0.010040
695.113000 0.006577
696.153000 0.002631
699.253000 0.001259
700.482000 0.005566
701.533000 0.010423
702.612000 0.016482
703.673000 0.016762
704.703000 0.024407
705.782000 0.029160
706.783000 0.013681
707.793000 0.017608
708.823000 0.019922
709.843000 0.014433
710.902000 0.019377
711.933000 0.017249
712.983000 0.013774
713.992000 0.016270
715.003000 0.014884
716.012000 0.016270
717.062000 0.020846
718.282000 0.013824
719.302000 0.016094
720.372000 0.016621
721.392000 0.018776
722.462000 0.020456
723.472000 0.014400
724.512000 0.019731
725.593000 0.018982
726.632000 0.015829
727.655000 0.022733
728.672000 0.029651
729.682000 0.032506
730.733000 0.024684
731.842000 0.019737
732.852000 0.010836
735.382000 0.000541
736.613000 0.019014
737.982000 0.003000
739.092000 0.003697
740.162000 0.008950
741.542000 0.002974
742.942000 0.001954
753.065000 0.001618
760.771000 0.007574
761.778000 0.113331
762.788000 0.175435
763.789000 0.170357
764.968000 0.092678
766.178000 0.132497
767.328000 0.141024
768.348000 0.121124
769.548000 0.098634
770.558000 0.139897
771.559000 0.120128
772.568000 0.130425
773.697000 0.132740
774.807000 0.152634
775.809000 0.146466
776.819000 0.168072
777.988000 0.174331
778.998000 0.169496
779.999000 0.120672
781.000000 0.109280
782.018000 0.160049
783.019000 0.117315
784.038000 0.132435
785.268000 0.114444
786.269000 0.166855
787.428000 0.146114
788.438000 0.160997
789.439000 0.173172
790.447000 0.164234
791.448000 0.156315
792.449000 0.114584
793.458000 0.139238
794.528000 0.144458
795.539000 0.108253
796.547000 0.122736
797.609000 0.137050
798.707000 0.133975
799.798000 0.135872
800.867000 0.137251
801.937000 0.149542
802.938000 0.145301
804.007000 0.120747
805.157000 0.128901
806.208000 0.131755
807.209000 0.148524
808.217000 0.158267
809.218000 0.137474
810.367000 0.136134
811.368000 0.144096
812.377000 0.118452
813.408000 0.146790
814.417000 0.102120
815.638000 0.100213
816.648000 0.132429
817.668000 0.136941
818.678000 0.141615
819.799000 0.109151
820.808000 0.148818
821.927000 0.122193
823.147000 0.160400
824.148000 0.167072
825.168000 0.173337
826.177000 0.158110
827.178000 0.158638
828.377000 0.120642
829.378000 0.179643
830.567000 0.071743
831.577000 0.164810
832.737000 0.143711
833.747000 0.157298
834.757000 0.149304
835.907000 0.114277
836.908000 0.172026
838.127000 0.088560
839.137000 0.144890
840.147000 0.141915
841.157000 0.163489
842.299000 0.107947
843.307000 0.163358
844.317000 0.170424
845.467000 0.124276
846.496000 0.141223
847.597000 0.137203
848.607000 0.135561
850.198000 0.105204
851.207000 0.148294
852.217000 0.111137
853.237000 0.108837
854.256000 0.115755
855.477000 0.109859
856.577000 0.117299
857.578000 0.138276
858.587000 0.129219
859.597000 0.096778
860.607000 0.132078
861.726000 0.100379
862.727000 0.117794
863.847000 0.090498
864.857000 0.112833
865.866000 0.121898
866.867000 0.123136
867.876000 0.049429
868.906000 0.053126
869.966000 0.016144
870.996000 0.060592
872.116000 0.035421
873.136000 0.012682
874.386000 0.009850
875.406000 0.036259
876.417000 0.036534
877.426000 0.049477
878.516000 0.049917
879.596000 0.063747
880.626000 0.062423
881.636000 0.033807
882.656000 0.042918
883.666000 0.037350
884.686000 0.052643
885.696000 0.055533
886.706000 0.035499
887.716000 0.053503
888.736000 0.055173
889.746000 0.058242
890.816000 0.030050
891.856000 0.032885
892.906000 0.021402
893.916000 0.023049
894.926000 0.025735
895.951000 0.040931
896.955000 0.057987
898.016000 0.060244
899.026000 0.050165
900.146000 0.038811
901.157000 0.078020
902.166000 0.031183
903.455000 0.014016
904.486000 0.035825
905.506000 0.042819
906.516000 0.081009
907.535000 0.064814
908.536000 0.057666
909.775000 0.054266
910.795000 0.032220
911.806000 0.020297
912.825000 0.009085
913.876000 0.010413
914.926000 0.015634
915.978000 0.029909
917.015000 0.022570
918.045000 0.031876
919.065000 0.016896
920.105000 0.018415
921.116000 0.020297
922.325000 0.018455
923.326000 0.030066
924.365000 0.019750
925.395000 0.007675
926.415000 0.020118
927.425000 0.028444
928.694000 0.005485
929.715000 0.050915
930.755000 0.027862
931.765000 0.039279
932.805000 0.029816
933.825000 0.037553
934.886000 0.010315
935.896000 0.004958
937.465000 0.071077
938.475000 0.048760
939.476000 0.078357
940.486000 0.109084
941.665000 0.099346
942.666000 0.140685
943.676000 0.132636
944.695000 0.084335
945.705000 0.103351
946.716000 0.077842
947.735000 0.093494
948.945000 0.051530
950.255000 0.040763
951.365000 0.048633
952.385000 0.053027
953.610000 0.041378
954.615000 0.031307
956.005000 0.000984
975.749000 0.000139
977.156000 0.016634
978.226000 0.025570
979.337000 0.033717
980.397000 0.028392
981.997000 0.011970
983.307000 0.008354
986.148000 0.008164
987.552000 0.049966
988.568000 0.042966
990.216000 0.022368
991.757000 0.018642
992.770000 0.036916
994.020000 0.037609
995.177000 0.056881
996.477000 0.049725
997.496000 0.070375
998.567000 0.054480
999.596000 0.030577
1000.661000 0.020172
1001.666000 0.027224
1002.756000 0.022591
1004.128000 0.006883
1005.716000 0.017209
1006.736000 0.025459
1007.876000 0.031200
1008.896000 0.044942
1009.940000 0.054276
1010.966000 0.064470
1011.996000 0.047814
1013.026000 0.031876
1014.027000 0.023940
1015.066000 0.050033
1016.076000 0.041988
1017.096000 0.032087
1018.126000 0.030548
1019.336000 0.016993
1020.396000 0.028392
1021.436000 0.026308
1022.446000 0.018475
1023.556000 0.048479
1024.626000 0.058319
1025.636000 0.067115
1026.736000 0.058094
1027.746000 0.067723
1028.836000 0.072061
1029.856000 0.074801
1030.866000 0.074725
1032.667000 0.030830
1035.145000 0.026174
1036.266000 0.054806
1037.276000 0.088813
1038.286000 0.065036
1039.556000 0.042321
1040.675000 0.056275
1041.676000 0.034166
1042.816000 0.043524
1043.826000 0.073141
1044.835000 0.039479
1045.976000 0.037119
1047.196000 0.016820
1048.287000 0.010031
1049.326000 0.018433
1050.436000 0.011092
1051.456000 0.023987
1052.506000 0.046903
1053.515000 0.025372
1054.525000 0.056887
1055.526000 0.028917
1056.536000 0.044697
1057.571000 0.017091
1058.726000 0.047702
1059.835000 0.064235
1060.946000 0.059772
1061.966000 0.053647
1062.967000 0.038644
1063.995000 0.045214
1065.016000 0.074957
1066.026000 0.081370
1067.047000 0.090118
1068.086000 0.085324
1069.115000 0.076579
1070.195000 0.063121
1071.226000 0.093535
1072.235000 0.096723
1073.447000 0.045325
1074.546000 0.029902
1075.555000 0.069176
1076.595000 0.042092
1077.617000 0.032125
1078.815000 0.040028
1079.966000 0.108182
1080.985000 0.055096
1082.026000 0.044680
1083.045000 0.033832
1084.046000 0.086366
1085.047000 0.099062
1086.055000 0.144875
1087.075000 0.101821
1088.076000 0.146534
1089.085000 0.117126
1090.086000 0.140722
1091.185000 0.141099
1092.256000 0.149070
1093.265000 0.143337
1094.288000 0.134697
1095.295000 0.153095
1096.296000 0.161635
1097.525000 0.131050
1098.526000 0.156363
1099.535000 0.127807
1100.545000 0.131647
1101.656000 0.098620
1102.865000 0.131565
1103.867000 0.135718
1104.875000 0.067676
1106.075000 0.095061
1107.085000 0.126450
1108.105000 0.135097
1109.106000 0.121775
1110.115000 0.120543
1111.117000 0.106137
1112.288000 0.125156
1113.485000 0.111740
1114.495000 0.126571
1115.705000 0.061117
1116.715000 0.125782
1117.724000 0.084352
1118.735000 0.071007
1119.745000 0.063473
1120.885000 0.059322
1122.135000 0.042682
1123.154000 0.066756
1124.280000 0.054852
1125.284000 0.057360
1126.304000 0.041010
1127.315000 0.069615
1128.326000 0.097606
1129.335000 0.107031
1130.385000 0.076342
1131.395000 0.083133
1132.405000 0.077188
1133.415000 0.072877
1134.426000 0.070783
1135.564000 0.078422
1136.574000 0.085618
1137.654000 0.077748
1138.674000 0.104517
1139.685000 0.088773
1140.694000 0.100793
1141.915000 0.102242
1142.925000 0.113306
1143.945000 0.099005
1144.954000 0.130474
1145.955000 0.092176
1146.956000 0.133066
1147.965000 0.097674
1148.974000 0.134207
1150.104000 0.090877
1151.284000 0.099895
1152.291000 0.136242
1153.454000 0.092066
1154.464000 0.134372
1155.475000 0.123671
1156.484000 0.082477
1157.535000 0.097459
1158.754000 0.102302
1159.764000 0.105178
1160.794000 0.086559
1162.035000 0.089657
1163.145000 0.103812
1164.254000 0.110206
1165.264000 0.105314
1166.474000 0.081546
1167.484000 0.109249
1168.524000 0.085133
1169.534000 0.125902
1170.535000 0.093919
1171.544000 0.107307
1172.554000 0.117868
1173.604000 0.110659
1174.654000 0.066687
1175.724000 0.107707
1176.784000 0.122271
1177.785000 0.121492
1179.034000 0.093489
1180.035000 0.129879
1181.044000 0.145600
1182.045000 0.139236
1183.104000 0.159215
1184.344000 0.167525
1185.346000 0.157099
1186.414000 0.156541
1187.594000 0.160757
1188.595000 0.148181
1189.603000 0.157873
1190.604000 0.127763
1191.624000 0.128171
1192.634000 0.112012
1193.644000 0.113344
1194.664000 0.133398
1195.665000 0.136649
1196.674000 0.103648
1197.724000 0.107452
1198.734000 0.106683
1199.884000 0.108515
1200.893000 0.120880
1201.894000 0.123032
1203.074000 0.106842
1204.084000 0.152344
1205.086000 0.101423
1206.093000 0.135509
1207.094000 0.095875
1208.114000 0.123104
1209.134000 0.133958
1210.313000 0.107596
1211.324000 0.130859
1212.333000 0.111188
1213.424000 0.106744
1214.434000 0.145496
1215.534000 0.142184
1216.573000 0.145838
1217.583000 0.139255
1218.594000 0.108537
1219.624000 0.103021
1220.633000 0.041048
1221.634000 0.138957
1222.653000 0.068027
1223.704000 0.111612
1224.713000 0.149470
1225.723000 0.095230
1226.724000 0.102172
1227.743000 0.124856
1228.753000 0.120465
1229.964000 0.115118
1230.985000 0.142367
1232.113000 0.093091
1233.123000 0.099325
1234.163000 0.082215
1235.173000 0.077735
1236.223000 0.082990
1237.353000 0.114824
1238.523000 0.130374
1239.524000 0.157887
1240.533000 0.125486
1241.543000 0.118644
1242.553000 0.114235
1243.713000 0.089886
1244.862000 0.129950
1245.933000 0.125815
1246.934000 0.132931
1247.943000 0.128916
1248.944000 0.122410
1249.945000 0.152017
1250.953000 0.113542
1251.964000 0.109605
1252.973000 0.116336
1254.093000 0.115973
1255.253000 0.123506
1256.443000 0.116266
1257.484000 0.132273
1258.485000 0.135020
1259.633000 0.102899
1260.643000 0.138537
1261.833000 0.076192
1262.844000 0.134023
1263.893000 0.131715
1265.013000 0.126660
1266.014000 0.179375
1267.023000 0.161585
1268.024000 0.153278
1269.032000 0.154798
1270.033000 0.144418
1271.044000 0.173356
1272.063000 0.160379
1273.073000 0.158212
1274.074000 0.173149
1275.083000 0.149187
1276.084000 0.153346
1277.093000 0.146913
1278.103000 0.135624
1279.104000 0.156418
1280.113000 0.169297
1281.192000 0.124569
1282.193000 0.178655
1283.332000 0.126182
1284.342000 0.174565
1285.513000 0.127644
1286.514000 0.178434
1287.564000 0.094214
1288.663000 0.111131
1289.674000 0.175849
1290.683000 0.130611
1291.853000 0.124461
1292.862000 0.147731
1293.863000 0.155551
1294.864000 0.173734
1296.047000 0.186801
