0.000000 0.006481
1.001000 0.131355
2.191000 0.326585
3.192000 0.160605
4.261000 0.165889
5.311000 0.154165
6.450000 0.187283
7.451000 0.125606
8.460000 0.133767
9.610000 0.103453
10.620000 0.149691
11.621000 0.124935
12.622000 0.143129
13.630000 0.126266
14.800000 0.119458
15.809000 0.136438
16.810000 0.106365
17.811000 0.152308
18.823000 0.161591
19.830000 0.105409
20.840000 0.145643
22.000000 0.118615
23.390000 0.099429
24.490000 0.117305
25.940000 0.104224
26.941000 0.149957
27.959000 0.110009
29.023000 0.099655
30.039000 0.099406
31.131000 0.030586
32.150000 0.038932
33.199000 0.038138
34.209000 0.017608
35.230000 0.016015
36.320000 0.056697
37.399000 0.016482
38.400000 0.032799
39.419000 0.052967
40.429000 0.044741
41.540000 0.038165
42.559000 0.055042
43.560000 0.044222
44.609000 0.061576
45.670000 0.038321
46.679000 0.072815
47.689000 0.077000
48.699000 0.048037
49.701000 0.091071
50.810000 0.102781
51.829000 0.132496
52.840000 0.098694
53.849000 0.109530
54.850000 0.082545
55.889000 0.079033
56.890000 0.065598
58.049000 0.089749
59.069000 0.121627
60.079000 0.062894
61.089000 0.059360
62.100000 0.073009
63.119000 0.082697
64.129000 0.054178
65.139000 0.028267
66.289000 0.041900
67.329000 0.052877
68.349000 0.073410
69.369000 0.055242
70.379000 0.066875
71.489000 0.052369
72.599000 0.078472
73.609000 0.051469
74.629000 0.028165
76.234000 0.010208
77.549000 0.012313
78.879000 0.058447
80.399000 0.057347
82.349000 0.033607
83.359000 0.103621
84.379000 0.079761
85.390000 0.095423
86.459000 0.057586
87.469000 0.053497
88.479000 0.070510
89.499000 0.069152
90.509000 0.063659
91.529000 0.049236
92.560000 0.059637
93.569000 0.086778
94.809000 0.093883
95.819000 0.106053
96.949000 0.094812
97.958000 0.095776
98.959000 0.097611
100.109000 0.086854
101.129000 0.142754
102.139000 0.114646
103.149000 0.109504
104.154000 0.053263
105.299000 0.071322
106.309000 0.107481
107.398000 0.083288
108.408000 0.112285
109.539000 0.085578
110.549000 0.113425
111.559000 0.084648
112.569000 0.106937
113.649000 0.084538
114.658000 0.134534
115.669000 0.085267
116.818000 0.103185
117.829000 0.113279
118.838000 0.080513
119.849000 0.082452
120.868000 0.147368
121.879000 0.111991
122.888000 0.098973
123.989000 0.114559
124.990000 0.161128
125.998000 0.109651
127.008000 0.153099
128.028000 0.103983
129.038000 0.072965
130.088000 0.028236
131.118000 0.037188
132.138000 0.023645
133.149000 0.062243
134.158000 0.054778
135.358000 0.033456
136.368000 0.076719
137.369000 0.088586
138.608000 0.084719
139.619000 0.094663
140.629000 0.059618
141.638000 0.024404
142.658000 0.020600
143.668000 0.016015
144.678000 0.053971
145.808000 0.047481
146.848000 0.058195
148.058000 0.071603
149.078000 0.111261
150.088000 0.067963
151.109000 0.064313
152.128000 0.101447
153.298000 0.074814
154.519000 0.106305
155.528000 0.128754
156.699000 0.119030
157.708000 0.168534
158.878000 0.111603
159.889000 0.144391
160.898000 0.120978
161.909000 0.069492
162.918000 0.068882
163.978000 0.067325
164.988000 0.095431
165.998000 0.036987
167.029000 0.038782
168.037000 0.078281
169.038000 0.117379
170.378000 0.101304
171.389000 0.076291
172.397000 0.100619
173.398000 0.092323
174.497000 0.053123
175.708000 0.053429
176.718000 0.063259
177.797000 0.067867
178.808000 0.074495
179.828000 0.048040
180.838000 0.071329
181.857000 0.057727
182.968000 0.032347
183.998000 0.092549
185.008000 0.100955
186.018000 0.090047
187.037000 0.061419
188.238000 0.093296
189.288000 0.072866
190.308000 0.063996
191.687000 0.043980
192.697000 0.052396
193.798000 0.023608
194.918000 0.010771
195.928000 0.130392
196.938000 0.179341
198.064000 0.142287
199.198000 0.174655
200.208000 0.185181
201.209000 0.159351
202.218000 0.168662
203.417000 0.120015
204.428000 0.168970
205.617000 0.110819
206.657000 0.109474
207.677000 0.119342
208.687000 0.117615
209.688000 0.126914
210.868000 0.126324
211.869000 0.165235
212.877000 0.171186
214.038000 0.116107
215.057000 0.151921
216.058000 0.152491
217.059000 0.120447
218.067000 0.125623
219.068000 0.133817
220.237000 0.107034
221.238000 0.145074
222.337000 0.077426
223.347000 0.109102
224.357000 0.065492
225.367000 0.068674
226.557000 0.069810
227.567000 0.130290
228.607000 0.093873
229.628000 0.106376
230.657000 0.082154
231.688000 0.064106
233.567000 0.029701
234.569000 0.109229
235.788000 0.114039
236.977000 0.133332
237.978000 0.120249
238.985000 0.048147
239.987000 0.104852
241.067000 0.068707
242.077000 0.123925
243.097000 0.105913
244.127000 0.098965
245.137000 0.129069
246.157000 0.171628
247.327000 0.155000
248.337000 0.155280
249.347000 0.128043
250.357000 0.120469
251.377000 0.114254
252.457000 0.112383
253.477000 0.118575
254.496000 0.109372
255.707000 0.122079
256.747000 0.103292
257.817000 0.112985
258.827000 0.124908
259.848000 0.168875
261.067000 0.125279
262.077000 0.168636
263.088000 0.179645
264.155000 0.112886
265.326000 0.140263
266.328000 0.171259
267.436000 0.128115
268.457000 0.169007
269.467000 0.172034
270.477000 0.168666
271.487000 0.150758
272.687000 0.125061
273.936000 0.126163
275.117000 0.133513
276.186000 0.142848
277.327000 0.143463
278.346000 0.153815
279.348000 0.169167
280.356000 0.123600
281.366000 0.119296
282.376000 0.104102
283.556000 0.125262
284.596000 0.131039
285.637000 0.147618
286.646000 0.140559
287.686000 0.104918
288.818000 0.002203
289.836000 0.086920
290.846000 0.114435
291.847000 0.112530
292.848000 0.140370
293.946000 0.131900
294.958000 0.117475
295.966000 0.122951
296.976000 0.096324
298.126000 0.096800
299.147000 0.111778
300.158000 0.070041
301.166000 0.069740
302.176000 0.160798
303.186000 0.131043
304.191000 0.083990
305.196000 0.087850
306.206000 0.102148
307.236000 0.100526
308.337000 0.042303
309.386000 0.074334
310.476000 0.012762
311.506000 0.023907
312.705000 0.015121
314.076000 0.016963
315.086000 0.095278
316.087000 0.109897
317.096000 0.120773
318.206000 0.109431
319.406000 0.134043
320.506000 0.122535
321.586000 0.113292
322.776000 0.113492
324.007000 0.098155
325.018000 0.100176
326.029000 0.045722
327.030000 0.038742
328.766000 0.039917
329.767000 0.098312
330.786000 0.084525
332.446000 0.026371
333.656000 0.069153
334.666000 0.078858
335.726000 0.062966
336.756000 0.050470
338.146000 0.008858
339.316000 0.019658
340.496000 0.061597
341.575000 0.095176
342.576000 0.093822
343.595000 0.115816
344.605000 0.151444
345.609000 0.139244
346.626000 0.174667
347.636000 0.182653
348.736000 0.131791
349.755000 0.176557
350.985000 0.134857
351.986000 0.160516
352.995000 0.087505
353.996000 0.161136
355.105000 0.148393
356.106000 0.194902
357.315000 0.126031
358.316000 0.164024
359.325000 0.154432
360.335000 0.070405
361.365000 0.055539
362.375000 0.059596
363.475000 0.021379
364.476000 0.090652
365.486000 0.157430
366.495000 0.173134
367.635000 0.111511
368.646000 0.142183
369.715000 0.047196
370.825000 0.086821
371.835000 0.089295
372.855000 0.080499
373.865000 0.078908
374.885000 0.065225
375.905000 0.078463
376.925000 0.098509
377.935000 0.071229
378.965000 0.068928
379.975000 0.052369
381.024000 0.046948
382.035000 0.027342
383.245000 0.039556
384.275000 0.055783
385.295000 0.055081
386.305000 0.060261
387.306000 0.058322
388.314000 0.044321
389.365000 0.024731
390.375000 0.050406
391.586000 0.116188
392.595000 0.129354
393.605000 0.130893
394.645000 0.136712
395.655000 0.136312
396.656000 0.139697
397.657000 0.108005
398.705000 0.142333
399.765000 0.126515
400.894000 0.108843
402.035000 0.106785
403.044000 0.106696
404.204000 0.084310
405.214000 0.057371
406.224000 0.082556
407.284000 0.088924
408.294000 0.130023
409.314000 0.131064
410.325000 0.091380
411.334000 0.121644
412.335000 0.077023
413.341000 0.088304
414.345000 0.059423
415.354000 0.046905
416.374000 0.056329
417.384000 0.041222
418.404000 0.038894
419.424000 0.027998
420.666000 0.033043
421.704000 0.039854
422.764000 0.028392
426.778000 0.002726
427.954000 0.001163
429.975000 0.002708
432.085000 0.004870
433.254000 0.002340
434.256000 0.051880
436.814000 0.005310
438.324000 0.016307
439.524000 0.005700
440.684000 0.002359
441.814000 0.001212
449.543000 0.002961
450.613000 0.031940
451.654000 0.020945
452.734000 0.032762
453.804000 0.016621
454.984000 0.023186
456.024000 0.009208
457.033000 0.012202
458.044000 0.020282
459.513000 0.035587
460.534000 0.046895
461.564000 0.037872
462.613000 0.035358
463.624000 0.047359
464.633000 0.031991
465.673000 0.039810
466.674000 0.050565
467.704000 0.035644
468.744000 0.044723
469.754000 0.027778
470.794000 0.031569
471.814000 0.033529
472.853000 0.015611
473.854000 0.020500
474.884000 0.030548
475.934000 0.012779
476.946000 0.021628
491.529000 0.000750
492.639000 0.009859
493.699000 0.007743
494.819000 0.007329
496.109000 0.008150
497.120000 0.050065
498.530000 0.026201
499.539000 0.115831
500.729000 0.137245
501.849000 0.128282
502.850000 0.166786
503.859000 0.130262
504.869000 0.126715
505.870000 0.131368
507.039000 0.145421
508.049000 0.143950
509.183000 0.103553
510.209000 0.060000
511.229000 0.024542
512.239000 0.047975
513.269000 0.053651
514.270000 0.109353
515.419000 0.133484
516.420000 0.202357
517.429000 0.182593
518.559000 0.159380
519.739000 0.165093
520.920000 0.157449
522.039000 0.158781
523.040000 0.178145
524.229000 0.172333
525.279000 0.187129
526.419000 0.167250
527.549000 0.165055
528.559000 0.182037
529.729000 0.120178
530.739000 0.187754
531.740000 0.196934
532.879000 0.161661
533.889000 0.177663
534.999000 0.154473
536.154000 0.175886
537.339000 0.175062
538.429000 0.198719
539.609000 0.224860
540.669000 0.212046
541.679000 0.224505
542.680000 0.140791
543.689000 0.191939
544.699000 0.190195
545.799000 0.104690
546.950000 0.159042
548.109000 0.154894
549.110000 0.186578
550.169000 0.128098
551.348000 0.164529
552.448000 0.178366
553.549000 0.174894
554.598000 0.169728
555.700000 0.165964
556.879000 0.174310
558.029000 0.187324
559.220000 0.175154
560.239000 0.194819
561.319000 0.160456
562.420000 0.162540
563.599000 0.175511
564.649000 0.168620
565.849000 0.168651
566.859000 0.199647
567.860000 0.191998
569.025000 0.139880
570.028000 0.179458
571.029000 0.161146
572.030000 0.164313
573.049000 0.187242
574.050000 0.217052
575.058000 0.193061
576.198000 0.161165
577.199000 0.176945
578.208000 0.194152
579.218000 0.160398
580.223000 0.182218
581.228000 0.180759
582.308000 0.158831
583.309000 0.161373
584.459000 0.139696
585.468000 0.184910
586.479000 0.170127
587.548000 0.070517
588.549000 0.177848
589.708000 0.133959
590.718000 0.193996
591.898000 0.156835
593.080000 0.206634
594.088000 0.226343
595.138000 0.181874
596.248000 0.188364
597.278000 0.195804
598.428000 0.094560
599.432000 0.089869
600.499000 0.095767
601.508000 0.108204
602.519000 0.128617
603.528000 0.131096
604.608000 0.157394
605.638000 0.151110
606.788000 0.135807
607.799000 0.119148
608.838000 0.120793
609.851000 0.137979
610.887000 0.126819
611.888000 0.191420
612.899000 0.165501
613.900000 0.203690
614.908000 0.151321
615.987000 0.167259
616.988000 0.196720
617.997000 0.111588
619.058000 0.073269
620.108000 0.126597
621.118000 0.128782
622.287000 0.094361
623.297000 0.061731
624.317000 0.071722
625.327000 0.069077
626.337000 0.049926
627.537000 0.053113
628.678000 0.019183
629.778000 0.141795
630.787000 0.106865
631.807000 0.045087
632.867000 0.050563
633.887000 0.044259
634.898000 0.039038
635.907000 0.106735
636.917000 0.058215
637.947000 0.043525
638.988000 0.035481
640.017000 0.018126
641.020000 0.025914
642.037000 0.062014
643.117000 0.116831
644.138000 0.135766
645.147000 0.113570
646.157000 0.105114
647.318000 0.110688
648.637000 0.090835
649.667000 0.117166
650.668000 0.153166
651.757000 0.126092
652.947000 0.137039
653.957000 0.163587
654.977000 0.105930
655.978000 0.145673
656.979000 0.140141
657.987000 0.133584
658.998000 0.134442
660.007000 0.122606
661.008000 0.161344
662.018000 0.151984
663.022000 0.144064
664.168000 0.129971
665.177000 0.157023
666.357000 0.139101
667.367000 0.159535
668.577000 0.128640
669.587000 0.135510
670.597000 0.126092
671.607000 0.119504
672.608000 0.130886
673.617000 0.115108
674.717000 0.131395
675.727000 0.148941
676.728000 0.122628
677.847000 0.152676
678.987000 0.144964
680.097000 0.132310
681.107000 0.098103
682.136000 0.113912
683.137000 0.103195
684.138000 0.096418
685.157000 0.133325
686.286000 0.084238
687.287000 0.072778
688.297000 0.066413
689.316000 0.065252
690.467000 0.093226
691.477000 0.135521
692.486000 0.109208
693.496000 0.110166
694.516000 0.097072
695.546000 0.075963
696.626000 0.071348
697.636000 0.105324
698.656000 0.103634
699.676000 0.091035
700.677000 0.092741
701.716000 0.138776
702.726000 0.154357
703.816000 0.113081
704.817000 0.156947
705.826000 0.128305
706.976000 0.079168
707.977000 0.120757
709.006000 0.081219
710.026000 0.080016
711.047000 0.090521
712.056000 0.076698
713.066000 0.087386
714.067000 0.114169
715.068000 0.134019
716.076000 0.147210
717.077000 0.119416
718.086000 0.115032
719.096000 0.122208
720.116000 0.104118
721.177000 0.110089
722.186000 0.099462
723.196000 0.099588
724.246000 0.119073
725.256000 0.114912
726.257000 0.109189
727.266000 0.135792
728.506000 0.064265
729.516000 0.107085
730.566000 0.108490
731.606000 0.126227
732.616000 0.150817
733.626000 0.106135
734.646000 0.100815
735.657000 0.114633
736.666000 0.104493
737.686000 0.121557
738.696000 0.135507
739.716000 0.123143
740.776000 0.121879
741.786000 0.116132
742.787000 0.093182
743.796000 0.143832
744.806000 0.135843
745.807000 0.130738
746.816000 0.134978
747.976000 0.110466
748.977000 0.151401
750.036000 0.114121
751.046000 0.119096
752.056000 0.152476
753.066000 0.157630
754.076000 0.127658
755.086000 0.111394
756.096000 0.058470
757.106000 0.082622
758.256000 0.066093
759.286000 0.099569
760.296000 0.084023
761.306000 0.067854
762.325000 0.055857
763.326000 0.066070
764.455000 0.097378
765.466000 0.107130
766.475000 0.109386
767.477000 0.107242
768.486000 0.074990
769.496000 0.106529
770.718000 0.064517
771.725000 0.095208
772.736000 0.094923
773.756000 0.103157
774.766000 0.123087
775.776000 0.101416
776.777000 0.074499
777.795000 0.111005
778.816000 0.154761
779.945000 0.101412
780.946000 0.131592
781.956000 0.115629
783.005000 0.128877
784.006000 0.140183
785.017000 0.090518
786.106000 0.122136
787.115000 0.135245
788.116000 0.084173
789.125000 0.092419
790.135000 0.118445
791.155000 0.092415
792.255000 0.086835
793.265000 0.125432
794.275000 0.070636
795.285000 0.082350
796.456000 0.089236
797.506000 0.128571
798.665000 0.116745
799.666000 0.083192
800.675000 0.086005
801.695000 0.090726
802.875000 0.090797
803.876000 0.092960
804.885000 0.082822
805.905000 0.138400
806.915000 0.131507
807.925000 0.118016
808.942000 0.133324
809.956000 0.115273
810.965000 0.077971
811.976000 0.105648
812.985000 0.120026
813.995000 0.091796
815.005000 0.089837
816.016000 0.103561
817.165000 0.117227
818.175000 0.104972
819.185000 0.097274
820.195000 0.064774
821.215000 0.066290
822.225000 0.082928
823.245000 0.117595
824.256000 0.095767
825.585000 0.057506
826.594000 0.066434
832.808000 0.000243
834.215000 0.000801
835.385000 0.058238
836.575000 0.122401
837.585000 0.139396
838.595000 0.137757
839.605000 0.136920
840.606000 0.138398
841.625000 0.157512
842.635000 0.186720
843.636000 0.202271
844.854000 0.142800
845.865000 0.114691
847.005000 0.163498
848.135000 0.157678
849.185000 0.152493
850.195000 0.157917
851.275000 0.132299
852.285000 0.163694
853.415000 0.136568
854.425000 0.175639
855.435000 0.096649
856.455000 0.119179
857.465000 0.115035
858.495000 0.140612
859.655000 0.168589
860.675000 0.147498
861.676000 0.106824
862.815000 0.119108
863.825000 0.112365
864.925000 0.095688
865.935000 0.082063
866.945000 0.056090
867.975000 0.075586
868.995000 0.067825
870.014000 0.051036
871.017000 0.078138
872.025000 0.093687
873.064000 0.060921
874.088000 0.046804
875.105000 0.036478
876.114000 0.042030
877.115000 0.046411
878.124000 0.077125
879.144000 0.059969
880.164000 0.103484
881.188000 0.066704
882.194000 0.046608
883.214000 0.038993
884.234000 0.053647
885.275000 0.034881
886.304000 0.037593
887.324000 0.056329
888.335000 0.062136
889.344000 0.082862
890.565000 0.060745
891.585000 0.074874
892.644000 0.050269
893.646000 0.045054
894.654000 0.059175
895.664000 0.053951
896.804000 0.070192
897.814000 0.071786
898.824000 0.057349
899.844000 0.040445
901.025000 0.075318
902.044000 0.071152
903.065000 0.052326
904.075000 0.089483
905.094000 0.076551
906.105000 0.065222
907.114000 0.051520
908.135000 0.058954
909.144000 0.033921
910.174000 0.046485
911.184000 0.033405
912.244000 0.041298
913.284000 0.032556
914.324000 0.034200
915.364000 0.031569
916.434000 0.013650
917.454000 0.017435
918.464000 0.020317
919.534000 0.010228
920.594000 0.016777
921.604000 0.023354
922.614000 0.031152
923.633000 0.025807
924.634000 0.038266
925.724000 0.032261
926.784000 0.023230
927.854000 0.014064
928.893000 0.022383
929.924000 0.030518
930.954000 0.042082
932.024000 0.028535
933.074000 0.032571
934.114000 0.025849
935.124000 0.058242
936.134000 0.052313
937.144000 0.067723
938.174000 0.039487
939.194000 0.055176
940.273000 0.059038
941.414000 0.057424
942.514000 0.066940
943.515000 0.084376
944.524000 0.101668
945.534000 0.105474
946.553000 0.079230
947.564000 0.088147
948.574000 0.082555
949.734000 0.063411
950.744000 0.066264
951.755000 0.110286
952.773000 0.058142
953.783000 0.059118
954.834000 0.062427
955.893000 0.054845
956.914000 0.033497
957.963000 0.025906
958.964000 0.032799
959.994000 0.024444
961.004000 0.027089
962.083000 0.017301
963.095000 0.020277
964.104000 0.102535
965.119000 0.067519
966.234000 0.059657
967.253000 0.063603
968.264000 0.062904
969.273000 0.065179
970.284000 0.070713
971.293000 0.096126
972.294000 0.101043
973.304000 0.109298
974.593000 0.098289
975.603000 0.123853
976.604000 0.123179
977.623000 0.127232
978.624000 0.114869
979.753000 0.116597
980.763000 0.085249
981.764000 0.115175
982.773000 0.083164
983.793000 0.103854
984.983000 0.080325
986.013000 0.102397
987.164000 0.082039
988.174000 0.050115
989.184000 0.034044
991.792000 0.006282
992.813000 0.096425
993.923000 0.033126
994.973000 0.048252
995.983000 0.040250
997.020000 0.042712
998.043000 0.065525
999.053000 0.037909
1000.064000 0.059274
1001.184000 0.093133
1002.533000 0.041950
1003.553000 0.038894
1004.564000 0.046293
1005.583000 0.081296
1006.593000 0.064679
1007.603000 0.079557
1008.613000 0.047228
1009.623000 0.051682
1010.644000 0.083319
1011.688000 0.056309
1012.717000 0.069507
1013.743000 0.042206
1014.753000 0.044697
1015.773000 0.031311
1016.783000 0.046051
1017.806000 0.028716
1018.813000 0.089978
1019.833000 0.105212
1020.853000 0.079623
1021.863000 0.074129
1022.873000 0.080336
1023.883000 0.098858
1024.903000 0.079946
1025.914000 0.077747
1027.016000 0.089586
1028.023000 0.132167
1029.063000 0.106901
1030.083000 0.122325
1031.213000 0.123647
1032.232000 0.137492
1033.233000 0.118809
1034.243000 0.123654
1035.293000 0.110968
1036.303000 0.148087
1037.333000 0.132346
1038.713000 0.148385
1039.723000 0.128377
1040.724000 0.163614
1041.893000 0.142390
1042.923000 0.111760
1043.933000 0.155793
1045.133000 0.130098
1046.143000 0.150825
1047.153000 0.155413
1048.156000 0.118820
1049.163000 0.148313
1050.244000 0.142228
1051.252000 0.116555
1052.253000 0.170551
1053.373000 0.151823
1054.383000 0.168127
1055.393000 0.135538
1056.443000 0.108413
1057.463000 0.166938
1058.464000 0.138042
1059.473000 0.137669
1060.483000 0.155120
1061.493000 0.102656
1062.502000 0.089665
1063.532000 0.084090
1064.533000 0.123089
1065.543000 0.091376
1066.552000 0.105738
1067.573000 0.090112
1068.686000 0.109291
1069.702000 0.139077
1070.713000 0.091755
1071.733000 0.065228
1072.742000 0.093812
1073.912000 0.058607
1074.913000 0.079082
1076.062000 0.099009
1077.073000 0.129190
1078.082000 0.130547
1079.083000 0.165419
1080.103000 0.147062
1081.104000 0.120325
1082.112000 0.117897
1083.142000 0.116474
1084.156000 0.048223
1085.162000 0.037550
1086.292000 0.059800
1087.312000 0.061694
1097.430000 0.000799
1098.642000 0.013325
1099.722000 0.030400
1102.172000 0.010284
1103.532000 0.037147
1104.653000 0.030474
1106.522000 0.034049
1107.532000 0.060950
1121.257000 0.001119
1122.267000 0.140995
1123.277000 0.097202
1124.427000 0.105649
1125.439000 0.121948
1126.647000 0.118729
1127.707000 0.133908
1128.717000 0.119476
1129.807000 0.129723
1130.808000 0.083975
1131.817000 0.138123
1132.933000 0.103905
1133.937000 0.159337
1135.087000 0.139068
1136.097000 0.171007
1137.107000 0.106676
1138.237000 0.093018
1139.247000 0.126753
1140.267000 0.085175
1141.297000 0.126207
1142.306000 0.086491
1143.317000 0.142800
1144.326000 0.110770
1145.487000 0.098004
1146.527000 0.128840
1147.657000 0.116341
1148.717000 0.134469
1149.737000 0.128797
1150.747000 0.149857
1151.757000 0.139462
1152.767000 0.142806
1153.787000 0.147063
1154.797000 0.156645
1155.927000 0.110391
1156.937000 0.148084
1157.938000 0.185903
1158.939000 0.146896
1160.107000 0.121268
1161.108000 0.148686
1162.277000 0.090518
1163.426000 0.122758
1164.427000 0.129084
1165.436000 0.104461
1166.527000 0.119121
1167.537000 0.143163
1168.627000 0.138372
1169.737000 0.128395
1170.887000 0.120333
1172.026000 0.126184
1173.028000 0.187605
1174.037000 0.166330
1175.047000 0.144289
1176.056000 0.109664
1177.066000 0.128070
1178.217000 0.075706
1179.237000 0.111422
1180.246000 0.117899
1181.257000 0.097704
1182.438000 0.082345
1183.587000 0.098343
1184.817000 0.119533
1185.897000 0.148204
1186.906000 0.196929
1187.986000 0.070493
1191.276000 0.036477
1192.326000 0.035177
1193.346000 0.027447
1194.366000 0.064140
1195.446000 0.055443
1196.466000 0.067532
1197.476000 0.076566
1198.487000 0.080701
1199.497000 0.078688
1200.506000 0.072570
1201.516000 0.050967
1202.517000 0.047743
1203.536000 0.054713
1204.556000 0.061102
1205.597000 0.061167
1206.617000 0.070724
1207.626000 0.069063
1208.686000 0.060681
1209.696000 0.064873
1210.766000 0.059250
1211.836000 0.117635
1212.837000 0.150794
1213.867000 0.129069
1215.066000 0.135826
1216.077000 0.189391
1217.087000 0.133227
1218.286000 0.163088
1219.287000 0.121938
1220.288000 0.115613
1221.297000 0.105695
1222.317000 0.137305
1223.326000 0.148578
1224.327000 0.122152
1225.456000 0.132146
1226.536000 0.085214
1227.546000 0.089240
1228.557000 0.119171
1229.696000 0.062467
1230.706000 0.070380
1231.806000 0.074570
1232.816000 0.109289
1233.817000 0.078566
1234.966000 0.101798
1236.156000 0.100148
1237.296000 0.102510
1238.306000 0.105107
1239.356000 0.055625
1240.357000 0.120759
1241.367000 0.082319
1242.376000 0.122343
1243.386000 0.087066
1244.397000 0.136314
1245.406000 0.100121
1246.426000 0.123339
1247.556000 0.120994
1248.557000 0.146673
1249.756000 0.104391
1250.776000 0.111895
1251.906000 0.116152
1253.056000 0.113445
1254.286000 0.107791
1255.406000 0.101105
1256.416000 0.126951
1257.426000 0.091473
1258.866000 0.061642
1259.886000 0.072214
1260.896000 0.090321
1261.906000 0.109463
1262.916000 0.034254
1263.926000 0.067806
1264.996000 0.082118
1266.225000 0.090488
1267.237000 0.107443
1268.456000 0.102541
1269.466000 0.129390
1270.477000 0.112364
1271.486000 0.105301
1272.197000 0.138965
