0.000000 0.044150
1.008000 0.068967
2.019000 0.072561
3.028000 0.044741
4.196000 0.045290
5.295000 0.048342
6.307000 0.058141
7.319000 0.065008
8.327000 0.071929
9.336000 0.077280
10.363000 0.058355
11.383000 0.052357
12.423000 0.024820
13.444000 0.034836
14.451000 0.062031
15.456000 0.145160
16.464000 0.068954
17.471000 0.201595
18.499000 0.143367
19.512000 0.193490
20.520000 0.194018
21.528000 0.177252
22.539000 0.170542
23.560000 0.123130
24.568000 0.183204
25.587000 0.186421
26.595000 0.171680
27.695000 0.131593
28.696000 0.172791
29.868000 0.140881
30.876000 0.190049
31.883000 0.199562
33.032000 0.155838
34.036000 0.194572
35.043000 0.167048
36.044000 0.171694
37.112000 0.138839
38.131000 0.141171
39.152000 0.156617
40.159000 0.166067
41.160000 0.165884
42.367000 0.140570
43.380000 0.184361
44.388000 0.158289
45.468000 0.152694
46.615000 0.165711
47.616000 0.204929
48.627000 0.131677
49.636000 0.175802
50.815000 0.128242
51.824000 0.125865
52.832000 0.117638
53.843000 0.135093
54.851000 0.121904
55.860000 0.149329
56.864000 0.130917
57.879000 0.155150
58.948000 0.128750
60.020000 0.188782
61.039000 0.202961
62.051000 0.245056
63.239000 0.153854
64.243000 0.192144
65.260000 0.117979
66.267000 0.194264
67.268000 0.159779
68.276000 0.160125
69.288000 0.133434
70.289000 0.132964
71.296000 0.125303
72.308000 0.166674
73.311000 0.142122
74.331000 0.111318
75.332000 0.086520
76.503000 0.141746
77.691000 0.123912
79.119000 0.056268
80.300000 0.065764
81.719000 0.085308
82.728000 0.143540
83.740000 0.105621
84.747000 0.104604
85.907000 0.035379
86.920000 0.044875
87.928000 0.147929
88.940000 0.130558
89.947000 0.127829
90.959000 0.104618
91.960000 0.076432
92.980000 0.132776
94.000000 0.065860
95.040000 0.035515
96.067000 0.055945
97.071000 0.019076
98.080000 0.035251
99.115000 0.039740
100.120000 0.085755
101.128000 0.088735
102.220000 0.034668
103.227000 0.080151
104.259000 0.038442
105.260000 0.031596
106.359000 0.019916
107.608000 0.059145
108.660000 0.027587
109.907000 0.021941
111.100000 0.110887
112.107000 0.171170
113.120000 0.088455
114.187000 0.070030
115.192000 0.077665
116.300000 0.063385
117.416000 0.045355
118.523000 0.038309
119.547000 0.049508
120.567000 0.049624
121.599000 0.063945
122.608000 0.079992
123.616000 0.069411
124.640000 0.098859
125.648000 0.084942
126.660000 0.098932
127.667000 0.143070
128.680000 0.117218
129.684000 0.143898
130.688000 0.163506
131.692000 0.116366
132.720000 0.142389
133.728000 0.133888
134.739000 0.163721
135.747000 0.095152
136.752000 0.185823
137.759000 0.131564
138.764000 0.195755
139.767000 0.205437
140.848000 0.132039
141.860000 0.173805
142.867000 0.167405
143.888000 0.126148
144.892000 0.150379
145.900000 0.159774
146.907000 0.154554
147.912000 0.129476
148.920000 0.181429
149.928000 0.178195
151.008000 0.137453
152.180000 0.159501
153.288000 0.164883
154.347000 0.175308
155.359000 0.206427
156.360000 0.211743
157.368000 0.144110
158.480000 0.157396
159.487000 0.200321
160.492000 0.241338
161.500000 0.205304
162.507000 0.193131
163.688000 0.177330
164.692000 0.178471
165.707000 0.143689
166.728000 0.119248
167.760000 0.047188
168.768000 0.092286
169.785000 0.081204
170.790000 0.146469
171.807000 0.193574
172.860000 0.149315
173.867000 0.189016
174.979000 0.157665
176.199000 0.186330
177.287000 0.179081
178.300000 0.245689
179.307000 0.153496
180.347000 0.196437
181.352000 0.263264
182.360000 0.162202
183.367000 0.226850
184.380000 0.127722
185.387000 0.208363
186.562000 0.129414
187.659000 0.158963
188.660000 0.188595
189.667000 0.106255
190.848000 0.109124
191.860000 0.161115
192.867000 0.091557
193.871000 0.104982
194.887000 0.125163
195.888000 0.134678
197.684000 0.057339
198.688000 0.117217
199.792000 0.135231
200.999000 0.082350
202.008000 0.079599
203.020000 0.102495
204.027000 0.120702
205.147000 0.111758
206.160000 0.209965
207.168000 0.228054
208.180000 0.024648
209.328000 0.140927
210.340000 0.179125
211.347000 0.175012
212.528000 0.128191
213.540000 0.211729
214.547000 0.206351
215.552000 0.196618
216.560000 0.179382
217.580000 0.173106
218.587000 0.184202
219.600000 0.170957
220.619000 0.157365
221.688000 0.134647
222.692000 0.204000
223.700000 0.138170
224.840000 0.143265
225.848000 0.163469
226.871000 0.151814
227.879000 0.132273
228.899000 0.173263
229.907000 0.163023
230.911000 0.123168
231.919000 0.103823
232.920000 0.120447
234.119000 0.104447
235.139000 0.120706
236.168000 0.065756
237.248000 0.102340
238.260000 0.112198
239.279000 0.072306
240.308000 0.085085
241.427000 0.033680
242.440000 0.045675
243.507000 0.071798
244.587000 0.050523
245.620000 0.083431
246.768000 0.085497
247.784000 0.081531
248.811000 0.104145
249.920000 0.100299
251.139000 0.094172
252.239000 0.106112
253.248000 0.127730
254.271000 0.118990
255.288000 0.097768
256.300000 0.088431
257.307000 0.088185
258.320000 0.120619
259.340000 0.105063
260.360000 0.099247
261.368000 0.081465
262.568000 0.084890
263.587000 0.073615
264.740000 0.079023
265.759000 0.065782
266.880000 0.038011
267.920000 0.030254
269.040000 0.050079
270.088000 0.032634
276.700000 0.000828
277.720000 0.063217
278.732000 0.156708
279.733000 0.171520
280.740000 0.215102
281.752000 0.139959
282.819000 0.150739
283.827000 0.154585
284.848000 0.131652
285.880000 0.106047
287.047000 0.007033
288.079000 0.021770
289.080000 0.097031
290.088000 0.041165
291.100000 0.074348
292.115000 0.031625
293.147000 0.039767
294.220000 0.014024
295.227000 0.107685
296.328000 0.067425
297.500000 0.117927
298.507000 0.105194
299.511000 0.089928
300.520000 0.052619
301.528000 0.073286
302.540000 0.054016
303.547000 0.102476
304.559000 0.122376
305.567000 0.106747
306.880000 0.053332
307.887000 0.104360
308.987000 0.073375
309.999000 0.067527
311.007000 0.082506
312.052000 0.091724
313.067000 0.057303
314.347000 0.054364
315.359000 0.090569
316.362000 0.078064
317.379000 0.085088
318.380000 0.082949
319.400000 0.074663
320.419000 0.079735
321.427000 0.078437
322.619000 0.065542
323.635000 0.093147
324.640000 0.078712
325.647000 0.073944
326.652000 0.077843
327.660000 0.077808
328.667000 0.080904
329.672000 0.077573
330.680000 0.079313
331.907000 0.068375
332.920000 0.088726
333.987000 0.041679
335.000000 0.076792
336.008000 0.100572
337.128000 0.076355
338.140000 0.093116
339.387000 0.075470
340.412000 0.064062
341.439000 0.040737
342.619000 0.045214
343.627000 0.056679
344.648000 0.066993
345.659000 0.056619
346.660000 0.061618
347.680000 0.066464
348.688000 0.062028
349.699000 0.072838
350.700000 0.073383
351.710000 0.077539
352.799000 0.058023
353.808000 0.062244
354.820000 0.071393
355.840000 0.071718
356.848000 0.070487
357.879000 0.069812
358.888000 0.056747
359.900000 0.066211
360.919000 0.076698
361.940000 0.054122
363.027000 0.047823
364.048000 0.032820
365.060000 0.048499
366.087000 0.060207
367.088000 0.051960
368.179000 0.015047
369.187000 0.045680
370.200000 0.093694
371.208000 0.080698
372.220000 0.112430
373.428000 0.114949
374.488000 0.061225
375.659000 0.052728
376.671000 0.074365
377.680000 0.084389
378.712000 0.070281
379.848000 0.096246
381.008000 0.099433
382.208000 0.103843
383.219000 0.140284
384.240000 0.100674
385.252000 0.145953
386.260000 0.151886
387.279000 0.175333
388.280000 0.142892
389.287000 0.170424
390.299000 0.143813
391.300000 0.146265
392.307000 0.177594
393.312000 0.179538
394.319000 0.181467
395.339000 0.159025
396.340000 0.066349
397.568000 0.132204
398.759000 0.138916
400.067000 0.132473
401.072000 0.151168
402.080000 0.149507
403.087000 0.150792
404.099000 0.071685
405.100000 0.118897
406.111000 0.110643
407.120000 0.112316
408.139000 0.085994
409.147000 0.119736
410.160000 0.125370
411.168000 0.137727
412.172000 0.148190
413.180000 0.153305
414.199000 0.151337
415.412000 0.123305
416.420000 0.155644
417.427000 0.163931
418.439000 0.165577
419.560000 0.137938
420.572000 0.178218
421.639000 0.091029
422.780000 0.120408
423.804000 0.163438
424.812000 0.139910
426.012000 0.119558
427.019000 0.127544
428.307000 0.098776
429.320000 0.071543
430.327000 0.057844
431.820000 0.073966
432.868000 0.087007
433.892000 0.139738
434.899000 0.146418
436.040000 0.164912
437.180000 0.110104
438.231000 0.100475
439.239000 0.161569
440.240000 0.182284
441.252000 0.172969
442.260000 0.170742
443.399000 0.099367
444.400000 0.123355
445.401000 0.100763
446.408000 0.111038
447.412000 0.104180
448.507000 0.123921
449.647000 0.134583
450.652000 0.128080
451.667000 0.074636
452.672000 0.039475
453.684000 0.039388
454.735000 0.094687
455.740000 0.108762
456.747000 0.159533
457.820000 0.128768
458.831000 0.158222
459.840000 0.182114
460.848000 0.165705
462.019000 0.135955
463.020000 0.172960
464.259000 0.134534
465.260000 0.117368
466.300000 0.135729
467.312000 0.159314
468.319000 0.177608
469.328000 0.136517
470.332000 0.183961
471.340000 0.157671
472.560000 0.160312
473.564000 0.179871
474.567000 0.184262
475.572000 0.192100
476.667000 0.146574
477.672000 0.141564
478.680000 0.064523
479.684000 0.141943
480.688000 0.156693
481.708000 0.058696
482.792000 0.031550
483.800000 0.044786
484.859000 0.125127
485.860000 0.187102
486.871000 0.178812
487.872000 0.175634
489.031000 0.154797
490.200000 0.133404
491.207000 0.148885
492.372000 0.121440
493.379000 0.142642
494.380000 0.118318
495.399000 0.107648
496.400000 0.160110
497.420000 0.140317
498.432000 0.119622
499.439000 0.125604
500.440000 0.126496
501.459000 0.081901
502.492000 0.082106
503.500000 0.064208
504.519000 0.090963
505.648000 0.099701
506.651000 0.130935
507.671000 0.105550
508.679000 0.122858
509.684000 0.104217
510.939000 0.118137
511.940000 0.159896
513.079000 0.053896
514.212000 0.039845
515.372000 0.060145
516.380000 0.068595
517.392000 0.075700
518.639000 0.055425
519.647000 0.090929
520.691000 0.082880
521.700000 0.086771
522.712000 0.088772
523.719000 0.092377
524.728000 0.098973
525.820000 0.068991
526.839000 0.091289
527.859000 0.093882
528.860000 0.072892
529.879000 0.103372
530.899000 0.083716
531.900000 0.094298
532.928000 0.098475
533.932000 0.080484
534.947000 0.113214
535.951000 0.078197
536.959000 0.107214
538.179000 0.090639
539.180000 0.118897
540.208000 0.085347
541.219000 0.105543
542.220000 0.077645
543.228000 0.103143
544.232000 0.083815
545.247000 0.114562
546.252000 0.062978
547.260000 0.093643
548.267000 0.088302
549.292000 0.060360
550.300000 0.078714
551.627000 0.012347
552.640000 0.153281
553.672000 0.108698
554.679000 0.085229
555.747000 0.104714
556.760000 0.083308
557.772000 0.106791
558.780000 0.108571
559.792000 0.074073
560.799000 0.101887
561.808000 0.080904
562.812000 0.111729
563.819000 0.097266
564.831000 0.151399
565.832000 0.121510
566.879000 0.097994
567.907000 0.071917
568.987000 0.049400
570.380000 0.001964
571.392000 0.067619
572.399000 0.115472
573.408000 0.098643
574.412000 0.094016
575.979000 0.037373
576.991000 0.124364
578.000000 0.117456
579.012000 0.154103
580.020000 0.138429
581.032000 0.093339
582.040000 0.134357
583.052000 0.188379
584.071000 0.129983
585.079000 0.191357
586.080000 0.117663
587.100000 0.071082
588.111000 0.014884
589.115000 0.140343
590.120000 0.136448
591.139000 0.187949
592.143000 0.177131
593.152000 0.142296
594.159000 0.164377
595.160000 0.168096
596.168000 0.124458
597.171000 0.107749
598.180000 0.127445
599.192000 0.147344
600.359000 0.113380
601.379000 0.138141
602.391000 0.135178
603.392000 0.147596
604.471000 0.062124
605.560000 0.086790
606.572000 0.068941
607.579000 0.101887
608.600000 0.096470
609.631000 0.090227
610.652000 0.095130
611.660000 0.105857
612.672000 0.124364
613.679000 0.111734
614.687000 0.169811
615.692000 0.161982
616.700000 0.156071
617.760000 0.143532
618.772000 0.127067
619.792000 0.154235
620.799000 0.177962
621.800000 0.209095
622.811000 0.166498
623.819000 0.235019
624.831000 0.228451
625.832000 0.163912
626.839000 0.217358
628.299000 0.089951
629.312000 0.147316
630.319000 0.163019
631.331000 0.190601
632.332000 0.196795
633.339000 0.150219
634.372000 0.109917
635.380000 0.152000
636.392000 0.183842
637.399000 0.171170
638.419000 0.096403
639.452000 0.168186
640.460000 0.166929
641.471000 0.156961
642.472000 0.168096
643.480000 0.116244
644.492000 0.148696
645.511000 0.157072
646.519000 0.169643
647.520000 0.151696
648.540000 0.122047
649.568000 0.045994
650.608000 0.023677
651.612000 0.036789
652.632000 0.041576
653.732000 0.023629
655.132000 0.012703
703.656000 0.000085
704.736000 0.011400
705.799000 0.016730
706.955000 0.015384
708.035000 0.015200
709.100000 0.016699
710.235000 0.018079
711.336000 0.021123
712.400000 0.020571
713.479000 0.022821
714.536000 0.022002
715.600000 0.021857
716.675000 0.020361
717.800000 0.020672
718.835000 0.025113
719.879000 0.024897
721.099000 0.025790
722.155000 0.025909
723.232000 0.024134
724.284000 0.028608
725.319000 0.022470
789.155000 0.000343
790.715000 0.002631
791.776000 0.010315
792.895000 0.059903
794.096000 0.014808
795.139000 0.032790
796.256000 0.031814
797.300000 0.018375
800.915000 0.008442
802.340000 0.003840
803.896000 0.005275
806.096000 0.004975
807.675000 0.002599
822.563000 0.000184
823.583000 0.004024
824.683000 0.007462
827.547000 0.000478
828.583000 0.009243
829.624000 0.027597
830.644000 0.013412
831.764000 0.020764
832.804000 0.018415
833.844000 0.018415
835.004000 0.016510
836.088000 0.016406
837.267000 0.013924
838.364000 0.019953
839.399000 0.014539
840.479000 0.016467
841.484000 0.019057
842.503000 0.018795
843.583000 0.012667
844.604000 0.017418
845.608000 0.024526
846.644000 0.023768
847.708000 0.019286
848.764000 0.024614
849.788000 0.017367
850.823000 0.026435
852.064000 0.019842
853.124000 0.020649
854.143000 0.002841
855.183000 0.024992
856.204000 0.021438
857.244000 0.022362
858.324000 0.024067
859.444000 0.023207
860.488000 0.023586
861.524000 0.030371
862.544000 0.021459
863.608000 0.029571
864.780000 0.022177
865.804000 0.024047
866.924000 0.021986
867.944000 0.025482
868.948000 0.017713
869.964000 0.022890
871.027000 0.021878
872.284000 0.020678
873.343000 0.021960
874.648000 0.020966
875.764000 0.025742
876.844000 0.025333
877.903000 0.020669
878.943000 0.023677
881.623000 0.007645
882.779000 0.037044
884.584000 0.002139
885.660000 0.013985
886.684000 0.024047
887.703000 0.024165
888.784000 0.024044
889.888000 0.030978
890.903000 0.026982
891.924000 0.026797
892.980000 0.020727
894.147000 0.028134
895.364000 0.021357
896.564000 0.027360
897.627000 0.027025
898.684000 0.029767
899.703000 0.026850
900.807000 0.019250
901.864000 0.028473
902.907000 0.024920
904.144000 0.022118
905.164000 0.029506
906.227000 0.025738
907.244000 0.026903
908.387000 0.025134
909.547000 0.025945
910.608000 0.027076
911.684000 0.022885
912.751000 0.025642
913.967000 0.006750
915.184000 0.034875
916.368000 0.025419
917.404000 0.008961
918.444000 0.018415
919.587000 0.023937
920.604000 0.028248
921.663000 0.024544
922.743000 0.022821
923.804000 0.028366
924.808000 0.029976
925.968000 0.025945
927.023000 0.027230
928.051000 0.026615
929.088000 0.025089
930.124000 0.027730
931.147000 0.026745
932.168000 0.026797
933.204000 0.027730
934.208000 0.024526
935.224000 0.029622
936.284000 0.027102
937.288000 0.025888
938.328000 0.026308
939.343000 0.026956
940.364000 0.010272
941.503000 0.022820
942.508000 0.025863
943.679000 0.024533
944.743000 0.024429
945.867000 0.024342
946.968000 0.023608
948.044000 0.021613
949.167000 0.020709
950.224000 0.027205
958.871000 0.002057
959.884000 0.027009
960.931000 0.058797
962.044000 0.115536
967.380000 0.015817
968.464000 0.016406
969.584000 0.020764
970.643000 0.025836
971.764000 0.026847
972.888000 0.025559
973.963000 0.024179
975.004000 0.027597
976.124000 0.020764
977.164000 0.027623
978.208000 0.024897
979.323000 0.023311
980.344000 0.024118
981.423000 0.024089
982.644000 0.024649
983.684000 0.023700
984.808000 0.023125
985.864000 0.019432
986.871000 0.020377
988.044000 0.019826
989.084000 0.024992
990.148000 0.027000
991.164000 0.021543
992.192000 0.027946
997.407000 0.002886
999.123000 0.067185
1000.323000 0.009120
1001.327000 0.020438
1002.507000 0.019708
1003.792000 0.022356
1004.824000 0.025186
1005.844000 0.018776
1006.924000 0.020267
1008.103000 0.016244
1009.244000 0.015586
1010.247000 0.016367
1011.384000 0.015641
1012.407000 0.017384
1013.444000 0.017166
1014.584000 0.015600
1015.744000 0.012972
1016.824000 0.017733
1018.124000 0.010523
1019.688000 0.009621
1020.883000 0.010303
1022.047000 0.007052
1023.323000 0.007505
1024.703000 0.004957
1025.968000 0.007570
1027.227000 0.005433
1030.932000 0.000369
1041.347000 0.000131
1042.451000 0.026022
1043.896000 0.112659
1044.928000 0.006628
1046.028000 0.013680
1047.072000 0.015724
1048.291000 0.017956
1049.351000 0.020649
1050.407000 0.015545
1051.488000 0.016451
1052.548000 0.010325
1053.632000 0.010096
1055.028000 0.006860
1056.267000 0.009937
1057.308000 0.007892
1058.432000 0.006085
1059.552000 0.010993
1060.788000 0.007748
1064.252000 0.004344
1066.808000 0.008208
1068.012000 0.005681
1069.068000 0.014250
1070.328000 0.013029
1071.388000 0.012906
1072.528000 0.015600
1073.652000 0.007422
1074.668000 0.017504
1075.932000 0.010823
1077.168000 0.012175
1078.228000 0.014196
1079.312000 0.007726
1080.528000 0.011250
1081.676000 0.010725
1086.252000 0.003580
1087.428000 0.027012
1088.568000 0.007200
1089.680000 0.009842
1091.052000 0.005983
1092.089000 0.017149
1093.332000 0.007704
1094.448000 0.007355
1095.748000 0.006138
1096.812000 0.006429
1098.028000 0.009000
1099.032000 0.012263
1100.532000 0.009120
1101.552000 0.010729
1102.648000 0.008737
1103.968000 0.005868
1104.988000 0.006706
1106.248000 0.010857
1107.288000 0.014469
1108.348000 0.011615
1109.368000 0.010729
1110.528000 0.011793
1111.708000 0.010434
1112.788000 0.010133
1113.808000 0.005870
1114.872000 0.011571
1116.028000 0.011834
1117.068000 0.011838
1118.112000 0.014414
1119.168000 0.014929
1120.228000 0.018068
1121.248000 0.017435
1122.288000 0.018415
1123.452000 0.013414
1124.532000 0.019000
1125.628000 0.018723
1126.648000 0.012675
1127.672000 0.017384
1128.708000 0.019807
1129.772000 0.015429
1130.808000 0.011061
1131.828000 0.020118
1132.908000 0.019000
1134.132000 0.012739
1135.288000 0.010651
1136.328000 0.021046
1137.392000 0.014143
1138.488000 0.016963
1139.492000 0.019076
1140.580000 0.015088
1141.812000 0.008830
1142.988000 0.016286
1144.088000 0.018655
1145.168000 0.012343
1146.208000 0.018415
1147.212000 0.019076
1148.628000 0.008926
1149.808000 0.013912
1151.048000 0.014342
1152.208000 0.010911
1153.232000 0.018703
1154.248000 0.013465
1155.408000 0.015960
1156.528000 0.005892
1157.628000 0.016167
1158.682000 0.012979
