0.000000 0.210149
1.001000 0.211029
2.002000 0.370358
3.011000 0.332733
4.012000 0.320360
5.020000 0.342563
6.030000 0.324277
7.031000 0.335393
8.041000 0.365703
9.042000 0.351792
10.051000 0.313752
11.070000 0.236836
12.071000 0.241894
13.080000 0.236472
14.110000 0.278136
15.111000 0.280160
16.120000 0.298838
17.121000 0.295760
18.131000 0.269537
19.141000 0.234883
20.150000 0.274434
21.151000 0.332092
22.160000 0.286636
23.161000 0.239728
24.170000 0.276583
25.180000 0.222693
26.190000 0.184206
27.191000 0.209662
28.201000 0.320214
29.202000 0.355892
30.220000 0.368204
31.222000 0.330959
32.240000 0.313669
33.261000 0.311405
34.270000 0.298838
35.271000 0.358058
36.280000 0.343580
37.290000 0.322923
38.291000 0.342226
39.300000 0.325954
40.350000 0.313227
41.351000 0.353958
42.352000 0.268428
43.360000 0.266563
44.361000 0.318426
45.362000 0.318993
46.370000 0.324921
47.371000 0.318993
48.380000 0.286636
49.390000 0.319651
50.400000 0.297188
51.401000 0.316260
52.420000 0.275768
53.430000 0.312879
54.431000 0.295760
55.440000 0.254097
56.441000 0.285626
57.450000 0.258165
58.451000 0.276627
59.460000 0.306410
60.461000 0.277994
61.462000 0.277994
62.470000 0.308635
63.480000 0.297980
64.481000 0.242462
65.490000 0.248111
66.491000 0.230162
67.499000 0.252992
68.500000 0.299293
69.510000 0.284998
70.511000 0.302593
71.520000 0.306973
72.521000 0.325259
73.530000 0.290704
74.531000 0.306693
75.540000 0.354426
76.550000 0.364911
77.600000 0.356221
78.650000 0.390095
79.720000 0.381525
80.730000 0.399564
81.731000 0.334027
82.740000 0.336801
83.752000 0.308767
84.819000 0.233874
85.820000 0.345758
86.821000 0.340859
87.839000 0.328448
88.840000 0.349059
89.850000 0.354075
90.860000 0.363556
91.940000 0.334926
92.941000 0.351225
93.949000 0.314063
94.950000 0.321726
95.951000 0.314893
97.040000 0.305778
98.041000 0.306126
99.049000 0.280135
100.050000 0.293027
101.059000 0.336238
102.060000 0.325826
103.069000 0.347647
104.070000 0.349059
105.071000 0.350426
106.079000 0.289635
107.081000 0.346778
108.089000 0.311348
109.090000 0.305327
110.099000 0.237828
111.100000 0.304759
112.109000 0.262232
113.119000 0.286352
114.120000 0.318426
115.139000 0.293221
116.149000 0.294479
117.159000 0.284998
118.160000 0.306126
119.169000 0.270367
120.179000 0.302606
121.180000 0.339493
122.290000 0.360382
123.291000 0.382657
124.299000 0.347992
125.300000 0.323093
126.309000 0.311041
127.319000 0.303960
128.320000 0.343025
129.329000 0.287992
130.330000 0.310793
131.339000 0.306973
132.340000 0.299293
133.349000 0.274415
134.359000 0.198332
135.360000 0.296559
136.379000 0.275769
137.380000 0.261594
138.389000 0.227774
139.398000 0.149701
140.399000 0.217295
141.400000 0.272527
142.409000 0.311041
143.410000 0.352591
144.429000 0.285166
145.439000 0.283644
146.459000 0.232024
147.468000 0.155124
148.469000 0.105231
150.174000 0.009609
151.178000 0.339873
152.179000 0.243261
153.189000 0.211857
154.229000 0.204431
155.238000 0.233197
156.239000 0.212396
157.240000 0.277427
158.249000 0.239183
159.259000 0.255992
160.269000 0.217275
161.289000 0.201733
162.309000 0.206541
163.409000 0.168407
164.428000 0.181237
165.438000 0.207232
166.439000 0.159097
167.448000 0.151849
168.460000 0.091921
169.468000 0.081992
170.469000 0.128464
171.478000 0.147782
172.488000 0.127881
173.498000 0.151699
174.499000 0.194968
175.509000 0.193351
176.518000 0.216135
177.538000 0.218612
178.548000 0.187476
179.568000 0.203859
180.598000 0.190478
181.619000 0.203659
182.628000 0.183033
183.638000 0.145489
184.639000 0.150330
185.768000 0.114402
186.788000 0.156918
187.798000 0.157117
188.808000 0.142780
189.818000 0.167952
190.821000 0.159577
191.828000 0.110602
192.839000 0.106896
193.848000 0.111175
194.858000 0.085331
195.878000 0.072980
196.898000 0.093882
197.908000 0.107002
198.918000 0.134091
199.928000 0.140071
200.948000 0.168988
201.958000 0.146844
202.968000 0.142218
203.978000 0.111065
204.999000 0.084411
206.008000 0.079199
207.019000 0.092012
208.039000 0.063035
209.048000 0.090838
210.078000 0.106804
211.098000 0.109976
212.128000 0.104924
213.138000 0.105648
214.158000 0.102486
215.168000 0.120547
216.188000 0.127412
217.198000 0.111065
218.208000 0.072349
219.218000 0.071786
220.227000 0.093550
221.228000 0.087465
222.248000 0.081812
223.251000 0.016335
224.267000 0.020787
225.278000 0.100131
226.279000 0.091564
227.307000 0.101136
228.318000 0.135873
229.328000 0.188269
230.337000 0.173542
231.348000 0.157520
232.358000 0.154408
233.367000 0.130722
234.369000 0.155641
235.377000 0.161500
236.378000 0.131764
237.387000 0.176254
238.407000 0.154792
239.408000 0.188595
240.417000 0.192523
241.418000 0.178230
242.427000 0.215572
243.437000 0.183414
244.448000 0.201614
245.457000 0.142923
246.467000 0.161180
247.468000 0.139397
248.477000 0.107671
249.497000 0.093882
250.537000 0.082869
251.569000 0.068930
252.577000 0.070114
253.589000 0.064550
254.617000 0.085167
255.647000 0.088986
256.667000 0.061694
257.687000 0.053647
258.718000 0.046991
259.727000 0.056944
260.737000 0.070432
261.767000 0.046485
262.787000 0.049624
279.574000 0.002282
280.584000 0.078558
281.589000 0.074070
282.594000 0.163343
283.595000 0.196795
284.604000 0.191730
285.664000 0.240581
286.675000 0.282801
287.684000 0.278501
288.695000 0.256301
289.705000 0.276309
290.715000 0.188832
291.724000 0.178965
293.128000 0.011670
294.134000 0.215451
295.144000 0.092103
296.184000 0.031569
297.204000 0.021459
298.234000 0.031876
299.264000 0.038517
301.714000 0.006142
302.744000 0.029219
303.754000 0.036570
305.294000 0.011548
306.504000 0.006783
308.054000 0.006545
309.094000 0.035515
310.104000 0.037925
311.124000 0.034871
312.164000 0.024992
313.174000 0.029798
314.194000 0.041576
315.214000 0.045600
316.253000 0.053983
317.254000 0.039632
318.274000 0.036212
319.294000 0.040792
320.314000 0.084494
321.324000 0.074408
322.334000 0.113861
323.344000 0.090749
324.354000 0.134653
325.374000 0.126071
326.384000 0.127319
327.413000 0.081648
328.414000 0.053299
329.423000 0.061011
330.433000 0.102939
331.454000 0.072353
332.463000 0.061011
333.493000 0.055006
334.514000 0.111209
335.515000 0.196795
336.524000 0.189019
337.534000 0.232966
338.544000 0.207794
339.562000 0.233037
340.564000 0.249844
341.573000 0.218846
342.604000 0.214952
343.614000 0.176642
344.623000 0.204725
345.624000 0.179595
346.633000 0.199302
347.634000 0.185063
348.643000 0.219639
349.654000 0.174552
350.663000 0.115806
351.683000 0.146188
352.693000 0.117838
353.703000 0.110273
354.723000 0.108635
355.743000 0.052306
366.069000 0.001587
367.076000 0.019051
368.116000 0.018415
369.146000 0.018594
370.166000 0.017435
371.206000 0.017100
372.656000 0.010378
373.674000 0.008063
374.706000 0.013256
375.716000 0.012190
376.746000 0.031099
377.756000 0.092103
378.766000 0.094812
395.096000 0.002597
396.106000 0.024380
397.266000 0.107807
398.268000 0.118778
399.328000 0.034687
403.821000 0.007630
404.822000 0.184583
405.831000 0.164614
406.832000 0.218661
407.841000 0.225625
408.842000 0.260228
409.851000 0.306410
410.852000 0.265694
411.861000 0.212860
412.871000 0.214566
413.881000 0.219984
414.891000 0.224840
415.901000 0.224048
416.911000 0.216713
417.921000 0.150907
418.922000 0.206362
419.931000 0.205288
420.932000 0.286993
421.941000 0.252741
422.951000 0.211295
423.961000 0.194250
424.962000 0.176296
425.981000 0.228781
426.982000 0.302593
428.061000 0.330165
429.062000 0.288360
430.071000 0.259520
431.141000 0.251119
432.151000 0.242448
433.161000 0.247073
434.163000 0.240287
435.171000 0.200063
436.181000 0.216713
437.191000 0.180705
438.211000 0.291925
439.212000 0.244289
440.221000 0.228337
441.231000 0.257347
442.232000 0.314893
443.241000 0.252741
444.242000 0.338126
445.251000 0.383691
446.261000 0.362202
447.262000 0.359992
448.263000 0.325826
449.271000 0.297778
450.280000 0.304262
451.281000 0.285626
456.996000 0.002867
459.646000 0.039460
460.647000 0.139397
461.648000 0.302593
462.656000 0.350143
463.657000 0.340859
464.658000 0.332659
465.660000 0.362363
466.666000 0.371801
467.667000 0.362725
468.668000 0.318993
469.676000 0.375929
470.677000 0.350426
471.686000 0.340868
472.687000 0.334026
473.696000 0.304262
474.726000 0.302043
475.727000 0.393590
476.735000 0.319492
477.736000 0.241095
478.747000 0.197555
479.755000 0.186492
480.756000 0.210462
481.765000 0.221558
482.775000 0.260055
483.776000 0.258861
484.777000 0.306693
485.786000 0.327310
486.886000 0.308938
487.888000 0.276060
488.896000 0.278778
489.897000 0.308060
490.899000 0.348144
491.905000 0.340525
492.906000 0.362725
493.916000 0.345949
494.917000 0.332659
495.925000 0.290992
496.926000 0.311592
497.935000 0.269011
498.936000 0.303960
499.937000 0.274693
500.945000 0.191921
501.955000 0.161180
503.396000 0.032278
504.405000 0.043948
505.406000 0.099764
506.415000 0.200658
507.416000 0.232895
508.425000 0.279857
509.435000 0.257347
510.454000 0.185821
511.455000 0.270593
512.456000 0.299860
513.465000 0.212067
514.475000 0.255992
515.495000 0.185639
516.496000 0.251461
517.505000 0.217491
518.645000 0.266898
519.655000 0.251929
520.665000 0.201022
530.833000 0.014665
531.853000 0.040235
532.934000 0.043027
533.973000 0.030283
534.974000 0.057367
536.003000 0.068451
537.013000 0.117838
547.317000 0.011285
548.318000 0.047832
549.327000 0.054232
550.337000 0.061513
551.357000 0.155576
552.387000 0.179301
553.407000 0.114557
554.427000 0.162282
555.437000 0.146281
557.276000 0.034527
558.277000 0.127097
559.287000 0.119192
560.297000 0.133299
561.307000 0.146281
562.316000 0.101685
563.317000 0.099764
564.327000 0.094020
565.347000 0.134118
566.348000 0.107964
567.357000 0.138854
568.358000 0.118897
573.745000 0.010666
574.925000 0.006956
576.065000 0.004800
577.264000 0.003423
578.544000 0.004275
579.555000 0.004059
580.824000 0.004312
581.825000 0.004100
583.111000 0.004255
584.124000 0.004051
585.150000 0.004004
586.425000 0.004292
587.595000 0.003508
588.864000 0.004312
590.144000 0.004275
591.164000 0.004024
592.184000 0.004024
593.464000 0.004275
594.544000 0.003800
595.744000 0.004560
597.064000 0.004145
598.344000 0.004275
599.624000 0.004275
600.904000 0.004278
601.912000 0.004071
603.184000 0.004302
604.464000 0.004275
605.764000 0.004209
606.864000 0.003731
608.144000 0.004275
609.504000 0.004024
610.555000 0.003905
611.664000 0.003701
612.704000 0.003946
613.824000 0.003664
615.104000 0.004275
616.385000 0.004626
617.664000 0.004278
618.944000 0.004275
620.224000 0.004275
621.244000 0.010288
622.264000 0.001009
623.464000 0.004560
632.968000 0.000144
633.970000 0.090108
634.978000 0.134357
635.988000 0.112420
636.998000 0.088601
638.008000 0.157117
639.028000 0.105953
640.289000 0.093748
641.298000 0.203370
642.318000 0.199051
643.328000 0.224840
644.338000 0.184768
645.348000 0.140863
646.358000 0.120547
647.368000 0.079913
648.388000 0.042918
649.398000 0.056095
650.438000 0.085500
651.468000 0.057111
652.479000 0.041947
653.988000 0.007252
656.799000 0.015573
658.048000 0.100125
659.059000 0.102837
660.068000 0.162696
661.069000 0.202829
662.078000 0.222351
663.088000 0.186123
664.089000 0.187229
665.098000 0.141003
666.108000 0.118400
667.117000 0.123378
668.137000 0.127412
669.138000 0.157730
670.157000 0.140962
671.158000 0.135297
672.168000 0.127881
673.187000 0.143647
674.189000 0.128464
675.197000 0.122706
676.198000 0.133930
677.208000 0.136800
678.217000 0.095469
679.228000 0.155608
680.247000 0.179894
681.257000 0.084539
682.267000 0.050115
683.268000 0.060132
685.173000 0.008601
686.178000 0.360311
687.187000 0.151849
688.197000 0.118400
689.209000 0.178435
690.428000 0.155964
691.439000 0.140103
692.440000 0.146230
693.461000 0.145262
694.467000 0.195817
695.477000 0.172016
696.507000 0.130711
697.527000 0.085835
698.537000 0.086685
699.558000 0.065653
700.628000 0.067013
701.638000 0.124610
702.639000 0.155796
703.648000 0.151056
704.649000 0.237794
705.657000 0.223135
706.658000 0.261027
707.659000 0.256128
708.667000 0.293706
709.668000 0.308859
710.688000 0.258063
711.697000 0.279857
712.698000 0.271960
713.707000 0.161903
714.708000 0.196795
715.709000 0.185063
716.717000 0.270071
717.718000 0.219229
718.727000 0.218846
719.728000 0.232328
720.737000 0.180884
721.740000 0.214134
722.808000 0.026899
723.867000 0.076215
725.758000 0.016639
726.777000 0.037590
727.807000 0.021802
728.817000 0.062305
729.827000 0.085331
730.837000 0.085331
731.839000 0.098299
732.850000 0.072277
733.858000 0.080071
734.877000 0.059070
735.898000 0.069673
736.926000 0.062545
737.946000 0.045600
738.958000 0.064885
739.967000 0.071064
741.006000 0.056616
742.007000 0.054498
743.027000 0.029671
744.037000 0.079913
745.038000 0.159097
746.058000 0.205200
747.067000 0.203933
748.068000 0.302026
749.077000 0.208000
750.087000 0.151699
751.096000 0.101685
752.097000 0.111265
753.117000 0.139482
754.197000 0.155059
755.217000 0.071082
756.226000 0.058299
760.336000 0.003986
761.366000 0.278167
762.646000 0.004275
763.676000 0.030548
766.316000 0.012955
767.426000 0.069179
768.446000 0.028055
769.447000 0.034278
770.497000 0.042888
771.506000 0.014914
772.526000 0.046941
773.746000 0.054289
774.771000 0.045378
775.786000 0.063346
776.818000 0.084837
777.837000 0.079207
778.876000 0.048716
779.886000 0.059596
780.896000 0.053386
781.906000 0.066368
782.946000 0.040777
783.969000 0.038780
784.997000 0.050568
786.026000 0.069131
787.037000 0.060890
788.346000 0.031787
789.426000 0.073467
790.446000 0.044259
791.461000 0.052398
792.476000 0.110684
793.486000 0.123818
794.506000 0.083153
795.516000 0.134091
796.526000 0.073141
797.562000 0.069985
798.716000 0.037241
799.717000 0.118897
800.726000 0.271160
801.727000 0.293024
802.736000 0.225628
803.796000 0.292204
804.797000 0.330725
805.816000 0.267713
806.817000 0.287560
807.826000 0.258957
808.846000 0.216486
809.856000 0.169307
810.866000 0.103501
811.876000 0.148990
812.885000 0.200658
813.886000 0.149530
814.956000 0.285637
815.957000 0.318426
816.966000 0.293415
817.976000 0.314796
818.977000 0.297124
819.986000 0.310478
820.996000 0.244367
822.026000 0.251573
823.036000 0.280372
824.045000 0.263588
825.046000 0.268428
826.056000 0.237030
827.066000 0.221336
828.067000 0.243261
829.086000 0.263689
830.145000 0.239516
831.165000 0.237388
832.336000 0.144178
833.337000 0.165363
834.345000 0.206286
835.356000 0.091221
836.375000 0.067125
837.415000 0.046038
838.436000 0.112548
839.445000 0.179528
840.446000 0.165363
841.486000 0.178123
842.526000 0.195992
843.538000 0.091921
844.545000 0.130979
845.555000 0.081267
846.575000 0.076447
847.590000 0.075476
848.675000 0.140476
849.676000 0.241894
850.677000 0.224695
851.678000 0.239161
852.685000 0.133696
853.695000 0.136800
854.705000 0.172016
855.795000 0.043927
856.815000 0.054204
857.835000 0.095224
858.845000 0.067723
859.848000 0.081834
860.855000 0.078792
862.095000 0.044587
863.096000 0.185862
864.105000 0.244607
865.106000 0.274693
866.125000 0.222069
867.135000 0.247865
868.145000 0.175287
869.146000 0.174929
870.147000 0.206929
871.155000 0.276857
872.165000 0.188832
873.175000 0.136800
874.305000 0.093720
875.315000 0.169307
876.325000 0.224840
877.326000 0.183696
878.338000 0.201415
879.345000 0.179885
880.355000 0.230257
881.365000 0.201022
882.375000 0.218067
883.385000 0.186123
884.395000 0.154408
885.396000 0.123564
886.405000 0.166763
887.406000 0.191329
888.415000 0.190375
889.425000 0.197750
890.435000 0.141426
891.436000 0.132563
892.455000 0.130222
893.465000 0.122463
894.484000 0.143647
895.495000 0.083893
897.600000 0.007783
898.624000 0.107461
899.664000 0.049985
900.684000 0.108635
901.704000 0.053647
902.716000 0.072996
903.914000 0.060995
904.924000 0.083976
905.934000 0.063659
906.945000 0.066303
907.954000 0.151849
908.980000 0.068554
910.054000 0.044581
911.064000 0.097521
912.065000 0.125730
913.074000 0.115806
914.104000 0.033204
915.134000 0.069064
916.144000 0.074495
917.146000 0.076455
918.155000 0.130157
919.176000 0.086308
920.185000 0.111286
921.186000 0.187229
922.194000 0.231278
923.284000 0.192543
924.295000 0.216499
925.304000 0.263588
926.305000 0.288360
927.306000 0.220595
928.354000 0.223756
929.355000 0.232328
930.364000 0.195798
931.365000 0.303393
932.366000 0.269794
933.374000 0.257063
934.375000 0.312959
935.376000 0.305327
936.384000 0.315421
937.394000 0.282289
938.404000 0.247865
939.414000 0.226756
940.415000 0.300659
941.424000 0.267656
942.434000 0.198313
943.464000 0.181957
944.484000 0.089859
945.604000 0.072571
946.605000 0.233694
947.614000 0.248674
948.624000 0.258701
949.625000 0.272527
950.634000 0.225625
951.654000 0.244094
952.674000 0.188322
953.675000 0.254194
954.684000 0.221558
955.694000 0.218067
956.713000 0.085134
957.724000 0.077128
958.744000 0.178376
959.745000 0.175497
960.754000 0.256246
961.755000 0.306693
962.764000 0.225625
963.765000 0.318426
964.773000 0.183778
965.864000 0.275124
966.874000 0.310170
967.876000 0.235393
968.884000 0.286921
969.886000 0.282611
970.894000 0.304563
971.895000 0.335393
972.914000 0.218826
973.915000 0.303960
974.923000 0.194635
975.924000 0.274693
976.925000 0.339484
977.926000 0.491198
978.935000 0.349003
979.936000 0.396891
980.944000 0.377849
981.945000 0.390058
982.946000 0.387325
983.953000 0.404036
984.954000 0.290294
985.964000 0.348095
986.965000 0.365459
987.966000 0.439257
988.974000 0.345278
989.975000 0.323093
990.984000 0.362561
991.985000 0.439257
992.986000 0.417391
993.995000 0.366628
995.004000 0.323243
996.013000 0.289348
997.014000 0.341658
998.015000 0.431057
999.024000 0.418149
1000.034000 0.331050
1001.036000 0.313213
1002.054000 0.255882
1003.163000 0.320000
1004.173000 0.390083
1005.175000 0.300926
1006.184000 0.327310
1007.186000 0.314893
1008.193000 0.355130
1009.194000 0.436523
1010.203000 0.416793
1011.213000 0.306669
1012.214000 0.340292
1013.215000 0.323093
1014.216000 0.452923
1015.253000 0.502388
1016.254000 0.429690
1017.283000 0.391409
1018.343000 0.373509
1019.344000 0.385391
1020.363000 0.365715
1021.364000 0.298494
1022.365000 0.355892
1023.373000 0.423992
1024.374000 0.406458
1025.383000 0.372052
1026.394000 0.265773
1027.403000 0.318612
1028.404000 0.290294
1029.413000 0.256809
1030.414000 0.295193
1031.434000 0.248675
1032.543000 0.175675
1033.544000 0.189962
1034.553000 0.188456
1035.573000 0.173569
1036.582000 0.207437
1037.588000 0.287491
1038.593000 0.343586
1039.594000 0.257495
1040.603000 0.272515
1041.612000 0.226981
1042.623000 0.239501
1043.634000 0.249535
1044.635000 0.381858
1045.642000 0.284489
1046.643000 0.304759
1047.662000 0.157629
1048.682000 0.163624
1049.692000 0.149552
1050.702000 0.153053
1051.712000 0.161180
1052.742000 0.170555
1053.744000 0.173389
1054.753000 0.179528
1055.773000 0.281647
1056.782000 0.187663
1057.783000 0.163996
1058.792000 0.171393
1059.793000 0.343025
1060.794000 0.380493
1061.803000 0.327310
1062.804000 0.340859
1063.813000 0.358475
1064.853000 0.254434
1065.883000 0.387421
1066.912000 0.396727
1067.923000 0.388344
1068.934000 0.318544
1069.953000 0.297248
1070.954000 0.312160
1071.955000 0.327193
1072.956000 0.402358
1073.963000 0.349132
1074.964000 0.320360
1075.973000 0.340868
1076.974000 0.424224
1077.975000 0.522618
1078.993000 0.472797
1079.994000 0.537654
1080.995000 0.463856
1081.996000 0.519888
1083.123000 0.468336
1084.125000 0.517155
1085.134000 0.517122
1086.142000 0.440278
1087.143000 0.302593
1088.144000 0.335393
1089.145000 0.343592
1090.156000 0.392404
1091.172000 0.393724
1092.192000 0.412855
1093.193000 0.544488
1094.194000 0.492555
1095.195000 0.439257
1096.202000 0.336111
1097.213000 0.378081
1098.222000 0.344936
1099.223000 0.473423
1100.234000 0.564811
1101.242000 0.501913
1102.243000 0.563620
1103.244000 0.586853
1104.245000 0.538222
1105.254000 0.557796
1106.322000 0.573625
1107.323000 0.593686
1108.324000 0.614186
1109.333000 0.561070
1110.334000 0.627852
1111.336000 0.540415
1112.338000 0.588998
1113.343000 0.502846
1114.353000 0.532071
1115.356000 0.611597
1116.402000 0.518990
1117.403000 0.612819
1118.462000 0.581084
1119.463000 0.604619
1120.464000 0.597786
1121.465000 0.524555
1122.482000 0.589727
1123.532000 0.514408
1124.533000 0.615552
1125.542000 0.586268
1126.543000 0.491756
1127.544000 0.530821
1128.552000 0.475563
1129.553000 0.418757
1130.554000 0.353159
1131.555000 0.421491
1132.556000 0.441990
1133.562000 0.453392
1134.563000 0.390059
1135.572000 0.419504
1136.573000 0.383225
1137.574000 0.402358
1138.582000 0.381921
1139.592000 0.471913
1140.593000 0.498022
