0.000000 0.377825
1.059000 0.278971
2.060000 0.198967
3.139000 0.155317
4.141000 0.333577
5.150000 0.287444
6.151000 0.278583
7.152000 0.421383
8.210000 0.422770
9.229000 0.405974
10.230000 0.406016
11.233000 0.392850
12.234000 0.550983
13.239000 0.403828
14.240000 0.393772
15.289000 0.422995
16.300000 0.527282
17.310000 0.422978
18.350000 0.417369
19.370000 0.521277
20.371000 0.420741
21.373000 0.406679
22.389000 0.413464
23.399000 0.452299
24.579000 0.415743
25.649000 0.478365
26.988000 0.193588
27.989000 0.349452
29.019000 0.347961
30.198000 0.387461
31.209000 0.475578
32.210000 0.345335
33.308000 0.393771
34.314000 0.475805
35.315000 0.345912
36.349000 0.397583
37.350000 0.564675
38.359000 0.368177
39.371000 0.460891
40.389000 0.361541
41.399000 0.459611
42.400000 0.518758
43.469000 0.445401
44.548000 0.421693
45.728000 0.440208
46.729000 0.530790
47.730000 0.397625
48.909000 0.326809
49.911000 0.407716
51.038000 0.438528
52.039000 0.520047
53.050000 0.326972
54.059000 0.291610
55.060000 0.449500
56.069000 0.454065
57.318000 0.301863
58.319000 0.284063
59.388000 0.381533
60.389000 0.454852
61.390000 0.477910
62.391000 0.384702
63.498000 0.402855
64.668000 0.423059
65.679000 0.430447
66.788000 0.485010
67.800000 0.534751
68.802000 0.544437
69.869000 0.426440
70.878000 0.418370
72.029000 0.442181
73.030000 0.489072
74.031000 0.403846
75.069000 0.409663
76.228000 0.444758
77.230000 0.578405
78.238000 0.391951
79.399000 0.509506
80.400000 0.515177
81.401000 0.388237
82.409000 0.518162
83.410000 0.410323
84.807000 0.374348
85.808000 0.399214
86.809000 0.398697
87.810000 0.534665
88.828000 0.487205
89.829000 0.468804
90.837000 0.358423
91.839000 0.444001
92.841000 0.563053
93.858000 0.399884
94.859000 0.398461
95.867000 0.354990
96.869000 0.327458
97.887000 0.321806
98.977000 0.323876
100.238000 0.303949
101.247000 0.403084
102.248000 0.480311
103.408000 0.433103
104.409000 0.509549
105.468000 0.361615
106.469000 0.363933
107.470000 0.569043
108.478000 0.363137
109.479000 0.477488
110.480000 0.451709
112.388000 0.151839
113.417000 0.774052
114.427000 0.302044
115.430000 0.308526
116.450000 0.300124
117.457000 0.368173
118.468000 0.413044
119.588000 0.419488
120.589000 0.501268
121.590000 0.527966
122.598000 0.539027
123.608000 0.469363
124.618000 0.435629
125.628000 0.338895
126.629000 0.345045
127.630000 0.433224
128.637000 0.459743
129.798000 0.391839
130.809000 0.384313
131.818000 0.431331
132.828000 0.422208
133.937000 0.365017
134.938000 0.447433
135.939000 0.467252
136.947000 0.460020
137.957000 0.175578
138.958000 0.336192
139.967000 0.304836
140.969000 0.332872
142.088000 0.323482
143.089000 0.463933
144.277000 0.463279
145.280000 0.558915
146.288000 0.526939
147.457000 0.450991
148.458000 0.501435
149.459000 0.534209
150.467000 0.490565
151.507000 0.422926
152.508000 0.502179
153.517000 0.422628
154.657000 0.447365
155.707000 0.440082
156.797000 0.488496
157.817000 0.321429
158.818000 0.623185
159.827000 0.536824
161.028000 0.447376
162.030000 0.530296
163.031000 0.536448
164.036000 0.546754
165.156000 0.448366
166.157000 0.557270
167.158000 0.576100
168.159000 0.548149
169.177000 0.448194
170.178000 0.470604
171.186000 0.386775
172.187000 0.515482
173.188000 0.368418
174.196000 0.321496
175.318000 0.267809
176.326000 0.295033
177.327000 0.356089
178.328000 0.414542
179.467000 0.350718
180.477000 0.383295
181.487000 0.322680
187.001000 0.002971
188.304000 0.087972
189.314000 0.231401
190.334000 0.176922
191.335000 0.254194
192.344000 0.247944
193.345000 0.258466
194.364000 0.257237
195.367000 0.276295
196.384000 0.323253
197.385000 0.367624
198.386000 0.328087
199.393000 0.338259
200.464000 0.291787
201.544000 0.314035
202.654000 0.395667
203.655000 0.452356
204.664000 0.365077
205.665000 0.348047
206.674000 0.305263
207.794000 0.209630
208.934000 0.225267
210.153000 0.211389
211.163000 0.299399
212.164000 0.332181
213.165000 0.371681
214.166000 0.195550
215.167000 0.310316
216.174000 0.313192
217.184000 0.244120
218.243000 0.236081
219.253000 0.293617
220.273000 0.178376
221.274000 0.132143
222.283000 0.246014
223.284000 0.338463
224.293000 0.273702
225.294000 0.345758
226.295000 0.284719
227.304000 0.291746
228.305000 0.414090
229.313000 0.325806
230.314000 0.338570
231.323000 0.269157
232.324000 0.280160
233.333000 0.205706
234.403000 0.224294
235.633000 0.078966
236.673000 0.320457
237.683000 0.228903
238.693000 0.207858
239.703000 0.121901
240.733000 0.111035
241.734000 0.230961
242.744000 0.182306
243.745000 0.233930
244.753000 0.295857
245.893000 0.204318
246.903000 0.238384
247.904000 0.319792
248.928000 0.225324
249.933000 0.230456
250.963000 0.230048
251.973000 0.318612
252.974000 0.291387
253.982000 0.265520
254.983000 0.279098
255.989000 0.323964
256.992000 0.061898
257.993000 0.154430
259.008000 0.180488
260.023000 0.245538
261.032000 0.114103
262.043000 0.121780
263.052000 0.136936
264.063000 0.100189
265.072000 0.145070
266.272000 0.134014
267.282000 0.192333
268.362000 0.142246
269.364000 0.161263
270.372000 0.134357
271.382000 0.107205
272.584000 0.165733
273.592000 0.204929
274.602000 0.142088
275.623000 0.184901
276.632000 0.166763
277.633000 0.140526
278.642000 0.141003
279.643000 0.129830
281.848000 0.007430
282.852000 0.333373
283.862000 0.144927
284.864000 0.101030
285.883000 0.115454
286.892000 0.107108
287.902000 0.075925
288.922000 0.066092
289.932000 0.109711
290.942000 0.083976
291.962000 0.101929
292.972000 0.167184
293.982000 0.208586
294.992000 0.138435
296.002000 0.216713
297.003000 0.260697
298.012000 0.248050
299.022000 0.247865
300.024000 0.215341
301.032000 0.262397
302.152000 0.172974
303.162000 0.143715
304.304000 0.145000
305.312000 0.199698
306.322000 0.081267
307.332000 0.092366
308.352000 0.111318
309.362000 0.080357
310.363000 0.155796
311.492000 0.129771
312.502000 0.121901
313.522000 0.104612
314.523000 0.125972
315.542000 0.135592
316.552000 0.129729
317.562000 0.193687
318.563000 0.215928
319.572000 0.230564
320.582000 0.250574
321.583000 0.111242
322.591000 0.080071
323.622000 0.058382
324.651000 0.049190
325.652000 0.109331
326.662000 0.107002
327.663000 0.089792
328.682000 0.131564
329.701000 0.079285
330.702000 0.051979
331.712000 0.074495
332.731000 0.049672
333.741000 0.059596
334.772000 0.038483
335.811000 0.032916
336.812000 0.030066
337.852000 0.036831
338.892000 0.044723
339.952000 0.029683
340.981000 0.023930
342.021000 0.030254
343.224000 0.013619
344.252000 0.035438
345.281000 0.029248
346.291000 0.050115
347.301000 0.036570
348.321000 0.032188
349.358000 0.038257
358.927000 0.000286
360.347000 0.002890
361.707000 0.003018
363.147000 0.002850
364.527000 0.002974
365.696000 0.002340
366.937000 0.004409
368.216000 0.004278
369.536000 0.003111
370.656000 0.002443
371.776000 0.002443
372.896000 0.002443
373.976000 0.003800
375.256000 0.004275
376.696000 0.002850
377.816000 0.002443
378.996000 0.002319
380.136000 0.002400
381.316000 0.002319
391.995000 0.000128
393.257000 0.003252
394.438000 0.010425
396.177000 0.007097
397.216000 0.011850
398.520000 0.007344
399.658000 0.014425
400.678000 0.012071
401.758000 0.010133
402.796000 0.015815
403.875000 0.013946
405.102000 0.013379
408.814000 0.004414
409.899000 0.049247
411.017000 0.013460
412.362000 0.011188
413.379000 0.013451
414.418000 0.013167
415.661000 0.009905
416.759000 0.017443
417.760000 0.010933
418.877000 0.014697
419.898000 0.016078
421.138000 0.007942
422.199000 0.011604
423.339000 0.006000
424.378000 0.011850
425.476000 0.004984
426.556000 0.008867
427.678000 0.004877
429.058000 0.001983
430.197000 0.006005
459.932000 0.000092
461.276000 0.001018
462.556000 0.030994
463.593000 0.027703
464.817000 0.005588
479.503000 0.000279
480.515000 0.052772
481.534000 0.046694
482.543000 0.100329
483.564000 0.096470
484.565000 0.106525
485.566000 0.133930
486.567000 0.219378
487.734000 0.252031
488.735000 0.280160
489.744000 0.191444
490.745000 0.280160
491.784000 0.186964
492.933000 0.181440
493.943000 0.180143
494.953000 0.191167
495.964000 0.231383
496.974000 0.227549
497.984000 0.181550
498.985000 0.241894
500.004000 0.263129
501.014000 0.237030
507.194000 0.023690
508.204000 0.658265
509.224000 0.088518
510.225000 0.184496
511.243000 0.142984
513.043000 0.009880
514.044000 0.069698
515.053000 0.138291
516.073000 0.114000
517.083000 0.083976
518.093000 0.075850
519.273000 0.145964
520.274000 0.291093
521.291000 0.204460
522.294000 0.221050
523.295000 0.312959
524.494000 0.240103
525.503000 0.229130
526.515000 0.190601
527.523000 0.192714
528.524000 0.194981
529.525000 0.271960
530.535000 0.174725
531.543000 0.132012
532.554000 0.166598
533.556000 0.232096
538.403000 0.010818
539.443000 0.562389
540.455000 0.085246
541.522000 0.076926
542.663000 0.001199
543.673000 0.143715
544.676000 0.070923
545.722000 0.064084
547.044000 0.051740
549.745000 0.015730
550.747000 0.087377
551.760000 0.190413
553.008000 0.067962
554.017000 0.077280
555.368000 0.032403
556.672000 0.012564
557.777000 0.087501
558.898000 0.021966
559.947000 0.108240
560.957000 0.070432
561.959000 0.180216
563.107000 0.181395
564.117000 0.165244
565.127000 0.120547
566.147000 0.134118
569.743000 0.003425
570.763000 0.053647
571.783000 0.093882
572.793000 0.067142
573.823000 0.085002
574.843000 0.119365
575.873000 0.042501
576.874000 0.103864
577.973000 0.024895
578.993000 0.037553
580.003000 0.078558
581.013000 0.108356
582.083000 0.036853
583.094000 0.140484
584.098000 0.366526
585.103000 0.306269
586.104000 0.199551
587.113000 0.307766
588.133000 0.233365
589.153000 0.111318
590.223000 0.090639
591.243000 0.100687
592.253000 0.127319
593.274000 0.093790
594.294000 0.050965
604.147000 0.000972
605.156000 0.249467
606.157000 0.281526
607.776000 0.097359
608.786000 0.096166
609.806000 0.095224
610.826000 0.142165
611.836000 0.224840
612.866000 0.138128
613.876000 0.089394
614.894000 0.071222
615.898000 0.107641
616.926000 0.058553
617.936000 0.054178
618.946000 0.067723
619.956000 0.048760
621.056000 0.014924
622.067000 0.066303
623.077000 0.098875
627.658000 0.005070
628.676000 0.297063
629.705000 0.035895
635.666000 0.000459
636.685000 0.302061
637.716000 0.094854
638.746000 0.034532
639.755000 0.035251
640.766000 0.062243
641.774000 0.096357
642.786000 0.095976
643.796000 0.090749
644.805000 0.070041
645.806000 0.110697
646.815000 0.113887
647.826000 0.104190
648.833000 0.076778
649.835000 0.091564
650.845000 0.063659
651.855000 0.082622
652.865000 0.059349
653.875000 0.031152
654.925000 0.022149
655.966000 0.022340
666.874000 0.001003
667.884000 0.086685
669.074000 0.123034
670.094000 0.174353
671.104000 0.131149
672.124000 0.100588
673.204000 0.031696
683.733000 0.000650
684.913000 0.003478
686.192000 0.006418
687.453000 0.003255
690.369000 0.002815
697.161000 0.000201
698.943000 0.000768
700.059000 0.004903
701.343000 0.002131
702.605000 0.011924
703.659000 0.005192
704.884000 0.003350
710.403000 0.003217
711.501000 0.008750
712.641000 0.006000
713.781000 0.006000
714.880000 0.009967
715.941000 0.010315
716.962000 0.005369
718.342000 0.002798
719.344000 0.013653
720.449000 0.008666
721.503000 0.010383
722.523000 0.008047
723.663000 0.008400
724.863000 0.006840
726.002000 0.006005
727.343000 0.005101
728.480000 0.009625
729.542000 0.006441
730.683000 0.008393
731.722000 0.010533
732.759000 0.009234
733.779000 0.009388
734.842000 0.007722
736.062000 0.012334
747.361000 0.000848
748.460000 0.003738
749.540000 0.005067
750.560000 0.009388
751.999000 0.002266
757.879000 0.000465
759.032000 0.003559
760.212000 0.009275
761.313000 0.004970
762.712000 0.002934
763.732000 0.002682
765.132000 0.002931
766.432000 0.003157
768.738000 0.005932
769.872000 0.008444
771.032000 0.005897
772.052000 0.002682
773.332000 0.003206
774.392000 0.003079
775.472000 0.007600
776.483000 0.072677
777.564000 0.145864
778.565000 0.222251
779.593000 0.153661
780.594000 0.171598
781.742000 0.155001
782.743000 0.136768
783.752000 0.127253
784.763000 0.187758
785.774000 0.205825
786.783000 0.150790
787.785000 0.235978
788.822000 0.138986
789.921000 0.062238
791.063000 0.103604
792.072000 0.141863
793.272000 0.145994
794.283000 0.136800
795.302000 0.103633
796.452000 0.132427
797.662000 0.159059
798.672000 0.174085
799.742000 0.153013
800.752000 0.143572
801.762000 0.043791
802.903000 0.113578
803.912000 0.189957
804.922000 0.181497
805.932000 0.139541
806.943000 0.098154
807.952000 0.138291
808.972000 0.092371
809.982000 0.162696
811.023000 0.063934
812.182000 0.145180
813.192000 0.087233
814.202000 0.155762
815.212000 0.116271
816.213000 0.217295
817.232000 0.119855
818.242000 0.148990
819.252000 0.137385
820.272000 0.147035
821.292000 0.147352
822.312000 0.226659
823.322000 0.189399
824.332000 0.160618
825.346000 0.182310
826.352000 0.118940
827.362000 0.092103
828.371000 0.052876
829.382000 0.046006
830.522000 0.038766
831.523000 0.138030
832.531000 0.112228
833.552000 0.156764
834.553000 0.115920
835.562000 0.136028
836.632000 0.155165
837.641000 0.131512
838.642000 0.066261
839.652000 0.101584
840.802000 0.107324
841.812000 0.113774
842.832000 0.147529
843.842000 0.146624
844.852000 0.143572
845.861000 0.112995
846.881000 0.080471
847.885000 0.109004
848.892000 0.105962
849.911000 0.098790
851.162000 0.076297
852.171000 0.052876
853.202000 0.049094
854.211000 0.036607
855.221000 0.027089
856.241000 0.030847
866.531000 0.003314
869.061000 0.083270
893.112000 0.009106
894.113000 0.045099
895.114000 0.068440
896.184000 0.186396
897.213000 0.229551
898.214000 0.187072
899.215000 0.210518
900.233000 0.194627
901.354000 0.181773
902.364000 0.241249
903.515000 0.235260
904.563000 0.288653
905.564000 0.264020
906.723000 0.211470
907.724000 0.292216
908.813000 0.196614
909.814000 0.253690
910.923000 0.166867
911.924000 0.236366
912.944000 0.207694
914.123000 0.215043
915.183000 0.234158
916.333000 0.179245
917.343000 0.212428
918.344000 0.161873
919.623000 0.136805
920.823000 0.185431
921.824000 0.244123
922.825000 0.258831
923.953000 0.216600
925.124000 0.229856
926.313000 0.240087
927.314000 0.252773
928.413000 0.155753
929.414000 0.182121
930.523000 0.148540
931.533000 0.220092
932.534000 0.183558
933.536000 0.184619
934.537000 0.188187
935.542000 0.159850
936.732000 0.106674
937.943000 0.105053
938.944000 0.088831
939.967000 0.120812
940.982000 0.142490
941.992000 0.069564
943.132000 0.112259
944.133000 0.121078
945.172000 0.053289
946.212000 0.119852
947.213000 0.176893
948.223000 0.171357
949.232000 0.149414
950.234000 0.130136
951.273000 0.203568
952.470000 0.184401
953.593000 0.196053
954.602000 0.212705
955.632000 0.068917
956.643000 0.098368
957.653000 0.164647
958.712000 0.185368
959.792000 0.185069
960.803000 0.182127
961.893000 0.138049
962.902000 0.177229
963.922000 0.120726
965.073000 0.184406
966.092000 0.237758
967.112000 0.257038
968.113000 0.239714
969.115000 0.191457
970.123000 0.177050
971.132000 0.175881
972.142000 0.182210
973.292000 0.087931
974.473000 0.166730
975.542000 0.165399
976.543000 0.214084
977.572000 0.172540
978.574000 0.230985
979.792000 0.212126
980.811000 0.151288
981.812000 0.164592
982.982000 0.148885
983.992000 0.178537
985.182000 0.143140
986.192000 0.120965
987.212000 0.134154
988.222000 0.157291
989.416000 0.174740
990.422000 0.223964
991.442000 0.127986
992.450000 0.137940
993.453000 0.138530
994.454000 0.170058
995.463000 0.180547
996.523000 0.093994
997.533000 0.082690
998.541000 0.115723
999.592000 0.088122
1000.696000 0.014841
1001.922000 0.143183
1002.942000 0.061072
1003.944000 0.190487
1004.952000 0.160103
1005.954000 0.182921
1006.972000 0.199023
1007.973000 0.150830
1009.031000 0.181143
1010.033000 0.206803
1011.112000 0.135173
1012.132000 0.156763
1013.151000 0.151160
1014.262000 0.130590
1015.382000 0.149601
1016.392000 0.170546
1017.403000 0.150193
1018.542000 0.101442
1019.581000 0.123381
1020.582000 0.164628
1021.592000 0.169935
1022.601000 0.163244
1023.602000 0.152944
1024.611000 0.156698
1025.621000 0.127203
1026.622000 0.164705
1027.771000 0.123689
1028.773000 0.198993
1029.791000 0.202316
1030.962000 0.158780
1031.971000 0.192942
1032.991000 0.135398
1034.001000 0.164620
1035.011000 0.176116
1036.012000 0.185596
1037.181000 0.180530
1038.182000 0.208072
1039.183000 0.144410
1040.371000 0.168756
1041.381000 0.173023
1042.522000 0.154831
1043.531000 0.179139
1044.581000 0.144901
1045.582000 0.200873
1046.591000 0.156877
1047.592000 0.171586
1048.751000 0.181314
1049.752000 0.206030
1050.823000 0.132509
1051.851000 0.184956
1052.852000 0.256745
1053.961000 0.207803
1055.061000 0.218564
1056.111000 0.212702
1057.112000 0.180087
1058.281000 0.154984
1059.431000 0.169542
1060.449000 0.169265
1061.590000 0.135393
1062.591000 0.129005
1063.640000 0.145161
1064.641000 0.205397
1065.791000 0.173281
1066.793000 0.287401
1067.800000 0.164716
1068.801000 0.168797
1069.831000 0.172079
1070.832000 0.218949
1072.001000 0.185982
1073.160000 0.209784
1074.321000 0.179863
1075.491000 0.161911
1076.691000 0.194541
1077.811000 0.181566
1078.812000 0.161593
1079.830000 0.143680
1080.861000 0.166741
1081.881000 0.170143
1082.882000 0.179825
1083.970000 0.154410
1085.150000 0.197490
1086.151000 0.220889
1087.153000 0.215319
1088.165000 0.203606
1089.171000 0.206224
1090.172000 0.194127
1091.184000 0.233195
1092.190000 0.201769
1093.192000 0.197303
1094.202000 0.166327
1095.241000 0.164295
1096.250000 0.181741
1097.251000 0.161192
1098.271000 0.131635
1099.273000 0.188460
1100.281000 0.194957
1101.320000 0.176029
1102.510000 0.226408
1103.515000 0.228814
1104.520000 0.229529
1105.550000 0.232245
1106.552000 0.246806
1107.561000 0.168029
1108.562000 0.232809
1109.600000 0.220265
1110.601000 0.260344
1111.731000 0.230904
1112.732000 0.235660
1113.733000 0.239668
1114.735000 0.206885
1115.830000 0.190129
1116.831000 0.253447
1117.960000 0.199091
1118.961000 0.246078
1119.962000 0.274510
1121.141000 0.193305
1122.200000 0.227950
1123.210000 0.172069
1124.211000 0.224019
1125.321000 0.247586
1126.322000 0.295621
1127.410000 0.190153
1128.411000 0.246962
1129.412000 0.211673
1130.451000 0.165417
1131.520000 0.188247
1132.630000 0.123035
1133.640000 0.195284
1134.650000 0.215724
1135.770000 0.198789
1136.810000 0.194364
1137.821000 0.176812
1138.822000 0.184992
1139.823000 0.185168
1141.000000 0.177286
1142.090000 0.183074
1143.171000 0.209327
1144.241000 0.218021
1145.310000 0.198204
1146.341000 0.198646
1147.449000 0.241158
1148.451000 0.189720
1149.459000 0.196399
1150.460000 0.187320
1151.461000 0.216986
1152.469000 0.151985
1153.630000 0.202208
1154.830000 0.204042
1155.831000 0.183018
1156.840000 0.222111
1157.869000 0.211581
1158.959000 0.201239
1160.170000 0.196016
1161.349000 0.204713
1162.351000 0.223835
1163.549000 0.185068
1164.550000 0.227930
1165.589000 0.194903
1166.591000 0.170024
1167.609000 0.216730
1168.610000 0.193126
1169.709000 0.260739
1170.769000 0.171274
1171.979000 0.166536
1173.079000 0.211246
1174.080000 0.240476
1175.081000 0.237887
1176.101000 0.151427
1177.161000 0.211190
1178.230000 0.213928
1179.240000 0.207590
1180.300000 0.162633
1181.302000 0.203490
1182.469000 0.194414
1183.470000 0.277253
1184.471000 0.193466
1185.472000 0.186852
1186.649000 0.192767
1187.650000 0.173863
1188.651000 0.206368
1189.860000 0.165766
1190.879000 0.193577
1191.929000 0.178134
1193.140000 0.201845
1194.142000 0.227849
1195.189000 0.221852
1196.230000 0.203698
1197.428000 0.220770
1198.431000 0.222183
1199.549000 0.113795
1200.550000 0.194742
1201.619000 0.206771
1202.620000 0.142311
1203.669000 0.155916
1204.870000 0.181525
1206.029000 0.176924
1207.169000 0.190796
1208.190000 0.243855
1209.199000 0.241235
1210.250000 0.189411
1211.251000 0.336294
1212.252000 0.249934
1213.253000 0.260574
1214.390000 0.202868
1215.391000 0.252271
1216.469000 0.194714
1217.471000 0.209516
1218.509000 0.217039
1219.519000 0.199408
1220.529000 0.185145
1221.539000 0.171707
1222.549000 0.182877
1223.639000 0.146734
1224.779000 0.141268
1225.780000 0.153064
1226.789000 0.213975
1227.929000 0.161803
1228.930000 0.203641
1230.008000 0.177723
1231.088000 0.194558
1232.158000 0.188469
1233.168000 0.200569
1234.269000 0.192308
1235.419000 0.171263
1236.420000 0.216147
1237.429000 0.230088
1238.449000 0.165455
1239.579000 0.146469
1240.668000 0.157116
1241.779000 0.158291
1242.964000 0.148010
1244.028000 0.185201
1245.158000 0.257325
1246.159000 0.263817
1247.169000 0.254514
1248.178000 0.194725
1249.188000 0.193090
1250.259000 0.248236
1251.368000 0.220004
1252.528000 0.219903
1253.658000 0.200438
1254.838000 0.223864
1255.928000 0.178361
1256.949000 0.193397
1257.950000 0.136953
1258.959000 0.189379
1260.020000 0.156167
1261.118000 0.173860
1262.119000 0.186326
1263.148000 0.174680
1264.159000 0.179138
1265.268000 0.208073
1266.269000 0.251870
1267.358000 0.143823
1268.368000 0.207225
1269.418000 0.205351
1270.460000 0.210526
1271.549000 0.200848
1272.560000 0.201972
1273.561000 0.206854
1274.598000 0.127664
1275.778000 0.211197
1276.779000 0.171531
1277.868000 0.163827
1278.969000 0.161514
1279.978000 0.179180
1281.108000 0.166780
1282.258000 0.198543
1283.429000 0.169198
1284.558000 0.186076
1285.668000 0.193145
1286.681000 0.182666
1287.728000 0.177242
1288.898000 0.197438
1289.899000 0.214596
1291.068000 0.221784
1292.098000 0.179687
1293.099000 0.197308
1294.180000 0.164756
1295.188000 0.256423
1296.198000 0.216586
1297.368000 0.170725
1298.508000 0.171162
1299.509000 0.197191
1300.557000 0.153792
1301.559000 0.226723
1302.560000 0.163102
1303.568000 0.198338
1304.668000 0.181588
1305.757000 0.180706
1306.759000 0.208596
1307.760000 0.194249
1308.847000 0.193681
1309.917000 0.177571
1310.937000 0.203681
1312.098000 0.181435
1313.100000 0.153170
1314.107000 0.129461
1315.168000 0.121094
1316.278000 0.132488
1317.279000 0.165959
1318.378000 0.153488
1319.387000 0.203780
1320.537000 0.142023
1321.538000 0.191575
1322.659000 0.143047
1323.667000 0.232630
1324.678000 0.207004
1325.767000 0.123309
1326.768000 0.184234
1327.958000 0.176776
1329.147000 0.204009
1330.148000 0.224618
1331.268000 0.135339
1332.458000 0.134504
1333.479000 0.105378
1334.758000 0.027382
1335.759000 0.136188
1336.898000 0.159759
1338.007000 0.159280
1339.008000 0.188828
1340.037000 0.149231
1341.197000 0.173652
1342.398000 0.166550
1343.399000 0.185505
1344.427000 0.134995
1345.627000 0.163573
1346.628000 0.200650
1347.637000 0.218454
1348.647000 0.165734
1349.698000 0.174339
1350.868000 0.139791
1351.927000 0.148842
1352.947000 0.141328
1354.047000 0.164465
1355.048000 0.214637
1356.057000 0.195237
1357.077000 0.152832
1358.078000 0.135264
1359.237000 0.125882
1360.247000 0.168615
1361.257000 0.132376
1362.368000 0.159221
1363.387000 0.160099
1364.417000 0.187454
1365.418000 0.211694
1366.528000 0.157081
1367.597000 0.169830
1368.747000 0.209683
1369.748000 0.238471
1370.757000 0.171395
1371.758000 0.182207
1372.777000 0.156835
1373.957000 0.157938
1374.958000 0.166614
1376.136000 0.142140
1377.257000 0.171054
1378.437000 0.147175
1379.447000 0.172157
1380.449000 0.168437
1381.457000 0.149488
1382.537000 0.124126
1383.538000 0.179772
1384.547000 0.140170
1385.647000 0.160861
1386.648000 0.209851
1387.778000 0.152622
1388.787000 0.164790
1389.946000 0.058728
1391.057000 0.030783
1392.166000 0.117917
1393.167000 0.189111
1394.216000 0.128112
1395.257000 0.151405
1396.418000 0.140331
1397.546000 0.161482
1398.547000 0.192617
1399.627000 0.148964
1400.796000 0.133358
1401.798000 0.185382
1402.807000 0.187722
1403.986000 0.148048
1404.987000 0.213173
1406.056000 0.136013
1407.057000 0.217767
1408.067000 0.153745
1409.247000 0.168940
1410.256000 0.181566
1411.347000 0.155394
1412.367000 0.188778
1413.386000 0.218782
1414.387000 0.151525
1415.388000 0.168566
1416.397000 0.166847
1417.407000 0.167903
1418.418000 0.178898
1419.426000 0.187980
1420.430000 0.220397
1421.436000 0.145375
1422.536000 0.143655
1423.736000 0.165282
1424.847000 0.179726
1425.017000 0.346024
