0.000000 0.128380
1.129000 0.352712
2.249000 0.192176
3.411000 0.147506
4.573000 0.151797
5.579000 0.153445
6.659000 0.165135
7.789000 0.175745
8.791000 0.238331
9.792000 0.201031
10.799000 0.234581
11.830000 0.181959
12.969000 0.180576
13.970000 0.144234
14.980000 0.137603
15.989000 0.113935
17.009000 0.054309
18.039000 0.033204
19.079000 0.009187
20.099000 0.014753
21.479000 0.012887
22.499000 0.021459
23.609000 0.007395
24.829000 0.005152
25.889000 0.069685
26.890000 0.090243
27.899000 0.103481
29.019000 0.134840
30.039000 0.131070
31.149000 0.115680
32.209000 0.098646
33.229000 0.125025
34.309000 0.109183
35.318000 0.124470
36.319000 0.105034
37.328000 0.115722
38.329000 0.155712
39.428000 0.136951
40.559000 0.128935
41.568000 0.113113
42.749000 0.094577
43.759000 0.111044
44.809000 0.113592
45.819000 0.092103
46.838000 0.067159
47.849000 0.106883
48.858000 0.106626
49.859000 0.145458
50.868000 0.110880
51.888000 0.124192
52.958000 0.061487
54.049000 0.093960
55.288000 0.083431
56.419000 0.093731
57.421000 0.112870
58.438000 0.106014
59.439000 0.110456
60.568000 0.089288
61.578000 0.088722
62.588000 0.088677
63.598000 0.087391
64.928000 0.056571
65.968000 0.045377
67.008000 0.043408
68.019000 0.035294
69.058000 0.059987
70.068000 0.060950
71.088000 0.055942
72.098000 0.067650
73.118000 0.068407
74.138000 0.074214
75.148000 0.101264
76.178000 0.076150
77.298000 0.077294
78.308000 0.105162
79.318000 0.096586
80.328000 0.101757
81.338000 0.117078
82.528000 0.099603
83.608000 0.102406
84.618000 0.094928
85.627000 0.056519
86.848000 0.049694
87.868000 0.080816
89.008000 0.105436
90.028000 0.137809
91.048000 0.084148
92.058000 0.073294
93.059000 0.104321
94.068000 0.127436
95.078000 0.082589
96.087000 0.115676
97.278000 0.069149
98.288000 0.084192
99.308000 0.101550
100.323000 0.082733
101.328000 0.104723
102.338000 0.085022
103.348000 0.046803
104.378000 0.050750
105.407000 0.059629
106.417000 0.066634
107.419000 0.067449
108.617000 0.060289
109.628000 0.078481
110.657000 0.055706
111.677000 0.054982
112.688000 0.086328
113.887000 0.068495
114.898000 0.104909
115.907000 0.115067
116.917000 0.090305
117.937000 0.075951
118.938000 0.100789
120.058000 0.117822
121.067000 0.140123
122.077000 0.099472
123.078000 0.103011
124.097000 0.065341
125.108000 0.103135
126.318000 0.042105
127.347000 0.074892
128.358000 0.054067
129.387000 0.047422
130.437000 0.019543
131.567000 0.028458
132.768000 0.079240
133.770000 0.088743
134.777000 0.050664
135.807000 0.044747
136.827000 0.046009
137.847000 0.042918
138.887000 0.017860
140.289000 0.011709
141.398000 0.090006
142.400000 0.137222
143.563000 0.080794
144.867000 0.070900
145.868000 0.119570
147.018000 0.104782
148.067000 0.109729
149.077000 0.127539
150.087000 0.126190
151.088000 0.122675
152.089000 0.126972
153.090000 0.122845
154.379000 0.096822
155.397000 0.073079
156.407000 0.089584
157.419000 0.096726
158.427000 0.089133
159.477000 0.093757
160.617000 0.156419
161.627000 0.183749
162.737000 0.091141
163.746000 0.105123
164.767000 0.057614
165.787000 0.038199
166.997000 0.040418
168.007000 0.029798
171.956000 0.006575
173.037000 0.016228
174.127000 0.035141
175.177000 0.040522
176.205000 0.054464
177.208000 0.060989
178.216000 0.069668
179.217000 0.024116
180.239000 0.069361
181.247000 0.098079
182.266000 0.100146
183.367000 0.076800
184.387000 0.104497
185.396000 0.084365
186.406000 0.044038
187.419000 0.062447
188.427000 0.121971
189.437000 0.167573
190.446000 0.145885
191.447000 0.152244
192.657000 0.105357
193.667000 0.154071
194.676000 0.144386
195.827000 0.099896
197.026000 0.102666
198.027000 0.156938
199.106000 0.104953
200.107000 0.147663
201.317000 0.083557
202.496000 0.116189
203.506000 0.134630
204.526000 0.086155
205.536000 0.094129
206.546000 0.107907
207.586000 0.043425
208.646000 0.047193
209.667000 0.067179
210.696000 0.059818
211.756000 0.025936
212.757000 0.110739
213.766000 0.116196
214.776000 0.116640
215.996000 0.096606
217.198000 0.091277
218.206000 0.052929
219.216000 0.077073
220.217000 0.135841
221.266000 0.139831
222.276000 0.135034
223.277000 0.114883
224.286000 0.150641
225.437000 0.125748
226.546000 0.143984
227.676000 0.140294
228.816000 0.122917
229.826000 0.129756
231.006000 0.065203
232.016000 0.103608
233.026000 0.096126
234.036000 0.126895
235.046000 0.071393
236.246000 0.100086
237.256000 0.143007
238.266000 0.113398
239.276000 0.112208
240.286000 0.102456
241.296000 0.115852
242.306000 0.121824
243.425000 0.096811
245.030000 0.010208
246.106000 0.097574
247.125000 0.078500
248.256000 0.061612
249.266000 0.103574
250.456000 0.106887
251.536000 0.098200
252.656000 0.107941
253.785000 0.103260
254.796000 0.115906
255.797000 0.088615
257.026000 0.104823
258.036000 0.158069
259.046000 0.097848
260.185000 0.083050
261.256000 0.106082
262.355000 0.059773
263.425000 0.050687
264.465000 0.038146
265.575000 0.016364
266.608000 0.019864
267.836000 0.028528
269.196000 0.008047
271.105000 0.024871
272.406000 0.046098
273.422000 0.128251
274.436000 0.097268
275.445000 0.137904
276.506000 0.109450
277.525000 0.128996
278.556000 0.085464
279.575000 0.109026
281.185000 0.013283
282.245000 0.010325
283.265000 0.010729
284.385000 0.010993
285.425000 0.017559
286.457000 0.065910
287.605000 0.137153
288.726000 0.140659
289.845000 0.136466
291.065000 0.131813
292.105000 0.140186
293.115000 0.166472
294.125000 0.111165
295.185000 0.113669
296.207000 0.122958
297.276000 0.144802
298.295000 0.132397
299.296000 0.151259
300.525000 0.101653
301.685000 0.057509
302.755000 0.059861
303.765000 0.076773
304.835000 0.060713
305.845000 0.082873
306.855000 0.080124
307.965000 0.084683
308.966000 0.170180
309.995000 0.094718
311.148000 0.099184
312.165000 0.137360
313.185000 0.144008
314.201000 0.139624
315.216000 0.143938
316.395000 0.117880
317.420000 0.147915
318.465000 0.118335
319.515000 0.138239
320.585000 0.189494
321.673000 0.094965
323.914000 0.023197
324.915000 0.063432
325.945000 0.065080
326.955000 0.118061
327.975000 0.109935
329.115000 0.066972
330.135000 0.087975
331.154000 0.091403
332.174000 0.051561
333.184000 0.064585
334.203000 0.069484
335.215000 0.066511
336.234000 0.058428
337.254000 0.079555
338.274000 0.048293
339.284000 0.039325
340.294000 0.047122
341.304000 0.064132
342.315000 0.080720
343.324000 0.069060
344.374000 0.040405
345.394000 0.045600
348.824000 0.000798
350.005000 0.061262
351.064000 0.134925
352.104000 0.126000
353.105000 0.050254
354.414000 0.037788
355.420000 0.093829
356.424000 0.113908
357.576000 0.085882
358.714000 0.105559
359.734000 0.145355
360.834000 0.084246
362.034000 0.062613
363.075000 0.051251
364.084000 0.052193
365.114000 0.062898
366.214000 0.063049
367.234000 0.060353
368.264000 0.058129
369.294000 0.063098
370.304000 0.040125
371.324000 0.048135
372.364000 0.047354
373.384000 0.038021
374.394000 0.059223
375.405000 0.077371
376.524000 0.042455
377.535000 0.024356
378.544000 0.031183
379.564000 0.026457
380.774000 0.031569
381.834000 0.042589
383.104000 0.007130
384.113000 0.027116
385.284000 0.022203
386.434000 0.056982
387.453000 0.057727
388.455000 0.039033
389.533000 0.036801
390.644000 0.016593
391.693000 0.016953
392.834000 0.002398
393.935000 0.014910
395.004000 0.012797
396.024000 0.008375
397.053000 0.011965
398.364000 0.005217
399.418000 0.009085
400.443000 0.006673
401.573000 0.012106
402.594000 0.014414
403.613000 0.034905
404.679000 0.025482
405.753000 0.020380
406.873000 0.012214
407.933000 0.011615
409.013000 0.010133
410.273000 0.006514
411.443000 0.004902
413.533000 0.011127
414.563000 0.033204
415.584000 0.019417
416.593000 0.033895
417.953000 0.014082
418.974000 0.009213
420.593000 0.000695
422.063000 0.003722
423.093000 0.034532
424.743000 0.010778
425.764000 0.021161
426.773000 0.035286
427.813000 0.014469
428.873000 0.005162
429.883000 0.055841
431.183000 0.048306
432.213000 0.038517
433.923000 0.018645
434.994000 0.017882
438.143000 0.003041
439.393000 0.024814
440.403000 0.052575
441.443000 0.039462
442.473000 0.041173
443.483000 0.021930
444.503000 0.020118
445.533000 0.010625
446.583000 0.014331
447.853000 0.017593
448.893000 0.026308
449.943000 0.031269
450.953000 0.035898
451.963000 0.056518
453.283000 0.045737
454.303000 0.067913
455.313000 0.076938
456.323000 0.073526
457.333000 0.064766
458.334000 0.067578
459.683000 0.009765
461.053000 0.039822
462.453000 0.041754
463.723000 0.052439
464.783000 0.131571
465.813000 0.139311
466.843000 0.156659
467.853000 0.174029
468.862000 0.153031
469.863000 0.129908
470.873000 0.142444
471.883000 0.137982
472.933000 0.119672
473.983000 0.127981
474.993000 0.140753
476.003000 0.118258
477.013000 0.139864
478.192000 0.132759
479.193000 0.181072
480.202000 0.134089
481.283000 0.172413
482.324000 0.168128
483.332000 0.175391
484.413000 0.141299
485.415000 0.162363
486.422000 0.172925
487.432000 0.199450
488.453000 0.138404
489.643000 0.188278
490.653000 0.188426
491.803000 0.135807
492.813000 0.173065
494.032000 0.146836
495.033000 0.154239
496.042000 0.150962
497.043000 0.141672
498.052000 0.160921
499.053000 0.151608
500.062000 0.138136
501.073000 0.146172
502.074000 0.132620
503.082000 0.126319
504.083000 0.130587
505.093000 0.155932
506.172000 0.132194
507.173000 0.183510
508.292000 0.129757
509.622000 0.135598
510.623000 0.142955
511.702000 0.116837
512.773000 0.141188
513.793000 0.180361
514.802000 0.169260
516.043000 0.155876
517.252000 0.150278
518.262000 0.168792
519.354000 0.081440
520.362000 0.154508
521.392000 0.145486
522.612000 0.161053
523.622000 0.181787
524.623000 0.083786
525.632000 0.167023
526.712000 0.119531
527.812000 0.180098
528.813000 0.148444
529.822000 0.176391
530.833000 0.175000
532.053000 0.123835
533.182000 0.125821
534.193000 0.127445
535.333000 0.118577
536.452000 0.129428
537.511000 0.120301
538.642000 0.137834
539.643000 0.133758
540.653000 0.150458
541.661000 0.166501
542.672000 0.122726
543.693000 0.156836
544.702000 0.179799
545.712000 0.151150
546.793000 0.174793
547.932000 0.188858
549.032000 0.167045
550.042000 0.166194
551.052000 0.142091
552.252000 0.112948
553.253000 0.162147
554.261000 0.139373
555.271000 0.129263
556.272000 0.098467
557.273000 0.126548
558.281000 0.138310
559.293000 0.042519
560.301000 0.127789
561.501000 0.095698
562.533000 0.109311
563.541000 0.091372
564.542000 0.109727
565.561000 0.093237
566.601000 0.047925
567.641000 0.052281
569.001000 0.035056
570.021000 0.042918
571.022000 0.047178
572.031000 0.044851
573.041000 0.066983
574.051000 0.044888
575.082000 0.033252
576.352000 0.033418
577.361000 0.041052
578.542000 0.071074
579.561000 0.154226
580.562000 0.110165
581.791000 0.055251
582.821000 0.062276
583.841000 0.100346
585.162000 0.104037
586.251000 0.129971
587.261000 0.124873
588.501000 0.092543
589.511000 0.087009
590.521000 0.091769
591.531000 0.101344
592.551000 0.070968
593.552000 0.122066
594.580000 0.075736
595.661000 0.064457
596.671000 0.065341
597.681000 0.066368
598.701000 0.040635
599.721000 0.062305
600.761000 0.042575
601.780000 0.036247
602.791000 0.054378
603.811000 0.046941
604.820000 0.046097
605.821000 0.045192
606.831000 0.058242
607.851000 0.041653
608.951000 0.037047
609.971000 0.049624
610.991000 0.066331
612.071000 0.042878
613.111000 0.051300
614.170000 0.016793
615.260000 0.008785
616.310000 0.007328
617.330000 0.020118
618.350000 0.037553
619.540000 0.018773
620.600000 0.011615
621.801000 0.015947
622.811000 0.052649
623.961000 0.063843
624.972000 0.140391
625.981000 0.121961
627.221000 0.135470
628.331000 0.135181
629.492000 0.133444
630.581000 0.125401
631.591000 0.123450
632.701000 0.123550
633.801000 0.125288
634.881000 0.135582
635.901000 0.132959
636.961000 0.127239
637.970000 0.136554
639.041000 0.150702
640.051000 0.149950
641.052000 0.140154
642.060000 0.178918
643.061000 0.141828
644.140000 0.132816
645.146000 0.136511
646.150000 0.139376
647.300000 0.158718
648.700000 0.141146
649.701000 0.125314
650.800000 0.118080
651.911000 0.151075
653.051000 0.145330
654.251000 0.133518
655.430000 0.130564
656.601000 0.133874
657.681000 0.135333
658.900000 0.139111
660.050000 0.134333
661.260000 0.135907
662.261000 0.170142
663.270000 0.160383
664.271000 0.173906
665.291000 0.167546
666.680000 0.158510
667.870000 0.139251
668.881000 0.169368
670.050000 0.126406
671.052000 0.173761
672.053000 0.183589
673.070000 0.125159
674.220000 0.116909
675.230000 0.126801
676.240000 0.117877
677.260000 0.124334
678.270000 0.102134
679.280000 0.124749
680.291000 0.095954
681.300000 0.090136
682.320000 0.095239
683.340000 0.105147
684.370000 0.095680
685.371000 0.112105
686.411000 0.104593
687.420000 0.118488
688.620000 0.087275
689.621000 0.119571
690.630000 0.112835
691.640000 0.099662
692.670000 0.102468
693.679000 0.112801
694.740000 0.102902
695.770000 0.113983
696.780000 0.059642
697.790000 0.122820
698.800000 0.157974
699.801000 0.133040
701.160000 0.103812
702.170000 0.116612
703.180000 0.128935
704.187000 0.124210
705.390000 0.113925
706.450000 0.126090
707.461000 0.139495
708.680000 0.135429
709.691000 0.146095
710.692000 0.158273
711.860000 0.129003
712.861000 0.154744
713.959000 0.117545
715.020000 0.163696
716.030000 0.142247
717.040000 0.120628
718.049000 0.148642
719.051000 0.110431
720.210000 0.128424
721.219000 0.081230
722.360000 0.130648
723.370000 0.144498
724.519000 0.082597
725.530000 0.114591
726.640000 0.112697
727.649000 0.143612
728.650000 0.092735
729.709000 0.086421
730.830000 0.116174
731.839000 0.131722
732.879000 0.104877
733.889000 0.114316
734.890000 0.097001
735.909000 0.067386
736.919000 0.028887
738.130000 0.061860
739.146000 0.109063
740.159000 0.091026
741.161000 0.092521
742.169000 0.069266
743.170000 0.075304
744.188000 0.076999
745.189000 0.077798
746.199000 0.063708
747.209000 0.047959
748.278000 0.030319
749.299000 0.042876
750.300000 0.027667
751.308000 0.056453
752.319000 0.078119
753.339000 0.077675
754.348000 0.054721
755.349000 0.039875
756.359000 0.062794
757.549000 0.053948
758.559000 0.059596
759.578000 0.025727
760.588000 0.035216
761.609000 0.023663
762.628000 0.032220
763.629000 0.052697
764.679000 0.023451
765.699000 0.024906
766.718000 0.030908
767.899000 0.028605
768.930000 0.019668
769.989000 0.031003
771.010000 0.028137
772.050000 0.017557
773.108000 0.027153
774.118000 0.028444
775.146000 0.021549
776.189000 0.030196
777.508000 0.016098
778.528000 0.041617
779.598000 0.033936
780.600000 0.039593
781.648000 0.037855
782.658000 0.022309
783.668000 0.050115
784.748000 0.027679
785.808000 0.029683
786.908000 0.017427
787.918000 0.011550
788.929000 0.029769
789.938000 0.026331
790.998000 0.029683
792.199000 0.026680
793.228000 0.023930
794.238000 0.031152
795.258000 0.029810
796.298000 0.032885
797.368000 0.025570
798.388000 0.001974
799.438000 0.009120
800.448000 0.017608
801.478000 0.023907
802.508000 0.018594
803.568000 0.020649
804.608000 0.013364
805.678000 0.010228
806.688000 0.008127
807.698000 0.044466
808.718000 0.061095
809.728000 0.061559
810.729000 0.070943
811.738000 0.056282
813.048000 0.030239
814.078000 0.062423
815.079000 0.049815
816.089000 0.055316
817.098000 0.094490
818.108000 0.101859
819.298000 0.068586
820.358000 0.069364
821.597000 0.058586
822.608000 0.066368
823.618000 0.055404
824.818000 0.031197
825.998000 0.044002
827.018000 0.045600
828.049000 0.030528
829.058000 0.040674
830.077000 0.048798
831.238000 0.054158
832.247000 0.054232
833.268000 0.034027
834.398000 0.041365
835.428000 0.054454
836.438000 0.036646
837.498000 0.042153
838.508000 0.060950
839.687000 0.045244
840.697000 0.043491
841.718000 0.051670
842.729000 0.055574
844.277000 0.015907
845.448000 0.043834
846.453000 0.042197
847.458000 0.021130
848.489000 0.022557
849.527000 0.031079
850.588000 0.024498
851.597000 0.027116
852.637000 0.030563
853.798000 0.043842
854.947000 0.055043
855.988000 0.039424
857.108000 0.012225
858.137000 0.028903
859.149000 0.043257
860.169000 0.043758
861.178000 0.049564
862.388000 0.052104
863.398000 0.075150
864.437000 0.015567
865.478000 0.040738
866.907000 0.017218
867.917000 0.043343
868.938000 0.042150
869.967000 0.090676
870.987000 0.082794
872.017000 0.057030
873.079000 0.058899
874.087000 0.070341
875.097000 0.042800
876.117000 0.051212
877.127000 0.063090
878.137000 0.051915
879.437000 0.026308
880.457000 0.039477
881.497000 0.027265
882.527000 0.041173
883.537000 0.021944
884.547000 0.023026
885.657000 0.013557
886.667000 0.020348
887.727000 0.030974
888.987000 0.023398
890.267000 0.011756
891.487000 0.042339
892.737000 0.051021
894.087000 0.050106
895.317000 0.055392
896.327000 0.065078
897.337000 0.057728
898.347000 0.055021
899.348000 0.061729
900.537000 0.061495
901.577000 0.068613
902.597000 0.071039
903.617000 0.072470
904.656000 0.060566
905.677000 0.029607
908.426000 0.000498
909.427000 0.047295
910.536000 0.014803
911.567000 0.010615
912.617000 0.018240
913.657000 0.009208
914.687000 0.040303
916.197000 0.025462
917.207000 0.055533
918.817000 0.043636
919.827000 0.046051
923.086000 0.004617
924.297000 0.006771
925.747000 0.008491
926.757000 0.005418
927.768000 0.013531
928.896000 0.026300
930.156000 0.060311
931.419000 0.049000
932.436000 0.067353
933.456000 0.066590
934.467000 0.062897
935.476000 0.086972
936.687000 0.084738
937.716000 0.106650
938.726000 0.054063
939.957000 0.005371
941.196000 0.097097
942.296000 0.094536
943.297000 0.110660
944.315000 0.147902
945.327000 0.109031
946.336000 0.114829
947.337000 0.131592
948.367000 0.074867
949.376000 0.154476
950.397000 0.130701
959.939000 0.015062
960.949000 0.137058
962.139000 0.130298
963.149000 0.160657
964.160000 0.165464
965.169000 0.173613
966.359000 0.134443
967.369000 0.176601
968.519000 0.127775
969.521000 0.183019
970.738000 0.149375
971.759000 0.176412
972.761000 0.171041
973.978000 0.150980
975.089000 0.171184
976.099000 0.201060
977.189000 0.114946
978.190000 0.160617
979.199000 0.138427
980.418000 0.108335
981.421000 0.127313
982.428000 0.101494
983.479000 0.111472
984.608000 0.121284
985.618000 0.140264
986.768000 0.088570
987.788000 0.113543
988.938000 0.071532
989.948000 0.099971
990.958000 0.101961
992.009000 0.075943
993.040000 0.111148
994.044000 0.089529
995.069000 0.106889
996.168000 0.106140
997.169000 0.125276
998.181000 0.123905
999.278000 0.098336
1000.288000 0.129401
1001.498000 0.102454
1002.508000 0.132659
1003.599000 0.083918
1004.608000 0.113614
1005.620000 0.088305
1006.628000 0.050110
1007.638000 0.105112
1008.649000 0.087467
1009.658000 0.084851
1010.659000 0.102497
1011.698000 0.105544
1012.858000 0.120689
1013.988000 0.120888
1015.048000 0.109312
1016.238000 0.110775
1017.458000 0.105485
1018.938000 0.076355
1019.948000 0.083921
1021.058000 0.097277
1022.068000 0.107586
1023.077000 0.125435
1024.298000 0.095183
1025.518000 0.107620
1026.738000 0.104468
1028.178000 0.095161
1029.187000 0.112588
1030.347000 0.089559
1031.498000 0.114098
1032.699000 0.104202
1033.708000 0.128099
1034.718000 0.077008
1035.728000 0.134456
1036.748000 0.106058
1037.878000 0.129050
1039.048000 0.125213
1040.097000 0.134777
1041.098000 0.147351
1042.118000 0.136850
1043.138000 0.157210
1044.139000 0.144509
1045.158000 0.098586
1046.180000 0.167097
1047.259000 0.169006
1048.268000 0.203442
1049.278000 0.139538
1050.279000 0.146530
1051.307000 0.165561
1052.497000 0.131069
1053.499000 0.141068
1054.508000 0.117126
1055.518000 0.135405
1056.647000 0.147043
1057.797000 0.137640
1058.858000 0.131155
1059.958000 0.119050
1061.177000 0.134326
1062.188000 0.147859
1063.197000 0.139370
1064.207000 0.127114
1065.327000 0.080295
1066.328000 0.118461
1067.467000 0.105031
1068.478000 0.116732
1069.479000 0.133851
1070.708000 0.101016
1071.917000 0.122491
1072.977000 0.117873
1073.987000 0.151563
1075.118000 0.116160
1076.207000 0.115439
1077.277000 0.073275
1078.357000 0.043067
1079.397000 0.040042
1080.404000 0.098228
1081.407000 0.116658
1082.417000 0.107573
1083.507000 0.123068
1084.508000 0.126913
1085.527000 0.115744
1086.528000 0.111161
1087.537000 0.064312
1088.617000 0.122706
1089.837000 0.100553
1090.838000 0.096277
1091.847000 0.072040
1093.027000 0.121522
1094.127000 0.123237
1095.237000 0.137778
1096.239000 0.123122
1097.247000 0.133786
1098.268000 0.135835
1099.497000 0.099662
1100.507000 0.131846
1101.518000 0.130245
1102.519000 0.125730
1103.607000 0.131654
1104.657000 0.137383
1105.888000 0.127907
1106.977000 0.147352
1108.196000 0.131376
1109.198000 0.123102
1110.238000 0.141829
1111.420000 0.158493
1112.547000 0.149467
1113.548000 0.142697
1114.568000 0.155490
1115.697000 0.114049
1116.707000 0.138989
1117.718000 0.153538
1119.167000 0.086068
1120.180000 0.171181
1121.336000 0.139777
1122.338000 0.162932
1123.537000 0.134874
1124.538000 0.173175
1125.637000 0.123125
1126.638000 0.174127
1127.717000 0.128995
1128.918000 0.140236
1130.136000 0.158560
1131.297000 0.100615
1132.477000 0.096087
1133.478000 0.218384
1134.487000 0.168525
1135.488000 0.163300
1136.497000 0.161128
1137.498000 0.167308
1138.507000 0.161352
1139.517000 0.184939
1140.696000 0.134463
1141.697000 0.160669
1142.896000 0.138490
1143.897000 0.187862
1144.917000 0.176022
1146.096000 0.130729
1147.306000 0.133806
1148.307000 0.144628
1149.518000 0.137806
1150.527000 0.164267
1151.537000 0.171071
1152.538000 0.173851
1153.707000 0.129828
1154.708000 0.170890
1155.716000 0.165397
1156.837000 0.131819
1157.858000 0.174351
1158.867000 0.127854
1159.878000 0.166096
1160.886000 0.156435
1161.887000 0.158486
1162.896000 0.154089
1163.897000 0.150115
1164.906000 0.148812
1165.917000 0.143714
1166.926000 0.141511
1167.937000 0.141141
1168.946000 0.169156
1169.957000 0.169312
1171.166000 0.182145
1172.177000 0.162048
1178.794000 0.002476
1179.979000 0.026962
1181.048000 0.019196
1182.069000 0.041536
1183.089000 0.047616
1184.109000 0.062768
1185.146000 0.107236
1186.149000 0.149822
1187.150000 0.151019
1188.160000 0.158066
1189.261000 0.125710
1189.813000 0.208484
