0.000000 0.205794
1.001000 0.243838
2.060000 0.030530
3.061000 0.034166
4.130000 0.028197
5.390000 0.048176
6.412000 0.060667
7.431000 0.090897
8.591000 0.130071
9.600000 0.152998
10.601000 0.131281
11.610000 0.152464
12.820000 0.108524
13.830000 0.167908
14.839000 0.159397
15.840000 0.167962
16.841000 0.119975
17.842000 0.162747
19.091000 0.124942
20.291000 0.155681
21.292000 0.154298
22.293000 0.166417
23.300000 0.167376
24.480000 0.132247
25.482000 0.169332
26.680000 0.140659
27.820000 0.145529
28.821000 0.126754
29.970000 0.137567
30.979000 0.127743
32.039000 0.107372
33.040000 0.127957
34.239000 0.164736
35.251000 0.160779
36.440000 0.141542
37.461000 0.168284
38.481000 0.185247
39.860000 0.112818
40.959000 0.177288
42.140000 0.151786
43.160000 0.154279
44.219000 0.152149
45.460000 0.139412
46.590000 0.132148
47.610000 0.138897
48.750000 0.136998
49.840000 0.096404
50.841000 0.106356
51.919000 0.121348
52.970000 0.160066
54.120000 0.152883
55.129000 0.118946
56.166000 0.067785
57.250000 0.149744
58.251000 0.171294
59.260000 0.151936
60.261000 0.164429
61.460000 0.127731
62.600000 0.180681
63.601000 0.233207
64.610000 0.112201
65.630000 0.145138
66.631000 0.117943
67.709000 0.110500
68.719000 0.087356
69.720000 0.098441
70.740000 0.115618
71.741000 0.106522
72.750000 0.132835
73.759000 0.134245
74.769000 0.136348
75.829000 0.159021
76.830000 0.166640
77.839000 0.092637
78.909000 0.104918
80.010000 0.118723
81.019000 0.102765
82.029000 0.097387
83.039000 0.100224
84.041000 0.102122
85.049000 0.074688
86.050000 0.118257
87.059000 0.096086
88.069000 0.069988
89.129000 0.085220
90.229000 0.128081
91.370000 0.127172
92.379000 0.137533
93.380000 0.124386
94.390000 0.117879
95.399000 0.113158
96.428000 0.117378
97.450000 0.104645
98.459000 0.158197
99.469000 0.115109
100.479000 0.137995
101.539000 0.087714
102.579000 0.143231
103.589000 0.173631
104.780000 0.106466
105.839000 0.106843
106.849000 0.115321
107.939000 0.114413
109.069000 0.110368
110.079000 0.128354
111.089000 0.132613
112.099000 0.131232
113.339000 0.087409
114.340000 0.124885
115.349000 0.154148
116.558000 0.139900
117.579000 0.175990
118.739000 0.163845
119.750000 0.161944
120.759000 0.142383
121.799000 0.096752
122.809000 0.132777
123.810000 0.136732
125.059000 0.110477
126.167000 0.147496
127.179000 0.143033
128.180000 0.132754
129.189000 0.135248
130.200000 0.121451
131.369000 0.134287
132.519000 0.133597
133.520000 0.114494
134.539000 0.118667
135.540000 0.114796
136.549000 0.106763
137.569000 0.104774
138.648000 0.105517
139.739000 0.111576
140.749000 0.137932
141.949000 0.086487
142.969000 0.115109
144.088000 0.085668
145.209000 0.113398
146.440000 0.125000
147.640000 0.108572
148.659000 0.138942
149.679000 0.090773
150.829000 0.109091
151.889000 0.104654
152.890000 0.110739
153.899000 0.127043
154.909000 0.105804
155.959000 0.113550
156.988000 0.105293
158.069000 0.112507
159.189000 0.116626
160.199000 0.159015
161.209000 0.107705
162.219000 0.112505
163.228000 0.130304
164.349000 0.119670
165.429000 0.115593
166.438000 0.162949
167.449000 0.091858
168.459000 0.138738
169.609000 0.121709
170.618000 0.091827
171.629000 0.104675
172.719000 0.123990
173.789000 0.123644
174.868000 0.112577
175.869000 0.155226
177.098000 0.117505
178.099000 0.112184
179.118000 0.089351
180.288000 0.064932
181.308000 0.073357
182.322000 0.075884
183.338000 0.045544
184.358000 0.052794
185.368000 0.046051
186.428000 0.012789
187.439000 0.059286
188.468000 0.060455
189.488000 0.049776
190.505000 0.067846
191.600000 0.103489
192.608000 0.123498
193.661000 0.055806
194.678000 0.099725
195.788000 0.076506
196.818000 0.123092
197.829000 0.129685
198.888000 0.122941
200.098000 0.138501
201.108000 0.091345
202.168000 0.089240
203.378000 0.098613
204.528000 0.093600
205.728000 0.094490
206.799000 0.060936
207.841000 0.066715
208.858000 0.103944
209.868000 0.096539
210.928000 0.080708
211.938000 0.113735
212.939000 0.102384
213.948000 0.092312
214.959000 0.081615
216.178000 0.057577
217.199000 0.061141
218.218000 0.045645
219.227000 0.043858
220.238000 0.067279
221.239000 0.044260
222.277000 0.044809
223.278000 0.035137
224.298000 0.041576
225.558000 0.026444
226.568000 0.045812
227.628000 0.050439
228.728000 0.062067
229.748000 0.076070
230.848000 0.060305
231.858000 0.086769
232.897000 0.043449
233.898000 0.038154
234.927000 0.043872
235.928000 0.021396
236.947000 0.105932
237.948000 0.104274
238.958000 0.105342
239.959000 0.090303
241.347000 0.026914
242.528000 0.002317
243.568000 0.066495
244.658000 0.037651
245.668000 0.048901
246.728000 0.070908
247.748000 0.111830
248.758000 0.091992
249.778000 0.128733
250.887000 0.114848
251.898000 0.144111
253.077000 0.111010
254.198000 0.114754
255.338000 0.106038
256.568000 0.116134
257.608000 0.063012
258.618000 0.061768
259.647000 0.050508
260.798000 0.009508
261.807000 0.066311
262.968000 0.038884
263.978000 0.077484
265.028000 0.065630
266.039000 0.108714
267.268000 0.059843
268.283000 0.082737
269.367000 0.079149
270.408000 0.083941
271.417000 0.058127
273.778000 0.012168
274.927000 0.021249
275.987000 0.021940
277.117000 0.012106
278.267000 0.017672
279.417000 0.014275
280.487000 0.010228
281.527000 0.006577
282.597000 0.005114
283.707000 0.011183
284.718000 0.028415
285.747000 0.036513
286.777000 0.043829
287.837000 0.021186
288.867000 0.030548
289.877000 0.032325
290.929000 0.015375
291.947000 0.026876
292.977000 0.031876
293.987000 0.023089
294.988000 0.028699
296.007000 0.021480
297.037000 0.033204
298.057000 0.023026
299.077000 0.030847
300.087000 0.017950
301.097000 0.032507
302.237000 0.014400
303.287000 0.021204
304.297000 0.047406
305.307000 0.053385
306.337000 0.079689
307.347000 0.028550
308.367000 0.028165
310.197000 0.005233
311.207000 0.084496
312.227000 0.033529
313.747000 0.015668
314.757000 0.062305
315.767000 0.033844
316.807000 0.027623
318.197000 0.011810
319.237000 0.011838
320.367000 0.005563
321.387000 0.021459
322.397000 0.052939
323.407000 0.071034
324.425000 0.100361
325.537000 0.068843
326.539000 0.103211
327.547000 0.094084
328.557000 0.084022
329.567000 0.063375
330.796000 0.063451
331.797000 0.107878
332.887000 0.075254
333.897000 0.101501
334.917000 0.100893
335.925000 0.084158
336.927000 0.145808
337.937000 0.084155
338.977000 0.037688
339.997000 0.021459
343.607000 0.004539
345.117000 0.036076
346.127000 0.018962
347.267000 0.068998
348.277000 0.093009
349.287000 0.089587
350.357000 0.091021
351.487000 0.136619
352.497000 0.155080
353.507000 0.105722
354.517000 0.087724
355.519000 0.073053
356.527000 0.078204
357.737000 0.062452
358.749000 0.079382
359.786000 0.057017
360.826000 0.030254
361.966000 0.034473
362.997000 0.063327
364.236000 0.045183
365.238000 0.038228
366.266000 0.026108
367.277000 0.029769
368.327000 0.018248
369.367000 0.027623
370.466000 0.016182
371.707000 0.005516
373.406000 0.003946
375.167000 0.040077
376.226000 0.028419
377.237000 0.031122
378.246000 0.022321
379.306000 0.038717
380.316000 0.030130
381.446000 0.038447
382.456000 0.041988
385.066000 0.007787
386.598000 0.054642
387.627000 0.033236
388.637000 0.046718
389.638000 0.055862
390.646000 0.028260
391.666000 0.024141
392.667000 0.021866
393.706000 0.027377
394.786000 0.015200
396.506000 0.008749
398.836000 0.011742
400.106000 0.003476
401.147000 0.032853
402.156000 0.042030
403.188000 0.027711
404.316000 0.032745
405.826000 0.002718
406.827000 0.023651
407.836000 0.028472
408.846000 0.025293
409.861000 0.035042
410.866000 0.028335
411.886000 0.040235
413.186000 0.029665
414.196000 0.024380
415.801000 0.010208
416.827000 0.049857
417.846000 0.037590
418.976000 0.028454
419.986000 0.046051
420.996000 0.048391
422.026000 0.050646
423.086000 0.049799
424.096000 0.035216
425.126000 0.026302
426.146000 0.040235
427.176000 0.033582
428.226000 0.031269
429.316000 0.016086
430.326000 0.024380
431.356000 0.019922
432.366000 0.058850
433.376000 0.044195
434.646000 0.012797
435.661000 0.088550
436.666000 0.105642
437.826000 0.117081
438.836000 0.141720
439.846000 0.097456
440.856000 0.140306
441.866000 0.088801
442.966000 0.127093
443.997000 0.125469
445.036000 0.137371
446.246000 0.120225
447.336000 0.131086
448.346000 0.142913
449.347000 0.114073
450.356000 0.097756
451.397000 0.110145
452.406000 0.106051
453.516000 0.110956
454.526000 0.156659
455.536000 0.112285
456.537000 0.113246
457.556000 0.108439
458.656000 0.095190
459.686000 0.102246
460.696000 0.125436
461.706000 0.126367
462.707000 0.131093
463.717000 0.131777
464.936000 0.158520
465.956000 0.126553
466.957000 0.131947
468.046000 0.143244
469.106000 0.133077
470.107000 0.142727
471.116000 0.146057
472.127000 0.079529
473.516000 0.093775
474.686000 0.097308
475.687000 0.085093
476.786000 0.128641
477.787000 0.148505
478.916000 0.125641
480.006000 0.139229
481.046000 0.139280
482.076000 0.140819
483.126000 0.125129
484.170000 0.123274
485.246000 0.122757
486.256000 0.139678
487.266000 0.146181
488.276000 0.141493
489.277000 0.125010
490.286000 0.106865
491.306000 0.125805
498.424000 0.002302
501.437000 0.011375
502.447000 0.096984
503.477000 0.134822
504.487000 0.151793
505.497000 0.147196
506.547000 0.136806
507.548000 0.161379
508.557000 0.158584
509.707000 0.128249
510.708000 0.156643
511.709000 0.161275
512.717000 0.159937
513.837000 0.132058
514.848000 0.175975
515.997000 0.127841
516.998000 0.140882
518.096000 0.101653
519.167000 0.113717
520.171000 0.167343
521.188000 0.179736
522.198000 0.155900
523.199000 0.176748
524.206000 0.162496
525.347000 0.126684
526.387000 0.119945
527.388000 0.161009
528.397000 0.167943
529.547000 0.124640
530.548000 0.212107
531.687000 0.128463
532.688000 0.156732
533.689000 0.163584
534.696000 0.163092
535.707000 0.153769
536.716000 0.168890
537.717000 0.167325
538.718000 0.166957
539.787000 0.120053
540.807000 0.157279
542.007000 0.126963
543.008000 0.160754
544.017000 0.152781
545.167000 0.120476
546.169000 0.164915
547.347000 0.132107
548.357000 0.149801
549.358000 0.088711
550.359000 0.086718
551.397000 0.097737
552.406000 0.105663
553.416000 0.096182
554.427000 0.086315
555.726000 0.048110
556.896000 0.056832
557.917000 0.060294
558.946000 0.027188
560.036000 0.026356
561.641000 0.010208
562.666000 0.043319
563.675000 0.053887
565.217000 0.030031
566.226000 0.065785
567.306000 0.049503
568.317000 0.085861
569.376000 0.071309
570.386000 0.097898
571.406000 0.071563
572.426000 0.078534
573.926000 0.036085
574.936000 0.075129
575.937000 0.090557
576.946000 0.112598
577.956000 0.127387
578.967000 0.147803
579.976000 0.111804
581.096000 0.125079
582.116000 0.102833
583.117000 0.125720
584.146000 0.130067
585.156000 0.147934
586.346000 0.096465
587.436000 0.124470
588.446000 0.177100
589.496000 0.114070
590.646000 0.060668
591.936000 0.042491
592.966000 0.073049
593.996000 0.059843
595.196000 0.096042
596.624000 0.038319
598.086000 0.029803
599.178000 0.027560
600.186000 0.055133
601.187000 0.119349
602.286000 0.094029
603.355000 0.017916
604.496000 0.011989
605.605000 0.009868
606.706000 0.011183
607.726000 0.012071
609.165000 0.007371
610.170000 0.076227
611.186000 0.028644
612.216000 0.124306
613.236000 0.110262
614.256000 0.090390
615.285000 0.102197
616.286000 0.080231
617.326000 0.078324
618.336000 0.067094
619.346000 0.082801
620.356000 0.114504
621.545000 0.071348
622.585000 0.066049
623.595000 0.050115
624.676000 0.023451
625.685000 0.046097
626.696000 0.034021
627.706000 0.098735
628.736000 0.093151
629.745000 0.118079
630.845000 0.068898
631.855000 0.078311
632.885000 0.066408
633.896000 0.022206
634.916000 0.037553
635.933000 0.025558
636.946000 0.025082
637.955000 0.036607
639.006000 0.021651
640.007000 0.036899
641.015000 0.031315
642.016000 0.042366
643.035000 0.030945
644.066000 0.029191
645.105000 0.033579
646.465000 0.070245
647.867000 0.044884
648.966000 0.033270
649.967000 0.069698
650.985000 0.068603
652.087000 0.122595
653.106000 0.111947
654.123000 0.082528
655.126000 0.077658
656.315000 0.063337
657.486000 0.091561
658.495000 0.117246
659.535000 0.080199
660.546000 0.126780
661.725000 0.104266
662.924000 0.076010
663.935000 0.056831
664.936000 0.079365
666.026000 0.096774
667.035000 0.092397
668.055000 0.117721
669.215000 0.133457
670.226000 0.111030
671.235000 0.092761
672.265000 0.096235
673.325000 0.106892
674.365000 0.098990
675.635000 0.086932
676.645000 0.088530
677.875000 0.062650
678.885000 0.071760
679.925000 0.067228
680.945000 0.078036
681.955000 0.125388
683.125000 0.095985
684.135000 0.112420
685.145000 0.072475
686.175000 0.108909
687.305000 0.067726
688.455000 0.095270
689.465000 0.105813
690.495000 0.038101
691.555000 0.025811
692.566000 0.087388
693.665000 0.103213
694.675000 0.116968
695.685000 0.133382
696.695000 0.081078
697.715000 0.091992
698.725000 0.081884
699.765000 0.104282
700.785000 0.137869
701.795000 0.157896
702.975000 0.148841
703.976000 0.222782
705.025000 0.129954
706.185000 0.135906
707.385000 0.125308
708.386000 0.142204
709.395000 0.127388
710.525000 0.112108
711.545000 0.157579
712.615000 0.126323
713.625000 0.155966
714.805000 0.120843
715.807000 0.140207
716.815000 0.132382
717.825000 0.168536
719.045000 0.128635
720.065000 0.129252
721.075000 0.071584
722.295000 0.117974
723.395000 0.136465
724.515000 0.131275
725.766000 0.106815
726.775000 0.157604
727.794000 0.096881
728.805000 0.103623
729.806000 0.099777
730.807000 0.173531
731.995000 0.111508
733.005000 0.120762
734.205000 0.135830
735.207000 0.181626
736.215000 0.156958
737.221000 0.122336
738.385000 0.090178
739.394000 0.121241
740.605000 0.121464
741.624000 0.139155
742.695000 0.148007
743.696000 0.166994
744.805000 0.140070
745.814000 0.130579
746.815000 0.146942
747.984000 0.123918
748.986000 0.130298
749.995000 0.143999
751.006000 0.166069
752.235000 0.177620
753.355000 0.144237
754.404000 0.108594
755.444000 0.107467
756.454000 0.144978
757.455000 0.111245
758.585000 0.111332
759.704000 0.117485
760.924000 0.101862
761.934000 0.107994
762.954000 0.045487
763.994000 0.042566
765.084000 0.030121
766.294000 0.017160
767.414000 0.018321
768.454000 0.014469
783.099000 0.000093
784.149000 0.039556
785.189000 0.115875
786.249000 0.129342
787.250000 0.078677
788.259000 0.091540
789.279000 0.063501
790.439000 0.119953
791.440000 0.138773
792.449000 0.084698
793.489000 0.063004
794.500000 0.039955
795.519000 0.050287
796.559000 0.057877
797.569000 0.050688
798.579000 0.085638
799.589000 0.083260
800.769000 0.079981
801.779000 0.102943
802.800000 0.122513
803.809000 0.165942
804.819000 0.191700
805.869000 0.150955
806.871000 0.173128
807.899000 0.118796
808.909000 0.148939
810.059000 0.125276
811.209000 0.118439
812.219000 0.075925
813.419000 0.105654
814.429000 0.104366
815.449000 0.092051
816.459000 0.118545
817.469000 0.056242
818.509000 0.034965
820.229000 0.017498
821.269000 0.029248
822.309000 0.023677
823.349000 0.023677
824.369000 0.019055
825.438000 0.023035
826.459000 0.025457
827.478000 0.017763
828.539000 0.019340
829.568000 0.019942
830.579000 0.014533
831.639000 0.061465
832.669000 0.050470
833.706000 0.021842
834.728000 0.046849
835.739000 0.039357
836.749000 0.041988
838.166000 0.014481
839.389000 0.065258
840.429000 0.078211
841.859000 0.035396
842.969000 0.008881
843.999000 0.059767
845.145000 0.059156
846.161000 0.070171
847.168000 0.068909
848.169000 0.065367
849.225000 0.027981
850.269000 0.024897
851.280000 0.043549
852.428000 0.078539
853.429000 0.116387
854.440000 0.119377
855.508000 0.116959
856.509000 0.142221
857.519000 0.130603
858.520000 0.170543
859.629000 0.126513
860.639000 0.117794
861.648000 0.109998
862.649000 0.178963
863.719000 0.132274
864.720000 0.199091
865.739000 0.132719
866.829000 0.177316
867.909000 0.122883
869.349000 0.079035
870.489000 0.155729
871.519000 0.146890
872.529000 0.187734
873.588000 0.148326
874.749000 0.158814
875.759000 0.164389
876.849000 0.159893
877.979000 0.185264
879.179000 0.188688
880.269000 0.192869
881.322000 0.173155
882.549000 0.126147
883.578000 0.119967
884.688000 0.111195
885.699000 0.100077
886.828000 0.085647
887.838000 0.128306
888.848000 0.121973
889.873000 0.114888
890.989000 0.122971
892.000000 0.124515
893.068000 0.115640
894.069000 0.137031
895.080000 0.083955
896.099000 0.124729
897.109000 0.082778
898.240000 0.098510
899.248000 0.098406
900.258000 0.072628
901.328000 0.061996
902.329000 0.134603
903.338000 0.107244
904.348000 0.121847
905.359000 0.082306
906.368000 0.133152
907.548000 0.054069
908.560000 0.085843
909.579000 0.099918
910.598000 0.057282
911.619000 0.067740
912.628000 0.131079
913.648000 0.133636
914.658000 0.182493
915.769000 0.153452
916.979000 0.158817
918.178000 0.148525
919.379000 0.171438
920.488000 0.191022
921.489000 0.225503
922.498000 0.172314
923.499000 0.114676
924.508000 0.093324
925.518000 0.150653
926.618000 0.076168
927.628000 0.090748
928.648000 0.094666
929.662000 0.080220
930.688000 0.067520
931.738000 0.103566
932.748000 0.112359
933.758000 0.098680
934.848000 0.105049
935.878000 0.126654
937.068000 0.109294
938.128000 0.159470
939.148000 0.196191
940.162000 0.209709
941.188000 0.140895
942.198000 0.131316
943.238000 0.117416
944.248000 0.159036
945.258000 0.139431
946.278000 0.112106
947.288000 0.111502
948.300000 0.095418
949.328000 0.108175
950.508000 0.086140
951.518000 0.101745
952.638000 0.112182
953.737000 0.140500
954.858000 0.124725
955.938000 0.126298
956.958000 0.098277
958.118000 0.102644
959.208000 0.118248
960.210000 0.205802
961.239000 0.159438
962.248000 0.216246
963.258000 0.231715
964.308000 0.157935
965.323000 0.180629
966.327000 0.181782
967.378000 0.160436
968.387000 0.094505
969.487000 0.080444
970.497000 0.096598
971.498000 0.106121
972.577000 0.094269
973.578000 0.151888
974.587000 0.098243
975.588000 0.115570
976.667000 0.118990
977.678000 0.121669
978.687000 0.082966
979.697000 0.056994
981.398000 0.012063
982.407000 0.083865
983.417000 0.087957
984.429000 0.032320
985.447000 0.053324
986.608000 0.051912
987.748000 0.101617
988.817000 0.114370
989.909000 0.100557
991.058000 0.090496
992.078000 0.115915
993.079000 0.110184
994.097000 0.087166
995.107000 0.105749
996.118000 0.093851
997.127000 0.114877
998.217000 0.076691
999.247000 0.039845
1000.287000 0.015785
1001.347000 0.011092
1002.857000 0.037429
1003.868000 0.005412
1004.887000 0.080951
1005.906000 0.075772
1006.907000 0.096084
1007.987000 0.089341
1009.148000 0.115970
1010.162000 0.132292
1011.177000 0.130472
1012.197000 0.114371
1013.237000 0.085946
1014.267000 0.063751
1015.328000 0.086593
1016.397000 0.106529
1017.519000 0.126833
1018.527000 0.148111
1019.537000 0.094570
1020.547000 0.101201
1021.557000 0.084487
1022.567000 0.059580
1023.667000 0.079738
1024.677000 0.106826
1025.687000 0.049257
1026.697000 0.036857
1027.707000 0.037239
1028.708000 0.058610
1029.758000 0.110309
1030.817000 0.105959
1031.827000 0.097771
1032.837000 0.120893
1034.007000 0.095877
1035.027000 0.122682
1036.057000 0.072031
1037.067000 0.058923
1038.087000 0.057596
1039.097000 0.091247
1040.318000 0.091919
1041.322000 0.152589
1042.327000 0.106264
1043.337000 0.124836
1044.347000 0.141978
1045.387000 0.083837
1046.447000 0.029683
1050.158000 0.004415
1051.327000 0.127229
1052.337000 0.089040
1053.347000 0.071833
1054.358000 0.055993
1055.387000 0.044529
1056.427000 0.038727
1057.457000 0.047814
1058.587000 0.010554
1059.606000 0.055042
1060.727000 0.060292
1061.737000 0.130862
1062.738000 0.130937
1063.747000 0.109680
1064.847000 0.107800
1065.857000 0.111072
1066.947000 0.078794
1068.127000 0.114449
1069.128000 0.139576
1070.227000 0.155213
1071.237000 0.184419
1072.239000 0.129865
1073.367000 0.165598
1074.467000 0.160851
1075.468000 0.186350
1076.487000 0.145897
1077.488000 0.145727
1078.497000 0.248453
1079.507000 0.228700
1080.597000 0.169843
1081.599000 0.235404
1082.637000 0.184009
1083.639000 0.191585
1084.640000 0.183018
1085.677000 0.172086
1086.827000 0.180256
1087.838000 0.189767
1088.847000 0.143605
1089.887000 0.142737
1090.897000 0.137101
1091.987000 0.154769
1093.127000 0.112015
1094.307000 0.138139
1095.457000 0.124057
1096.466000 0.117615
1097.477000 0.109811
1098.657000 0.165589
1099.747000 0.193989
1100.748000 0.184936
1101.787000 0.169224
1102.788000 0.196003
1103.797000 0.138737
1104.827000 0.116565
1106.017000 0.108995
1107.018000 0.186928
1108.027000 0.184326
1109.198000 0.132350
1110.199000 0.169975
1111.207000 0.190400
1112.217000 0.105348
1113.226000 0.206254
1114.367000 0.203791
1115.377000 0.169149
1116.436000 0.101838
1117.447000 0.087682
1118.456000 0.069966
1119.476000 0.077365
1120.506000 0.054343
1122.876000 0.021895
1123.886000 0.134183
1124.897000 0.140811
1125.899000 0.124997
1127.078000 0.099316
1128.217000 0.116910
1129.278000 0.117614
1130.286000 0.148127
1131.337000 0.125606
1132.377000 0.118738
1133.417000 0.115865
1134.536000 0.126617
1135.547000 0.136596
1136.566000 0.088534
1137.567000 0.114152
1138.577000 0.081757
1139.606000 0.050411
1140.616000 0.131941
1141.637000 0.117948
1142.646000 0.097935
1143.666000 0.056670
1144.677000 0.051261
1145.696000 0.039343
1146.717000 0.048235
1147.726000 0.053349
1148.906000 0.096881
1149.926000 0.134898
1151.056000 0.093346
1152.066000 0.056191
1153.176000 0.011092
1154.187000 0.054135
1155.196000 0.124798
1156.197000 0.161264
1157.206000 0.132459
1158.216000 0.139851
1159.217000 0.131444
1160.286000 0.115374
1161.306000 0.114083
1162.316000 0.096165
1163.317000 0.109894
1164.336000 0.106408
1165.376000 0.084337
1166.426000 0.123072
1167.427000 0.127444
1168.448000 0.146501
1169.456000 0.130271
1170.466000 0.104238
1171.477000 0.079848
1172.486000 0.100596
1173.508000 0.112919
1174.576000 0.121854
1175.606000 0.137404
1176.646000 0.156359
1177.662000 0.153220
1178.666000 0.152839
1179.746000 0.072723
1180.747000 0.140450
1181.756000 0.132709
1182.757000 0.143137
1183.766000 0.160194
1184.776000 0.133671
1185.777000 0.121773
1186.786000 0.121577
1187.796000 0.129674
1188.797000 0.122067
1189.805000 0.118949
1190.806000 0.136612
1191.807000 0.161018
1192.815000 0.158956
1193.816000 0.182708
1194.826000 0.135501
1195.837000 0.155025
1196.945000 0.099551
1197.946000 0.143006
1198.957000 0.114486
1200.146000 0.118432
1201.157000 0.170030
1202.160000 0.117372
1203.305000 0.127841
1204.376000 0.128954
1205.516000 0.143967
1206.517000 0.158477
1207.666000 0.139512
1208.677000 0.161699
1209.886000 0.109615
1210.896000 0.153417
1211.936000 0.123668
1213.026000 0.140255
1215.956000 0.014018
1216.957000 0.038589
1217.966000 0.052422
1218.997000 0.077776
1220.006000 0.144719
1221.136000 0.113985
1222.138000 0.183925
1223.146000 0.155178
1224.159000 0.154619
1225.166000 0.136434
1226.167000 0.155720
1227.275000 0.125226
1228.455000 0.153767
1229.456000 0.174059
1230.545000 0.125130
1231.645000 0.141406
1232.835000 0.161119
1233.836000 0.114333
1234.925000 0.105366
1236.016000 0.141695
1237.135000 0.137177
1238.226000 0.121679
1239.237000 0.138921
1240.246000 0.133606
1241.256000 0.128981
1242.265000 0.109627
1243.295000 0.109769
1244.296000 0.137420
1245.305000 0.152129
1246.306000 0.113244
1247.317000 0.117105
1248.325000 0.125883
1249.356000 0.128165
1250.375000 0.130728
1251.495000 0.119896
1252.625000 0.131915
1253.626000 0.137720
1254.775000 0.078156
1255.776000 0.087787
1256.785000 0.089488
1257.786000 0.102899
1258.796000 0.141461
1259.806000 0.126962
1260.935000 0.123526
1262.125000 0.148048
1263.175000 0.141306
1264.185000 0.157610
1265.295000 0.137244
1266.315000 0.144513
1267.375000 0.117942
1268.516000 0.135896
1269.585000 0.137437
1270.595000 0.143720
1271.685000 0.113866
1272.835000 0.117512
1274.015000 0.119615
1275.025000 0.106666
1276.035000 0.109638
1277.036000 0.077831
1278.045000 0.108228
1279.046000 0.108314
1280.065000 0.167300
1281.075000 0.116950
1282.076000 0.136748
1283.086000 0.136919
1284.156000 0.133563
1285.165000 0.155556
1286.335000 0.089460
1287.336000 0.101986
1288.345000 0.089656
1289.414000 0.085512
1290.415000 0.081068
1291.615000 0.069586
1292.625000 0.087395
1294.065000 0.061307
1295.075000 0.084200
1296.076000 0.090195
1297.085000 0.087758
1298.175000 0.066811
1299.185000 0.100225
1300.205000 0.089690
1301.285000 0.065222
1302.295000 0.085890
1303.305000 0.084423
1304.355000 0.087245
1305.365000 0.123732
1306.375000 0.089970
1307.376000 0.092099
1308.385000 0.144676
1309.395000 0.126744
1310.405000 0.113383
1311.415000 0.119879
1312.417000 0.132803
1313.446000 0.108756
1314.465000 0.073538
1315.475000 0.090201
1316.485000 0.094917
1317.495000 0.067535
1318.565000 0.064857
1319.584000 0.066020
1320.625000 0.104234
1321.635000 0.137359
1322.636000 0.150528
1323.756000 0.114949
1324.765000 0.149507
1325.775000 0.159483
1326.777000 0.110335
1327.785000 0.135850
1328.865000 0.138935
1329.875000 0.148600
1330.023000 0.147892
