0.000000 0.278793
1.001000 0.447457
2.019000 0.442672
3.027000 0.465270
4.029000 0.591729
5.098000 0.587166
6.099000 0.588220
7.100000 0.638326
8.101000 0.546881
9.102000 0.629219
10.108000 0.459396
11.109000 0.578653
12.110000 0.581387
13.129000 0.564962
14.130000 0.599153
15.149000 0.522002
16.150000 0.581384
17.151000 0.625122
18.153000 0.488535
19.156000 0.502485
20.158000 0.634052
21.159000 0.561455
22.160000 0.657918
23.161000 0.546422
24.162000 0.689351
25.163000 0.557355
26.166000 0.670245
27.169000 0.467589
28.181000 0.692672
29.183000 0.616870
30.184000 0.683884
31.188000 0.630629
32.227000 0.585686
33.228000 0.633319
34.230000 0.626427
35.231000 0.649718
36.232000 0.562821
37.233000 0.559520
38.236000 0.599322
39.238000 0.641445
40.239000 0.644819
41.241000 0.668184
42.242000 0.548128
43.248000 0.567281
44.249000 0.618286
45.250000 0.495856
46.252000 0.578076
47.258000 0.599459
48.259000 0.656551
49.261000 0.678307
50.262000 0.679784
51.263000 0.560088
52.264000 0.577287
53.269000 0.489234
54.278000 0.527175
55.279000 0.596420
56.298000 0.538111
57.299000 0.614186
58.300000 0.616120
59.301000 0.649718
60.347000 0.550379
61.348000 0.645618
62.349000 0.376392
63.350000 0.633886
64.351000 0.634685
65.378000 0.559229
66.379000 0.638785
67.380000 0.547221
68.381000 0.598354
69.389000 0.627563
70.438000 0.431436
71.449000 0.453857
72.459000 0.683208
73.461000 0.582739
74.462000 0.631952
75.497000 0.480889
76.498000 0.607353
77.499000 0.621586
78.500000 0.552687
79.501000 0.552687
80.508000 0.563543
81.509000 0.644252
82.578000 0.511663
83.580000 0.679784
84.581000 0.565554
85.582000 0.432424
86.588000 0.566257
87.670000 0.571261
88.671000 0.656551
89.672000 0.627053
90.678000 0.630171
91.679000 0.566921
92.689000 0.631739
93.699000 0.593022
94.700000 0.633319
95.701000 0.568288
96.708000 0.581995
97.718000 0.601944
98.738000 0.436996
99.862000 0.442306
100.918000 0.682486
101.919000 0.651085
102.920000 0.529455
103.927000 0.598864
104.928000 0.611453
105.929000 0.598354
106.930000 0.590953
107.977000 0.484523
108.978000 0.608719
109.979000 0.566354
110.980000 0.527289
111.982000 0.608112
112.983000 0.592887
113.988000 0.562738
114.997000 0.582200
115.999000 0.458498
117.002000 0.730257
118.003000 0.573754
119.005000 0.595824
120.007000 0.548607
121.029000 0.596211
122.037000 0.629484
123.038000 0.614186
124.047000 0.585475
125.048000 0.696184
126.049000 0.601087
127.051000 0.687297
128.053000 0.623697
129.217000 0.569801
130.268000 0.495156
131.297000 0.689757
132.299000 0.639513
133.301000 0.589565
134.304000 0.602050
135.305000 0.619192
136.307000 0.559989
137.308000 0.554054
138.318000 0.578123
139.332000 0.625199
140.347000 0.526736
141.348000 0.416043
142.357000 0.527968
143.358000 0.683884
144.359000 0.633886
145.437000 0.555614
146.447000 0.654764
147.457000 0.561869
148.459000 0.682517
149.460000 0.595620
150.461000 0.630585
151.478000 0.560692
152.488000 0.629030
153.498000 0.607921
154.499000 0.597786
155.538000 0.565936
156.539000 0.660651
157.547000 0.556992
158.548000 0.568288
159.550000 0.647705
160.557000 0.582562
161.558000 0.622386
162.559000 0.536855
163.568000 0.647278
164.569000 0.554621
165.570000 0.539021
166.571000 0.525355
167.606000 0.483532
168.617000 0.658176
169.618000 0.581954
170.627000 0.564575
171.637000 0.574851
172.638000 0.471257
173.639000 0.686617
174.647000 0.602340
175.648000 0.683884
176.649000 0.576488
177.651000 0.676375
178.653000 0.601852
179.697000 0.637916
180.707000 0.647992
181.708000 0.577854
182.709000 0.616919
183.756000 0.579904
184.757000 0.697550
185.758000 0.632519
186.759000 0.649718
187.767000 0.576556
188.768000 0.634685
189.769000 0.532755
190.770000 0.544488
191.847000 0.594236
192.858000 0.640586
193.867000 0.590898
194.877000 0.589750
195.927000 0.588670
196.928000 0.638785
197.936000 0.614556
198.937000 0.663385
199.939000 0.573182
200.940000 0.533554
201.941000 0.578653
202.942000 0.473424
203.946000 0.602016
204.956000 0.517961
205.976000 0.541611
206.977000 0.621019
207.978000 0.564987
208.980000 0.566355
210.096000 0.601646
211.106000 0.410981
212.108000 0.463393
213.117000 0.654055
214.118000 0.603823
215.120000 0.539848
216.122000 0.580806
217.124000 0.566355
218.125000 0.638784
219.137000 0.520206
220.138000 0.626486
221.207000 0.484790
222.208000 0.614186
223.276000 0.573625
224.277000 0.642885
225.295000 0.574923
226.326000 0.614890
227.357000 0.529971
228.358000 0.565554
229.359000 0.604619
230.360000 0.554621
231.363000 0.619781
232.364000 0.537654
233.377000 0.602069
234.457000 0.601452
235.458000 0.626486
236.459000 0.584120
237.460000 0.584687
238.475000 0.639409
239.476000 0.478090
240.661000 0.509583
241.676000 0.664229
242.677000 0.596420
243.695000 0.514452
244.697000 0.485722
245.698000 0.642885
246.716000 0.501014
247.717000 0.634686
248.775000 0.560945
249.776000 0.276060
250.815000 0.521170
251.826000 0.604051
252.887000 0.583857
253.888000 0.672951
254.889000 0.618853
255.896000 0.640413
256.917000 0.580502
257.918000 0.649718
258.919000 0.613387
259.923000 0.619163
260.925000 0.577277
261.935000 0.642565
262.936000 0.601096
263.937000 0.663385
264.945000 0.549413
265.946000 0.636052
266.956000 0.571350
267.957000 0.659285
268.966000 0.575984
269.986000 0.660416
270.996000 0.621465
271.998000 0.598555
272.999000 0.575121
274.000000 0.633319
275.002000 0.564990
276.003000 0.645618
277.005000 0.418338
278.006000 0.504056
279.017000 0.610817
280.106000 0.552514
281.107000 0.625119
282.474000 0.440152
283.476000 0.434723
284.477000 0.625119
285.486000 0.574628
286.506000 0.467286
287.507000 0.634685
288.508000 0.542322
289.515000 0.605092
290.516000 0.597786
291.517000 0.504056
292.525000 0.506778
293.526000 0.548587
294.577000 0.532141
295.578000 0.666118
296.586000 0.560270
297.595000 0.457467
298.596000 0.660651
299.598000 0.607313
300.624000 0.633107
301.625000 0.657918
302.626000 0.606553
303.627000 0.640152
304.634000 0.566260
305.636000 0.687297
306.637000 0.462490
307.639000 0.544512
308.655000 0.706102
309.656000 0.637986
310.665000 0.639707
311.666000 0.719417
312.675000 0.605812
313.676000 0.682517
314.677000 0.571021
315.745000 0.618457
316.746000 0.694814
317.755000 0.611238
318.756000 0.663385
319.765000 0.593610
320.774000 0.685240
321.775000 0.643453
322.776000 0.643453
323.785000 0.677106
324.795000 0.583541
325.796000 0.656551
326.804000 0.429421
327.805000 0.479457
328.814000 0.545594
329.815000 0.495289
330.816000 0.514422
331.824000 0.486984
332.825000 0.519888
333.826000 0.522621
334.844000 0.434609
335.855000 0.512040
336.856000 0.530022
337.857000 0.514422
338.885000 0.534179
339.905000 0.595255
340.906000 0.651085
341.908000 0.567721
342.910000 0.659992
343.935000 0.537631
344.936000 0.644252
345.937000 0.588787
346.938000 0.603253
347.965000 0.492627
348.985000 0.637616
350.005000 0.567090
351.006000 0.679784
352.007000 0.560088
353.149000 0.529952
354.150000 0.346345
355.165000 0.632670
356.166000 0.449391
357.168000 0.657261
358.254000 0.516250
359.255000 0.641518
360.256000 0.596987
361.264000 0.665563
362.276000 0.540482
363.278000 0.640878
364.326000 0.561076
365.345000 0.670461
366.346000 0.549156
367.348000 0.640878
368.354000 0.580421
369.355000 0.657918
370.383000 0.552031
371.384000 0.626486
372.423000 0.579103
373.425000 0.661357
374.437000 0.595905
375.444000 0.679809
376.445000 0.587421
377.447000 0.573980
378.454000 0.568977
379.455000 0.655185
380.463000 0.568413
381.464000 0.597786
382.504000 0.607485
383.505000 0.644252
384.506000 0.613387
385.514000 0.657421
386.516000 0.638715
387.517000 0.637419
388.518000 0.534122
389.523000 0.594046
390.643000 0.520121
391.645000 0.660651
392.646000 0.517155
393.647000 0.598354
394.648000 0.619651
395.673000 0.457553
396.684000 0.556692
397.685000 0.552687
398.687000 0.627792
399.691000 0.605538
400.693000 0.580008
401.694000 0.615552
402.773000 0.505653
403.774000 0.625119
404.784000 0.511192
405.804000 0.486620
406.805000 0.687984
407.806000 0.592887
408.814000 0.645206
409.823000 0.520397
410.824000 0.677051
411.825000 0.632519
412.826000 0.601886
413.827000 0.632519
414.833000 0.543141
415.914000 0.550276
416.915000 0.597786
417.923000 0.516278
418.924000 0.571021
419.925000 0.634685
420.926000 0.640719
421.927000 0.674318
422.933000 0.443873
424.113000 0.352237
425.184000 0.382446
426.185000 0.681151
427.193000 0.542627
428.194000 0.577287
429.224000 0.543767
430.234000 0.482749
431.235000 0.564188
432.236000 0.656551
433.243000 0.574411
434.244000 0.580020
435.245000 0.510889
436.246000 0.562254
437.333000 0.601354
438.334000 0.601886
439.342000 0.566492
440.353000 0.390258
441.443000 0.440308
442.444000 0.485722
443.453000 0.511699
444.454000 0.484356
445.455000 0.495289
446.457000 0.605948
447.459000 0.669549
448.464000 0.593250
449.465000 0.554054
450.474000 0.471025
451.475000 0.469890
452.477000 0.498887
453.515000 0.393290
454.516000 0.592320
455.522000 0.420755
456.523000 0.443357
457.542000 0.452978
458.543000 0.431624
459.544000 0.578653
460.553000 0.595758
461.554000 0.483556
462.555000 0.495289
463.563000 0.414492
464.564000 0.502122
465.565000 0.522621
466.573000 0.470698
467.574000 0.679784
468.575000 0.622953
469.576000 0.674318
470.635000 0.458364
471.636000 0.659285
472.637000 0.575121
473.640000 0.645695
474.642000 0.577277
475.643000 0.668851
476.644000 0.588787
477.646000 0.665453
478.652000 0.517869
479.653000 0.656551
480.654000 0.637986
481.655000 0.716683
482.672000 0.625259
483.742000 0.586617
484.743000 0.590953
485.832000 0.579629
486.842000 0.475184
487.843000 0.581387
488.889000 0.556918
489.890000 0.678418
490.892000 0.601849
491.907000 0.594935
492.910000 0.610800
493.923000 0.662278
494.926000 0.587612
495.932000 0.688644
496.933000 0.614753
497.944000 0.643273
498.945000 0.314912
499.946000 0.568288
500.966000 0.620180
502.052000 0.511212
503.053000 0.554054
504.062000 0.652702
505.063000 0.493123
506.072000 0.674394
507.073000 0.508156
508.074000 0.563620
509.076000 0.502986
510.078000 0.580009
511.082000 0.620526
512.092000 0.555097
513.094000 0.638785
514.096000 0.612771
515.098000 0.695492
516.100000 0.605948
517.113000 0.609611
518.115000 0.605187
519.116000 0.603253
520.142000 0.515774
521.144000 0.616919
522.146000 0.426531
523.147000 0.632519
524.148000 0.581387
525.163000 0.599534
526.164000 0.564987
527.172000 0.639778
528.181000 0.582763
529.191000 0.649347
530.193000 0.588200
531.194000 0.623752
532.195000 0.551888
533.196000 0.649718
534.198000 0.581373
535.272000 0.641750
536.273000 0.672951
537.274000 0.596987
538.275000 0.705750
539.276000 0.592887
540.278000 0.662723
541.279000 0.632519
542.292000 0.630428
543.293000 0.667485
544.312000 0.552879
545.322000 0.675081
546.323000 0.610653
547.324000 0.692084
548.332000 0.615913
549.393000 0.628984
550.394000 0.649718
551.402000 0.619984
552.403000 0.705751
553.404000 0.636619
554.442000 0.633696
555.443000 0.682517
556.445000 0.599122
557.446000 0.668851
558.452000 0.613058
559.454000 0.636782
560.462000 0.572484
561.463000 0.592320
562.464000 0.580587
563.465000 0.666118
564.481000 0.508732
565.483000 0.643609
566.491000 0.555616
567.493000 0.343268
568.495000 0.638715
569.497000 0.670914
570.502000 0.621835
571.512000 0.605212
572.513000 0.703017
573.514000 0.624320
574.515000 0.697550
575.516000 0.572388
576.517000 0.670218
577.521000 0.636080
578.522000 0.644819
579.523000 0.681151
580.524000 0.612019
581.525000 0.678418
582.531000 0.621217
583.551000 0.615373
584.552000 0.660651
585.562000 0.645846
586.563000 0.685251
587.565000 0.605948
588.568000 0.637511
589.570000 0.588200
590.620000 0.638179
591.621000 0.621019
592.622000 0.603253
593.623000 0.483556
594.624000 0.580020
595.672000 0.551939
596.674000 0.584902
597.681000 0.273621
598.682000 0.615552
599.711000 0.554154
600.713000 0.635417
601.791000 0.549269
602.792000 0.660651
603.793000 0.569654
604.801000 0.665563
605.802000 0.565554
606.811000 0.631009
607.830000 0.568989
608.832000 0.601285
609.891000 0.592710
610.892000 0.662018
611.930000 0.544077
612.931000 0.646985
613.933000 0.546675
614.934000 0.576488
615.941000 0.587432
616.942000 0.554621
617.943000 0.659285
618.951000 0.539913
619.952000 0.675684
620.991000 0.505371
621.992000 0.656551
622.993000 0.575122
623.995000 0.653166
625.000000 0.572832
626.011000 0.605405
627.012000 0.584120
628.014000 0.555433
629.015000 0.549954
630.070000 0.540497
631.071000 0.581387
632.072000 0.552687
633.074000 0.548607
634.075000 0.631952
635.080000 0.546950
636.120000 0.385972
637.121000 0.476156
638.131000 0.646638
639.141000 0.564578
640.142000 0.630585
641.143000 0.602454
642.144000 0.631952
643.146000 0.593661
644.150000 0.683203
645.151000 0.603820
646.161000 0.501711
647.240000 0.548760
648.241000 0.601886
649.271000 0.608070
650.272000 0.604619
651.274000 0.539848
652.420000 0.451023
653.421000 0.573187
654.422000 0.640719
655.431000 0.618807
656.479000 0.564992
657.480000 0.622386
658.510000 0.588148
659.511000 0.582753
660.580000 0.603802
661.581000 0.653818
662.631000 0.548282
663.633000 0.504855
664.634000 0.649718
665.640000 0.576342
666.641000 0.581387
667.642000 0.668051
668.644000 0.672279
669.651000 0.608373
670.699000 0.611985
671.700000 0.585487
672.701000 0.601886
673.731000 0.438066
674.732000 0.652443
675.790000 0.542852
676.832000 0.502058
677.870000 0.681141
678.871000 0.634685
679.929000 0.559652
680.931000 0.610842
681.940000 0.576777
682.941000 0.596987
683.942000 0.644252
684.950000 0.497841
685.951000 0.655185
686.971000 0.518808
688.000000 0.600132
689.009000 0.578696
690.010000 0.640152
691.011000 0.533554
692.012000 0.622953
693.013000 0.630585
694.016000 0.580794
695.017000 0.652452
696.019000 0.556798
697.020000 0.623752
698.030000 0.595731
699.051000 0.610194
700.059000 0.575199
701.060000 0.597786
702.099000 0.552770
703.110000 0.640586
704.210000 0.491025
705.211000 0.694814
706.319000 0.481310
707.360000 0.392154
708.361000 0.663385
709.363000 0.622331
710.379000 0.591654
711.381000 0.614140
712.382000 0.682517
713.383000 0.609287
714.384000 0.634685
715.385000 0.575121
716.387000 0.501621
717.388000 0.596420
718.390000 0.518571
719.391000 0.638785
720.400000 0.577340
721.401000 0.659285
722.410000 0.551580
723.411000 0.629219
724.413000 0.486603
725.414000 0.607920
726.416000 0.617669
727.649000 0.377687
728.650000 0.497223
729.651000 0.590953
730.652000 0.565554
731.660000 0.618063
732.661000 0.614753
733.662000 0.627852
734.709000 0.549853
735.720000 0.525571
736.778000 0.659214
737.779000 0.619652
738.820000 0.585875
739.830000 0.593814
740.899000 0.588444
741.900000 0.633319
742.901000 0.571820
743.903000 0.581373
744.904000 0.657918
745.905000 0.599720
746.939000 0.616302
747.940000 0.677051
748.942000 0.649637
749.943000 0.646985
750.949000 0.532827
751.950000 0.590953
753.001000 0.554268
754.004000 0.574772
755.099000 0.596961
756.100000 0.578653
757.101000 0.629219
758.102000 0.562821
759.109000 0.560262
760.149000 0.510146
761.150000 0.528088
762.151000 0.610086
763.152000 0.502689
764.153000 0.638785
765.159000 0.602179
766.189000 0.519860
767.228000 0.646252
768.229000 0.668851
769.279000 0.533950
770.289000 0.661538
771.290000 0.601087
772.291000 0.630585
773.292000 0.612020
774.319000 0.635934
775.320000 0.637986
776.321000 0.645599
777.322000 0.344978
778.323000 0.568288
779.326000 0.677065
780.332000 0.618497
781.339000 0.645847
782.340000 0.564188
783.341000 0.646985
784.342000 0.539587
785.482000 0.570498
786.485000 0.646261
787.489000 0.630064
788.492000 0.604583
789.498000 0.649209
790.499000 0.523189
791.502000 0.642967
792.504000 0.571816
793.506000 0.475681
794.509000 0.612961
795.518000 0.565138
796.528000 0.536927
797.538000 0.534218
798.549000 0.546429
799.550000 0.590954
800.552000 0.548607
801.553000 0.577287
802.568000 0.624583
803.569000 0.521822
804.570000 0.597786
805.578000 0.556198
806.579000 0.580020
807.580000 0.537654
808.582000 0.426531
809.589000 0.547241
810.590000 0.625119
811.597000 0.515996
812.598000 0.605986
813.678000 0.576119
814.679000 0.496655
815.680000 0.495289
816.682000 0.588998
817.688000 0.501551
818.698000 0.587042
819.699000 0.429690
820.700000 0.517155
821.728000 0.456218
822.730000 0.491189
823.738000 0.485063
824.739000 0.536288
825.748000 0.510343
826.768000 0.415537
827.769000 0.506222
828.770000 0.552687
829.772000 0.500255
830.778000 0.551865
831.780000 0.486602
832.781000 0.506222
833.788000 0.432564
834.789000 0.421491
835.790000 0.488456
836.791000 0.479457
837.798000 0.447507
838.799000 0.599153
839.800000 0.466589
840.807000 0.435281
841.817000 0.348657
842.827000 0.347303
843.828000 0.340859
844.837000 0.328666
845.847000 0.331050
846.848000 0.330725
847.849000 0.280727
848.857000 0.281489
849.858000 0.319792
850.867000 0.269014
851.868000 0.257495
852.877000 0.335445
853.887000 0.311525
854.897000 0.328341
855.898000 0.343589
856.899000 0.317629
857.987000 0.270853
858.999000 0.339296
860.007000 0.274706
861.067000 0.186359
862.087000 0.206541
863.336000 0.159285
864.337000 0.222761
865.347000 0.194250
866.348000 0.348492
867.357000 0.290704
868.358000 0.221962
869.366000 0.164214
870.436000 0.176964
871.437000 0.191329
872.446000 0.181677
873.447000 0.235628
874.457000 0.438051
875.468000 0.375375
876.477000 0.388321
877.478000 0.396891
878.479000 0.474789
879.487000 0.369706
880.488000 0.221962
881.506000 0.182758
882.517000 0.237357
883.518000 0.349858
884.526000 0.231278
885.537000 0.321250
886.546000 0.286636
887.547000 0.386757
888.548000 0.354525
889.556000 0.285563
890.566000 0.249782
891.567000 0.341658
892.586000 0.275768
893.597000 0.236004
894.598000 0.299293
895.616000 0.186004
896.617000 0.282094
897.626000 0.294208
898.628000 0.246315
899.636000 0.292349
900.637000 0.296559
901.646000 0.309685
902.647000 0.334026
903.649000 0.295465
904.657000 0.327071
905.667000 0.278226
906.676000 0.292059
907.677000 0.291660
908.696000 0.311458
909.697000 0.317626
910.698000 0.291660
911.706000 0.301849
912.716000 0.322360
913.726000 0.259263
914.728000 0.269526
915.736000 0.318471
916.737000 0.339953
917.746000 0.344936
918.756000 0.320214
919.766000 0.318859
920.767000 0.373658
921.768000 0.421491
922.776000 0.362921
923.836000 0.351570
924.837000 0.378557
925.846000 0.327310
926.847000 0.332659
927.856000 0.301550
928.857000 0.306693
929.858000 0.265127
930.866000 0.286921
931.876000 0.266036
932.886000 0.342677
933.896000 0.248428
934.897000 0.261594
935.906000 0.290141
936.907000 0.246561
937.908000 0.303960
938.909000 0.334026
939.916000 0.349132
940.917000 0.324460
942.026000 0.490740
943.027000 0.640152
944.028000 0.585487
945.029000 0.458957
946.030000 0.485722
947.035000 0.404840
948.036000 0.313526
949.047000 0.322042
950.055000 0.228563
951.066000 0.401084
952.067000 0.298494
953.085000 0.271450
954.086000 0.212396
955.176000 0.250275
956.178000 0.271689
957.195000 0.261514
958.206000 0.298247
959.216000 0.297980
960.217000 0.275261
961.226000 0.361205
962.235000 0.362561
963.305000 0.290751
964.306000 0.341658
965.307000 0.247928
966.316000 0.237829
967.326000 0.246511
968.345000 0.223411
969.346000 0.269227
970.347000 0.221962
971.385000 0.240408
972.386000 0.213195
973.436000 0.189455
974.437000 0.195429
975.445000 0.204929
976.446000 0.168663
977.465000 0.155729
978.475000 0.096729
979.495000 0.152894
980.515000 0.174353
981.525000 0.085893
982.545000 0.083153
983.565000 0.080471
984.575000 0.070432
985.605000 0.062423
986.635000 0.078361
987.645000 0.038487
988.646000 0.040999
989.655000 0.031183
990.675000 0.032188
991.715000 0.030254
993.345000 0.009232
1027.293000 0.000564
1028.294000 0.172196
1029.295000 0.141331
1030.303000 0.295857
1031.304000 0.262961
1032.305000 0.223329
1033.313000 0.327071
1034.314000 0.290294
1035.315000 0.299860
1036.316000 0.290294
1037.324000 0.332500
1038.325000 0.301227
1039.334000 0.300194
1040.345000 0.298247
1041.423000 0.316512
1042.434000 0.322360
1043.443000 0.304262
1044.444000 0.269794
1045.544000 0.296502
1046.545000 0.327992
1047.546000 0.303960
1048.553000 0.291281
1049.643000 0.276631
1051.812000 0.079469
1052.893000 0.281465
1053.903000 0.208586
1054.913000 0.336467
1055.923000 0.447533
1056.933000 0.450242
1057.942000 0.290704
1059.083000 0.203120
1060.084000 0.291093
1061.093000 0.275790
1062.094000 0.272527
1063.102000 0.214429
1064.103000 0.195996
1065.112000 0.191167
1066.123000 0.188645
1067.133000 0.232966
1068.135000 0.208088
1069.142000 0.214642
1070.152000 0.205085
1071.154000 0.281246
1072.162000 0.303206
1073.163000 0.323093
1074.183000 0.263427
1075.192000 0.273871
1076.193000 0.268428
1077.194000 0.320360
1078.203000 0.284718
1079.212000 0.251385
1080.222000 0.232174
1081.232000 0.287145
1082.233000 0.219229
1083.243000 0.289853
1084.252000 0.231049
1085.262000 0.248428
1086.272000 0.228903
1087.282000 0.202376
1088.283000 0.277427
1089.284000 0.236995
1090.292000 0.285563
1091.293000 0.276060
1092.302000 0.270367
1093.303000 0.235628
1094.304000 0.344392
1095.312000 0.331706
1096.313000 0.317626
1097.323000 0.347303
1098.332000 0.315108
1099.342000 0.295271
1100.362000 0.275498
1101.363000 0.277994
1102.372000 0.330022
1103.452000 0.356459
1104.572000 0.365714
1105.582000 0.327778
1106.592000 0.221339
1107.594000 0.335058
1108.602000 0.316214
1109.603000 0.250662
1110.612000 0.264944
1111.614000 0.367824
1112.662000 0.345153
1113.664000 0.326299
1114.682000 0.294853
1115.683000 0.301227
1116.782000 0.274366
1117.783000 0.393590
1118.784000 0.305327
1119.793000 0.331375
1120.794000 0.338129
1121.802000 0.285563
1122.812000 0.404190
1123.813000 0.318426
1124.814000 0.338126
1125.816000 0.339154
1126.821000 0.309556
1127.822000 0.276060
1128.832000 0.248428
1129.842000 0.244364
1130.861000 0.221511
1131.872000 0.162936
1132.891000 0.202716
1133.901000 0.161180
1134.911000 0.088602
1135.921000 0.218067
1136.929000 0.115921
1137.932000 0.265962
1138.942000 0.230820
1140.031000 0.280653
1141.032000 0.334825
1142.041000 0.221558
1143.053000 0.243320
1144.061000 0.122706
1145.071000 0.130028
1146.072000 0.200096
1147.082000 0.322360
1148.084000 0.253142
1149.091000 0.258677
1150.092000 0.329359
1151.093000 0.293027
1152.101000 0.342563
1153.102000 0.265694
1154.111000 0.302343
1155.113000 0.306387
1156.121000 0.319492
1157.123000 0.250411
1158.124000 0.343025
1159.131000 0.322526
1160.141000 0.314796
1161.142000 0.279361
1162.151000 0.184389
1163.161000 0.167952
1164.162000 0.137231
1165.171000 0.192523
1166.178000 0.185319
1167.181000 0.130935
1168.211000 0.034532
1169.241000 0.027891
1170.292000 0.054668
1171.300000 0.035286
1172.311000 0.018152
1173.341000 0.034532
1174.370000 0.025259
1175.381000 0.062243
1176.401000 0.087176
1177.411000 0.151699
1178.431000 0.063592
1179.471000 0.065769
1180.501000 0.083674
1181.511000 0.096166
1182.533000 0.147796
1183.541000 0.268714
1184.543000 0.266794
1185.572000 0.255807
1186.612000 0.209146
1187.613000 0.299860
1188.621000 0.213071
1189.622000 0.138597
1193.021000 0.014086
1194.191000 0.268239
1195.200000 0.042030
1196.460000 0.001086
1197.461000 0.157163
1198.470000 0.239183
1199.471000 0.278793
1200.502000 0.316345
1201.511000 0.317820
1202.513000 0.300926
1203.581000 0.307416
1204.601000 0.292933
1205.602000 0.236995
1206.610000 0.222571
1207.611000 0.232895
1208.690000 0.260434
1209.700000 0.283081
1210.710000 0.215921
1211.721000 0.254386
1212.722000 0.308060
1213.724000 0.330962
1214.731000 0.353772
1215.732000 0.463856
1216.733000 0.391425
1217.734000 0.421491
1218.741000 0.385017
1219.742000 0.411924
1220.751000 0.330022
1221.770000 0.241649
1222.772000 0.239489
1223.780000 0.309992
1224.781000 0.384591
1225.783000 0.393764
1226.800000 0.347044
1227.801000 0.379125
1228.802000 0.421491
1229.820000 0.406389
1230.821000 0.407824
1231.830000 0.415437
1232.833000 0.303354
1233.840000 0.325243
1234.841000 0.328559
1235.870000 0.310313
1236.950000 0.377993
1237.951000 0.559520
1238.952000 0.608719
1239.953000 0.546422
1240.960000 0.595583
1241.961000 0.470689
1242.962000 0.396890
1243.971000 0.342224
1244.980000 0.287992
1246.020000 0.266254
1247.021000 0.371724
1248.030000 0.239183
1249.031000 0.335393
1250.033000 0.333693
1251.035000 0.333126
1252.040000 0.355837
1253.041000 0.327193
1254.042000 0.298494
1255.050000 0.353421
1256.052000 0.391034
1257.053000 0.376392
1258.139000 0.339374
1259.150000 0.387374
1260.151000 0.334026
1261.152000 0.280727
1262.160000 0.375135
1263.210000 0.241570
1264.219000 0.301286
1265.220000 0.217862
1266.230000 0.234321
1267.233000 0.229703
1268.240000 0.306224
1269.280000 0.328078
1270.281000 0.318426
1271.282000 0.299860
1272.290000 0.240778
1273.291000 0.254194
1274.292000 0.180963
1275.309000 0.216566
1276.310000 0.217862
1277.429000 0.279242
1278.430000 0.399057
1279.449000 0.279796
1280.450000 0.361359
1281.451000 0.299860
1282.467000 0.376220
1283.470000 0.356546
1284.530000 0.350279
1285.540000 0.423152
1286.549000 0.287429
1287.550000 0.247928
1288.552000 0.318675
1289.570000 0.170664
1290.590000 0.148871
1291.600000 0.052032
1292.601000 0.363524
1293.602000 0.368192
1294.611000 0.320531
1295.612000 0.308060
1296.620000 0.271992
1297.621000 0.364891
1298.731000 0.386775
1299.811000 0.380526
1300.869000 0.385853
1301.879000 0.387374
1302.880000 0.372292
1303.950000 0.434475
1304.952000 0.474315
1305.954000 0.319473
1306.959000 0.327252
1307.960000 0.306693
1308.970000 0.293125
1309.971000 0.220028
1310.981000 0.191541
1311.989000 0.290429
1312.990000 0.320360
1313.999000 0.308310
1315.039000 0.204449
1316.049000 0.189521
1317.059000 0.130131
1318.079000 0.126627
1319.089000 0.228903
1320.099000 0.169869
1321.109000 0.205877
1322.119000 0.191541
1323.139000 0.210565
1324.159000 0.172227
1325.179000 0.138141
1326.188000 0.120666
1327.189000 0.124364
1328.197000 0.185135
1329.339000 0.207734
1330.340000 0.261027
1331.389000 0.117369
1332.390000 0.153630
1333.409000 0.126194
1334.430000 0.125947
1335.438000 0.067062
1336.459000 0.083071
1337.479000 0.077788
1338.489000 0.083976
1339.498000 0.065078
1340.509000 0.058746
1341.538000 0.050519
1342.578000 0.027623
1343.579000 0.113431
1344.588000 0.151849
1345.609000 0.103726
1346.628000 0.059070
1347.649000 0.099150
1350.420000 0.038014
1351.469000 0.136168
1352.479000 0.157117
1353.498000 0.122167
1354.519000 0.052255
1355.549000 0.037740
1356.559000 0.055533
1357.588000 0.101038
1360.189000 0.003682
1361.199000 0.237592
1364.908000 0.025449
1365.909000 0.174929
1366.920000 0.051418
1368.029000 0.062189
1369.048000 0.081892
1370.058000 0.079913
1371.068000 0.177434
1372.069000 0.115365
1373.358000 0.123109
1374.368000 0.047406
1375.408000 0.036831
1376.409000 0.112064
1377.428000 0.051572
1378.429000 0.124364
1379.438000 0.226418
1380.450000 0.197921
1381.458000 0.209000
1382.468000 0.201022
1383.508000 0.204431
1384.511000 0.241412
1385.700000 0.178812
1386.718000 0.111536
1387.728000 0.037925
1388.738000 0.055533
1389.819000 0.146057
1390.820000 0.311592
1391.828000 0.324921
1392.830000 0.190339
1393.838000 0.358286
1394.839000 0.277994
1395.848000 0.183593
1396.858000 0.280372
1397.878000 0.235266
1398.888000 0.255992
1399.889000 0.276627
1400.898000 0.336801
1401.900000 0.255872
1402.908000 0.313500
1403.909000 0.273894
1404.918000 0.315108
1405.919000 0.350426
1406.928000 0.377475
1407.929000 0.437890
1408.930000 0.355892
1409.939000 0.401879
1411.028000 0.369844
1412.030000 0.353605
1413.031000 0.306693
1414.037000 0.253495
1415.047000 0.223485
1416.057000 0.157679
1417.058000 0.187229
1418.263000 0.013597
1419.277000 0.229941
1420.317000 0.015785
1421.318000 0.068332
1422.337000 0.123509
1423.578000 0.042991
1424.977000 0.032675
1425.987000 0.046051
1426.988000 0.036899
1427.997000 0.070501
1429.008000 0.090690
1430.017000 0.077249
1431.042000 0.066732
1432.047000 0.063180
1433.057000 0.085331
1434.058000 0.112064
1435.078000 0.158259
1436.088000 0.133299
1437.107000 0.045645
1438.123000 0.059244
1439.127000 0.102191
1440.137000 0.068285
1441.157000 0.079129
1442.178000 0.079052
1443.188000 0.082622
1444.197000 0.081348
1445.297000 0.044771
1446.308000 0.102045
1447.317000 0.176333
1448.448000 0.143158
1449.457000 0.155917
1450.468000 0.140724
1451.477000 0.074569
1452.727000 0.032192
