0.000000 0.171839
1.010000 0.142780
2.011000 0.192695
3.020000 0.188456
4.030000 0.141426
5.042000 0.178435
6.050000 0.138992
7.060000 0.117838
8.080000 0.116797
9.183000 0.014854
10.190000 0.227464
11.200000 0.144927
12.210000 0.131382
13.221000 0.127755
14.230000 0.164052
15.240000 0.148198
16.250000 0.097521
17.260000 0.128673
18.270000 0.144927
19.280000 0.100792
20.300000 0.100588
21.310000 0.083976
22.321000 0.129899
23.322000 0.089399
24.330000 0.118071
25.360000 0.123518
26.370000 0.117046
27.380000 0.176079
28.390000 0.182851
29.400000 0.150907
30.410000 0.176079
31.420000 0.169869
32.421000 0.159896
33.429000 0.147929
34.439000 0.127881
35.440000 0.102498
36.450000 0.146281
37.470000 0.153451
38.480000 0.230257
39.489000 0.160547
40.500000 0.169139
41.599000 0.134952
42.620000 0.104509
43.650000 0.100940
44.659000 0.136936
45.680000 0.145262
46.689000 0.185744
47.699000 0.136008
48.710000 0.159668
49.729000 0.170497
50.739000 0.133299
51.740000 0.187229
52.749000 0.168683
53.760000 0.194849
54.930000 0.173532
55.939000 0.203370
57.049000 0.182912
58.050000 0.200895
59.051000 0.187229
60.066000 0.150164
61.069000 0.214134
62.070000 0.182330
63.079000 0.195235
64.089000 0.179350
65.099000 0.247865
66.100000 0.191896
67.109000 0.244044
68.110000 0.198729
69.119000 0.242688
70.129000 0.156325
71.130000 0.218661
72.139000 0.172749
73.149000 0.189624
74.160000 0.158876
75.169000 0.124733
76.179000 0.130028
77.189000 0.091311
78.199000 0.105648
79.200000 0.153063
80.219000 0.154944
81.229000 0.163889
82.230000 0.133930
83.239000 0.118517
84.259000 0.077788
87.140000 0.022306
88.159000 0.250292
89.189000 0.051798
91.186000 0.006165
92.199000 0.103984
93.229000 0.074377
94.239000 0.067723
95.259000 0.070298
96.269000 0.059596
97.279000 0.104293
98.299000 0.065718
99.319000 0.034933
100.329000 0.085267
101.339000 0.092665
102.359000 0.109976
103.389000 0.085002
104.409000 0.056329
105.449000 0.052615
106.619000 0.050762
107.639000 0.071082
108.640000 0.053299
109.708000 0.053798
112.939000 0.002540
113.948000 0.270635
115.249000 0.069399
116.259000 0.102939
117.949000 0.034807
118.958000 0.171563
119.961000 0.128207
120.968000 0.146717
121.978000 0.110273
122.988000 0.089394
123.989000 0.114797
125.018000 0.103697
126.042000 0.078038
127.068000 0.037333
128.099000 0.046440
129.829000 0.002372
130.839000 0.270891
131.849000 0.112982
132.860000 0.161021
133.868000 0.134357
134.887000 0.085134
135.888000 0.101131
136.898000 0.090749
138.578000 0.005700
139.608000 0.134695
140.939000 0.035973
141.949000 0.081267
142.958000 0.070501
143.978000 0.053647
144.988000 0.067723
145.990000 0.097501
146.998000 0.145214
148.008000 0.142218
149.018000 0.106210
150.019000 0.113431
151.028000 0.100329
152.042000 0.089041
153.058000 0.060591
154.078000 0.039451
155.339000 0.014103
156.378000 0.076366
157.408000 0.029219
158.808000 0.036154
161.570000 0.003146
162.579000 0.098973
163.608000 0.042542
164.648000 0.036831
170.889000 0.006009
171.904000 0.079519
172.918000 0.082296
173.925000 0.063849
174.938000 0.066172
175.948000 0.085331
176.958000 0.076412
177.978000 0.076447
178.988000 0.036570
180.118000 0.021791
193.082000 0.000106
194.092000 0.079913
195.122000 0.086330
196.342000 0.040833
197.372000 0.050470
198.383000 0.085246
199.392000 0.111175
200.403000 0.106928
201.442000 0.050549
202.492000 0.027360
203.502000 0.028444
204.512000 0.062305
205.522000 0.105648
206.542000 0.105953
207.552000 0.072349
208.652000 0.085811
209.662000 0.130028
210.672000 0.121901
211.682000 0.092665
212.692000 0.131382
213.702000 0.139509
214.722000 0.129310
215.742000 0.156918
216.743000 0.144863
217.752000 0.134787
218.762000 0.148990
219.772000 0.144927
220.792000 0.113216
221.793000 0.116164
222.802000 0.094906
223.822000 0.097906
224.832000 0.076412
225.842000 0.096166
226.852000 0.105648
227.862000 0.100230
228.863000 0.078466
229.871000 0.108571
230.892000 0.119248
231.893000 0.124364
232.902000 0.100892
233.923000 0.133986
234.932000 0.139647
235.942000 0.115691
236.951000 0.112531
237.971000 0.103271
238.981000 0.112420
240.001000 0.114557
241.011000 0.127319
242.012000 0.136663
243.032000 0.154793
244.042000 0.192333
245.043000 0.172763
246.045000 0.172024
247.051000 0.161821
248.061000 0.141426
249.071000 0.172016
250.072000 0.146797
251.082000 0.139509
252.091000 0.141003
253.092000 0.131764
254.101000 0.161340
255.112000 0.165080
256.122000 0.131945
257.131000 0.147782
258.251000 0.144636
259.252000 0.163996
260.261000 0.173542
261.271000 0.137362
262.272000 0.180396
263.281000 0.161903
264.291000 0.185560
265.301000 0.190978
266.302000 0.152264
267.311000 0.159984
268.331000 0.146745
269.332000 0.135297
270.341000 0.165407
271.351000 0.138717
272.361000 0.182851
273.371000 0.164451
274.381000 0.162535
275.391000 0.123255
276.401000 0.113774
277.411000 0.083184
278.421000 0.075850
279.431000 0.089394
280.441000 0.096166
281.451000 0.083184
282.461000 0.096166
283.462000 0.103864
284.471000 0.105752
285.481000 0.099438
286.491000 0.102939
287.511000 0.087176
288.521000 0.062305
289.551000 0.083674
290.561000 0.095374
291.581000 0.116682
292.591000 0.134091
293.601000 0.111628
294.602000 0.140763
295.611000 0.158628
296.621000 0.137362
297.631000 0.144927
298.641000 0.163889
299.651000 0.119754
300.661000 0.132737
301.671000 0.138154
302.701000 0.090866
303.702000 0.131197
304.711000 0.126089
305.712000 0.131197
306.721000 0.121228
307.741000 0.138141
308.751000 0.136800
309.761000 0.095374
310.781000 0.139482
311.791000 0.130028
312.801000 0.111628
313.821000 0.130094
314.830000 0.103041
315.840000 0.088040
316.851000 0.074983
317.860000 0.075925
318.870000 0.109711
319.871000 0.127097
320.872000 0.082565
321.881000 0.165407
322.891000 0.150345
323.900000 0.113094
324.921000 0.139346
325.940000 0.147674
326.941000 0.113998
327.960000 0.155729
328.971000 0.163727
329.981000 0.148198
330.990000 0.154561
332.000000 0.129236
333.002000 0.169293
334.021000 0.167812
335.022000 0.141331
336.042000 0.155729
337.050000 0.166929
338.060000 0.122463
339.070000 0.138154
340.080000 0.119192
341.090000 0.091311
342.091000 0.116164
343.100000 0.105752
344.110000 0.112420
345.120000 0.088602
346.140000 0.126071
347.150000 0.111065
348.160000 0.081267
349.170000 0.053386
350.180000 0.067723
351.190000 0.063659
352.200000 0.039279
353.230000 0.033204
354.240000 0.050115
355.250000 0.069077
356.300000 0.044838
357.310000 0.096166
358.320000 0.092103
359.330000 0.094812
360.340000 0.074495
361.480000 0.038896
363.630000 0.010817
364.640000 0.079913
365.650000 0.071786
366.670000 0.054988
367.710000 0.039462
368.740000 0.033204
369.749000 0.048809
370.929000 0.044538
371.940000 0.083976
372.960000 0.072424
373.990000 0.081017
375.000000 0.052824
376.042000 0.032914
377.050000 0.047516
378.069000 0.050120
379.079000 0.077204
380.080000 0.133930
381.082000 0.177026
382.090000 0.139448
383.100000 0.131382
384.101000 0.091564
385.129000 0.044467
386.140000 0.070432
387.150000 0.077204
388.159000 0.052876
394.473000 0.002595
395.489000 0.210638
396.519000 0.051798
397.529000 0.048760
398.559000 0.030548
399.579000 0.033529
400.609000 0.074377
401.619000 0.075850
402.649000 0.058439
403.669000 0.039452
404.679000 0.052824
405.689000 0.039279
406.709000 0.044259
407.729000 0.053647
408.759000 0.050470
409.769000 0.029798
410.789000 0.040235
411.879000 0.053233
412.888000 0.086771
413.889000 0.091676
414.899000 0.075739
415.909000 0.081267
416.979000 0.067013
418.009000 0.059767
419.019000 0.067723
420.020000 0.132563
421.029000 0.138291
422.030000 0.123564
423.042000 0.140585
424.049000 0.127698
425.059000 0.068285
426.069000 0.105648
427.079000 0.094812
428.080000 0.095664
429.099000 0.089162
430.119000 0.118024
431.129000 0.124610
432.149000 0.115341
433.160000 0.097986
434.169000 0.131512
435.179000 0.123255
436.186000 0.107885
437.189000 0.118660
438.199000 0.117838
439.229000 0.069064
440.239000 0.048760
441.259000 0.050180
442.269000 0.081267
443.288000 0.063097
444.289000 0.049199
445.319000 0.047814
446.339000 0.065718
447.349000 0.061513
448.359000 0.115129
449.379000 0.132776
450.529000 0.137294
451.539000 0.159826
452.540000 0.136663
453.588000 0.106275
454.589000 0.116164
455.599000 0.140863
456.608000 0.139647
457.609000 0.111265
458.619000 0.113774
459.628000 0.104396
460.649000 0.099706
461.679000 0.073049
462.689000 0.071786
463.708000 0.065782
464.748000 0.063138
468.224000 0.007084
469.284000 0.011615
470.304000 0.012071
471.364000 0.011615
472.474000 0.012324
473.543000 0.012797
474.574000 0.011942
475.604000 0.011953
476.614000 0.053386
477.624000 0.135446
478.644000 0.139482
479.645000 0.112631
480.654000 0.103041
481.674000 0.114000
482.704000 0.098283
483.714000 0.076412
484.734000 0.093882
485.744000 0.105648
499.848000 0.006014
500.849000 0.094298
501.850000 0.235628
502.858000 0.316778
503.859000 0.251461
504.869000 0.301251
505.878000 0.184951
506.888000 0.226194
507.889000 0.331292
508.893000 0.339841
509.898000 0.320446
510.938000 0.338600
511.939000 0.381291
512.940000 0.364092
513.948000 0.342563
514.949000 0.336759
515.958000 0.248674
517.018000 0.346408
518.019000 0.373091
519.029000 0.343240
520.030000 0.357259
521.042000 0.320933
522.048000 0.314688
523.058000 0.287145
524.068000 0.179350
525.078000 0.173370
526.079000 0.206929
527.089000 0.280372
528.098000 0.275790
529.099000 0.305327
530.108000 0.267655
531.118000 0.291208
532.119000 0.276627
533.127000 0.270635
534.128000 0.314326
535.129000 0.236995
536.148000 0.234152
537.158000 0.329133
538.168000 0.294479
539.169000 0.302593
540.178000 0.286636
541.197000 0.213456
542.198000 0.211029
543.207000 0.306410
544.217000 0.199667
545.218000 0.204995
546.227000 0.152412
547.229000 0.212982
548.238000 0.190375
549.257000 0.256416
550.258000 0.193263
551.270000 0.208174
552.277000 0.193470
553.287000 0.224840
554.297000 0.172578
555.298000 0.192695
556.307000 0.151056
557.309000 0.172024
558.658000 0.004056
564.273000 0.002918
574.454000 0.009812
575.814000 0.050712
576.824000 0.085331
577.834000 0.060950
578.867000 0.050323
580.674000 0.003028
581.694000 0.067059
582.704000 0.133635
583.714000 0.116148
584.724000 0.123255
585.725000 0.165363
586.734000 0.140210
587.744000 0.124610
588.754000 0.113774
589.755000 0.112631
590.766000 0.142077
591.774000 0.080071
592.794000 0.089859
593.814000 0.072980
594.824000 0.098875
595.834000 0.092103
596.845000 0.105543
597.874000 0.059048
608.414000 0.002596
609.424000 0.166598
610.434000 0.170661
611.444000 0.087248
612.445000 0.240527
613.454000 0.203933
614.515000 0.128935
615.524000 0.202577
616.534000 0.228903
617.544000 0.205085
618.545000 0.229594
619.546000 0.206929
620.554000 0.248357
621.555000 0.230162
622.564000 0.242688
623.565000 0.224695
624.574000 0.205288
625.575000 0.206362
626.578000 0.016335
627.584000 0.363674
628.664000 0.200659
629.674000 0.214004
630.754000 0.179126
631.764000 0.193687
632.784000 0.199835
633.785000 0.185063
634.793000 0.192714
635.794000 0.175497
636.804000 0.189624
637.813000 0.161903
638.824000 0.188083
639.843000 0.185821
640.854000 0.181318
641.894000 0.170231
642.904000 0.169307
643.913000 0.169475
644.923000 0.144135
645.933000 0.123255
646.943000 0.101584
647.953000 0.074495
648.963000 0.031715
649.973000 0.036570
650.974000 0.064232
651.983000 0.117954
652.985000 0.121509
654.004000 0.082449
655.013000 0.134224
656.024000 0.152902
657.044000 0.162839
658.053000 0.180321
659.083000 0.155946
660.084000 0.200895
661.103000 0.190634
662.113000 0.177996
663.124000 0.146136
664.133000 0.098180
665.143000 0.113774
666.144000 0.173562
667.163000 0.169711
668.173000 0.162535
669.174000 0.148963
670.183000 0.119873
671.203000 0.135459
672.213000 0.138154
673.233000 0.118580
674.253000 0.155576
675.263000 0.159826
676.273000 0.112982
677.283000 0.151699
678.293000 0.146281
679.303000 0.112982
680.323000 0.103271
681.333000 0.094812
682.433000 0.100007
683.443000 0.105648
684.453000 0.138154
685.463000 0.109711
686.483000 0.074322
687.513000 0.074377
688.523000 0.058242
691.414000 0.017035
692.534000 0.012214
693.654000 0.012214
694.664000 0.013545
695.734000 0.012785
702.487000 0.001215
703.925000 0.097430
704.926000 0.229594
706.275000 0.131489
707.295000 0.157926
708.296000 0.181762
709.305000 0.121229
710.315000 0.173370
711.318000 0.016335
712.344000 0.264585
713.354000 0.071786
714.374000 0.065718
715.375000 0.061499
716.464000 0.092224
717.574000 0.088735
718.584000 0.085331
719.605000 0.042876
720.606000 0.121630
721.614000 0.094206
722.615000 0.065598
723.624000 0.120666
724.635000 0.105543
725.644000 0.111738
726.654000 0.107002
727.664000 0.148990
728.674000 0.129236
729.691000 0.080708
730.694000 0.051829
731.704000 0.069077
732.714000 0.140863
733.724000 0.100792
734.734000 0.097521
735.755000 0.061634
736.775000 0.038894
737.784000 0.055588
738.795000 0.096071
739.804000 0.050727
740.914000 0.041903
741.924000 0.033861
742.944000 0.061694
747.151000 0.000650
748.161000 0.101584
749.201000 0.113669
750.211000 0.162535
751.221000 0.207232
752.241000 0.168204
753.242000 0.140763
754.251000 0.133431
755.252000 0.188595
756.261000 0.180321
757.270000 0.107671
758.281000 0.113662
759.301000 0.123388
760.311000 0.160388
761.321000 0.159826
762.441000 0.160513
763.451000 0.199105
764.452000 0.188595
765.453000 0.153630
766.461000 0.184571
767.470000 0.153768
768.471000 0.195429
769.480000 0.171393
770.490000 0.180143
771.501000 0.169139
772.510000 0.133431
773.521000 0.169139
774.530000 0.142922
775.554000 0.177680
776.561000 0.203774
777.582000 0.158660
778.590000 0.209000
779.591000 0.165930
780.611000 0.190447
781.612000 0.165930
782.630000 0.180071
783.710000 0.148726
784.711000 0.176296
785.720000 0.180321
786.730000 0.121109
787.731000 0.153063
788.740000 0.176254
789.750000 0.142780
790.752000 0.174754
791.760000 0.156635
792.761000 0.200895
793.770000 0.164614
794.781000 0.184024
795.790000 0.200658
796.801000 0.173761
797.810000 0.169475
798.820000 0.130590
799.830000 0.147636
800.840000 0.140863
801.860000 0.118580
802.870000 0.147636
803.880000 0.147636
804.888000 0.121349
805.890000 0.139257
806.900000 0.147636
807.910000 0.125172
808.920000 0.138154
809.922000 0.144719
810.930000 0.134921
811.940000 0.153053
813.000000 0.150242
814.002000 0.196795
815.010000 0.199500
816.012000 0.161669
817.042000 0.188598
818.045000 0.078309
819.050000 0.166066
820.051000 0.162629
821.060000 0.133431
822.080000 0.139482
823.082000 0.174754
824.090000 0.162063
825.100000 0.153053
826.110000 0.119754
827.120000 0.154408
828.121000 0.147596
829.140000 0.122724
830.149000 0.147782
831.150000 0.172196
832.151000 0.142697
833.160000 0.165407
834.170000 0.127319
835.179000 0.092757
836.180000 0.118897
837.189000 0.111175
838.199000 0.101584
839.209000 0.083184
840.222000 0.074274
841.249000 0.082586
842.259000 0.105648
843.270000 0.103399
844.289000 0.111427
845.290000 0.095664
846.309000 0.079207
847.339000 0.074377
848.349000 0.056095
849.359000 0.108356
850.369000 0.098875
851.389000 0.097906
852.409000 0.101145
853.410000 0.138030
854.419000 0.119310
855.499000 0.098059
856.500000 0.128464
857.510000 0.097521
858.539000 0.066472
859.549000 0.052824
860.599000 0.052114
878.281000 0.000496
880.031000 0.002345
881.121000 0.016316
882.141000 0.016094
883.161000 0.050965
884.171000 0.090749
885.181000 0.078558
886.182000 0.092931
887.191000 0.087334
888.192000 0.214561
889.201000 0.184951
890.211000 0.186915
891.212000 0.094298
892.221000 0.155124
893.222000 0.129830
894.231000 0.154561
895.241000 0.102147
896.251000 0.078558
897.261000 0.077204
898.271000 0.144927
899.291000 0.150769
900.301000 0.104293
901.311000 0.086685
902.331000 0.080471
903.342000 0.106105
904.351000 0.178965
905.361000 0.154408
906.390000 0.060377
907.530000 0.030000
908.541000 0.112309
909.581000 0.207063
910.591000 0.251929
911.602000 0.218413
912.611000 0.210149
913.612000 0.232895
914.631000 0.191976
915.670000 0.057933
916.671000 0.082562
917.681000 0.104293
918.711000 0.043829
920.601000 0.016648
929.021000 0.001946
930.030000 0.184986
931.810000 0.017658
932.821000 0.082572
933.840000 0.052357
934.860000 0.064376
935.880000 0.071082
937.271000 0.024587
938.290000 0.110642
939.310000 0.089859
940.311000 0.101131
941.320000 0.111175
942.330000 0.054741
943.340000 0.065014
944.370000 0.049142
945.380000 0.051469
946.711000 0.013361
947.732000 0.065653
948.740000 0.062429
949.750000 0.051469
950.760000 0.021671
951.770000 0.029006
952.780000 0.065014
953.800000 0.081812
954.810000 0.121901
955.811000 0.152264
956.830000 0.128879
957.850000 0.116682
958.860000 0.093457
959.870000 0.050677
960.891000 0.140686
962.111000 0.143528
963.130000 0.140177
964.140000 0.078558
965.150000 0.073141
966.160000 0.071786
967.191000 0.055728
968.250000 0.023252
969.270000 0.038110
970.280000 0.143572
971.290000 0.139509
972.310000 0.042918
975.180000 0.006118
976.190000 0.102368
977.210000 0.056329
978.240000 0.046485
979.370000 0.033897
980.380000 0.063659
981.390000 0.067723
982.410000 0.090416
983.420000 0.116483
984.429000 0.132868
985.440000 0.087953
986.461000 0.058954
988.200000 0.021565
989.210000 0.132737
990.211000 0.191329
991.229000 0.231696
992.230000 0.222761
993.240000 0.210503
994.260000 0.231239
995.270000 0.204523
996.461000 0.144054
997.480000 0.247019
998.482000 0.194432
999.490000 0.267357
1000.500000 0.146847
1001.509000 0.088127
1002.510000 0.083365
1003.519000 0.094906
1004.540000 0.075032
1005.560000 0.034054
1006.569000 0.162727
1007.580000 0.192142
1008.599000 0.142862
1009.609000 0.131382
1010.620000 0.164289
1011.629000 0.157273
1012.749000 0.224029
1013.750000 0.296559
1014.751000 0.186430
1015.979000 0.273394
1017.339000 0.301176
1018.469000 0.158591
1019.481000 0.227660
1020.490000 0.442553
1021.500000 0.333196
1022.510000 0.161743
1023.511000 0.342226
1024.519000 0.368349
1025.529000 0.223485
1026.530000 0.239728
1027.539000 0.328666
1028.540000 0.274693
1029.542000 0.265429
1030.549000 0.304866
1031.550000 0.425590
1032.560000 0.406899
1033.561000 0.503489
1034.569000 0.470135
1035.580000 0.311778
1036.640000 0.283170
1037.649000 0.284718
1038.650000 0.239728
1039.659000 0.288278
1040.660000 0.293826
1041.661000 0.369558
1042.670000 0.399167
1043.680000 0.280935
1044.681000 0.277427
1045.689000 0.251635
1046.690000 0.288927
1047.699000 0.290704
1048.729000 0.391029
1049.740000 0.422734
1050.741000 0.384024
1051.749000 0.296421
1052.759000 0.298543
1053.760000 0.279361
1054.761000 0.323892
1055.769000 0.243492
1056.770000 0.227429
1057.779000 0.363354
1058.780000 0.298494
1059.781000 0.305327
1060.782000 0.302593
1061.790000 0.331706
1062.799000 0.317257
1063.800000 0.357259
1064.809000 0.367985
1065.819000 0.312087
1066.820000 0.335393
1067.829000 0.357138
1068.839000 0.337259
1069.849000 0.225402
1070.859000 0.291770
1071.860000 0.274693
1072.868000 0.227206
1073.869000 0.361359
1074.889000 0.299639
1075.901000 0.431779
1076.902000 0.540388
1077.909000 0.412187
1078.910000 0.385958
1079.914000 0.402518
1080.915000 0.421491
1081.919000 0.485633
1082.920000 0.459756
1083.921000 0.358625
1084.939000 0.370106
1085.942000 0.325176
1086.949000 0.412178
1087.950000 0.507597
1088.951000 0.477522
1089.960000 0.405946
1090.969000 0.335445
1091.970000 0.493922
1092.971000 0.481622
1094.059000 0.414713
1095.060000 0.448823
1096.069000 0.441197
1097.071000 0.440184
1098.079000 0.433492
1099.080000 0.518521
1100.081000 0.566354
1101.098000 0.411382
1102.129000 0.397284
1103.139000 0.469204
1104.140000 0.537654
1105.141000 0.522621
1106.143000 0.340519
1107.148000 0.354475
1108.149000 0.416024
1109.150000 0.391425
1110.169000 0.428813
1111.170000 0.357259
1112.179000 0.274434
1113.180000 0.318426
1114.181000 0.213743
1115.229000 0.269461
1116.428000 0.331349
1117.429000 0.392224
1118.439000 0.423715
1119.441000 0.475681
1120.448000 0.461092
1121.459000 0.347303
1122.460000 0.311592
1123.468000 0.265206
1124.469000 0.252028
1125.488000 0.326783
1126.489000 0.343025
1127.498000 0.315108
1128.499000 0.279361
1129.500000 0.338126
1130.508000 0.301286
1131.518000 0.260618
1132.519000 0.339493
1133.529000 0.402836
1134.539000 0.366265
1135.540000 0.316260
1136.547000 0.309736
1137.548000 0.283461
1138.549000 0.324460
1139.558000 0.335445
1140.559000 0.259660
1141.568000 0.235116
1142.569000 0.343592
1143.638000 0.333254
1144.648000 0.287429
1145.658000 0.255200
1146.668000 0.333758
1147.678000 0.344594
1148.679000 0.390857
1149.680000 0.413291
1150.737000 0.395815
1151.739000 0.311592
1152.747000 0.284206
1153.758000 0.420028
1154.759000 0.530821
1155.760000 0.351792
1156.768000 0.460635
1157.798000 0.483224
1158.799000 0.489822
1159.808000 0.391033
1160.828000 0.337192
1161.837000 0.344714
1162.848000 0.221120
1163.868000 0.243310
1164.869000 0.410557
1165.908000 0.392909
1166.918000 0.345728
1167.938000 0.256722
1168.939000 0.238362
1170.007000 0.354060
1171.088000 0.380174
1172.090000 0.405485
1173.109000 0.293221
1174.110000 0.353159
1175.118000 0.399561
1176.128000 0.343243
1177.129000 0.370925
1178.139000 0.345949
1179.147000 0.369706
1180.157000 0.310170
1181.159000 0.288639
1182.161000 0.317308
1183.207000 0.260803
1184.208000 0.323892
1185.217000 0.244607
1186.227000 0.186915
1187.237000 0.187477
1188.239000 0.197964
1189.247000 0.270635
1190.249000 0.325501
1191.267000 0.348605
1192.277000 0.227549
1193.278000 0.141331
1194.279000 0.233694
1195.287000 0.232635
1196.299000 0.236561
1197.307000 0.257063
1198.387000 0.229793
1199.397000 0.218067
1200.457000 0.177343
1201.459000 0.305820
1202.460000 0.284827
