0.000000 0.113588
1.009000 0.212860
2.018000 0.260868
3.020000 0.113182
4.027000 0.120857
5.038000 0.130999
6.267000 0.112788
7.457000 0.133422
8.458000 0.127714
9.477000 0.161961
10.487000 0.136541
11.583000 0.131071
12.588000 0.181203
13.597000 0.179343
14.607000 0.147582
15.657000 0.145408
16.667000 0.134274
17.677000 0.114670
18.687000 0.107322
19.688000 0.143487
20.697000 0.166576
21.698000 0.153747
22.747000 0.129922
23.757000 0.040634
24.787000 0.056031
25.807000 0.056329
26.827000 0.026067
27.897000 0.029406
28.927000 0.027891
30.067000 0.031889
31.077000 0.071786
32.117000 0.052776
33.127000 0.077204
34.427000 0.028412
35.446000 0.029583
36.457000 0.075774
37.467000 0.078423
38.477000 0.074495
39.487000 0.077111
40.677000 0.091997
41.687000 0.094812
42.706000 0.054773
43.707000 0.092931
44.737000 0.070347
45.977000 0.073511
46.987000 0.119192
48.007000 0.088592
49.027000 0.102380
50.037000 0.100230
51.047000 0.077492
52.066000 0.075032
53.067000 0.080631
54.077000 0.078888
55.087000 0.135962
56.097000 0.129787
57.117000 0.155977
58.126000 0.091542
59.306000 0.077250
60.426000 0.091403
61.527000 0.135080
62.528000 0.145808
63.716000 0.139564
64.726000 0.156900
65.727000 0.101647
66.728000 0.097942
67.747000 0.093334
68.756000 0.100331
69.826000 0.099512
70.956000 0.108569
71.987000 0.122072
72.997000 0.072922
73.998000 0.115923
75.006000 0.103334
76.016000 0.122013
77.027000 0.084132
78.176000 0.097225
79.236000 0.098017
80.246000 0.162535
81.256000 0.089305
82.306000 0.088831
83.326000 0.103271
84.336000 0.091134
85.356000 0.092541
86.366000 0.082051
87.386000 0.079129
88.417000 0.049136
89.436000 0.065782
90.446000 0.062305
91.457000 0.046031
92.466000 0.065078
93.516000 0.046903
94.536000 0.035821
95.566000 0.071720
96.577000 0.056831
97.856000 0.009626
98.857000 0.023233
99.866000 0.094790
100.898000 0.071581
101.917000 0.045627
102.937000 0.034871
104.106000 0.014043
105.356000 0.012038
106.357000 0.129434
107.366000 0.126487
108.546000 0.115047
109.556000 0.112420
110.566000 0.085737
111.597000 0.083593
112.617000 0.045871
113.628000 0.027062
114.646000 0.025532
115.676000 0.069131
116.677000 0.091987
117.726000 0.094088
118.736000 0.116736
119.746000 0.096989
120.756000 0.125551
121.778000 0.075995
122.797000 0.082548
123.806000 0.086597
124.886000 0.097704
125.897000 0.136800
126.906000 0.114198
128.137000 0.127335
129.146000 0.132868
130.156000 0.109842
131.175000 0.102556
132.177000 0.109122
133.186000 0.200802
134.187000 0.142202
135.756000 0.096267
136.826000 0.056254
137.836000 0.060490
138.855000 0.084738
139.866000 0.100131
141.106000 0.034437
142.136000 0.063751
143.156000 0.080471
144.165000 0.076876
145.166000 0.094298
146.175000 0.110499
147.185000 0.148477
148.205000 0.143960
149.216000 0.154286
150.366000 0.119413
151.416000 0.147990
152.424000 0.153610
153.425000 0.163060
154.426000 0.182855
155.445000 0.202192
156.456000 0.168331
157.466000 0.141750
158.486000 0.198494
159.495000 0.096499
160.545000 0.109352
161.675000 0.134827
162.676000 0.162615
163.685000 0.135130
164.696000 0.149342
165.716000 0.158362
166.726000 0.145625
167.736000 0.153833
168.745000 0.135890
169.756000 0.113864
170.765000 0.134721
171.766000 0.167724
172.775000 0.148825
173.785000 0.132898
175.025000 0.111077
176.045000 0.112659
177.055000 0.095221
178.066000 0.147828
179.075000 0.122382
180.085000 0.132260
181.096000 0.149581
182.105000 0.154167
183.196000 0.148847
184.205000 0.150559
185.406000 0.164236
186.415000 0.157575
187.416000 0.177278
188.418000 0.197225
189.435000 0.145676
190.445000 0.130402
191.455000 0.137025
192.485000 0.131019
193.495000 0.185560
194.496000 0.137268
195.505000 0.117932
196.516000 0.111641
197.525000 0.135035
198.535000 0.085331
199.544000 0.071001
200.555000 0.104965
201.570000 0.068737
202.575000 0.068001
203.596000 0.097810
204.615000 0.066583
205.625000 0.054232
206.815000 0.039473
207.825000 0.059596
209.055000 0.052425
210.085000 0.071720
211.105000 0.055272
212.114000 0.044741
213.195000 0.061945
214.263000 0.122233
215.265000 0.099314
216.298000 0.102582
217.305000 0.129010
218.306000 0.162536
219.463000 0.150149
220.475000 0.199168
221.485000 0.183402
222.486000 0.221539
223.487000 0.165907
224.495000 0.160407
225.555000 0.159603
226.565000 0.234166
227.785000 0.169092
228.795000 0.225132
230.025000 0.160386
231.145000 0.169270
232.525000 0.147710
233.545000 0.199424
234.745000 0.138289
235.754000 0.169252
236.755000 0.143904
237.775000 0.124985
238.785000 0.171686
239.995000 0.120510
241.045000 0.140011
242.054000 0.138291
243.065000 0.016328
244.274000 0.115663
245.285000 0.177258
246.364000 0.099225
247.575000 0.159663
248.595000 0.191637
249.624000 0.107393
250.634000 0.076703
251.644000 0.119192
252.664000 0.096521
253.675000 0.124487
254.694000 0.087860
255.695000 0.095664
256.704000 0.063961
257.745000 0.086732
258.754000 0.189907
259.764000 0.174173
260.775000 0.161823
261.974000 0.122100
262.975000 0.155004
263.984000 0.163671
264.994000 0.117579
265.995000 0.159819
267.074000 0.110169
268.084000 0.133451
269.095000 0.158315
270.105000 0.149619
271.114000 0.139901
272.124000 0.067727
273.164000 0.043449
274.185000 0.092980
275.194000 0.126769
276.274000 0.101503
277.294000 0.104612
278.298000 0.088032
279.314000 0.109684
280.323000 0.082704
281.334000 0.045728
282.342000 0.038000
285.273000 0.005134
292.745000 0.015903
293.755000 0.037925
294.845000 0.057732
295.855000 0.050619
296.865000 0.032507
297.875000 0.035216
298.955000 0.002533
300.085000 0.060394
301.095000 0.051469
302.165000 0.017899
303.175000 0.074153
304.176000 0.102498
305.185000 0.134972
306.205000 0.124052
307.215000 0.172071
308.226000 0.084333
309.375000 0.080485
310.387000 0.109134
311.395000 0.168224
312.396000 0.161365
313.435000 0.115577
314.445000 0.149056
315.446000 0.107836
316.635000 0.107158
317.806000 0.120841
318.946000 0.117113
320.126000 0.142227
321.315000 0.106664
322.316000 0.121755
323.325000 0.124775
324.326000 0.117125
325.547000 0.126410
326.726000 0.139984
327.935000 0.154572
328.946000 0.180948
329.947000 0.185711
331.085000 0.124849
332.095000 0.173519
333.226000 0.134788
334.246000 0.187120
335.255000 0.182413
336.426000 0.138734
337.445000 0.076158
338.455000 0.121032
339.515000 0.126207
340.543000 0.193542
341.545000 0.157875
342.665000 0.209094
343.845000 0.176674
344.855000 0.244993
346.075000 0.196442
347.194000 0.205991
348.425000 0.188836
349.427000 0.226599
350.444000 0.154118
351.575000 0.163758
352.580000 0.168258
353.826000 0.136610
354.834000 0.161579
355.835000 0.171271
357.034000 0.126274
358.035000 0.177294
359.036000 0.158289
360.095000 0.156258
361.104000 0.198634
362.289000 0.148314
363.295000 0.213665
364.296000 0.224045
365.415000 0.144705
366.424000 0.203069
367.475000 0.134888
368.495000 0.115725
369.504000 0.119524
370.516000 0.142027
371.634000 0.086405
372.644000 0.096580
373.744000 0.097489
374.746000 0.117010
375.794000 0.077015
378.100000 0.007105
379.114000 0.118594
380.124000 0.104293
381.144000 0.032174
382.154000 0.065014
383.164000 0.077204
384.167000 0.136792
385.174000 0.114513
386.175000 0.171804
387.194000 0.146503
388.204000 0.183253
389.205000 0.165001
390.214000 0.116254
391.215000 0.153191
392.225000 0.139544
393.234000 0.154193
394.244000 0.150206
395.254000 0.166029
396.264000 0.167371
397.274000 0.170050
398.289000 0.177468
399.294000 0.176877
400.414000 0.157221
401.415000 0.202485
402.424000 0.170871
403.434000 0.181184
404.454000 0.126071
405.464000 0.116268
406.484000 0.122425
407.488000 0.146932
408.494000 0.163838
409.504000 0.162209
410.723000 0.132075
411.724000 0.176966
412.743000 0.183711
413.874000 0.141949
414.884000 0.141525
415.894000 0.179474
416.904000 0.172728
418.154000 0.133526
419.164000 0.188620
420.173000 0.112992
421.184000 0.140848
422.298000 0.126332
423.304000 0.184968
424.313000 0.145021
425.354000 0.046793
426.373000 0.072495
427.384000 0.124022
428.535000 0.113212
429.544000 0.140705
430.583000 0.123169
431.593000 0.132367
432.603000 0.131548
433.613000 0.135706
434.614000 0.138100
435.633000 0.140132
436.643000 0.136742
437.645000 0.128204
438.675000 0.104943
439.684000 0.121641
440.685000 0.115155
441.713000 0.093773
442.833000 0.120262
443.843000 0.124610
444.853000 0.063919
446.003000 0.115570
447.004000 0.173562
448.209000 0.013608
449.213000 0.120638
450.223000 0.203938
451.224000 0.226088
452.233000 0.211411
453.243000 0.179225
454.443000 0.152116
455.453000 0.195096
456.465000 0.179477
457.633000 0.186831
458.634000 0.202515
459.713000 0.166841
460.714000 0.208916
461.723000 0.116375
462.724000 0.221092
463.725000 0.156280
464.733000 0.206306
465.753000 0.155723
466.754000 0.222933
467.763000 0.198626
468.782000 0.053514
469.783000 0.116906
470.823000 0.146237
471.893000 0.225994
472.963000 0.040912
473.978000 0.133562
474.983000 0.202632
475.984000 0.141985
476.993000 0.184610
478.012000 0.220812
479.014000 0.221459
480.033000 0.208947
481.043000 0.194145
482.053000 0.192341
483.063000 0.201926
484.223000 0.166696
485.243000 0.144847
486.253000 0.098913
487.382000 0.129650
488.563000 0.149934
489.773000 0.158540
490.933000 0.170308
492.103000 0.164885
493.123000 0.173576
494.344000 0.173838
495.352000 0.150643
496.362000 0.124053
497.372000 0.131635
498.383000 0.156555
499.402000 0.161807
500.403000 0.192098
501.413000 0.184104
502.423000 0.156946
503.433000 0.151081
504.442000 0.126924
505.533000 0.137863
506.723000 0.142169
507.732000 0.199302
508.733000 0.143594
509.923000 0.129140
510.932000 0.165407
511.943000 0.126408
513.163000 0.145848
514.182000 0.155729
515.192000 0.112949
516.202000 0.148990
517.213000 0.122907
518.214000 0.125915
519.222000 0.176429
520.232000 0.124873
521.242000 0.144267
522.243000 0.158894
523.363000 0.170054
524.402000 0.207199
525.442000 0.187763
526.443000 0.193398
527.452000 0.193577
528.462000 0.183642
529.472000 0.187708
530.482000 0.201769
531.492000 0.201801
532.493000 0.191340
533.502000 0.048516
534.643000 0.148425
535.652000 0.223929
536.662000 0.159328
537.675000 0.199034
538.682000 0.177205
539.702000 0.209224
540.703000 0.094298
548.122000 0.002208
549.525000 0.004996
550.528000 0.171852
551.536000 0.252756
552.765000 0.244882
553.985000 0.169266
554.986000 0.244627
556.006000 0.194076
557.016000 0.255992
558.026000 0.264119
559.035000 0.224684
560.045000 0.258701
561.046000 0.207850
562.047000 0.312959
563.066000 0.232345
564.075000 0.306410
565.076000 0.214857
566.085000 0.211504
567.096000 0.239501
568.105000 0.187350
569.106000 0.165363
570.115000 0.159984
571.125000 0.123255
572.225000 0.104465
581.545000 0.005129
582.565000 0.607670
583.566000 0.109331
584.575000 0.157429
585.585000 0.139509
586.595000 0.173370
587.615000 0.141599
588.625000 0.188269
589.644000 0.099442
590.645000 0.028699
591.664000 0.071152
592.855000 0.107970
594.065000 0.094969
595.075000 0.100066
596.085000 0.151699
597.095000 0.159826
598.115000 0.166306
599.125000 0.188269
600.135000 0.151230
601.144000 0.191167
602.145000 0.170829
603.155000 0.166598
604.164000 0.164052
605.185000 0.136080
606.205000 0.167647
607.215000 0.185560
608.224000 0.164052
609.235000 0.184024
610.244000 0.122563
611.245000 0.159896
612.254000 0.132868
613.274000 0.128753
618.584000 0.004410
619.795000 0.525400
620.804000 0.094906
621.809000 0.172872
622.814000 0.166066
623.824000 0.153053
624.855000 0.173820
625.864000 0.138002
626.874000 0.173370
627.884000 0.149138
628.894000 0.138154
629.904000 0.086234
630.914000 0.146281
631.924000 0.162535
633.084000 0.144819
634.094000 0.189624
635.114000 0.179718
636.130000 0.172346
637.244000 0.147700
638.245000 0.177662
639.254000 0.172186
640.288000 0.105841
641.314000 0.065397
642.334000 0.080471
643.344000 0.157117
644.354000 0.115582
645.364000 0.121901
646.374000 0.123255
647.384000 0.130028
648.393000 0.133000
649.394000 0.146230
653.494000 0.019187
654.684000 0.569826
655.693000 0.051520
656.713000 0.103271
657.734000 0.096470
658.773000 0.052666
659.793000 0.020118
692.413000 0.000210
694.220000 0.003030
695.773000 0.000881
697.514000 0.001572
698.992000 0.004628
700.832000 0.001487
702.017000 0.001154
706.156000 0.001322
707.619000 0.004675
708.702000 0.007579
709.779000 0.015242
710.818000 0.015800
711.898000 0.012667
712.937000 0.014483
713.958000 0.017418
715.002000 0.017034
716.037000 0.014539
717.120000 0.020211
718.137000 0.017487
719.262000 0.019456
720.375000 0.018437
721.395000 0.017435
722.500000 0.019808
723.597000 0.017459
724.719000 0.020727
725.776000 0.016825
726.916000 0.019200
727.918000 0.019114
728.980000 0.018600
730.438000 0.000772
731.657000 0.014589
732.760000 0.017364
733.817000 0.020708
734.837000 0.021459
736.002000 0.015265
737.199000 0.017143
738.400000 0.020520
739.418000 0.022845
740.579000 0.016496
741.629000 0.020846
742.660000 0.015922
743.697000 0.023745
744.736000 0.019750
745.796000 0.019358
746.857000 0.019340
747.897000 0.019731
748.900000 0.019095
749.938000 0.018451
751.160000 0.015673
752.201000 0.023654
753.237000 0.019807
754.275000 0.019769
764.401000 0.001618
765.435000 0.193191
766.438000 0.019095
767.441000 0.015003
768.523000 0.021494
769.538000 0.020217
770.576000 0.018451
771.615000 0.019750
772.719000 0.017348
773.920000 0.018225
774.976000 0.022023
776.037000 0.019340
777.039000 0.019114
778.876000 0.006205
779.940000 0.011571
781.035000 0.018740
782.079000 0.018345
783.218000 0.016815
784.377000 0.015344
785.396000 0.017452
786.416000 0.014753
787.455000 0.014483
788.530000 0.015271
789.599000 0.015356
790.696000 0.016211
791.776000 0.011400
792.839000 0.012869
793.900000 0.011604
794.997000 0.013717
796.059000 0.010305
797.157000 0.011213
798.218000 0.006447
799.274000 0.010364
800.596000 0.007244
801.656000 0.010325
802.717000 0.007736
804.218000 0.006380
805.238000 0.006706
806.323000 0.005043
826.000000 0.000278
827.099000 0.017427
832.960000 0.003262
835.922000 0.037883
837.121000 0.010269
838.138000 0.016142
839.159000 0.016078
840.320000 0.018853
841.541000 0.017926
842.622000 0.020248
843.639000 0.021522
847.188000 0.005387
848.218000 0.065111
849.283000 0.019286
850.336000 0.015590
851.339000 0.016367
852.342000 0.016367
853.419000 0.015242
854.499000 0.020267
856.659000 0.004471
857.837000 0.010452
858.958000 0.017085
859.979000 0.014738
861.020000 0.019712
862.097000 0.013972
863.218000 0.014644
864.236000 0.016126
865.274000 0.017133
866.439000 0.014091
867.656000 0.016861
868.896000 0.016548
869.998000 0.016138
871.059000 0.015472
872.081000 0.018740
873.136000 0.019450
874.139000 0.016367
875.199000 0.019358
876.296000 0.018723
877.318000 0.020078
878.337000 0.020137
879.339000 0.019114
880.498000 0.015344
881.499000 0.023233
882.557000 0.019395
883.598000 0.019712
884.619000 0.020098
885.656000 0.017149
886.676000 0.018795
887.696000 0.020118
888.760000 0.019286
889.814000 0.019469
890.875000 0.019340
891.895000 0.020118
893.115000 0.014577
894.116000 0.021866
895.179000 0.014156
896.257000 0.015228
897.337000 0.015200
898.456000 0.011003
899.516000 0.016777
900.536000 0.016094
901.558000 0.016063
902.560000 0.019114
903.614000 0.019469
904.636000 0.016063
905.677000 0.022340
906.735000 0.018102
907.898000 0.012939
915.720000 0.001924
916.722000 0.102395
918.456000 0.026854
919.598000 0.011979
920.696000 0.022426
921.733000 0.019788
922.878000 0.015532
923.894000 0.024236
924.914000 0.017435
925.958000 0.015724
927.156000 0.018270
928.215000 0.019377
929.216000 0.019133
930.276000 0.023230
931.377000 0.016153
932.438000 0.019340
933.456000 0.017470
934.536000 0.016467
935.594000 0.015516
944.218000 0.002534
945.277000 0.131792
946.333000 0.016841
947.455000 0.017070
948.456000 0.016400
949.495000 0.015800
950.498000 0.013639
951.554000 0.016841
952.621000 0.015385
953.775000 0.011854
954.853000 0.016497
955.916000 0.014156
957.056000 0.014400
958.074000 0.012094
959.155000 0.011389
960.196000 0.011827
961.496000 0.008418
962.519000 0.012035
963.535000 0.008079
964.737000 0.007967
965.818000 0.007593
966.956000 0.007213
968.157000 0.006834
969.194000 0.003958
973.340000 0.000990
974.937000 0.005996
976.820000 0.007218
978.059000 0.009937
979.119000 0.012906
980.182000 0.011582
981.279000 0.011223
982.300000 0.013399
983.361000 0.010315
984.524000 0.011763
985.558000 0.014553
986.559000 0.012300
987.822000 0.007582
988.881000 0.012918
989.921000 0.014469
990.939000 0.022845
992.039000 0.016167
993.040000 0.021866
994.061000 0.016078
995.122000 0.018051
996.231000 0.021008
997.239000 0.020357
998.320000 0.018982
999.340000 0.020118
1000.401000 0.019340
1001.423000 0.020078
1002.440000 0.014796
1003.497000 0.023296
1004.542000 0.019636
1005.562000 0.020118
1015.685000 0.001618
1016.697000 0.191984
1017.717000 0.017435
1019.780000 0.008160
1020.837000 0.015531
1021.857000 0.020118
1022.962000 0.016094
1024.040000 0.019035
1025.080000 0.021046
1026.081000 0.019133
1027.119000 0.019769
1028.202000 0.015158
1029.260000 0.023274
1030.361000 0.014910
1031.439000 0.022842
1032.597000 0.014176
1033.677000 0.019000
1034.878000 0.019364
1036.018000 0.019200
1037.037000 0.017452
1038.099000 0.016746
1039.100000 0.017766
1040.180000 0.009232
1041.237000 0.015531
1042.317000 0.017733
1043.360000 0.015739
1044.440000 0.009344
1045.460000 0.017435
1046.541000 0.016451
1047.680000 0.019217
1048.842000 0.009886
1050.057000 0.016889
1051.100000 0.015739
1052.697000 0.007358
1053.898000 0.014808
1055.705000 0.009067
1056.878000 0.017465
1057.880000 0.015018
1058.979000 0.014937
1060.018000 0.014483
1061.020000 0.007842
1062.080000 0.015487
1063.138000 0.012930
1068.603000 0.002503
