0.000000 0.114950
1.010000 0.203847
2.032000 0.222671
3.040000 0.095315
4.050000 0.099818
5.180000 0.061307
6.190000 0.087532
7.200000 0.073395
8.390000 0.053245
9.510000 0.052535
10.550000 0.036831
11.580000 0.024028
12.600000 0.025482
13.650000 0.020846
14.670000 0.032188
15.680000 0.055492
16.690000 0.077818
17.710000 0.072862
18.720000 0.068347
19.730000 0.077478
20.750000 0.059726
21.760000 0.066368
22.780000 0.035032
23.820000 0.040777
24.840000 0.040235
25.841000 0.034546
26.850000 0.069146
27.860000 0.050182
28.890000 0.050470
29.900000 0.042487
30.920000 0.053022
31.930000 0.062572
32.940000 0.049561
33.951000 0.076379
34.961000 0.094324
35.981000 0.090170
37.121000 0.075160
38.131000 0.081350
39.150000 0.061443
40.161000 0.056831
41.191000 0.054617
42.261000 0.059725
43.271000 0.111321
44.291000 0.097599
45.301000 0.139790
46.321000 0.115113
47.331000 0.099660
48.332000 0.143489
49.341000 0.105604
50.351000 0.126294
51.361000 0.076823
52.561000 0.095449
53.581000 0.115341
54.631000 0.077258
55.741000 0.009859
56.781000 0.006615
57.801000 0.006706
58.901000 0.018655
59.931000 0.019922
64.712000 0.003427
65.896000 0.082654
66.901000 0.107202
67.902000 0.097107
69.011000 0.139156
70.021000 0.095144
71.022000 0.123170
72.032000 0.147638
73.042000 0.129804
74.062000 0.097281
75.072000 0.063659
76.081000 0.055369
77.292000 0.057612
78.311000 0.052172
79.422000 0.071590
80.792000 0.029956
81.862000 0.014064
82.902000 0.027623
83.962000 0.023230
85.132000 0.016468
86.142000 0.018962
87.172000 0.019922
88.182000 0.024176
89.194000 0.069570
90.262000 0.063668
91.282000 0.032188
92.362000 0.016467
93.512000 0.011896
94.762000 0.004260
95.792000 0.009297
96.832000 0.019731
97.895000 0.014156
98.962000 0.035167
100.042000 0.016467
101.292000 0.001094
102.293000 0.115745
103.462000 0.067802
104.492000 0.027891
105.793000 0.012618
107.412000 0.008450
108.533000 0.013175
109.594000 0.009025
110.634000 0.017100
111.702000 0.015371
112.843000 0.004796
114.174000 0.005139
115.843000 0.002459
116.874000 0.003981
118.253000 0.001984
119.263000 0.030341
120.293000 0.026563
121.314000 0.029477
122.353000 0.027650
126.503000 0.002646
127.523000 0.048282
128.903000 0.012887
130.033000 0.014516
131.063000 0.007969
132.133000 0.015342
133.332000 0.013691
134.583000 0.043792
135.603000 0.036212
136.696000 0.030787
137.703000 0.033962
138.774000 0.037042
139.793000 0.034146
140.835000 0.022319
141.884000 0.016953
142.894000 0.029562
143.899000 0.009528
144.903000 0.036789
146.034000 0.019300
147.043000 0.067790
148.054000 0.034639
149.073000 0.059070
150.083000 0.051293
151.223000 0.047306
152.304000 0.047754
153.364000 0.050576
154.374000 0.054685
155.384000 0.095598
156.404000 0.091984
157.414000 0.146172
158.464000 0.123174
159.474000 0.079784
160.484000 0.090076
161.494000 0.108356
162.504000 0.135589
163.514000 0.178859
164.534000 0.083262
165.554000 0.084038
166.564000 0.040634
167.604000 0.031569
168.635000 0.022557
169.704000 0.014230
170.714000 0.018962
171.754000 0.027623
186.109000 0.000953
187.148000 0.007900
188.289000 0.008393
189.319000 0.007969
190.378000 0.007751
191.508000 0.008474
192.589000 0.008858
193.599000 0.023318
195.069000 0.042539
196.309000 0.063927
197.399000 0.134822
198.479000 0.131814
199.490000 0.151977
200.499000 0.132958
201.500000 0.194080
202.509000 0.106348
203.841000 0.029784
205.039000 0.148053
206.041000 0.114683
207.089000 0.093979
208.129000 0.077843
209.139000 0.125873
210.150000 0.123830
211.169000 0.073644
212.199000 0.075705
213.229000 0.027878
214.469000 0.012135
215.470000 0.188142
216.471000 0.283502
217.480000 0.157395
218.490000 0.224865
219.500000 0.148990
220.510000 0.113006
221.580000 0.139683
222.789000 0.200395
223.800000 0.193496
225.010000 0.097585
226.020000 0.131382
227.030000 0.140863
228.039000 0.144354
229.119000 0.162291
230.360000 0.230353
231.370000 0.238384
232.371000 0.256426
233.372000 0.313573
234.380000 0.277947
235.390000 0.197118
236.430000 0.228496
237.490000 0.277873
238.501000 0.312533
239.510000 0.259056
240.580000 0.218358
241.581000 0.310208
242.590000 0.297229
243.591000 0.303393
244.610000 0.194824
245.620000 0.186152
246.630000 0.223485
247.650000 0.189725
248.651000 0.218661
249.751000 0.171778
250.760000 0.195235
251.761000 0.154046
252.771000 0.230257
253.790000 0.171796
255.121000 0.221625
256.131000 0.232966
257.140000 0.185896
258.321000 0.162715
259.331000 0.148990
260.350000 0.140962
261.361000 0.073148
262.370000 0.078636
263.381000 0.070362
264.391000 0.108628
265.400000 0.115243
266.421000 0.060294
267.460000 0.050470
268.470000 0.050772
269.501000 0.027864
270.511000 0.066368
271.661000 0.113952
272.701000 0.106546
273.730000 0.035895
274.851000 0.008542
276.271000 0.016088
277.291000 0.059012
278.311000 0.061977
279.541000 0.095593
280.591000 0.124329
281.601000 0.090749
282.611000 0.087692
283.781000 0.095207
284.801000 0.124729
285.841000 0.133642
286.842000 0.212269
287.941000 0.189057
288.961000 0.203269
289.962000 0.309517
290.971000 0.318121
291.972000 0.270812
292.973000 0.280227
293.981000 0.156862
294.982000 0.098921
296.121000 0.184373
297.131000 0.272246
298.132000 0.228335
299.181000 0.138816
300.192000 0.129899
301.193000 0.142130
302.321000 0.121247
303.322000 0.076531
304.332000 0.098875
305.341000 0.113377
306.352000 0.146136
307.362000 0.222321
308.372000 0.162407
309.382000 0.184606
310.392000 0.141548
311.402000 0.161710
312.422000 0.144729
313.442000 0.173012
314.452000 0.142852
315.632000 0.130322
316.642000 0.125964
317.643000 0.122602
318.652000 0.176254
319.762000 0.065387
320.982000 0.196970
322.092000 0.148971
323.102000 0.189624
324.113000 0.141501
325.142000 0.123821
326.152000 0.153053
327.172000 0.115268
328.173000 0.161263
329.182000 0.128934
330.183000 0.209095
331.192000 0.173405
332.222000 0.131790
333.232000 0.162535
334.242000 0.120547
335.262000 0.064388
337.343000 0.009861
357.585000 0.000946
358.874000 0.044549
359.897000 0.171366
360.905000 0.064541
361.915000 0.038880
362.925000 0.138104
363.926000 0.187706
364.935000 0.211413
365.936000 0.221692
367.066000 0.208827
368.067000 0.263784
369.076000 0.255253
370.086000 0.196879
371.096000 0.255748
372.106000 0.248489
373.107000 0.262561
374.156000 0.217024
375.165000 0.183033
376.186000 0.095130
377.215000 0.069131
378.245000 0.061095
379.255000 0.019188
380.356000 0.009940
381.456000 0.011193
382.536000 0.021533
383.556000 0.026824
384.626000 0.015342
385.656000 0.019922
386.676000 0.018776
387.677000 0.027333
388.686000 0.025760
389.736000 0.022149
390.776000 0.022470
391.796000 0.019388
392.836000 0.024992
393.856000 0.020118
394.896000 0.015785
395.956000 0.008034
397.006000 0.018240
398.036000 0.027891
399.076000 0.019090
400.096000 0.021459
401.166000 0.023013
402.197000 0.019903
403.206000 0.017953
404.246000 0.027623
405.266000 0.030677
406.276000 0.027089
407.277000 0.036899
408.286000 0.070343
409.356000 0.022805
410.366000 0.055533
411.616000 0.023056
412.646000 0.021250
413.706000 0.011615
415.006000 0.003157
416.296000 0.004245
420.197000 0.004201
421.247000 0.017860
422.257000 0.012190
454.347000 0.000213
455.357000 0.048760
456.377000 0.078325
457.478000 0.171700
458.587000 0.167700
459.588000 0.177848
460.589000 0.220293
461.757000 0.227576
462.758000 0.358445
463.768000 0.288264
464.769000 0.348171
465.778000 0.539351
466.779000 0.449166
467.788000 0.343920
468.790000 0.403394
469.791000 0.347936
470.798000 0.458663
471.799000 0.300778
472.808000 0.366130
473.938000 0.301485
474.939000 0.392346
475.948000 0.389203
476.958000 0.282463
477.959000 0.387078
479.118000 0.326148
480.120000 0.437831
481.268000 0.380269
482.278000 0.293917
483.289000 0.252593
484.290000 0.339385
485.298000 0.313750
486.309000 0.201614
487.318000 0.211504
488.328000 0.195042
489.348000 0.100360
490.369000 0.142865
491.378000 0.077280
492.398000 0.095224
493.408000 0.117486
494.428000 0.116682
495.478000 0.061942
496.508000 0.049142
497.528000 0.038254
498.529000 0.113431
499.558000 0.127994
500.588000 0.164106
501.598000 0.100326
502.609000 0.163727
503.618000 0.110683
504.628000 0.173370
505.648000 0.120760
506.678000 0.082346
507.698000 0.063804
508.708000 0.124610
509.709000 0.081271
510.723000 0.151545
511.729000 0.098079
512.747000 0.186790
513.750000 0.122698
514.809000 0.200479
515.819000 0.232488
516.829000 0.218766
517.983000 0.267170
518.989000 0.253107
519.999000 0.285642
521.019000 0.155000
522.020000 0.196089
523.199000 0.264031
524.209000 0.326574
525.210000 0.374555
526.219000 0.314033
527.229000 0.224710
528.269000 0.205200
529.289000 0.116682
530.290000 0.212958
531.295000 0.300824
532.299000 0.225699
533.319000 0.148871
534.349000 0.112893
535.350000 0.102498
536.359000 0.093550
537.469000 0.022184
538.479000 0.010836
539.519000 0.013154
540.569000 0.015634
541.599000 0.019922
542.639000 0.018415
544.039000 0.008794
555.464000 0.000120
565.418000 0.000137
566.427000 0.013938
567.768000 0.123514
568.787000 0.098948
569.798000 0.083663
570.807000 0.066357
571.808000 0.088592
573.028000 0.081041
574.097000 0.054790
575.458000 0.024123
576.468000 0.027731
577.533000 0.107549
578.538000 0.068984
582.828000 0.007334
583.878000 0.014331
584.898000 0.009363
585.958000 0.029683
586.998000 0.034200
588.029000 0.028080
589.038000 0.040614
590.118000 0.031667
591.518000 0.012283
592.528000 0.065749
593.549000 0.061470
594.578000 0.058761
595.588000 0.079941
596.589000 0.059665
597.590000 0.059285
598.598000 0.058984
599.608000 0.057865
600.618000 0.065623
601.938000 0.058765
603.088000 0.132329
604.089000 0.164198
605.278000 0.139654
606.338000 0.176396
607.339000 0.194480
608.350000 0.154783
609.351000 0.188192
610.358000 0.177596
611.359000 0.179264
612.369000 0.251929
613.378000 0.171710
614.379000 0.233694
615.389000 0.183411
616.390000 0.226861
617.391000 0.194318
618.399000 0.202643
619.419000 0.212558
620.439000 0.233365
621.459000 0.139145
622.460000 0.142627
623.521000 0.139052
624.529000 0.134357
625.579000 0.024754
627.338000 0.009314
628.349000 0.038282
629.389000 0.028938
630.399000 0.021671
631.419000 0.020118
632.459000 0.011838
633.545000 0.020155
634.629000 0.015172
637.399000 0.000988
638.970000 0.028199
639.979000 0.071857
641.009000 0.039029
642.089000 0.042700
643.109000 0.094124
644.149000 0.131526
645.150000 0.152678
646.209000 0.080805
647.220000 0.120317
648.230000 0.143105
649.240000 0.167993
650.250000 0.174412
651.260000 0.139294
652.269000 0.159668
653.280000 0.140581
654.281000 0.158878
655.290000 0.207082
656.300000 0.213271
657.310000 0.210538
658.320000 0.181639
659.420000 0.201122
660.430000 0.220776
661.450000 0.163360
662.480000 0.162964
663.490000 0.189624
664.491000 0.158351
665.500000 0.159952
666.551000 0.188450
667.570000 0.178552
668.590000 0.143470
669.591000 0.161263
670.600000 0.120025
671.610000 0.151545
672.620000 0.125540
673.621000 0.142090
674.630000 0.169475
675.640000 0.120501
676.920000 0.147706
677.930000 0.172016
678.940000 0.122030
679.950000 0.142232
680.960000 0.154408
681.981000 0.138952
682.990000 0.200658
684.000000 0.161098
685.001000 0.164182
686.221000 0.162448
687.331000 0.173343
688.340000 0.204725
689.350000 0.123803
690.351000 0.131197
691.360000 0.097405
692.370000 0.115129
693.381000 0.115015
694.391000 0.123632
695.411000 0.167647
696.421000 0.113005
697.431000 0.103649
698.440000 0.122022
699.441000 0.100950
700.461000 0.170329
701.481000 0.129872
702.491000 0.152472
703.492000 0.224128
704.581000 0.112405
705.583000 0.192503
706.593000 0.165618
707.611000 0.202000
708.612000 0.225251
709.711000 0.248120
710.892000 0.202535
711.900000 0.297408
712.911000 0.273672
713.972000 0.280123
714.981000 0.289071
716.072000 0.234786
717.152000 0.235876
718.153000 0.300659
719.161000 0.227550
720.171000 0.281727
721.182000 0.210689
722.193000 0.277389
723.212000 0.334281
724.214000 0.175704
725.222000 0.260571
726.231000 0.186518
727.233000 0.253940
728.262000 0.181527
729.273000 0.202967
730.292000 0.149893
731.312000 0.166306
732.322000 0.104293
733.342000 0.071623
734.352000 0.093457
735.361000 0.120666
736.452000 0.135714
737.453000 0.180396
738.472000 0.151362
739.473000 0.155249
740.492000 0.145026
741.602000 0.203138
742.622000 0.205200
743.633000 0.145149
744.642000 0.162319
745.652000 0.148942
746.662000 0.144053
747.772000 0.123817
748.773000 0.181762
749.782000 0.143266
750.793000 0.115304
751.802000 0.100329
752.852000 0.039086
753.872000 0.071329
754.972000 0.186745
755.982000 0.184206
756.992000 0.190710
757.994000 0.136117
759.012000 0.127698
760.222000 0.106397
761.232000 0.093457
762.242000 0.077204
763.516000 0.012860
764.683000 0.162237
765.692000 0.185775
766.703000 0.079834
767.712000 0.033895
768.722000 0.033861
769.732000 0.019829
771.023000 0.015895
773.254000 0.001840
775.183000 0.111871
776.184000 0.159896
777.193000 0.151530
778.203000 0.181312
779.213000 0.152928
780.214000 0.184698
781.293000 0.156322
782.303000 0.187411
783.323000 0.140821
784.353000 0.126297
785.373000 0.100046
786.383000 0.108925
787.384000 0.161263
788.393000 0.120976
789.492000 0.123267
790.493000 0.154430
791.503000 0.146083
792.513000 0.140103
793.514000 0.154742
794.524000 0.171221
795.533000 0.204725
796.543000 0.150619
797.603000 0.094133
798.614000 0.132605
799.633000 0.114112
800.653000 0.053746
801.673000 0.060950
802.674000 0.065598
803.675000 0.101131
809.288000 0.001336
810.298000 0.073141
811.308000 0.100484
812.399000 0.047551
813.648000 0.037239
814.878000 0.049632
816.078000 0.053468
817.098000 0.061694
818.128000 0.028675
819.138000 0.043343
820.178000 0.041387
821.258000 0.028177
822.268000 0.033861
823.298000 0.032883
824.308000 0.048760
825.318000 0.037731
826.428000 0.045837
827.485000 0.065348
828.591000 0.065183
829.608000 0.095226
830.618000 0.086993
831.638000 0.084367
832.648000 0.080328
833.649000 0.080186
834.659000 0.062056
835.668000 0.084992
836.679000 0.088403
837.688000 0.092877
838.689000 0.104856
840.290000 0.046924
841.299000 0.106214
842.318000 0.084824
843.329000 0.094718
844.338000 0.086604
845.348000 0.079162
846.368000 0.072424
847.409000 0.048498
848.639000 0.057628
849.669000 0.062423
850.679000 0.058133
851.900000 0.100569
852.909000 0.105752
853.919000 0.086398
854.939000 0.098047
855.949000 0.103843
857.089000 0.111119
858.099000 0.142218
859.119000 0.090816
860.120000 0.101507
861.129000 0.161418
862.139000 0.177921
863.299000 0.161483
864.719000 0.149249
865.720000 0.125730
866.729000 0.098365
867.741000 0.153063
868.749000 0.094221
869.759000 0.106122
870.909000 0.128436
871.929000 0.101929
872.949000 0.040634
873.999000 0.044297
875.009000 0.082248
876.029000 0.118024
877.030000 0.088545
878.060000 0.119648
879.079000 0.198884
880.080000 0.117650
881.090000 0.146737
882.220000 0.032687
883.322000 0.040966
884.329000 0.136883
885.350000 0.095050
886.360000 0.140863
887.481000 0.101180
888.570000 0.131669
889.580000 0.124610
890.590000 0.068067
891.610000 0.115341
892.620000 0.057926
893.650000 0.047814
894.730000 0.030400
895.790000 0.025811
897.070000 0.030249
898.092000 0.053595
899.100000 0.065143
900.120000 0.054652
901.311000 0.041350
902.340000 0.045536
903.380000 0.051300
904.390000 0.048760
905.410000 0.056020
906.430000 0.049399
907.460000 0.049142
908.480000 0.027712
909.550000 0.021735
910.670000 0.012214
911.740000 0.010228
912.830000 0.015061
914.651000 0.008679
915.660000 0.020097
916.771000 0.042510
917.781000 0.077764
918.801000 0.055593
919.862000 0.016762
920.881000 0.039868
922.031000 0.102288
923.268000 0.085924
924.422000 0.089490
925.475000 0.048533
926.481000 0.043515
927.491000 0.048613
928.707000 0.074141
929.841000 0.112186
930.852000 0.187708
931.861000 0.147593
933.021000 0.136624
934.031000 0.157196
935.032000 0.183309
936.061000 0.114443
937.081000 0.093140
938.091000 0.113101
939.092000 0.185862
940.102000 0.146059
941.111000 0.163553
942.112000 0.180819
943.172000 0.134219
944.182000 0.167228
945.191000 0.128810
946.262000 0.156147
947.272000 0.163889
948.282000 0.159826
949.291000 0.090768
950.292000 0.155796
951.312000 0.123961
952.321000 0.166763
953.362000 0.130333
954.371000 0.176254
955.452000 0.134032
956.462000 0.181497
957.484000 0.145140
958.492000 0.092469
959.502000 0.097521
960.503000 0.075727
961.512000 0.101685
962.522000 0.071786
963.642000 0.052370
964.652000 0.088040
965.802000 0.028550
966.822000 0.052306
967.912000 0.075550
968.932000 0.029066
969.972000 0.035515
970.992000 0.040235
972.012000 0.076301
973.052000 0.063577
974.072000 0.052306
975.102000 0.041124
976.103000 0.076531
977.132000 0.058496
978.152000 0.044892
979.172000 0.067059
980.192000 0.062350
981.212000 0.046703
982.223000 0.081187
983.232000 0.066373
984.252000 0.054228
985.282000 0.042501
986.303000 0.027470
987.432000 0.041774
988.563000 0.065869
989.643000 0.063333
990.664000 0.021289
991.732000 0.025618
992.792000 0.012906
993.852000 0.013360
994.892000 0.015785
995.923000 0.010615
996.982000 0.010334
998.963000 0.008271
999.992000 0.032682
1001.032000 0.019731
1002.103000 0.021052
1003.113000 0.024380
1004.132000 0.032220
1005.152000 0.029138
1006.173000 0.026797
1007.253000 0.013328
1008.313000 0.024521
1009.443000 0.019370
1010.593000 0.009517
1012.393000 0.002280
1014.423000 0.004568
1015.463000 0.056499
1016.473000 0.022786
1017.483000 0.035216
1018.548000 0.020480
1019.573000 0.026693
1020.613000 0.026546
1021.633000 0.048282
1022.643000 0.029564
1023.734000 0.047772
1024.773000 0.059249
1025.973000 0.007228
1027.203000 0.055748
1028.204000 0.057399
1029.223000 0.043168
1030.253000 0.036283
1031.273000 0.042918
1032.284000 0.038593
1033.313000 0.044269
1034.453000 0.054504
1035.484000 0.068195
1036.504000 0.079229
1037.513000 0.103859
1038.694000 0.050497
1039.704000 0.075253
1040.709000 0.114920
1041.934000 0.094560
1043.003000 0.084217
1044.004000 0.095929
1045.014000 0.138154
1046.034000 0.105578
1047.054000 0.049131
1048.064000 0.100694
1049.074000 0.079913
1050.084000 0.104016
1051.094000 0.087173
1052.104000 0.102536
1053.114000 0.087052
1054.124000 0.090086
1055.234000 0.073932
1056.245000 0.104190
1057.254000 0.077570
1058.274000 0.052306
1059.374000 0.017411
1060.384000 0.039911
1061.385000 0.036899
1062.394000 0.043386
1063.404000 0.066368
1064.414000 0.039424
1065.415000 0.041573
1066.434000 0.025270
1067.444000 0.037925
1068.474000 0.047928
1069.484000 0.042936
1070.494000 0.060378
1071.604000 0.062025
1072.834000 0.053079
1073.844000 0.054178
1074.864000 0.054676
1075.874000 0.030403
1076.875000 0.061718
1077.897000 0.051063
1078.905000 0.055949
1079.915000 0.068064
1080.925000 0.077423
1081.945000 0.067376
1082.965000 0.075063
1083.985000 0.061327
1085.005000 0.046080
1086.145000 0.059532
1087.245000 0.075875
1088.255000 0.071199
1089.375000 0.075161
1090.455000 0.081174
1091.475000 0.087507
1092.485000 0.092741
1093.486000 0.084731
1094.505000 0.052063
1095.517000 0.096071
1096.535000 0.067304
1097.736000 0.059231
1098.755000 0.068792
1099.765000 0.060950
1100.785000 0.054733
1101.786000 0.072432
1102.795000 0.063261
1103.925000 0.063672
1104.945000 0.077788
1105.955000 0.060504
1106.995000 0.052615
1108.436000 0.011392
1109.546000 0.112105
1110.566000 0.096373
1111.586000 0.077313
1112.596000 0.061604
1113.616000 0.078660
1114.636000 0.111452
1115.647000 0.147664
1116.656000 0.140184
1117.676000 0.151987
1118.696000 0.081812
1119.707000 0.064870
1120.716000 0.120666
1121.747000 0.068934
1122.976000 0.099494
1123.996000 0.155460
1125.016000 0.140941
1126.027000 0.091422
1127.036000 0.131512
1128.138000 0.014868
1129.146000 0.101580
1130.147000 0.109331
1131.156000 0.091674
1132.166000 0.097521
1133.176000 0.079809
1134.177000 0.113431
1135.227000 0.030614
1136.237000 0.070432
1137.256000 0.164018
1138.267000 0.175077
1139.268000 0.132748
1140.407000 0.105702
1141.417000 0.186036
1142.437000 0.159928
1143.447000 0.098980
1144.477000 0.094299
1145.506000 0.038902
1146.527000 0.033497
1147.536000 0.043386
1148.556000 0.064376
1149.577000 0.039478
1150.597000 0.026824
1151.627000 0.083674
1152.647000 0.069793
1153.656000 0.074078
1155.157000 0.075942
1156.167000 0.134424
1157.177000 0.111652
1158.217000 0.103191
1159.237000 0.084494
1160.266000 0.054635
1161.267000 0.101131
1162.277000 0.068796
1163.287000 0.048940
1164.297000 0.082622
1165.307000 0.060928
1166.537000 0.075431
1167.567000 0.086088
1168.577000 0.056336
1169.767000 0.071734
1170.787000 0.076447
1171.797000 0.061754
1172.907000 0.083584
1173.918000 0.054125
1174.927000 0.039873
1175.937000 0.089713
1176.948000 0.105622
1177.988000 0.064907
1179.007000 0.071152
1180.118000 0.033538
1181.127000 0.023049
1182.888000 0.001554
1183.907000 0.032220
1184.917000 0.040629
1185.947000 0.029219
1187.077000 0.018159
1188.207000 0.010896
1189.389000 0.005800
1190.397000 0.084771
1191.447000 0.037783
1192.577000 0.016134
1193.597000 0.061694
1194.618000 0.022354
1195.688000 0.023013
1196.718000 0.017266
1197.768000 0.011213
1198.888000 0.008550
1200.158000 0.007588
1201.408000 0.004378
1202.868000 0.000937
1204.018000 0.003569
1205.108000 0.010040
1206.288000 0.008115
1207.308000 0.009388
1208.358000 0.007101
1209.488000 0.007264
1210.508000 0.008047
1211.568000 0.011615
1212.598000 0.011953
1213.890000 0.011647
1214.908000 0.054317
1215.938000 0.032277
1217.118000 0.054315
1218.328000 0.051465
1219.478000 0.051248
1220.498000 0.060962
1221.508000 0.090940
1222.518000 0.088499
1223.519000 0.090687
1224.719000 0.077661
1225.739000 0.114627
1226.758000 0.078218
1227.958000 0.085556
1228.959000 0.120017
1230.049000 0.095963
1231.078000 0.159390
1232.149000 0.161796
1233.249000 0.146232
1234.259000 0.154904
1235.269000 0.134348
1236.519000 0.159443
1237.649000 0.172031
1238.661000 0.077051
1239.719000 0.034911
1240.729000 0.020317
1241.739000 0.052824
1242.749000 0.103011
1243.759000 0.144344
1244.760000 0.137526
1245.779000 0.154075
1246.780000 0.156606
1247.799000 0.146369
1248.809000 0.118600
1249.819000 0.113287
1250.830000 0.115794
1251.832000 0.154623
1252.849000 0.120784
1254.080000 0.097459
1255.089000 0.126089
1256.099000 0.081267
1257.119000 0.084494
1258.130000 0.076282
1259.149000 0.080550
1260.169000 0.071082
1261.179000 0.077204
1262.289000 0.058804
1263.290000 0.068332
1264.299000 0.077280
1265.400000 0.049774
1266.420000 0.100588
1267.439000 0.065395
1268.449000 0.081267
1269.470000 0.037516
1270.480000 0.025825
1271.483000 0.025914
1272.491000 0.069214
1273.500000 0.056237
1274.511000 0.058184
1275.951000 0.006650
1277.220000 0.007546
1278.221000 0.143291
1279.230000 0.121397
1280.231000 0.144900
1281.270000 0.163009
1282.480000 0.140640
1283.510000 0.071550
1284.521000 0.082142
1285.530000 0.111175
1286.560000 0.073952
1287.570000 0.075850
1288.580000 0.057506
1289.593000 0.082377
1290.610000 0.057045
1291.740000 0.066555
1292.760000 0.064376
1293.780000 0.041579
1294.790000 0.048760
1295.810000 0.032188
1296.850000 0.020202
1297.880000 0.043829
1298.910000 0.030938
1299.920000 0.032507
1300.930000 0.028649
1301.980000 0.022149
1303.090000 0.012324
1304.100000 0.012190
1305.131000 0.006634
1306.380000 0.005709
1307.941000 0.043407
1308.961000 0.108826
1310.061000 0.094512
1311.071000 0.098924
1312.080000 0.076050
1313.091000 0.054800
1314.112000 0.048103
1315.131000 0.068222
1316.141000 0.087242
1317.151000 0.077980
1318.161000 0.114633
1319.181000 0.110075
1320.191000 0.119895
1321.192000 0.111808
1322.201000 0.131457
1323.211000 0.140863
1324.221000 0.109421
1325.232000 0.091519
1326.241000 0.108464
1327.242000 0.076804
1328.261000 0.115454
1329.272000 0.058978
1330.291000 0.099385
1331.301000 0.106348
1332.312000 0.113178
1333.411000 0.110533
1334.413000 0.136527
1335.633000 0.123081
1336.641000 0.175071
1337.862000 0.173301
1338.872000 0.247865
1339.882000 0.226901
1340.891000 0.202014
1341.904000 0.133367
1342.921000 0.196583
1343.922000 0.069698
1344.932000 0.120547
1345.942000 0.092147
1346.952000 0.136800
1347.971000 0.114112
1348.972000 0.065712
1349.991000 0.087262
1351.113000 0.061586
1352.142000 0.047126
1353.152000 0.062305
1354.160000 0.086857
1355.162000 0.089376
1356.172000 0.140863
1357.192000 0.093222
1358.212000 0.091200
1359.242000 0.069064
1360.252000 0.047909
1361.262000 0.102939
1362.282000 0.042918
1363.372000 0.022572
1364.432000 0.041298
1365.462000 0.027891
1366.572000 0.025062
1367.622000 0.013029
1368.782000 0.065428
1369.873000 0.096051
1370.982000 0.090940
1371.992000 0.126935
1373.063000 0.112658
1374.122000 0.160413
1375.132000 0.179790
1376.133000 0.157715
1377.393000 0.146663
1378.403000 0.170319
1379.404000 0.230975
1380.405000 0.158176
1381.422000 0.273864
1382.423000 0.264497
1383.433000 0.280719
1384.443000 0.298150
1385.453000 0.281174
1386.533000 0.251477
1387.535000 0.339952
1388.553000 0.258633
1389.563000 0.296626
1391.437000 0.008743
1392.443000 0.747537
1393.563000 0.301669
1394.564000 0.432024
1395.594000 0.253597
1396.604000 0.373702
1397.616000 0.359488
1398.618000 0.397349
1399.623000 0.453892
1400.624000 0.546653
1401.633000 0.282556
1402.653000 0.333889
1404.894000 0.091257
1405.914000 0.609608
1406.923000 0.246755
1407.934000 0.223364
1408.936000 0.256671
1409.943000 0.194950
1411.123000 0.209176
1412.124000 0.284260
1413.144000 0.236518
1414.154000 0.297870
1415.164000 0.293488
1416.314000 0.307157
1417.334000 0.272259
1418.335000 0.225352
1419.344000 0.330815
1420.364000 0.290094
1421.374000 0.264509
1422.375000 0.299293
1423.384000 0.198312
1424.394000 0.224840
1425.396000 0.177556
1426.524000 0.251331
1427.534000 0.267221
1428.536000 0.247732
1429.544000 0.215258
1430.554000 0.235200
1431.555000 0.246190
1432.574000 0.209528
1433.585000 0.214260
1434.594000 0.191743
1435.595000 0.215173
1436.714000 0.220523
1437.724000 0.222131
1438.734000 0.155702
1439.964000 0.185029
1440.965000 0.214140
1442.054000 0.193787
1443.104000 0.209130
1444.106000 0.268958
1445.115000 0.224878
1446.124000 0.261669
1447.125000 0.199133
1448.126000 0.191319
1449.144000 0.211101
1450.155000 0.220083
1451.165000 0.201430
1452.175000 0.254638
1453.185000 0.188776
1454.194000 0.174319
1455.214000 0.183741
1456.344000 0.165596
1457.345000 0.240527
1458.355000 0.214264
1459.375000 0.257506
1460.376000 0.217145
1461.385000 0.229371
1462.386000 0.308859
1463.387000 0.195631
1464.395000 0.195425
1465.405000 0.160940
1466.595000 0.181341
1467.604000 0.220995
1468.605000 0.155081
1469.615000 0.243802
1470.625000 0.253816
1471.635000 0.220986
1472.685000 0.235022
1473.925000 0.284014
1474.926000 0.379041
1475.935000 0.334882
1476.936000 0.229091
1477.965000 0.192770
1479.035000 0.043710
1480.045000 0.228903
1481.055000 0.130028
1482.075000 0.077804
1483.105000 0.241253
1484.106000 0.283664
1485.156000 0.263018
1486.157000 0.291093
1487.165000 0.153589
1488.166000 0.202262
1489.175000 0.175462
1490.185000 0.151699
1491.196000 0.144783
1492.206000 0.144617
1493.216000 0.197750
1494.226000 0.105000
1495.227000 0.198162
1496.236000 0.135275
1497.245000 0.176254
1498.256000 0.067186
1499.279000 0.172026
1500.336000 0.159508
1501.406000 0.174322
1502.596000 0.181874
1503.606000 0.214004
1504.626000 0.183521
1505.636000 0.201379
1506.676000 0.201198
1507.686000 0.174725
1508.696000 0.131604
1509.697000 0.178829
1510.717000 0.182837
1511.726000 0.232359
1512.738000 0.175276
1513.746000 0.189525
1514.747000 0.205726
1515.766000 0.188032
1516.776000 0.196396
1517.786000 0.163228
1518.826000 0.229494
1519.827000 0.249958
1520.836000 0.211962
1521.837000 0.265035
1522.996000 0.259708
1523.997000 0.344392
1525.006000 0.313761
1526.008000 0.304455
1527.076000 0.241988
1528.087000 0.307157
1529.097000 0.215078
1530.099000 0.321159
1531.230000 0.271155
1532.237000 0.271295
1533.407000 0.280456
1534.417000 0.251929
1535.427000 0.206109
1536.428000 0.250094
1537.437000 0.191417
1538.447000 0.284436
1539.577000 0.222786
1540.586000 0.263025
1541.587000 0.226861
1542.597000 0.171105
1543.607000 0.230257
1544.627000 0.175332
1545.648000 0.237156
1546.667000 0.237855
1547.687000 0.184335
1548.688000 0.266494
1549.698000 0.225708
1550.787000 0.260636
1551.788000 0.322525
1552.807000 0.266817
1553.838000 0.246438
1554.847000 0.287429
1555.848000 0.235689
1556.867000 0.269369
1557.987000 0.257457
1558.988000 0.310226
1559.989000 0.252366
1561.008000 0.222011
1562.027000 0.271960
1563.037000 0.194333
1564.038000 0.222761
1565.047000 0.279294
1566.048000 0.254333
1567.058000 0.244419
1568.059000 0.337558
1569.067000 0.218568
1570.068000 0.221851
1571.080000 0.281170
1572.097000 0.240645
1573.188000 0.219987
1574.198000 0.260055
1576.668000 0.046840
1577.700000 0.670606
1578.719000 0.197346
1579.728000 0.223707
1580.738000 0.261410
1581.748000 0.153053
1582.767000 0.140412
1583.768000 0.198162
1584.769000 0.278793
1585.788000 0.191218
1586.798000 0.224840
1587.818000 0.146506
1588.828000 0.188269
1589.838000 0.180186
1590.839000 0.230961
1591.848000 0.174860
1592.868000 0.211295
1593.988000 0.157451
1594.998000 0.216713
1595.999000 0.188845
1597.108000 0.247266
1598.109000 0.299293
1599.129000 0.222825
1600.138000 0.245568
1601.139000 0.208945
1602.289000 0.206860
1603.298000 0.221214
1604.299000 0.162883
1605.448000 0.226629
1606.459000 0.290920
1607.487000 0.253126
1608.488000 0.302181
1609.489000 0.281158
1610.491000 0.323569
1611.509000 0.253707
1612.510000 0.230148
1613.689000 0.220273
1614.699000 0.245156
1615.739000 0.170338
1616.749000 0.200459
1617.750000 0.236428
1618.760000 0.145354
1619.769000 0.164052
1620.779000 0.143572
1621.780000 0.193867
1622.849000 0.186110
1623.860000 0.148843
1626.169000 0.035548
1627.179000 0.267060
1628.180000 0.159888
1629.189000 0.193879
1630.200000 0.168293
1631.209000 0.155083
1632.219000 0.111529
1633.229000 0.104293
1634.269000 0.122791
1635.270000 0.146230
1636.439000 0.090571
1637.441000 0.135162
1638.639000 0.055953
1639.649000 0.028444
1640.893000 0.025813
1641.921000 0.031701
1645.229000 0.002481
1648.832000 0.007594
1649.912000 0.051933
1650.952000 0.049985
1651.972000 0.054988
1652.982000 0.036624
1654.421000 0.036914
1655.432000 0.067051
1656.453000 0.043478
1657.932000 0.016649
1660.393000 0.006065
1661.422000 0.075149
1662.423000 0.129752
1663.432000 0.108858
1664.442000 0.121485
1665.462000 0.101071
1666.642000 0.105790
1667.832000 0.113588
1668.842000 0.081267
1669.852000 0.094768
1670.873000 0.144146
1671.953000 0.071075
1672.962000 0.138313
1673.963000 0.136675
1675.123000 0.120322
1676.133000 0.135003
1677.135000 0.137237
1678.142000 0.123623
1679.322000 0.045114
1680.623000 0.001051
1684.022000 0.000402
1711.131000 0.000505
1766.589000 0.000025
1772.247000 0.000242
1776.591000 0.000315
1826.726000 0.000055
1827.746000 0.046941
1828.756000 0.114893
1829.776000 0.049386
1830.946000 0.069068
1831.947000 0.115567
1833.126000 0.127768
1834.127000 0.191079
1835.136000 0.202257
1836.138000 0.223007
1837.139000 0.281813
1838.146000 0.269018
1839.157000 0.272877
1840.158000 0.276341
1841.182000 0.382966
1842.187000 0.353496
1843.237000 0.375523
1844.239000 0.359983
1845.240000 0.383441
1846.241000 0.404256
1847.247000 0.365928
1848.317000 0.342896
1849.318000 0.437447
1850.319000 0.517847
1851.378000 0.469438
1852.379000 0.545241
1853.398000 0.498811
1854.399000 0.499108
1855.400000 0.425126
1856.408000 0.434244
1857.457000 0.506874
1858.468000 0.608902
1860.042000 0.154613
1861.047000 0.903783
1862.048000 0.573986
1863.050000 0.480274
1864.052000 0.536126
1865.117000 0.396148
1866.118000 0.397690
1867.119000 0.326683
1868.128000 0.520626
1869.129000 0.452969
1870.137000 0.418452
1871.239000 0.525534
1872.240000 0.649151
1873.241000 0.499622
1874.248000 0.459607
1875.392000 0.046636
1876.399000 0.802389
1877.418000 0.510107
1878.438000 0.497576
1879.440000 0.419101
1880.618000 0.454564
1881.619000 0.595852
1882.638000 0.358657
1883.828000 0.411417
1884.829000 0.575353
1885.838000 0.479208
1886.840000 0.459216
1887.928000 0.493565
1888.938000 0.488958
1889.939000 0.213301
1891.038000 0.351117
1892.128000 0.400647
1893.178000 0.409170
1894.189000 0.296332
1895.199000 0.271895
1896.208000 0.448769
1897.209000 0.242562
1898.980000 0.047119
1899.998000 0.781866
1900.999000 0.338925
1902.009000 0.383269
1903.010000 0.430667
1904.018000 0.379718
1905.188000 0.281901
1906.189000 0.439307
1907.199000 0.439905
1908.201000 0.450057
1909.229000 0.397542
1910.230000 0.407874
1911.231000 0.573986
1912.238000 0.371102
1913.239000 0.367624
1914.240000 0.359775
1915.249000 0.581637
1916.250000 0.495041
1918.310000 0.163553
1919.311000 0.800067
1920.318000 0.301347
1921.319000 0.317978
1922.488000 0.323696
1923.489000 0.435956
1924.649000 0.244029
1925.659000 0.428389
1926.809000 0.352899
1927.810000 0.363524
1928.819000 0.244912
1929.829000 0.216064
1930.838000 0.159984
1931.849000 0.139260
1932.869000 0.156382
1933.879000 0.133739
1934.889000 0.112420
1935.890000 0.068160
1936.921000 0.108909
1937.949000 0.129260
1938.969000 0.071493
1939.979000 0.077204
1940.989000 0.040634
1941.999000 0.109711
1943.184000 0.144688
1944.189000 0.166066
1945.211000 0.113377
1946.219000 0.138566
1947.229000 0.076048
1948.430000 0.188755
1949.440000 0.269537
1950.441000 0.226621
1951.449000 0.279719
1952.460000 0.224012
1953.469000 0.206496
1954.470000 0.216492
1955.471000 0.327992
1956.472000 0.314718
1957.473000 0.316369
1958.481000 0.413957
1959.482000 0.394173
1960.490000 0.304058
1961.860000 0.216153
1962.861000 0.358058
1963.881000 0.312294
1964.890000 0.428432
1965.900000 0.328877
1966.910000 0.386020
1968.962000 0.018000
1969.971000 0.832311
1970.972000 0.325945
1971.981000 0.325565
1973.290000 0.191603
1974.300000 0.311525
1975.301000 0.254489
1976.410000 0.208436
1977.411000 0.289726
1978.420000 0.179273
1979.421000 0.214561
1980.430000 0.176507
1981.440000 0.258701
1982.450000 0.233259
1983.451000 0.291093
1984.452000 0.259977
1985.461000 0.241970
1986.591000 0.243717
1987.601000 0.308816
1988.610000 0.203764
1989.611000 0.226474
1990.620000 0.258957
1991.621000 0.198739
1992.630000 0.254890
1993.650000 0.094677
1994.660000 0.100230
1995.680000 0.124610
1996.701000 0.115994
1997.721000 0.140824
1998.740000 0.089947
1999.770000 0.104106
2000.790000 0.122022
2001.800000 0.071786
2002.810000 0.098875
2003.831000 0.064392
2004.841000 0.062305
2005.870000 0.052255
2007.011000 0.051973
2008.021000 0.093457
2009.031000 0.071908
2010.061000 0.055783
2011.091000 0.042834
2012.122000 0.037152
2013.251000 0.026536
2014.291000 0.031569
2015.321000 0.031876
2016.371000 0.029966
2017.541000 0.018763
2018.581000 0.018415
2202.317000 0.000015
