0.000000 0.431124
1.139000 0.064147
2.140000 0.160136
3.189000 0.194261
4.210000 0.169500
5.230000 0.212002
6.240000 0.297750
7.350000 0.318977
8.351000 0.407345
9.352000 0.543866
10.469000 0.312672
11.470000 0.396011
12.471000 0.520253
13.480000 0.394408
14.481000 0.388289
15.700000 0.526455
16.879000 0.409583
17.880000 0.523390
18.890000 0.417635
19.941000 0.420342
21.109000 0.462481
22.140000 0.474852
23.141000 0.407360
24.279000 0.457924
25.419000 0.429131
26.620000 0.448835
27.679000 0.425390
28.779000 0.446451
29.839000 0.432250
30.970000 0.435058
31.971000 0.416537
32.979000 0.387824
34.052000 0.438860
35.140000 0.440619
36.141000 0.477027
37.142000 0.552123
38.159000 0.394443
39.309000 0.433051
40.311000 0.523780
41.319000 0.412107
42.320000 0.537396
43.321000 0.393919
44.349000 0.402784
45.449000 0.451805
46.530000 0.483359
47.532000 0.409196
48.533000 0.402142
49.539000 0.400348
50.540000 0.538701
51.549000 0.420952
52.551000 0.401503
53.558000 0.558217
54.559000 0.381573
55.568000 0.338006
56.579000 0.211100
57.589000 0.278092
58.591000 0.282373
59.599000 0.368908
60.600000 0.514809
61.609000 0.403745
62.619000 0.380595
63.629000 0.479359
64.639000 0.355515
65.649000 0.399324
66.659000 0.594197
67.798000 0.437146
68.809000 0.505335
69.810000 0.368761
70.881000 0.419281
72.051000 0.434859
73.061000 0.507640
74.062000 0.412607
75.068000 0.386114
76.069000 0.484480
77.148000 0.412236
78.149000 0.533417
79.150000 0.405083
80.228000 0.467761
81.229000 0.532235
82.239000 0.437945
83.249000 0.552226
84.250000 0.428144
85.251000 0.373248
86.258000 0.403114
87.259000 0.531932
88.260000 0.418179
89.269000 0.529388
90.280000 0.528837
91.379000 0.424076
92.382000 0.513418
93.388000 0.385563
94.428000 0.398646
95.429000 0.509051
96.430000 0.442974
97.439000 0.386101
98.440000 0.414059
99.441000 0.383695
100.449000 0.412253
101.450000 0.365859
102.459000 0.539026
103.461000 0.510856
104.468000 0.381045
114.392000 0.001651
115.536000 0.166303
116.615000 0.005071
117.795000 0.004637
118.975000 0.004637
120.055000 0.002533
121.194000 0.006005
122.774000 0.005195
124.214000 0.003800
125.474000 0.003260
126.494000 0.002682
127.754000 0.003257
128.854000 0.007462
130.236000 0.005939
131.375000 0.046841
132.405000 0.049142
133.794000 0.025196
134.804000 0.041988
135.955000 0.035656
136.964000 0.055588
137.994000 0.045157
139.024000 0.036369
140.054000 0.045157
141.055000 0.040999
142.056000 0.049199
143.074000 0.034939
144.334000 0.030953
145.374000 0.034200
146.384000 0.033861
147.456000 0.024246
148.474000 0.041658
149.504000 0.035860
150.534000 0.045157
151.554000 0.045600
152.574000 0.034975
153.634000 0.036136
154.654000 0.053647
155.714000 0.041298
156.723000 0.047453
157.743000 0.034871
158.774000 0.034499
159.814000 0.034200
161.083000 0.041213
162.084000 0.022476
163.116000 0.034465
164.133000 0.033628
165.163000 0.045157
166.184000 0.045555
167.203000 0.045645
168.224000 0.044215
169.254000 0.045157
170.283000 0.045201
171.284000 0.045099
172.303000 0.034872
173.304000 0.045099
174.323000 0.045645
175.353000 0.045157
176.473000 0.033090
177.595000 0.042674
178.623000 0.050568
179.633000 0.046051
180.643000 0.032189
181.653000 0.043343
182.663000 0.033861
183.693000 0.034532
184.743000 0.025746
185.756000 0.033761
186.774000 0.030908
187.793000 0.037590
188.803000 0.035011
189.823000 0.045600
190.853000 0.045157
191.973000 0.026528
193.033000 0.050332
194.053000 0.049624
195.313000 0.030867
196.323000 0.046051
197.353000 0.041173
198.383000 0.049142
199.393000 0.035073
200.423000 0.045157
201.514000 0.041379
202.543000 0.049190
203.553000 0.035438
204.583000 0.045157
205.593000 0.046051
206.673000 0.039267
207.703000 0.050470
208.713000 0.021670
209.733000 0.045600
210.743000 0.046051
211.753000 0.041988
212.763000 0.038568
213.783000 0.045600
214.803000 0.045600
215.893000 0.037651
217.043000 0.043809
218.062000 0.037590
219.093000 0.034499
220.102000 0.033895
221.253000 0.030902
235.995000 0.001537
237.435000 0.002850
238.472000 0.005277
239.473000 0.005467
240.693000 0.005607
241.754000 0.007736
243.333000 0.004332
244.335000 0.005461
245.714000 0.001984
246.891000 0.004653
248.031000 0.003600
249.172000 0.004796
291.433000 0.000162
292.940000 0.001817
293.953000 0.009453
295.309000 0.002018
297.631000 0.009514
298.753000 0.004877
299.851000 0.006230
301.009000 0.005907
302.116000 0.007415
303.212000 0.004993
304.754000 0.007097
306.151000 0.004896
1301.121000 0.000000
