0.000000 0.139549
1.019000 0.156202
2.029000 0.166598
3.349000 0.101133
4.359000 0.188972
5.360000 0.170325
6.361000 0.163078
7.370000 0.256109
8.499000 0.259325
9.500000 0.305039
10.501000 0.297563
11.669000 0.295431
12.671000 0.305031
13.680000 0.263301
14.682000 0.284102
15.830000 0.244270
16.839000 0.305055
17.880000 0.206702
18.881000 0.348403
19.940000 0.275322
20.941000 0.374515
21.950000 0.306838
23.072000 0.336123
24.161000 0.267542
25.162000 0.277849
26.170000 0.267401
27.179000 0.267453
28.290000 0.278204
29.301000 0.462224
30.302000 0.360619
31.534000 0.282469
32.590000 0.501540
33.591000 0.421340
34.600000 0.439698
35.601000 0.465837
36.610000 0.456666
37.611000 0.370896
38.613000 0.343023
39.620000 0.305755
40.621000 0.331806
41.622000 0.418304
42.631000 0.387361
43.632000 0.352158
44.640000 0.337349
45.642000 0.330451
46.650000 0.394410
47.700000 0.312263
48.701000 0.408623
49.820000 0.345682
50.821000 0.473406
51.832000 0.494487
52.833000 0.412637
53.841000 0.340947
54.851000 0.385731
55.852000 0.421750
56.871000 0.384211
57.872000 0.396707
58.873000 0.399527
59.881000 0.326679
60.901000 0.264016
61.912000 0.325827
63.001000 0.460538
64.002000 0.485597
65.021000 0.471985
66.031000 0.424010
67.042000 0.289605
68.051000 0.251675
69.161000 0.254436
70.181000 0.257506
71.192000 0.221106
72.211000 0.310420
73.231000 0.243315
74.232000 0.400605
75.242000 0.448573
76.391000 0.440501
77.392000 0.492044
78.402000 0.425590
79.411000 0.343409
80.423000 0.310311
81.442000 0.368595
82.443000 0.397986
83.461000 0.383752
84.462000 0.397477
85.463000 0.405761
86.631000 0.360300
87.632000 0.307493
88.641000 0.244044
89.642000 0.115401
90.652000 0.215358
91.653000 0.235406
92.662000 0.219079
93.676000 0.354280
94.682000 0.470466
95.732000 0.497603
96.783000 0.467596
97.832000 0.431832
98.842000 0.374336
99.843000 0.310080
100.844000 0.265495
101.862000 0.382986
102.922000 0.297823
103.923000 0.375256
104.924000 0.458413
105.932000 0.527563
106.933000 0.549266
107.944000 0.507021
110.035000 0.174468
111.053000 0.968888
112.062000 0.378919
113.072000 0.522898
114.073000 0.454698
115.083000 0.512159
116.177000 0.448914
117.183000 0.553406
118.362000 0.446106
119.363000 0.645051
120.393000 0.447431
121.442000 0.400497
122.714000 0.012906
123.763000 0.773947
124.773000 0.490313
125.774000 0.391561
126.775000 0.429123
127.992000 0.276770
128.993000 0.355325
130.013000 0.403694
131.015000 0.315701
132.082000 0.389767
133.083000 0.493355
134.164000 0.485845
135.183000 0.459132
136.193000 0.387056
137.203000 0.418527
138.313000 0.358716
139.315000 0.532987
141.165000 0.205889
142.173000 0.810696
143.183000 0.296626
144.213000 0.397378
145.223000 0.311392
146.225000 0.391832
147.233000 0.356389
148.243000 0.452388
149.274000 0.374290
150.384000 0.403617
151.393000 0.483143
152.503000 0.419603
153.513000 0.388729
154.523000 0.247865
155.563000 0.272369
156.697000 0.014448
157.703000 0.887619
158.704000 0.415457
159.743000 0.345789
161.714000 0.007635
162.773000 0.670405
163.783000 0.279018
164.794000 0.190016
165.803000 0.248642
166.804000 0.234340
167.814000 0.216350
168.823000 0.249467
169.833000 0.196067
170.834000 0.326625
171.844000 0.211295
172.854000 0.166465
173.864000 0.193687
174.873000 0.165198
175.874000 0.181811
176.875000 0.314326
177.876000 0.322663
178.895000 0.345304
179.913000 0.375556
180.914000 0.325644
181.915000 0.318426
182.924000 0.252943
183.944000 0.244334
184.954000 0.172790
185.994000 0.063138
187.004000 0.069077
188.016000 0.075700
189.165000 0.121261
190.184000 0.177610
191.264000 0.142465
192.274000 0.189624
193.275000 0.172277
194.284000 0.253534
195.285000 0.236667
196.334000 0.237358
197.335000 0.329359
198.344000 0.238118
199.403000 0.215581
200.534000 0.196737
201.555000 0.219738
210.567000 0.007742
211.607000 0.030086
212.618000 0.075774
213.637000 0.090521
214.639000 0.129350
215.648000 0.184967
216.683000 0.236903
217.688000 0.270415
218.818000 0.266957
219.948000 0.255842
220.949000 0.257146
222.048000 0.237812
223.049000 0.275490
224.050000 0.338082
225.058000 0.257191
226.078000 0.253587
227.079000 0.300659
228.098000 0.245598
229.100000 0.298994
230.108000 0.187713
231.118000 0.226194
232.128000 0.145649
233.138000 0.182946
234.148000 0.148484
235.158000 0.161180
236.159000 0.139680
237.168000 0.088127
238.178000 0.192884
239.189000 0.218535
240.198000 0.186275
241.208000 0.148871
242.219000 0.147490
243.228000 0.147061
244.348000 0.134919
245.349000 0.202262
246.358000 0.170439
247.369000 0.169215
248.378000 0.190719
249.379000 0.184778
250.388000 0.198725
251.458000 0.204707
252.469000 0.199334
253.472000 0.203553
254.473000 0.190077
255.749000 0.148929
256.759000 0.144927
257.769000 0.081267
258.779000 0.091057
259.799000 0.138141
260.849000 0.074263
261.948000 0.014937
262.949000 0.036899
263.979000 0.093001
264.989000 0.131382
265.999000 0.120970
267.009000 0.132151
268.159000 0.127994
269.169000 0.102939
270.179000 0.063834
271.189000 0.105648
272.199000 0.104293
273.209000 0.099587
274.219000 0.092103
275.229000 0.096166
276.249000 0.083864
277.250000 0.084731
278.259000 0.084059
279.261000 0.055149
280.269000 0.112643
281.339000 0.112798
282.349000 0.147782
283.350000 0.158610
284.359000 0.189812
285.362000 0.207855
286.369000 0.205558
287.370000 0.223320
288.381000 0.265607
289.389000 0.209101
290.450000 0.125486
291.470000 0.147529
292.500000 0.166018
293.501000 0.335690
294.560000 0.243609
295.561000 0.220028
296.680000 0.178997
297.690000 0.189624
298.700000 0.109711
299.965000 0.013097
300.980000 0.166033
302.021000 0.070963
303.030000 0.080151
304.044000 0.051881
305.050000 0.069421
306.070000 0.060353
307.100000 0.049142
465.607000 0.000261
466.617000 0.161340
467.706000 0.227340
468.716000 0.240332
469.907000 0.184544
471.097000 0.153038
472.257000 0.198754
473.287000 0.193465
474.367000 0.186620
475.369000 0.274182
476.397000 0.198849
477.417000 0.236047
478.430000 0.120970
479.437000 0.188926
480.447000 0.216399
481.457000 0.192633
482.537000 0.178381
483.548000 0.253453
484.557000 0.382696
485.568000 0.316800
486.577000 0.313784
487.587000 0.273908
488.588000 0.369901
489.589000 0.293100
490.597000 0.260221
491.717000 0.193853
492.718000 0.237814
493.897000 0.248350
494.908000 0.292486
496.097000 0.213393
497.107000 0.239552
498.108000 0.292460
499.128000 0.317994
500.137000 0.309440
501.138000 0.214228
502.139000 0.306897
503.288000 0.257343
504.477000 0.274833
505.568000 0.310559
506.728000 0.309376
507.738000 0.335905
508.739000 0.259912
509.758000 0.396679
510.768000 0.315357
511.858000 0.246918
512.998000 0.292227
514.118000 0.306240
515.128000 0.323715
516.129000 0.276654
517.130000 0.304243
518.138000 0.270699
519.139000 0.362979
520.140000 0.362974
521.149000 0.397483
522.159000 0.363391
523.178000 0.288544
524.198000 0.274490
525.199000 0.333874
526.288000 0.325406
527.289000 0.358058
528.309000 0.232312
529.318000 0.257122
530.389000 0.281311
531.390000 0.354463
532.399000 0.345728
533.400000 0.289609
534.419000 0.318273
535.429000 0.323773
536.439000 0.335304
537.441000 0.386780
538.558000 0.309476
539.569000 0.404452
540.579000 0.403393
541.589000 0.386020
543.471000 0.094237
544.479000 0.764450
545.481000 0.262132
546.489000 0.282707
547.490000 0.298209
548.499000 0.302016
549.519000 0.336700
550.529000 0.380234
551.530000 0.335297
552.531000 0.331567
553.549000 0.285851
554.559000 0.340232
555.669000 0.371488
556.670000 0.399299
557.689000 0.275185
558.700000 0.227968
559.701000 0.262151
560.709000 0.375093
568.776000 0.035225
569.777000 0.199528
570.787000 0.223210
571.798000 0.323563
572.808000 0.305208
573.810000 0.367456
574.917000 0.413205
576.138000 0.444685
577.145000 0.521314
578.148000 0.530444
579.149000 0.517028
580.247000 0.443681
581.248000 0.479167
582.257000 0.406213
583.258000 0.525857
584.259000 0.439586
585.307000 0.427509
586.308000 0.438334
587.309000 0.657351
588.318000 0.561323
590.299000 0.237480
591.327000 1.030289
592.338000 0.428938
593.348000 0.516048
594.349000 0.571253
595.368000 0.347755
596.377000 0.364710
597.477000 0.293452
598.487000 0.404028
599.688000 0.391415
600.707000 0.385391
601.708000 0.277427
604.717000 0.053281
605.869000 0.612424
606.888000 0.228224
607.898000 0.216962
608.918000 0.206310
609.927000 0.238620
610.928000 0.225262
611.947000 0.200904
612.958000 0.182671
613.988000 0.122190
614.998000 0.058416
616.047000 0.047354
617.078000 0.041133
618.108000 0.031876
619.138000 0.027891
629.153000 0.001636
630.188000 0.218118
646.063000 0.000517
647.123000 0.048734
648.124000 0.080877
649.133000 0.137163
650.153000 0.079856
651.155000 0.104430
652.173000 0.117123
653.264000 0.073326
654.293000 0.103573
655.314000 0.090172
656.433000 0.065740
657.454000 0.075557
658.473000 0.049917
659.494000 0.044215
660.533000 0.013571
661.543000 0.041988
662.553000 0.032155
663.563000 0.041988
664.585000 0.044311
665.603000 0.057784
666.874000 0.054167
667.894000 0.103590
668.903000 0.086337
670.114000 0.074540
671.253000 0.053254
672.254000 0.038266
673.263000 0.059336
674.284000 0.072113
675.304000 0.084068
676.514000 0.070857
677.714000 0.054898
678.733000 0.017452
679.914000 0.010425
680.984000 0.006393
682.094000 0.014789
683.114000 0.009114
684.124000 0.020317
685.154000 0.038406
686.174000 0.042918
687.194000 0.046201
688.254000 0.033654
689.275000 0.054934
690.294000 0.048808
691.304000 0.077055
692.344000 0.041571
693.464000 0.026862
694.514000 0.014331
695.634000 0.020764
717.877000 0.000062
718.997000 0.006107
720.057000 0.005162
721.357000 0.003159
749.808000 0.000144
751.386000 0.002601
752.387000 0.001485
802.728000 0.000022
803.848000 0.007329
805.449000 0.005127
806.688000 0.003315
807.788000 0.007462
808.888000 0.007462
810.032000 0.088553
811.049000 0.118199
812.059000 0.139187
813.418000 0.115868
814.429000 0.106835
815.458000 0.088701
816.459000 0.118801
817.469000 0.150183
818.470000 0.164936
819.490000 0.181264
820.499000 0.137634
821.509000 0.189039
822.519000 0.195630
823.529000 0.257347
824.549000 0.164115
825.779000 0.140320
826.789000 0.205877
827.790000 0.200148
828.799000 0.200345
829.809000 0.172471
830.919000 0.208783
831.939000 0.193246
832.949000 0.186372
833.950000 0.206362
834.969000 0.163678
835.979000 0.181262
837.039000 0.137207
838.249000 0.163620
839.339000 0.158091
840.539000 0.149745
841.709000 0.149037
842.719000 0.190978
843.729000 0.151400
844.739000 0.153343
845.749000 0.178331
846.769000 0.177251
847.770000 0.228228
848.789000 0.157160
849.790000 0.163585
850.999000 0.184559
852.010000 0.213792
853.029000 0.152206
854.030000 0.192695
855.040000 0.119631
856.060000 0.173012
857.061000 0.167906
858.129000 0.154274
859.270000 0.250094
860.280000 0.208586
861.290000 0.113281
862.300000 0.170661
863.310000 0.219422
864.320000 0.139384
865.340000 0.187765
866.341000 0.141697
867.350000 0.147485
868.360000 0.189194
869.370000 0.177434
870.380000 0.140050
871.390000 0.197750
872.400000 0.139652
873.410000 0.174725
874.420000 0.132720
875.421000 0.155796
876.432000 0.098397
877.440000 0.145358
878.441000 0.126883
879.470000 0.177907
880.480000 0.147685
881.490000 0.181497
882.501000 0.113155
883.502000 0.188595
884.520000 0.150100
885.530000 0.146482
886.540000 0.167952
887.550000 0.145052
888.561000 0.147589
889.580000 0.169980
890.581000 0.124640
891.590000 0.151849
892.591000 0.120181
893.592000 0.144863
894.611000 0.145170
895.661000 0.130911
896.671000 0.148990
897.677000 0.120909
898.690000 0.161247
899.770000 0.161102
900.791000 0.087817
901.801000 0.119192
902.812000 0.063357
903.881000 0.167707
904.901000 0.178788
905.902000 0.175461
907.351000 0.102924
908.361000 0.216713
909.371000 0.162952
910.381000 0.156897
911.382000 0.153029
912.391000 0.209624
913.401000 0.168575
914.601000 0.226336
915.791000 0.237078
916.792000 0.265127
917.794000 0.246329
918.803000 0.232706
919.811000 0.259933
920.812000 0.275533
921.992000 0.280671
923.011000 0.171839
924.041000 0.074377
925.042000 0.032735
926.043000 0.318946
927.051000 0.309663
928.052000 0.250094
929.062000 0.215428
930.063000 0.216591
931.081000 0.258113
932.082000 0.190004
933.083000 0.213195
934.092000 0.216309
935.093000 0.255771
936.112000 0.244634
937.242000 0.221252
938.252000 0.245156
939.253000 0.193946
940.263000 0.183494
941.422000 0.205216
942.762000 0.189463
943.763000 0.230961
944.772000 0.179755
945.782000 0.236181
946.792000 0.307461
947.793000 0.112150
948.802000 0.237265
949.812000 0.221019
950.813000 0.236560
951.932000 0.301962
952.933000 0.266823
953.943000 0.258701
954.952000 0.226356
955.962000 0.243404
956.963000 0.251461
957.964000 0.267860
958.972000 0.177407
959.973000 0.235061
961.052000 0.171272
962.053000 0.215928
963.072000 0.183787
964.073000 0.218661
965.082000 0.173958
966.083000 0.274693
967.092000 0.243363
968.103000 0.225462
969.113000 0.239304
970.114000 0.307493
971.122000 0.244325
972.143000 0.239892
973.144000 0.300659
974.146000 0.299122
975.153000 0.340668
976.154000 0.336021
977.173000 0.366982
978.174000 0.286076
979.332000 0.293448
980.363000 0.282501
981.373000 0.307302
982.404000 0.313958
983.413000 0.318612
984.414000 0.184722
985.422000 0.255650
986.634000 0.317381
987.733000 0.341920
988.734000 0.255560
989.763000 0.202179
990.773000 0.234321
991.774000 0.192642
992.784000 0.269537
993.793000 0.212860
994.804000 0.153392
995.805000 0.276060
996.823000 0.199112
997.844000 0.207722
998.845000 0.303393
999.853000 0.262318
1000.854000 0.238546
1001.863000 0.259133
1002.883000 0.221654
1003.885000 0.214754
1004.974000 0.236726
1005.975000 0.342792
1006.984000 0.323351
1008.004000 0.237675
1009.023000 0.087761
1010.025000 0.161102
1011.043000 0.084660
1012.054000 0.036261
1013.074000 0.041947
1014.114000 0.031569
1015.126000 0.036498
1016.134000 0.173743
1017.144000 0.169307
1018.165000 0.137629
1019.174000 0.160110
1020.184000 0.276309
1021.194000 0.180144
1022.195000 0.191329
1023.244000 0.146932
1024.444000 0.168720
1025.454000 0.221271
1026.634000 0.194567
1027.794000 0.191580
1028.914000 0.201579
1029.915000 0.209095
1030.924000 0.178567
1031.927000 0.186630
1032.934000 0.241811
1033.945000 0.149898
1035.134000 0.119251
1036.144000 0.161180
1037.145000 0.153669
1038.155000 0.184206
1039.175000 0.131848
1040.334000 0.123128
1041.354000 0.107294
1042.374000 0.123388
1043.387000 0.109719
1044.414000 0.105231
1045.423000 0.048809
1046.441000 0.044433
1047.449000 0.046313
1048.466000 0.046841
1049.474000 0.100429
1050.644000 0.086053
1051.655000 0.143430
1052.665000 0.168046
1053.695000 0.152517
1054.705000 0.159826
1055.715000 0.111649
1056.735000 0.129700
1057.965000 0.166928
1058.966000 0.172196
1059.975000 0.154116
1060.985000 0.130028
1062.025000 0.064667
1063.206000 0.025483
1064.254000 0.044382
1065.265000 0.108356
1066.275000 0.088328
1067.285000 0.090749
1068.306000 0.097592
1069.325000 0.128879
1070.335000 0.087379
1071.365000 0.100940
1072.375000 0.071193
1073.387000 0.097088
1074.406000 0.124828
1075.421000 0.189394
1076.426000 0.150945
1077.429000 0.154000
1078.442000 0.158083
1079.445000 0.186358
1080.486000 0.167217
1081.496000 0.201814
1082.505000 0.148523
1083.506000 0.156222
1084.546000 0.162354
1085.566000 0.223236
1086.576000 0.133765
1087.586000 0.132055
1088.596000 0.163889
1089.606000 0.109402
1090.625000 0.124857
1091.646000 0.042793
1092.846000 0.013680
1093.856000 0.143572
1094.866000 0.132897
1095.886000 0.134864
1096.896000 0.173370
1098.097000 0.072313
1099.106000 0.149030
1100.116000 0.150345
1101.126000 0.139402
1102.128000 0.200420
1103.286000 0.164157
1104.406000 0.166929
1105.407000 0.211465
1106.416000 0.172557
1107.418000 0.153842
1108.436000 0.154538
1109.438000 0.111083
1110.446000 0.153357
1111.476000 0.122729
1112.486000 0.165244
1113.508000 0.043865
1114.516000 0.169643
1115.526000 0.117009
1116.776000 0.091207
1117.796000 0.075106
1118.806000 0.040634
1120.057000 0.014216
1121.126000 0.021755
1122.196000 0.014064
1123.276000 0.015328
1124.287000 0.016237
1126.716000 0.001126
1130.376000 0.007102
1132.138000 0.004661
1133.147000 0.029828
1134.167000 0.060353
1135.197000 0.069461
1136.217000 0.086733
1137.407000 0.109215
1138.447000 0.148750
1139.457000 0.131338
1140.467000 0.086839
1141.477000 0.089490
1142.507000 0.045989
1143.557000 0.047569
1144.627000 0.030684
1145.668000 0.023654
1146.807000 0.103591
1147.987000 0.130253
1149.067000 0.143240
1150.087000 0.124326
1151.098000 0.117592
1152.099000 0.151001
1153.108000 0.139258
1154.111000 0.093331
1155.337000 0.164377
1156.418000 0.189708
1157.427000 0.168119
1158.442000 0.115390
1159.498000 0.113404
1160.707000 0.101457
1161.727000 0.111318
1162.737000 0.088734
1163.738000 0.161263
1164.747000 0.113454
1165.757000 0.168386
1166.758000 0.169463
1167.777000 0.091361
1168.798000 0.120588
1169.818000 0.105695
1170.828000 0.177434
1171.838000 0.091920
1172.848000 0.117838
1173.878000 0.058439
1175.028000 0.014448
1176.268000 0.010515
1177.278000 0.107108
1178.283000 0.147264
1179.288000 0.182553
1180.298000 0.150048
1181.308000 0.142332
1182.329000 0.136923
1183.338000 0.129899
1184.339000 0.064009
1185.538000 0.036338
1186.539000 0.155242
1187.548000 0.118863
1188.558000 0.125894
1189.568000 0.160814
1190.569000 0.130629
1191.709000 0.136597
1192.859000 0.132638
1193.898000 0.139804
1194.908000 0.188269
1195.928000 0.099887
1196.938000 0.060710
1197.958000 0.140824
1198.978000 0.096565
1199.999000 0.097810
1201.009000 0.168986
1202.019000 0.242269
1203.029000 0.125636
1204.239000 0.096335
1205.248000 0.119310
1206.338000 0.088015
1207.348000 0.102939
1208.358000 0.130028
1209.369000 0.107581
1210.381000 0.047312
1211.490000 0.039949
1212.499000 0.090760
1213.509000 0.196396
1214.709000 0.112952
1215.719000 0.140453
1216.729000 0.141220
1217.739000 0.115893
1218.919000 0.142394
1219.929000 0.182851
1220.939000 0.137635
1221.949000 0.162653
1222.959000 0.242448
1223.960000 0.182098
1224.969000 0.216928
1225.979000 0.173610
1226.989000 0.235675
1227.999000 0.194556
1229.009000 0.148384
1230.010000 0.172324
1231.019000 0.131578
1232.039000 0.165407
1233.040000 0.162473
1234.050000 0.179695
1235.060000 0.189428
1236.069000 0.146426
1237.089000 0.112853
1238.090000 0.139397
1239.249000 0.065930
1240.259000 0.112420
1241.260000 0.097031
1242.279000 0.075548
1243.300000 0.099150
1244.309000 0.108464
1245.320000 0.090352
1246.360000 0.098010
1247.529000 0.158259
1248.559000 0.070329
1249.570000 0.062243
1250.600000 0.037188
1251.650000 0.052436
1252.660000 0.048760
1254.170000 0.012683
1255.180000 0.039318
1256.190000 0.062198
1257.210000 0.083153
1258.220000 0.054308
1259.230000 0.095341
1260.240000 0.088219
1261.241000 0.120241
1262.250000 0.116357
1263.260000 0.136249
1264.270000 0.122444
1265.280000 0.096970
1266.300000 0.110981
1267.510000 0.109264
1268.520000 0.173370
1269.541000 0.150402
1270.551000 0.141449
1271.690000 0.125995
1272.701000 0.119074
1273.723000 0.115765
1274.740000 0.139894
1275.750000 0.099580
1276.760000 0.143572
1277.781000 0.101207
1278.800000 0.101032
1279.810000 0.135446
1280.971000 0.064647
1282.001000 0.095627
1283.011000 0.052060
1284.030000 0.059070
1285.060000 0.039845
1286.090000 0.030548
1287.142000 0.016905
1299.106000 0.001764
1300.141000 0.056835
1301.161000 0.050965
1302.181000 0.035262
1303.191000 0.048760
1304.201000 0.040432
1305.221000 0.038252
1306.301000 0.046969
1308.692000 0.005149
1310.323000 0.003355
1311.471000 0.036290
1312.491000 0.028165
1313.511000 0.022989
1314.601000 0.046513
1315.621000 0.075095
1316.631000 0.100715
1317.712000 0.079883
1318.722000 0.113053
1319.741000 0.074190
1320.921000 0.094846
1321.922000 0.128217
1323.062000 0.085755
1324.081000 0.092857
1325.091000 0.074495
1326.112000 0.058954
1327.123000 0.064501
1328.131000 0.062429
1329.142000 0.053562
1330.152000 0.113774
1331.172000 0.093893
1332.192000 0.099501
1333.262000 0.108102
1334.272000 0.133676
1335.282000 0.053938
1336.332000 0.062537
1337.342000 0.027089
1338.352000 0.074987
1339.362000 0.115900
1340.383000 0.133493
1341.542000 0.190458
1342.543000 0.211479
1343.553000 0.183614
1344.573000 0.200327
1345.583000 0.172003
1346.593000 0.243672
1347.603000 0.193026
1348.612000 0.142739
1349.664000 0.162548
1350.674000 0.241093
1351.692000 0.131004
1352.693000 0.180396
1353.782000 0.145370
1354.783000 0.165363
1355.793000 0.132563
1356.804000 0.177662
1357.913000 0.099851
1359.253000 0.030651
1360.263000 0.291487
1361.272000 0.138291
1362.274000 0.159737
1363.362000 0.037106
1364.445000 0.037895
1365.461000 0.037701
1366.462000 0.086098
1367.514000 0.090674
1368.613000 0.034854
1369.632000 0.078176
1370.662000 0.063751
1371.678000 0.086173
1372.693000 0.054952
1373.715000 0.065589
1374.723000 0.075100
1376.103000 0.082278
1377.113000 0.086387
1378.114000 0.090468
1379.123000 0.145070
1380.124000 0.131316
1381.133000 0.143141
1382.153000 0.109976
1383.173000 0.046258
1384.174000 0.107964
1385.175000 0.098069
1386.183000 0.132278
1387.193000 0.113603
1388.195000 0.107420
1389.213000 0.150507
1390.223000 0.104057
1391.234000 0.060890
1392.243000 0.070501
1393.253000 0.059067
1394.254000 0.068332
1395.303000 0.044872
1396.314000 0.040593
1397.475000 0.037421
1398.584000 0.100359
1399.724000 0.081600
1400.733000 0.088331
1401.734000 0.108199
1402.743000 0.095208
1403.754000 0.135312
1404.824000 0.076552
1405.844000 0.087303
1406.854000 0.093070
1407.864000 0.121901
1408.874000 0.099723
1409.884000 0.103451
1410.885000 0.118836
1411.894000 0.132890
1412.904000 0.151525
1413.905000 0.161263
1414.914000 0.166696
1416.095000 0.145898
1417.104000 0.183033
1418.114000 0.136780
1419.115000 0.146046
1420.314000 0.137345
1421.324000 0.166598
1422.407000 0.112970
1423.426000 0.196035
1424.427000 0.153063
1425.428000 0.118935
1426.434000 0.159418
1427.448000 0.129381
1428.449000 0.170829
1429.465000 0.141155
1430.474000 0.188456
1431.494000 0.156940
1432.515000 0.187581
1433.595000 0.161113
1434.615000 0.161581
1435.625000 0.160725
1436.635000 0.172613
1437.645000 0.174725
1438.665000 0.187658
1439.679000 0.122158
1440.685000 0.164704
1441.735000 0.118295
1442.755000 0.177035
1443.765000 0.186915
1444.775000 0.191968
1445.776000 0.187229
1446.785000 0.185744
1447.795000 0.147647
1448.825000 0.206947
1449.835000 0.173043
1450.845000 0.173370
1451.865000 0.193129
1452.875000 0.137468
1453.895000 0.194264
1454.905000 0.162629
1455.955000 0.121768
1456.956000 0.118897
1458.336000 0.149007
1459.345000 0.219639
1460.357000 0.165053
1461.365000 0.096357
1462.375000 0.081521
1463.399000 0.115115
1464.405000 0.107095
1465.406000 0.140763
1466.426000 0.169005
1467.453000 0.091052
1468.455000 0.091473
1469.495000 0.021974
1481.161000 0.001993
1482.192000 0.038479
1483.232000 0.063138
1484.271000 0.046543
1485.322000 0.036271
1486.352000 0.047622
1487.612000 0.042824
1488.632000 0.072790
1489.652000 0.070064
1490.662000 0.116867
1491.679000 0.130711
1492.682000 0.108429
1493.683000 0.113720
1494.692000 0.147148
1495.702000 0.137186
1496.832000 0.135835
1497.842000 0.133485
1498.852000 0.118048
1499.861000 0.137278
1500.882000 0.136332
1502.112000 0.148385
1503.122000 0.189624
1504.252000 0.095709
1505.292000 0.111808
1506.302000 0.172016
1507.303000 0.147596
1508.312000 0.105611
1509.332000 0.144847
1510.342000 0.144927
1511.362000 0.102304
1512.372000 0.130028
1513.382000 0.089837
1514.392000 0.104741
1515.413000 0.104960
1516.622000 0.113432
1517.643000 0.142025
1518.662000 0.119067
1519.663000 0.135211
1520.692000 0.155141
1521.703000 0.109470
1522.712000 0.108445
1523.723000 0.120708
1524.732000 0.112754
1525.923000 0.124335
1526.932000 0.142359
1527.952000 0.090910
1529.302000 0.042560
1530.322000 0.056329
1534.394000 0.004024
1535.402000 0.145512
1536.412000 0.024380
1539.756000 0.001636
1540.763000 0.192041
1541.773000 0.072403
1542.783000 0.066988
1543.953000 0.053575
1545.173000 0.059001
1546.203000 0.065552
1547.223000 0.053410
1548.233000 0.058039
1549.243000 0.065996
1550.473000 0.063119
1551.483000 0.090253
1552.493000 0.097659
1553.503000 0.090630
1554.553000 0.091710
1555.563000 0.142218
1556.663000 0.082496
1557.677000 0.105882
1558.683000 0.150417
1559.693000 0.140887
1560.713000 0.116200
1561.724000 0.124120
1562.733000 0.110652
1563.743000 0.129756
1564.744000 0.169593
1565.754000 0.177405
1566.793000 0.114649
1568.213000 0.006744
1569.214000 0.135893
1570.223000 0.127767
1571.233000 0.116296
1572.254000 0.133236
1573.263000 0.160332
1574.264000 0.175527
1575.284000 0.161407
1576.285000 0.149930
1577.294000 0.157146
1578.303000 0.153193
1579.354000 0.125080
1580.363000 0.173542
1581.364000 0.142011
1582.594000 0.149550
1583.604000 0.173370
1584.614000 0.144882
1585.624000 0.182851
1586.644000 0.110351
1587.744000 0.153251
1588.745000 0.196795
1589.764000 0.143430
1590.854000 0.139995
1591.864000 0.184206
1592.874000 0.147092
1593.890000 0.116874
1594.895000 0.146913
1595.904000 0.177114
1596.934000 0.158988
1597.947000 0.202567
1598.954000 0.168805
1599.955000 0.160282
1600.964000 0.223707
1601.965000 0.145365
1602.974000 0.180321
1603.984000 0.054965
1604.994000 0.167952
1606.004000 0.125751
1607.014000 0.151699
1608.035000 0.113604
1609.044000 0.173542
1610.045000 0.125917
1611.054000 0.177610
1612.055000 0.136975
1613.075000 0.150315
1614.285000 0.156766
1615.306000 0.187581
1616.315000 0.144582
1617.388000 0.143607
1618.585000 0.165306
1619.595000 0.198083
1620.665000 0.162816
1621.815000 0.189390
1622.825000 0.254638
1623.835000 0.155540
1624.845000 0.170227
1625.925000 0.214013
1626.926000 0.276284
1627.945000 0.225342
1628.946000 0.227307
1629.955000 0.229647
1630.965000 0.207581
1631.966000 0.246060
1633.025000 0.219972
1634.026000 0.273327
1635.035000 0.199702
1636.045000 0.273600
1637.055000 0.188668
1638.065000 0.268182
1639.075000 0.168131
1640.076000 0.271960
1641.077000 0.213408
1642.086000 0.206330
1643.095000 0.237173
1644.287000 0.231879
1645.296000 0.258957
1646.306000 0.269537
1647.315000 0.206653
1648.316000 0.243261
1649.325000 0.172186
1650.336000 0.127085
1651.496000 0.109676
1652.506000 0.119192
1653.526000 0.069741
1654.545000 0.051015
1655.575000 0.051798
1656.586000 0.029489
1657.596000 0.018962
1658.616000 0.016094
1659.636000 0.032188
1660.656000 0.052306
1661.686000 0.062423
1662.696000 0.119192
1663.698000 0.114968
1664.706000 0.091070
1665.707000 0.154430
1666.716000 0.149778
1667.736000 0.107443
1668.746000 0.188269
1669.756000 0.156152
1670.766000 0.160299
1671.776000 0.212650
1672.777000 0.146898
1673.886000 0.142095
1674.906000 0.187286
1675.916000 0.168468
1676.917000 0.183862
1678.106000 0.176479
1679.107000 0.214561
1680.108000 0.169695
1681.236000 0.159663
1682.246000 0.181497
1683.247000 0.142005
1684.266000 0.167562
1685.418000 0.179565
1686.427000 0.222351
1687.429000 0.158881
1688.437000 0.181106
1689.446000 0.206081
1690.487000 0.182316
1691.496000 0.235909
1692.497000 0.156280
1693.507000 0.188103
1694.587000 0.253138
1695.617000 0.217818
1696.877000 0.210725
1697.878000 0.291093
1698.879000 0.279399
1699.897000 0.239968
1701.147000 0.323321
1702.157000 0.211295
1705.779000 0.036597
1706.788000 0.820258
1707.797000 0.142984
1709.508000 0.135121
1710.577000 0.257839
1711.587000 0.132737
1712.597000 0.165244
1713.599000 0.151626
1714.607000 0.233660
1715.608000 0.191373
1716.617000 0.280650
1717.627000 0.163851
1718.629000 0.233461
1719.637000 0.161374
1720.647000 0.223485
1721.648000 0.172446
1722.657000 0.235909
1723.658000 0.197413
1724.678000 0.220143
1725.828000 0.199995
1726.838000 0.250574
1727.848000 0.189475
1728.867000 0.226951
1729.877000 0.239739
1730.898000 0.169071
1731.918000 0.182868
1732.928000 0.242448
1733.938000 0.204312
1734.968000 0.223281
1736.378000 0.113515
1737.478000 0.213570
1738.488000 0.105752
1739.490000 0.248479
1740.498000 0.231796
1741.499000 0.250778
1742.508000 0.250031
1743.509000 0.246849
1744.538000 0.215969
1745.548000 0.224851
1746.558000 0.226194
1747.568000 0.164932
1748.569000 0.187297
1749.588000 0.201806
1750.589000 0.241894
1751.598000 0.167271
1752.609000 0.179133
1753.618000 0.171709
1754.638000 0.245643
1755.639000 0.221761
1756.768000 0.171551
1757.779000 0.238148
1758.780000 0.187403
1759.789000 0.227774
1760.899000 0.184314
1761.908000 0.212860
1762.909000 0.137241
1763.989000 0.154481
1764.998000 0.129185
1765.999000 0.117530
1767.018000 0.057008
1768.019000 0.073798
1769.238000 0.043877
1770.269000 0.038479
1771.279000 0.039279
1772.328000 0.027386
1773.418000 0.022591
1774.428000 0.037925
1775.598000 0.016369
1776.669000 0.033210
1777.679000 0.031152
1778.768000 0.015074
1779.799000 0.013269
1780.808000 0.016270
1781.851000 0.027544
1783.029000 0.001542
1784.099000 0.014064
1785.159000 0.014196
1786.319000 0.034133
1787.339000 0.041576
1788.499000 0.033553
1789.519000 0.036212
1790.579000 0.029683
1792.989000 0.004442
1794.749000 0.039435
1795.759000 0.050115
1796.760000 0.096156
1797.909000 0.127695
1798.969000 0.150953
1799.980000 0.127626
1801.159000 0.177545
1802.160000 0.198200
1803.169000 0.192080
1804.170000 0.197505
1805.171000 0.203511
1806.230000 0.166203
1807.240000 0.209979
1808.249000 0.246417
1809.250000 0.235965
1810.251000 0.199987
1811.260000 0.175446
1812.270000 0.207232
1813.271000 0.106027
1814.279000 0.161638
1815.480000 0.201523
1816.669000 0.185355
1817.810000 0.208960
1818.979000 0.210794
1820.050000 0.232675
1821.200000 0.248718
1822.210000 0.241171
1823.220000 0.150505
1824.230000 0.239739
1825.240000 0.183165
1826.350000 0.176341
1827.360000 0.230961
1828.361000 0.168758
1829.370000 0.224392
1830.380000 0.230977
1831.381000 0.208832
1832.411000 0.216192
1833.420000 0.209857
1834.421000 0.209125
1835.651000 0.163587
1836.760000 0.173007
1837.830000 0.175598
1838.930000 0.177931
1839.931000 0.230961
1840.932000 0.167828
1841.940000 0.187286
1842.941000 0.075297
1843.951000 0.121901
1845.402000 0.068943
1846.403000 0.235677
1847.420000 0.226267
1848.421000 0.282545
1849.431000 0.222641
1850.441000 0.216713
1851.451000 0.147838
1852.461000 0.143166
1853.471000 0.159826
1854.491000 0.120968
1855.492000 0.210462
1856.501000 0.182269
1857.511000 0.196396
1858.550000 0.036988
1860.111000 0.000876
1861.132000 0.264243
1862.141000 0.084059
1863.151000 0.134091
1864.152000 0.109179
1865.161000 0.109820
1866.171000 0.088040
1867.212000 0.036250
1868.542000 0.013473
1874.381000 0.002577
1875.412000 0.151263
1876.432000 0.028192
1877.461000 0.034426
1878.491000 0.046485
1879.621000 0.041987
1880.632000 0.055619
1881.641000 0.055942
1882.651000 0.099003
1883.682000 0.073880
1884.701000 0.108499
1885.802000 0.084876
1886.811000 0.117479
1887.832000 0.116303
1888.852000 0.099562
1890.091000 0.109745
1891.093000 0.087377
1892.131000 0.043736
1893.132000 0.064232
1894.142000 0.051994
1895.167000 0.052051
1896.292000 0.025005
1897.322000 0.097141
1898.572000 0.164077
1899.582000 0.133674
1900.702000 0.093838
1901.712000 0.106423
1902.882000 0.072878
1903.892000 0.083976
1905.112000 0.089799
1906.133000 0.071013
1907.152000 0.046987
1908.172000 0.070721
1909.173000 0.120982
1910.182000 0.144186
1911.213000 0.100853
1912.222000 0.173596
1913.382000 0.169705
1914.622000 0.173542
1915.632000 0.154277
1916.642000 0.113162
1917.742000 0.106151
1918.763000 0.068333
1919.792000 0.066472
1920.812000 0.064571
1921.822000 0.128673
1922.823000 0.071327
1923.862000 0.064516
1924.872000 0.041988
1926.112000 0.027710
1927.162000 0.027360
1928.173000 0.012178
1996.026000 0.000060
1997.035000 0.051520
1998.176000 0.056572
1999.196000 0.065277
2000.246000 0.076764
2001.386000 0.096737
2002.546000 0.158362
2003.716000 0.191410
2004.726000 0.141262
2005.727000 0.151782
2006.916000 0.170336
2007.917000 0.121368
2008.926000 0.140382
2009.946000 0.141724
2010.966000 0.146307
2011.976000 0.144927
2012.986000 0.043847
2013.996000 0.077204
2015.006000 0.085331
2016.017000 0.074801
2017.036000 0.073837
2018.046000 0.052824
2019.066000 0.037553
2021.726000 0.009988
2022.737000 0.044653
2023.836000 0.097246
2024.846000 0.101613
2025.867000 0.134103
2027.036000 0.127889
2028.046000 0.072088
2029.056000 0.073017
2030.067000 0.102837
2031.206000 0.136391
2032.208000 0.185257
2033.217000 0.183162
2034.237000 0.200158
2035.247000 0.222798
2036.257000 0.205536
2037.267000 0.226183
2038.268000 0.292460
2039.277000 0.219734
2040.377000 0.281700
2041.397000 0.263011
2042.407000 0.231577
2043.456000 0.246286
2044.463000 0.364891
2045.467000 0.322682
2046.468000 0.270037
2047.469000 0.312374
2048.470000 0.355849
2049.489000 0.348823
2050.547000 0.310038
2051.697000 0.264590
2052.698000 0.278793
2053.699000 0.169602
2054.707000 0.214429
2055.717000 0.168322
2056.727000 0.281727
2057.728000 0.257548
2058.738000 0.370168
2059.740000 0.361179
2060.749000 0.344940
2061.758000 0.400676
2062.759000 0.404604
2063.760000 0.488936
2064.778000 0.352964
2065.788000 0.293646
2066.789000 0.358058
2067.798000 0.274853
2068.808000 0.288308
2069.828000 0.365797
2070.829000 0.342065
2072.038000 0.285065
2073.048000 0.331842
2074.049000 0.302021
2075.249000 0.308573
2076.258000 0.318612
2077.259000 0.218885
2078.378000 0.198312
2079.408000 0.203208
2080.428000 0.118139
2082.500000 0.007907
2083.518000 0.253093
2084.520000 0.137892
2085.528000 0.100062
2086.558000 0.086330
2087.608000 0.027360
2088.648000 0.024992
2090.099000 0.001886
2100.501000 0.000658
2127.977000 0.000050
2129.057000 0.019000
2197.252000 0.000280
2198.424000 0.060497
2199.844000 0.005780
2201.084000 0.003310
2202.344000 0.003257
2203.784000 0.003575
2229.357000 0.000053
2231.277000 0.000713
2232.435000 0.007088
2233.617000 0.006944
2235.038000 0.008664
2236.137000 0.004729
2237.258000 0.009763
2238.418000 0.008255
2239.658000 0.015445
2240.680000 0.010708
2241.717000 0.013219
2242.858000 0.010800
2250.869000 0.001708
2251.879000 0.070845
2253.039000 0.125207
2254.040000 0.163667
2255.049000 0.116359
2256.109000 0.156860
2257.119000 0.209685
2258.120000 0.276372
2259.299000 0.255519
2260.310000 0.247083
2261.319000 0.255092
2262.320000 0.242830
2263.329000 0.256280
2264.330000 0.321239
2265.340000 0.438810
2266.341000 0.546653
2267.350000 0.391318
2268.351000 0.411513
2269.359000 0.225282
2270.370000 0.158429
2271.379000 0.267092
2272.469000 0.006573
2273.470000 0.163996
2274.476000 0.184834
2275.480000 0.336550
2276.490000 0.241438
2277.500000 0.194819
2278.651000 0.162829
2279.670000 0.181346
2280.680000 0.136800
2281.689000 0.145070
2282.840000 0.099184
2283.860000 0.124729
2284.870000 0.105126
2285.900000 0.091643
2286.910000 0.033861
2299.661000 0.000215
2315.993000 0.000090
2317.013000 0.067847
2318.023000 0.099433
2319.024000 0.088123
2320.063000 0.124167
2321.234000 0.065459
2322.293000 0.141153
2323.314000 0.129163
2324.324000 0.109167
2325.484000 0.126291
2326.494000 0.181601
2327.504000 0.195471
2328.884000 0.078754
2329.914000 0.053888
2331.134000 0.012334
2332.154000 0.116682
2333.163000 0.046149
2334.374000 0.097182
2335.384000 0.112420
2336.385000 0.092437
2337.394000 0.095674
2338.404000 0.070944
2339.414000 0.079913
2340.434000 0.055990
2341.444000 0.094812
2342.454000 0.097456
2343.464000 0.098543
2344.474000 0.109053
2345.475000 0.116359
2346.544000 0.133202
2347.554000 0.184206
2348.564000 0.189322
2349.565000 0.200163
2350.574000 0.183033
2351.575000 0.165363
2352.584000 0.194734
2353.585000 0.178992
2354.594000 0.189812
2355.604000 0.134091
2356.615000 0.155916
2357.735000 0.212857
2358.736000 0.293826
2359.756000 0.222791
2360.905000 0.173861
2361.915000 0.204630
2362.925000 0.164695
2363.935000 0.207232
2365.015000 0.153190
2366.035000 0.122047
2367.045000 0.192333
2368.055000 0.203168
2369.476000 0.073246
2370.495000 0.158756
2371.515000 0.152309
2372.525000 0.239739
2373.535000 0.216713
2374.536000 0.171270
2375.555000 0.234125
2376.575000 0.174957
2377.631000 0.172295
2378.635000 0.243018
2379.639000 0.153188
2380.655000 0.215433
2381.666000 0.179410
2382.678000 0.190229
2383.685000 0.222792
2384.695000 0.168862
2385.696000 0.124364
2386.705000 0.123037
2387.716000 0.174429
2388.875000 0.197420
2389.876000 0.072432
2390.885000 0.088127
2391.905000 0.040235
2401.846000 0.001648
2402.955000 0.075728
2404.396000 0.027509
2405.405000 0.045036
2406.406000 0.079373
2407.438000 0.055609
2408.446000 0.052717
2409.475000 0.057086
2410.515000 0.042092
2411.596000 0.010009
2412.616000 0.058584
2413.636000 0.041340
2414.706000 0.019476
2415.746000 0.021046
2416.806000 0.006453
2417.816000 0.013545
2418.845000 0.008021
2419.988000 0.022740
2421.006000 0.012094
2423.052000 0.004012
2424.606000 0.009373
2425.944000 0.050012
2427.247000 0.046675
2428.256000 0.066251
2429.416000 0.032318
2430.473000 0.037533
2431.526000 0.016429
2432.646000 0.012214
2433.686000 0.010523
2434.886000 0.009754
2435.967000 0.008858
2437.076000 0.007766
2438.396000 0.010364
2439.406000 0.010836
2440.426000 0.006706
2441.566000 0.006000
2442.128000 0.007302
