0.000000 0.018152
1.030000 0.034532
2.059000 0.025259
3.070000 0.062243
4.090000 0.087176
5.100000 0.151699
6.120000 0.063592
7.160000 0.065769
8.190000 0.083674
9.200000 0.096166
10.222000 0.147796
11.230000 0.268714
12.232000 0.266794
13.261000 0.255807
14.301000 0.209146
15.302000 0.299860
16.310000 0.213071
17.311000 0.138597
20.710000 0.014086
21.880000 0.268239
22.889000 0.042030
24.149000 0.001086
25.150000 0.157163
26.159000 0.239183
27.160000 0.278793
28.191000 0.316345
29.200000 0.317820
30.202000 0.300926
31.270000 0.307416
32.290000 0.292933
33.291000 0.236995
34.299000 0.222571
35.300000 0.232895
36.379000 0.260434
37.389000 0.283081
38.399000 0.215921
39.410000 0.254386
40.411000 0.308060
41.413000 0.330962
42.420000 0.353772
43.421000 0.463856
44.422000 0.391425
45.423000 0.421491
46.430000 0.385017
47.431000 0.411924
48.440000 0.330022
49.459000 0.241649
50.461000 0.239489
51.469000 0.309992
52.470000 0.384591
53.472000 0.393764
54.489000 0.347044
55.490000 0.379125
56.491000 0.421491
57.509000 0.406389
58.510000 0.407824
59.519000 0.415437
60.522000 0.303354
61.529000 0.325243
62.530000 0.328559
63.559000 0.310313
64.639000 0.377993
65.640000 0.559520
66.641000 0.608719
67.642000 0.546422
68.649000 0.595583
69.650000 0.470689
70.651000 0.396890
71.660000 0.342224
72.669000 0.287992
73.709000 0.266254
74.710000 0.371724
75.719000 0.239183
76.720000 0.335393
77.722000 0.333693
78.724000 0.333126
79.729000 0.355837
80.730000 0.327193
81.731000 0.298494
82.739000 0.353421
83.741000 0.391034
84.742000 0.376392
85.828000 0.339374
86.839000 0.387374
87.840000 0.334026
88.841000 0.280727
89.849000 0.375135
90.899000 0.241570
91.908000 0.301286
92.909000 0.217862
93.919000 0.234321
94.922000 0.229703
95.929000 0.306224
96.969000 0.328078
97.970000 0.318426
98.971000 0.299860
99.979000 0.240778
100.980000 0.254194
101.981000 0.180963
102.998000 0.216566
103.999000 0.217862
105.118000 0.279242
106.119000 0.399057
107.138000 0.279796
108.139000 0.361359
109.140000 0.299860
110.156000 0.376220
111.159000 0.356546
112.219000 0.350279
113.229000 0.423152
114.238000 0.287429
115.239000 0.247928
116.241000 0.318675
117.259000 0.170664
118.279000 0.148871
119.289000 0.052032
120.290000 0.363524
121.291000 0.368192
122.300000 0.320531
123.301000 0.308060
124.309000 0.271992
125.310000 0.364891
126.420000 0.386775
127.500000 0.380526
128.558000 0.385853
129.568000 0.387374
130.569000 0.372292
131.639000 0.434475
132.641000 0.474315
133.643000 0.319473
134.648000 0.327252
135.649000 0.306693
136.659000 0.293125
137.660000 0.220028
138.670000 0.191541
139.678000 0.290429
140.679000 0.320360
141.688000 0.308310
142.728000 0.204449
143.738000 0.189521
144.748000 0.130131
145.768000 0.126627
146.778000 0.228903
147.788000 0.169869
148.798000 0.205877
149.808000 0.191541
150.828000 0.210565
151.848000 0.172227
152.868000 0.138141
153.877000 0.120666
154.878000 0.124364
155.886000 0.185135
157.028000 0.207734
158.029000 0.261027
159.078000 0.117369
160.079000 0.153630
161.098000 0.126194
162.119000 0.125947
163.127000 0.067062
164.148000 0.083071
165.168000 0.077788
166.178000 0.083976
167.187000 0.065078
168.198000 0.058746
169.227000 0.050519
170.267000 0.027623
171.268000 0.113431
172.277000 0.151849
173.298000 0.103726
174.317000 0.059070
175.338000 0.099150
178.109000 0.038014
179.158000 0.136168
180.168000 0.157117
181.187000 0.122167
182.208000 0.052255
183.238000 0.037740
184.248000 0.055533
185.277000 0.101038
187.878000 0.003682
188.888000 0.237592
192.597000 0.025449
193.598000 0.174929
194.609000 0.051418
195.718000 0.062189
196.737000 0.081892
197.747000 0.079913
198.757000 0.177434
199.758000 0.115365
201.047000 0.123109
202.057000 0.047406
203.097000 0.036831
204.098000 0.112064
205.117000 0.051572
206.118000 0.124364
207.127000 0.226418
208.139000 0.197921
209.147000 0.209000
210.157000 0.201022
211.197000 0.204431
212.200000 0.241412
213.389000 0.178812
214.407000 0.111536
215.417000 0.037925
216.427000 0.055533
217.508000 0.146057
218.509000 0.311592
219.517000 0.324921
220.519000 0.190339
221.527000 0.358286
222.528000 0.277994
223.537000 0.183593
224.547000 0.280372
225.567000 0.235266
226.577000 0.255992
227.578000 0.276627
228.587000 0.336801
229.589000 0.255872
230.597000 0.313500
231.598000 0.273894
232.607000 0.315108
233.608000 0.350426
234.617000 0.377475
235.618000 0.437890
236.619000 0.355892
237.628000 0.401879
238.717000 0.369844
239.719000 0.353605
240.720000 0.306693
241.726000 0.253495
242.736000 0.223485
243.746000 0.157679
244.747000 0.187229
245.952000 0.013597
246.966000 0.229941
248.006000 0.015785
249.007000 0.068332
250.026000 0.123509
251.267000 0.042991
252.666000 0.032675
253.676000 0.046051
254.677000 0.036899
255.686000 0.070501
256.697000 0.090690
257.706000 0.077249
258.731000 0.066732
259.736000 0.063180
260.746000 0.085331
261.747000 0.112064
262.767000 0.158259
263.777000 0.133299
264.796000 0.045645
265.812000 0.059244
266.816000 0.102191
267.826000 0.068285
268.846000 0.079129
269.867000 0.079052
270.877000 0.082622
271.886000 0.081348
272.986000 0.044771
273.997000 0.102045
275.006000 0.176333
276.137000 0.143158
277.146000 0.155917
278.157000 0.140724
279.166000 0.074569
280.416000 0.032192
