0.000000 0.218814
1.318000 0.229750
2.549000 0.054953
3.559000 0.062543
4.739000 0.137191
5.839000 0.114182
6.849000 0.152129
7.859000 0.105786
8.860000 0.152845
9.979000 0.126370
10.989000 0.218604
11.999000 0.163530
13.019000 0.237762
14.020000 0.228174
15.149000 0.182736
16.150000 0.225046
17.160000 0.243017
18.169000 0.236385
19.180000 0.239009
20.189000 0.201412
21.359000 0.173808
22.379000 0.202705
23.389000 0.213605
24.400000 0.208437
25.440000 0.136800
26.460000 0.110400
27.490000 0.192583
28.492000 0.152625
29.649000 0.170234
30.660000 0.213792
31.670000 0.179207
32.679000 0.193923
33.719000 0.216073
34.909000 0.232987
36.012000 0.248383
37.170000 0.234615
38.339000 0.242790
39.340000 0.234245
40.370000 0.228609
41.372000 0.249776
42.380000 0.238187
43.390000 0.209166
44.469000 0.246887
45.470000 0.221229
46.479000 0.242688
47.480000 0.206122
48.481000 0.285626
49.489000 0.138963
50.670000 0.024325
51.809000 0.240510
52.810000 0.133930
53.820000 0.272340
55.009000 0.302353
56.013000 0.353014
57.020000 0.379979
58.030000 0.374754
59.200000 0.277778
60.290000 0.353974
61.340000 0.347365
62.350000 0.386935
63.359000 0.449635
64.360000 0.399225
65.369000 0.533375
66.530000 0.451209
67.540000 0.482490
68.541000 0.406580
69.542000 0.421750
70.551000 0.390944
71.552000 0.324276
72.560000 0.304000
73.561000 0.275164
74.570000 0.238228
75.580000 0.235477
76.581000 0.300659
77.590000 0.197478
78.600000 0.228903
79.610000 0.161180
80.620000 0.109186
81.640000 0.182400
83.022000 0.029696
84.041000 0.181671
85.042000 0.271960
86.060000 0.223844
87.070000 0.193752
88.071000 0.293826
89.080000 0.186980
90.081000 0.183129
91.092000 0.161871
92.220000 0.188525
93.231000 0.234089
94.232000 0.193249
95.240000 0.213071
96.250000 0.239739
97.270000 0.149432
98.420000 0.147664
99.430000 0.180143
100.431000 0.124514
101.440000 0.208793
102.451000 0.226069
103.461000 0.234197
104.610000 0.190584
105.621000 0.179964
106.631000 0.166653
107.640000 0.107108
108.650000 0.093457
109.660000 0.090749
110.670000 0.066659
111.691000 0.091111
112.700000 0.093550
113.730000 0.073289
114.751000 0.113888
115.760000 0.108464
116.911000 0.105222
117.920000 0.199302
118.921000 0.163509
120.023000 0.188469
121.031000 0.200857
122.041000 0.158825
123.051000 0.119070
124.052000 0.207728
125.071000 0.113986
126.080000 0.115243
127.081000 0.120264
128.110000 0.029248
129.121000 0.143837
130.651000 0.190719
131.652000 0.177708
132.671000 0.178313
133.921000 0.076954
134.922000 0.211828
135.941000 0.260210
137.231000 0.071928
138.241000 0.097521
139.243000 0.072359
140.261000 0.124974
141.262000 0.141718
142.271000 0.220995
143.282000 0.145004
144.291000 0.158628
145.302000 0.112760
146.331000 0.145056
147.362000 0.192242
148.363000 0.242662
149.371000 0.269073
150.491000 0.177368
151.492000 0.169463
152.503000 0.186597
153.512000 0.235801
154.521000 0.186102
155.541000 0.079129
156.551000 0.094812
157.571000 0.071082
158.591000 0.129545
159.592000 0.198162
160.593000 0.195429
161.601000 0.156584
162.617000 0.176386
163.621000 0.162143
164.622000 0.072555
165.632000 0.107002
166.641000 0.137640
167.652000 0.165502
168.713000 0.160222
169.714000 0.172196
170.715000 0.304741
171.882000 0.239041
172.883000 0.271676
173.922000 0.256368
174.923000 0.285904
175.931000 0.308071
176.942000 0.199277
178.111000 0.195391
179.112000 0.241894
180.114000 0.248763
181.122000 0.266000
182.132000 0.236492
183.142000 0.322360
184.152000 0.258510
185.153000 0.185862
186.161000 0.210551
187.332000 0.234309
188.342000 0.249220
189.362000 0.197258
190.372000 0.208586
191.373000 0.200143
192.374000 0.297926
193.382000 0.196154
194.552000 0.211699
195.562000 0.246511
196.692000 0.211316
197.702000 0.276309
198.703000 0.241692
199.712000 0.328103
200.715000 0.195852
201.717000 0.290802
202.722000 0.228171
203.724000 0.285599
204.732000 0.218554
205.742000 0.205053
206.902000 0.221088
207.912000 0.283081
208.913000 0.286627
209.914000 0.305794
210.923000 0.220995
211.962000 0.069782
212.963000 0.206362
214.092000 0.108786
215.093000 0.250094
216.650000 0.074682
217.823000 0.072349
218.824000 0.288360
219.825000 0.249359
220.834000 0.231610
221.835000 0.333459
222.843000 0.249333
223.844000 0.258250
224.853000 0.259034
225.854000 0.302179
226.855000 0.262972
227.863000 0.282101
228.864000 0.294100
229.873000 0.218942
230.883000 0.219422
231.893000 0.141480
232.902000 0.138291
233.913000 0.120273
234.934000 0.124607
235.942000 0.100429
236.943000 0.150829
237.953000 0.206872
238.954000 0.160119
239.963000 0.146174
241.113000 0.164535
242.133000 0.236643
243.143000 0.285978
244.152000 0.281500
245.154000 0.258353
246.163000 0.266382
250.192000 0.035712
251.343000 0.678932
252.353000 0.188269
253.354000 0.299576
254.364000 0.353210
255.403000 0.356833
256.404000 0.361138
257.414000 0.319548
258.421000 0.409609
259.423000 0.468001
260.424000 0.469201
261.463000 0.487395
262.464000 0.474950
263.465000 0.577575
264.474000 0.388592
265.476000 0.480673
266.478000 0.524839
267.479000 0.466018
268.534000 0.365108
269.545000 0.598264
270.546000 0.530858
271.553000 0.495972
272.556000 0.686731
273.995000 0.049457
275.003000 0.773420
276.016000 0.324107
277.023000 0.269576
278.024000 0.389491
279.025000 0.406149
280.027000 0.641677
281.036000 0.082691
282.044000 0.333857
283.045000 0.362158
284.046000 0.319198
285.054000 0.411214
286.064000 0.477241
287.065000 0.657351
288.066000 0.392395
289.067000 0.533798
290.074000 0.467321
291.075000 0.424064
292.076000 0.519349
293.077000 0.539820
294.079000 0.383423
295.456000 0.062588
296.816000 0.694732
297.817000 0.206362
298.853000 0.287861
299.874000 0.332286
300.875000 0.251569
301.884000 0.432500
302.894000 0.466664
303.896000 0.507880
304.904000 0.433828
305.906000 0.494721
306.934000 0.387110
307.935000 0.388124
308.936000 0.399057
309.937000 0.323283
310.944000 0.260830
311.945000 0.246531
312.955000 0.247865
313.964000 0.205371
314.974000 0.173370
315.997000 0.104064
318.215000 0.016653
319.224000 0.283436
320.225000 0.202262
321.242000 0.161079
322.244000 0.184329
323.246000 0.191007
324.294000 0.192484
325.295000 0.237794
326.296000 0.252213
327.305000 0.258500
328.314000 0.309122
329.315000 0.248654
330.324000 0.322680
331.356000 0.270501
332.365000 0.321324
333.366000 0.230551
334.367000 0.228800
335.375000 0.223929
336.384000 0.156638
337.394000 0.193687
338.445000 0.198910
339.454000 0.239976
340.455000 0.217237
341.465000 0.276309
342.485000 0.253651
343.486000 0.321159
344.505000 0.235968
345.519000 0.291408
346.525000 0.227837
347.535000 0.246639
348.544000 0.191167
349.545000 0.174929
350.555000 0.140220
351.556000 0.295193
352.564000 0.198622
353.575000 0.159668
354.595000 0.130252
355.605000 0.234321
356.615000 0.143402
357.624000 0.196591
358.635000 0.097682
359.655000 0.109976
360.724000 0.086346
361.735000 0.148843
362.755000 0.117155
363.854000 0.124564
364.865000 0.143430
365.887000 0.081534
366.955000 0.160733
367.965000 0.166598
368.974000 0.115476
369.985000 0.122056
371.225000 0.131360
372.235000 0.170661
373.245000 0.138752
374.495000 0.136438
375.496000 0.183129
376.505000 0.133563
377.535000 0.122980
378.545000 0.138154
379.555000 0.100881
380.615000 0.105024
381.625000 0.140863
382.645000 0.118365
383.655000 0.165244
384.656000 0.140452
385.665000 0.155655
386.766000 0.082005
387.796000 0.134201
388.797000 0.144863
389.942000 0.119794
390.957000 0.154995
391.965000 0.168286
392.966000 0.102239
393.976000 0.063659
394.995000 0.051015
396.525000 0.010729
398.315000 0.010270
411.486000 0.000831
412.926000 0.001900
420.045000 0.000384
421.056000 0.043300
422.072000 0.029622
423.805000 0.049556
