0.000000 0.466656
5.515000 0.002971
7.064000 0.075605
8.126000 0.045085
9.164000 0.072977
10.165000 0.092882
11.364000 0.141813
12.444000 0.162056
13.475000 0.204899
14.554000 0.268186
15.555000 0.327629
16.556000 0.369318
17.689000 0.290266
18.834000 0.292826
19.925000 0.354836
21.034000 0.426952
22.035000 0.376200
23.174000 0.387928
24.175000 0.501986
25.184000 0.377803
26.194000 0.294336
27.195000 0.287037
28.215000 0.304804
29.216000 0.349410
30.394000 0.333136
31.396000 0.352883
32.413000 0.288684
33.414000 0.209656
34.415000 0.404674
35.416000 0.484681
36.424000 0.465914
37.426000 0.376062
38.434000 0.472048
39.436000 0.448346
40.437000 0.481396
41.443000 0.323737
42.445000 0.262108
43.454000 0.267092
44.455000 0.183243
45.473000 0.222679
46.475000 0.299293
47.483000 0.324248
48.484000 0.434006
49.544000 0.400925
50.545000 0.451912
51.546000 0.484661
52.924000 0.589644
53.934000 0.402269
55.064000 0.284419
56.065000 0.381597
57.066000 0.440746
58.074000 0.410679
59.084000 0.372949
60.085000 0.374841
61.223000 0.343015
62.313000 0.327204
63.314000 0.405690
64.315000 0.399951
65.363000 0.465502
66.374000 0.392842
67.533000 0.397267
68.534000 0.403223
69.535000 0.435835
70.543000 0.274996
71.545000 0.273669
72.563000 0.347248
73.564000 0.463289
74.565000 0.265699
75.573000 0.373395
76.593000 0.299328
77.594000 0.392099
79.053000 0.478350
80.054000 0.433516
81.055000 0.450018
82.063000 0.505614
83.064000 0.507786
84.153000 0.374079
85.154000 0.416609
86.164000 0.337259
87.165000 0.259531
88.313000 0.272437
89.314000 0.430490
90.323000 0.183631
91.453000 0.244850
92.463000 0.329133
93.464000 0.250896
94.823000 0.347248
95.833000 0.283081
96.913000 0.101297
97.914000 0.258294
98.918000 0.249254
99.922000 0.211195
100.923000 0.198162
101.933000 0.219750
102.943000 0.275377
103.953000 0.231371
104.954000 0.249238
105.955000 0.256781
106.962000 0.232667
107.964000 0.293533
108.973000 0.249520
109.983000 0.288418
110.984000 0.295991
111.985000 0.298516
112.993000 0.314491
114.000000 0.399396
115.003000 0.361678
116.173000 0.404083
117.183000 0.339968
118.342000 0.297658
119.583000 0.270872
120.584000 0.325259
121.732000 0.327311
122.743000 0.439932
123.747000 0.445213
124.748000 0.445664
125.763000 0.365205
126.932000 0.212938
127.933000 0.315692
128.934000 0.325720
129.942000 0.195799
130.943000 0.405846
131.953000 0.463506
132.954000 0.475046
133.963000 0.401125
134.965000 0.401985
135.992000 0.412354
136.993000 0.441529
138.002000 0.429042
139.012000 0.344755
140.013000 0.440136
141.014000 0.453110
142.016000 0.587066
143.723000 0.202807
144.732000 0.828005
145.733000 0.299293
146.742000 0.286073
147.743000 0.306984
148.744000 0.426390
149.747000 0.413231
150.752000 0.506887
151.753000 0.460868
152.754000 0.486754
153.762000 0.413929
154.763000 0.301499
155.765000 0.501054
156.842000 0.495467
157.843000 0.442789
159.046000 0.013619
160.061000 0.827141
161.067000 0.303245
162.073000 0.325051
163.074000 0.375962
164.082000 0.354214
165.083000 0.266782
166.091000 0.267357
167.101000 0.254638
168.102000 0.217680
169.104000 0.418542
170.112000 0.410633
171.162000 0.339849
172.302000 0.316167
173.312000 0.376619
174.372000 0.334483
175.442000 0.347765
176.532000 0.341944
177.591000 0.315048
178.592000 0.329858
179.622000 0.334496
180.631000 0.328031
181.632000 0.386740
182.721000 0.355105
183.747000 0.422034
184.752000 0.347171
185.753000 0.406423
186.754000 0.480409
187.756000 0.456786
188.962000 0.463074
190.163000 0.021642
193.681000 0.230698
194.682000 0.248727
195.683000 0.312653
196.693000 0.328125
197.694000 0.347472
198.701000 0.324575
199.711000 0.251275
200.712000 0.323892
201.722000 0.239692
202.724000 0.298994
203.731000 0.231386
204.732000 0.282893
205.746000 0.145944
206.751000 0.271147
207.752000 0.306854
208.771000 0.371369
209.911000 0.301938
210.971000 0.264658
212.091000 0.260165
213.112000 0.323472
214.114000 0.469649
215.132000 0.434791
216.133000 0.426418
217.134000 0.388313
218.241000 0.284815
219.331000 0.321483
220.341000 0.299335
221.351000 0.217251
222.361000 0.213868
223.370000 0.235909
224.381000 0.182619
225.382000 0.302026
226.391000 0.126944
227.392000 0.330725
228.401000 0.288567
229.402000 0.316805
230.403000 0.303393
231.411000 0.251889
232.421000 0.268821
233.521000 0.238574
234.530000 0.191167
235.531000 0.170127
236.532000 0.222761
237.551000 0.197309
238.560000 0.203370
239.563000 0.186855
240.570000 0.179689
241.571000 0.276060
242.572000 0.291620
243.591000 0.289978
244.800000 0.240168
245.801000 0.325259
246.810000 0.311690
247.821000 0.287496
248.831000 0.413109
250.041000 0.290536
251.054000 0.290210
252.261000 0.225340
253.271000 0.291282
254.290000 0.224196
255.300000 0.064674
256.301000 0.146230
257.310000 0.203204
258.311000 0.170698
259.341000 0.195661
260.382000 0.156380
261.390000 0.235533
262.480000 0.179048
263.490000 0.238384
264.491000 0.221395
265.500000 0.244213
266.501000 0.273327
267.510000 0.225062
268.511000 0.196880
269.520000 0.257602
270.521000 0.205952
271.530000 0.201226
272.531000 0.286993
273.551000 0.196525
274.560000 0.261669
275.561000 0.169015
276.570000 0.282006
277.571000 0.215870
278.580000 0.245399
279.590000 0.204693
280.600000 0.257347
281.610000 0.183892
282.620000 0.153053
283.640000 0.111318
284.660000 0.097298
285.675000 0.132083
286.680000 0.115701
287.700000 0.115341
288.710000 0.069205
289.720000 0.104293
290.749000 0.122309
291.780000 0.060146
292.790000 0.032507
293.800000 0.073141
294.810000 0.052824
295.820000 0.074495
296.829000 0.046955
297.830000 0.047832
298.849000 0.077865
299.850000 0.081498
300.929000 0.054517
301.959000 0.033204
302.969000 0.029798
304.009000 0.028938
305.019000 0.028871
306.040000 0.049575
307.052000 0.055842
308.069000 0.053805
309.109000 0.023677
310.390000 0.013794
311.470000 0.007600
329.625000 0.000151
330.655000 0.013282
331.677000 0.013386
332.715000 0.013179
333.855000 0.009057
334.895000 0.058138
335.925000 0.068270
336.935000 0.075468
337.954000 0.048350
338.955000 0.075453
339.956000 0.066615
340.965000 0.074893
341.975000 0.071563
342.976000 0.068680
343.995000 0.069173
345.005000 0.108238
346.105000 0.067249
347.125000 0.076480
348.135000 0.075788
349.146000 0.088199
350.165000 0.121414
351.173000 0.096490
352.215000 0.062953
353.255000 0.040777
356.363000 0.005272
357.365000 0.166948
358.384000 0.055060
359.504000 0.021458
360.505000 0.038266
361.524000 0.016110
362.825000 0.007507
363.936000 0.009851
365.005000 0.011517
366.074000 0.011517
367.435000 0.016077
368.444000 0.044741
369.445000 0.031564
370.464000 0.051643
371.465000 0.074567
372.484000 0.063573
373.495000 0.054596
374.515000 0.057080
375.535000 0.041036
376.564000 0.036841
377.575000 0.027062
378.724000 0.024339
379.795000 0.051557
380.805000 0.056718
382.145000 0.042419
383.225000 0.057447
384.244000 0.062698
385.294000 0.063444
386.295000 0.066965
387.304000 0.036648
388.344000 0.055501
389.354000 0.055533
390.355000 0.029650
391.424000 0.033272
392.474000 0.019543
393.494000 0.015651
394.504000 0.044697
395.516000 0.024864
396.524000 0.036643
397.544000 0.023867
398.564000 0.046941
399.584000 0.021879
400.804000 0.049109
401.824000 0.064617
403.024000 0.051102
404.074000 0.032571
415.971000 0.000575
416.975000 0.005450
417.991000 0.008079
419.371000 0.003965
420.471000 0.003247
421.491000 0.001104
422.622000 0.006048
423.692000 0.020456
424.922000 0.131816
425.932000 0.124006
426.942000 0.117066
427.943000 0.145311
429.111000 0.133606
430.112000 0.166447
431.121000 0.156983
432.272000 0.170986
433.282000 0.189267
434.441000 0.134153
435.442000 0.188595
436.452000 0.161913
437.461000 0.219639
438.462000 0.162842
439.662000 0.165094
440.672000 0.214004
441.674000 0.180916
442.682000 0.195456
443.692000 0.218312
444.693000 0.204470
445.701000 0.146283
446.721000 0.112659
447.731000 0.076476
448.821000 0.080323
449.822000 0.073841
450.831000 0.167182
451.841000 0.184206
452.842000 0.157145
453.851000 0.148733
454.861000 0.134939
455.872000 0.140724
456.881000 0.114779
458.244000 0.131577
459.251000 0.152151
460.281000 0.052311
461.301000 0.080471
462.311000 0.077513
463.321000 0.102670
464.331000 0.066368
465.341000 0.110639
466.342000 0.173201
467.352000 0.228568
468.416000 0.132857
469.431000 0.130735
470.441000 0.076675
471.451000 0.092103
472.453000 0.120802
473.461000 0.217404
474.471000 0.150587
475.481000 0.185560
485.731000 0.000801
486.733000 0.099665
487.764000 0.071938
488.913000 0.087201
489.943000 0.066587
491.043000 0.048517
492.073000 0.002656
493.143000 0.108959
494.153000 0.105220
495.163000 0.099251
496.183000 0.070163
497.193000 0.048760
498.263000 0.020270
499.293000 0.053459
500.312000 0.051015
501.313000 0.062421
502.328000 0.049091
503.343000 0.077786
504.413000 0.058811
505.552000 0.027589
507.083000 0.023232
508.103000 0.045488
509.113000 0.097639
510.332000 0.098094
511.342000 0.092482
512.363000 0.049082
513.393000 0.056246
514.402000 0.071480
515.452000 0.055223
516.522000 0.047305
517.532000 0.067331
518.542000 0.054422
519.552000 0.058242
520.662000 0.019821
533.221000 0.000218
534.262000 0.039462
535.322000 0.054085
536.362000 0.102230
537.363000 0.151085
538.491000 0.154605
539.532000 0.174875
540.542000 0.163991
541.663000 0.156593
542.671000 0.157102
543.672000 0.168043
544.673000 0.190957
545.674000 0.260405
546.762000 0.231178
547.763000 0.310969
548.771000 0.293111
550.832000 0.102073
551.981000 0.076166
566.025000 0.004091
567.026000 0.034166
568.036000 0.079913
569.196000 0.073803
570.197000 0.130497
571.206000 0.117061
572.216000 0.137764
573.226000 0.141574
574.436000 0.106104
575.445000 0.211036
576.505000 0.132127
577.506000 0.137412
578.526000 0.127412
579.536000 0.065638
580.545000 0.126196
581.546000 0.180730
582.606000 0.161340
583.615000 0.101685
600.410000 0.002036
601.553000 0.004792
602.630000 0.007621
603.850000 0.004485
605.030000 0.004637
606.210000 0.006956
607.269000 0.006904
608.350000 0.002306
609.530000 0.004637
610.690000 0.007076
612.100000 0.005821
613.101000 0.087079
614.110000 0.142019
615.130000 0.044259
616.161000 0.051545
617.380000 0.094710
618.400000 0.142305
622.429000 0.012223
623.438000 0.061074
624.448000 0.138726
625.458000 0.197330
626.459000 0.197427
627.518000 0.236958
628.529000 0.282539
629.578000 0.264805
630.589000 0.321522
631.769000 0.221476
632.770000 0.233315
633.778000 0.215951
634.779000 0.182248
635.788000 0.155192
636.878000 0.162740
638.039000 0.172283
639.068000 0.181685
640.069000 0.133930
641.089000 0.126286
642.108000 0.158414
643.118000 0.072872
644.138000 0.148871
645.148000 0.095759
646.149000 0.133930
647.158000 0.141150
648.169000 0.123134
649.189000 0.103271
650.198000 0.079146
651.208000 0.157117
652.209000 0.137106
653.218000 0.203370
654.219000 0.139207
655.348000 0.066643
656.349000 0.087465
657.358000 0.088726
658.368000 0.130028
659.578000 0.096099
660.589000 0.170493
661.598000 0.101191
662.608000 0.073141
663.618000 0.116483
664.858000 0.014342
675.383000 0.000390
676.519000 0.007232
677.579000 0.006453
678.722000 0.002394
680.010000 0.004248
681.179000 0.004681
682.579000 0.003909
683.600000 0.006699
684.759000 0.007082
685.859000 0.004975
687.039000 0.004637
688.242000 0.004549
689.439000 0.004571
690.679000 0.004413
691.799000 0.003664
692.939000 0.006000
694.099000 0.008255
695.359000 0.005429
696.659000 0.004209
697.744000 0.007565
698.910000 0.005866
699.949000 0.002674
700.969000 0.036212
701.999000 0.045157
703.039000 0.033540
704.309000 0.029804
705.310000 0.038266
706.339000 0.028108
707.369000 0.038517
708.429000 0.028881
709.439000 0.037925
710.449000 0.044697
711.459000 0.034965
712.719000 0.036835
713.730000 0.044653
714.759000 0.034465
715.869000 0.040707
716.889000 0.027489
717.899000 0.054178
718.929000 0.033679
719.939000 0.039279
721.159000 0.026572
722.202000 0.034102
723.400000 0.025997
724.429000 0.034566
725.479000 0.014331
726.799000 0.013999
728.210000 0.025208
729.588000 0.019482
730.790000 0.005691
731.819000 0.041213
732.962000 0.020215
733.999000 0.039576
735.089000 0.025539
736.118000 0.045201
737.229000 0.025518
738.258000 0.050519
739.299000 0.029147
740.339000 0.038146
741.378000 0.029924
742.388000 0.037925
743.408000 0.031822
744.419000 0.033723
745.439000 0.045600
746.449000 0.034700
747.549000 0.028611
748.568000 0.053700
749.598000 0.034401
750.758000 0.034896
751.949000 0.035607
752.968000 0.046267
753.978000 0.045267
754.998000 0.034634
756.129000 0.026317
757.158000 0.055837
758.188000 0.034342
759.228000 0.038146
760.238000 0.042249
761.318000 0.033556
762.328000 0.046051
763.358000 0.035460
764.529000 0.035047
765.558000 0.046256
766.578000 0.045600
767.598000 0.029811
768.789000 0.036756
769.798000 0.043257
770.909000 0.041865
771.928000 0.035316
773.068000 0.035609
774.778000 0.024000
775.789000 0.020048
791.867000 0.000255
794.273000 0.000569
796.108000 0.001491
797.345000 0.002212
798.530000 0.002309
799.648000 0.002447
800.848000 0.004560
801.886000 0.003954
803.286000 0.002931
804.707000 0.003851
805.805000 0.002492
807.286000 0.001847
808.565000 0.003211
809.645000 0.002533
810.785000 0.003600
812.284000 0.002738
813.425000 0.003600
814.486000 0.003868
815.585000 0.003734
816.586000 0.004100
817.865000 0.003209
819.065000 0.003420
820.084000 0.003179
821.405000 0.000852
822.605000 0.007980
823.606000 0.016400
824.629000 0.009361
825.706000 0.017783
826.847000 0.007194
827.866000 0.010740
829.108000 0.005874
830.206000 0.012459
831.207000 0.015033
832.265000 0.014223
833.508000 0.011014
834.628000 0.014657
835.967000 0.007666
837.125000 0.011813
838.348000 0.004474
840.047000 0.001610
841.985000 0.002824
843.107000 0.004877
847.906000 0.000570
849.347000 0.004747
851.506000 0.003168
853.726000 0.000616
855.087000 0.002010
856.384000 0.002109
857.464000 0.003800
858.604000 0.003600
859.725000 0.003543
860.727000 0.001125
861.810000 0.011368
862.886000 0.013985
863.986000 0.013680
865.009000 0.014710
866.164000 0.002526
872.471000 0.000651
873.500000 0.069912
874.711000 0.097249
875.721000 0.119552
876.771000 0.157919
877.871000 0.186086
878.961000 0.207576
879.962000 0.284299
881.101000 0.279718
882.111000 0.293309
883.112000 0.249310
884.231000 0.250698
885.232000 0.355524
886.241000 0.209834
887.251000 0.310420
888.253000 0.385588
889.401000 0.341529
890.412000 0.448326
891.421000 0.487276
892.611000 0.358429
893.613000 0.429965
894.690000 0.385080
895.692000 0.491744
896.693000 0.437334
897.694000 0.419127
898.701000 0.403577
899.721000 0.395595
900.722000 0.391352
901.723000 0.438921
902.740000 0.358497
903.746000 0.321313
904.780000 0.261363
905.781000 0.245994
906.782000 0.254371
907.790000 0.263690
908.791000 0.238237
909.801000 0.256158
910.811000 0.207001
911.812000 0.085408
912.813000 0.273619
913.820000 0.361863
914.821000 0.364615
915.830000 0.343046
916.840000 0.314830
917.851000 0.191735
919.091000 0.069503
920.129000 0.071168
921.130000 0.151696
922.152000 0.189348
927.657000 0.005964
928.680000 0.602634
929.695000 0.171168
930.700000 0.185620
931.730000 0.257434
932.731000 0.170829
933.745000 0.157261
934.750000 0.273649
935.752000 0.242617
936.760000 0.292919
937.770000 0.220478
938.780000 0.209671
939.940000 0.206903
940.949000 0.220995
941.950000 0.145465
942.951000 0.322372
943.960000 0.337234
944.961000 0.318183
945.970000 0.268670
946.980000 0.322360
947.991000 0.184809
949.019000 0.166504
950.020000 0.091564
951.059000 0.086899
952.079000 0.072424
953.089000 0.030870
954.099000 0.170661
955.108000 0.126089
956.110000 0.086012
957.119000 0.095431
958.120000 0.210462
959.139000 0.136576
960.199000 0.164433
961.220000 0.116568
962.230000 0.081267
963.239000 0.153037
964.240000 0.185862
965.249000 0.092885
967.019000 0.016231
968.029000 0.059655
969.040000 0.138018
970.049000 0.108414
971.059000 0.117838
972.070000 0.101772
973.099000 0.109015
974.289000 0.081433
975.290000 0.132563
976.489000 0.078169
977.505000 0.087520
978.506000 0.076531
979.549000 0.041164
980.839000 0.010605
981.859000 0.155576
982.869000 0.070408
983.879000 0.133044
984.899000 0.031950
985.909000 0.121481
986.910000 0.136361
987.919000 0.139170
988.929000 0.168072
989.939000 0.175972
990.940000 0.159090
991.959000 0.177553
992.970000 0.142360
993.978000 0.135748
994.999000 0.160397
996.019000 0.185079
997.089000 0.181542
998.230000 0.219193
999.499000 0.210697
1000.609000 0.227808
1001.610000 0.274600
1002.619000 0.238709
1003.629000 0.184954
1004.729000 0.194000
1005.890000 0.222767
1006.891000 0.210524
1008.398000 0.095935
1009.399000 0.221891
1010.569000 0.270703
1011.570000 0.257786
1012.571000 0.273149
1013.579000 0.271429
1014.589000 0.234774
1015.590000 0.308859
1016.599000 0.182651
1017.609000 0.279018
1018.610000 0.245507
1019.619000 0.287429
1020.768000 0.215405
1021.770000 0.265127
1022.778000 0.225330
1023.779000 0.303393
1024.780000 0.290493
1025.781000 0.259341
1026.789000 0.245717
1027.799000 0.283081
1028.918000 0.101872
1029.929000 0.177258
1030.930000 0.185432
1031.938000 0.164230
1032.958000 0.119365
1033.969000 0.140547
1034.978000 0.315278
1035.979000 0.228260
1036.988000 0.233429
1037.990000 0.178661
1039.008000 0.224417
1040.009000 0.186288
1041.018000 0.258957
1042.020000 0.193184
1043.030000 0.274954
1044.038000 0.204937
1045.208000 0.243836
1046.219000 0.327454
1047.220000 0.300269
1048.228000 0.280332
1049.229000 0.302687
1050.358000 0.230133
1051.359000 0.296559
1052.368000 0.238345
1053.369000 0.220752
1054.370000 0.301414
1055.378000 0.216705
1056.379000 0.271960
1057.388000 0.171993
1058.508000 0.263864
1059.509000 0.385391
1060.510000 0.373762
1061.511000 0.266830
1062.512000 0.476777
1063.529000 0.397092
1064.530000 0.321215
1065.531000 0.443709
1066.532000 0.449868
1067.538000 0.546676
1068.539000 0.448013
1069.540000 0.427858
1070.548000 0.291732
1071.558000 0.408064
1072.568000 0.374885
1073.578000 0.326424
1074.579000 0.307246
1075.588000 0.320556
1076.589000 0.392481
1077.590000 0.403266
1078.658000 0.351184
1079.660000 0.468253
1080.669000 0.383669
1081.678000 0.420191
1082.688000 0.306927
1083.689000 0.285569
1084.698000 0.442639
1087.037000 0.123984
1088.038000 0.783326
1089.058000 0.248408
1090.187000 0.299632
1091.297000 0.356949
1092.398000 0.379349
1093.399000 0.505654
1094.409000 0.246028
1095.418000 0.255980
1096.420000 0.315377
1097.427000 0.262357
1098.429000 0.253100
1099.438000 0.308035
1100.439000 0.313409
1101.440000 0.285452
1102.449000 0.345728
1103.458000 0.290868
1104.467000 0.262414
1105.468000 0.304759
1106.478000 0.249700
1107.488000 0.287145
1108.607000 0.231017
1109.608000 0.315692
1110.617000 0.281734
1111.618000 0.287796
1112.619000 0.268781
1113.727000 0.228871
1114.878000 0.250301
1115.880000 0.337680
1116.887000 0.414673
1117.888000 0.345013
1119.028000 0.343821
1120.087000 0.365046
1121.247000 0.321341
1122.248000 0.333223
1123.397000 0.305453
1124.408000 0.368585
1125.418000 0.466147
1126.419000 0.391870
1127.428000 0.263828
1128.477000 0.191879
1129.487000 0.270351
1130.488000 0.317059
1131.489000 0.302936
1132.498000 0.275699
1133.508000 0.374479
1134.687000 0.282466
1135.688000 0.351169
1136.689000 0.378926
1137.697000 0.399445
1138.698000 0.418439
1139.700000 0.487289
1140.708000 0.429925
1141.717000 0.287880
1142.718000 0.306744
1143.728000 0.300980
1144.767000 0.275242
1145.857000 0.319795
1146.859000 0.374105
1147.958000 0.324411
1148.967000 0.402807
1149.968000 0.430985
1151.157000 0.278815
1152.158000 0.384619
1153.327000 0.342298
1154.446000 0.321498
1155.507000 0.357736
1156.537000 0.337438
1157.538000 0.346061
1158.547000 0.426900
1159.557000 0.369021
1160.577000 0.267677
1161.579000 0.233349
1162.581000 0.239468
1163.787000 0.295685
1164.977000 0.367653
1165.987000 0.348095
1166.997000 0.247082
1168.007000 0.395058
1169.008000 0.390857
1170.009000 0.343490
1171.016000 0.369474
1172.037000 0.274478
1173.127000 0.356725
1174.136000 0.312143
1175.137000 0.207296
1176.226000 0.235421
1177.227000 0.362158
1178.228000 0.283757
1179.237000 0.281939
1180.247000 0.374673
1181.257000 0.269616
1182.258000 0.374458
1183.266000 0.216399
1184.267000 0.256145
1185.466000 0.221061
1186.467000 0.270593
1187.476000 0.255522
1188.488000 0.308931
1189.496000 0.334408
1190.567000 0.401121
1191.568000 0.445522
1193.856000 0.113074
1194.858000 0.751516
1195.956000 0.267597
1196.957000 0.326625
1197.967000 0.229214
1199.175000 0.245715
1200.207000 0.174878
1201.216000 0.311833
1202.217000 0.225850
1203.218000 0.455089
1204.219000 0.356817
1205.226000 0.273136
1206.286000 0.306708
1207.287000 0.422290
1208.288000 0.294255
1209.308000 0.299698
1210.316000 0.381357
1211.326000 0.206587
1212.336000 0.269537
1213.346000 0.232608
1214.348000 0.306126
1215.356000 0.284606
1216.357000 0.289726
1217.366000 0.236680
1218.367000 0.288533
1219.376000 0.384071
1220.377000 0.250701
1221.386000 0.274254
1222.387000 0.312959
1223.396000 0.249951
1224.397000 0.289758
1225.406000 0.338401
1226.407000 0.328001
1227.408000 0.284919
1228.416000 0.230561
1229.505000 0.260332
1230.656000 0.291087
1231.659000 0.363162
1232.666000 0.312873
1233.667000 0.330892
1234.676000 0.274736
1235.796000 0.343366
1236.810000 0.416876
1237.816000 0.401652
1238.827000 0.357032
1239.836000 0.300318
1240.837000 0.318708
1242.056000 0.328679
1243.266000 0.350604
1244.267000 0.431731
1245.268000 0.407257
1246.276000 0.308224
1247.277000 0.297683
1248.278000 0.341658
1249.286000 0.296590
1250.288000 0.370962
1251.296000 0.477714
1252.306000 0.411994
1253.307000 0.436125
1254.308000 0.379041
1255.316000 0.270245
1256.416000 0.207996
1257.426000 0.281285
1258.427000 0.303865
1259.437000 0.425299
1260.446000 0.393069
1261.475000 0.360843
1262.476000 0.375824
1263.477000 0.341658
1264.496000 0.254528
1265.505000 0.348786
1266.506000 0.297653
1267.507000 0.470122
1268.508000 0.370148
1269.516000 0.380000
1270.517000 0.232328
1271.525000 0.296190
1272.665000 0.260109
1273.666000 0.409990
1274.667000 0.412214
1275.668000 0.399657
1276.855000 0.318700
1277.856000 0.340178
1278.865000 0.300949
1279.875000 0.266520
1280.885000 0.292580
1281.985000 0.228566
1282.986000 0.338268
1283.987000 0.264765
1284.988000 0.255218
1285.995000 0.250311
1287.005000 0.260565
1288.006000 0.308137
1289.007000 0.244247
1290.014000 0.237663
1291.025000 0.231076
1292.027000 0.261095
1293.035000 0.267819
1294.046000 0.265298
1295.055000 0.212238
1296.066000 0.244296
1297.075000 0.196301
1298.126000 0.184418
1299.127000 0.232328
1300.135000 0.218310
1301.136000 0.308859
1302.145000 0.267194
1303.146000 0.218973
1304.147000 0.334825
1305.154000 0.258696
1306.155000 0.272570
1307.165000 0.318612
1308.166000 0.269242
1309.174000 0.329786
1310.175000 0.269227
1312.714000 0.042081
1314.146000 0.551735
1315.155000 0.200658
1316.165000 0.234599
1317.166000 0.266336
1318.175000 0.264743
1319.176000 0.238200
1320.185000 0.292852
1321.195000 0.241823
1322.205000 0.225951
1323.206000 0.236428
1324.215000 0.201723
1325.224000 0.169888
1326.225000 0.240527
1327.226000 0.244505
1328.234000 0.245168
1329.254000 0.229601
1330.255000 0.210462
1331.554000 0.013691
1332.994000 0.002328
1334.624000 0.001679
1335.652000 0.114555
1336.654000 0.278515
1337.845000 0.256607
1338.847000 0.308551
1339.855000 0.274310
1340.954000 0.245159
1342.074000 0.265791
1343.174000 0.252130
1344.264000 0.234623
1345.414000 0.223263
1346.585000 0.221101
1347.594000 0.274108
1348.595000 0.235805
1349.617000 0.271423
1350.624000 0.353559
1351.628000 0.291992
1352.634000 0.277799
1353.635000 0.338925
1354.394000 0.238399
