0.000000 0.310860
1.050000 0.345202
2.051000 0.209900
3.052000 0.192019
4.061000 0.222489
5.062000 0.258751
6.180000 0.204480
7.181000 0.273341
8.190000 0.259121
9.201000 0.253042
10.210000 0.149084
11.220000 0.148990
12.231000 0.046006
13.241000 0.047675
14.261000 0.108635
15.262000 0.050844
16.271000 0.048809
17.351000 0.031667
18.491000 0.044006
19.502000 0.195417
20.511000 0.155037
21.512000 0.187229
22.522000 0.171523
23.532000 0.179542
24.533000 0.207130
25.542000 0.233318
26.622000 0.098977
27.643000 0.171108
28.652000 0.131308
29.653000 0.142130
30.663000 0.116837
31.673000 0.126524
32.864000 0.172908
33.874000 0.199105
34.883000 0.138711
35.893000 0.184206
36.894000 0.191373
37.895000 0.235425
38.896000 0.311144
39.904000 0.221577
40.905000 0.242713
41.914000 0.228413
42.924000 0.182043
43.935000 0.161021
45.015000 0.206562
46.025000 0.236360
47.035000 0.196396
48.036000 0.187814
49.045000 0.180321
50.048000 0.142842
51.085000 0.163830
52.095000 0.154625
53.101000 0.228453
54.106000 0.160462
55.126000 0.092541
56.146000 0.036780
57.187000 0.064392
58.196000 0.079992
59.207000 0.078318
60.217000 0.117838
61.257000 0.101285
62.276000 0.032065
63.277000 0.068332
64.287000 0.155903
65.308000 0.085751
66.358000 0.068097
67.367000 0.143715
68.378000 0.151943
69.379000 0.212730
70.388000 0.121297
71.389000 0.131168
72.398000 0.196369
73.418000 0.170177
74.419000 0.211828
75.428000 0.150355
76.429000 0.172640
77.430000 0.255270
78.439000 0.230007
79.449000 0.176079
80.450000 0.103680
81.470000 0.138392
82.480000 0.220776
83.490000 0.161183
84.491000 0.347515
85.500000 0.376846
86.511000 0.189360
87.610000 0.217474
88.710000 0.319433
89.711000 0.247361
90.712000 0.260554
91.720000 0.287714
92.721000 0.181233
93.731000 0.214004
94.741000 0.156201
95.751000 0.158471
96.761000 0.138154
97.771000 0.144590
98.772000 0.169220
99.773000 0.225560
100.792000 0.216141
101.802000 0.175959
103.002000 0.207057
104.012000 0.188269
105.013000 0.182378
106.032000 0.202716
107.033000 0.148150
108.042000 0.229130
109.043000 0.158529
110.123000 0.130997
111.133000 0.172454
112.143000 0.214847
113.154000 0.163857
114.193000 0.127636
115.194000 0.209528
116.204000 0.246940
117.214000 0.252052
118.215000 0.276308
119.216000 0.296559
120.224000 0.250471
121.225000 0.275459
122.234000 0.331108
123.235000 0.276839
124.236000 0.325045
125.256000 0.430518
126.266000 0.295144
127.275000 0.259804
128.276000 0.327992
129.575000 0.196345
130.611000 0.171660
131.615000 0.114454
132.625000 0.092445
133.645000 0.139482
134.717000 0.183234
135.726000 0.272515
136.736000 0.240204
137.756000 0.300385
138.757000 0.286993
139.916000 0.235985
140.917000 0.295193
141.927000 0.233294
142.937000 0.293917
143.938000 0.253011
144.939000 0.316203
145.948000 0.304910
146.957000 0.276947
148.138000 0.269939
149.238000 0.272020
150.428000 0.252429
151.429000 0.286993
152.430000 0.227452
153.448000 0.265712
154.458000 0.297980
155.468000 0.247748
156.478000 0.247865
157.489000 0.181318
158.499000 0.170661
159.508000 0.120120
160.519000 0.104190
161.529000 0.089394
162.549000 0.045600
163.559000 0.058242
164.579000 0.042918
165.619000 0.039462
166.629000 0.027089
167.649000 0.028165
168.650000 0.028699
169.690000 0.027623
170.700000 0.036570
171.720000 0.026824
178.522000 0.002011
179.574000 0.010403
180.655000 0.011389
181.725000 0.011507
182.985000 0.008886
184.176000 0.082596
185.186000 0.160120
186.187000 0.132976
187.196000 0.157375
188.197000 0.179124
189.396000 0.176138
190.397000 0.234195
191.398000 0.234689
192.549000 0.215373
193.556000 0.273480
194.557000 0.244090
195.558000 0.161219
196.567000 0.174400
197.597000 0.162035
198.598000 0.137278
199.607000 0.146426
200.647000 0.140487
201.648000 0.250094
202.649000 0.231689
203.658000 0.216535
204.768000 0.243172
205.838000 0.239046
206.839000 0.250194
207.840000 0.247418
208.849000 0.256886
209.850000 0.249728
210.879000 0.323055
211.889000 0.228574
212.890000 0.329359
213.891000 0.249793
214.899000 0.259214
215.909000 0.238433
216.910000 0.315692
217.911000 0.257065
218.930000 0.307431
219.931000 0.246283
220.940000 0.309122
221.961000 0.248253
223.721000 0.003886
224.840000 0.587099
225.881000 0.140654
226.882000 0.172181
228.022000 0.118883
229.241000 0.150892
230.251000 0.165285
231.361000 0.133672
232.401000 0.138064
233.402000 0.170930
234.412000 0.166578
235.603000 0.140005
236.604000 0.174200
237.605000 0.193633
238.762000 0.123499
239.773000 0.136272
240.774000 0.146424
241.982000 0.113707
242.992000 0.154920
244.123000 0.121217
245.133000 0.154257
246.183000 0.108437
247.203000 0.145359
248.213000 0.061141
249.283000 0.033950
250.403000 0.131835
251.404000 0.149284
252.444000 0.176895
253.445000 0.224063
254.584000 0.191889
255.655000 0.163266
256.714000 0.086201
257.944000 0.116556
258.985000 0.118624
260.055000 0.175677
261.245000 0.175487
262.246000 0.209253
263.325000 0.171965
264.485000 0.194687
265.545000 0.178342
266.665000 0.166053
267.696000 0.167366
268.826000 0.158826
269.827000 0.214685
270.846000 0.121412
272.016000 0.154389
273.017000 0.199715
274.357000 0.109785
275.366000 0.176476
276.367000 0.155224
277.368000 0.127280
278.577000 0.096323
279.586000 0.129754
280.597000 0.151705
281.707000 0.116441
282.727000 0.144076
283.728000 0.132639
284.737000 0.156902
285.747000 0.127169
286.758000 0.148928
287.768000 0.124757
288.778000 0.157083
289.779000 0.130182
290.948000 0.173280
291.958000 0.160409
293.168000 0.099861
294.178000 0.129642
295.249000 0.125769
296.250000 0.179730
297.279000 0.139164
298.309000 0.178378
299.379000 0.182738
300.380000 0.188952
301.420000 0.122013
302.421000 0.115944
303.560000 0.117809
304.570000 0.168510
305.680000 0.115171
306.690000 0.177371
307.691000 0.188476
308.692000 0.222520
309.700000 0.232021
310.701000 0.229061
311.901000 0.193429
312.922000 0.230696
314.081000 0.275271
315.271000 0.298660
316.281000 0.248496
317.302000 0.238869
318.322000 0.294913
319.333000 0.286386
320.342000 0.241748
321.354000 0.262657
322.362000 0.215491
323.364000 0.245865
324.432000 0.228731
325.433000 0.269227
326.434000 0.215523
327.453000 0.190369
328.493000 0.243004
329.494000 0.344392
330.495000 0.313981
331.503000 0.301733
332.504000 0.344392
333.505000 0.247095
334.514000 0.337594
335.524000 0.344032
336.525000 0.226049
337.634000 0.273214
338.644000 0.277663
339.664000 0.191332
340.674000 0.218067
341.675000 0.193402
342.685000 0.177434
343.694000 0.092194
344.695000 0.066715
345.716000 0.041536
346.738000 0.002677
347.755000 0.107611
348.805000 0.057326
349.815000 0.142252
350.826000 0.269062
352.036000 0.268334
353.266000 0.239770
354.276000 0.251929
355.296000 0.077564
356.306000 0.083976
357.326000 0.109976
358.346000 0.126063
359.356000 0.166598
360.367000 0.126199
361.377000 0.151699
362.387000 0.119283
363.407000 0.162282
364.408000 0.136590
365.409000 0.265127
366.417000 0.223785
367.497000 0.184569
368.498000 0.233694
369.508000 0.198121
370.528000 0.202590
371.529000 0.271960
372.538000 0.156317
373.548000 0.166598
374.560000 0.175731
375.579000 0.114438
376.589000 0.138154
377.840000 0.076122
379.309000 0.038181
381.149000 0.008922
382.209000 0.027102
383.269000 0.020649
395.860000 0.000109
407.975000 0.000339
409.075000 0.033575
410.076000 0.356691
411.078000 0.506188
412.080000 0.535714
413.082000 0.554299
414.085000 0.521810
415.086000 0.525983
416.236000 0.543029
417.237000 0.684683
418.238000 0.513486
419.239000 0.622197
420.247000 0.568276
421.328000 0.566142
422.397000 0.596306
423.447000 0.570123
424.468000 0.277352
425.658000 0.315392
426.659000 0.389491
427.660000 0.340182
428.662000 0.597988
429.663000 0.595211
430.668000 0.586173
431.679000 0.577869
432.680000 0.593093
433.686000 0.533787
434.687000 0.599981
435.688000 0.621818
436.704000 0.465223
438.469000 0.270699
441.169000 0.305878
442.170000 0.423656
443.180000 0.339014
444.310000 0.240296
445.380000 0.232040
446.399000 0.293290
447.401000 0.190103
448.570000 0.278890
449.760000 0.267876
450.761000 0.309924
451.861000 0.224859
452.991000 0.230985
454.071000 0.219362
455.151000 0.228701
456.301000 0.248830
457.302000 0.326055
458.451000 0.225119
459.642000 0.266530
460.643000 0.295946
461.652000 0.220710
462.653000 0.264106
463.662000 0.195229
464.732000 0.227506
465.742000 0.165266
466.802000 0.165891
467.804000 0.216384
468.805000 0.189195
469.813000 0.226210
470.822000 0.261077
471.933000 0.175842
473.013000 0.212516
474.123000 0.237035
475.124000 0.292997
476.283000 0.214348
477.394000 0.243500
478.395000 0.275443
479.435000 0.211888
480.444000 0.223878
481.445000 0.239653
482.615000 0.205568
483.904000 0.181814
485.084000 0.157929
486.254000 0.138303
487.255000 0.211621
488.419000 0.162446
489.476000 0.262501
490.645000 0.238749
491.646000 0.248238
492.647000 0.218146
493.649000 0.242258
494.656000 0.187089
495.657000 0.191293
496.658000 0.208005
497.696000 0.191756
498.766000 0.152060
499.776000 0.161025
500.777000 0.162665
501.806000 0.140386
502.807000 0.193106
503.832000 0.129085
504.836000 0.133542
505.837000 0.116764
506.847000 0.112798
507.848000 0.111845
508.857000 0.083109
509.887000 0.073607
510.888000 0.101693
511.889000 0.162900
512.898000 0.159965
513.899000 0.200452
514.908000 0.210155
515.918000 0.115244
517.028000 0.146759
518.029000 0.151284
519.050000 0.140176
520.058000 0.134369
521.169000 0.158457
522.339000 0.177261
523.352000 0.176222
524.359000 0.072605
525.379000 0.063196
526.389000 0.074914
527.439000 0.115177
528.440000 0.184125
529.490000 0.109984
530.560000 0.130364
531.561000 0.196208
532.570000 0.413085
533.701000 0.256876
534.702000 0.331630
535.710000 0.175071
536.711000 0.170997
537.731000 0.189106
538.732000 0.249832
539.733000 0.353381
540.734000 0.374846
541.741000 0.324379
542.881000 0.245783
543.882000 0.211828
544.883000 0.242487
545.892000 0.245399
546.902000 0.122155
547.912000 0.140863
548.920000 0.116822
549.922000 0.170659
551.112000 0.099753
552.113000 0.170829
553.114000 0.205537
554.194000 0.208625
555.203000 0.169475
556.213000 0.109476
557.234000 0.233136
558.243000 0.084144
559.393000 0.053530
560.403000 0.062305
561.404000 0.132233
562.405000 0.240874
563.406000 0.151137
564.414000 0.137071
565.417000 0.054556
566.424000 0.087634
567.655000 0.066677
568.657000 0.230731
569.665000 0.222098
570.666000 0.236312
571.675000 0.196950
572.685000 0.227549
573.686000 0.189464
574.696000 0.159651
575.705000 0.158628
576.718000 0.144450
577.725000 0.183396
578.726000 0.149457
579.736000 0.260055
580.738000 0.206163
581.756000 0.222695
582.757000 0.206548
583.906000 0.224399
584.917000 0.235442
585.926000 0.157385
586.927000 0.203628
587.998000 0.173139
589.007000 0.237265
590.017000 0.162867
591.018000 0.233694
592.019000 0.187229
593.037000 0.158527
594.038000 0.237794
595.039000 0.247361
596.040000 0.223854
597.048000 0.216564
598.049000 0.149903
599.059000 0.197750
600.060000 0.219170
601.069000 0.229940
602.209000 0.196003
603.220000 0.261151
604.229000 0.139980
605.239000 0.208586
606.240000 0.189217
607.249000 0.242688
608.261000 0.185893
609.262000 0.254194
610.290000 0.143175
611.381000 0.043886
613.030000 0.019081
614.031000 0.124364
615.110000 0.098234
616.111000 0.154430
617.121000 0.134008
618.130000 0.157273
619.150000 0.108737
620.445000 0.100045
621.451000 0.212135
622.461000 0.151990
623.462000 0.182344
624.464000 0.168764
625.471000 0.175777
626.711000 0.165091
627.712000 0.091564
628.731000 0.111427
629.732000 0.087077
630.752000 0.126071
631.753000 0.133187
632.763000 0.125368
633.813000 0.185411
634.822000 0.195204
635.903000 0.165747
637.043000 0.147354
638.044000 0.240527
639.053000 0.263273
640.054000 0.267668
641.063000 0.204455
642.064000 0.191083
643.225000 0.166226
644.234000 0.242688
645.235000 0.188109
646.254000 0.173036
647.255000 0.199769
648.275000 0.199215
649.294000 0.198689
650.304000 0.053891
651.315000 0.128546
652.325000 0.140984
653.485000 0.143016
654.495000 0.170661
655.515000 0.084843
656.525000 0.104293
657.545000 0.067231
658.546000 0.107964
659.555000 0.046370
660.556000 0.042366
661.566000 0.079913
662.567000 0.116279
663.596000 0.045561
664.597000 0.061499
665.626000 0.033236
666.636000 0.035216
667.727000 0.010577
668.748000 0.041536
669.757000 0.035251
670.767000 0.058563
671.777000 0.069077
672.787000 0.046320
673.797000 0.090749
674.808000 0.046556
675.817000 0.105654
676.858000 0.100007
677.888000 0.066408
678.908000 0.021459
679.928000 0.045060
680.948000 0.094949
681.968000 0.075351
682.978000 0.101584
683.998000 0.091730
685.018000 0.053111
686.019000 0.065598
687.020000 0.072432
688.030000 0.038061
689.129000 0.027385
690.132000 0.160795
691.133000 0.260861
692.160000 0.215047
693.176000 0.099638
694.420000 0.030300
695.430000 0.092103
696.460000 0.059767
697.470000 0.071924
698.670000 0.097314
699.671000 0.087465
700.711000 0.052615
701.791000 0.005067
702.792000 0.153338
703.244000 0.151663
