0.000000 0.007600
1.204000 0.013619
2.212000 0.285032
3.230000 0.229006
4.231000 0.222761
5.241000 0.209149
6.242000 0.254761
7.250000 0.279571
8.260000 0.282289
9.261000 0.306693
10.262000 0.321159
11.270000 0.277421
12.271000 0.269794
13.281000 0.289853
14.290000 0.256809
15.300000 0.256554
16.301000 0.285626
17.310000 0.252741
18.311000 0.276627
19.320000 0.299631
20.330000 0.260618
21.340000 0.271453
22.350000 0.283644
23.351000 0.332092
24.360000 0.296127
25.361000 0.342226
26.370000 0.342224
27.394000 0.311828
28.410000 0.317764
29.411000 0.264328
30.420000 0.252741
31.421000 0.263760
32.430000 0.212067
33.431000 0.237794
34.440000 0.264941
35.450000 0.196396
36.461000 0.141289
37.470000 0.246755
38.471000 0.280727
39.486000 0.293029
40.490000 0.330303
41.500000 0.352158
42.510000 0.316150
43.511000 0.320360
44.520000 0.304262
45.620000 0.260436
46.621000 0.355325
47.630000 0.282569
48.631000 0.283461
49.660000 0.297018
50.661000 0.333459
51.670000 0.311041
52.671000 0.313526
53.690000 0.267713
54.700000 0.289853
55.710000 0.224048
56.720000 0.215358
57.730000 0.198313
58.740000 0.235675
59.750000 0.195604
60.751000 0.225495
61.752000 0.260228
62.760000 0.292349
63.769000 0.173542
64.770000 0.122198
65.780000 0.124610
66.790000 0.177434
67.800000 0.136008
68.809000 0.173542
69.819000 0.092103
70.839000 0.117239
71.849000 0.101584
72.869000 0.127412
73.880000 0.176467
74.896000 0.113102
75.910000 0.160544
76.919000 0.203933
77.920000 0.314326
78.930000 0.301251
79.939000 0.306973
80.949000 0.196396
81.959000 0.154970
82.969000 0.188269
83.970000 0.201463
84.979000 0.216928
85.990000 0.135873
87.000000 0.272246
88.001000 0.314893
89.009000 0.323563
90.020000 0.296894
91.031000 0.310170
92.049000 0.181972
93.050000 0.224128
94.051000 0.280727
95.060000 0.300194
96.149000 0.251761
97.150000 0.211828
98.151000 0.230162
99.159000 0.298571
100.160000 0.209663
101.240000 0.257659
102.249000 0.265736
103.259000 0.226756
104.269000 0.237030
105.270000 0.227429
106.279000 0.250823
107.289000 0.222693
108.299000 0.240301
109.309000 0.269537
110.319000 0.238947
111.329000 0.271453
112.330000 0.289726
113.339000 0.251386
114.399000 0.243162
115.409000 0.258701
116.419000 0.206440
117.429000 0.204523
118.439000 0.177996
119.449000 0.165244
120.459000 0.185560
121.469000 0.156325
122.479000 0.155762
123.482000 0.127410
124.489000 0.111396
125.499000 0.098875
126.509000 0.123255
127.519000 0.107564
128.539000 0.146188
129.549000 0.181497
130.559000 0.187477
131.569000 0.208586
132.579000 0.186123
133.599000 0.123388
134.690000 0.120895
135.709000 0.080550
136.739000 0.074377
137.748000 0.096262
138.749000 0.105231
139.759000 0.087248
140.768000 0.074569
141.789000 0.056274
142.799000 0.039279
143.809000 0.031152
144.819000 0.077204
145.828000 0.084059
146.848000 0.038110
147.852000 0.058590
148.859000 0.103245
149.868000 0.101685
150.888000 0.106510
151.889000 0.133930
152.899000 0.140863
154.038000 0.117000
155.039000 0.170829
156.049000 0.211295
157.058000 0.193086
158.059000 0.155796
159.079000 0.077788
160.088000 0.092757
161.109000 0.138006
162.128000 0.118139
163.138000 0.095374
164.148000 0.123255
165.149000 0.146230
166.168000 0.113327
167.178000 0.096166
168.188000 0.108356
169.189000 0.103864
170.208000 0.107957
171.209000 0.204995
172.219000 0.247073
173.229000 0.268182
174.238000 0.236472
175.279000 0.230517
176.288000 0.225062
177.308000 0.185639
178.318000 0.123255
179.328000 0.131382
180.348000 0.100588
181.349000 0.123564
182.358000 0.109820
183.388000 0.085002
184.398000 0.066368
185.408000 0.088602
186.429000 0.127287
187.438000 0.128801
188.448000 0.089394
189.458000 0.077766
190.488000 0.045157
191.518000 0.029219
192.568000 0.029966
193.628000 0.024521
201.043000 0.002210
202.078000 0.210940
203.108000 0.030548
204.118000 0.035216
205.128000 0.037925
206.158000 0.030548
207.178000 0.030847
208.188000 0.037925
209.218000 0.039845
210.258000 0.051300
211.268000 0.037925
212.298000 0.034532
213.578000 0.023956
214.588000 0.039279
215.598000 0.044697
216.631000 0.042378
217.657000 0.043879
218.658000 0.038434
219.707000 0.028690
220.718000 0.031122
225.945000 0.001047
235.980000 0.012678
236.987000 0.105168
237.998000 0.155608
239.018000 0.148086
240.027000 0.178965
241.037000 0.184206
242.038000 0.193263
243.048000 0.239739
244.057000 0.176817
245.058000 0.140763
246.068000 0.103838
247.077000 0.097280
248.108000 0.090227
249.137000 0.035895
250.157000 0.040235
251.158000 0.072432
252.168000 0.077766
253.187000 0.127537
254.198000 0.159668
255.207000 0.156481
256.227000 0.123388
257.228000 0.107964
258.238000 0.141426
259.247000 0.188456
260.278000 0.148609
261.287000 0.149701
262.297000 0.111065
263.317000 0.089859
264.327000 0.055533
265.337000 0.046051
267.780000 0.009752
268.787000 0.012226
271.302000 0.000544
272.317000 0.072780
275.925000 0.004542
277.187000 0.224862
278.197000 0.173370
279.277000 0.217126
280.278000 0.265127
281.287000 0.208000
282.298000 0.259798
283.307000 0.251386
284.357000 0.225935
285.359000 0.228000
286.367000 0.172357
287.377000 0.117046
288.387000 0.116483
289.397000 0.089394
290.417000 0.075106
291.427000 0.076412
292.437000 0.093457
293.447000 0.088040
294.457000 0.101584
295.467000 0.084539
296.468000 0.090198
297.507000 0.067149
298.527000 0.041576
299.537000 0.050115
300.547000 0.089394
301.557000 0.053386
302.587000 0.057111
305.767000 0.006453
306.787000 0.068400
307.808000 0.084411
308.827000 0.085920
309.866000 0.071646
310.867000 0.088831
311.907000 0.052615
312.936000 0.038554
313.967000 0.034499
315.007000 0.032885
316.066000 0.025836
317.067000 0.027333
331.879000 0.000369
332.888000 0.113094
333.899000 0.194849
334.918000 0.147674
335.920000 0.126172
336.928000 0.184571
337.939000 0.177820
338.948000 0.098973
339.949000 0.131197
340.958000 0.069146
341.968000 0.059596
342.978000 0.107564
343.979000 0.113431
344.988000 0.154561
346.000000 0.168182
347.009000 0.135580
348.018000 0.145633
349.019000 0.112064
350.029000 0.185560
351.040000 0.172408
352.048000 0.171000
353.049000 0.185062
354.059000 0.254638
355.069000 0.209149
356.079000 0.151699
357.138000 0.172344
358.148000 0.121901
359.158000 0.097521
361.062000 0.008605
362.068000 0.355515
363.158000 0.205094
364.159000 0.239161
365.168000 0.195798
366.169000 0.241894
367.178000 0.210712
368.179000 0.250094
369.188000 0.159191
370.198000 0.147636
371.199000 0.213762
372.200000 0.127097
373.208000 0.137071
374.209000 0.153630
375.219000 0.192333
376.650000 0.124674
377.658000 0.228000
378.668000 0.218630
379.678000 0.231612
380.688000 0.230820
381.698000 0.272246
382.700000 0.255872
383.778000 0.175651
384.788000 0.238384
385.798000 0.173930
386.799000 0.154430
387.808000 0.208793
388.818000 0.233532
389.838000 0.209780
390.849000 0.255739
391.858000 0.224270
392.859000 0.211828
393.868000 0.212067
394.878000 0.311069
395.898000 0.308137
396.899000 0.318994
397.900000 0.317626
398.908000 0.323563
399.909000 0.348492
400.910000 0.327193
401.928000 0.320385
402.938000 0.218630
403.948000 0.220776
404.968000 0.211122
405.978000 0.255992
406.979000 0.217862
407.980000 0.344959
408.988000 0.328429
409.989000 0.299860
410.998000 0.283925
411.999000 0.310793
413.000000 0.344959
414.008000 0.385429
415.009000 0.358625
416.010000 0.368192
417.018000 0.357492
418.019000 0.357259
419.028000 0.335445
420.029000 0.310793
421.048000 0.323541
422.059000 0.254948
423.060000 0.269794
424.068000 0.313500
425.078000 0.201021
426.087000 0.193879
427.088000 0.208296
428.098000 0.278226
429.099000 0.265127
430.108000 0.287992
431.128000 0.362675
432.138000 0.368974
433.140000 0.367824
434.160000 0.364016
435.188000 0.361183
436.189000 0.404523
437.198000 0.349003
438.199000 0.331293
439.218000 0.321413
440.228000 0.280935
441.238000 0.359493
442.248000 0.357576
443.249000 0.294394
444.258000 0.361205
445.259000 0.354525
446.260000 0.351792
447.267000 0.367357
448.308000 0.331704
449.318000 0.223485
450.319000 0.193263
451.328000 0.309122
452.329000 0.273895
453.378000 0.211806
454.388000 0.329133
455.389000 0.342226
456.397000 0.339849
457.398000 0.349059
458.407000 0.338157
459.419000 0.327130
460.427000 0.243492
461.428000 0.357259
462.429000 0.353159
463.438000 0.342224
464.459000 0.356960
465.467000 0.342000
466.468000 0.332659
467.469000 0.269794
468.477000 0.324921
469.485000 0.356135
470.487000 0.360431
471.488000 0.312160
472.500000 0.296601
473.507000 0.249168
474.517000 0.264119
475.518000 0.260228
476.537000 0.287851
477.547000 0.314234
478.558000 0.313132
479.578000 0.354627
480.587000 0.357138
481.588000 0.361359
482.597000 0.316464
483.607000 0.379248
489.122000 0.002971
491.499000 0.003706
492.500000 0.196795
493.509000 0.237828
494.519000 0.219422
495.529000 0.218630
496.530000 0.266494
497.539000 0.271722
498.540000 0.226062
499.541000 0.274693
500.559000 0.258570
501.570000 0.253033
502.579000 0.225625
503.599000 0.203075
504.600000 0.203628
505.609000 0.229693
506.619000 0.167952
507.628000 0.203933
508.629000 0.240527
509.630000 0.197363
510.647000 0.177558
511.649000 0.182946
512.650000 0.174130
513.669000 0.154387
514.678000 0.133431
515.679000 0.150330
516.948000 0.021560
517.949000 0.051932
533.321000 0.000890
534.331000 0.089394
535.332000 0.098965
536.341000 0.127445
537.351000 0.078558
538.371000 0.077537
539.401000 0.069864
540.421000 0.115341
541.451000 0.148753
542.461000 0.115129
543.483000 0.121025
544.491000 0.078714
545.501000 0.098875
546.521000 0.057671
547.581000 0.034845
548.671000 0.019347
549.711000 0.065769
550.730000 0.057727
551.742000 0.052632
552.751000 0.111263
553.851000 0.106225
554.861000 0.109711
555.881000 0.109976
556.902000 0.115228
557.921000 0.082449
558.951000 0.122190
559.961000 0.090749
560.971000 0.070432
561.981000 0.052824
563.211000 0.042725
564.231000 0.071082
565.250000 0.095152
566.280000 0.081181
567.350000 0.039634
568.370000 0.028275
569.390000 0.046847
570.750000 0.027565
573.850000 0.000441
574.851000 0.099764
575.870000 0.126194
576.881000 0.108344
577.890000 0.129269
578.891000 0.102498
579.910000 0.100687
580.930000 0.130094
581.931000 0.115365
582.941000 0.186915
583.950000 0.168682
584.951000 0.202262
585.952000 0.180963
586.970000 0.170664
588.000000 0.154066
589.001000 0.156364
590.003000 0.210251
591.020000 0.182151
592.030000 0.228903
593.031000 0.159097
594.040000 0.202014
595.041000 0.179596
596.050000 0.203370
597.051000 0.241095
598.052000 0.292460
599.060000 0.254349
600.061000 0.245195
601.062000 0.304759
602.070000 0.250278
603.071000 0.220595
604.080000 0.248111
605.091000 0.203529
606.092000 0.225495
607.110000 0.180629
608.120000 0.216713
609.121000 0.183696
610.130000 0.200658
611.150000 0.152110
612.160000 0.184206
613.310000 0.189634
614.311000 0.210462
615.390000 0.183095
616.391000 0.220028
617.400000 0.164052
618.410000 0.167160
619.420000 0.190978
620.430000 0.149552
621.431000 0.198162
622.440000 0.161903
623.441000 0.215928
624.450000 0.161903
625.460000 0.170661
626.480000 0.120706
627.560000 0.104393
628.570000 0.238384
629.580000 0.171224
630.590000 0.186915
631.591000 0.199528
632.600000 0.176817
633.610000 0.170661
634.620000 0.169869
635.630000 0.258701
636.631000 0.234262
637.740000 0.206514
638.750000 0.251929
639.751000 0.202829
640.759000 0.242929
641.779000 0.141380
642.789000 0.172016
643.790000 0.189962
644.791000 0.161830
645.799000 0.207643
646.810000 0.200823
647.930000 0.147793
648.931000 0.123564
649.939000 0.261929
650.940000 0.216496
651.941000 0.229594
652.950000 0.269011
653.960000 0.261972
654.980000 0.287012
655.989000 0.179528
657.160000 0.256328
658.169000 0.257602
659.170000 0.211029
660.180000 0.242448
661.181000 0.201463
662.184000 0.297332
663.199000 0.225639
664.209000 0.272808
665.210000 0.311592
666.220000 0.257909
667.229000 0.240539
668.230000 0.293826
669.231000 0.230162
670.239000 0.229921
671.249000 0.254638
672.250000 0.219229
673.260000 0.208586
674.269000 0.136143
675.289000 0.140824
676.299000 0.121901
677.302000 0.016335
678.309000 0.241049
679.319000 0.138154
680.399000 0.123393
681.419000 0.147529
682.449000 0.104924
683.459000 0.135446
684.469000 0.095374
685.499000 0.095627
686.509000 0.081267
687.540000 0.050421
688.569000 0.021271
689.629000 0.032264
690.642000 0.032411
691.649000 0.015507
692.669000 0.040235
693.742000 0.031873
694.759000 0.044389
695.767000 0.051571
696.769000 0.062802
697.819000 0.049509
698.860000 0.047324
699.869000 0.043370
700.889000 0.048839
701.936000 0.045731
702.989000 0.044171
704.029000 0.032885
708.999000 0.004129
710.008000 0.048809
711.028000 0.033529
712.038000 0.033861
713.288000 0.019699
714.298000 0.058242
715.348000 0.029204
716.359000 0.032475
717.381000 0.049526
718.919000 0.015121
719.938000 0.083235
720.949000 0.087953
721.950000 0.159097
722.959000 0.268448
723.969000 0.234883
724.970000 0.265127
725.979000 0.189019
726.989000 0.104293
727.990000 0.112064
728.999000 0.152412
730.008000 0.218283
731.020000 0.154665
732.048000 0.110451
733.068000 0.045600
734.108000 0.042092
735.128000 0.045600
736.180000 0.023407
737.248000 0.012809
738.251000 0.014543
739.340000 0.013507
740.418000 0.027944
741.828000 0.005821
742.868000 0.051300
743.919000 0.018223
745.119000 0.005700
746.128000 0.045915
747.138000 0.031335
748.158000 0.048282
749.188000 0.026625
750.198000 0.021608
751.208000 0.028444
752.259000 0.023429
753.358000 0.018672
754.368000 0.052032
755.379000 0.093365
756.409000 0.079689
757.448000 0.043449
758.458000 0.051335
759.465000 0.059909
760.468000 0.061939
761.483000 0.110518
762.488000 0.167427
763.489000 0.232898
764.498000 0.244044
765.501000 0.180602
766.508000 0.100528
767.518000 0.105648
768.538000 0.083710
769.558000 0.096565
770.568000 0.098875
771.588000 0.085835
772.640000 0.101970
773.648000 0.143857
774.658000 0.195042
775.668000 0.165806
776.688000 0.194471
777.718000 0.108132
778.728000 0.161180
779.748000 0.104612
780.758000 0.153616
781.761000 0.233228
782.768000 0.249168
783.778000 0.227549
784.788000 0.108919
785.798000 0.177434
786.818000 0.204748
787.828000 0.174389
788.829000 0.226861
789.838000 0.145630
790.848000 0.215358
791.858000 0.218633
792.867000 0.215572
793.868000 0.216496
794.888000 0.195812
795.898000 0.144135
796.900000 0.187042
797.908000 0.164778
798.917000 0.230486
799.918000 0.172760
800.948000 0.167348
802.048000 0.154730
803.058000 0.216713
804.077000 0.162442
805.078000 0.138596
806.087000 0.245399
807.088000 0.194629
808.098000 0.205877
809.107000 0.231049
810.178000 0.216396
811.179000 0.285626
812.188000 0.233760
813.197000 0.254890
814.207000 0.192895
815.218000 0.216499
816.227000 0.209356
817.238000 0.175905
818.248000 0.201022
819.368000 0.235021
820.379000 0.228677
821.388000 0.195798
822.397000 0.204725
823.407000 0.169307
824.408000 0.082565
825.418000 0.123255
826.421000 0.045009
827.427000 0.106068
828.447000 0.109192
829.467000 0.119365
830.477000 0.131382
831.487000 0.096166
832.497000 0.069640
833.498000 0.122997
834.588000 0.206349
835.600000 0.202767
836.607000 0.112755
837.657000 0.067749
838.667000 0.029006
839.677000 0.078558
840.687000 0.166598
841.707000 0.130094
842.717000 0.125172
843.718000 0.150330
844.727000 0.171393
845.737000 0.170661
846.738000 0.200895
847.747000 0.229693
848.757000 0.192895
849.758000 0.207728
850.767000 0.209356
851.777000 0.215358
852.837000 0.170891
853.847000 0.241093
854.848000 0.191896
855.867000 0.217484
856.917000 0.154278
857.927000 0.238384
858.937000 0.196958
859.947000 0.214004
860.958000 0.198117
861.967000 0.203370
863.106000 0.147027
864.107000 0.228228
865.117000 0.238947
866.118000 0.266494
867.127000 0.228337
868.137000 0.199105
869.216000 0.056311
870.217000 0.049199
871.226000 0.052876
872.257000 0.045113
873.277000 0.071082
874.297000 0.108635
875.306000 0.062367
876.326000 0.020675
877.337000 0.104190
878.347000 0.101584
879.357000 0.097521
880.366000 0.088127
881.377000 0.046568
882.406000 0.067802
883.446000 0.046038
884.447000 0.073798
885.456000 0.155917
886.478000 0.079530
887.487000 0.081348
888.496000 0.104396
889.527000 0.086246
890.557000 0.088210
891.566000 0.088127
892.577000 0.098777
893.587000 0.112420
894.597000 0.140071
895.606000 0.143715
896.608000 0.163832
897.626000 0.149721
898.635000 0.016270
899.637000 0.163832
900.638000 0.168663
901.653000 0.145561
902.656000 0.165033
903.666000 0.106210
904.676000 0.138154
905.686000 0.089394
906.698000 0.072996
907.717000 0.063655
908.766000 0.059989
909.778000 0.039202
910.786000 0.059714
911.817000 0.055728
912.818000 0.054665
913.826000 0.096357
914.846000 0.079686
915.857000 0.165080
916.876000 0.165127
917.896000 0.097122
918.906000 0.146281
919.996000 0.164932
921.006000 0.239739
922.136000 0.148198
923.138000 0.196599
924.156000 0.202916
925.166000 0.091312
926.186000 0.108635
927.246000 0.085177
928.286000 0.042092
929.296000 0.065014
930.316000 0.052863
931.326000 0.125964
932.336000 0.162535
933.357000 0.106405
934.386000 0.078437
935.396000 0.047406
936.406000 0.101584
937.407000 0.105231
938.417000 0.130590
939.426000 0.268448
940.436000 0.191541
941.538000 0.241343
942.556000 0.253980
943.566000 0.222693
944.576000 0.245156
945.577000 0.245195
946.586000 0.275790
947.587000 0.273327
948.596000 0.226981
949.656000 0.272845
950.658000 0.268958
951.666000 0.201421
952.676000 0.262764
953.677000 0.197363
954.686000 0.219639
955.696000 0.173933
956.697000 0.173562
957.706000 0.170038
958.716000 0.255992
959.717000 0.212396
960.876000 0.266064
961.877000 0.293826
962.896000 0.207301
963.906000 0.246511
964.916000 0.195604
965.926000 0.224840
966.927000 0.197363
967.935000 0.255143
968.936000 0.212387
969.996000 0.191548
971.006000 0.262764
972.007000 0.230162
973.016000 0.294208
974.017000 0.302593
975.019000 0.259968
976.026000 0.217358
977.027000 0.379125
978.028000 0.331293
979.035000 0.260036
980.037000 0.238922
981.038000 0.252028
982.039000 0.405091
983.045000 0.369082
984.047000 0.299561
985.056000 0.383234
986.057000 0.316720
987.065000 0.250278
988.165000 0.228102
989.166000 0.341658
990.175000 0.224270
991.176000 0.268428
992.185000 0.378268
993.256000 0.391918
994.257000 0.355325
995.265000 0.372421
996.266000 0.328559
997.267000 0.368192
998.275000 0.228563
999.276000 0.198162
1000.295000 0.187164
1001.297000 0.217078
1002.305000 0.173714
1003.306000 0.272527
1004.307000 0.446090
1005.315000 0.375135
1006.325000 0.203731
1007.326000 0.276060
1008.335000 0.252741
1009.346000 0.229238
1010.347000 0.326625
1011.348000 0.400991
1012.355000 0.492338
1013.357000 0.502188
1014.365000 0.436206
1015.385000 0.283545
1016.455000 0.382804
1017.465000 0.463786
1018.467000 0.456567
1019.468000 0.533554
1020.469000 0.510322
1021.470000 0.513622
1022.476000 0.477869
1023.486000 0.432634
1024.505000 0.377798
1025.506000 0.335393
1026.585000 0.354254
1027.655000 0.382804
1028.735000 0.380526
1029.736000 0.446090
1030.745000 0.438486
1031.746000 0.451556
1032.747000 0.455656
1033.756000 0.363917
1034.765000 0.330022
1035.825000 0.348989
1036.945000 0.364493
1037.947000 0.526721
1038.955000 0.513563
1039.956000 0.506222
1040.966000 0.432634
1041.976000 0.400127
1042.978000 0.386938
1043.985000 0.356490
1044.986000 0.340859
1045.988000 0.348711
1047.005000 0.272275
1048.245000 0.321497
1049.246000 0.352591
1050.254000 0.320849
1051.255000 0.452923
1052.315000 0.479872
1053.325000 0.576206
1054.326000 0.432424
