0.000000 0.154192
1.009000 0.235774
2.029000 0.143344
3.038000 0.159332
4.048000 0.149590
5.199000 0.102814
6.219000 0.146325
7.238000 0.120610
8.239000 0.159772
9.418000 0.129022
10.429000 0.148776
11.458000 0.174713
12.459000 0.171828
13.638000 0.128420
14.659000 0.156396
15.660000 0.167289
16.661000 0.155115
17.818000 0.124449
18.828000 0.147084
19.859000 0.158598
20.879000 0.182067
22.028000 0.114431
23.039000 0.169038
24.040000 0.169837
25.158000 0.120962
26.159000 0.170064
27.248000 0.108612
28.559000 0.162925
29.569000 0.169511
30.578000 0.153985
31.588000 0.123835
32.828000 0.105932
33.918000 0.143479
35.008000 0.143889
36.058000 0.140410
37.068000 0.165786
38.218000 0.096374
39.418000 0.080993
40.428000 0.138964
41.448000 0.103621
42.449000 0.127037
43.568000 0.103265
44.577000 0.111747
45.578000 0.106495
46.579000 0.102436
47.798000 0.102779
48.837000 0.099819
49.848000 0.079834
50.857000 0.085175
51.878000 0.071848
52.879000 0.103186
53.898000 0.102661
54.918000 0.101287
55.927000 0.054231
56.928000 0.047145
57.938000 0.043343
59.147000 0.064065
60.157000 0.124219
61.177000 0.105887
62.358000 0.127532
63.438000 0.119491
64.668000 0.125593
65.678000 0.135865
66.679000 0.192870
67.688000 0.121262
68.707000 0.119003
69.708000 0.065566
70.718000 0.089096
71.848000 0.060794
72.857000 0.103389
73.858000 0.109144
74.859000 0.136325
75.867000 0.150446
76.878000 0.130351
77.887000 0.131161
78.888000 0.133313
79.898000 0.123530
81.057000 0.129690
82.217000 0.154866
83.218000 0.137718
84.227000 0.087809
85.237000 0.131382
86.238000 0.118082
87.257000 0.099072
88.477000 0.081740
89.488000 0.129756
90.558000 0.138801
91.677000 0.148589
92.817000 0.128439
93.818000 0.139623
94.827000 0.128318
95.828000 0.125362
96.837000 0.132834
97.838000 0.106639
98.847000 0.128071
99.918000 0.117884
100.927000 0.134465
101.937000 0.144340
102.938000 0.114777
103.948000 0.133932
104.958000 0.139462
105.963000 0.116911
107.038000 0.151435
108.047000 0.131332
109.127000 0.098432
110.128000 0.140957
111.137000 0.152069
112.347000 0.112632
113.357000 0.129399
114.527000 0.083811
115.528000 0.116012
116.767000 0.076438
117.777000 0.110228
118.977000 0.112513
119.987000 0.124172
121.016000 0.065486
122.017000 0.089626
123.027000 0.087569
124.037000 0.101340
125.287000 0.079818
126.426000 0.084893
127.437000 0.099502
128.446000 0.106405
129.456000 0.095828
130.457000 0.064104
131.466000 0.111077
132.958000 0.032748
134.117000 0.064895
135.137000 0.025482
136.159000 0.055976
137.166000 0.053528
138.206000 0.045863
139.226000 0.064376
140.386000 0.054953
141.387000 0.129455
142.407000 0.126373
143.518000 0.074809
144.526000 0.112471
145.536000 0.113616
146.601000 0.083176
147.607000 0.120597
148.767000 0.092459
149.780000 0.104447
151.018000 0.067320
152.026000 0.092563
153.246000 0.074843
154.266000 0.098445
155.306000 0.068050
156.326000 0.084776
157.357000 0.084580
158.366000 0.083028
159.376000 0.079690
160.426000 0.059757
161.437000 0.075659
162.448000 0.066184
163.456000 0.073471
164.496000 0.072264
165.517000 0.068467
166.526000 0.059415
167.536000 0.055779
168.557000 0.072754
169.566000 0.069335
170.596000 0.070523
171.605000 0.063039
172.615000 0.042893
173.648000 0.025162
174.666000 0.106283
175.667000 0.080231
176.746000 0.093936
177.855000 0.095021
178.896000 0.112624
179.967000 0.112656
181.026000 0.113876
182.046000 0.119634
183.057000 0.118944
184.066000 0.118495
185.176000 0.145704
186.278000 0.132040
187.346000 0.129612
188.396000 0.129126
189.397000 0.144870
190.636000 0.114407
191.735000 0.145496
192.996000 0.111122
194.096000 0.129846
195.117000 0.067970
196.126000 0.125403
197.146000 0.087136
198.148000 0.119479
199.227000 0.115744
200.236000 0.137134
201.406000 0.089498
202.466000 0.109496
203.485000 0.082010
204.505000 0.059012
205.525000 0.051711
206.556000 0.048702
207.595000 0.049808
208.615000 0.073357
209.795000 0.075440
210.805000 0.080406
212.235000 0.029569
213.236000 0.100877
214.255000 0.099897
215.265000 0.087321
216.271000 0.080205
217.275000 0.066763
218.385000 0.096778
219.405000 0.093205
220.435000 0.062261
221.436000 0.046738
222.475000 0.039526
223.495000 0.037553
224.496000 0.029599
225.656000 0.101234
226.685000 0.121940
227.776000 0.086710
228.796000 0.103004
229.805000 0.084656
230.814000 0.074752
231.975000 0.053038
232.996000 0.032483
234.005000 0.037936
235.025000 0.080523
236.066000 0.073490
237.076000 0.099699
238.163000 0.067388
239.165000 0.071336
240.175000 0.069991
241.305000 0.069518
242.316000 0.070362
243.325000 0.066047
244.335000 0.079873
245.345000 0.094699
246.516000 0.084584
247.525000 0.101812
248.535000 0.094601
249.675000 0.108084
250.885000 0.131256
251.896000 0.142320
253.004000 0.080241
254.005000 0.125346
255.055000 0.107554
256.064000 0.105641
257.065000 0.092461
258.095000 0.067613
259.236000 0.063904
260.267000 0.074005
267.788000 0.002178
269.350000 0.031457
270.510000 0.053284
271.550000 0.055650
272.560000 0.058242
273.561000 0.049953
275.389000 0.008232
276.399000 0.025875
277.400000 0.057399
278.410000 0.040557
279.442000 0.041600
280.580000 0.059190
281.740000 0.066843
282.770000 0.062423
283.780000 0.045580
284.801000 0.060740
285.822000 0.062088
286.829000 0.063529
287.840000 0.062001
288.849000 0.038887
289.859000 0.050115
290.900000 0.044007
291.930000 0.041173
292.960000 0.022825
293.969000 0.037962
294.970000 0.046678
295.980000 0.063382
296.990000 0.039166
298.009000 0.040876
299.170000 0.054292
300.180000 0.080376
301.449000 0.045173
302.459000 0.060652
303.460000 0.042125
304.469000 0.020326
305.489000 0.018776
308.859000 0.004465
310.090000 0.011122
311.170000 0.023952
312.189000 0.107677
313.199000 0.078350
314.270000 0.053483
315.289000 0.059545
316.401000 0.060783
317.419000 0.048377
318.429000 0.041158
319.430000 0.061499
320.459000 0.058121
321.569000 0.023416
322.589000 0.042752
323.600000 0.048540
324.809000 0.078870
325.819000 0.058342
326.869000 0.051417
327.889000 0.028165
329.020000 0.024694
330.039000 0.041658
331.069000 0.051384
332.081000 0.075763
333.089000 0.073286
334.100000 0.031122
335.109000 0.027372
336.154000 0.025204
338.759000 0.007877
339.819000 0.045525
340.829000 0.071786
341.840000 0.084454
342.859000 0.073943
343.899000 0.080743
344.909000 0.094011
345.919000 0.116465
347.059000 0.096816
348.060000 0.127272
349.069000 0.147727
350.100000 0.103282
351.200000 0.102030
352.209000 0.076996
353.220000 0.085718
354.289000 0.067302
355.312000 0.112345
356.319000 0.080081
357.359000 0.073880
358.360000 0.051932
359.388000 0.022917
360.418000 0.026563
361.438000 0.028165
362.439000 0.022945
363.589000 0.061617
364.708000 0.071068
365.749000 0.049985
366.949000 0.046343
367.964000 0.076824
368.978000 0.065927
369.979000 0.081313
370.989000 0.067274
372.009000 0.076638
373.019000 0.081780
374.029000 0.072890
375.039000 0.063560
376.049000 0.074392
377.059000 0.057559
378.478000 0.026994
379.535000 0.040584
380.538000 0.062740
381.769000 0.033002
383.009000 0.077529
384.019000 0.076695
385.038000 0.065635
386.048000 0.068195
387.189000 0.056020
388.208000 0.068946
389.219000 0.066063
390.399000 0.059652
391.408000 0.081243
392.409000 0.078744
393.569000 0.057677
394.578000 0.107908
395.579000 0.088098
396.659000 0.069670
397.668000 0.105558
398.779000 0.095654
399.800000 0.116165
400.808000 0.092005
401.818000 0.101892
402.858000 0.081832
403.859000 0.104785
405.019000 0.087278
406.028000 0.118405
407.034000 0.091794
408.048000 0.067088
409.079000 0.080566
410.088000 0.093283
411.158000 0.088347
412.348000 0.093206
413.388000 0.056404
414.398000 0.060545
415.418000 0.066633
416.438000 0.103173
417.458000 0.091575
418.468000 0.074237
419.488000 0.072186
420.498000 0.079240
421.538000 0.046630
422.548000 0.088837
423.639000 0.097255
424.658000 0.074115
425.667000 0.042030
426.668000 0.072415
427.669000 0.082764
428.688000 0.125759
429.698000 0.091931
430.928000 0.050187
431.987000 0.045212
432.988000 0.037896
433.998000 0.063277
435.008000 0.065709
436.098000 0.076327
437.108000 0.078090
438.118000 0.082156
439.128000 0.073745
440.155000 0.083674
441.177000 0.075253
442.188000 0.096338
443.258000 0.035798
444.261000 0.052964
445.268000 0.051164
446.288000 0.068400
447.298000 0.054688
448.307000 0.071212
449.337000 0.065629
450.357000 0.055593
451.377000 0.074270
452.408000 0.057039
453.428000 0.081747
454.518000 0.069006
455.528000 0.089736
456.577000 0.068137
457.587000 0.102135
458.588000 0.087361
459.598000 0.149760
460.600000 0.121858
461.717000 0.113557
462.838000 0.077320
463.857000 0.123425
464.858000 0.078182
465.859000 0.094891
467.027000 0.111402
468.028000 0.129157
469.038000 0.092994
470.048000 0.128383
471.067000 0.090221
472.117000 0.108955
473.288000 0.103810
474.307000 0.115236
475.357000 0.078834
476.578000 0.088136
477.587000 0.118884
478.647000 0.090906
479.648000 0.085418
480.657000 0.091484
481.667000 0.094012
482.697000 0.088839
483.707000 0.075440
484.727000 0.103917
485.757000 0.081120
486.767000 0.086385
487.787000 0.072123
488.807000 0.068325
489.817000 0.061196
490.826000 0.093316
491.907000 0.073955
492.917000 0.063659
493.977000 0.023391
494.997000 0.056537
495.998000 0.104299
497.007000 0.101442
498.008000 0.103593
499.077000 0.058905
500.087000 0.087590
501.417000 0.035764
502.427000 0.072789
503.587000 0.093247
504.598000 0.115023
505.607000 0.110727
506.617000 0.117580
507.827000 0.082353
508.837000 0.106241
509.887000 0.080734
510.897000 0.108510
511.907000 0.078150
513.127000 0.090400
514.158000 0.106495
515.367000 0.090921
516.377000 0.116813
517.578000 0.092878
518.590000 0.092702
519.867000 0.081471
520.868000 0.103546
521.917000 0.080342
522.918000 0.114999
523.927000 0.077540
524.936000 0.103260
525.967000 0.074576
526.987000 0.105225
527.996000 0.103526
529.057000 0.083318
530.078000 0.111968
531.097000 0.043678
532.106000 0.084174
533.107000 0.105567
534.118000 0.115378
535.136000 0.083544
536.147000 0.117302
537.207000 0.084725
538.217000 0.113349
539.238000 0.084163
540.247000 0.119328
541.257000 0.091429
542.286000 0.114974
543.497000 0.078910
544.506000 0.113887
545.526000 0.057502
546.797000 0.020724
547.798000 0.121398
548.966000 0.101528
550.159000 0.041992
551.216000 0.066006
552.217000 0.108072
553.226000 0.093623
554.227000 0.091073
555.239000 0.128145
556.316000 0.087608
557.326000 0.091066
558.826000 0.158169
560.016000 0.099741
561.017000 0.120246
562.038000 0.110315
563.046000 0.104199
564.097000 0.096198
565.296000 0.104883
566.476000 0.113061
567.478000 0.072735
568.566000 0.114037
569.776000 0.105636
570.877000 0.114373
571.886000 0.122833
572.897000 0.117602
573.976000 0.048753
574.978000 0.076288
575.996000 0.094446
576.997000 0.117457
578.037000 0.120738
579.156000 0.122607
580.226000 0.130260
581.297000 0.131048
582.306000 0.118771
583.317000 0.138823
584.326000 0.133328
585.336000 0.098759
586.346000 0.132784
587.386000 0.099000
588.387000 0.143563
589.397000 0.138223
590.406000 0.078950
591.485000 0.052195
592.496000 0.082940
593.656000 0.141994
594.695000 0.124653
595.696000 0.019460
596.716000 0.052306
597.736000 0.073434
598.746000 0.117615
599.747000 0.143797
600.748000 0.157196
601.906000 0.125651
602.916000 0.135205
604.065000 0.166988
605.126000 0.172575
606.137000 0.173616
607.146000 0.157211
608.157000 0.161751
609.316000 0.134589
610.406000 0.164167
611.565000 0.145648
612.796000 0.126219
613.806000 0.143824
614.837000 0.116940
615.846000 0.141494
616.885000 0.126928
617.886000 0.130555
618.935000 0.070607
619.936000 0.070923
621.006000 0.070492
622.015000 0.063722
623.125000 0.063583
624.138000 0.101150
625.145000 0.059525
626.165000 0.063586
627.235000 0.065936
628.335000 0.064214
629.415000 0.068494
630.686000 0.025832
631.725000 0.069849
632.745000 0.055664
633.765000 0.064376
635.025000 0.044334
636.055000 0.054328
637.075000 0.041339
638.115000 0.044790
639.345000 0.047824
640.346000 0.109491
641.356000 0.104943
642.365000 0.136802
643.375000 0.131365
644.435000 0.094696
645.445000 0.146928
646.465000 0.050925
647.476000 0.058184
648.665000 0.035316
649.784000 0.070672
651.025000 0.073974
652.265000 0.058052
653.325000 0.061947
654.624000 0.033777
655.675000 0.071444
656.685000 0.093826
657.765000 0.114153
658.767000 0.176837
659.855000 0.121332
661.075000 0.118570
662.205000 0.153699
663.415000 0.126541
664.416000 0.138571
665.585000 0.123239
666.625000 0.154287
667.627000 0.160080
668.636000 0.226982
669.644000 0.158045
670.655000 0.156020
671.844000 0.121398
672.855000 0.171281
673.985000 0.120595
674.994000 0.166834
675.995000 0.178279
676.996000 0.178910
678.015000 0.163030
679.025000 0.098915
680.035000 0.154009
681.036000 0.100319
682.055000 0.159777
683.075000 0.136105
684.076000 0.128480
685.304000 0.103078
686.315000 0.128261
687.484000 0.122482
688.504000 0.129044
689.544000 0.089095
690.545000 0.137338
691.554000 0.156236
692.604000 0.107773
693.614000 0.157386
694.624000 0.147377
695.636000 0.145795
696.855000 0.121135
697.856000 0.149452
699.055000 0.142207
700.275000 0.085052
701.277000 0.169581
702.575000 0.127008
703.584000 0.176390
704.814000 0.129593
705.824000 0.150568
707.005000 0.125785
708.064000 0.134316
709.354000 0.101855
710.544000 0.103571
711.694000 0.102577
712.696000 0.132121
713.704000 0.138294
714.714000 0.179673
715.715000 0.109281
716.734000 0.141942
717.735000 0.159740
718.744000 0.158362
719.754000 0.109593
720.864000 0.097206
721.865000 0.148530
722.874000 0.117106
723.924000 0.126375
724.954000 0.162727
725.984000 0.117258
726.994000 0.094277
728.004000 0.096759
729.024000 0.065792
730.113000 0.066772
731.123000 0.044741
732.124000 0.024599
733.133000 0.012202
734.174000 0.014988
735.274000 0.014924
736.294000 0.025482
737.313000 0.036699
738.323000 0.070432
739.334000 0.065461
740.363000 0.095979
741.373000 0.060040
742.374000 0.053299
743.414000 0.028624
744.416000 0.066898
745.423000 0.068293
746.433000 0.103887
747.453000 0.092592
748.475000 0.089819
749.574000 0.091149
750.613000 0.069830
751.643000 0.046485
752.654000 0.019497
753.703000 0.027386
754.733000 0.034358
756.424000 0.006329
758.814000 0.015454
760.274000 0.007496
761.654000 0.026017
762.734000 0.025333
763.783000 0.011212
764.984000 0.013669
766.033000 0.016953
794.236000 0.000437
795.297000 0.009970
796.307000 0.021671
797.312000 0.008167
798.526000 0.009015
799.527000 0.025851
800.536000 0.036607
801.567000 0.037630
802.767000 0.037823
803.776000 0.028472
804.800000 0.016031
805.821000 0.033980
806.916000 0.001249
807.926000 0.059558
809.146000 0.021305
810.186000 0.037046
811.657000 0.013029
812.666000 0.037962
814.167000 0.006982
816.199000 0.008752
817.206000 0.033962
818.226000 0.032939
819.227000 0.034166
820.276000 0.025521
821.296000 0.050965
823.141000 0.017437
824.148000 0.058887
825.180000 0.057000
826.233000 0.054815
827.246000 0.031764
828.266000 0.071082
829.436000 0.022851
830.486000 0.041691
831.496000 0.019600
832.516000 0.055042
833.556000 0.043213
834.577000 0.041536
835.596000 0.030243
836.866000 0.027383
837.899000 0.134315
838.906000 0.104194
839.916000 0.139495
841.243000 0.077379
842.248000 0.084273
843.276000 0.093852
844.286000 0.090671
845.287000 0.094695
846.456000 0.113391
847.546000 0.135120
848.637000 0.133927
849.746000 0.133556
850.776000 0.127452
851.886000 0.147044
852.906000 0.142923
853.916000 0.132354
854.917000 0.135394
855.936000 0.093389
857.046000 0.085768
858.056000 0.105106
859.057000 0.102248
860.186000 0.108372
861.197000 0.124136
862.206000 0.137184
863.246000 0.095225
864.248000 0.120125
865.396000 0.140889
866.397000 0.196562
867.447000 0.146720
868.457000 0.188735
869.525000 0.140837
870.656000 0.172881
871.696000 0.202400
872.826000 0.213359
873.946000 0.191904
874.947000 0.178624
876.046000 0.151501
877.056000 0.164009
878.137000 0.153725
879.157000 0.133745
880.158000 0.183992
881.165000 0.137526
882.196000 0.153639
883.346000 0.145151
884.525000 0.137123
885.535000 0.167521
886.536000 0.122579
887.546000 0.107314
888.555000 0.111217
889.565000 0.099920
890.705000 0.124620
891.885000 0.118131
893.045000 0.125274
894.046000 0.140426
895.055000 0.117400
896.056000 0.106070
897.065000 0.157145
898.077000 0.120070
899.085000 0.126567
900.095000 0.115530
901.105000 0.118359
902.225000 0.120536
903.265000 0.131418
904.285000 0.135289
905.295000 0.092214
906.296000 0.135030
907.315000 0.094693
908.325000 0.150462
909.335000 0.095529
910.355000 0.115313
911.356000 0.142005
912.365000 0.147939
913.385000 0.115278
914.405000 0.115445
915.425000 0.110024
916.525000 0.072462
917.545000 0.098344
918.565000 0.107240
919.595000 0.067172
920.625000 0.085336
921.675000 0.018512
922.685000 0.054857
923.695000 0.100416
924.716000 0.107096
925.725000 0.195541
926.845000 0.158926
927.855000 0.187095
928.925000 0.144834
929.995000 0.181580
931.125000 0.167896
932.225000 0.164081
933.255000 0.188839
934.295000 0.215556
935.365000 0.126087
936.405000 0.159149
937.406000 0.178615
938.407000 0.185633
939.415000 0.176727
940.575000 0.173426
941.585000 0.195647
942.605000 0.193387
943.615000 0.186544
944.676000 0.172485
945.785000 0.160819
946.955000 0.196771
947.956000 0.200834
948.957000 0.172164
950.055000 0.131914
951.115000 0.139919
952.124000 0.123069
953.134000 0.076079
954.135000 0.060935
955.265000 0.063342
956.276000 0.161815
957.314000 0.183970
958.315000 0.169569
959.324000 0.185200
960.365000 0.162116
961.374000 0.196266
962.384000 0.139776
963.404000 0.081914
964.434000 0.115663
965.435000 0.192035
966.585000 0.169711
967.595000 0.238863
968.605000 0.294018
969.745000 0.185860
970.755000 0.208015
971.785000 0.190152
972.965000 0.188569
973.966000 0.217778
975.085000 0.174333
976.086000 0.226251
977.124000 0.212039
978.254000 0.162071
979.264000 0.144865
980.265000 0.159584
981.276000 0.219230
982.404000 0.150639
983.405000 0.167757
984.414000 0.168342
985.415000 0.159122
986.494000 0.153074
987.504000 0.133678
988.505000 0.182600
989.535000 0.148188
990.544000 0.140695
991.545000 0.143568
992.624000 0.109322
993.625000 0.190257
994.634000 0.158322
995.644000 0.152882
996.654000 0.117397
997.744000 0.126236
998.844000 0.147771
999.965000 0.122149
1001.084000 0.135569
1002.094000 0.116729
1003.224000 0.098761
1004.247000 0.086243
1005.254000 0.074563
1006.264000 0.078107
1007.275000 0.078303
1008.284000 0.081561
1009.294000 0.086899
1010.354000 0.108326
1011.364000 0.137268
1012.374000 0.114733
1013.384000 0.106253
1014.393000 0.100828
1015.504000 0.027089
1016.509000 0.016319
1017.523000 0.067122
1018.703000 0.084978
1019.713000 0.114713
1020.733000 0.041576
1021.956000 0.019527
1022.964000 0.116940
1023.965000 0.117926
1024.973000 0.117080
1025.975000 0.169577
1027.073000 0.124801
1028.083000 0.133922
1029.155000 0.108674
1030.284000 0.110756
1031.285000 0.096134
1032.303000 0.075620
1033.323000 0.047023
1034.343000 0.017099
1035.363000 0.040235
1036.383000 0.026131
1037.423000 0.032885
1038.443000 0.024676
1039.483000 0.024992
1040.923000 0.005700
1041.933000 0.018902
1042.943000 0.067723
1043.972000 0.026261
1045.013000 0.006571
1046.353000 0.002042
1047.371000 0.034946
1048.373000 0.088910
1049.393000 0.107284
1050.403000 0.123779
1051.413000 0.066306
1052.453000 0.066720
1053.513000 0.108597
1054.613000 0.118174
1055.623000 0.083119
1056.783000 0.083441
1057.853000 0.119213
1058.923000 0.119850
1059.983000 0.106986
1060.993000 0.100526
1062.213000 0.070839
1063.223000 0.096165
1064.375000 0.119251
1065.513000 0.157053
1066.523000 0.153670
1067.524000 0.144650
1068.693000 0.091852
1069.703000 0.099665
1070.704000 0.096020
1071.705000 0.065532
1072.713000 0.075283
1073.723000 0.099137
1074.733000 0.113525
1075.794000 0.085795
1076.803000 0.077821
1077.813000 0.067895
1078.852000 0.051349
1079.863000 0.019431
1080.873000 0.035216
1081.892000 0.031456
1082.893000 0.030066
1083.965000 0.024418
1084.983000 0.037627
1086.053000 0.023907
1087.112000 0.027127
1088.113000 0.027333
1089.123000 0.038757
1090.160000 0.039664
1091.202000 0.062613
1092.203000 0.109018
1093.213000 0.062291
1094.222000 0.040674
1095.342000 0.025961
1096.966000 0.002527
1097.973000 0.057057
1098.982000 0.085678
1100.082000 0.059041
1101.203000 0.053136
1102.282000 0.042121
1103.332000 0.024754
1104.412000 0.010133
1105.523000 0.011082
1106.562000 0.013939
1107.563000 0.054665
1108.752000 0.061932
1109.753000 0.062817
1110.772000 0.042960
1111.782000 0.058457
1112.922000 0.066415
1113.965000 0.043283
1114.992000 0.030209
1116.012000 0.045600
1117.032000 0.037553
1118.062000 0.049774
1119.102000 0.031341
1120.112000 0.068348
1121.153000 0.061435
1122.172000 0.030877
1123.332000 0.052233
1124.372000 0.061643
1125.442000 0.059819
1126.452000 0.066368
1127.462000 0.069138
1128.473000 0.068787
1129.502000 0.078484
1130.513000 0.065891
1131.532000 0.077474
1132.542000 0.068553
1133.552000 0.068259
1134.562000 0.061939
1135.742000 0.059590
1136.752000 0.071786
1137.782000 0.045026
1138.802000 0.034225
1139.832000 0.042501
1140.852000 0.031158
1141.862000 0.047406
1142.872000 0.046183
1143.873000 0.104097
1144.882000 0.105709
1145.892000 0.104888
1146.901000 0.058588
1147.902000 0.058174
1148.912000 0.122274
1149.922000 0.086250
1150.992000 0.082684
1152.173000 0.102801
1153.322000 0.138916
1154.392000 0.142729
1155.422000 0.179225
1156.423000 0.210717
1157.442000 0.157037
1158.462000 0.185205
1159.472000 0.185971
1160.522000 0.144885
1161.542000 0.143374
1162.553000 0.159994
1163.602000 0.095192
1164.702000 0.110901
1165.713000 0.142008
1166.722000 0.131533
1167.852000 0.115243
1169.012000 0.114432
1170.061000 0.119508
1171.062000 0.107209
1172.092000 0.115662
1173.102000 0.124028
1174.121000 0.129194
1175.141000 0.082700
1176.158000 0.108321
1177.161000 0.072781
1178.172000 0.104080
1179.184000 0.094555
1180.191000 0.137878
1181.212000 0.068986
1182.243000 0.086092
1183.251000 0.068273
1184.272000 0.052722
1185.281000 0.063653
1186.301000 0.072221
1187.371000 0.057622
1188.381000 0.047406
1189.402000 0.036552
1190.411000 0.050823
1191.483000 0.051837
1192.501000 0.082626
1193.502000 0.082449
1194.511000 0.075499
1195.904000 0.016695
1196.911000 0.057465
1197.922000 0.112718
1198.923000 0.190447
1200.021000 0.158499
1201.031000 0.169520
1202.041000 0.136883
1203.242000 0.140871
1204.244000 0.167135
1205.441000 0.117898
1206.621000 0.148171
1207.791000 0.127092
1208.801000 0.088145
1209.991000 0.124119
1211.001000 0.112686
1212.021000 0.103389
1213.032000 0.077494
1214.041000 0.069592
1215.051000 0.056620
1216.061000 0.048317
1217.072000 0.048417
1218.101000 0.079767
1219.202000 0.057430
1220.212000 0.061871
1221.300000 0.023405
1222.301000 0.056032
1223.330000 0.059597
1224.420000 0.059539
1225.421000 0.112215
1226.440000 0.050060
1227.481000 0.039192
1228.501000 0.048282
1229.601000 0.017345
1230.811000 0.011306
1231.830000 0.043434
1233.021000 0.089788
1234.061000 0.142879
1235.151000 0.126213
1236.161000 0.125633
1237.162000 0.117673
1238.171000 0.121577
1239.181000 0.136447
1240.370000 0.128221
1241.391000 0.114589
1242.492000 0.073262
1243.500000 0.071929
1244.520000 0.064422
1245.540000 0.102985
1246.551000 0.113832
1247.641000 0.084957
1248.872000 0.089720
1249.980000 0.093058
1250.990000 0.103948
1252.000000 0.055352
1253.011000 0.085577
1254.020000 0.056039
1255.031000 0.054483
1256.063000 0.045569
1257.090000 0.024751
1258.160000 0.033241
1260.166000 0.008167
1261.360000 0.073785
1262.370000 0.166039
1263.384000 0.135426
1264.390000 0.141504
1265.400000 0.129045
1266.460000 0.087704
1267.480000 0.096578
1268.500000 0.084443
1269.520000 0.096295
1270.530000 0.067943
1271.690000 0.060716
1272.700000 0.070016
1273.830000 0.096246
1274.833000 0.118977
1275.860000 0.064793
1276.870000 0.079462
1277.890000 0.094520
1279.050000 0.085078
1280.070000 0.101700
1281.170000 0.089771
1282.190000 0.104163
1283.400000 0.102155
1284.420000 0.104745
1285.609000 0.084053
1286.720000 0.087000
1287.730000 0.115030
1288.760000 0.089440
1289.770000 0.110691
1290.980000 0.109371
1292.060000 0.112035
1293.160000 0.118337
1294.360000 0.108652
1295.450000 0.116425
1296.639000 0.101937
1297.640000 0.115664
1298.660000 0.100475
1299.670000 0.106615
1300.850000 0.062237
1301.859000 0.086542
1302.860000 0.097409
1303.870000 0.094416
1304.872000 0.094618
1306.079000 0.096313
1307.220000 0.143122
1308.221000 0.188799
1309.400000 0.125306
1310.410000 0.136182
1311.640000 0.135005
1312.642000 0.159193
1313.650000 0.140802
1314.659000 0.133894
1315.729000 0.132790
1316.740000 0.154992
1317.741000 0.141796
1318.751000 0.149792
1319.759000 0.143012
1320.760000 0.124582
1321.769000 0.117776
1322.779000 0.088613
1323.810000 0.066330
1324.819000 0.085421
1325.820000 0.068654
1326.889000 0.070276
1327.899000 0.089911
1328.900000 0.086865
1329.911000 0.103916
1330.931000 0.085593
1331.940000 0.134501
1332.949000 0.141501
1333.951000 0.116815
1335.059000 0.128306
1336.070000 0.137337
1337.071000 0.133056
1338.080000 0.109621
1339.599000 0.032329
1340.610000 0.100755
1341.630000 0.082385
1342.639000 0.109709
1343.640000 0.098941
1344.649000 0.131660
1345.669000 0.118998
1346.759000 0.123981
1347.860000 0.129441
1348.990000 0.132803
1350.009000 0.134184
1351.010000 0.166492
1352.030000 0.158602
1353.039000 0.103115
1354.040000 0.135000
1355.129000 0.122150
1356.139000 0.131434
1357.140000 0.116803
1358.152000 0.127905
1359.159000 0.127035
1360.169000 0.163382
1361.179000 0.105579
1362.189000 0.085745
1363.208000 0.054745
1364.349000 0.069299
1365.359000 0.076815
1366.389000 0.104906
1367.449000 0.129993
1368.450000 0.141083
1369.459000 0.140828
1370.469000 0.133402
1371.479000 0.136451
1372.489000 0.169258
1373.619000 0.112318
1374.629000 0.127849
1375.639000 0.136406
1376.799000 0.116055
1377.800000 0.134358
1378.809000 0.141622
1379.819000 0.142427
1380.959000 0.149894
1381.969000 0.136717
1382.979000 0.145914
1383.993000 0.132321
1384.999000 0.146428
1386.179000 0.116273
1387.199000 0.129828
1388.209000 0.131104
1389.219000 0.105048
1390.288000 0.104809
1391.392000 0.014841
1392.518000 0.118833
1393.629000 0.100430
1394.688000 0.119265
1395.818000 0.115871
1396.819000 0.117195
1397.939000 0.124406
1398.969000 0.133769
1399.978000 0.141199
1400.999000 0.141653
1402.018000 0.148099
1403.019000 0.139087
1404.069000 0.113227
1405.079000 0.170168
1406.088000 0.155978
1407.089000 0.168608
1408.099000 0.140222
1409.109000 0.106901
1410.118000 0.150954
1411.133000 0.111869
1412.258000 0.112681
1413.259000 0.138150
1414.269000 0.119473
1415.289000 0.162482
1416.298000 0.105444
1417.318000 0.114063
1418.319000 0.097298
1419.518000 0.117554
1420.519000 0.156053
1421.528000 0.101209
1422.538000 0.126918
1423.548000 0.101960
1424.568000 0.114827
1425.569000 0.124717
1426.588000 0.113183
1427.758000 0.119090
1427.870000 0.158786
