0.000000 0.342293
1.002000 0.301158
2.110000 0.202437
3.111000 0.186552
4.130000 0.218922
5.239000 0.251433
6.380000 0.311509
7.382000 0.353684
8.430000 0.345873
9.579000 0.362422
10.769000 0.281753
11.780000 0.367169
12.829000 0.321365
14.019000 0.346796
15.220000 0.355535
16.230000 0.266885
17.233000 0.425970
18.349000 0.372225
19.350000 0.459611
20.351000 0.388531
21.352000 0.491539
22.359000 0.382914
23.369000 0.400749
24.370000 0.405993
25.549000 0.439679
26.699000 0.425399
27.700000 0.516806
28.710000 0.404044
29.720000 0.452069
30.721000 0.422783
31.729000 0.378835
32.889000 0.417110
33.890000 0.467710
34.891000 0.406475
35.919000 0.400702
36.949000 0.460222
37.950000 0.471744
38.961000 0.372497
39.962000 0.423590
40.969000 0.400678
41.970000 0.314819
42.979000 0.370227
43.989000 0.351601
44.999000 0.261716
46.000000 0.287675
47.009000 0.354868
48.039000 0.332938
49.040000 0.471353
50.060000 0.383605
51.061000 0.409916
52.069000 0.332549
53.070000 0.277860
54.071000 0.312150
55.072000 0.426637
56.269000 0.378486
57.298000 0.377327
58.460000 0.289812
59.469000 0.449998
60.470000 0.429533
61.478000 0.203984
62.479000 0.327795
63.559000 0.324447
64.580000 0.399438
65.581000 0.442378
66.583000 0.379767
67.598000 0.329457
68.748000 0.345505
69.749000 0.426751
70.750000 0.344549
71.751000 0.448147
72.940000 0.387567
73.949000 0.465551
74.950000 0.497578
75.959000 0.376684
77.008000 0.426770
78.209000 0.424774
79.218000 0.510854
80.219000 0.353842
81.408000 0.372709
82.409000 0.518645
83.410000 0.412926
84.411000 0.507451
85.438000 0.386835
86.441000 0.418676
87.619000 0.319451
88.629000 0.472439
89.630000 0.440784
90.748000 0.352742
91.749000 0.450952
92.750000 0.300816
93.789000 0.278783
94.878000 0.285444
95.879000 0.367624
102.196000 0.002594
103.758000 0.038166
104.788000 0.303400
105.789000 0.498086
106.791000 0.564186
107.947000 0.415000
108.948000 0.500265
109.958000 0.328503
111.127000 0.415507
112.128000 0.472868
113.137000 0.442608
114.138000 0.424867
115.247000 0.327155
116.267000 0.375458
117.268000 0.300642
118.269000 0.348900
119.277000 0.388663
120.279000 0.446105
121.287000 0.365359
122.298000 0.421950
123.299000 0.480476
124.307000 0.599857
125.308000 0.504610
126.309000 0.403135
127.311000 0.505172
128.317000 0.510285
129.327000 0.375781
130.497000 0.352862
131.498000 0.530699
132.507000 0.573502
133.627000 0.364854
134.628000 0.394447
135.637000 0.340587
136.638000 0.338115
137.647000 0.302739
138.648000 0.284261
139.649000 0.305336
140.657000 0.393567
141.658000 0.435342
142.826000 0.440947
143.827000 0.536701
144.847000 0.370043
145.848000 0.476132
146.849000 0.355188
147.857000 0.457760
148.867000 0.270390
149.868000 0.490402
150.869000 0.486268
151.870000 0.529710
152.877000 0.467067
154.006000 0.323911
155.007000 0.334825
156.017000 0.360248
157.018000 0.419927
158.087000 0.468022
159.102000 0.486432
160.106000 0.479473
161.146000 0.491256
162.200000 0.458842
163.207000 0.444847
164.217000 0.376403
165.286000 0.292891
166.296000 0.381617
167.297000 0.333292
168.307000 0.301288
169.317000 0.443652
170.318000 0.469660
171.319000 0.494648
172.326000 0.513594
173.327000 0.473812
174.328000 0.513060
175.329000 0.483149
176.336000 0.461442
177.337000 0.437265
178.347000 0.409621
179.356000 0.391511
180.357000 0.362905
181.376000 0.374682
182.546000 0.315137
183.547000 0.440056
189.062000 0.000876
190.532000 0.000765
191.542000 0.346741
192.551000 0.276742
193.562000 0.329990
194.662000 0.336608
195.671000 0.303843
196.672000 0.303245
197.691000 0.305356
198.692000 0.313496
199.693000 0.349256
200.702000 0.390919
201.711000 0.375928
202.712000 0.348504
203.713000 0.356675
204.714000 0.308542
205.811000 0.249108
206.831000 0.275045
207.841000 0.334721
208.891000 0.326511
209.992000 0.308857
211.131000 0.292232
212.141000 0.254638
213.151000 0.157117
214.161000 0.150439
215.174000 0.240379
216.181000 0.184938
217.191000 0.140858
218.212000 0.205587
219.213000 0.270593
220.221000 0.321538
221.232000 0.284216
222.240000 0.261929
223.241000 0.151696
224.471000 0.100399
225.472000 0.174929
226.481000 0.287429
227.491000 0.113446
228.691000 0.160915
229.701000 0.223485
230.702000 0.245485
231.711000 0.269427
232.881000 0.273146
233.882000 0.362247
234.883000 0.400381
236.001000 0.322000
237.011000 0.384048
238.021000 0.427394
239.171000 0.337028
240.172000 0.405470
241.173000 0.403776
242.340000 0.346205
243.371000 0.346758
244.372000 0.364891
245.381000 0.271409
246.390000 0.300987
247.491000 0.206045
248.493000 0.193868
249.572000 0.208865
250.580000 0.124857
251.581000 0.155796
252.590000 0.208146
253.600000 0.185185
254.601000 0.237794
255.610000 0.229720
256.611000 0.265127
257.620000 0.152693
258.630000 0.165244
259.631000 0.146862
260.632000 0.189962
261.633000 0.179850
262.640000 0.264358
264.923000 0.115802
265.930000 0.721515
266.931000 0.371724
268.100000 0.303052
269.101000 0.377246
270.102000 0.433516
271.110000 0.390377
272.111000 0.384329
273.191000 0.261419
274.192000 0.353958
275.361000 0.314781
276.363000 0.424658
277.364000 0.368385
278.365000 0.291502
279.370000 0.404372
280.371000 0.402640
281.420000 0.267215
282.421000 0.505654
283.428000 0.366078
284.430000 0.475114
285.431000 0.467389
286.445000 0.289866
288.660000 0.087700
289.670000 0.869257
290.671000 0.422290
291.812000 0.379916
292.821000 0.486731
293.822000 0.385476
294.823000 0.441423
295.830000 0.382703
296.840000 0.423480
297.841000 0.511121
298.842000 0.433292
300.900000 0.118326
301.909000 0.761685
302.910000 0.243261
303.920000 0.139509
304.949000 0.048906
305.970000 0.053595
306.979000 0.077357
307.989000 0.100230
308.999000 0.112420
310.009000 0.135446
311.010000 0.137400
312.030000 0.205401
313.039000 0.222351
314.439000 0.084784
315.449000 0.113774
317.655000 0.007427
318.659000 0.224853
319.689000 0.050470
320.699000 0.046051
321.709000 0.037925
322.749000 0.042092
323.759000 0.039279
324.769000 0.039279
325.810000 0.027714
333.030000 0.004547
334.331000 0.005257
335.610000 0.004278
337.010000 0.003909
338.291000 0.004272
339.570000 0.004278
340.851000 0.004272
342.291000 0.003800
343.491000 0.004560
344.531000 0.003946
345.811000 0.004275
346.899000 0.003772
348.159000 0.006514
349.499000 0.006125
350.780000 0.003204
352.199000 0.002892
353.319000 0.006107
354.539000 0.006728
355.770000 0.023337
356.790000 0.024141
357.819000 0.031907
358.839000 0.033529
359.889000 0.033874
360.900000 0.040593
373.599000 0.001293
375.101000 0.000911
376.170000 0.005119
377.278000 0.007408
378.382000 0.014841
379.721000 0.008203
380.758000 0.014511
381.923000 0.008220
382.959000 0.013205
384.221000 0.008672
385.363000 0.013177
386.399000 0.009243
387.442000 0.013116
388.540000 0.012459
389.781000 0.007716
390.821000 0.009208
392.184000 0.007026
393.221000 0.013192
394.542000 0.014498
395.621000 0.017750
396.943000 0.011383
398.122000 0.013924
399.261000 0.014413
401.099000 0.005455
402.238000 0.007206
403.317000 0.008875
404.462000 0.007169
405.561000 0.011203
406.582000 0.013412
407.623000 0.015769
408.639000 0.012118
409.899000 0.008686
411.201000 0.007355
412.438000 0.008847
413.622000 0.006932
414.801000 0.004641
415.857000 0.005182
416.980000 0.001219
427.481000 0.000521
429.187000 0.000802
430.364000 0.017434
431.398000 0.027783
432.479000 0.022779
433.499000 0.022800
434.519000 0.020118
435.580000 0.019340
436.618000 0.019769
437.661000 0.019674
438.718000 0.019413
439.738000 0.018776
440.800000 0.019340
441.838000 0.019769
442.900000 0.019322
443.901000 0.020500
448.012000 0.003985
449.061000 0.082189
450.219000 0.015358
451.231000 0.018925
452.278000 0.012347
453.299000 0.020098
454.341000 0.014441
455.458000 0.013472
476.379000 0.000849
477.496000 0.089432
478.658000 0.007064
495.518000 0.001215
496.536000 0.016157
497.618000 0.012643
498.673000 0.016857
499.675000 0.013653
500.874000 0.010269
502.016000 0.008385
503.095000 0.006339
504.217000 0.007316
508.317000 0.001001
510.925000 0.006282
512.081000 0.022512
513.119000 0.018451
514.179000 0.018068
515.199000 0.018776
516.237000 0.019769
517.300000 0.018017
518.338000 0.019769
519.358000 0.018776
520.359000 0.019133
521.360000 0.015033
