0.000000 0.056590
1.405000 0.009737
2.419000 0.114675
3.449000 0.042501
4.459000 0.060950
5.469000 0.069077
6.489000 0.068873
7.519000 0.050470
8.579000 0.038754
9.589000 0.036570
10.739000 0.032814
11.749000 0.033861
12.789000 0.027623
13.879000 0.027814
15.549000 0.012287
21.922000 0.001503
22.932000 0.050313
23.942000 0.166263
24.962000 0.184181
25.993000 0.181691
27.112000 0.206259
28.113000 0.351239
29.262000 0.326653
30.273000 0.358319
31.275000 0.367750
32.282000 0.365416
33.332000 0.267810
34.442000 0.328736
35.443000 0.326879
36.462000 0.275140
37.523000 0.100624
38.531000 0.341071
39.532000 0.216857
40.602000 0.246722
41.603000 0.422712
42.612000 0.341705
43.752000 0.286725
44.753000 0.343391
45.762000 0.356032
46.862000 0.300804
48.052000 0.338063
49.062000 0.378578
50.072000 0.332422
51.251000 0.251332
52.252000 0.326844
53.262000 0.410242
54.272000 0.341735
55.352000 0.367319
56.353000 0.452503
57.355000 0.347176
58.472000 0.346213
59.481000 0.478916
60.512000 0.285844
61.513000 0.374902
62.582000 0.339676
63.583000 0.396140
64.584000 0.280416
65.742000 0.353563
66.743000 0.509688
67.751000 0.280852
68.752000 0.332585
69.762000 0.430811
70.771000 0.338391
71.773000 0.202368
72.951000 0.237483
73.961000 0.385669
75.152000 0.301715
76.162000 0.345594
77.163000 0.406427
78.171000 0.327007
79.172000 0.328973
80.211000 0.303168
81.212000 0.333891
82.213000 0.288485
83.221000 0.316460
84.232000 0.264577
85.241000 0.187973
86.380000 0.206368
87.381000 0.200895
88.391000 0.177787
89.401000 0.216591
90.402000 0.188595
91.411000 0.303572
92.451000 0.279257
93.461000 0.134503
94.470000 0.176058
95.672000 0.227981
96.681000 0.276347
97.701000 0.252141
98.721000 0.199603
99.731000 0.174725
100.741000 0.086277
101.742000 0.176296
102.762000 0.344901
103.763000 0.324499
104.791000 0.330618
105.792000 0.422651
106.801000 0.365228
107.802000 0.459080
108.931000 0.014860
109.932000 0.447696
110.933000 0.567669
111.935000 0.515345
112.936000 0.407027
113.941000 0.381479
114.951000 0.348166
115.952000 0.243078
116.961000 0.235861
117.972000 0.300002
118.991000 0.327354
120.001000 0.355278
121.002000 0.219353
122.111000 0.244038
123.121000 0.249220
124.122000 0.223434
125.140000 0.211401
126.161000 0.241807
127.182000 0.248118
128.191000 0.172102
129.192000 0.177618
130.270000 0.206384
131.280000 0.259310
132.321000 0.328587
133.323000 0.344775
134.324000 0.379528
135.332000 0.407564
137.180000 0.166593
138.211000 0.076958
139.212000 0.179086
140.260000 0.294664
141.261000 0.423968
142.262000 0.405282
143.270000 0.466556
144.271000 0.451620
145.272000 0.424789
146.470000 0.361626
147.471000 0.347202
148.480000 0.393723
149.531000 0.298444
150.540000 0.297191
151.551000 0.237452
152.610000 0.224503
153.615000 0.227319
154.620000 0.212812
155.750000 0.196720
156.751000 0.309082
157.780000 0.279356
158.781000 0.383265
159.811000 0.290554
160.820000 0.327062
161.821000 0.362808
162.822000 0.358300
163.830000 0.334433
164.840000 0.256441
165.861000 0.222632
167.060000 0.188313
168.070000 0.169307
169.250000 0.203014
170.251000 0.264457
171.260000 0.298382
172.411000 0.278646
173.420000 0.286073
174.421000 0.206329
175.430000 0.208282
176.440000 0.196586
177.450000 0.205750
178.460000 0.211695
179.470000 0.218751
180.480000 0.188799
181.490000 0.186796
182.491000 0.204269
183.670000 0.187343
184.680000 0.195042
185.690000 0.178397
186.700000 0.216788
187.710000 0.202720
188.720000 0.218348
189.730000 0.231036
190.740000 0.200646
191.750000 0.185486
192.760000 0.192447
193.761000 0.177662
201.149000 0.014614
202.150000 0.204995
203.151000 0.320104
204.152000 0.317090
205.159000 0.345792
206.179000 0.221823
207.189000 0.246345
208.299000 0.246157
209.300000 0.277427
210.309000 0.172807
211.311000 0.232096
212.319000 0.208803
213.329000 0.232242
214.340000 0.312756
215.350000 0.381292
216.370000 0.398245
217.580000 0.243251
218.589000 0.339890
219.590000 0.282073
220.592000 0.365891
221.599000 0.311221
222.609000 0.322846
223.616000 0.414906
224.619000 0.444861
225.750000 0.318951
226.751000 0.440160
227.920000 0.332263
228.939000 0.313775
229.941000 0.381847
230.942000 0.403458
231.949000 0.400328
232.969000 0.296350
233.979000 0.192333
234.981000 0.143792
235.989000 0.285780
237.000000 0.305335
238.200000 0.321089
239.209000 0.303580
240.219000 0.169963
241.229000 0.239971
242.279000 0.236173
243.280000 0.413327
244.459000 0.328577
245.501000 0.274487
246.509000 0.300441
247.510000 0.275041
248.518000 0.299917
249.519000 0.249889
250.529000 0.334911
251.619000 0.298463
252.620000 0.273926
253.622000 0.341969
254.629000 0.419320
255.750000 0.360257
256.819000 0.391217
257.988000 0.305565
258.989000 0.263676
259.998000 0.202227
260.999000 0.175644
262.000000 0.262322
263.139000 0.241758
264.149000 0.396994
265.150000 0.283521
266.169000 0.323506
267.179000 0.387088
268.181000 0.328459
269.183000 0.511381
270.199000 0.427401
271.218000 0.236776
272.219000 0.273704
273.220000 0.385488
274.229000 0.386387
275.359000 0.345076
276.361000 0.355043
277.458000 0.231982
278.459000 0.340292
279.518000 0.240452
280.520000 0.351990
281.529000 0.389110
282.530000 0.301689
283.531000 0.228353
284.578000 0.231076
285.579000 0.256448
286.588000 0.262481
287.589000 0.336129
288.729000 0.283889
289.878000 0.320104
290.879000 0.440654
291.880000 0.418157
292.889000 0.389585
293.890000 0.435632
294.891000 0.345128
295.898000 0.363414
296.899000 0.262473
297.900000 0.342500
298.908000 0.304263
299.918000 0.265516
301.079000 0.259574
302.080000 0.379516
303.088000 0.341028
304.089000 0.381818
305.098000 0.253521
306.099000 0.325429
307.148000 0.260968
308.158000 0.271009
309.159000 0.281606
310.279000 0.263059
311.298000 0.223094
312.299000 0.304759
313.308000 0.262647
314.318000 0.249512
315.320000 0.247086
316.321000 0.250730
317.328000 0.221812
318.338000 0.207084
319.347000 0.179845
320.358000 0.168238
321.368000 0.210995
322.369000 0.264179
323.447000 0.225106
324.457000 0.269900
325.458000 0.299696
326.468000 0.278163
327.469000 0.249794
328.478000 0.270193
329.479000 0.250873
330.487000 0.289071
331.623000 0.177675
332.628000 0.250460
333.639000 0.191043
334.647000 0.199929
335.659000 0.206822
336.667000 0.183874
337.668000 0.200551
338.677000 0.217421
339.678000 0.211618
340.688000 0.218431
341.698000 0.257702
342.708000 0.241882
343.718000 0.248993
344.738000 0.276282
345.739000 0.210454
346.747000 0.210927
347.758000 0.239592
348.768000 0.236957
349.918000 0.274663
351.048000 0.339835
352.058000 0.368782
353.068000 0.280446
354.198000 0.277589
355.199000 0.285626
356.207000 0.206615
357.208000 0.209095
358.217000 0.155390
359.219000 0.120141
360.228000 0.176254
361.237000 0.143270
362.247000 0.137083
363.248000 0.140763
364.397000 0.109552
365.398000 0.184496
366.407000 0.200638
367.417000 0.270891
368.437000 0.204582
369.438000 0.245994
370.447000 0.214488
371.457000 0.207232
372.467000 0.161756
373.477000 0.163889
374.478000 0.125730
375.500000 0.088395
376.507000 0.070642
377.517000 0.048809
378.547000 0.049142
379.577000 0.046485
380.587000 0.048760
381.627000 0.042092
382.786000 0.033242
383.797000 0.069077
384.817000 0.076447
385.827000 0.094812
386.837000 0.074495
387.857000 0.062541
388.877000 0.075106
389.897000 0.065718
390.937000 0.074977
391.938000 0.045099
392.957000 0.029762
393.966000 0.036607
395.007000 0.036795
396.026000 0.037590
397.037000 0.048712
398.067000 0.047860
399.087000 0.056329
400.116000 0.042542
401.326000 0.029967
402.366000 0.036831
403.396000 0.030548
404.436000 0.024992
405.456000 0.030847
410.773000 0.003081
416.510000 0.002867
417.640000 0.008474
418.652000 0.010814
419.670000 0.013438
420.690000 0.013412
421.700000 0.013545
422.740000 0.013154
423.790000 0.014331
424.920000 0.013317
425.960000 0.014469
426.990000 0.014610
428.070000 0.013933
429.080000 0.013545
430.110000 0.011953
431.180000 0.010228
432.190000 0.010836
433.350000 0.004935
434.380000 0.022579
435.410000 0.025235
436.450000 0.032885
437.480000 0.038554
438.510000 0.034532
439.540000 0.027891
440.580000 0.021046
441.590000 0.006772
442.691000 0.016153
443.710000 0.012082
444.730000 0.013412
445.740000 0.014899
465.030000 0.000071
466.109000 0.007607
467.469000 0.006040
468.869000 0.002931
470.229000 0.003018
471.509000 0.003206
478.426000 0.001384
479.572000 0.003584
480.710000 0.003606
481.827000 0.004899
482.907000 0.005067
484.670000 0.003880
485.750000 0.005067
487.208000 0.005630
488.375000 0.003517
489.489000 0.002458
490.969000 0.004332
492.087000 0.006118
493.191000 0.007435
494.306000 0.008588
499.023000 0.000290
500.134000 0.007388
501.143000 0.006779
512.629000 0.000357
514.346000 0.000797
515.449000 0.003721
516.566000 0.008573
517.587000 0.005359
519.026000 0.005704
520.329000 0.003150
521.750000 0.003851
522.831000 0.007593
524.029000 0.007993
525.088000 0.007751
526.108000 0.008047
527.128000 0.009388
528.170000 0.010503
529.193000 0.010698
530.246000 0.011692
531.289000 0.011804
532.388000 0.013692
533.449000 0.012893
534.566000 0.012247
535.569000 0.008183
536.630000 0.012893
537.686000 0.010364
538.729000 0.014428
539.786000 0.012942
540.807000 0.012059
541.808000 0.009566
552.939000 0.001472
554.679000 0.036727
555.787000 0.006173
556.868000 0.007593
558.068000 0.004560
559.929000 0.001470
561.108000 0.009282
562.247000 0.007206
563.348000 0.006213
564.488000 0.006000
565.627000 0.006005
567.289000 0.005762
569.127000 0.003721
570.228000 0.004970
571.369000 0.001200
575.869000 0.001216
576.889000 0.054988
578.028000 0.009608
579.127000 0.007469
580.128000 0.017766
581.210000 0.017701
582.228000 0.012094
583.369000 0.008393
584.467000 0.017443
585.606000 0.008407
587.029000 0.009613
588.048000 0.010740
589.166000 0.013460
590.268000 0.014897
591.325000 0.010354
592.346000 0.005359
593.545000 0.005705
594.865000 0.003109
596.269000 0.002923
598.345000 0.002636
599.588000 0.001101
600.950000 0.006026
602.148000 0.002956
603.169000 0.006699
604.191000 0.010708
605.887000 0.007259
606.925000 0.014497
608.006000 0.018982
609.547000 0.007102
610.608000 0.014183
611.628000 0.013412
612.889000 0.011933
614.005000 0.012258
615.168000 0.002353
616.188000 0.009388
617.207000 0.013425
619.009000 0.003796
626.027000 0.002335
627.047000 0.041801
628.068000 0.005121
629.166000 0.013705
630.205000 0.021066
631.225000 0.025482
632.268000 0.023609
633.366000 0.017443
634.405000 0.019750
635.447000 0.018380
636.486000 0.010533
637.508000 0.016063
638.546000 0.026358
639.547000 0.010267
640.548000 0.025966
641.589000 0.024968
642.828000 0.019874
644.064000 0.024350
645.094000 0.030548
646.327000 0.019971
647.329000 0.031401
648.444000 0.016066
649.466000 0.026771
656.449000 0.001175
657.468000 0.123509
658.644000 0.013959
662.665000 0.005103
663.767000 0.003724
665.108000 0.008161
672.588000 0.000368
673.885000 0.010547
675.050000 0.012917
676.525000 0.001856
677.785000 0.006514
679.508000 0.003970
680.605000 0.011223
681.609000 0.008175
682.626000 0.010761
683.646000 0.012071
684.828000 0.012731
686.166000 0.008179
687.828000 0.003292
696.753000 0.001836
697.848000 0.078736
699.084000 0.007748
700.686000 0.002562
701.748000 0.007729
702.865000 0.008573
704.826000 0.001179
706.026000 0.005700
707.106000 0.007600
708.125000 0.008055
709.224000 0.007469
710.447000 0.004474
711.546000 0.006224
716.765000 0.001311
718.104000 0.003065
746.249000 0.000146
747.732000 0.000923
748.790000 0.005172
750.012000 0.006717
751.230000 0.011232
752.715000 0.007370
753.769000 0.012979
754.890000 0.004881
756.012000 0.007316
757.068000 0.010364
762.080000 0.003269
763.130000 0.026088
764.390000 0.004343
765.571000 0.006950
766.651000 0.006333
767.810000 0.004721
768.990000 0.004637
777.433000 0.000486
778.549000 0.014710
779.773000 0.006706
781.008000 0.009969
783.469000 0.010528
784.788000 0.005186
785.972000 0.009243
787.069000 0.011223
788.374000 0.006290
789.498000 0.010954
790.549000 0.013016
791.550000 0.006833
792.612000 0.005153
793.710000 0.003738
795.071000 0.003015
796.671000 0.000855
798.551000 0.000728
799.829000 0.002141
800.849000 0.001341
802.908000 0.000664
806.868000 0.000345
808.350000 0.002769
809.387000 0.005277
810.648000 0.004339
812.651000 0.001366
813.732000 0.003796
814.771000 0.005267
816.270000 0.015493
817.352000 0.008880
818.448000 0.008737
820.995000 0.001074
822.191000 0.017774
823.230000 0.006583
824.389000 0.010623
825.409000 0.009388
826.610000 0.010251
827.670000 0.011615
828.811000 0.010791
830.011000 0.013680
831.071000 0.011615
832.091000 0.014753
833.551000 0.006238
834.589000 0.009225
835.692000 0.007442
836.772000 0.007600
839.379000 0.006285
840.588000 0.013596
841.668000 0.011400
842.748000 0.010133
843.871000 0.007316
844.890000 0.010740
846.371000 0.005542
847.548000 0.006974
848.869000 0.004048
849.948000 0.006339
850.992000 0.009172
852.024000 0.013269
853.151000 0.013352
854.231000 0.017733
855.270000 0.006856
856.409000 0.014413
857.430000 0.012059
858.527000 0.009976
859.709000 0.006944
860.910000 0.001139
861.911000 0.008200
863.010000 0.006224
864.930000 0.001316
866.268000 0.003067
867.469000 0.004556
868.630000 0.003535
869.748000 0.004894
870.911000 0.004705
874.650000 0.000366
876.030000 0.028280
877.248000 0.006739
878.269000 0.012059
879.509000 0.006619
880.949000 0.000950
882.131000 0.006950
883.170000 0.005267
884.249000 0.007607
885.311000 0.005595
886.368000 0.009060
887.670000 0.010507
888.769000 0.011203
889.789000 0.009388
890.867000 0.010152
891.948000 0.009306
901.142000 0.000744
902.222000 0.006333
903.241000 0.008055
904.382000 0.004796
905.662000 0.003206
911.854000 0.003088
923.809000 0.000346
924.817000 0.042626
925.819000 0.183273
926.827000 0.174524
928.757000 0.041770
929.767000 0.054808
930.817000 0.059170
931.827000 0.120125
932.837000 0.185852
934.007000 0.155440
935.087000 0.209585
936.217000 0.232965
937.387000 0.228701
938.389000 0.251499
939.537000 0.144101
940.547000 0.161180
941.556000 0.154340
942.727000 0.176811
943.728000 0.233447
944.797000 0.163304
945.817000 0.204218
946.827000 0.189095
947.837000 0.302941
948.847000 0.298198
950.017000 0.221571
951.027000 0.276455
952.030000 0.280393
953.037000 0.292515
954.076000 0.265781
955.077000 0.258294
956.087000 0.103538
957.106000 0.115454
958.107000 0.061499
959.117000 0.155762
960.136000 0.130222
961.137000 0.137532
962.138000 0.303393
963.146000 0.269946
964.157000 0.206598
965.168000 0.210789
966.177000 0.231411
967.187000 0.236450
968.188000 0.247505
969.197000 0.260313
970.208000 0.208363
971.217000 0.231460
972.227000 0.241120
973.276000 0.253043
974.296000 0.059012
975.306000 0.107002
976.307000 0.223616
977.317000 0.251339
978.326000 0.306611
979.336000 0.309177
980.340000 0.269922
981.477000 0.281846
982.486000 0.313500
983.502000 0.229687
984.516000 0.219006
985.526000 0.203168
986.566000 0.147154
987.591000 0.161491
988.596000 0.117063
989.607000 0.191959
990.609000 0.237037
991.617000 0.261818
992.636000 0.275968
993.766000 0.319481
994.767000 0.307493
995.776000 0.225107
996.796000 0.089859
997.816000 0.060353
998.835000 0.067125
999.838000 0.016335
1000.896000 0.049233
1001.936000 0.052615
1002.948000 0.029739
1004.126000 0.203565
1005.127000 0.276060
1006.136000 0.132772
1007.156000 0.073765
1008.176000 0.119365
1009.186000 0.115550
1010.196000 0.121901
1011.198000 0.114683
1012.236000 0.052717
1013.247000 0.047359
1014.266000 0.052409
1015.276000 0.066368
1016.286000 0.093457
1017.335000 0.028371
1018.368000 0.022513
1019.375000 0.124981
1020.407000 0.072907
1021.666000 0.056502
1022.685000 0.057727
1023.696000 0.024356
1024.706000 0.051418
1025.726000 0.226659
1026.905000 0.133223
1027.906000 0.101131
1028.907000 0.140763
1029.936000 0.095049
1030.966000 0.051798
1031.985000 0.038932
1032.986000 0.064232
1034.005000 0.129735
1035.016000 0.193687
1036.025000 0.168836
1037.026000 0.183691
1038.045000 0.181237
1039.055000 0.161444
1040.076000 0.179071
1041.195000 0.184737
1042.196000 0.232328
1043.205000 0.196833
1044.216000 0.123292
1045.225000 0.162696
1046.235000 0.109356
1047.246000 0.177258
1048.247000 0.149905
1049.266000 0.150086
1050.276000 0.147338
1051.286000 0.208586
1052.287000 0.186680
1053.295000 0.124738
1054.435000 0.095989
1055.445000 0.143572
1056.455000 0.138184
1057.465000 0.143261
1058.466000 0.132285
1059.475000 0.154561
1060.485000 0.166763
1061.487000 0.057870
1062.510000 0.160469
1063.525000 0.169887
1064.526000 0.259660
1065.527000 0.224373
1066.535000 0.130286
1067.555000 0.059012
1068.556000 0.099897
1069.565000 0.158628
1071.737000 0.039680
1072.745000 0.183542
1073.755000 0.334550
1074.756000 0.278730
1075.766000 0.258284
1076.767000 0.220028
1077.775000 0.223929
1078.785000 0.131023
1079.796000 0.309864
1080.805000 0.288906
1081.815000 0.308816
1082.816000 0.240391
1083.825000 0.194295
1084.835000 0.219422
1085.845000 0.195716
1086.847000 0.242747
1087.985000 0.260472
1088.995000 0.295271
1090.005000 0.250614
1091.015000 0.247306
1092.017000 0.351353
1093.025000 0.369143
1094.027000 0.309602
1095.045000 0.288751
1096.046000 0.280617
1097.055000 0.296304
1098.195000 0.341282
1099.196000 0.375699
1100.205000 0.318453
1101.215000 0.355702
1102.216000 0.362385
1103.225000 0.516804
1104.226000 0.415468
1105.227000 0.345329
1106.235000 0.305462
1107.236000 0.347072
1108.672000 0.211465
1109.694000 0.252163
1110.695000 0.329359
1111.835000 0.356020
1112.836000 0.439082
1113.846000 0.413854
1114.847000 0.452532
1115.887000 0.240218
1116.895000 0.306881
1117.905000 0.273369
1118.906000 0.302702
1119.915000 0.280941
1120.935000 0.268733
1121.945000 0.323442
1122.954000 0.246784
1123.955000 0.259947
1124.965000 0.296218
1125.974000 0.378268
1126.975000 0.349117
1127.985000 0.376912
1128.986000 0.330253
1129.995000 0.361375
1130.998000 0.362390
1132.005000 0.349871
1133.165000 0.272120
1134.175000 0.261410
1135.184000 0.270412
1136.195000 0.215411
1137.196000 0.379924
1138.205000 0.210635
1139.214000 0.277939
1140.215000 0.301863
1141.224000 0.212441
1142.244000 0.143506
1143.424000 0.171340
1144.425000 0.274693
1145.434000 0.219487
1146.444000 0.278418
1147.445000 0.286993
1148.454000 0.197008
1149.465000 0.312570
1150.485000 0.263649
1151.487000 0.419138
1152.494000 0.312170
1153.495000 0.271123
1154.496000 0.373211
1155.503000 0.453813
1156.505000 0.320838
1157.506000 0.345511
1158.515000 0.370747
1159.524000 0.358735
1160.674000 0.293785
1161.684000 0.243802
1162.685000 0.174399
1163.694000 0.196350
1164.704000 0.268200
1165.705000 0.262394
1166.714000 0.217790
1167.724000 0.204523
1168.726000 0.137791
1169.734000 0.190000
1170.735000 0.257313
1171.744000 0.358398
1172.754000 0.300844
1173.764000 0.362994
1174.771000 0.268270
1175.774000 0.159444
1176.784000 0.274954
1177.794000 0.185556
1178.795000 0.287905
1179.804000 0.372037
1180.814000 0.330428
1181.824000 0.281753
1182.914000 0.216814
1183.924000 0.308816
1184.934000 0.168722
1185.944000 0.196396
1186.947000 0.197079
1187.964000 0.265537
1189.133000 0.236714
1190.134000 0.355325
1191.135000 0.356841
1192.339000 0.324787
1193.444000 0.314643
1194.455000 0.282102
1195.463000 0.356929
1196.474000 0.294365
1197.484000 0.193429
1198.494000 0.208257
1199.524000 0.210033
1200.525000 0.265127
1201.534000 0.236530
1202.543000 0.263025
1203.544000 0.251909
1204.545000 0.370508
1205.554000 0.277762
1206.555000 0.294284
1207.675000 0.312342
1209.213000 0.009784
1210.224000 0.747791
1211.225000 0.355325
1212.234000 0.239850
1213.324000 0.242283
1214.326000 0.259401
1215.333000 0.262950
1216.423000 0.231890
1217.424000 0.295193
1218.435000 0.301576
1219.436000 0.316143
1220.453000 0.222868
1221.504000 0.270609
1222.513000 0.238443
1223.524000 0.359929
1224.533000 0.226575
1225.534000 0.315692
1226.543000 0.254199
1227.544000 0.442789
1228.554000 0.343030
1229.555000 0.329359
1230.563000 0.224065
1231.565000 0.298994
1232.566000 0.297926
1233.578000 0.233858
1235.484000 0.006807
1236.643000 0.744068
1237.644000 0.237794
1238.645000 0.236428
1239.653000 0.203571
1240.663000 0.201814
1241.664000 0.265773
1242.673000 0.428432
1243.675000 0.300261
1244.683000 0.244286
1245.685000 0.293309
1246.686000 0.427756
1247.693000 0.279878
1248.703000 0.297980
1249.713000 0.154408
1250.723000 0.158471
1253.263000 0.020715
1254.272000 0.685682
1255.273000 0.157163
1256.283000 0.125964
1257.313000 0.111673
1258.323000 0.105648
1259.325000 0.147449
1260.333000 0.079984
1261.342000 0.108464
1262.349000 0.112867
1263.352000 0.170489
1264.363000 0.157516
1265.372000 0.126089
1266.382000 0.134091
1267.388000 0.144143
1268.393000 0.098314
1269.403000 0.158471
1270.413000 0.172186
1271.423000 0.360285
1272.434000 0.299810
1273.443000 0.355219
1274.453000 0.274996
1275.462000 0.188456
1276.463000 0.129830
1277.473000 0.243802
1279.377000 0.044763
1280.393000 0.749596
1281.402000 0.286073
1282.403000 0.205364
1283.405000 0.304455
1284.412000 0.253995
1285.422000 0.189624
1286.442000 0.143506
1287.464000 0.073620
1288.473000 0.116599
1290.076000 0.010221
1291.083000 0.462109
1292.092000 0.097617
1293.174000 0.042987
1294.342000 0.134740
1295.343000 0.307493
1296.353000 0.247423
1297.358000 0.197373
1298.362000 0.192365
1299.372000 0.354867
1300.373000 0.253425
1301.382000 0.280650
1302.403000 0.163463
1303.412000 0.139748
1304.413000 0.282893
1305.414000 0.219974
1306.425000 0.243561
1307.432000 0.200271
1308.442000 0.226194
1309.452000 0.190679
1310.463000 0.259798
1311.472000 0.232952
1312.482000 0.297213
1313.483000 0.307749
1314.602000 0.256827
1315.793000 0.254732
1315.820000 0.202667
