0.000000 0.233148
1.001000 0.341255
2.010000 0.201677
3.020000 0.158128
4.021000 0.198610
5.031000 0.181579
6.032000 0.132820
7.041000 0.206951
8.141000 0.226116
9.142000 0.265292
10.151000 0.291505
11.152000 0.349804
12.272000 0.295677
13.282000 0.305322
14.392000 0.220589
15.393000 0.364285
16.394000 0.311233
17.402000 0.264555
18.403000 0.227043
19.412000 0.230543
20.413000 0.213195
21.414000 0.210893
22.423000 0.228696
23.553000 0.192461
24.563000 0.153053
25.633000 0.116739
26.643000 0.146281
27.743000 0.108236
28.744000 0.161263
29.754000 0.124970
30.764000 0.204523
31.774000 0.190534
32.784000 0.152061
33.785000 0.194062
34.786000 0.231780
35.795000 0.236548
36.796000 0.238345
37.805000 0.253636
38.995000 0.185664
40.005000 0.274954
41.006000 0.250510
42.016000 0.188269
43.156000 0.129971
44.165000 0.196591
45.166000 0.148778
46.186000 0.144847
47.316000 0.089373
48.317000 0.162629
49.326000 0.200500
50.337000 0.207600
51.347000 0.232804
52.356000 0.168119
53.367000 0.186574
54.377000 0.253424
55.577000 0.251861
56.578000 0.345758
57.579000 0.328775
58.580000 0.418246
59.588000 0.326553
60.598000 0.319212
61.609000 0.317494
62.619000 0.242614
63.620000 0.300659
64.628000 0.148475
65.629000 0.206362
66.640000 0.193492
67.828000 0.225625
68.829000 0.351225
69.830000 0.213501
70.831000 0.194752
71.840000 0.332170
72.850000 0.237850
73.851000 0.232805
74.861000 0.261410
75.862000 0.265510
76.870000 0.263286
77.871000 0.242365
78.881000 0.219030
80.000000 0.232100
81.010000 0.307461
82.011000 0.216822
83.012000 0.252827
84.021000 0.201489
85.022000 0.299293
86.024000 0.306262
87.025000 0.283677
88.031000 0.284272
89.042000 0.327334
90.102000 0.329906
91.104000 0.259401
92.112000 0.200111
93.113000 0.230148
94.122000 0.302343
95.283000 0.227904
96.343000 0.254413
97.422000 0.267654
98.423000 0.265127
99.424000 0.291193
100.425000 0.267735
101.433000 0.291886
102.443000 0.276364
103.444000 0.258587
104.445000 0.370358
105.454000 0.298668
106.455000 0.301422
107.464000 0.282765
108.574000 0.302213
109.575000 0.326038
110.576000 0.267860
111.577000 0.223914
112.585000 0.308071
113.586000 0.236299
114.595000 0.244044
115.596000 0.192182
116.605000 0.249467
117.675000 0.155264
118.676000 0.199528
119.686000 0.234662
120.706000 0.274941
121.707000 0.256363
122.716000 0.224172
123.726000 0.288499
124.747000 0.227738
125.757000 0.314234
126.768000 0.244822
127.777000 0.183033
128.797000 0.167972
129.817000 0.171671
130.827000 0.146281
131.828000 0.095848
132.829000 0.136663
133.838000 0.150494
134.857000 0.107901
135.868000 0.159668
136.878000 0.117693
137.908000 0.136800
138.918000 0.132144
139.928000 0.162535
140.938000 0.116842
141.998000 0.111264
142.999000 0.107964
144.169000 0.091085
145.179000 0.148990
146.199000 0.113893
147.209000 0.184206
148.219000 0.215716
149.309000 0.256771
150.310000 0.280160
151.320000 0.223997
152.321000 0.325259
153.330000 0.231964
154.340000 0.371825
155.341000 0.333633
156.351000 0.362378
157.360000 0.247844
158.371000 0.292224
159.372000 0.293826
160.381000 0.208934
161.382000 0.206317
162.391000 0.271160
163.399000 0.237449
164.422000 0.286622
165.432000 0.288499
166.442000 0.210310
167.443000 0.291049
168.452000 0.275227
169.462000 0.192615
170.463000 0.189962
171.552000 0.162807
172.553000 0.176296
173.562000 0.159984
174.733000 0.110817
175.753000 0.097906
176.763000 0.125964
177.773000 0.088040
178.783000 0.051469
179.813000 0.038517
180.833000 0.042918
181.890000 0.041600
182.894000 0.038151
183.934000 0.035515
184.974000 0.027623
185.984000 0.027089
186.994000 0.016253
188.204000 0.013567
189.234000 0.022579
191.445000 0.005569
192.545000 0.001244
208.929000 0.000083
210.437000 0.042158
211.438000 0.127533
212.439000 0.127374
213.448000 0.138124
214.458000 0.156350
215.459000 0.161709
216.460000 0.169546
217.468000 0.181778
218.499000 0.230156
219.688000 0.212362
220.699000 0.244175
221.849000 0.259417
223.019000 0.225662
224.050000 0.198658
225.051000 0.281526
226.059000 0.198099
227.060000 0.213272
228.070000 0.222282
229.080000 0.232185
230.089000 0.243859
231.100000 0.253304
232.101000 0.332092
233.102000 0.211841
234.110000 0.243547
235.271000 0.248486
236.441000 0.264674
237.621000 0.269948
238.781000 0.268820
239.821000 0.255168
240.961000 0.260759
241.991000 0.267468
242.992000 0.325259
243.993000 0.264479
244.994000 0.269294
246.002000 0.258386
247.003000 0.256281
248.013000 0.322360
249.014000 0.257714
250.033000 0.328911
251.034000 0.330725
252.043000 0.276903
253.044000 0.247644
254.083000 0.321263
255.084000 0.255255
256.225000 0.237411
257.234000 0.295908
258.244000 0.265369
259.333000 0.285807
260.344000 0.327778
261.353000 0.266808
262.354000 0.332092
263.364000 0.260755
264.365000 0.330725
265.374000 0.251063
266.375000 0.254922
267.385000 0.271740
268.515000 0.270459
269.575000 0.256058
270.645000 0.260906
271.795000 0.253378
272.796000 0.281526
273.805000 0.184960
274.815000 0.209941
275.935000 0.067175
277.266000 0.013361
278.346000 0.371831
279.347000 0.317087
280.348000 0.322714
281.356000 0.351117
282.357000 0.353626
283.366000 0.336444
284.367000 0.252004
285.368000 0.278793
286.377000 0.284582
287.378000 0.252794
288.387000 0.238620
289.397000 0.176914
290.398000 0.248727
291.418000 0.218396
292.427000 0.207437
293.428000 0.199275
294.448000 0.287012
295.449000 0.245451
296.560000 0.220987
297.569000 0.261669
298.579000 0.220553
299.580000 0.289024
300.698000 0.302199
301.699000 0.371724
302.700000 0.275064
303.701000 0.293826
304.709000 0.239381
305.719000 0.323715
306.720000 0.224008
307.722000 0.294898
308.730000 0.215642
309.910000 0.306605
310.911000 0.360791
311.912000 0.302740
312.913000 0.283517
313.921000 0.309293
314.931000 0.349205
316.081000 0.269798
317.083000 0.373917
318.091000 0.349087
319.092000 0.397076
320.102000 0.389626
321.103000 0.368991
322.852000 0.057838
323.853000 0.738067
324.972000 0.263698
326.112000 0.311303
327.262000 0.326574
328.263000 0.435956
329.268000 0.322157
330.283000 0.270847
331.293000 0.369937
332.483000 0.341159
333.484000 0.392224
334.485000 0.265855
335.603000 0.239961
336.604000 0.166729
337.605000 0.269227
338.614000 0.239332
339.623000 0.224185
340.624000 0.273327
341.634000 0.195201
342.804000 0.236038
343.834000 0.275182
344.835000 0.314973
345.904000 0.256077
346.906000 0.309768
347.915000 0.382951
348.916000 0.312129
349.917000 0.327390
350.925000 0.328878
351.936000 0.343690
352.946000 0.338627
353.947000 0.433207
354.956000 0.259999
355.957000 0.253981
356.966000 0.275112
357.976000 0.177266
358.991000 0.276465
360.116000 0.245160
361.227000 0.304846
362.237000 0.383735
363.297000 0.384678
364.298000 0.515221
365.299000 0.307488
366.307000 0.307310
367.308000 0.224022
368.388000 0.285057
369.389000 0.352591
370.398000 0.289153
371.399000 0.311592
372.408000 0.247670
373.410000 0.281455
374.411000 0.290583
375.418000 0.286264
376.419000 0.241026
377.420000 0.328057
378.421000 0.330814
379.429000 0.319007
380.569000 0.273679
381.589000 0.342729
382.590000 0.336512
383.599000 0.292521
384.600000 0.237199
385.680000 0.237744
386.690000 0.302657
387.810000 0.269522
388.812000 0.226635
389.830000 0.175603
390.831000 0.187229
392.261000 0.073027
393.280000 0.087262
394.281000 0.042366
395.291000 0.073141
396.307000 0.138685
397.351000 0.123414
398.352000 0.255560
399.353000 0.238377
400.372000 0.222375
401.592000 0.273065
402.672000 0.317582
403.872000 0.323116
404.882000 0.204523
405.973000 0.040125
406.988000 0.067389
408.173000 0.005772
409.174000 0.138880
410.183000 0.268542
411.213000 0.294283
412.214000 0.261739
413.363000 0.308397
414.364000 0.341658
415.374000 0.241992
416.384000 0.104293
417.385000 0.317475
418.395000 0.254692
419.396000 0.292460
420.404000 0.229649
421.405000 0.315209
422.465000 0.288102
423.485000 0.301765
424.495000 0.134591
425.515000 0.155576
426.525000 0.097521
427.535000 0.106886
428.536000 0.226861
429.565000 0.090503
430.576000 0.035181
431.586000 0.043343
432.666000 0.038000
433.686000 0.028165
434.706000 0.030847
435.716000 0.059596
436.726000 0.085389
437.766000 0.067085
438.777000 0.041947
439.797000 0.030563
441.367000 0.012199
442.399000 0.043744
443.980000 0.002596
444.997000 0.056496
446.027000 0.055545
447.037000 0.062305
448.038000 0.079214
449.048000 0.089947
450.069000 0.142277
451.078000 0.142002
452.089000 0.129435
453.099000 0.131382
454.119000 0.116521
455.279000 0.079740
456.429000 0.100606
457.489000 0.107478
458.559000 0.108950
459.659000 0.111176
460.759000 0.133276
461.970000 0.147383
462.992000 0.167725
464.000000 0.167136
465.001000 0.163204
466.010000 0.123757
467.201000 0.138818
468.380000 0.129511
469.501000 0.134175
470.511000 0.178788
471.522000 0.153632
472.531000 0.168997
473.541000 0.158780
474.611000 0.123711
475.622000 0.135312
476.642000 0.075273
477.653000 0.124487
478.663000 0.144240
479.672000 0.151335
480.673000 0.157263
481.683000 0.154408
482.703000 0.049721
483.723000 0.156918
484.732000 0.110651
485.733000 0.162629
486.743000 0.136470
487.744000 0.139641
488.745000 0.191329
489.753000 0.154336
490.764000 0.198908
491.774000 0.135738
492.775000 0.161263
493.784000 0.129884
494.804000 0.152894
495.825000 0.115852
496.834000 0.165407
497.844000 0.112797
498.994000 0.111690
499.995000 0.122997
501.025000 0.132350
502.126000 0.142061
503.135000 0.161340
504.145000 0.133791
505.146000 0.093350
506.336000 0.120425
507.346000 0.131382
508.356000 0.102438
509.366000 0.145023
510.367000 0.184496
511.377000 0.123655
512.386000 0.131736
513.396000 0.218067
514.407000 0.159371
515.408000 0.204995
516.427000 0.209815
517.428000 0.215341
518.437000 0.214216
519.457000 0.207882
520.458000 0.156361
521.497000 0.139565
522.507000 0.074749
523.508000 0.107964
524.518000 0.070432
525.528000 0.142646
526.529000 0.276724
527.530000 0.318082
528.531000 0.303890
529.539000 0.244441
530.540000 0.356792
531.541000 0.372520
532.709000 0.201172
533.870000 0.387949
534.872000 0.425332
535.959000 0.368169
536.971000 0.346055
537.980000 0.261883
538.982000 0.344823
539.991000 0.310478
541.071000 0.218801
542.081000 0.279018
543.092000 0.216798
544.101000 0.214216
545.111000 0.232966
546.129000 0.149159
547.131000 0.191138
548.133000 0.144719
552.962000 0.026261
553.973000 0.621080
556.012000 0.029104
557.032000 0.087176
558.043000 0.238148
559.133000 0.156708
560.135000 0.152907
561.143000 0.224840
562.154000 0.193778
563.163000 0.157273
564.164000 0.119233
565.193000 0.116991
566.203000 0.046693
567.214000 0.052772
568.243000 0.053178
569.303000 0.036136
572.585000 0.004168
573.614000 0.200948
574.625000 0.162006
575.645000 0.134848
576.656000 0.150196
577.676000 0.141691
578.695000 0.166757
579.705000 0.161917
580.735000 0.153201
581.766000 0.066343
582.785000 0.036247
583.956000 0.025274
585.046000 0.178298
586.069000 0.236952
587.077000 0.242011
588.078000 0.251034
589.088000 0.222085
590.107000 0.226227
591.119000 0.198840
592.137000 0.291621
593.148000 0.249907
594.397000 0.239948
595.407000 0.227549
596.427000 0.107294
597.428000 0.120844
598.429000 0.208618
599.430000 0.329911
600.438000 0.297002
601.440000 0.313026
602.441000 0.350565
603.490000 0.144554
604.491000 0.273020
605.639000 0.316445
606.649000 0.356222
607.650000 0.321422
608.669000 0.298796
609.672000 0.139119
610.700000 0.239026
611.739000 0.279279
612.750000 0.321109
613.881000 0.294635
614.890000 0.333673
615.891000 0.368130
616.902000 0.501944
617.911000 0.476354
618.920000 0.392102
619.940000 0.290023
620.941000 0.255858
621.951000 0.235675
622.961000 0.160731
623.971000 0.111065
624.972000 0.107964
626.141000 0.064363
627.142000 0.058765
628.151000 0.165407
629.152000 0.149929
630.153000 0.173562
631.162000 0.154561
632.184000 0.099053
633.192000 0.080071
634.222000 0.069064
635.223000 0.077482
636.232000 0.136936
637.233000 0.109331
638.283000 0.095885
639.303000 0.118024
640.465000 0.058864
641.484000 0.075180
642.505000 0.047502
643.514000 0.113887
644.524000 0.128360
645.534000 0.146250
646.554000 0.139244
647.565000 0.164372
648.574000 0.104051
649.575000 0.130255
650.585000 0.143034
651.594000 0.134224
652.645000 0.083096
653.646000 0.120264
654.669000 0.104305
655.685000 0.058322
656.695000 0.070432
657.696000 0.061172
658.875000 0.046412
659.886000 0.068764
660.906000 0.132566
661.926000 0.080487
662.956000 0.057111
664.021000 0.030828
665.106000 0.025217
666.277000 0.017523
667.518000 0.036672
668.747000 0.102850
670.007000 0.067264
671.627000 0.074323
672.628000 0.110697
673.638000 0.083990
674.647000 0.081482
675.648000 0.120264
676.665000 0.080877
677.808000 0.074021
678.809000 0.088831
679.819000 0.073787
680.828000 0.063722
681.838000 0.052824
683.099000 0.023371
684.119000 0.072424
685.129000 0.048760
686.149000 0.047175
687.169000 0.032188
688.179000 0.035216
689.183000 0.066765
690.190000 0.059774
691.260000 0.038054
692.420000 0.088178
693.430000 0.107677
694.440000 0.106553
695.460000 0.075296
696.472000 0.097033
697.671000 0.121359
698.861000 0.131050
700.011000 0.126803
701.152000 0.127592
702.161000 0.136936
703.162000 0.086885
704.252000 0.076790
705.273000 0.111209
706.282000 0.096474
707.292000 0.095654
708.353000 0.087021
709.362000 0.042030
710.373000 0.023026
711.382000 0.109193
712.383000 0.119662
713.413000 0.065080
714.443000 0.039853
715.452000 0.056944
716.463000 0.092525
717.464000 0.136331
718.483000 0.169534
719.683000 0.078926
720.833000 0.093674
721.994000 0.096425
723.194000 0.107230
724.224000 0.116114
725.234000 0.116126
726.244000 0.170591
727.245000 0.167645
728.255000 0.222131
729.265000 0.169404
730.285000 0.174805
731.295000 0.140077
732.305000 0.196396
733.315000 0.185653
734.435000 0.136357
735.445000 0.050115
736.456000 0.075774
737.457000 0.161263
738.466000 0.149855
739.486000 0.096746
740.636000 0.106934
741.646000 0.136800
742.666000 0.109329
743.677000 0.097424
744.717000 0.097689
745.727000 0.142218
746.747000 0.076750
748.155000 0.040807
749.167000 0.067589
750.178000 0.097923
751.257000 0.158156
752.258000 0.172898
753.268000 0.171714
754.269000 0.197592
755.278000 0.232635
756.428000 0.217464
757.429000 0.213225
758.439000 0.231301
759.442000 0.329788
760.519000 0.232466
761.520000 0.301087
762.700000 0.271394
764.009000 0.316909
765.010000 0.419556
766.011000 0.274630
767.020000 0.265338
768.021000 0.501554
769.022000 0.412342
770.023000 0.434711
771.042000 0.438861
772.211000 0.405842
773.212000 0.425876
774.213000 0.350786
775.241000 0.216949
776.242000 0.232328
777.251000 0.193319
778.261000 0.244044
779.263000 0.153038
780.271000 0.221214
781.282000 0.178300
782.292000 0.173370
783.302000 0.124610
784.312000 0.094812
785.323000 0.059368
786.332000 0.104396
787.372000 0.052615
