0.000000 0.266299
1.010000 0.260618
2.011000 0.259660
3.030000 0.273083
4.110000 0.209526
5.120000 0.255992
6.121000 0.211010
7.124000 0.237320
8.130000 0.156965
9.131000 0.261027
10.142000 0.259007
11.150000 0.271992
12.151000 0.307493
13.161000 0.253846
14.181000 0.280863
15.182000 0.297926
16.183000 0.257495
17.190000 0.272262
18.191000 0.271960
19.192000 0.264328
20.200000 0.349349
21.201000 0.375025
22.208000 0.342904
23.220000 0.266300
24.230000 0.180705
25.231000 0.321159
26.232000 0.317626
27.233000 0.368192
28.238000 0.285055
29.259000 0.257810
30.260000 0.317059
31.261000 0.287560
32.270000 0.294771
33.279000 0.323243
34.280000 0.337558
35.290000 0.294479
36.300000 0.268745
37.339000 0.309960
38.340000 0.236428
39.349000 0.199865
40.360000 0.269270
41.361000 0.264328
42.369000 0.267921
43.370000 0.276060
44.379000 0.194442
45.389000 0.207232
46.390000 0.216496
47.391000 0.236428
48.399000 0.210921
49.400000 0.297127
50.409000 0.227774
51.429000 0.213804
52.430000 0.240527
53.431000 0.247928
54.449000 0.263945
55.450000 0.245994
56.451000 0.226061
57.459000 0.238857
58.461000 0.227202
59.469000 0.278214
60.470000 0.238362
61.471000 0.250661
62.480000 0.295564
63.500000 0.279522
64.501000 0.238362
65.519000 0.241886
66.520000 0.202829
67.521000 0.251461
68.529000 0.246206
69.539000 0.222693
70.540000 0.306126
71.549000 0.245962
72.550000 0.235061
73.559000 0.182240
74.560000 0.210462
75.561000 0.180963
76.579000 0.223073
77.589000 0.175287
78.590000 0.195429
79.599000 0.159191
80.609000 0.159826
81.619000 0.136800
82.620000 0.108531
83.629000 0.139647
84.638000 0.128801
85.639000 0.071632
86.649000 0.132737
87.659000 0.130028
88.679000 0.071082
89.689000 0.046614
90.709000 0.076447
91.729000 0.061694
92.740000 0.074421
93.799000 0.038754
94.848000 0.029994
95.891000 0.032790
96.939000 0.028718
152.304000 0.000445
153.364000 0.028928
154.365000 0.107964
155.374000 0.130157
156.384000 0.116483
157.394000 0.130590
158.404000 0.151699
159.414000 0.150345
160.434000 0.123945
161.454000 0.151553
162.464000 0.142218
163.474000 0.094020
164.484000 0.108356
165.494000 0.085331
167.424000 0.031896
168.433000 0.107778
169.434000 0.083365
170.444000 0.094812
171.445000 0.140763
172.464000 0.110642
173.473000 0.105752
174.474000 0.133930
175.484000 0.149552
176.514000 0.171332
177.515000 0.177662
178.516000 0.127664
179.524000 0.152000
180.533000 0.144278
181.544000 0.139371
182.554000 0.154408
183.573000 0.106614
184.583000 0.153053
185.593000 0.161180
186.594000 0.197363
187.604000 0.207232
188.614000 0.126527
189.623000 0.154561
190.624000 0.209095
191.625000 0.142697
192.644000 0.106057
193.653000 0.103041
194.673000 0.106510
195.683000 0.157117
196.693000 0.150345
197.694000 0.096232
198.713000 0.128879
199.723000 0.112420
200.843000 0.104329
201.873000 0.140784
202.893000 0.092541
203.903000 0.090749
204.973000 0.073406
206.003000 0.087658
207.013000 0.085331
208.033000 0.067059
209.034000 0.081998
210.043000 0.084622
211.045000 0.113317
212.073000 0.113113
213.083000 0.124610
214.103000 0.110533
215.113000 0.134091
216.114000 0.127097
217.123000 0.106315
218.133000 0.104293
219.143000 0.088040
220.163000 0.084494
221.190000 0.091910
222.203000 0.078886
223.215000 0.113549
224.223000 0.116714
225.513000 0.085278
226.523000 0.193687
227.653000 0.189359
228.673000 0.236279
229.693000 0.165522
230.694000 0.196795
231.703000 0.185744
232.713000 0.161743
233.723000 0.207232
234.732000 0.146990
235.733000 0.213195
236.735000 0.164399
237.743000 0.162857
238.752000 0.132868
239.762000 0.073703
240.763000 0.095664
241.772000 0.112531
242.773000 0.099764
243.782000 0.109024
244.783000 0.148963
245.793000 0.150345
246.802000 0.130722
247.812000 0.150345
248.813000 0.128464
249.823000 0.126527
250.833000 0.119192
251.843000 0.116483
252.852000 0.141566
253.862000 0.153053
254.863000 0.158529
255.873000 0.127881
256.883000 0.161180
257.892000 0.161340
258.902000 0.148198
259.903000 0.189962
260.912000 0.199865
261.923000 0.181318
262.932000 0.156480
263.933000 0.154430
264.942000 0.146426
265.962000 0.149427
266.963000 0.247361
267.972000 0.160547
268.982000 0.172016
270.012000 0.154617
271.022000 0.159826
272.032000 0.176079
273.033000 0.163194
274.042000 0.172186
275.052000 0.150910
276.053000 0.285626
277.054000 0.215129
278.062000 0.268714
279.063000 0.160464
280.072000 0.195235
281.082000 0.144135
282.102000 0.206541
283.112000 0.184765
284.113000 0.222761
285.122000 0.250033
286.123000 0.215928
287.132000 0.138853
288.152000 0.193129
289.162000 0.184768
290.182000 0.185082
291.183000 0.157163
292.202000 0.082449
293.215000 0.148549
294.232000 0.131823
295.242000 0.081830
296.252000 0.079913
297.262000 0.098875
298.263000 0.083365
299.291000 0.082506
300.302000 0.089867
301.303000 0.103864
302.312000 0.103041
303.322000 0.147636
304.332000 0.154970
305.341000 0.184389
306.342000 0.227429
307.352000 0.260618
308.362000 0.239739
309.431000 0.155375
310.451000 0.108635
311.461000 0.067723
312.492000 0.057055
313.502000 0.067723
314.521000 0.142862
315.522000 0.172196
316.523000 0.183129
317.524000 0.219229
318.562000 0.194281
319.572000 0.230257
320.602000 0.171883
321.611000 0.184389
322.631000 0.136800
323.632000 0.168663
324.642000 0.195042
325.651000 0.136143
326.662000 0.169139
327.671000 0.146426
328.681000 0.111628
329.682000 0.155796
330.691000 0.136936
331.711000 0.091757
332.733000 0.085667
333.751000 0.135725
334.771000 0.077788
335.991000 0.077836
337.051000 0.034878
338.201000 0.021412
339.342000 0.004796
340.371000 0.053178
341.692000 0.011391
342.711000 0.072495
343.731000 0.065718
344.751000 0.081812
345.781000 0.035860
346.891000 0.010371
348.651000 0.005441
349.661000 0.094812
350.662000 0.161263
351.663000 0.140763
352.671000 0.163421
353.681000 0.172016
354.691000 0.098083
355.701000 0.167952
356.851000 0.186066
357.862000 0.209733
358.863000 0.132563
359.871000 0.103706
360.872000 0.243261
361.873000 0.252028
362.881000 0.251071
363.891000 0.251137
364.893000 0.300926
365.901000 0.292349
366.902000 0.292460
367.911000 0.267655
368.912000 0.310793
370.071000 0.306195
371.072000 0.368991
372.081000 0.176817
373.082000 0.283461
374.084000 0.322204
375.092000 0.314063
376.101000 0.339512
377.111000 0.385228
378.112000 0.375025
379.131000 0.371085
380.132000 0.383225
381.141000 0.426283
382.151000 0.400127
383.152000 0.428324
384.161000 0.327310
385.163000 0.361796
386.171000 0.375136
387.172000 0.340859
388.173000 0.306693
389.180000 0.232866
390.191000 0.313923
391.192000 0.279361
392.201000 0.247318
393.210000 0.180321
394.220000 0.173370
395.221000 0.190529
396.223000 0.285908
397.261000 0.351114
398.281000 0.402910
399.291000 0.489521
400.293000 0.358267
401.301000 0.362357
402.311000 0.318859
403.312000 0.350426
404.331000 0.365715
405.341000 0.347303
406.350000 0.248674
407.360000 0.222131
408.390000 0.179852
409.391000 0.127097
410.402000 0.113662
411.420000 0.086004
412.430000 0.104855
413.431000 0.240527
414.440000 0.220202
415.450000 0.147636
416.491000 0.175315
417.492000 0.274693
418.500000 0.193287
419.530000 0.146097
420.540000 0.085331
421.630000 0.102180
422.640000 0.180143
423.650000 0.215358
424.652000 0.188974
425.660000 0.217143
426.661000 0.236995
427.670000 0.212067
428.680000 0.288499
429.690000 0.149552
430.700000 0.172016
431.800000 0.157215
432.810000 0.222131
433.812000 0.163832
434.821000 0.153768
435.830000 0.197946
436.840000 0.196958
437.850000 0.328341
439.010000 0.314186
440.240000 0.333008
441.243000 0.405081
442.250000 0.302149
443.251000 0.308060
444.260000 0.275790
445.270000 0.302044
446.271000 0.247928
447.280000 0.263588
448.281000 0.296559
449.290000 0.260876
450.300000 0.321568
451.302000 0.233461
452.310000 0.297778
453.311000 0.291660
454.312000 0.327192
455.330000 0.217697
456.331000 0.153630
457.339000 0.255143
458.359000 0.184298
459.369000 0.119192
460.380000 0.127193
461.389000 0.099536
462.390000 0.180396
463.391000 0.253395
464.400000 0.332170
465.401000 0.295760
466.402000 0.242462
467.450000 0.315130
468.451000 0.273327
469.452000 0.324460
470.460000 0.280135
471.510000 0.331467
472.521000 0.212439
473.539000 0.154538
474.560000 0.054151
475.562000 0.176120
476.565000 0.214700
477.569000 0.264335
478.570000 0.286194
479.579000 0.298838
480.580000 0.266494
481.581000 0.262961
482.602000 0.245195
483.604000 0.384208
484.609000 0.237413
485.611000 0.259968
486.619000 0.257857
487.622000 0.315629
488.624000 0.404687
489.629000 0.185688
490.630000 0.539021
491.632000 0.554866
492.636000 0.480183
493.739000 0.426437
494.799000 0.386415
495.839000 0.393846
496.840000 0.390857
497.841000 0.302593
498.849000 0.248921
499.850000 0.338126
500.860000 0.363556
501.909000 0.378730
502.911000 0.445626
503.919000 0.373797
504.990000 0.379892
505.991000 0.502122
507.010000 0.524130
508.011000 0.556787
509.014000 0.493503
510.070000 0.363266
511.071000 0.636052
512.150000 0.534814
513.151000 0.581387
514.155000 0.572837
515.189000 0.464155
516.190000 0.463856
517.199000 0.354426
518.200000 0.506222
519.201000 0.660651
520.208000 0.224715
521.449000 0.194469
522.459000 0.250823
523.468000 0.184951
524.469000 0.224128
525.479000 0.187474
526.480000 0.312959
527.489000 0.386968
528.499000 0.256554
529.508000 0.264944
530.509000 0.281526
531.510000 0.217862
532.569000 0.269228
533.571000 0.302026
534.579000 0.303205
535.581000 0.597190
536.583000 0.540415
537.589000 0.575777
538.590000 0.487089
539.591000 0.431057
540.599000 0.422635
541.600000 0.457590
542.601000 0.559520
543.610000 0.487294
544.619000 0.488650
545.620000 0.394158
546.628000 0.375135
547.639000 0.472799
548.640000 0.432424
549.641000 0.402358
550.649000 0.410421
551.659000 0.422360
552.669000 0.450242
553.679000 0.362202
554.680000 0.366258
555.688000 0.318135
556.689000 0.305327
557.768000 0.216059
558.769000 0.256927
559.779000 0.247073
560.789000 0.339176
561.798000 0.260313
562.800000 0.246315
563.818000 0.274695
564.819000 0.321159
565.828000 0.221558
566.838000 0.271453
567.840000 0.337222
568.848000 0.293706
569.849000 0.226062
570.850000 0.340292
571.860000 0.308024
572.861000 0.366825
573.869000 0.324921
574.870000 0.344959
575.879000 0.332733
576.880000 0.308859
577.881000 0.265694
578.888000 0.242375
579.898000 0.231612
580.900000 0.231297
581.908000 0.247000
582.918000 0.176642
583.919000 0.204995
584.924000 0.173437
585.928000 0.235721
586.938000 0.206440
587.939000 0.233694
588.948000 0.202577
589.958000 0.214004
590.979000 0.135882
591.988000 0.109820
593.007000 0.124852
594.078000 0.091219
595.087000 0.084059
596.098000 0.132605
597.108000 0.125964
598.118000 0.150907
599.127000 0.181677
600.128000 0.091564
601.138000 0.087248
602.158000 0.160941
603.228000 0.047305
604.259000 0.092881
605.407000 0.049352
606.417000 0.174725
607.418000 0.094298
608.439000 0.079052
609.447000 0.077921
610.457000 0.082622
611.547000 0.028866
612.548000 0.154430
613.558000 0.275517
614.559000 0.249634
615.560000 0.207389
616.698000 0.178411
617.700000 0.296559
618.707000 0.126904
619.718000 0.161021
620.720000 0.180216
621.727000 0.179885
622.728000 0.140763
623.757000 0.124968
624.767000 0.058804
625.787000 0.072424
626.807000 0.061694
627.817000 0.046051
628.837000 0.054988
629.857000 0.057671
631.167000 0.047426
632.168000 0.069698
633.187000 0.033562
634.207000 0.026824
635.217000 0.035216
636.218000 0.099764
637.219000 0.191896
638.227000 0.263286
639.237000 0.141426
640.247000 0.063659
641.309000 0.050237
642.337000 0.037261
643.347000 0.079913
644.367000 0.081812
645.387000 0.081027
646.399000 0.174379
647.417000 0.187682
648.427000 0.135109
649.429000 0.219808
650.447000 0.183317
651.607000 0.239890
652.627000 0.309812
653.647000 0.199051
654.666000 0.126194
655.687000 0.076372
656.767000 0.086659
657.777000 0.107108
658.787000 0.108356
659.887000 0.174625
660.897000 0.174898
661.899000 0.204790
662.907000 0.217706
663.927000 0.160941
664.937000 0.115691
665.938000 0.225495
666.939000 0.290294
667.947000 0.234786
668.948000 0.235628
669.949000 0.236995
670.958000 0.241332
671.963000 0.195216
672.966000 0.220953
673.987000 0.186797
674.997000 0.136800
676.007000 0.148990
677.016000 0.255453
678.026000 0.222693
679.027000 0.215928
680.036000 0.194442
681.037000 0.258294
682.038000 0.297127
683.052000 0.278477
684.086000 0.325462
685.097000 0.298247
686.116000 0.310673
687.118000 0.247681
688.119000 0.332092
689.127000 0.297778
690.128000 0.284827
691.136000 0.280135
692.137000 0.288360
693.138000 0.268428
694.146000 0.255706
695.166000 0.234706
696.167000 0.252028
