0.000000 0.366075
1.001000 0.376392
2.020000 0.353633
3.021000 0.355892
4.022000 0.392224
5.024000 0.362363
6.030000 0.352763
7.031000 0.342226
8.032000 0.320360
9.040000 0.350706
10.041000 0.339493
11.121000 0.369126
12.130000 0.383691
13.131000 0.361359
14.140000 0.373407
15.141000 0.346326
16.142000 0.377758
17.149000 0.360564
18.150000 0.328559
19.151000 0.351792
20.170000 0.375113
21.172000 0.375449
22.180000 0.379206
23.190000 0.364911
24.200000 0.308024
25.209000 0.231049
26.210000 0.259660
27.211000 0.231528
28.220000 0.319175
29.330000 0.344360
30.340000 0.384665
31.341000 0.364092
32.350000 0.354426
33.361000 0.326663
34.380000 0.340208
35.399000 0.317386
36.450000 0.329850
37.459000 0.325391
38.469000 0.176643
39.479000 0.184206
40.489000 0.156325
41.491000 0.240287
42.499000 0.148492
43.509000 0.161180
44.510000 0.128464
45.519000 0.121229
46.520000 0.209095
47.521000 0.261594
48.529000 0.324357
49.539000 0.266036
50.540000 0.211029
51.549000 0.306410
52.559000 0.284998
53.560000 0.287560
54.570000 0.278226
55.579000 0.256246
56.599000 0.213804
57.600000 0.233694
58.619000 0.177766
59.620000 0.289726
60.629000 0.285563
61.630000 0.258861
62.639000 0.284718
63.649000 0.245719
64.659000 0.205085
65.669000 0.312879
66.680000 0.260360
67.689000 0.256809
68.700000 0.284154
69.709000 0.243251
70.828000 0.223006
71.829000 0.285626
72.831000 0.244941
73.839000 0.285572
74.859000 0.299082
75.860000 0.284827
76.869000 0.293415
77.879000 0.274954
78.881000 0.269794
79.889000 0.305921
80.899000 0.306669
81.901000 0.338587
82.909000 0.297778
83.929000 0.271475
85.020000 0.282647
86.021000 0.308859
87.029000 0.276338
88.039000 0.251137
89.049000 0.326424
90.050000 0.294394
91.058000 0.297778
92.059000 0.282094
93.069000 0.321006
94.070000 0.320360
95.071000 0.297127
96.079000 0.301849
97.099000 0.319200
98.100000 0.269794
99.109000 0.245962
100.119000 0.190978
101.128000 0.134224
102.138000 0.133299
103.139000 0.158529
104.148000 0.156480
105.158000 0.180143
106.168000 0.173370
107.178000 0.169868
108.179000 0.221395
109.189000 0.195604
110.199000 0.219422
111.208000 0.197154
112.209000 0.256927
113.218000 0.226981
114.258000 0.183385
115.260000 0.193868
116.268000 0.162857
117.288000 0.075663
118.298000 0.048760
119.323000 0.058724
120.328000 0.096645
122.734000 0.006810
124.008000 0.241288
125.018000 0.178788
126.038000 0.149427
127.048000 0.109711
128.058000 0.115129
129.068000 0.131382
130.069000 0.120831
131.088000 0.136934
132.098000 0.089394
133.118000 0.096565
134.128000 0.112982
135.138000 0.180143
136.139000 0.185063
137.148000 0.185744
138.187000 0.149328
139.188000 0.194062
140.189000 0.187229
141.198000 0.165970
142.208000 0.208586
143.228000 0.188322
144.238000 0.211295
145.239000 0.194629
146.248000 0.246755
147.249000 0.190529
148.268000 0.173182
149.278000 0.111628
150.288000 0.195042
151.289000 0.172763
152.298000 0.196591
153.307000 0.172186
154.308000 0.165930
155.324000 0.185811
156.338000 0.155708
157.348000 0.169307
158.349000 0.166729
159.357000 0.172921
160.367000 0.201814
161.369000 0.161669
162.378000 0.211504
163.387000 0.171393
164.397000 0.195042
165.398000 0.126298
166.427000 0.097050
167.437000 0.050115
168.447000 0.041988
169.467000 0.032188
170.537000 0.031963
171.557000 0.030847
172.587000 0.025235
173.647000 0.019358
174.667000 0.020118
210.874000 0.000529
211.894000 0.032745
212.904000 0.085331
213.924000 0.124729
214.934000 0.093457
215.954000 0.080471
216.994000 0.051846
218.024000 0.067736
219.034000 0.060950
220.044000 0.047406
221.054000 0.035216
222.084000 0.030548
223.085000 0.028699
224.094000 0.033895
225.104000 0.043343
226.124000 0.046157
227.154000 0.055783
228.194000 0.053931
229.204000 0.056887
230.234000 0.058439
231.254000 0.044259
232.264000 0.046051
233.360000 0.040460
234.394000 0.037044
235.424000 0.041173
236.464000 0.034200
237.474000 0.023026
238.514000 0.027623
239.553000 0.030283
240.554000 0.035532
241.594000 0.042092
242.634000 0.034200
243.683000 0.033907
244.713000 0.035860
245.733000 0.027380
246.753000 0.026824
247.763000 0.020317
248.814000 0.022127
249.863000 0.018257
250.933000 0.012785
251.983000 0.015634
253.053000 0.012785
254.103000 0.009120
255.143000 0.013154
256.193000 0.020846
257.203000 0.017608
258.793000 0.006883
260.003000 0.006783
261.043000 0.006577
262.063000 0.013427
263.153000 0.013791
264.193000 0.018415
265.293000 0.014924
267.440000 0.002549
285.410000 0.000609
286.438000 0.015969
287.458000 0.010729
288.618000 0.007076
289.769000 0.007131
290.928000 0.007082
292.098000 0.007015
293.248000 0.007137
294.348000 0.007462
295.518000 0.007015
296.538000 0.006706
297.568000 0.005313
298.808000 0.008181
299.838000 0.035860
301.109000 0.026908
302.129000 0.060353
303.138000 0.086771
304.148000 0.108464
305.158000 0.115806
306.168000 0.127319
307.178000 0.109711
308.189000 0.086599
309.198000 0.077843
310.218000 0.071152
311.228000 0.083976
312.246000 0.107505
313.258000 0.112759
314.278000 0.111318
315.298000 0.081812
316.299000 0.088831
317.308000 0.105752
318.328000 0.145404
319.338000 0.132737
320.348000 0.157679
321.358000 0.185560
322.368000 0.108356
323.369000 0.105798
324.378000 0.185744
325.379000 0.154430
326.388000 0.122585
327.408000 0.193129
328.438000 0.090315
329.458000 0.102486
330.478000 0.075106
331.507000 0.049190
332.537000 0.041173
333.597000 0.034845
334.648000 0.016937
336.028000 0.008922
337.097000 0.019196
338.147000 0.020846
355.322000 0.000558
356.325000 0.100132
357.326000 0.337558
358.327000 0.325826
359.328000 0.275261
360.386000 0.235864
361.396000 0.287429
362.406000 0.289349
363.415000 0.191167
364.416000 0.179596
365.425000 0.234553
366.426000 0.113998
367.435000 0.124733
368.445000 0.186915
369.456000 0.153464
370.457000 0.237794
371.465000 0.243492
372.466000 0.273894
373.556000 0.308007
374.566000 0.338949
375.567000 0.321726
376.576000 0.271722
377.585000 0.286636
378.586000 0.314326
379.597000 0.306669
380.599000 0.243585
381.605000 0.269249
382.606000 0.228795
383.615000 0.285280
384.625000 0.342677
385.636000 0.213001
386.645000 0.240536
387.646000 0.318426
388.655000 0.271725
389.656000 0.314893
390.745000 0.291960
391.746000 0.291093
392.755000 0.290704
393.776000 0.314084
394.876000 0.055964
395.885000 0.380185
396.935000 0.274664
397.936000 0.329359
398.946000 0.324277
399.955000 0.263849
400.956000 0.327193
401.965000 0.364710
402.966000 0.357259
403.967000 0.340859
404.975000 0.339849
405.976000 0.339493
406.977000 0.290294
407.985000 0.286357
408.996000 0.272538
409.997000 0.336759
411.005000 0.298571
412.006000 0.211029
413.065000 0.248559
414.105000 0.343862
415.107000 0.365892
416.115000 0.305921
417.116000 0.277994
418.124000 0.343921
419.125000 0.346326
420.140000 0.269557
421.155000 0.195988
422.195000 0.325446
423.197000 0.226635
424.277000 0.279193
425.387000 0.286436
426.435000 0.364733
427.436000 0.393590
428.445000 0.311041
429.455000 0.303206
430.456000 0.243828
431.457000 0.265127
432.465000 0.205492
433.474000 0.283362
434.476000 0.257238
435.477000 0.327193
436.495000 0.317697
437.505000 0.348657
438.506000 0.362158
439.515000 0.313752
440.516000 0.342226
441.524000 0.331706
442.575000 0.268674
443.576000 0.333459
444.577000 0.324460
445.584000 0.310300
446.585000 0.297127
447.586000 0.296559
448.594000 0.209563
449.595000 0.195429
450.604000 0.140210
452.274000 0.038501
453.275000 0.107964
454.284000 0.165407
455.295000 0.121109
459.806000 0.014860
461.000000 0.004583
462.200000 0.004560
463.401000 0.004556
464.600000 0.004564
465.800000 0.004560
467.020000 0.004489
468.260000 0.004413
469.460000 0.004560
470.720000 0.004343
471.940000 0.004485
473.140000 0.004560
474.340000 0.004560
475.360000 0.004024
476.580000 0.003364
477.801000 0.004482
479.000000 0.004564
480.260000 0.004343
481.460000 0.004560
482.740000 0.004275
484.080000 0.004084
485.360000 0.003206
486.640000 0.003206
487.920000 0.003206
489.240000 0.003109
490.520000 0.003206
491.843000 0.003102
493.120000 0.003214
494.400000 0.003206
495.700000 0.003157
496.959000 0.003260
498.240000 0.003204
499.680000 0.002850
501.019000 0.003065
502.280000 0.003255
503.559000 0.003209
504.839000 0.003206
506.119000 0.003206
507.399000 0.003206
508.719000 0.003109
509.959000 0.003310
511.239000 0.003206
512.560000 0.003107
513.880000 0.003109
515.420000 0.002665
516.719000 0.003159
517.959000 0.003310
519.239000 0.003206
520.519000 0.003206
522.299000 0.001856
523.479000 0.004637
525.585000 0.003897
526.599000 0.005396
527.799000 0.004560
529.099000 0.004209
530.279000 0.004637
531.599000 0.004145
532.839000 0.004413
534.059000 0.004485
535.199000 0.003600
536.359000 0.004717
537.559000 0.004560
538.779000 0.004485
539.979000 0.004560
541.179000 0.004560
542.339000 0.005897
543.439000 0.007462
544.442000 0.069559
545.449000 0.238638
546.469000 0.098914
547.470000 0.220028
548.479000 0.155124
549.489000 0.150345
550.490000 0.165363
551.499000 0.118517
552.509000 0.150345
553.960000 0.044312
555.019000 0.020669
556.059000 0.009208
557.080000 0.018776
558.085000 0.074070
559.089000 0.213920
560.090000 0.172763
561.099000 0.197946
562.109000 0.173370
563.120000 0.148345
564.129000 0.150494
565.139000 0.141426
566.140000 0.180396
567.159000 0.162442
568.160000 0.131764
569.169000 0.178965
570.179000 0.171224
571.180000 0.200895
572.199000 0.181237
573.219000 0.177592
574.229000 0.204523
575.230000 0.175497
576.239000 0.172186
577.249000 0.131945
578.250000 0.204995
579.258000 0.200063
580.259000 0.218661
581.269000 0.153616
582.279000 0.201814
583.409000 0.177253
584.410000 0.250094
585.411000 0.204196
586.419000 0.275500
587.420000 0.260228
588.428000 0.238063
589.439000 0.258445
590.449000 0.182059
595.288000 0.023469
600.712000 0.000252
601.726000 0.183479
602.732000 0.156946
603.733000 0.258294
604.742000 0.199866
605.756000 0.084963
606.762000 0.334090
607.764000 0.265429
608.772000 0.276857
609.773000 0.227429
610.842000 0.284625
611.862000 0.308773
612.863000 0.245195
613.872000 0.286636
614.873000 0.306126
615.892000 0.243549
616.893000 0.245195
617.894000 0.230961
618.902000 0.186492
619.922000 0.163624
620.952000 0.126175
621.962000 0.110273
622.973000 0.139509
623.982000 0.107108
624.983000 0.107964
625.994000 0.073630
627.012000 0.115568
628.021000 0.124733
629.023000 0.081998
630.042000 0.059627
631.073000 0.079612
632.081000 0.078714
633.102000 0.054934
634.112000 0.065014
637.111000 0.015053
638.239000 0.013340
639.243000 0.032701
640.251000 0.030421
641.263000 0.047312
642.284000 0.041536
643.301000 0.053805
644.321000 0.040235
645.323000 0.034132
646.346000 0.024070
647.348000 0.024575
648.361000 0.032411
649.411000 0.026057
650.421000 0.033861
651.541000 0.027379
652.611000 0.017899
654.142000 0.011616
655.162000 0.076447
656.201000 0.055299
657.211000 0.063659
658.222000 0.051418
659.261000 0.025016
660.281000 0.038894
661.311000 0.045157
662.411000 0.022902
663.441000 0.087658
664.461000 0.076447
665.641000 0.017390
666.651000 0.039279
667.701000 0.019543
668.705000 0.016335
669.721000 0.310787
670.723000 0.212982
671.731000 0.165619
672.751000 0.210565
673.761000 0.160388
674.792000 0.195239
675.793000 0.219229
676.811000 0.158570
677.821000 0.083976
678.831000 0.050677
679.832000 0.050565
680.866000 0.071443
681.871000 0.050364
682.877000 0.059833
683.911000 0.054244
684.921000 0.052824
686.001000 0.041059
687.041000 0.068400
688.050000 0.051520
689.061000 0.058184
690.062000 0.106597
691.131000 0.109306
692.142000 0.156961
693.151000 0.120666
694.161000 0.126862
695.170000 0.099993
696.181000 0.155608
697.191000 0.130028
698.210000 0.077079
699.251000 0.044680
700.291000 0.027623
701.310000 0.041617
702.330000 0.028165
703.345000 0.051216
704.350000 0.118424
705.351000 0.139964
706.352000 0.274693
707.370000 0.267976
708.371000 0.294394
709.380000 0.265736
710.391000 0.184951
711.401000 0.163889
712.402000 0.154997
713.410000 0.217143
714.420000 0.219984
715.430000 0.185744
716.440000 0.100230
717.450000 0.072349
718.484000 0.046306
719.490000 0.103348
720.491000 0.190529
721.501000 0.296626
722.521000 0.243310
723.531000 0.309378
724.540000 0.348440
725.541000 0.221962
726.560000 0.199246
727.561000 0.218661
728.570000 0.222914
729.580000 0.234553
730.610000 0.134695
731.630000 0.091200
732.661000 0.061036
738.076000 0.003026
739.090000 0.287953
740.110000 0.095224
741.116000 0.088390
742.571000 0.091222
743.580000 0.100860
744.591000 0.126089
745.600000 0.281213
746.679000 0.317486
747.691000 0.335573
748.692000 0.291660
749.700000 0.252992
750.701000 0.280160
751.702000 0.256128
752.710000 0.212615
753.711000 0.222422
754.712000 0.276627
755.720000 0.171000
756.730000 0.184768
757.731000 0.353958
758.750000 0.207301
759.760000 0.190978
760.770000 0.195604
761.792000 0.172673
762.820000 0.079066
763.840000 0.101929
764.849000 0.112531
765.900000 0.160639
766.929000 0.120980
767.930000 0.047832
768.949000 0.106057
769.950000 0.197363
770.960000 0.266828
771.970000 0.224048
772.980000 0.237030
773.990000 0.202376
775.010000 0.216486
776.019000 0.223707
777.030000 0.221120
778.040000 0.253283
779.041000 0.231528
780.050000 0.267092
781.051000 0.245195
782.060000 0.245962
783.079000 0.202716
784.089000 0.146844
785.091000 0.218443
786.116000 0.190072
787.119000 0.207314
788.139000 0.111318
789.250000 0.070698
790.260000 0.127319
791.279000 0.123509
792.299000 0.107294
793.309000 0.129236
794.329000 0.203859
795.343000 0.171897
796.349000 0.126465
797.359000 0.109711
798.619000 0.089550
799.629000 0.178788
800.659000 0.103697
801.660000 0.105231
802.669000 0.220202
803.670000 0.226062
804.689000 0.157072
805.699000 0.116483
806.779000 0.101859
807.794000 0.137474
808.809000 0.113214
809.861000 0.132639
810.879000 0.122845
811.889000 0.182851
812.900000 0.146698
813.909000 0.188456
814.919000 0.165244
815.929000 0.081830
816.941000 0.124364
817.949000 0.160143
818.954000 0.144852
819.959000 0.178316
820.969000 0.196958
821.979000 0.205877
822.980000 0.153630
823.989000 0.200658
824.999000 0.219984
826.009000 0.211295
827.019000 0.199667
828.038000 0.140962
829.040000 0.126970
830.049000 0.163259
831.059000 0.211295
832.069000 0.182059
833.079000 0.197750
834.089000 0.073141
835.109000 0.060353
836.119000 0.079121
837.129000 0.109711
838.139000 0.105648
839.159000 0.142722
840.170000 0.254638
841.179000 0.210712
842.181000 0.232096
843.189000 0.193278
844.209000 0.151553
845.219000 0.154408
846.229000 0.085893
847.239000 0.201814
848.248000 0.130157
849.249000 0.133131
850.250000 0.166729
851.258000 0.132206
852.259000 0.177662
853.289000 0.177973
854.298000 0.121229
855.308000 0.141003
856.329000 0.158259
857.334000 0.203383
858.339000 0.321807
859.399000 0.290913
860.410000 0.288214
861.419000 0.216135
862.428000 0.184571
863.438000 0.186307
864.440000 0.224128
865.449000 0.153768
866.458000 0.220995
867.459000 0.247928
868.460000 0.226861
869.468000 0.278778
870.549000 0.199208
871.558000 0.184389
872.560000 0.122997
873.579000 0.152259
874.588000 0.241332
875.590000 0.239728
876.598000 0.240214
877.599000 0.134498
878.608000 0.200658
879.618000 0.192895
880.628000 0.249467
881.629000 0.284827
882.639000 0.316150
883.648000 0.286636
884.659000 0.242208
885.668000 0.240539
886.758000 0.304801
887.760000 0.233461
888.768000 0.179706
889.780000 0.116253
890.788000 0.176429
891.789000 0.216496
892.878000 0.278141
893.888000 0.302044
894.899000 0.282289
895.908000 0.315108
896.909000 0.324460
897.910000 0.381291
898.918000 0.280135
899.929000 0.307719
900.977000 0.236809
901.979000 0.336192
902.980000 0.403724
903.999000 0.352290
905.010000 0.240539
906.027000 0.291107
907.048000 0.280581
908.050000 0.400991
909.051000 0.476156
910.059000 0.430775
911.128000 0.420807
912.129000 0.493922
913.130000 0.518521
914.131000 0.558155
915.218000 0.437748
916.220000 0.404120
917.221000 0.388691
918.298000 0.404977
919.299000 0.432424
920.377000 0.357121
921.478000 0.373268
922.489000 0.391438
923.497000 0.341206
924.508000 0.319897
925.509000 0.355892
926.510000 0.365459
927.518000 0.356116
928.667000 0.271968
929.668000 0.330725
930.669000 0.394158
931.670000 0.446090
932.671000 0.418757
933.677000 0.254855
934.687000 0.112420
935.688000 0.101698
936.697000 0.170831
937.707000 0.215358
938.709000 0.247681
939.717000 0.286921
940.718000 0.314893
941.719000 0.345758
942.727000 0.318135
943.728000 0.338126
944.729000 0.340859
945.730000 0.280727
946.738000 0.385429
947.747000 0.349003
948.767000 0.240627
949.768000 0.151696
950.769000 0.198729
951.770000 0.339493
952.777000 0.350033
953.778000 0.257955
954.787000 0.277146
955.827000 0.271515
956.829000 0.271960
957.837000 0.185135
958.918000 0.334616
959.928000 0.397249
960.938000 0.305315
961.939000 0.328559
962.947000 0.343921
963.948000 0.390058
964.949000 0.314893
965.957000 0.331143
966.967000 0.289061
967.968000 0.220595
968.977000 0.267092
969.987000 0.249782
970.988000 0.268428
971.989000 0.424224
972.997000 0.402278
974.077000 0.329859
975.078000 0.363524
976.079000 0.320357
977.087000 0.366995
978.088000 0.396891
979.097000 0.355782
980.098000 0.370925
981.099000 0.392791
982.100000 0.351791
983.107000 0.349696
984.117000 0.287145
985.127000 0.263327
986.137000 0.264681
987.138000 0.314326
988.140000 0.371920
989.146000 0.366362
990.147000 0.327193
991.148000 0.465223
992.157000 0.262232
993.166000 0.212860
994.176000 0.184768
995.177000 0.252827
996.187000 0.126527
997.197000 0.209941
998.206000 0.136936
999.207000 0.141331
1000.208000 0.312160
1001.286000 0.360928
1002.288000 0.237557
1003.306000 0.261257
1004.307000 0.297926
1005.323000 0.178291
1006.356000 0.237599
1007.357000 0.414657
1008.397000 0.389900
1009.406000 0.419504
1010.417000 0.403790
1011.497000 0.367860
1012.498000 0.353958
1013.499000 0.312160
1014.500000 0.302593
1015.501000 0.499389
1016.506000 0.481067
1017.507000 0.402358
1018.509000 0.329594
1019.516000 0.268190
1020.526000 0.253283
1021.527000 0.276627
1022.528000 0.309427
1023.538000 0.406899
1024.547000 0.312396
1025.716000 0.332831
1026.796000 0.379259
1027.866000 0.382804
1028.867000 0.411924
1029.876000 0.357931
1030.886000 0.362202
1031.887000 0.310793
1032.897000 0.348657
1033.898000 0.336759
1034.906000 0.283643
1035.916000 0.314796
1036.917000 0.372291
1037.926000 0.446620
1038.927000 0.473423
1039.929000 0.414244
1041.006000 0.426570
1042.046000 0.394225
1043.047000 0.411924
1044.056000 0.382335
1045.067000 0.317191
1046.076000 0.270367
1047.077000 0.262961
1048.086000 0.294208
1049.096000 0.240301
1050.106000 0.260618
1051.107000 0.321159
1052.116000 0.298838
1053.117000 0.247928
1054.125000 0.306714
1055.126000 0.186430
1056.136000 0.223485
1057.137000 0.223329
1058.146000 0.262232
1059.156000 0.307461
1060.157000 0.267042
1061.226000 0.198903
1062.227000 0.284260
1063.229000 0.224471
1064.236000 0.281208
1065.246000 0.169869
1066.255000 0.229130
1067.256000 0.176863
1068.316000 0.248325
1069.337000 0.280306
1070.346000 0.256809
1071.486000 0.240498
1072.497000 0.345386
1073.506000 0.241895
1074.516000 0.260618
1075.517000 0.349858
1076.526000 0.297483
1077.537000 0.290129
1078.556000 0.314701
1079.605000 0.320046
1080.616000 0.340985
1081.625000 0.244607
1082.626000 0.228795
1083.627000 0.300659
1084.635000 0.194635
1085.636000 0.319333
1086.645000 0.266755
1087.646000 0.261594
1088.925000 0.226127
1089.926000 0.330725
1090.935000 0.289348
1091.937000 0.258603
1092.938000 0.338925
1093.945000 0.230149
1094.946000 0.220595
1095.955000 0.176254
1097.015000 0.185088
1098.025000 0.196591
1099.036000 0.156961
1100.055000 0.153602
1101.056000 0.220028
1102.065000 0.168682
1103.076000 0.250326
1104.085000 0.194442
1105.095000 0.189624
1106.115000 0.127969
1107.135000 0.178376
1108.136000 0.230162
1109.137000 0.284260
1110.145000 0.263849
1111.155000 0.207232
1112.165000 0.205085
1113.225000 0.209608
1114.235000 0.238620
1115.236000 0.194629
1116.245000 0.233197
1117.255000 0.229465
1118.269000 0.219905
1119.275000 0.200461
1120.276000 0.286993
1121.285000 0.251386
1122.286000 0.236995
1123.295000 0.290141
1124.296000 0.275261
1125.298000 0.285908
1126.315000 0.299965
1127.336000 0.206895
1128.344000 0.225849
1129.345000 0.230961
1130.346000 0.217862
1131.347000 0.340292
1132.355000 0.278778
1133.364000 0.244607
1134.365000 0.313526
1135.374000 0.272515
1136.375000 0.256128
1137.376000 0.297127
1138.385000 0.317257
1139.395000 0.243010
1140.404000 0.241895
1141.405000 0.267860
1142.415000 0.245719
1143.524000 0.263257
1144.525000 0.344392
1145.526000 0.175497
1146.744000 0.245314
1147.746000 0.300659
1148.755000 0.282569
1149.794000 0.224377
1150.795000 0.281526
1151.796000 0.276627
1152.894000 0.237239
1153.905000 0.289853
1154.914000 0.264944
1155.915000 0.267061
1156.924000 0.306410
1157.925000 0.301227
1158.934000 0.273078
1159.935000 0.308859
1160.937000 0.266794
1161.944000 0.257319
