0.000000 0.001018
1.011000 0.119230
2.021000 0.216999
3.150000 0.164644
6.100000 0.009275
7.160000 0.037426
8.210000 0.065629
9.250000 0.074930
10.430000 0.106441
11.431000 0.115231
12.440000 0.165546
13.620000 0.126857
14.630000 0.147348
15.631000 0.171303
16.800000 0.152587
17.810000 0.182719
18.820000 0.127033
19.840000 0.095339
20.850000 0.103536
21.860000 0.091134
22.892000 0.049509
23.900000 0.031297
24.910000 0.055458
25.929000 0.027956
26.960000 0.026537
27.970000 0.032145
29.020000 0.056954
30.210000 0.058845
31.220000 0.055533
32.260000 0.043869
33.261000 0.036899
34.270000 0.068360
35.280000 0.104574
36.312000 0.065608
37.409000 0.022467
38.620000 0.015798
39.709000 0.016331
40.790000 0.011389
41.840000 0.042467
42.869000 0.046531
44.090000 0.071737
45.109000 0.113112
46.319000 0.068880
47.339000 0.068400
48.370000 0.047157
49.419000 0.045296
50.429000 0.063650
51.439000 0.076873
52.449000 0.061096
53.459000 0.060880
54.500000 0.054521
55.529000 0.039654
56.540000 0.074953
57.549000 0.061343
58.570000 0.038792
59.699000 0.047469
60.700000 0.053299
61.709000 0.058915
62.739000 0.051841
63.749000 0.029791
64.859000 0.027114
65.900000 0.050407
66.909000 0.081642
67.920000 0.075398
68.960000 0.029867
70.089000 0.050709
71.090000 0.096301
72.119000 0.109810
73.140000 0.101065
74.150000 0.097106
75.339000 0.081618
76.349000 0.101295
77.359000 0.081810
78.369000 0.088074
79.380000 0.085233
80.381000 0.091628
81.389000 0.101240
82.409000 0.079713
83.449000 0.039462
84.509000 0.017843
85.519000 0.092044
86.529000 0.124067
87.539000 0.093583
88.549000 0.096077
89.559000 0.115892
90.569000 0.098188
91.629000 0.060234
92.699000 0.098206
93.700000 0.136422
94.709000 0.105242
95.719000 0.151027
96.720000 0.133919
97.729000 0.066433
98.809000 0.100769
99.819000 0.146889
100.829000 0.116170
101.839000 0.123716
103.179000 0.093987
104.539000 0.110965
105.659000 0.119781
106.780000 0.142796
107.789000 0.194668
108.799000 0.159374
109.969000 0.085042
110.979000 0.094627
111.999000 0.087996
113.199000 0.111657
114.388000 0.118221
115.389000 0.104878
116.408000 0.069962
117.409000 0.052455
118.458000 0.093824
119.480000 0.081393
120.489000 0.077591
121.569000 0.052338
122.649000 0.121856
123.919000 0.121587
124.929000 0.127840
126.049000 0.120563
127.059000 0.134843
128.069000 0.103024
129.079000 0.098267
130.099000 0.155304
131.108000 0.117815
132.109000 0.136390
133.218000 0.106782
134.239000 0.133813
135.265000 0.086230
136.328000 0.082405
137.340000 0.101853
138.508000 0.093069
139.678000 0.062260
140.698000 0.077093
142.078000 0.051507
143.208000 0.049655
144.228000 0.087423
145.248000 0.099574
146.249000 0.097121
147.266000 0.102678
148.358000 0.063424
149.368000 0.103728
150.382000 0.104646
151.400000 0.106141
152.439000 0.122294
153.448000 0.126043
154.468000 0.110659
155.488000 0.078298
156.508000 0.047352
157.558000 0.036480
158.589000 0.103597
159.599000 0.116082
160.618000 0.115246
161.628000 0.121947
162.709000 0.113959
163.728000 0.140127
164.738000 0.136171
165.739000 0.099876
166.878000 0.096472
167.958000 0.076500
168.978000 0.101100
170.008000 0.073235
171.051000 0.053192
172.058000 0.105523
173.059000 0.121579
174.068000 0.107827
175.078000 0.071542
176.098000 0.082700
177.138000 0.055246
178.168000 0.034891
179.448000 0.033157
180.500000 0.065906
181.524000 0.084880
182.527000 0.093403
183.528000 0.099396
184.568000 0.077511
185.638000 0.095433
186.808000 0.097023
187.908000 0.104740
188.918000 0.123074
189.928000 0.110520
190.938000 0.113402
191.968000 0.111217
192.977000 0.107436
193.987000 0.066197
194.988000 0.109171
195.998000 0.109376
197.008000 0.113348
198.187000 0.093289
199.188000 0.111061
200.218000 0.075602
201.247000 0.121979
202.288000 0.117745
203.317000 0.106002
204.319000 0.126908
205.458000 0.116592
206.498000 0.135309
207.508000 0.137920
208.518000 0.149091
209.528000 0.145309
210.758000 0.117168
211.918000 0.113915
212.927000 0.109370
213.948000 0.072370
214.997000 0.045080
216.008000 0.067844
217.057000 0.062590
218.067000 0.051600
219.097000 0.072342
220.107000 0.056295
221.127000 0.043393
222.129000 0.061913
223.287000 0.028965
224.288000 0.107414
225.297000 0.096471
226.497000 0.070909
227.527000 0.047814
228.537000 0.035961
229.568000 0.098262
230.577000 0.140772
231.578000 0.135561
232.587000 0.108959
233.598000 0.143685
234.818000 0.148337
235.820000 0.138244
237.068000 0.144165
238.078000 0.132118
239.157000 0.133553
240.497000 0.098254
241.507000 0.102253
242.518000 0.097384
243.567000 0.125863
244.568000 0.125571
245.578000 0.110787
246.657000 0.127171
247.847000 0.163161
248.848000 0.145220
249.857000 0.130869
250.859000 0.131165
251.867000 0.133371
252.877000 0.123646
254.037000 0.111335
255.087000 0.141985
256.287000 0.088380
257.288000 0.114107
258.297000 0.090944
259.307000 0.097086
260.326000 0.078375
261.399000 0.046486
262.528000 0.122698
263.537000 0.131110
264.538000 0.123327
265.547000 0.123578
266.567000 0.110276
267.607000 0.085085
268.717000 0.102151
269.727000 0.136185
270.738000 0.121680
271.747000 0.088701
273.398000 0.026515
280.114000 0.002440
281.545000 0.008359
282.555000 0.120507
283.565000 0.147641
284.574000 0.137492
285.575000 0.117318
286.576000 0.170925
287.585000 0.170961
288.587000 0.137022
289.785000 0.093210
290.806000 0.109186
291.824000 0.106245
292.825000 0.081886
293.854000 0.071332
294.895000 0.061642
295.974000 0.058701
296.975000 0.080323
298.065000 0.114306
299.301000 0.072282
300.305000 0.109897
301.326000 0.124654
302.346000 0.090691
303.426000 0.139754
304.445000 0.120385
305.446000 0.145663
306.454000 0.131873
307.605000 0.112128
308.784000 0.104093
309.806000 0.096976
310.864000 0.075094
311.885000 0.039314
312.995000 0.041785
314.045000 0.059472
315.054000 0.047453
317.004000 0.001403
318.319000 0.056074
319.477000 0.059312
320.874000 0.048812
322.034000 0.056050
323.035000 0.158116
324.036000 0.169184
325.244000 0.142085
326.414000 0.138878
327.424000 0.181515
328.452000 0.171313
329.564000 0.132490
330.784000 0.175478
331.794000 0.157637
332.994000 0.097351
334.064000 0.087699
335.592000 0.004476
336.613000 0.010719
337.624000 0.078673
339.105000 0.040130
340.124000 0.074755
341.137000 0.053690
342.164000 0.095539
343.165000 0.135741
344.274000 0.147005
345.395000 0.163043
346.404000 0.192371
347.605000 0.131262
348.606000 0.203533
349.607000 0.168673
350.654000 0.143944
351.664000 0.137506
352.704000 0.157658
353.844000 0.130104
354.845000 0.168171
355.854000 0.144087
356.864000 0.157814
358.014000 0.150186
359.033000 0.159024
360.164000 0.121617
361.172000 0.144524
362.174000 0.089375
363.183000 0.041006
364.544000 0.020118
365.723000 0.080774
366.814000 0.138786
367.825000 0.169973
368.834000 0.179145
369.843000 0.138265
371.024000 0.096151
372.034000 0.103389
373.044000 0.103621
374.233000 0.071172
375.394000 0.058428
376.454000 0.059112
377.463000 0.069531
378.477000 0.072606
379.483000 0.069962
381.023000 0.050198
382.024000 0.049199
383.033000 0.034844
384.253000 0.033284
385.273000 0.049624
386.293000 0.064278
387.303000 0.069106
388.318000 0.046172
389.323000 0.046281
390.484000 0.013706
391.574000 0.135485
392.603000 0.158850
393.673000 0.132800
394.823000 0.117835
395.903000 0.126878
396.904000 0.099297
397.973000 0.107929
399.163000 0.120071
400.180000 0.147310
401.183000 0.071564
402.203000 0.097445
403.213000 0.110066
404.223000 0.099008
405.243000 0.064540
406.244000 0.052202
407.266000 0.060011
408.283000 0.029593
409.353000 0.028127
410.383000 0.024786
411.413000 0.070392
412.432000 0.056890
413.483000 0.037127
414.503000 0.047496
415.504000 0.051932
416.523000 0.035510
417.544000 0.034001
418.562000 0.033595
419.652000 0.020580
420.684000 0.027864
421.763000 0.026105
422.772000 0.042030
423.783000 0.028350
424.843000 0.027102
425.882000 0.022046
426.902000 0.029506
427.903000 0.022193
429.002000 0.030188
430.132000 0.012106
431.322000 0.011496
432.343000 0.014738
433.402000 0.009504
434.443000 0.035481
435.592000 0.020111
436.743000 0.014262
437.952000 0.009052
439.012000 0.009042
441.173000 0.002533
442.183000 0.010846
444.362000 0.004022
445.483000 0.008542
446.532000 0.003912
450.322000 0.001083
451.352000 0.034532
452.422000 0.008306
453.482000 0.027102
454.502000 0.021459
455.542000 0.017663
456.582000 0.026308
457.632000 0.022149
458.662000 0.012709
459.752000 0.013806
460.892000 0.002400
462.262000 0.032952
463.292000 0.007969
464.432000 0.008400
465.472000 0.014105
466.483000 0.054125
467.492000 0.036607
468.502000 0.026456
469.532000 0.038517
470.582000 0.036117
471.602000 0.042918
472.792000 0.019340
474.102000 0.013576
475.192000 0.017571
476.672000 0.008319
477.683000 0.015609
478.982000 0.015797
480.013000 0.025210
481.032000 0.018711
482.052000 0.034871
483.081000 0.027402
484.082000 0.062313
485.412000 0.069361
486.632000 0.061533
487.662000 0.065398
488.732000 0.072245
489.742000 0.060950
490.772000 0.031783
491.782000 0.045683
492.792000 0.079623
493.812000 0.088503
494.832000 0.041576
495.841000 0.026052
496.891000 0.027360
498.122000 0.015019
499.132000 0.025735
500.421000 0.022407
501.513000 0.049603
502.521000 0.066859
503.772000 0.065486
505.102000 0.059152
506.242000 0.130398
507.252000 0.118766
508.262000 0.095406
509.265000 0.116617
510.272000 0.131749
511.402000 0.164143
512.602000 0.160238
513.822000 0.162027
514.832000 0.150356
515.833000 0.142730
516.852000 0.126569
517.862000 0.109603
518.941000 0.124007
520.102000 0.094830
521.103000 0.142955
522.221000 0.112761
523.242000 0.145284
524.302000 0.176136
525.312000 0.195020
526.392000 0.156458
527.442000 0.174503
528.452000 0.159311
529.461000 0.142371
530.463000 0.154068
531.472000 0.148514
532.481000 0.138163
533.482000 0.120936
534.661000 0.109945
535.871000 0.113274
536.881000 0.133276
537.882000 0.142711
538.901000 0.124809
539.912000 0.191570
540.921000 0.162180
541.924000 0.139821
542.932000 0.157659
544.142000 0.154143
545.143000 0.185737
546.331000 0.134107
547.341000 0.174898
548.343000 0.162267
549.361000 0.165462
550.371000 0.154946
551.372000 0.140405
552.381000 0.173207
553.391000 0.143338
554.401000 0.109699
555.431000 0.120825
556.432000 0.141084
557.451000 0.137158
558.551000 0.107902
559.611000 0.114616
560.651000 0.118853
561.751000 0.117554
562.752000 0.142988
563.761000 0.127021
564.771000 0.166120
565.871000 0.129865
566.881000 0.160170
567.884000 0.101698
569.051000 0.142370
570.170000 0.095912
571.171000 0.128682
572.191000 0.148798
573.391000 0.130608
574.443000 0.170424
575.446000 0.167803
576.731000 0.138457
577.921000 0.139769
579.103000 0.171847
580.261000 0.157983
581.267000 0.160528
582.280000 0.067278
583.281000 0.041315
584.300000 0.034905
585.321000 0.047206
586.340000 0.127763
587.341000 0.167399
588.342000 0.161672
589.421000 0.134897
590.431000 0.151583
591.441000 0.126667
592.450000 0.129678
593.451000 0.142867
594.551000 0.120412
595.561000 0.141117
596.603000 0.153769
597.811000 0.130512
598.821000 0.098673
599.831000 0.136291
600.841000 0.120819
601.951000 0.115137
603.150000 0.144748
604.163000 0.188971
605.170000 0.144932
606.391000 0.119043
607.581000 0.114758
608.590000 0.119505
609.610000 0.124810
610.611000 0.092114
611.770000 0.127090
612.850000 0.117795
613.860000 0.127367
614.990000 0.066089
616.000000 0.056887
617.020000 0.044126
618.050000 0.030305
619.080000 0.025235
620.090000 0.024380
621.100000 0.042545
622.120000 0.083922
623.330000 0.107075
624.340000 0.136868
625.451000 0.092765
626.461000 0.151331
627.570000 0.113693
628.580000 0.098388
629.590000 0.104818
630.730000 0.129949
631.731000 0.158597
632.940000 0.125432
634.001000 0.095373
635.010000 0.136522
636.011000 0.105041
637.020000 0.132353
638.130000 0.108342
639.140000 0.129042
640.190000 0.053836
641.200000 0.070159
642.201000 0.054397
643.220000 0.089574
644.330000 0.084688
645.340000 0.103264
646.350000 0.085275
647.470000 0.057966
648.480000 0.050115
649.580000 0.011243
650.630000 0.033874
651.650000 0.053360
652.662000 0.067935
653.670000 0.120385
654.672000 0.139498
655.680000 0.135032
656.690000 0.139907
657.691000 0.134274
658.700000 0.179529
659.710000 0.178049
660.720000 0.148048
661.722000 0.113080
662.730000 0.112872
663.940000 0.099582
664.941000 0.132064
665.950000 0.112603
666.951000 0.166538
668.140000 0.100151
669.270000 0.131084
670.279000 0.114724
671.350000 0.086894
672.480000 0.111020
673.490000 0.116173
674.650000 0.090575
675.660000 0.117720
676.710000 0.104856
677.720000 0.104412
678.730000 0.122442
679.939000 0.107492
681.040000 0.093340
682.189000 0.059067
683.209000 0.086300
684.219000 0.079738
685.390000 0.047586
686.399000 0.073437
687.520000 0.100742
688.630000 0.099311
689.639000 0.072707
690.650000 0.083249
691.770000 0.067421
692.789000 0.094025
693.799000 0.051160
695.799000 0.027238
696.829000 0.025235
698.109000 0.032098
699.119000 0.040634
700.349000 0.023924
701.350000 0.071294
702.360000 0.088396
703.370000 0.118322
704.371000 0.118119
705.719000 0.096470
706.720000 0.113560
707.729000 0.108725
708.850000 0.131103
709.869000 0.137070
710.879000 0.132332
711.889000 0.131506
712.890000 0.133212
713.899000 0.132881
714.910000 0.133928
715.929000 0.151765
717.140000 0.109517
718.149000 0.155240
719.160000 0.152001
720.342000 0.129603
721.350000 0.167249
722.351000 0.164621
723.370000 0.112616
724.380000 0.160914
725.381000 0.157650
726.390000 0.164368
727.391000 0.157674
728.401000 0.177432
729.409000 0.187993
730.469000 0.118592
731.470000 0.179627
732.480000 0.161464
733.481000 0.128096
734.482000 0.161779
735.489000 0.163728
736.490000 0.176340
737.500000 0.189269
738.510000 0.172558
739.719000 0.130544
740.720000 0.170743
741.809000 0.130953
742.820000 0.171221
743.999000 0.132801
745.000000 0.172498
746.001000 0.164116
747.009000 0.167662
748.010000 0.165452
749.189000 0.134422
750.190000 0.126884
751.200000 0.174316
752.209000 0.170817
753.265000 0.112593
754.369000 0.130690
755.389000 0.079734
756.519000 0.130181
757.649000 0.129972
758.651000 0.135987
759.659000 0.102883
760.660000 0.129074
761.661000 0.126794
762.669000 0.095483
763.679000 0.127269
764.689000 0.090159
765.849000 0.109343
766.859000 0.108379
767.869000 0.101066
768.879000 0.119995
769.919000 0.125100
770.970000 0.130738
771.979000 0.140964
772.980000 0.142381
773.989000 0.165941
774.990000 0.160503
776.169000 0.135480
777.180000 0.170276
778.189000 0.110652
779.400000 0.138205
780.629000 0.142423
781.630000 0.161686
782.640000 0.124700
783.649000 0.155137
784.660000 0.160738
785.661000 0.152463
786.670000 0.164055
787.849000 0.126530
788.850000 0.134430
789.859000 0.123498
790.969000 0.127231
791.979000 0.152120
792.989000 0.111247
793.999000 0.135759
795.009000 0.123460
796.029000 0.131098
797.039000 0.113694
798.049000 0.093479
799.050000 0.103827
800.179000 0.119686
801.239000 0.125380
802.339000 0.114145
803.419000 0.108972
804.569000 0.104410
805.769000 0.133209
806.779000 0.140704
807.829000 0.077064
808.939000 0.131677
809.940000 0.156604
810.949000 0.143191
811.958000 0.154433
812.959000 0.129589
813.960000 0.127453
814.978000 0.083714
815.979000 0.124890
816.989000 0.126091
817.990000 0.108401
819.009000 0.116868
820.041000 0.141946
821.098000 0.132424
822.280000 0.144918
823.419000 0.131550
824.499000 0.127906
825.509000 0.167829
826.519000 0.151855
827.529000 0.127255
828.708000 0.104558
829.709000 0.153427
830.719000 0.154796
831.729000 0.148755
832.739000 0.162143
833.748000 0.150007
834.749000 0.147726
835.758000 0.165730
836.759000 0.137257
837.761000 0.133978
838.999000 0.124074
840.000000 0.170715
841.001000 0.145829
842.088000 0.114746
843.089000 0.152856
844.109000 0.161184
845.339000 0.181146
846.340000 0.149811
847.349000 0.158615
848.359000 0.162097
849.418000 0.120457
850.419000 0.147933
851.598000 0.116707
852.599000 0.135296
853.808000 0.121687
854.859000 0.139098
855.860000 0.154815
856.868000 0.148569
858.019000 0.119242
859.138000 0.104656
860.279000 0.101273
861.319000 0.129925
862.320000 0.175636
863.328000 0.113939
864.358000 0.124816
865.359000 0.127324
866.519000 0.118131
867.668000 0.133029
868.719000 0.124639
869.789000 0.118035
870.798000 0.098391
871.800000 0.102812
872.999000 0.129272
874.008000 0.149298
875.009000 0.089986
876.448000 0.098748
877.468000 0.100495
878.640000 0.030669
879.668000 0.094673
880.678000 0.098256
881.779000 0.079766
882.800000 0.095287
883.808000 0.066444
884.828000 0.047288
885.848000 0.050732
887.038000 0.056231
888.059000 0.073692
889.068000 0.034712
890.069000 0.099535
891.098000 0.057822
892.108000 0.050576
893.266000 0.067522
894.378000 0.089834
895.388000 0.037925
896.418000 0.058439
897.468000 0.028732
898.508000 0.024992
899.548000 0.030254
900.599000 0.040350
901.638000 0.025044
902.639000 0.068332
903.938000 0.028646
905.078000 0.078000
906.107000 0.063839
907.148000 0.040738
908.179000 0.027417
909.208000 0.034566
910.228000 0.030847
911.258000 0.024903
912.278000 0.052719
913.337000 0.017667
914.358000 0.038894
915.368000 0.034190
916.378000 0.062305
917.398000 0.043217
918.498000 0.036942
919.508000 0.044697
920.518000 0.044697
921.557000 0.031184
922.758000 0.035674
923.778000 0.053647
924.798000 0.029038
929.178000 0.007808
930.188000 0.039279
931.270000 0.015959
932.288000 0.040314
933.518000 0.024169
934.528000 0.029798
935.538000 0.031152
936.568000 0.017452
937.571000 0.032734
938.608000 0.032980
939.648000 0.019160
940.681000 0.031783
941.698000 0.020177
942.731000 0.018402
943.778000 0.048344
944.798000 0.022567
945.828000 0.029219
946.938000 0.019398
947.968000 0.031876
949.018000 0.020846
950.028000 0.012173
951.038000 0.017608
952.052000 0.064458
953.548000 0.052047
954.798000 0.063687
955.819000 0.085857
956.948000 0.084570
957.970000 0.122944
958.978000 0.151645
960.008000 0.080593
961.018000 0.102824
962.028000 0.083057
963.240000 0.079067
964.248000 0.079116
965.269000 0.063417
966.468000 0.056434
967.479000 0.069414
968.488000 0.073723
969.568000 0.029752
970.708000 0.031289
971.748000 0.024992
972.953000 0.013597
974.068000 0.092570
975.079000 0.030852
976.138000 0.006465
977.159000 0.012059
978.165000 0.069256
979.168000 0.047745
980.188000 0.064511
981.199000 0.080639
982.208000 0.072265
983.338000 0.006432
984.339000 0.124967
985.340000 0.089251
986.348000 0.044550
987.359000 0.052374
988.388000 0.065231
989.428000 0.050452
990.438000 0.046051
991.448000 0.051059
992.517000 0.024776
993.527000 0.032539
994.588000 0.029655
995.598000 0.037743
996.608000 0.070350
997.618000 0.097426
998.628000 0.072715
999.748000 0.061603
1000.768000 0.045600
1001.788000 0.035843
1002.799000 0.058385
1003.808000 0.081480
1004.827000 0.059845
1005.959000 0.047672
1007.026000 0.035899
1008.038000 0.031091
1010.147000 0.014342
1011.148000 0.096985
1012.168000 0.092378
1013.328000 0.068511
1014.347000 0.084577
1015.419000 0.063543
1016.439000 0.058088
1017.468000 0.056993
1018.498000 0.082833
1019.518000 0.059296
1020.528000 0.044011
1021.558000 0.034382
1022.568000 0.050115
1023.578000 0.054082
1024.599000 0.065302
1025.637000 0.040682
1026.667000 0.034741
1027.668000 0.035532
1028.717000 0.025019
1029.746000 0.031907
1030.767000 0.022741
1031.778000 0.037887
1032.797000 0.033942
1033.818000 0.037516
1034.857000 0.021928
1035.867000 0.036570
1036.898000 0.029650
1037.918000 0.033529
1038.927000 0.028472
1039.967000 0.019038
1041.008000 0.014455
1042.217000 0.014710
1043.277000 0.012906
1044.298000 0.021751
1045.658000 0.044765
1046.747000 0.023868
1047.767000 0.013412
1048.817000 0.027360
1049.837000 0.014678
1050.888000 0.028636
1051.904000 0.024236
1053.018000 0.018872
1054.047000 0.021271
1055.448000 0.033911
1056.458000 0.035216
1057.477000 0.068886
1058.479000 0.046419
1060.648000 0.010083
1061.708000 0.104031
1062.778000 0.089392
1063.798000 0.100193
1064.838000 0.050365
1065.928000 0.023846
1066.947000 0.061189
1068.267000 0.013483
1069.277000 0.017608
1070.288000 0.024238
1071.307000 0.044065
1072.313000 0.109070
1073.448000 0.097791
1074.458000 0.109757
1075.487000 0.053684
1076.507000 0.052969
1077.527000 0.081063
1078.658000 0.054786
1079.938000 0.050206
1080.948000 0.053978
1081.968000 0.042037
1082.978000 0.054548
1083.988000 0.047488
1085.127000 0.026122
1086.128000 0.051932
1087.147000 0.046294
1088.168000 0.036730
1089.208000 0.053836
1090.209000 0.073462
1091.218000 0.117961
1092.227000 0.093254
1093.368000 0.101576
1094.588000 0.111157
1095.597000 0.119357
1096.598000 0.143109
1097.607000 0.136029
1098.808000 0.123012
1099.818000 0.152110
1101.008000 0.129143
1102.009000 0.160384
1103.018000 0.142159
1104.048000 0.059201
1105.049000 0.106640
1106.058000 0.143237
1107.068000 0.167215
1108.078000 0.133888
1109.088000 0.147728
1110.258000 0.148740
1111.288000 0.182583
1112.289000 0.129842
1113.308000 0.116181
1114.321000 0.118198
1115.388000 0.125379
1116.478000 0.116510
1117.608000 0.119466
1118.758000 0.121887
1119.958000 0.140498
1120.968000 0.146544
1121.969000 0.078546
1122.978000 0.080726
1124.168000 0.057309
1125.178000 0.088900
1126.180000 0.071257
1127.207000 0.070551
1128.518000 0.058461
1129.527000 0.075219
1130.528000 0.106159
1131.719000 0.102574
1132.728000 0.073838
1133.738000 0.090410
1134.947000 0.053510
1135.957000 0.083791
1136.958000 0.098108
1137.968000 0.077264
1138.979000 0.072847
1139.988000 0.108619
1141.057000 0.096496
1142.058000 0.078736
1143.077000 0.053700
1144.078000 0.062040
1145.097000 0.077501
1146.107000 0.084519
1147.307000 0.060899
1148.315000 0.088529
1149.318000 0.091514
1150.320000 0.091706
1151.328000 0.093092
1152.388000 0.069449
1153.399000 0.100418
1154.407000 0.107984
1155.418000 0.109975
1156.427000 0.090512
1157.647000 0.093304
1158.657000 0.100406
1159.878000 0.098233
1160.887000 0.123209
1161.928000 0.094307
1162.937000 0.130075
1163.938000 0.124619
1164.947000 0.127064
1165.958000 0.139716
1166.960000 0.107528
1167.967000 0.111172
1169.047000 0.118314
1170.168000 0.127648
1171.337000 0.125099
1172.657000 0.123394
1173.758000 0.151033
1174.768000 0.152505
1175.827000 0.092138
1176.828000 0.094071
1177.938000 0.103763
1179.007000 0.124173
1180.017000 0.134958
1181.018000 0.113384
1182.028000 0.142806
1183.029000 0.160787
1184.038000 0.144999
1185.058000 0.105956
1186.077000 0.113852
1187.167000 0.137991
1188.227000 0.135158
1189.298000 0.129184
1190.428000 0.121855
1191.439000 0.125566
1192.440000 0.112160
1193.447000 0.098852
1194.607000 0.087395
1195.608000 0.163080
1196.618000 0.129952
1197.627000 0.149548
1198.657000 0.102739
1199.737000 0.123156
1200.827000 0.129422
1202.037000 0.116546
1203.148000 0.133610
1204.165000 0.183290
1205.178000 0.113594
1206.247000 0.119717
1207.257000 0.158815
1208.258000 0.134396
1209.267000 0.139632
1210.268000 0.147554
1211.269000 0.169852
1212.277000 0.143456
1213.367000 0.104765
1214.377000 0.110770
1215.678000 0.037035
1216.818000 0.127499
1217.878000 0.111936
1218.977000 0.119157
1220.107000 0.116356
1221.247000 0.098760
1222.468000 0.102230
1223.477000 0.142489
1224.478000 0.108176
1225.480000 0.116990
1226.577000 0.104977
1227.597000 0.088159
1228.607000 0.058159
1229.647000 0.049985
1230.657000 0.040659
1231.818000 0.078050
1232.828000 0.128570
1233.838000 0.129134
1235.108000 0.117604
1236.118000 0.105359
1237.218000 0.130738
1238.228000 0.143155
1239.251000 0.106538
1240.257000 0.174565
1241.266000 0.107434
1242.397000 0.098916
1243.407000 0.111008
1244.478000 0.130767
1245.479000 0.170265
1246.487000 0.134875
1247.488000 0.159977
1248.497000 0.141220
1249.507000 0.142329
1250.527000 0.146011
1251.528000 0.150126
1252.537000 0.137599
1253.627000 0.074677
1254.629000 0.133956
1255.638000 0.153781
1256.767000 0.099668
1257.769000 0.153325
1258.778000 0.110069
1259.787000 0.153587
1260.827000 0.153689
1261.838000 0.148917
1262.839000 0.162059
1263.840000 0.138497
1264.927000 0.145351
1265.928000 0.146818
1267.128000 0.136960
1268.129000 0.164310
1269.247000 0.130480
1269.991000 0.175669
