0.000000 0.178494
1.009000 0.122561
2.016000 0.161684
3.029000 0.260636
4.036000 0.215206
5.037000 0.282094
6.048000 0.296332
7.049000 0.235628
8.057000 0.228000
9.076000 0.205959
10.209000 0.225080
11.216000 0.258113
12.221000 0.222440
13.228000 0.241811
14.229000 0.186430
15.309000 0.126667
16.476000 0.041028
17.485000 0.199865
18.489000 0.182582
19.516000 0.149741
20.528000 0.198711
21.636000 0.188181
22.641000 0.230042
23.649000 0.198706
24.656000 0.259472
25.669000 0.226085
26.808000 0.072063
27.816000 0.123500
28.817000 0.134498
29.836000 0.149017
30.849000 0.156652
31.856000 0.145923
32.868000 0.178435
33.876000 0.167492
34.889000 0.228225
35.896000 0.171734
36.909000 0.221473
37.916000 0.217923
38.929000 0.274140
39.948000 0.172396
40.956000 0.215786
41.977000 0.155980
42.988000 0.205674
43.996000 0.178349
45.008000 0.189249
46.016000 0.160143
47.028000 0.134384
48.036000 0.135714
49.049000 0.145848
50.057000 0.129495
51.068000 0.151549
52.088000 0.129310
53.089000 0.176296
54.108000 0.126194
55.116000 0.096357
56.129000 0.070784
57.136000 0.129057
58.141000 0.191928
59.276000 0.024606
60.376000 0.054820
61.381000 0.087116
62.396000 0.173864
63.516000 0.071350
64.536000 0.014753
65.556000 0.046941
66.569000 0.118839
67.576000 0.206491
68.588000 0.133036
69.600000 0.150047
70.616000 0.078094
71.652000 0.035653
72.656000 0.091857
73.668000 0.124364
74.677000 0.123378
75.688000 0.097986
76.696000 0.111286
77.708000 0.091921
78.724000 0.099638
79.736000 0.064885
80.768000 0.052248
81.776000 0.019000
82.841000 0.015414
83.856000 0.098388
84.869000 0.110846
86.196000 0.104549
87.209000 0.160703
88.216000 0.124981
89.288000 0.112828
90.301000 0.135044
91.316000 0.168473
92.329000 0.146409
93.336000 0.171170
94.348000 0.182490
95.356000 0.137635
96.368000 0.173028
97.369000 0.099764
98.376000 0.075281
99.396000 0.116682
100.409000 0.125591
101.416000 0.080151
102.428000 0.049225
103.449000 0.077712
104.469000 0.080471
105.476000 0.085585
106.488000 0.088214
107.608000 0.028600
108.616000 0.104500
109.628000 0.133826
110.748000 0.046414
111.749000 0.094298
112.756000 0.076640
113.768000 0.085162
114.777000 0.090838
115.788000 0.105543
116.796000 0.094206
117.808000 0.100032
118.829000 0.085751
119.836000 0.115472
120.848000 0.104648
121.849000 0.133930
122.868000 0.147674
123.869000 0.144064
124.876000 0.196981
125.889000 0.184221
126.908000 0.234936
127.917000 0.221558
128.921000 0.231633
129.929000 0.175635
130.936000 0.210566
131.940000 0.173610
132.949000 0.199302
133.956000 0.158149
134.976000 0.198494
135.988000 0.190601
136.989000 0.153630
137.996000 0.235019
139.000000 0.214486
140.008000 0.247563
141.016000 0.241571
142.028000 0.222253
143.029000 0.229594
144.036000 0.193470
145.048000 0.189249
146.056000 0.160706
147.061000 0.215069
148.069000 0.181063
149.076000 0.209208
150.080000 0.219936
151.081000 0.276060
152.088000 0.215206
153.089000 0.250094
154.096000 0.219281
155.101000 0.256470
156.136000 0.245843
157.140000 0.188598
158.141000 0.306126
159.148000 0.245093
160.156000 0.255706
161.161000 0.310352
162.169000 0.284206
163.176000 0.258677
164.236000 0.281879
165.249000 0.290346
166.256000 0.231507
167.269000 0.232276
168.276000 0.201621
169.288000 0.219205
170.289000 0.168663
171.296000 0.240453
172.309000 0.219333
173.316000 0.199698
174.328000 0.134387
175.329000 0.198162
176.336000 0.140489
177.349000 0.160703
178.356000 0.157585
179.368000 0.137091
180.376000 0.118071
181.381000 0.138842
182.388000 0.090224
183.389000 0.049199
184.396000 0.043472
185.409000 0.114788
186.508000 0.154868
187.528000 0.213247
188.536000 0.198706
189.541000 0.201457
190.581000 0.191277
191.588000 0.232302
192.608000 0.172227
193.609000 0.250094
194.621000 0.257399
195.636000 0.274948
196.649000 0.243641
197.676000 0.187038
198.689000 0.279542
199.697000 0.223135
200.701000 0.219371
201.709000 0.224491
202.716000 0.260830
203.721000 0.208828
204.928000 0.175012
205.936000 0.125105
206.949000 0.114788
208.080000 0.148067
209.089000 0.172186
210.096000 0.152151
211.108000 0.133036
212.116000 0.194071
213.128000 0.161423
214.129000 0.181762
215.136000 0.182038
216.141000 0.155741
217.149000 0.177786
218.168000 0.184479
219.177000 0.143715
220.189000 0.177083
221.197000 0.105063
222.209000 0.148696
223.216000 0.156226
224.228000 0.137091
225.248000 0.135459
226.388000 0.125298
227.389000 0.138030
228.397000 0.127571
229.409000 0.135178
230.417000 0.134921
231.421000 0.209833
232.429000 0.153921
233.437000 0.200857
234.449000 0.160071
235.456000 0.157585
236.457000 0.157163
237.461000 0.162709
238.468000 0.175245
239.476000 0.163421
240.489000 0.186361
241.496000 0.158943
243.244000 0.026151
244.249000 0.181039
245.300000 0.190577
246.308000 0.150643
247.309000 0.139397
248.329000 0.084494
249.348000 0.048887
250.356000 0.051571
251.368000 0.058126
252.369000 0.039632
253.373000 0.162143
254.376000 0.139685
256.817000 0.034186
258.088000 0.208176
259.337000 0.128147
260.368000 0.242042
261.369000 0.322525
262.376000 0.262753
263.377000 0.283461
264.389000 0.279818
265.396000 0.182602
266.409000 0.194464
267.428000 0.072495
268.468000 0.043954
269.476000 0.027143
270.896000 0.009634
276.036000 0.014638
286.464000 0.026554
287.465000 0.201510
288.492000 0.193877
289.497000 0.102655
290.512000 0.137474
291.513000 0.187796
292.517000 0.253434
293.532000 0.217553
294.544000 0.263597
295.545000 0.234262
296.553000 0.255706
297.557000 0.312024
298.564000 0.283130
299.565000 0.272527
300.572000 0.275774
301.644000 0.214918
302.653000 0.256809
303.665000 0.277115
304.672000 0.255960
305.685000 0.269299
306.692000 0.282566
307.705000 0.228786
308.824000 0.262127
309.825000 0.312959
310.844000 0.252946
311.852000 0.271992
312.864000 0.267652
313.865000 0.235627
314.872000 0.283468
315.876000 0.263996
316.877000 0.256128
318.044000 0.256034
319.045000 0.327992
320.077000 0.273620
321.084000 0.262753
322.093000 0.296920
323.096000 0.262437
324.097000 0.265694
325.104000 0.289358
326.112000 0.238063
327.125000 0.290906
328.132000 0.317887
329.137000 0.256470
330.145000 0.262492
331.152000 0.301585
332.165000 0.230136
333.173000 0.228563
334.177000 0.297036
335.184000 0.289923
336.185000 0.239725
337.192000 0.267623
338.193000 0.239731
339.312000 0.227896
340.332000 0.229341
341.333000 0.200096
342.344000 0.243561
343.352000 0.202778
344.372000 0.202518
345.384000 0.137091
346.404000 0.170329
347.405000 0.185862
348.424000 0.113328
349.432000 0.067857
350.444000 0.059478
351.464000 0.112659
352.484000 0.164342
353.485000 0.184496
354.505000 0.077788
355.584000 0.071525
356.585000 0.215928
357.592000 0.198904
358.605000 0.260636
359.624000 0.207301
360.632000 0.242929
361.636000 0.196773
362.644000 0.259214
363.653000 0.180884
364.664000 0.207027
365.665000 0.161830
366.672000 0.199698
367.685000 0.189623
368.692000 0.271698
369.704000 0.239826
370.705000 0.249295
371.728000 0.147097
372.924000 0.190348
373.925000 0.204995
375.064000 0.179456
376.072000 0.209000
377.104000 0.192760
378.112000 0.207643
379.192000 0.185631
380.193000 0.224128
381.204000 0.203529
382.304000 0.077105
383.305000 0.202262
384.312000 0.143206
385.324000 0.174379
386.332000 0.184571
387.336000 0.168327
388.344000 0.215786
389.352000 0.206849
390.356000 0.247187
391.357000 0.278793
392.377000 0.241969
393.452000 0.255039
394.464000 0.312261
395.472000 0.231278
396.492000 0.267451
397.504000 0.282522
398.512000 0.246206
399.524000 0.243561
400.532000 0.185135
401.544000 0.212439
402.552000 0.176992
403.553000 0.240527
404.564000 0.195410
405.572000 0.168286
406.592000 0.122604
407.612000 0.085835
408.765000 0.237787
409.772000 0.260830
410.884000 0.132144
411.892000 0.202214
412.904000 0.203328
413.912000 0.222571
414.913000 0.221962
415.924000 0.211086
416.932000 0.195992
417.933000 0.226861
418.945000 0.192514
419.952000 0.213283
420.965000 0.146409
421.972000 0.088302
422.984000 0.114901
423.992000 0.156071
424.993000 0.108531
426.004000 0.069009
427.013000 0.123378
428.024000 0.139371
429.032000 0.065706
430.052000 0.057671
431.064000 0.037850
432.072000 0.063786
433.085000 0.152600
434.092000 0.050828
435.104000 0.202967
436.124000 0.185639
437.132000 0.234786
438.137000 0.203383
439.145000 0.210357
440.152000 0.175809
441.165000 0.206618
442.172000 0.183396
443.173000 0.161831
444.177000 0.119904
445.185000 0.096357
446.192000 0.151357
447.193000 0.168096
448.212000 0.128094
449.232000 0.186424
450.245000 0.201216
451.252000 0.185319
452.372000 0.206929
453.385000 0.143147
454.392000 0.100528
455.404000 0.113549
456.405000 0.098965
457.424000 0.126194
458.444000 0.026824
459.452000 0.093643
460.472000 0.110533
461.473000 0.153063
462.484000 0.148843
463.488000 0.113657
464.492000 0.222096
465.656000 0.094021
466.668000 0.103296
467.684000 0.224858
468.692000 0.131643
469.713000 0.078268
470.724000 0.074421
471.744000 0.076447
472.752000 0.143857
473.765000 0.101844
474.784000 0.213456
475.805000 0.185457
476.812000 0.201057
477.825000 0.168016
478.845000 0.075106
479.864000 0.098002
480.873000 0.090838
481.952000 0.068463
482.964000 0.083020
483.969000 0.081672
484.972000 0.088654
486.024000 0.048114
487.033000 0.075925
488.084000 0.041652
489.092000 0.039921
490.112000 0.054988
491.124000 0.060830
492.132000 0.070571
493.284000 0.040375
494.293000 0.067790
495.304000 0.058184
496.312000 0.056206
497.324000 0.072996
498.332000 0.088214
499.364000 0.076884
500.373000 0.101685
501.385000 0.074909
502.405000 0.087176
503.412000 0.097811
504.424000 0.106791
505.432000 0.083349
506.433000 0.092931
507.444000 0.093365
508.445000 0.094298
509.464000 0.060412
510.964000 0.042331
511.972000 0.066500
512.992000 0.084494
514.025000 0.083431
515.032000 0.080151
516.052000 0.083153
517.072000 0.062251
518.092000 0.077788
519.112000 0.077788
520.124000 0.091921
521.133000 0.070501
522.152000 0.077079
523.153000 0.080631
524.164000 0.098777
525.165000 0.086098
526.173000 0.073286
527.185000 0.053281
528.212000 0.059942
529.244000 0.057000
530.264000 0.071082
531.284000 0.084494
532.305000 0.083071
533.312000 0.056262
534.332000 0.104612
535.352000 0.096565
536.365000 0.098298
537.372000 0.083718
538.384000 0.085162
539.392000 0.103143
540.405000 0.097232
541.424000 0.101244
542.425000 0.088831
543.432000 0.097811
544.445000 0.091830
545.452000 0.108679
546.465000 0.095092
547.472000 0.085585
548.484000 0.081107
549.485000 0.110697
550.492000 0.087507
551.524000 0.092791
552.552000 0.053230
553.564000 0.072996
554.572000 0.081429
555.684000 0.054640
556.724000 0.034200
557.732000 0.031214
558.752000 0.038894
559.784000 0.039767
561.876000 0.010463
563.792000 0.017850
564.804000 0.122680
565.805000 0.084268
566.833000 0.057222
567.853000 0.057671
568.857000 0.138980
569.972000 0.134242
570.992000 0.122047
572.005000 0.125591
573.024000 0.149017
574.025000 0.103065
575.032000 0.154868
576.204000 0.133549
577.212000 0.112643
578.244000 0.075558
579.284000 0.065769
580.292000 0.084143
581.312000 0.110533
582.325000 0.174552
583.332000 0.173887
584.345000 0.112648
585.352000 0.129057
586.373000 0.095130
587.384000 0.108811
588.385000 0.138030
589.404000 0.111427
590.405000 0.114797
591.425000 0.089075
592.432000 0.131774
593.449000 0.091469
594.452000 0.046373
595.492000 0.027623
596.512000 0.021459
597.524000 0.012727
598.532000 0.047500
599.544000 0.055423
600.564000 0.048282
601.584000 0.061694
602.593000 0.109820
603.732000 0.067758
604.745000 0.121540
605.752000 0.146717
606.852000 0.119389
607.916000 0.068677
608.924000 0.116830
609.945000 0.084411
610.952000 0.080151
611.964000 0.089779
612.973000 0.096262
613.984000 0.106896
615.004000 0.089859
616.024000 0.091757
617.044000 0.088518
618.052000 0.100429
619.064000 0.090569
620.112000 0.108885
621.113000 0.110697
622.125000 0.121660
623.133000 0.101786
624.164000 0.110681
625.165000 0.146230
626.173000 0.146571
627.184000 0.102045
628.188000 0.070853
629.192000 0.099466
630.205000 0.112087
631.212000 0.111960
632.232000 0.122047
633.245000 0.122890
634.252000 0.129057
635.256000 0.074143
636.264000 0.161500
637.904000 0.024190
638.908000 0.094016
640.164000 0.041841
641.224000 0.028392
642.252000 0.082506
643.268000 0.105024
644.284000 0.111630
647.385000 0.024046
648.452000 0.020514
735.428000 0.000047
736.464000 0.009243
737.508000 0.010483
738.648000 0.010800
739.888000 0.011032
740.988000 0.012436
742.068000 0.008867
743.089000 0.013399
744.188000 0.009958
745.349000 0.009426
746.528000 0.006962
747.864000 0.004096
749.048000 0.004622
750.188000 0.003600
751.764000 0.004340
752.768000 0.005450
753.909000 0.004796
755.004000 0.003748
756.264000 0.004343
758.049000 0.003066
759.204000 0.005922
760.368000 0.005876
761.484000 0.004903
762.889000 0.005842
769.369000 0.000633
770.648000 0.007487
853.276000 0.000298
919.916000 0.001992
932.116000 0.000112
936.436000 0.000950
937.952000 0.000902
939.173000 0.003361
940.472000 0.002106
941.672000 0.002280
943.137000 0.002801
948.212000 0.000647
951.572000 0.001204
952.772000 0.002247
954.372000 0.002527
955.556000 0.002277
956.732000 0.002293
958.172000 0.002808
959.173000 0.004040
960.932000 0.002299
962.072000 0.003547
963.452000 0.002930
964.773000 0.003061
966.056000 0.003152
967.992000 0.002089
969.132000 0.003547
970.856000 0.000782
972.596000 0.001549
973.772000 0.001146
975.016000 0.003251
976.456000 0.001872
977.897000 0.001871
979.137000 0.002174
980.972000 0.001469
982.712000 0.002324
983.972000 0.001070
985.037000 0.002531
986.097000 0.002543
987.272000 0.002294
988.977000 0.000791
990.496000 0.001775
991.712000 0.002217
992.792000 0.003744
994.797000 0.000672
996.416000 0.002498
997.817000 0.001924
1000.472000 0.001523
1001.516000 0.002582
1003.157000 0.003286
1005.316000 0.001249
1006.696000 0.001954
1008.136000 0.001872
1010.312000 0.001858
1011.692000 0.002930
1013.396000 0.001582
1015.876000 0.001631
1021.196000 0.000398
1024.556000 0.000802
1027.576000 0.001976
1029.512000 0.001393
1030.876000 0.001977
1033.097000 0.000607
1035.332000 0.001206
1036.893000 0.000864
1038.332000 0.001874
1044.256000 0.000228
1079.880000 0.000038
1081.696000 0.000742
1083.236000 0.001751
1084.321000 0.003196
1086.040000 0.002353
1087.140000 0.002975
1088.620000 0.016395
1090.060000 0.003744
1091.140000 0.032452
1092.196000 0.003830
1093.456000 0.004279
1094.920000 0.001842
1096.097000 0.006872
1101.480000 0.000501
1102.576000 0.004920
1103.740000 0.010423
1104.821000 0.008729
1105.840000 0.009260
1106.980000 0.009460
1108.260000 0.009478
1109.460000 0.008987
1110.521000 0.006352
1111.576000 0.016610
1112.620000 0.014203
1114.061000 0.004677
1115.160000 0.007359
1116.176000 0.010614
1120.920000 0.001096
1121.940000 0.009251
1122.977000 0.010399
1123.980000 0.010752
1125.016000 0.010409
1126.020000 0.010741
1127.101000 0.009976
1128.136000 0.011722
1129.200000 0.011402
1130.217000 0.007953
1131.720000 0.006278
1132.756000 0.009108
