0.000000 0.115216
10.727000 0.001527
11.768000 0.366811
12.770000 0.053224
13.788000 0.133735
14.939000 0.135054
15.950000 0.105972
16.951000 0.168236
18.159000 0.130711
19.190000 0.170884
20.391000 0.120933
21.399000 0.185341
22.410000 0.169007
23.741000 0.117411
24.748000 0.169921
25.749000 0.167594
26.879000 0.119321
27.880000 0.163864
28.881000 0.160950
29.889000 0.165853
31.099000 0.128969
32.109000 0.170869
33.339000 0.134776
34.350000 0.165451
35.358000 0.173374
36.409000 0.102234
37.418000 0.171129
38.638000 0.112549
39.639000 0.170127
40.838000 0.130719
41.839000 0.175513
42.989000 0.126118
43.990000 0.168535
44.991000 0.170349
45.999000 0.162546
47.009000 0.183429
48.030000 0.164853
49.031000 0.173607
50.049000 0.136776
51.069000 0.181688
52.149000 0.110399
53.318000 0.133575
54.329000 0.168578
55.330000 0.170332
56.338000 0.174561
57.339000 0.135262
58.719000 0.127403
59.938000 0.099379
60.939000 0.050565
61.958000 0.041027
63.118000 0.118706
64.239000 0.129771
65.248000 0.141089
66.298000 0.143727
67.318000 0.162372
68.319000 0.176314
69.408000 0.183509
70.418000 0.167921
71.428000 0.151935
72.438000 0.126073
73.448000 0.105462
74.588000 0.098103
75.608000 0.109630
76.609000 0.107275
77.618000 0.117880
78.718000 0.121846
79.878000 0.121487
80.968000 0.116300
81.989000 0.152365
83.008000 0.125281
84.198000 0.124530
85.208000 0.118161
86.218000 0.062266
87.227000 0.094097
88.228000 0.099487
89.229000 0.114662
90.247000 0.098092
91.248000 0.070791
92.249000 0.092977
93.257000 0.075364
94.268000 0.086424
95.328000 0.110089
96.398000 0.067223
97.407000 0.068261
98.417000 0.079188
99.418000 0.096786
100.427000 0.080329
101.508000 0.091673
102.517000 0.132022
103.539000 0.059795
104.757000 0.101603
105.758000 0.108420
106.927000 0.084991
107.938000 0.146823
108.958000 0.101743
110.058000 0.118140
111.197000 0.108798
112.407000 0.110193
113.427000 0.101098
114.428000 0.138449
115.430000 0.107960
116.437000 0.113711
117.438000 0.121419
118.457000 0.126239
120.007000 0.032484
121.008000 0.094525
122.017000 0.107727
123.027000 0.077930
124.207000 0.092841
125.208000 0.104530
126.528000 0.076930
127.557000 0.072297
128.567000 0.139699
129.617000 0.108439
130.827000 0.099449
131.828000 0.144221
132.957000 0.116906
133.958000 0.154799
135.037000 0.120721
136.267000 0.128160
137.268000 0.126969
138.285000 0.129999
139.287000 0.121482
140.288000 0.146531
141.297000 0.142987
142.298000 0.132188
143.299000 0.149972
144.309000 0.128830
145.327000 0.088534
146.497000 0.128326
147.587000 0.139696
148.588000 0.124060
149.597000 0.095439
150.817000 0.087461
151.826000 0.106495
152.827000 0.103318
153.837000 0.095806
154.967000 0.089531
155.969000 0.106817
156.987000 0.116691
157.997000 0.098694
159.007000 0.099995
160.068000 0.090351
161.296000 0.103517
162.297000 0.124612
163.396000 0.082702
164.397000 0.110832
165.398000 0.089508
166.407000 0.099897
167.527000 0.113235
168.528000 0.119022
169.537000 0.119352
170.547000 0.133689
171.557000 0.092259
172.660000 0.096931
173.666000 0.124019
174.667000 0.117399
175.697000 0.117407
176.706000 0.152042
177.707000 0.103713
178.746000 0.109365
179.847000 0.129356
180.857000 0.128397
181.976000 0.057465
182.986000 0.081851
183.987000 0.073798
184.996000 0.036860
186.006000 0.064109
187.036000 0.054454
188.046000 0.052220
189.067000 0.048220
190.076000 0.032539
191.507000 0.012850
192.636000 0.012117
193.646000 0.075578
194.661000 0.066734
196.166000 0.027932
197.267000 0.050943
198.287000 0.091680
199.467000 0.100621
200.567000 0.120272
201.576000 0.121743
202.577000 0.179825
203.587000 0.137566
204.596000 0.143232
205.597000 0.129194
206.816000 0.084103
207.817000 0.095426
208.828000 0.108619
209.835000 0.160693
210.846000 0.112860
211.847000 0.159868
212.856000 0.139005
213.867000 0.133110
215.098000 0.093214
216.136000 0.132902
217.256000 0.123574
218.266000 0.136398
219.267000 0.095994
220.366000 0.109723
221.376000 0.108686
222.386000 0.062331
223.388000 0.075971
224.406000 0.062189
225.416000 0.055002
226.425000 0.063324
227.426000 0.053080
228.436000 0.097860
229.586000 0.083386
230.756000 0.072158
231.787000 0.045113
232.806000 0.032220
233.926000 0.018286
234.942000 0.110297
235.956000 0.094555
236.987000 0.066763
237.995000 0.053056
239.036000 0.043645
240.146000 0.042682
241.166000 0.044259
242.216000 0.025209
243.406000 0.046813
244.416000 0.081871
245.425000 0.129764
246.566000 0.090236
247.575000 0.120661
248.587000 0.095596
249.787000 0.079290
250.806000 0.104605
251.816000 0.122789
252.926000 0.100082
253.935000 0.112336
255.096000 0.077858
256.107000 0.115430
257.115000 0.131176
258.116000 0.149409
259.125000 0.128817
260.127000 0.133776
261.145000 0.104957
262.235000 0.049977
263.255000 0.076021
264.265000 0.075155
265.285000 0.052306
266.295000 0.023277
267.366000 0.044905
268.435000 0.030713
269.485000 0.020846
270.685000 0.007747
271.926000 0.006614
272.945000 0.010740
274.125000 0.009275
275.265000 0.013200
276.275000 0.006772
277.466000 0.003446
278.925000 0.001797
280.965000 0.002012
282.734000 0.032053
284.025000 0.050944
285.185000 0.050710
286.195000 0.065477
287.215000 0.028036
288.232000 0.065379
289.315000 0.032832
290.354000 0.040816
291.355000 0.029942
292.375000 0.036212
293.475000 0.026374
294.545000 0.028127
295.715000 0.023357
296.735000 0.058837
297.755000 0.065084
298.785000 0.050926
299.795000 0.070911
300.925000 0.065127
301.945000 0.097906
302.995000 0.036112
304.004000 0.031183
305.035000 0.015922
306.074000 0.013004
307.095000 0.042876
308.105000 0.040461
309.144000 0.048515
310.154000 0.040439
311.174000 0.044401
312.186000 0.045475
313.194000 0.030975
314.204000 0.043906
315.475000 0.036595
316.494000 0.027802
317.505000 0.037887
318.534000 0.038554
319.554000 0.028227
320.574000 0.038894
321.584000 0.040634
322.594000 0.027318
323.785000 0.025560
324.794000 0.033895
325.825000 0.025575
326.845000 0.028165
327.924000 0.020285
329.444000 0.031873
330.454000 0.037925
331.474000 0.044200
332.524000 0.028823
333.539000 0.029651
334.574000 0.037009
335.594000 0.030847
336.624000 0.016448
337.634000 0.062305
338.644000 0.058795
339.664000 0.050947
340.714000 0.064615
341.715000 0.079381
342.734000 0.099941
343.744000 0.080510
344.865000 0.116816
345.874000 0.121107
346.934000 0.105599
347.954000 0.118491
349.024000 0.055733
350.034000 0.069094
351.054000 0.064308
352.064000 0.085248
353.084000 0.052611
354.135000 0.067972
355.154000 0.048330
356.234000 0.022533
357.244000 0.067723
358.264000 0.062765
359.274000 0.043522
360.324000 0.035177
361.354000 0.034532
362.413000 0.022803
368.793000 0.002782
369.803000 0.086406
370.824000 0.025457
371.834000 0.025735
373.024000 0.014945
374.865000 0.009287
376.044000 0.031267
377.065000 0.038483
378.074000 0.066627
379.124000 0.050002
380.385000 0.069230
381.554000 0.066618
382.874000 0.056921
383.884000 0.133409
384.894000 0.104367
385.974000 0.120681
387.106000 0.122678
388.143000 0.074335
389.163000 0.064007
390.193000 0.049142
391.209000 0.036596
392.214000 0.039475
393.223000 0.015900
394.233000 0.023026
395.333000 0.022385
396.513000 0.010117
397.573000 0.019358
398.643000 0.023013
399.663000 0.015990
400.683000 0.033529
401.703000 0.024972
402.734000 0.033172
403.753000 0.025515
404.763000 0.033861
405.773000 0.022892
406.814000 0.036795
407.853000 0.023182
408.883000 0.027891
409.893000 0.029798
410.913000 0.024763
411.933000 0.036212
413.003000 0.024605
414.033000 0.034532
415.063000 0.027570
416.073000 0.032507
417.093000 0.025290
418.113000 0.038894
419.153000 0.031822
420.172000 0.029535
421.213000 0.026282
422.383000 0.009929
423.423000 0.030254
424.463000 0.028938
425.482000 0.017048
426.533000 0.028636
427.613000 0.027867
428.953000 0.004084
435.772000 0.000997
437.434000 0.000677
438.534000 0.159350
439.535000 0.162602
440.544000 0.166773
441.554000 0.162474
442.684000 0.128866
443.693000 0.175190
444.774000 0.113762
445.784000 0.083814
446.794000 0.129192
447.795000 0.106526
448.874000 0.130449
449.924000 0.152372
450.926000 0.175418
451.944000 0.171835
453.144000 0.129445
454.145000 0.150785
455.154000 0.187560
456.155000 0.127708
457.164000 0.161786
458.204000 0.072755
459.344000 0.116715
460.453000 0.131027
461.624000 0.126204
462.634000 0.152596
463.643000 0.115108
464.656000 0.114605
465.674000 0.128702
466.675000 0.134561
467.794000 0.094519
468.824000 0.107911
469.944000 0.111031
471.105000 0.110755
472.106000 0.201883
473.114000 0.145560
474.124000 0.126451
475.355000 0.113513
476.403000 0.162267
477.404000 0.148617
478.414000 0.160717
479.423000 0.158323
480.634000 0.128602
481.635000 0.143306
482.753000 0.124008
483.843000 0.135125
484.863000 0.140409
486.034000 0.129599
487.203000 0.123910
488.213000 0.124459
489.403000 0.126660
490.404000 0.131303
491.423000 0.126938
492.424000 0.142301
493.434000 0.171916
494.656000 0.128314
495.664000 0.168068
496.834000 0.126395
498.054000 0.091537
499.344000 0.116223
500.353000 0.131607
501.433000 0.159189
502.603000 0.144990
503.605000 0.166679
504.622000 0.162717
505.775000 0.119610
506.783000 0.147413
507.935000 0.093823
508.983000 0.146000
510.083000 0.138715
511.093000 0.139380
512.183000 0.111061
513.203000 0.161756
514.223000 0.128870
515.224000 0.137229
516.393000 0.104926
517.463000 0.149544
518.483000 0.157691
519.663000 0.140997
520.853000 0.136242
522.183000 0.109203
523.193000 0.139089
524.222000 0.066007
525.223000 0.100701
526.432000 0.080127
527.532000 0.065929
528.582000 0.092316
529.583000 0.078780
530.642000 0.082845
531.732000 0.085599
532.742000 0.104293
533.913000 0.058265
535.102000 0.077183
536.284000 0.123473
537.303000 0.125684
538.312000 0.086878
539.322000 0.093016
540.353000 0.095305
541.362000 0.059918
542.523000 0.063389
543.533000 0.075540
544.552000 0.052627
545.582000 0.030548
546.592000 0.013545
547.612000 0.022800
548.632000 0.041891
549.652000 0.063956
550.762000 0.136159
551.782000 0.065400
552.802000 0.106021
553.814000 0.086878
554.832000 0.119198
556.003000 0.103863
557.022000 0.105238
558.132000 0.076025
559.172000 0.066259
560.182000 0.092475
561.202000 0.112251
562.212000 0.134681
563.213000 0.114866
564.214000 0.115615
565.222000 0.143738
566.232000 0.050730
567.421000 0.088776
568.492000 0.130338
569.502000 0.143287
570.642000 0.120348
571.652000 0.142061
572.657000 0.157349
573.662000 0.098826
574.672000 0.153859
575.814000 0.118229
577.103000 0.065329
578.112000 0.130204
579.322000 0.132756
580.332000 0.177039
581.342000 0.130654
582.343000 0.144130
583.351000 0.107478
584.352000 0.109617
585.353000 0.150211
586.392000 0.148241
587.393000 0.146530
590.332000 0.018246
591.391000 0.062926
592.401000 0.018962
593.681000 0.036267
594.701000 0.022800
595.721000 0.014753
596.731000 0.016253
597.732000 0.012629
598.782000 0.144296
599.802000 0.074257
600.943000 0.061371
601.954000 0.207119
603.152000 0.139659
604.153000 0.204278
605.162000 0.194152
606.163000 0.155007
607.172000 0.167938
608.181000 0.121743
609.294000 0.127442
610.341000 0.146667
611.382000 0.131183
612.392000 0.116678
613.482000 0.134603
614.552000 0.127522
615.561000 0.143767
616.622000 0.130400
617.623000 0.144305
618.632000 0.173161
619.852000 0.150948
620.861000 0.157442
621.862000 0.164458
622.913000 0.170225
623.921000 0.179302
625.081000 0.092019
626.153000 0.147125
627.154000 0.197619
628.162000 0.171407
629.171000 0.055547
630.332000 0.131384
631.501000 0.140044
632.572000 0.154583
633.573000 0.144073
634.721000 0.127236
635.921000 0.130148
637.061000 0.126617
638.231000 0.136118
639.431000 0.136274
640.654000 0.133386
641.661000 0.155107
642.662000 0.131876
643.671000 0.137334
644.681000 0.116824
645.692000 0.213002
646.781000 0.155083
647.782000 0.156212
648.792000 0.135210
649.801000 0.134453
650.961000 0.112056
651.962000 0.157535
652.963000 0.142590
654.000000 0.164959
655.001000 0.191709
656.091000 0.151417
657.181000 0.116350
658.411000 0.178662
659.412000 0.194384
660.421000 0.149370
661.492000 0.133516
662.741000 0.120414
663.750000 0.181020
664.815000 0.107720
665.832000 0.137546
666.841000 0.132262
668.051000 0.104248
669.091000 0.108884
670.201000 0.119633
671.211000 0.136249
672.212000 0.149707
673.221000 0.144298
674.231000 0.154892
675.321000 0.132582
676.330000 0.100127
677.331000 0.145151
678.340000 0.125724
679.370000 0.133449
680.380000 0.133656
681.381000 0.130164
682.660000 0.099648
683.741000 0.104764
684.820000 0.120406
685.940000 0.126799
686.952000 0.100098
688.100000 0.072802
689.101000 0.074965
690.140000 0.046578
691.310000 0.042105
692.340000 0.037188
693.370000 0.018278
695.160000 0.016813
696.190000 0.057871
697.200000 0.058686
698.210000 0.087541
699.220000 0.098905
700.410000 0.056287
701.420000 0.062435
702.430000 0.085331
703.431000 0.074665
704.432000 0.094877
705.550000 0.098530
706.580000 0.099268
707.590000 0.085213
708.600000 0.064260
709.620000 0.050200
710.630000 0.046051
711.660000 0.034112
712.700000 0.042092
713.789000 0.027021
714.814000 0.030697
715.860000 0.028800
716.869000 0.020153
717.890000 0.026797
718.910000 0.029506
719.950000 0.023265
720.960000 0.033861
721.970000 0.036570
723.000000 0.025649
724.080000 0.054633
725.110000 0.054454
726.120000 0.060124
727.140000 0.051305
728.149000 0.066479
729.159000 0.065834
730.170000 0.055877
731.210000 0.037018
732.239000 0.054507
733.250000 0.044728
734.289000 0.041019
735.299000 0.081267
736.360000 0.074435
737.370000 0.098062
738.389000 0.106027
739.399000 0.076113
740.419000 0.056769
741.429000 0.061981
742.560000 0.086206
743.579000 0.068467
744.599000 0.062633
745.600000 0.099816
746.619000 0.080686
747.639000 0.040636
748.649000 0.033861
749.650000 0.019133
751.819000 0.009414
752.820000 0.006833
753.830000 0.024380
755.736000 0.008596
756.919000 0.012789
757.960000 0.014455
759.019000 0.018085
760.069000 0.024754
761.099000 0.019137
762.169000 0.030684
763.469000 0.010523
764.499000 0.011545
765.519000 0.028165
766.521000 0.025940
767.559000 0.022727
768.809000 0.032391
769.839000 0.042501
770.869000 0.036833
772.009000 0.035899
773.017000 0.032571
774.159000 0.030379
775.179000 0.049624
776.209000 0.025471
787.155000 0.001375
788.215000 0.005162
789.554000 0.003065
794.157000 0.000594
795.440000 0.004265
797.480000 0.009630
798.583000 0.012403
799.760000 0.013947
800.919000 0.020066
802.196000 0.009565
803.377000 0.017375
804.439000 0.021898
805.519000 0.019000
806.575000 0.013167
807.576000 0.020500
808.596000 0.020118
816.101000 0.002308
817.171000 0.073591
818.181000 0.159945
819.341000 0.174610
820.361000 0.141553
821.552000 0.145702
822.553000 0.229691
823.732000 0.223956
824.751000 0.157555
825.760000 0.090119
826.770000 0.130639
827.771000 0.070846
828.801000 0.084594
829.814000 0.135530
830.831000 0.095938
831.871000 0.064535
832.880000 0.082704
833.931000 0.060226
834.941000 0.132685
835.951000 0.150817
836.952000 0.120755
838.101000 0.140356
839.111000 0.138250
840.131000 0.124239
841.200000 0.121630
842.201000 0.116959
843.210000 0.099574
844.216000 0.111821
845.220000 0.074078
846.330000 0.132663
847.341000 0.161417
848.352000 0.192694
849.410000 0.117571
850.411000 0.153821
851.530000 0.111693
852.540000 0.155597
853.590000 0.068959
854.692000 0.113678
855.790000 0.118832
856.931000 0.118996
858.160000 0.119372
859.295000 0.210599
860.301000 0.250346
861.302000 0.175006
862.400000 0.231781
863.582000 0.223962
864.592000 0.225789
865.631000 0.120033
866.671000 0.160202
867.691000 0.166191
869.151000 0.091898
870.152000 0.186552
871.153000 0.218799
872.251000 0.172934
873.252000 0.227986
874.300000 0.135833
875.481000 0.133028
876.500000 0.156523
877.501000 0.155269
878.590000 0.206933
879.731000 0.228467
880.900000 0.221255
881.901000 0.241596
882.910000 0.197793
883.912000 0.170024
884.920000 0.213908
885.940000 0.210414
886.950000 0.309573
888.001000 0.176528
889.004000 0.230175
890.010000 0.241761
891.190000 0.211404
892.192000 0.242786
893.360000 0.227596
894.361000 0.251480
895.501000 0.200666
896.790000 0.145064
897.791000 0.198075
898.840000 0.264102
899.942000 0.233787
901.020000 0.206665
902.051000 0.152369
903.052000 0.150101
904.070000 0.165584
905.071000 0.165369
906.200000 0.150909
907.291000 0.132744
908.293000 0.139643
909.294000 0.145508
910.480000 0.133024
911.481000 0.156625
912.536000 0.141195
913.540000 0.193305
914.550000 0.208526
915.599000 0.132485
916.600000 0.194423
917.789000 0.134832
918.989000 0.109163
920.100000 0.113679
921.109000 0.126885
922.110000 0.143936
923.119000 0.157638
924.129000 0.147742
925.310000 0.135246
926.319000 0.148060
927.320000 0.171672
928.549000 0.141714
929.650000 0.170279
930.740000 0.202501
931.750000 0.198880
932.761000 0.228919
933.920000 0.239932
934.930000 0.212219
935.932000 0.193085
936.939000 0.196255
937.950000 0.109014
938.969000 0.115178
939.979000 0.166087
940.989000 0.061941
942.009000 0.024141
943.031000 0.040344
944.239000 0.022649
945.249000 0.076692
946.259000 0.051328
947.269000 0.044461
948.289000 0.052306
949.299000 0.049762
950.329000 0.057094
951.339000 0.056586
952.349000 0.136688
953.409000 0.051873
954.419000 0.100270
955.428000 0.136642
956.789000 0.103176
957.799000 0.118759
958.800000 0.148105
959.934000 0.115707
960.939000 0.154669
962.122000 0.091031
963.129000 0.130231
964.139000 0.123708
965.149000 0.114993
966.158000 0.092107
967.179000 0.101421
968.189000 0.120972
969.278000 0.075046
970.289000 0.096487
971.291000 0.099427
972.299000 0.083744
973.309000 0.076421
974.329000 0.088112
975.339000 0.068212
976.509000 0.087464
977.510000 0.082376
978.529000 0.067764
979.549000 0.060169
980.568000 0.060412
981.578000 0.062894
982.814000 0.066268
983.949000 0.108084
984.958000 0.107716
985.959000 0.135481
986.960000 0.137400
988.059000 0.143603
989.072000 0.102371
991.488000 0.006405
992.498000 0.046051
993.638000 0.061484
994.654000 0.058183
995.668000 0.074867
996.670000 0.092684
997.709000 0.048623
998.738000 0.010287
999.978000 0.046190
1000.980000 0.053246
1001.990000 0.053037
1003.018000 0.040168
1004.030000 0.037813
1005.048000 0.048377
1006.058000 0.055916
1007.209000 0.083197
1008.228000 0.116090
1009.238000 0.106646
1010.239000 0.145290
1011.258000 0.139256
1012.259000 0.120673
1013.290000 0.130121
1014.298000 0.149512
1015.299000 0.122755
1016.308000 0.089125
1017.309000 0.165646
1018.310000 0.124548
1019.318000 0.105063
1020.328000 0.124523
1021.329000 0.120666
1022.330000 0.173798
1023.338000 0.149398
1024.379000 0.141695
1025.380000 0.195099
1026.428000 0.097615
1027.538000 0.154886
1028.548000 0.164868
1029.559000 0.142355
1030.661000 0.169962
1031.747000 0.170578
1032.749000 0.188863
1033.757000 0.173257
1034.868000 0.114727
1035.888000 0.121229
1036.898000 0.131223
1037.909000 0.160746
1039.018000 0.138527
1040.038000 0.112667
1041.058000 0.121356
1042.098000 0.082663
1043.108000 0.104228
1044.118000 0.111704
1045.119000 0.116428
1046.148000 0.090971
1047.158000 0.089298
1048.167000 0.073753
1049.178000 0.070534
1050.188000 0.099363
1051.198000 0.102350
1052.208000 0.099822
1053.318000 0.072322
1054.347000 0.064734
1055.947000 0.027360
1056.958000 0.067413
1057.968000 0.124596
1058.969000 0.099010
1060.018000 0.114075
1061.019000 0.147275
1062.027000 0.119730
1063.028000 0.125946
1064.029000 0.124399
1065.318000 0.064907
1066.357000 0.089498
1067.437000 0.075150
1068.457000 0.124007
1069.477000 0.100253
1070.497000 0.060743
1071.537000 0.065311
1072.538000 0.106597
1073.588000 0.092348
1074.597000 0.118002
1075.607000 0.049703
1076.608000 0.032799
1077.617000 0.079313
1078.628000 0.128843
1079.629000 0.125908
1080.637000 0.138999
1081.638000 0.133013
1082.767000 0.128154
1083.867000 0.119156
1085.029000 0.139837
1086.037000 0.164588
1087.047000 0.080942
1088.057000 0.071233
1089.137000 0.102281
1090.148000 0.116815
1091.150000 0.102986
1092.557000 0.063818
1093.957000 0.004886
1094.967000 0.093461
1095.988000 0.089690
1096.989000 0.080631
1097.990000 0.131453
1099.047000 0.121624
1100.138000 0.132611
1101.167000 0.130066
1102.177000 0.113504
1103.188000 0.091050
1104.207000 0.108629
1105.347000 0.088682
1106.348000 0.081362
1107.388000 0.078305
1108.397000 0.086771
1109.407000 0.069309
1110.428000 0.065887
1111.437000 0.068880
1112.447000 0.073337
1113.467000 0.091462
1114.476000 0.071613
1115.487000 0.068196
1116.496000 0.059377
1117.497000 0.060612
1118.508000 0.067225
1119.527000 0.068224
1120.547000 0.065478
1121.556000 0.067041
1122.667000 0.064133
1123.668000 0.095484
1124.677000 0.097214
1125.687000 0.077136
1126.696000 0.096648
1127.707000 0.092269
1128.708000 0.102992
1129.716000 0.117961
1130.717000 0.092861
1131.727000 0.102252
1132.731000 0.097646
1133.736000 0.083995
1134.761000 0.116522
1135.787000 0.072397
1136.896000 0.074775
1138.076000 0.086464
1139.087000 0.096238
1140.108000 0.105137
1141.116000 0.153805
1142.117000 0.135221
1143.187000 0.141198
1144.197000 0.179131
1145.376000 0.157006
1146.377000 0.154546
1147.387000 0.177991
1148.388000 0.194992
1149.396000 0.171718
1150.397000 0.158373
1151.407000 0.121008
1152.596000 0.106988
1153.606000 0.125909
1154.607000 0.127380
1155.616000 0.134344
1156.636000 0.110780
1157.637000 0.095395
1158.646000 0.099590
1159.836000 0.130902
1160.906000 0.121196
1162.006000 0.110758
1163.016000 0.071954
1164.028000 0.113940
1165.036000 0.098760
1166.037000 0.129669
1167.046000 0.118953
1168.056000 0.126174
1169.067000 0.124067
1170.236000 0.111294
1171.266000 0.070037
1172.267000 0.088748
1173.428000 0.096313
1174.436000 0.114705
1175.446000 0.093354
1176.576000 0.089997
1177.596000 0.090054
1178.606000 0.075895
1179.626000 0.133832
1180.636000 0.127489
1181.637000 0.154009
1182.816000 0.127681
1183.827000 0.142847
1185.006000 0.105075
1186.007000 0.115673
1187.016000 0.133694
1188.026000 0.152966
1189.027000 0.179550
1190.126000 0.144467
1191.306000 0.134667
1192.386000 0.138170
1193.476000 0.140265
1194.477000 0.150126
1195.486000 0.128108
1196.496000 0.126644
1197.506000 0.103097
1198.516000 0.099450
1199.536000 0.106590
1200.546000 0.109904
1201.576000 0.129862
1202.586000 0.158339
1203.635000 0.132179
1204.666000 0.141771
1205.676000 0.147586
1206.686000 0.163813
1207.696000 0.149055
1208.716000 0.161932
1209.717000 0.149576
1210.826000 0.132390
1211.827000 0.176183
1212.906000 0.127424
1213.907000 0.168827
1214.908000 0.133560
1216.016000 0.147560
1217.017000 0.181981
1218.026000 0.094102
1219.035000 0.129199
1220.045000 0.131387
1221.046000 0.157448
1222.056000 0.132792
1223.057000 0.126642
1224.065000 0.133738
1225.067000 0.131376
1226.075000 0.134165
1227.186000 0.110389
1228.187000 0.155182
1229.195000 0.118730
1230.205000 0.135477
1231.206000 0.126888
1232.235000 0.107680
1233.335000 0.125842
1234.405000 0.139141
1235.495000 0.099406
1236.515000 0.148590
1237.665000 0.105173
1238.675000 0.131708
1239.685000 0.120433
1240.686000 0.129752
1241.795000 0.116719
1242.955000 0.124065
1244.145000 0.146542
1245.215000 0.147747
1246.315000 0.134214
1247.325000 0.152684
1248.335000 0.143749
1249.345000 0.112082
1250.346000 0.116694
1251.365000 0.132028
1252.545000 0.125668
1253.546000 0.132717
1254.565000 0.096509
1255.575000 0.120165
1256.576000 0.153264
1257.595000 0.124428
1258.625000 0.129835
1259.655000 0.144725
1260.661000 0.200245
1261.665000 0.155405
1262.675000 0.116189
1263.795000 0.129762
1264.835000 0.134056
1265.935000 0.147013
1266.946000 0.129155
1268.094000 0.052505
1269.125000 0.068997
1270.145000 0.027663
1271.174000 0.081266
1272.185000 0.083893
1273.214000 0.032999
1274.294000 0.035871
1275.564000 0.040679
1276.574000 0.014899
1277.630000 0.040516
1278.654000 0.040078
1279.686000 0.020578
1280.694000 0.035286
1281.191000 0.027525
