0.000000 0.131435
2.792000 0.005870
3.804000 0.377739
4.811000 0.226868
5.816000 0.239012
6.823000 0.247809
7.835000 0.254134
8.836000 0.212396
9.843000 0.258113
10.855000 0.204680
11.868000 0.229576
12.879000 0.210296
13.899000 0.260745
14.900000 0.292460
15.907000 0.116036
16.920000 0.193114
17.924000 0.184510
18.927000 0.178672
19.931000 0.145793
20.939000 0.152563
21.940000 0.210462
23.011000 0.109102
24.024000 0.044565
25.031000 0.120906
26.036000 0.182400
27.044000 0.144421
28.055000 0.169139
29.063000 0.140349
30.067000 0.222096
31.068000 0.284827
32.075000 0.244528
33.080000 0.202022
34.088000 0.217143
35.099000 0.126402
36.100000 0.168096
37.219000 0.145987
38.228000 0.204725
39.232000 0.170319
40.239000 0.124187
41.251000 0.154103
42.271000 0.192345
43.284000 0.205268
44.291000 0.175809
45.303000 0.201415
46.331000 0.189518
47.336000 0.206901
48.343000 0.077434
49.363000 0.077788
50.375000 0.096538
51.388000 0.148549
52.395000 0.163019
53.396000 0.149530
54.407000 0.186730
55.416000 0.163259
56.419000 0.225045
57.427000 0.174278
58.440000 0.178259
59.560000 0.166621
60.572000 0.197360
61.619000 0.199143
62.623000 0.218008
63.691000 0.178744
64.704000 0.225524
65.712000 0.201421
66.724000 0.239265
67.736000 0.208735
68.755000 0.222854
69.763000 0.217706
70.775000 0.271708
71.776000 0.246561
72.788000 0.237123
73.795000 0.286642
74.799000 0.230837
75.927000 0.224865
76.939000 0.256838
77.940000 0.221962
78.951000 0.257092
79.959000 0.227206
81.039000 0.238659
82.043000 0.305211
83.051000 0.242135
84.064000 0.271981
85.071000 0.302943
86.075000 0.134115
87.076000 0.276060
88.084000 0.176989
89.095000 0.185377
90.103000 0.281495
91.119000 0.271197
92.120000 0.303393
93.127000 0.276338
94.147000 0.275498
95.160000 0.322756
96.176000 0.245614
97.179000 0.259710
98.180000 0.266494
99.192000 0.218198
100.211000 0.254621
101.219000 0.250735
102.231000 0.276324
103.243000 0.278466
104.251000 0.250278
105.264000 0.261196
106.276000 0.287929
107.283000 0.250526
108.295000 0.279028
109.383000 0.277140
110.396000 0.212020
111.416000 0.111318
112.428000 0.016190
113.447000 0.120071
114.455000 0.069214
115.467000 0.078403
116.487000 0.084494
117.507000 0.057671
118.527000 0.055877
119.551000 0.029060
120.599000 0.032634
122.811000 0.002474
123.831000 0.063035
124.832000 0.039632
125.883000 0.042953
126.892000 0.021693
127.916000 0.026719
128.923000 0.085704
130.107000 0.050061
131.127000 0.112659
132.128000 0.140763
133.139000 0.144783
134.147000 0.133563
135.148000 0.174929
136.176000 0.164233
137.299000 0.115726
138.307000 0.164214
139.319000 0.118166
140.331000 0.145992
141.351000 0.148871
142.352000 0.148164
143.363000 0.169139
144.364000 0.138597
145.371000 0.138566
146.384000 0.148549
147.396000 0.131684
148.403000 0.167094
149.416000 0.186545
150.435000 0.162999
151.447000 0.167621
152.455000 0.147135
153.468000 0.145848
154.475000 0.086943
155.479000 0.051777
156.499000 0.044259
157.599000 0.013680
165.723000 0.002259
166.731000 0.057000
167.735000 0.104916
168.736000 0.122997
169.863000 0.109749
170.883000 0.143506
171.888000 0.152454
172.907000 0.142862
173.908000 0.109331
174.916000 0.107214
175.919000 0.122752
176.920000 0.111265
177.927000 0.157585
178.940000 0.164754
179.944000 0.136821
180.951000 0.158943
181.959000 0.116258
182.960000 0.070725
183.971000 0.092012
184.983000 0.120308
186.112000 0.014525
187.115000 0.228371
188.116000 0.155796
189.124000 0.126214
190.135000 0.108811
191.155000 0.114000
192.163000 0.082786
193.168000 0.043602
194.207000 0.018433
195.567000 0.008047
196.588000 0.047498
197.599000 0.115015
198.607000 0.126214
199.811000 0.073854
200.871000 0.057321
201.891000 0.024141
203.004000 0.017223
204.019000 0.010782
237.639000 0.000163
238.704000 0.005138
239.983000 0.008557
241.163000 0.009275
242.244000 0.015186
243.308000 0.014143
244.408000 0.018655
245.587000 0.017405
246.727000 0.016800
247.747000 0.018776
251.348000 0.006449
252.387000 0.026333
253.547000 0.040124
254.627000 0.017733
255.668000 0.021026
256.816000 0.019066
257.867000 0.016921
258.887000 0.020118
260.987000 0.006124
262.091000 0.013431
263.115000 0.023695
264.180000 0.022783
265.236000 0.025530
266.271000 0.020839
267.315000 0.023241
269.484000 0.001243
270.739000 0.028835
272.136000 0.011736
273.139000 0.076606
274.300000 0.025543
275.303000 0.026879
276.339000 0.029927
277.543000 0.023512
279.479000 0.013826
280.603000 0.016790
281.623000 0.023788
282.664000 0.028515
283.791000 0.023922
284.823000 0.024818
287.443000 0.006174
288.483000 0.077769
289.487000 0.020139
290.508000 0.026405
291.547000 0.027245
292.563000 0.026535
293.568000 0.026826
295.627000 0.002619
297.487000 0.027437
298.507000 0.022467
299.551000 0.025824
300.552000 0.025586
301.571000 0.025134
302.588000 0.026509
303.591000 0.025535
306.115000 0.003739
307.195000 0.046181
308.231000 0.059853
309.280000 0.025701
310.315000 0.026048
312.823000 0.006450
314.139000 0.049021
315.199000 0.019075
316.219000 0.023788
317.220000 0.029626
318.319000 0.022078
319.423000 0.025641
320.599000 0.022925
323.823000 0.005435
326.512000 0.031582
327.647000 0.017815
328.763000 0.019326
329.783000 0.021145
330.787000 0.020139
334.308000 0.008099
336.607000 0.018003
337.871000 0.007465
338.991000 0.004814
340.051000 0.006358
341.312000 0.009621
343.015000 0.007915
344.215000 0.005617
345.435000 0.006630
362.181000 0.000978
363.231000 0.054194
364.291000 0.013460
365.332000 0.011716
370.535000 0.002332
371.555000 0.028996
372.579000 0.058000
373.660000 0.012470
374.795000 0.014252
375.819000 0.014480
376.999000 0.013720
378.019000 0.019824
379.159000 0.015372
381.203000 0.001978
382.680000 0.029988
383.759000 0.012493
384.803000 0.019368
385.983000 0.017136
387.103000 0.018054
388.184000 0.017458
389.204000 0.017180
390.403000 0.016864
391.547000 0.012962
392.727000 0.017165
396.587000 0.000349
397.808000 0.069610
398.927000 0.015660
399.931000 0.018797
401.011000 0.019970
402.031000 0.017180
403.115000 0.019897
405.371000 0.005378
407.411000 0.023694
408.471000 0.012717
409.516000 0.023219
410.695000 0.019437
411.755000 0.019075
412.776000 0.019804
413.799000 0.019765
414.855000 0.019148
415.875000 0.019824
418.979000 0.000869
420.039000 0.043238
421.079000 0.051846
422.083000 0.018797
423.163000 0.018722
424.204000 0.019424
425.263000 0.020366
428.063000 0.001926
429.143000 0.054741
430.203000 0.016532
431.228000 0.019727
432.263000 0.019536
433.307000 0.019368
434.367000 0.020347
435.448000 0.018705
436.487000 0.019461
437.527000 0.019442
441.447000 0.002063
442.735000 0.034537
443.771000 0.054649
444.775000 0.020139
445.831000 0.019148
446.995000 0.017371
448.052000 0.021680
449.595000 0.000874
450.735000 0.016554
452.039000 0.029831
453.155000 0.010871
454.200000 0.014189
457.680000 0.004708
458.759000 0.062404
459.920000 0.017347
463.503000 0.008335
464.743000 0.025003
465.803000 0.051943
466.864000 0.013975
467.888000 0.023695
469.027000 0.016569
470.107000 0.018722
471.143000 0.022120
472.363000 0.016574
473.387000 0.021063
474.491000 0.014786
475.907000 0.000712
476.908000 0.014813
477.927000 0.019843
479.071000 0.017675
480.075000 0.013426
481.127000 0.020502
482.192000 0.018986
483.195000 0.020160
484.391000 0.016906
488.091000 0.005674
489.375000 0.022495
490.415000 0.055842
491.456000 0.016834
492.499000 0.020679
493.615000 0.015703
494.659000 0.021950
497.875000 0.002096
499.539000 0.038769
500.603000 0.010154
501.699000 0.017219
502.963000 0.014930
503.979000 0.017248
504.983000 0.018797
506.063000 0.014978
507.119000 0.017871
508.184000 0.018986
513.267000 0.001326
514.987000 0.018688
516.067000 0.052615
517.127000 0.008902
518.311000 0.006831
519.652000 0.007047
520.867000 0.008876
521.911000 0.007747
539.044000 0.000956
540.543000 0.074372
541.623000 0.009985
542.843000 0.009944
543.883000 0.009073
545.248000 0.007906
546.423000 0.008031
547.468000 0.015479
548.527000 0.017821
549.667000 0.015372
550.687000 0.021145
553.951000 0.002478
554.971000 0.037004
555.991000 0.050220
556.992000 0.018853
558.036000 0.016785
559.092000 0.017871
560.135000 0.018094
561.176000 0.019424
564.096000 0.002310
565.155000 0.039460
566.979000 0.023544
568.035000 0.015318
569.055000 0.018502
570.099000 0.018077
571.139000 0.019442
572.180000 0.019424
573.219000 0.019461
574.244000 0.019727
575.263000 0.018520
578.779000 0.003067
580.284000 0.032245
581.363000 0.056219
582.383000 0.019824
583.428000 0.016769
584.468000 0.016850
585.484000 0.017248
586.507000 0.018448
588.427000 0.002106
589.967000 0.026135
591.027000 0.017804
592.091000 0.017737
593.111000 0.019824
594.175000 0.020271
595.231000 0.017871
596.271000 0.018146
597.392000 0.018037
600.871000 0.001550
602.035000 0.071801
603.691000 0.001628
604.895000 0.016794
606.000000 0.015859
607.079000 0.016241
608.260000 0.014838
609.319000 0.017821
610.519000 0.015727
611.583000 0.019004
612.619000 0.016915
613.639000 0.015859
616.419000 0.006235
617.424000 0.013413
618.427000 0.020160
619.443000 0.019902
620.463000 0.018502
621.483000 0.019824
626.547000 0.003194
628.288000 0.039202
629.367000 0.009279
