0.000000 0.250574
1.001000 0.258861
2.009000 0.304563
3.010000 0.332092
4.011000 0.325826
5.020000 0.335445
6.031000 0.337488
7.039000 0.368349
8.060000 0.350261
9.061000 0.333459
10.069000 0.297778
11.079000 0.308024
12.080000 0.288927
13.081000 0.348492
14.090000 0.336801
15.099000 0.325954
16.100000 0.351792
17.109000 0.332733
18.139000 0.308683
19.140000 0.353958
20.141000 0.314893
21.149000 0.334421
22.159000 0.343240
23.160000 0.368192
24.169000 0.330022
25.179000 0.369766
26.180000 0.334026
27.189000 0.320528
28.190000 0.275264
29.199000 0.280650
30.219000 0.138698
31.439000 0.058308
32.449000 0.249782
33.450000 0.325259
34.459000 0.319175
35.469000 0.253846
36.479000 0.254638
37.489000 0.145489
38.499000 0.262764
39.500000 0.231528
40.509000 0.239183
41.510000 0.302026
42.518000 0.307278
43.529000 0.323956
44.530000 0.299860
45.531000 0.360791
46.539000 0.299135
47.549000 0.282289
48.550000 0.303960
49.551000 0.325259
50.559000 0.295063
51.560000 0.302593
52.569000 0.281213
53.579000 0.214004
54.588000 0.212067
55.609000 0.227777
56.619000 0.188832
57.628000 0.200658
58.639000 0.164289
59.648000 0.267092
60.659000 0.217060
61.660000 0.252827
62.669000 0.220202
63.709000 0.236000
64.710000 0.265127
65.719000 0.248674
66.729000 0.258701
67.739000 0.238947
68.749000 0.271453
69.769000 0.248118
70.779000 0.234883
71.799000 0.262086
72.809000 0.281727
73.810000 0.215129
74.819000 0.257602
75.828000 0.221558
76.910000 0.223046
77.918000 0.267357
78.919000 0.249295
79.969000 0.287170
80.979000 0.313189
81.980000 0.265694
82.989000 0.346291
83.990000 0.298494
84.998000 0.343357
85.999000 0.309427
87.000000 0.312161
88.009000 0.338157
89.018000 0.327310
90.111000 0.199005
91.159000 0.202870
92.168000 0.241571
93.179000 0.222473
94.180000 0.255560
95.191000 0.269832
96.194000 0.292443
97.248000 0.308144
98.249000 0.226861
99.250000 0.308060
100.260000 0.324277
101.261000 0.288360
102.268000 0.241017
103.269000 0.245195
104.278000 0.303699
105.288000 0.308024
106.289000 0.312160
107.299000 0.320214
108.300000 0.351225
109.301000 0.291660
110.308000 0.258677
111.309000 0.266494
112.318000 0.315108
113.328000 0.299897
114.329000 0.303960
115.388000 0.317024
116.389000 0.338925
117.390000 0.288926
118.399000 0.266299
119.527000 0.292780
120.528000 0.351225
121.539000 0.294188
122.558000 0.295906
123.559000 0.299860
124.568000 0.343017
125.569000 0.312160
126.570000 0.249295
127.579000 0.305617
128.580000 0.340292
129.589000 0.325954
130.590000 0.357259
131.599000 0.372052
132.608000 0.350359
133.609000 0.354525
134.618000 0.365273
135.698000 0.351393
136.699000 0.392224
137.707000 0.263849
138.711000 0.251275
139.718000 0.283925
140.728000 0.211857
141.739000 0.249516
142.740000 0.271960
150.215000 0.014902
151.226000 0.186564
152.235000 0.246130
153.236000 0.274693
154.246000 0.253846
155.255000 0.188456
156.266000 0.152111
157.275000 0.135580
158.276000 0.139397
159.285000 0.137499
160.295000 0.195042
161.315000 0.077788
162.325000 0.068285
163.535000 0.076879
164.536000 0.280160
165.537000 0.299860
166.545000 0.297778
167.546000 0.253395
168.555000 0.283362
169.556000 0.271161
170.565000 0.279857
171.575000 0.276309
172.576000 0.234262
173.577000 0.271161
174.585000 0.221214
175.605000 0.093882
176.615000 0.136008
177.635000 0.269576
178.795000 0.067710
179.800000 0.251821
180.805000 0.182965
181.815000 0.203168
182.816000 0.194629
183.835000 0.251046
184.845000 0.253846
185.846000 0.265127
186.855000 0.155124
187.856000 0.237794
188.865000 0.217491
189.875000 0.240301
190.876000 0.269227
191.885000 0.237828
192.895000 0.260055
193.905000 0.177995
194.913000 0.233429
195.915000 0.178052
196.945000 0.136800
197.955000 0.086685
198.965000 0.106210
200.005000 0.119700
201.025000 0.037553
202.055000 0.057111
203.067000 0.114111
204.075000 0.090929
205.105000 0.039845
206.114000 0.036607
207.124000 0.074495
208.135000 0.090659
209.155000 0.071639
210.165000 0.119192
211.175000 0.108356
212.204000 0.098395
213.545000 0.057539
214.795000 0.085363
215.805000 0.136800
216.814000 0.117954
217.825000 0.146698
218.835000 0.143572
219.845000 0.135446
220.854000 0.115806
221.855000 0.114797
222.954000 0.109540
223.965000 0.154817
224.974000 0.202014
225.995000 0.126503
227.005000 0.188269
228.006000 0.234262
229.015000 0.319968
230.017000 0.356902
231.025000 0.430778
232.026000 0.355892
233.035000 0.316464
234.045000 0.306666
235.054000 0.294208
236.056000 0.266797
237.067000 0.338841
238.074000 0.269545
239.075000 0.386757
240.076000 0.388691
241.084000 0.425349
242.085000 0.366826
243.095000 0.340531
244.104000 0.290704
245.105000 0.258861
246.124000 0.245676
247.154000 0.128054
248.155000 0.211828
249.374000 0.162067
250.375000 0.240527
251.384000 0.213423
252.394000 0.223485
253.404000 0.144135
254.415000 0.184024
255.416000 0.343592
256.425000 0.315108
257.427000 0.320838
258.435000 0.262492
259.444000 0.250030
260.445000 0.252827
261.446000 0.183696
262.454000 0.154714
263.464000 0.104293
264.567000 0.014854
265.574000 0.238569
266.575000 0.245195
267.584000 0.176254
268.586000 0.187042
269.594000 0.186492
270.604000 0.195042
271.605000 0.172763
272.606000 0.280727
273.614000 0.279571
274.615000 0.253395
275.616000 0.290294
276.617000 0.330725
277.624000 0.367357
278.634000 0.257908
279.635000 0.245994
280.654000 0.207301
281.655000 0.231528
282.664000 0.290141
283.665000 0.293027
284.666000 0.243828
285.674000 0.248357
286.684000 0.222693
287.694000 0.274954
288.704000 0.297188
289.714000 0.247073
290.724000 0.234321
291.989000 0.053439
292.994000 0.352549
294.004000 0.332404
295.013000 0.235116
296.033000 0.191788
297.044000 0.097424
298.053000 0.085978
299.325000 0.050547
300.333000 0.124857
301.334000 0.124364
302.343000 0.071064
303.344000 0.124364
304.354000 0.127319
305.453000 0.090140
306.464000 0.184024
307.474000 0.261972
308.475000 0.319792
309.483000 0.252992
310.484000 0.276627
311.485000 0.333459
312.486000 0.299860
313.494000 0.254349
314.543000 0.252233
315.544000 0.307493
316.545000 0.328559
317.546000 0.305328
318.573000 0.278948
319.574000 0.263760
320.575000 0.271161
321.594000 0.279796
322.595000 0.319792
323.596000 0.409191
324.603000 0.428489
325.604000 0.409191
326.605000 0.432424
327.606000 0.465790
328.694000 0.365154
329.695000 0.399057
330.698000 0.352455
331.703000 0.338141
332.705000 0.314579
333.743000 0.210867
334.803000 0.025057
335.813000 0.262764
336.814000 0.349059
337.815000 0.355892
338.823000 0.396849
339.833000 0.344594
340.834000 0.339493
341.844000 0.455659
342.846000 0.425166
343.853000 0.428489
344.854000 0.332659
345.874000 0.337976
346.875000 0.298494
347.894000 0.325441
348.914000 0.319757
349.923000 0.347647
350.993000 0.332942
351.994000 0.405890
353.043000 0.393617
354.044000 0.472056
355.045000 0.369558
356.053000 0.340643
357.054000 0.303960
358.056000 0.292735
359.067000 0.317191
360.073000 0.338600
361.083000 0.302606
362.084000 0.305327
363.093000 0.292059
364.094000 0.295193
365.095000 0.249295
366.103000 0.259778
367.104000 0.303393
368.105000 0.258842
369.113000 0.198725
370.133000 0.270918
371.134000 0.271161
372.143000 0.277146
373.144000 0.300659
374.153000 0.241895
375.163000 0.257909
376.173000 0.251929
377.184000 0.187292
378.203000 0.190634
379.223000 0.081812
380.232000 0.111738
381.242000 0.155762
382.243000 0.150330
383.264000 0.080392
384.283000 0.044860
385.302000 0.075180
386.663000 0.046237
387.666000 0.016335
388.671000 0.581044
389.686000 0.198684
390.702000 0.123874
391.712000 0.098875
393.203000 0.043504
394.212000 0.082704
395.238000 0.030667
396.302000 0.014143
397.312000 0.078558
399.713000 0.001709
400.732000 0.073837
401.782000 0.073501
402.784000 0.106491
403.792000 0.133000
404.822000 0.163915
405.823000 0.118897
406.832000 0.119310
407.852000 0.158259
408.863000 0.143992
409.872000 0.145070
410.882000 0.112420
411.892000 0.080475
412.912000 0.132776
413.942000 0.142113
414.952000 0.121109
415.972000 0.132776
416.983000 0.155608
417.997000 0.121980
419.002000 0.122507
420.012000 0.139509
421.013000 0.137231
422.032000 0.167812
423.052000 0.097906
424.067000 0.075022
425.072000 0.105836
426.103000 0.102169
427.112000 0.130157
428.113000 0.159097
429.122000 0.127445
430.142000 0.112659
431.152000 0.079121
432.162000 0.086685
433.192000 0.087658
434.202000 0.083976
435.212000 0.085331
436.222000 0.076411
437.242000 0.096565
438.252000 0.130028
439.262000 0.125964
440.272000 0.138717
441.282000 0.117838
442.283000 0.132563
443.302000 0.136149
444.311000 0.162696
445.322000 0.157523
446.342000 0.144847
447.352000 0.142218
448.362000 0.131945
449.372000 0.142218
450.391000 0.162442
451.401000 0.121109
452.411000 0.136800
453.412000 0.154430
454.422000 0.134653
455.423000 0.148963
456.431000 0.127571
457.432000 0.115365
458.441000 0.150494
459.442000 0.153063
460.451000 0.123941
461.452000 0.150330
462.471000 0.134249
463.481000 0.122463
464.491000 0.158471
465.492000 0.165363
466.512000 0.099804
467.531000 0.130222
468.532000 0.151696
469.542000 0.157679
470.571000 0.140921
471.582000 0.100131
472.591000 0.114450
473.603000 0.094625
474.611000 0.100429
475.621000 0.115129
476.622000 0.100332
477.631000 0.108464
478.641000 0.108356
479.651000 0.118400
480.671000 0.108635
481.681000 0.127319
482.691000 0.144927
483.692000 0.172763
484.701000 0.214216
485.702000 0.180963
486.703000 0.179029
487.711000 0.140349
488.721000 0.154408
489.731000 0.146281
490.742000 0.154817
491.751000 0.157273
492.771000 0.146745
493.776000 0.163343
494.781000 0.141564
495.782000 0.149530
496.801000 0.122167
497.811000 0.134091
498.821000 0.130590
499.823000 0.158371
500.831000 0.165571
501.840000 0.142922
502.841000 0.142130
503.851000 0.120547
504.852000 0.124931
505.861000 0.116599
506.871000 0.128673
507.881000 0.123818
508.883000 0.159737
509.890000 0.139925
510.901000 0.119636
511.911000 0.119192
512.931000 0.119365
513.941000 0.081267
514.951000 0.085893
515.961000 0.085331
516.981000 0.089859
517.991000 0.083976
519.011000 0.085835
520.020000 0.095469
521.031000 0.090659
522.040000 0.097617
523.041000 0.098398
524.050000 0.080555
525.060000 0.092103
526.061000 0.102498
527.070000 0.119310
528.080000 0.100792
529.081000 0.133930
530.090000 0.120666
531.181000 0.094563
532.190000 0.111175
533.191000 0.117530
534.201000 0.102939
535.210000 0.088690
536.220000 0.089394
537.230000 0.085331
538.240000 0.105648
539.241000 0.107964
540.250000 0.064285
541.270000 0.076447
542.280000 0.065014
543.290000 0.090749
544.300000 0.088040
545.310000 0.068285
546.320000 0.097521
547.330000 0.085331
548.350000 0.076447
549.360000 0.086685
550.370000 0.053386
551.410000 0.048669
552.420000 0.056887
553.440000 0.041576
554.450000 0.037925
555.480000 0.037188
556.521000 0.036795
557.541000 0.032188
558.581000 0.027623
559.630000 0.019561
560.640000 0.017608
561.690000 0.013570
562.710000 0.017435
563.741000 0.021230
564.790000 0.023474
565.810000 0.030847
566.870000 0.025811
567.880000 0.025735
568.914000 0.030429
569.930000 0.032315
570.960000 0.033204
572.000000 0.034200
573.040000 0.030254
574.060000 0.025482
575.101000 0.021026
576.150000 0.022170
577.190000 0.015015
578.200000 0.027089
579.240000 0.031569
580.260000 0.030847
581.279000 0.030877
582.280000 0.030066
583.320000 0.032885
584.340000 0.032188
585.360000 0.033529
586.369000 0.033895
587.390000 0.041536
588.409000 0.049672
589.410000 0.040200
590.420000 0.046051
591.421000 0.039632
592.461000 0.039462
593.469000 0.039357
594.530000 0.032234
595.540000 0.031152
596.599000 0.025836
597.610000 0.025709
598.669000 0.027127
599.700000 0.035825
600.749000 0.044881
601.760000 0.056831
602.769000 0.063722
603.789000 0.069741
604.809000 0.075106
605.840000 0.063690
606.869000 0.059825
607.880000 0.053333
608.900000 0.075106
609.909000 0.067790
610.912000 0.046373
611.920000 0.052929
612.949000 0.039883
613.970000 0.040196
615.441000 0.027356
616.480000 0.039500
617.489000 0.032539
618.519000 0.039845
619.559000 0.049985
620.569000 0.047406
621.579000 0.044697
622.599000 0.050965
623.639000 0.042092
624.669000 0.042501
625.679000 0.031715
626.729000 0.027360
627.739000 0.017608
628.749000 0.021671
629.770000 0.026797
630.809000 0.011850
631.819000 0.014899
632.829000 0.025568
634.734000 0.008601
635.769000 0.095358
636.779000 0.024380
637.799000 0.020118
638.889000 0.014855
639.999000 0.016223
641.019000 0.013412
642.049000 0.017266
643.179000 0.009685
644.259000 0.008127
677.501000 0.000123
678.511000 0.073141
679.521000 0.155762
680.522000 0.306693
681.524000 0.462028
682.526000 0.526193
683.662000 0.447770
684.663000 0.502122
685.664000 0.597786
686.681000 0.528409
687.682000 0.498022
688.692000 0.522028
689.746000 0.502831
690.752000 0.419396
691.753000 0.493123
692.772000 0.550979
693.781000 0.553728
694.782000 0.496655
695.783000 0.422058
696.802000 0.495936
697.803000 0.533554
698.804000 0.537654
699.805000 0.536855
700.806000 0.552687
701.811000 0.479705
702.813000 0.520735
703.821000 0.522270
704.832000 0.572930
705.841000 0.538022
706.842000 0.539021
707.843000 0.545854
708.845000 0.527561
709.851000 0.487952
710.853000 0.463393
711.854000 0.462490
712.861000 0.446149
713.862000 0.440623
714.863000 0.492555
715.864000 0.470689
716.971000 0.395238
717.973000 0.487089
718.981000 0.497278
719.982000 0.499389
721.040000 0.527327
722.041000 0.467956
723.042000 0.426957
724.051000 0.513055
725.052000 0.536288
726.080000 0.493479
727.081000 0.559520
728.082000 0.533554
729.111000 0.530224
730.113000 0.489822
731.114000 0.457024
732.115000 0.443357
733.116000 0.384591
734.120000 0.459745
735.131000 0.518805
736.132000 0.455656
737.134000 0.400591
738.140000 0.389479
739.141000 0.390058
740.142000 0.509861
741.143000 0.415685
742.145000 0.511178
743.149000 0.510159
744.151000 0.576711
745.152000 0.475357
746.153000 0.607353
747.154000 0.473423
748.160000 0.392199
749.170000 0.278217
750.171000 0.298502
751.180000 0.313189
752.192000 0.254696
753.200000 0.259778
754.211000 0.346959
755.220000 0.302343
756.230000 0.142780
757.231000 0.250094
758.240000 0.241895
759.251000 0.189436
760.252000 0.163197
761.260000 0.195429
762.261000 0.211029
763.270000 0.215572
764.280000 0.184768
765.281000 0.270593
766.290000 0.262232
767.291000 0.239728
768.292000 0.228228
769.300000 0.205492
770.311000 0.250326
771.312000 0.245195
772.320000 0.264643
773.321000 0.256128
774.332000 0.259007
775.399000 0.289005
776.401000 0.325259
777.420000 0.254270
778.430000 0.232193
779.431000 0.319792
780.432000 0.293027
781.440000 0.346635
782.441000 0.368192
783.460000 0.432839
784.470000 0.352721
785.471000 0.439257
786.480000 0.407302
787.481000 0.376392
788.510000 0.322278
789.520000 0.338949
790.521000 0.361359
791.530000 0.294771
792.540000 0.271453
793.600000 0.342536
794.601000 0.355325
795.610000 0.346291
796.611000 0.230162
797.612000 0.290633
798.619000 0.303964
799.620000 0.267061
800.621000 0.299860
801.622000 0.299293
802.629000 0.280413
803.630000 0.279361
804.830000 0.262673
805.839000 0.314545
806.840000 0.265694
807.850000 0.286352
808.859000 0.333526
809.860000 0.273894
810.869000 0.263588
811.870000 0.364092
812.871000 0.410557
813.911000 0.330708
815.099000 0.342478
816.101000 0.522621
817.102000 0.525355
818.103000 0.488456
819.104000 0.514989
820.109000 0.554571
821.112000 0.503848
822.114000 0.407417
823.120000 0.411237
824.130000 0.410962
825.131000 0.418757
826.139000 0.442992
827.140000 0.441990
828.169000 0.469069
829.171000 0.490699
830.180000 0.414082
831.181000 0.459756
832.190000 0.424928
833.191000 0.461123
834.192000 0.481622
835.199000 0.432564
836.210000 0.336135
837.211000 0.403724
838.212000 0.381858
839.219000 0.365998
840.229000 0.373038
841.230000 0.316260
842.239000 0.349796
843.240000 0.346326
844.241000 0.486628
845.242000 0.418416
846.299000 0.381044
847.370000 0.382446
848.389000 0.400620
849.431000 0.394403
850.432000 0.514422
851.439000 0.538525
852.441000 0.447010
853.449000 0.419921
854.450000 0.425590
855.460000 0.433988
856.469000 0.416793
857.489000 0.463820
858.490000 0.446090
859.491000 0.544488
860.510000 0.634771
861.520000 0.589750
862.529000 0.626149
863.530000 0.608719
864.538000 0.614556
865.539000 0.612819
866.540000 0.495289
867.541000 0.361359
868.549000 0.327635
869.550000 0.286194
870.559000 0.334882
871.568000 0.300194
872.569000 0.313526
873.570000 0.350426
874.599000 0.286383
875.608000 0.347084
876.619000 0.451149
877.620000 0.364092
878.628000 0.323563
879.639000 0.323956
880.659000 0.298298
881.749000 0.302987
882.819000 0.381864
883.820000 0.334825
884.829000 0.195817
885.830000 0.392791
886.831000 0.339493
887.839000 0.350143
888.848000 0.254097
889.849000 0.279361
890.858000 0.291497
891.868000 0.257909
