0.000000 0.040798
1.003000 0.110265
1.527000 0.027210
2.939000 0.064177
4.040000 0.123539
5.100000 0.069691
6.104000 0.077895
7.111000 0.106911
8.251000 0.092522
9.256000 0.094700
10.275000 0.073869
11.395000 0.021986
12.403000 0.070316
13.407000 0.120521
14.628000 0.159070
15.647000 0.148593
16.828000 0.137036
17.847000 0.183664
18.947000 0.150493
19.952000 0.162146
20.959000 0.148454
22.139000 0.149507
23.219000 0.162902
24.224000 0.205590
25.264000 0.118707
26.271000 0.191537
27.287000 0.188503
28.288000 0.192013
29.295000 0.127444
30.304000 0.136170
31.316000 0.140010
32.324000 0.154880
33.335000 0.111004
34.336000 0.095527
35.348000 0.117512
36.375000 0.131817
37.379000 0.163233
38.387000 0.165525
39.400000 0.165609
40.420000 0.174427
41.432000 0.157471
42.440000 0.203423
43.484000 0.143647
44.500000 0.223145
45.691000 0.200798
46.844000 0.171405
47.851000 0.229199
48.863000 0.158077
50.036000 0.146703
51.044000 0.198656
52.048000 0.136513
53.068000 0.205202
54.075000 0.174587
55.235000 0.181216
56.236000 0.232520
57.247000 0.134226
58.252000 0.175307
59.263000 0.244996
60.499000 0.117617
61.631000 0.143938
62.640000 0.200087
63.651000 0.217894
64.663000 0.173224
65.671000 0.119033
66.676000 0.194534
67.692000 0.177715
68.704000 0.058126
70.067000 0.051899
71.084000 0.098195
72.096000 0.062578
73.107000 0.077128
74.115000 0.100750
75.128000 0.135449
76.147000 0.079207
77.180000 0.026486
78.328000 0.024073
79.351000 0.072211
80.403000 0.027308
82.499000 0.010443
83.511000 0.186963
84.544000 0.086522
85.551000 0.083632
86.572000 0.095191
87.583000 0.099718
88.584000 0.104223
89.595000 0.122959
90.603000 0.038000
91.656000 0.011692
92.664000 0.043429
93.675000 0.035363
94.703000 0.047907
95.708000 0.088478
96.728000 0.074073
97.759000 0.042460
98.760000 0.043732
99.787000 0.063938
100.792000 0.038906
101.800000 0.055643
102.811000 0.052772
103.819000 0.031214
104.823000 0.027410
105.843000 0.085835
106.851000 0.099604
107.883000 0.087391
108.895000 0.083810
110.003000 0.059394
111.015000 0.098680
112.036000 0.077712
113.055000 0.057816
114.076000 0.072353
115.088000 0.068108
116.175000 0.027277
117.179000 0.038151
118.299000 0.083204
119.319000 0.104612
120.327000 0.039649
121.331000 0.047689
122.339000 0.101786
123.347000 0.079667
124.363000 0.102331
125.383000 0.070482
126.384000 0.091290
127.392000 0.073045
128.415000 0.088711
129.435000 0.103271
130.436000 0.091595
131.443000 0.106287
132.444000 0.108162
133.515000 0.097828
134.527000 0.110846
135.536000 0.080245
136.539000 0.086356
137.627000 0.094050
138.640000 0.108036
139.648000 0.079542
140.659000 0.108249
141.711000 0.083748
142.732000 0.115228
143.739000 0.099170
144.751000 0.064418
145.764000 0.099933
146.791000 0.071924
147.932000 0.070953
148.943000 0.081096
150.135000 0.069450
151.155000 0.099344
152.163000 0.086662
153.168000 0.092547
154.175000 0.112304
155.176000 0.126235
156.288000 0.113274
157.300000 0.139930
158.340000 0.121772
159.347000 0.138877
160.348000 0.117735
161.351000 0.171230
162.359000 0.094759
163.372000 0.087412
164.384000 0.086514
165.412000 0.068891
166.431000 0.085920
167.443000 0.074509
168.451000 0.092286
169.456000 0.074436
170.463000 0.089660
171.476000 0.077383
172.484000 0.107554
173.487000 0.138117
174.488000 0.125250
175.495000 0.145358
176.508000 0.133080
177.527000 0.127147
178.767000 0.097865
179.779000 0.091921
180.788000 0.067773
181.959000 0.082023
183.099000 0.080370
184.103000 0.096741
185.123000 0.067424
186.163000 0.058822
187.172000 0.077280
188.184000 0.081107
189.196000 0.054691
190.203000 0.032604
191.396000 0.014907
192.424000 0.067934
193.455000 0.014992
194.468000 0.040513
195.488000 0.052357
196.527000 0.062246
197.739000 0.135633
198.748000 0.185507
199.752000 0.136013
200.759000 0.102488
201.760000 0.107964
202.772000 0.121637
203.779000 0.116160
204.792000 0.075082
205.804000 0.090569
206.863000 0.050856
207.871000 0.074643
208.903000 0.050372
209.908000 0.026538
210.916000 0.047500
211.967000 0.042953
212.996000 0.042419
214.015000 0.056385
215.016000 0.057399
216.035000 0.047788
217.047000 0.066237
218.056000 0.056045
219.067000 0.067656
220.080000 0.036647
221.100000 0.052306
222.120000 0.059012
223.160000 0.038424
224.191000 0.030518
225.224000 0.023837
226.444000 0.023492
227.531000 0.017619
228.644000 0.012291
229.775000 0.084706
230.795000 0.094270
232.016000 0.093637
233.028000 0.116196
234.047000 0.108980
235.055000 0.109449
236.056000 0.144843
237.279000 0.118445
238.288000 0.163328
239.292000 0.137190
240.372000 0.139430
241.379000 0.142238
242.391000 0.160045
243.392000 0.144871
244.399000 0.150178
245.403000 0.084858
246.404000 0.097069
247.411000 0.097588
248.724000 0.048969
249.763000 0.040816
250.996000 0.020302
252.016000 0.050965
253.047000 0.027864
254.215000 0.015997
255.307000 0.021316
256.308000 0.023233
257.380000 0.032582
258.399000 0.053700
259.507000 0.047851
260.540000 0.067539
261.559000 0.062986
262.571000 0.065544
263.780000 0.043063
264.804000 0.051865
265.811000 0.049404
267.232000 0.030224
268.236000 0.055865
269.276000 0.047538
270.343000 0.008975
272.763000 0.012436
273.916000 0.018984
277.840000 0.001239
278.868000 0.029276
279.960000 0.045099
280.972000 0.052283
281.987000 0.065041
282.988000 0.080228
284.152000 0.089730
285.160000 0.113542
286.163000 0.139488
287.164000 0.138328
288.171000 0.107975
289.176000 0.088137
290.183000 0.069156
291.184000 0.096932
292.208000 0.117630
293.215000 0.102517
294.231000 0.122890
295.235000 0.139794
296.236000 0.115788
297.240000 0.135898
298.247000 0.127855
299.259000 0.143130
300.267000 0.112308
301.372000 0.119230
302.376000 0.057227
303.379000 0.084259
304.384000 0.101264
305.391000 0.101886
306.532000 0.090815
307.663000 0.102958
308.795000 0.100577
309.963000 0.106563
310.976000 0.136307
311.983000 0.108498
312.984000 0.107727
313.988000 0.121369
314.999000 0.118970
316.007000 0.139082
317.008000 0.141089
318.020000 0.152972
319.032000 0.138667
320.039000 0.140106
321.231000 0.108025
322.232000 0.136258
323.247000 0.112022
324.251000 0.126927
325.264000 0.105710
326.271000 0.113982
327.276000 0.121689
328.395000 0.143309
329.543000 0.124366
330.743000 0.115355
331.767000 0.133740
332.788000 0.143372
333.795000 0.157067
334.807000 0.143134
335.820000 0.145079
336.899000 0.123396
338.399000 0.089567
339.479000 0.058094
340.491000 0.116396
341.620000 0.073323
342.647000 0.065115
343.831000 0.057087
344.844000 0.061291
345.872000 0.055891
346.883000 0.035969
348.043000 0.071610
349.264000 0.096179
350.275000 0.082741
351.283000 0.080907
352.295000 0.055024
353.567000 0.005377
354.575000 0.118785
355.579000 0.132266
356.587000 0.127942
357.740000 0.107124
358.747000 0.033878
359.748000 0.081471
360.779000 0.076766
362.000000 0.079525
363.192000 0.090121
364.199000 0.102559
365.263000 0.074671
366.432000 0.094413
367.443000 0.087114
368.444000 0.086729
369.456000 0.098304
370.459000 0.084771
371.483000 0.113289
372.708000 0.078814
373.716000 0.115374
374.735000 0.087562
375.768000 0.074212
376.860000 0.022105
377.867000 0.046566
378.880000 0.098053
379.899000 0.063830
380.911000 0.090908
381.932000 0.096034
382.939000 0.095669
383.951000 0.102349
384.964000 0.074235
385.972000 0.085387
387.244000 0.064962
388.263000 0.092758
389.276000 0.071860
390.455000 0.073077
391.475000 0.078833
392.487000 0.078925
393.488000 0.078869
394.496000 0.083030
395.507000 0.086711
396.528000 0.072229
397.536000 0.081047
398.540000 0.076971
399.559000 0.090030
400.580000 0.080282
401.591000 0.064484
402.599000 0.054160
403.603000 0.066765
404.664000 0.080326
405.832000 0.079256
406.836000 0.106527
407.883000 0.071678
409.083000 0.055978
410.175000 0.086369
411.184000 0.083305
412.195000 0.089628
413.216000 0.078623
414.228000 0.087480
415.276000 0.062228
416.627000 0.042528
417.700000 0.036974
418.767000 0.017328
420.052000 0.042584
421.072000 0.056014
422.079000 0.039153
423.139000 0.023230
424.151000 0.025254
425.183000 0.072298
426.203000 0.072673
427.224000 0.083280
428.424000 0.081752
429.443000 0.090549
430.473000 0.091745
431.527000 0.074351
432.528000 0.102498
433.535000 0.019929
434.615000 0.080629
435.627000 0.125174
436.628000 0.109331
437.640000 0.102438
438.707000 0.105836
439.720000 0.089877
440.752000 0.072907
441.793000 0.052817
442.819000 0.064000
443.859000 0.031637
444.891000 0.045070
445.904000 0.077491
446.916000 0.175913
447.923000 0.139683
449.044000 0.128035
450.056000 0.153723
451.063000 0.123853
452.088000 0.084828
453.096000 0.137695
454.215000 0.148159
455.367000 0.134369
456.368000 0.158529
457.507000 0.103910
458.520000 0.127709
459.527000 0.099170
460.559000 0.068930
461.579000 0.078447
462.591000 0.101383
463.600000 0.085322
464.612000 0.106791
465.671000 0.096008
466.684000 0.113437
467.699000 0.089087
468.703000 0.095837
469.712000 0.107163
470.816000 0.109736
471.828000 0.103022
472.867000 0.056616
473.875000 0.082292
474.995000 0.074362
476.008000 0.103984
477.040000 0.079781
478.179000 0.064857
479.199000 0.041423
480.220000 0.077362
481.451000 0.083753
482.620000 0.091738
483.643000 0.077560
484.664000 0.036193
485.692000 0.093242
486.700000 0.059414
487.723000 0.070071
488.736000 0.090480
489.743000 0.082805
490.755000 0.089325
491.763000 0.096371
492.768000 0.128328
493.775000 0.096212
494.776000 0.104036
495.788000 0.103879
496.799000 0.141610
497.807000 0.112402
498.859000 0.098235
499.872000 0.127303
500.891000 0.128879
501.940000 0.085764
502.944000 0.111729
504.044000 0.091859
505.052000 0.128929
506.064000 0.109369
507.071000 0.122466
508.083000 0.123709
509.104000 0.121635
510.116000 0.119452
511.295000 0.121830
512.507000 0.121445
513.695000 0.121495
514.699000 0.152606
515.748000 0.071173
516.847000 0.073672
517.868000 0.085751
518.880000 0.050227
519.908000 0.058553
520.971000 0.054051
521.979000 0.075487
523.040000 0.055442
524.392000 0.002024
525.402000 0.088882
526.404000 0.081177
527.411000 0.081509
528.444000 0.044443
529.543000 0.018672
530.556000 0.135053
531.575000 0.102447
532.596000 0.120262
533.615000 0.105094
534.640000 0.103532
535.835000 0.095619
536.839000 0.110367
537.859000 0.062449
538.927000 0.075573
539.987000 0.010325
540.992000 0.050364
542.000000 0.130184
543.012000 0.151228
544.031000 0.148404
545.124000 0.122059
546.303000 0.144978
547.483000 0.142214
548.484000 0.177662
549.492000 0.101883
550.504000 0.148696
551.568000 0.124123
552.572000 0.132167
553.787000 0.121859
554.799000 0.150047
555.807000 0.147929
556.820000 0.106014
557.827000 0.156226
558.847000 0.106808
559.852000 0.178316
560.860000 0.131004
561.871000 0.173199
562.879000 0.115916
563.883000 0.125620
564.884000 0.169463
565.912000 0.121542
566.936000 0.173672
567.943000 0.171170
568.944000 0.138266
570.135000 0.119456
571.327000 0.072302
572.388000 0.079940
573.407000 0.072563
574.428000 0.111318
575.435000 0.119547
576.439000 0.125355
577.440000 0.109994
578.444000 0.158056
579.639000 0.144276
580.651000 0.194656
581.660000 0.171568
582.664000 0.208470
583.672000 0.152209
584.683000 0.181318
585.691000 0.104500
586.700000 0.120666
587.704000 0.129650
588.716000 0.196008
589.723000 0.178139
590.743000 0.146188
591.747000 0.091246
592.748000 0.169463
593.767000 0.143647
594.768000 0.176296
595.779000 0.167339
596.788000 0.199302
597.807000 0.196004
598.872000 0.131020
599.880000 0.072371
600.899000 0.181237
601.905000 0.216215
602.919000 0.142964
603.931000 0.124364
604.952000 0.100490
605.964000 0.067589
606.992000 0.041253
608.036000 0.013103
609.055000 0.010740
610.124000 0.024314
669.872000 0.000069
671.171000 0.007372
672.295000 0.018256
673.436000 0.017984
675.756000 0.003546
676.891000 0.008437
677.911000 0.014753
679.015000 0.012391
680.175000 0.015331
681.215000 0.014469
682.236000 0.032157
683.419000 0.013877
684.559000 0.016800
685.775000 0.016875
686.939000 0.017629
687.999000 0.018068
689.080000 0.016467
690.139000 0.018085
691.240000 0.012425
692.463000 0.014541
693.564000 0.014910
694.659000 0.016241
695.844000 0.010390
696.868000 0.017367
697.924000 0.019432
698.964000 0.026308
700.003000 0.026333
701.007000 0.025914
702.027000 0.025482
703.067000 0.026308
704.127000 0.027102
705.168000 0.026308
706.187000 0.026850
707.192000 0.025729
708.212000 0.006468
709.216000 0.023163
710.231000 0.026956
711.256000 0.026693
712.292000 0.026409
713.332000 0.022362
714.352000 0.026824
715.416000 0.027000
716.495000 0.026282
717.531000 0.025089
718.595000 0.015429
719.656000 0.019340
720.716000 0.025811
721.736000 0.024141
722.755000 0.025507
723.799000 0.020966
724.839000 0.028938
726.083000 0.025293
727.084000 0.025966
728.139000 0.020747
729.144000 0.023163
730.260000 0.020839
731.319000 0.020669
732.403000 0.017668
733.500000 0.019953
734.564000 0.020571
735.567000 0.019095
736.588000 0.020118
737.743000 0.015235
740.367000 0.000429
741.543000 0.010469
742.807000 0.008658
744.308000 0.005472
745.532000 0.006706
746.647000 0.004908
747.712000 0.005138
749.108000 0.000980
750.471000 0.004015
752.375000 0.002158
753.456000 0.003796
770.532000 0.000401
771.568000 0.014525
772.768000 0.018240
773.771000 0.017731
775.031000 0.011943
776.251000 0.007849
777.551000 0.007372
778.616000 0.007707
780.055000 0.004753
781.111000 0.007773
782.136000 0.008008
783.255000 0.007335
784.555000 0.009471
785.556000 0.013666
786.560000 0.010900
787.696000 0.012042
788.795000 0.011203
789.800000 0.016334
790.879000 0.016482
791.899000 0.016094
792.900000 0.013666
794.020000 0.014657
795.043000 0.017384
796.163000 0.013436
797.260000 0.018706
798.384000 0.007302
799.544000 0.015331
800.620000 0.011442
801.723000 0.018604
802.808000 0.012608
803.888000 0.012667
804.944000 0.009068
805.963000 0.010740
806.967000 0.010900
808.028000 0.014183
816.232000 0.000167
818.211000 0.076917
819.291000 0.016467
820.356000 0.019268
822.855000 0.007104
823.915000 0.047781
824.956000 0.019712
825.996000 0.018415
827.047000 0.019524
828.095000 0.019580
829.120000 0.020020
830.139000 0.016110
831.160000 0.018776
832.219000 0.019377
833.259000 0.019731
834.320000 0.019340
835.359000 0.019750
836.399000 0.018415
842.308000 0.004162
843.348000 0.084215
844.383000 0.009252
845.427000 0.007862
846.447000 0.006706
847.608000 0.005897
848.648000 0.009208
871.335000 0.000181
872.359000 0.001337
873.360000 0.005467
874.480000 0.013436
875.775000 0.012676
876.856000 0.015186
877.935000 0.017750
878.955000 0.016094
880.195000 0.012135
881.235000 0.015785
882.279000 0.014414
883.303000 0.025408
884.336000 0.022513
885.359000 0.021396
886.363000 0.016400
887.395000 0.022535
888.655000 0.010071
889.755000 0.018672
890.776000 0.025457
891.879000 0.018604
892.900000 0.020098
894.015000 0.018404
895.035000 0.022800
896.079000 0.023586
897.280000 0.020503
898.395000 0.023311
899.400000 0.025863
900.519000 0.019560
901.540000 0.022778
902.580000 0.021046
903.615000 0.022470
904.659000 0.022276
905.776000 0.019595
906.835000 0.020669
907.860000 0.017350
909.075000 0.020267
910.199000 0.020690
911.220000 0.018776
912.240000 0.017435
913.395000 0.020135
914.479000 0.022716
915.639000 0.020048
916.660000 0.021438
917.755000 0.016241
918.760000 0.020418
919.816000 0.015545
920.835000 0.018795
921.881000 0.018310
922.959000 0.021573
925.856000 0.006331
926.896000 0.007892
927.915000 0.017452
930.959000 0.008528
932.040000 0.039296
933.100000 0.014196
934.200000 0.013692
935.535000 0.009222
936.860000 0.009292
938.023000 0.011763
939.040000 0.013451
940.240000 0.007980
944.324000 0.001005
945.383000 0.010334
946.404000 0.014738
947.423000 0.018795
948.503000 0.016467
949.523000 0.017435
950.640000 0.015921
951.765000 0.017024
952.768000 0.013653
953.924000 0.016567
954.984000 0.018068
956.104000 0.019543
957.164000 0.014196
958.167000 0.016367
959.284000 0.015935
960.479000 0.008013
961.680000 0.009112
962.704000 0.010688
963.743000 0.009217
964.920000 0.006974
966.180000 0.009771
967.260000 0.010133
968.344000 0.013882
969.359000 0.018869
970.379000 0.013412
971.384000 0.010890
972.388000 0.006813
973.559000 0.008178
974.744000 0.008081
975.780000 0.009243
976.904000 0.008520
978.024000 0.008550
979.064000 0.009208
980.083000 0.009397
981.244000 0.008255
982.259000 0.009434
983.304000 0.007862
1000.064000 0.000082
1001.504000 0.011400
1002.600000 0.013730
1004.104000 0.015463
1006.884000 0.043456
1008.083000 0.004564
1009.167000 0.005048
1010.464000 0.007383
1011.863000 0.005867
1013.159000 0.007389
1014.524000 0.005011
1015.620000 0.007489
1016.884000 0.004329
1018.043000 0.004721
1019.083000 0.005262
1020.164000 0.005062
1021.244000 0.007600
1022.424000 0.006956
1030.672000 0.000000
