0.000000 0.083810
1.021000 0.308168
2.139000 0.179215
3.140000 0.158481
4.299000 0.133724
5.300000 0.148754
6.410000 0.161365
7.411000 0.155672
8.439000 0.161281
9.769000 0.093550
10.770000 0.131265
11.911000 0.125744
13.020000 0.155886
14.021000 0.179139
15.050000 0.164444
16.051000 0.135982
17.099000 0.133250
18.100000 0.093169
19.120000 0.101152
20.130000 0.099156
21.149000 0.074500
22.279000 0.047196
23.359000 0.035467
24.509000 0.028068
25.539000 0.039845
26.549000 0.059590
27.559000 0.070476
28.579000 0.036554
29.639000 0.062037
30.641000 0.038228
31.659000 0.048183
32.679000 0.090583
33.689000 0.091743
35.009000 0.024866
36.029000 0.049296
37.049000 0.048282
38.249000 0.045663
39.282000 0.050970
40.439000 0.056550
41.769000 0.032914
42.839000 0.036300
43.849000 0.024380
45.029000 0.060514
46.039000 0.119430
47.059000 0.101240
48.109000 0.096871
49.119000 0.076144
50.129000 0.124233
51.149000 0.093286
52.289000 0.079405
53.308000 0.116653
54.319000 0.098005
55.329000 0.116007
56.339000 0.120525
57.549000 0.072569
58.558000 0.123535
59.559000 0.113418
60.568000 0.097681
61.578000 0.107047
62.579000 0.147359
63.749000 0.083665
64.758000 0.063722
65.961000 0.024869
66.979000 0.090602
68.048000 0.098441
69.219000 0.088809
70.239000 0.100471
71.242000 0.081388
72.248000 0.075897
73.388000 0.062188
74.668000 0.019238
75.688000 0.065340
76.698000 0.066240
77.708000 0.061633
78.718000 0.098398
79.738000 0.072186
80.758000 0.074464
81.778000 0.034870
82.788000 0.067042
83.789000 0.090277
84.799000 0.065773
85.818000 0.051970
86.828000 0.104220
87.829000 0.077905
88.858000 0.069576
89.898000 0.024992
90.918000 0.026507
91.938000 0.052708
93.019000 0.051930
94.028000 0.084681
95.038000 0.068352
96.058000 0.103840
97.218000 0.103795
98.228000 0.137395
99.238000 0.130899
100.248000 0.120340
101.250000 0.085888
102.268000 0.090565
103.278000 0.051230
104.288000 0.035564
105.298000 0.088100
106.308000 0.095921
107.479000 0.061627
108.488000 0.089133
109.638000 0.080290
110.648000 0.087974
111.660000 0.086505
112.668000 0.094657
113.688000 0.053954
114.698000 0.078991
115.699000 0.072016
116.708000 0.072544
117.728000 0.044473
118.747000 0.032220
119.818000 0.021353
121.448000 0.030194
122.468000 0.097112
123.479000 0.083805
124.697000 0.084603
125.698000 0.093219
126.708000 0.083776
127.840000 0.015889
128.848000 0.057548
129.868000 0.082880
130.968000 0.086932
131.979000 0.097418
132.988000 0.106836
134.028000 0.103960
135.078000 0.074955
136.098000 0.056156
137.108000 0.129584
138.118000 0.113932
139.138000 0.116668
140.178000 0.138207
141.228000 0.133466
142.308000 0.125653
143.388000 0.112819
144.399000 0.078808
145.417000 0.071670
146.427000 0.055475
147.547000 0.053340
148.548000 0.082691
149.559000 0.141491
150.648000 0.085403
151.667000 0.087757
152.858000 0.082224
153.868000 0.064956
154.917000 0.018257
156.622000 0.009609
157.779000 0.166972
158.798000 0.175969
159.958000 0.132182
160.967000 0.152042
162.148000 0.130207
163.158000 0.152211
164.298000 0.121460
165.307000 0.135429
166.718000 0.094267
167.728000 0.067723
168.729000 0.095011
169.730000 0.140155
170.737000 0.108591
171.838000 0.108390
172.857000 0.156829
174.088000 0.103275
175.099000 0.172769
176.107000 0.133024
177.277000 0.083663
178.278000 0.061638
179.287000 0.077182
180.297000 0.083592
181.307000 0.058694
182.317000 0.061826
183.327000 0.056641
184.517000 0.061237
185.538000 0.116028
186.687000 0.124686
187.767000 0.126335
188.908000 0.130824
189.917000 0.136777
191.097000 0.090141
192.117000 0.105530
193.136000 0.093468
194.147000 0.089005
195.217000 0.061871
196.237000 0.081537
197.257000 0.025482
198.306000 0.025044
199.917000 0.024641
200.918000 0.058147
201.928000 0.075308
202.947000 0.050637
204.127000 0.020868
205.147000 0.094185
206.148000 0.140740
207.257000 0.130867
208.307000 0.094490
209.487000 0.102077
210.497000 0.125838
211.507000 0.151884
212.509000 0.149414
213.517000 0.136521
214.518000 0.155361
215.527000 0.135182
216.657000 0.121739
217.667000 0.136688
218.677000 0.151212
219.807000 0.107719
220.817000 0.149262
222.047000 0.117454
223.087000 0.139071
224.116000 0.158057
225.117000 0.146316
226.126000 0.139795
227.127000 0.128430
228.128000 0.120615
229.136000 0.148183
230.137000 0.136507
231.147000 0.140092
232.157000 0.111490
233.166000 0.064711
234.187000 0.103832
235.196000 0.128760
236.198000 0.134497
237.366000 0.123774
238.536000 0.158203
239.687000 0.171067
240.697000 0.138508
241.767000 0.113180
242.777000 0.138252
243.787000 0.124980
244.788000 0.120657
245.797000 0.109212
246.817000 0.116463
247.827000 0.132675
248.837000 0.127533
249.856000 0.110188
250.857000 0.100692
251.986000 0.116131
253.147000 0.120388
254.387000 0.135150
255.506000 0.113175
256.507000 0.146579
257.508000 0.124390
258.727000 0.106086
259.728000 0.145609
260.747000 0.139519
261.757000 0.143758
262.766000 0.134113
263.787000 0.107264
264.936000 0.124311
265.946000 0.148779
266.957000 0.124582
268.096000 0.117819
269.097000 0.147842
270.098000 0.136650
271.107000 0.126373
272.266000 0.108567
273.267000 0.149859
274.276000 0.125014
275.677000 0.100251
276.686000 0.126752
277.816000 0.106118
279.016000 0.134892
280.186000 0.125012
281.326000 0.121182
282.367000 0.123664
283.526000 0.113905
284.716000 0.120431
285.806000 0.117913
286.816000 0.118571
287.826000 0.089258
288.856000 0.113220
289.865000 0.094369
290.896000 0.054391
291.906000 0.071663
293.026000 0.089229
294.086000 0.110823
295.096000 0.129834
296.275000 0.142840
297.276000 0.174586
298.466000 0.113552
299.606000 0.101857
300.816000 0.142154
301.826000 0.150573
302.837000 0.095432
303.840000 0.108314
304.842000 0.150287
305.846000 0.140060
306.847000 0.132545
307.946000 0.079267
308.956000 0.092705
309.957000 0.051500
310.976000 0.052031
311.985000 0.058574
313.026000 0.039424
314.130000 0.014841
322.187000 0.000772
323.278000 0.059331
324.288000 0.078569
325.338000 0.081850
326.588000 0.100689
327.589000 0.125661
328.590000 0.169309
329.598000 0.163466
330.817000 0.141087
331.838000 0.152278
332.938000 0.139622
333.948000 0.155507
334.968000 0.158519
335.978000 0.162333
336.979000 0.162430
337.987000 0.148559
339.008000 0.120765
340.009000 0.160223
341.268000 0.115863
342.270000 0.163353
343.327000 0.122339
344.328000 0.147669
345.329000 0.147600
346.348000 0.139685
348.259000 0.039008
349.397000 0.010819
350.457000 0.031875
351.468000 0.051418
352.477000 0.078356
353.478000 0.124544
354.638000 0.112011
355.659000 0.143375
356.660000 0.167872
357.661000 0.154238
358.738000 0.155821
359.897000 0.100642
360.957000 0.105193
362.097000 0.108460
363.098000 0.147525
364.197000 0.123096
365.208000 0.160956
366.216000 0.109370
368.357000 0.011501
369.457000 0.011193
370.557000 0.013553
371.737000 0.061055
372.747000 0.091029
373.769000 0.061557
374.787000 0.059221
375.808000 0.055593
376.837000 0.070029
377.937000 0.061756
378.957000 0.068688
379.996000 0.060566
381.007000 0.035349
382.307000 0.040755
383.397000 0.059888
384.407000 0.077899
385.427000 0.054988
386.497000 0.022778
387.578000 0.072961
388.597000 0.131702
389.705000 0.132003
390.707000 0.158807
391.717000 0.161850
392.721000 0.122494
393.727000 0.127641
394.857000 0.090523
395.867000 0.138888
397.087000 0.102303
398.257000 0.150427
399.266000 0.124754
400.267000 0.116941
401.276000 0.120290
402.297000 0.097184
403.328000 0.043417
404.346000 0.057547
405.546000 0.092879
406.556000 0.090223
407.586000 0.072512
408.596000 0.068311
409.617000 0.078885
410.646000 0.077427
411.659000 0.049350
412.666000 0.062519
413.676000 0.052824
414.686000 0.048392
415.756000 0.047031
416.757000 0.045099
417.786000 0.037210
418.806000 0.038894
420.186000 0.024996
421.196000 0.049696
422.217000 0.023881
423.346000 0.028006
424.376000 0.023907
425.436000 0.016793
431.266000 0.002017
432.297000 0.011942
433.686000 0.016743
434.957000 0.016145
436.006000 0.009704
437.046000 0.012921
438.076000 0.023907
439.317000 0.036197
440.376000 0.021960
441.407000 0.015922
442.426000 0.026850
443.576000 0.011311
444.596000 0.020118
445.976000 0.020817
446.986000 0.021477
447.996000 0.040634
450.516000 0.004343
451.726000 0.019003
453.736000 0.014293
454.805000 0.019196
455.816000 0.046980
456.826000 0.048767
457.945000 0.062878
458.955000 0.052824
460.145000 0.020120
461.165000 0.041576
462.866000 0.017272
464.045000 0.063131
465.105000 0.030974
466.346000 0.014330
467.796000 0.027255
468.935000 0.014413
470.356000 0.027088
471.625000 0.053426
472.655000 0.055783
473.665000 0.034514
474.696000 0.033909
475.785000 0.023868
476.845000 0.023230
508.644000 0.000086
509.645000 0.041712
510.765000 0.149622
511.905000 0.176529
513.045000 0.182104
514.046000 0.202452
515.065000 0.164901
516.226000 0.180414
517.265000 0.198913
518.305000 0.256071
519.307000 0.234730
520.325000 0.219684
521.485000 0.165845
522.655000 0.263588
523.660000 0.237671
524.745000 0.203494
525.934000 0.214578
526.935000 0.240066
528.124000 0.150696
529.135000 0.155746
530.165000 0.163803
531.174000 0.166510
532.194000 0.130679
533.204000 0.144452
534.214000 0.121777
535.285000 0.125949
536.424000 0.121910
537.428000 0.148698
538.544000 0.239440
539.545000 0.250797
540.564000 0.262287
541.724000 0.175503
542.785000 0.234928
543.786000 0.264965
544.994000 0.134602
545.995000 0.194351
546.996000 0.189001
548.034000 0.148513
549.035000 0.169841
550.114000 0.179401
551.174000 0.175658
552.184000 0.195672
553.195000 0.176717
554.205000 0.182778
555.206000 0.189242
556.207000 0.212500
557.214000 0.191707
558.314000 0.176269
559.315000 0.250358
560.364000 0.189483
561.365000 0.219848
562.366000 0.203124
563.503000 0.215005
564.514000 0.194731
565.515000 0.177101
566.516000 0.247935
567.517000 0.185709
568.524000 0.182202
569.525000 0.235410
570.724000 0.177194
571.765000 0.240229
572.805000 0.227947
573.806000 0.245811
574.904000 0.166464
576.034000 0.201112
577.333000 0.149193
578.334000 0.141258
579.335000 0.197345
580.364000 0.145667
581.373000 0.157457
582.374000 0.134738
583.583000 0.089071
584.584000 0.153624
585.585000 0.117794
586.586000 0.071186
587.683000 0.037474
588.685000 0.130388
589.694000 0.127220
590.703000 0.136636
591.713000 0.076008
592.714000 0.070573
593.724000 0.068859
594.733000 0.106974
596.193000 0.118986
597.203000 0.119701
598.213000 0.125275
599.215000 0.102335
600.353000 0.120816
601.604000 0.133052
602.983000 0.116969
604.043000 0.127020
605.173000 0.090761
606.253000 0.098381
607.283000 0.100009
608.423000 0.087666
609.505000 0.042303
610.523000 0.061760
611.660000 0.085975
612.733000 0.105597
613.776000 0.078319
615.523000 0.011395
616.543000 0.046941
617.544000 0.085694
618.554000 0.159409
619.683000 0.176028
620.684000 0.156140
621.885000 0.105266
622.893000 0.174405
623.983000 0.146769
624.985000 0.132551
625.992000 0.121900
627.003000 0.111744
628.004000 0.110669
629.013000 0.087631
630.033000 0.107365
631.043000 0.089205
632.044000 0.149770
633.053000 0.121904
634.093000 0.116834
635.113000 0.096292
636.223000 0.104233
637.232000 0.115216
638.243000 0.065993
639.252000 0.078141
640.373000 0.089103
641.563000 0.128157
642.573000 0.111081
643.583000 0.066264
644.673000 0.072298
645.683000 0.074372
646.692000 0.092235
647.703000 0.131950
648.723000 0.126362
649.732000 0.115345
650.733000 0.093138
651.753000 0.112975
652.776000 0.082334
653.993000 0.054169
655.003000 0.082964
656.004000 0.092857
657.084000 0.071958
658.103000 0.116556
659.112000 0.090221
660.122000 0.109938
661.162000 0.085017
662.192000 0.110220
663.312000 0.070147
664.322000 0.082923
665.332000 0.082401
666.342000 0.077333
667.352000 0.082778
668.453000 0.092854
669.523000 0.072592
670.623000 0.058451
671.702000 0.016099
672.732000 0.033204
673.742000 0.084522
674.752000 0.071381
675.753000 0.092684
676.962000 0.079393
677.964000 0.103189
678.972000 0.090941
679.982000 0.118047
680.983000 0.100887
682.013000 0.092755
683.022000 0.108878
684.042000 0.076756
685.043000 0.090213
686.072000 0.076223
687.073000 0.102946
688.082000 0.106609
689.292000 0.039595
690.322000 0.075656
691.362000 0.056688
692.382000 0.084494
693.391000 0.071433
694.412000 0.072921
695.612000 0.034727
696.652000 0.052615
697.682000 0.045240
698.701000 0.072147
699.712000 0.074304
700.732000 0.081066
701.752000 0.133353
702.922000 0.073888
703.943000 0.105667
705.042000 0.119496
706.043000 0.114977
707.061000 0.059651
708.072000 0.032475
709.082000 0.026078
710.091000 0.033895
711.101000 0.040678
712.102000 0.080092
713.112000 0.078958
714.121000 0.038156
715.131000 0.055608
716.172000 0.056710
717.201000 0.098904
718.211000 0.073596
719.212000 0.069698
720.231000 0.044839
721.242000 0.040564
722.662000 0.037759
723.692000 0.065080
724.712000 0.064816
725.721000 0.059331
726.751000 0.067736
727.752000 0.068702
728.762000 0.080861
729.791000 0.086465
730.821000 0.061230
731.972000 0.050274
732.991000 0.049672
734.001000 0.044598
735.081000 0.046912
736.261000 0.056121
737.401000 0.058431
738.411000 0.069409
739.431000 0.079930
740.441000 0.056525
741.451000 0.060837
742.463000 0.080242
743.482000 0.074076
744.491000 0.062856
745.511000 0.070986
746.531000 0.075325
747.541000 0.069972
748.561000 0.075280
749.562000 0.100472
750.571000 0.073684
751.661000 0.051682
752.711000 0.067143
753.721000 0.098257
754.731000 0.092741
755.741000 0.087839
756.751000 0.068438
757.771000 0.050188
758.811000 0.040018
759.812000 0.079574
760.831000 0.108032
761.851000 0.071297
762.861000 0.050123
763.870000 0.033656
764.881000 0.061639
765.991000 0.053439
767.001000 0.062305
768.011000 0.064372
769.042000 0.064941
770.061000 0.066388
771.081000 0.070868
772.091000 0.080851
773.111000 0.056602
774.130000 0.074047
775.140000 0.048090
776.150000 0.043343
777.171000 0.042578
778.191000 0.069824
779.351000 0.061212
780.521000 0.053043
781.530000 0.052876
782.540000 0.054117
783.541000 0.053309
784.550000 0.080465
785.551000 0.054615
786.581000 0.058439
787.591000 0.057424
788.600000 0.066663
789.611000 0.055553
790.644000 0.064443
791.811000 0.028153
792.841000 0.047814
793.861000 0.051037
794.880000 0.047744
795.900000 0.051060
797.050000 0.051772
798.070000 0.070443
799.081000 0.065737
800.110000 0.073432
801.130000 0.064655
802.140000 0.092416
803.150000 0.083625
804.160000 0.069926
805.170000 0.071186
806.182000 0.078520
807.202000 0.064788
808.210000 0.054267
809.230000 0.069015
810.270000 0.064725
811.290000 0.070501
812.330000 0.085638
813.340000 0.101311
814.360000 0.067635
815.370000 0.063909
816.570000 0.085396
817.710000 0.094996
818.720000 0.088312
819.790000 0.092786
820.800000 0.083650
821.801000 0.089678
822.810000 0.050770
823.821000 0.063331
824.830000 0.063208
825.840000 0.057730
826.860000 0.067059
827.870000 0.038153
828.871000 0.067578
829.881000 0.123407
830.910000 0.122312
832.000000 0.091247
833.170000 0.118618
834.180000 0.139990
835.190000 0.158038
836.390000 0.132081
837.400000 0.121428
838.410000 0.106503
839.420000 0.115147
840.421000 0.097218
841.530000 0.100997
842.560000 0.112728
843.750000 0.082193
844.779000 0.048542
845.840000 0.060735
847.000000 0.086881
848.030000 0.091422
849.040000 0.073570
850.041000 0.109035
851.189000 0.084643
852.210000 0.042918
853.219000 0.028772
854.349000 0.041827
855.370000 0.057614
856.380000 0.066741
857.410000 0.060531
858.440000 0.051762
859.450000 0.058138
860.459000 0.086955
861.479000 0.068522
862.489000 0.075515
863.499000 0.046051
864.509000 0.044252
865.530000 0.040088
866.540000 0.062305
867.559000 0.041840
868.589000 0.030548
869.619000 0.029815
870.789000 0.052615
871.809000 0.034744
872.829000 0.029506
874.029000 0.022091
875.048000 0.029535
876.059000 0.029769
877.209000 0.018374
878.239000 0.015938
879.249000 0.021671
880.250000 0.030066
881.269000 0.027664
882.309000 0.043408
883.329000 0.020994
884.360000 0.029191
885.380000 0.018102
886.419000 0.035550
887.429000 0.029526
888.459000 0.039845
889.479000 0.039464
890.509000 0.051746
891.529000 0.044384
892.669000 0.051600
893.699000 0.028676
894.709000 0.036443
895.719000 0.039040
896.889000 0.028272
897.949000 0.029683
899.554000 0.010208
900.729000 0.033643
901.759000 0.021250
902.779000 0.028165
903.799000 0.034113
904.839000 0.039462
905.840000 0.018650
906.869000 0.033236
907.959000 0.026111
908.989000 0.025235
910.019000 0.026563
911.069000 0.022818
912.128000 0.032295
913.139000 0.020317
914.169000 0.017266
915.229000 0.012933
916.349000 0.013436
917.360000 0.059537
918.369000 0.057061
919.379000 0.044958
920.549000 0.045993
921.559000 0.051469
922.609000 0.041373
923.709000 0.038830
924.749000 0.039462
925.759000 0.039155
926.779000 0.069741
927.789000 0.055689
928.799000 0.082622
929.829000 0.043090
930.889000 0.060024
931.919000 0.056608
932.929000 0.075113
933.948000 0.073884
934.969000 0.094451
936.018000 0.077072
937.019000 0.090143
938.029000 0.091528
939.038000 0.078977
940.079000 0.055468
941.099000 0.046941
942.159000 0.018715
943.178000 0.029535
944.198000 0.020302
945.239000 0.021026
946.278000 0.031600
947.304000 0.039338
948.328000 0.054008
949.368000 0.048669
950.398000 0.027450
951.399000 0.045099
952.408000 0.079392
953.431000 0.066435
954.439000 0.090623
955.440000 0.091382
956.449000 0.111056
957.478000 0.086179
958.508000 0.078991
959.518000 0.080115
960.548000 0.052817
961.568000 0.060499
962.578000 0.056343
963.758000 0.043254
964.798000 0.038146
965.799000 0.048896
966.818000 0.053817
967.838000 0.040478
968.878000 0.024992
970.018000 0.023601
971.028000 0.056887
972.048000 0.069286
973.148000 0.060342
974.158000 0.081267
975.168000 0.068177
976.318000 0.117775
977.319000 0.127304
978.428000 0.098672
979.499000 0.108159
980.548000 0.120401
981.568000 0.118848
982.579000 0.118589
983.938000 0.115807
984.948000 0.124055
985.978000 0.100264
986.979000 0.158346
987.980000 0.161648
988.999000 0.135224
990.000000 0.164096
991.008000 0.121609
992.018000 0.121181
993.019000 0.109021
994.028000 0.182379
995.208000 0.129375
996.218000 0.147569
997.228000 0.145284
998.229000 0.149532
999.378000 0.144694
1000.388000 0.165680
1001.389000 0.144299
1002.398000 0.167565
1003.407000 0.154667
1004.538000 0.132565
1005.548000 0.123471
1006.557000 0.127723
1007.712000 0.147926
1008.718000 0.149633
1009.738000 0.100533
1010.748000 0.088155
1011.938000 0.123599
1013.098000 0.136005
1014.117000 0.125309
1015.248000 0.116333
1016.249000 0.177735
1017.257000 0.130314
1018.258000 0.120538
1019.267000 0.089508
1020.277000 0.074039
1021.467000 0.059491
1022.497000 0.080587
1023.517000 0.100914
1024.518000 0.095969
1025.528000 0.113374
1026.547000 0.050591
1027.597000 0.022564
1028.757000 0.049120
1029.767000 0.052824
1030.797000 0.043829
1034.597000 0.002384
1039.737000 0.003194
1040.767000 0.041173
1041.807000 0.064100
1042.847000 0.051485
1043.857000 0.048760
1054.178000 0.001135
1055.187000 0.105611
1056.188000 0.106004
1057.407000 0.101860
1058.427000 0.113889
1059.436000 0.100592
1060.568000 0.071337
1061.577000 0.094695
1062.797000 0.074958
1063.807000 0.100914
1064.897000 0.065597
1065.907000 0.092979
1066.917000 0.092607
1068.028000 0.095143
1069.067000 0.101288
1070.097000 0.064210
1071.136000 0.077809
1072.146000 0.083550
1073.148000 0.083097
1074.376000 0.098405
1075.388000 0.073130
1076.607000 0.077131
1077.746000 0.101016
1079.066000 0.095252
1080.077000 0.116773
1081.137000 0.090015
1082.357000 0.119456
1083.427000 0.124671
1084.526000 0.120815
1085.687000 0.115243
1086.746000 0.131443
1087.767000 0.141084
1088.776000 0.140832
1089.777000 0.152618
1090.786000 0.151283
1091.789000 0.163426
1092.792000 0.139247
1093.797000 0.137200
1094.799000 0.135409
1095.986000 0.103807
1096.987000 0.124112
1097.997000 0.157938
1099.156000 0.111323
1100.157000 0.143411
1101.166000 0.151605
1102.167000 0.151337
1103.176000 0.152273
1104.181000 0.141621
1105.296000 0.154095
1106.406000 0.107122
1107.417000 0.133952
1108.486000 0.157748
1109.717000 0.167366
1110.718000 0.141819
1111.776000 0.092935
1112.777000 0.156014
1113.778000 0.148151
1114.908000 0.112196
1115.917000 0.148245
1116.926000 0.155023
1118.126000 0.113865
1119.127000 0.133920
1120.247000 0.117673
1121.426000 0.109908
1122.446000 0.116879
1123.686000 0.101522
1124.926000 0.099235
1125.927000 0.152261
1126.936000 0.133279
1127.956000 0.133976
1129.126000 0.110844
1130.137000 0.136713
1131.147000 0.146810
1132.175000 0.099649
1133.186000 0.062243
1134.187000 0.106320
1135.276000 0.125996
1136.286000 0.146289
1137.296000 0.112512
1138.306000 0.157469
1139.309000 0.112418
1140.315000 0.141686
1141.336000 0.105082
1142.486000 0.109830
1143.647000 0.119685
1144.847000 0.106665
1145.868000 0.097406
1146.885000 0.070774
1147.906000 0.046985
1148.911000 0.071724
1150.016000 0.114839
1151.216000 0.145291
1152.256000 0.121639
1153.267000 0.121462
1154.276000 0.125035
1155.277000 0.130046
1156.286000 0.126124
1157.295000 0.120881
1158.385000 0.137180
1159.595000 0.114427
1160.805000 0.129060
1161.936000 0.111022
1163.156000 0.115361
1164.166000 0.131430
1165.168000 0.113870
1166.175000 0.110051
1167.226000 0.136839
1168.227000 0.149537
1169.276000 0.149096
1170.335000 0.141792
1171.336000 0.144607
1172.375000 0.143225
1173.515000 0.158345
1174.526000 0.128103
1175.535000 0.124392
1176.536000 0.162189
1177.706000 0.122345
1178.746000 0.176187
1179.747000 0.227117
1180.755000 0.156037
1181.756000 0.154101
1183.085000 0.067767
1184.086000 0.127893
1185.090000 0.117871
1186.064000 0.130406
