0.000000 0.182215
1.008000 0.291786
2.148000 0.118302
3.149000 0.145572
4.158000 0.140248
5.298000 0.124206
6.308000 0.122040
7.318000 0.159610
8.328000 0.163766
9.338000 0.140667
10.348000 0.191810
11.418000 0.151374
12.478000 0.221926
13.479000 0.237257
14.528000 0.150882
15.538000 0.218387
16.567000 0.151363
17.577000 0.161180
18.587000 0.111744
19.797000 0.125283
20.799000 0.152140
21.807000 0.117494
22.828000 0.081895
23.858000 0.111565
24.859000 0.092980
25.868000 0.131377
26.897000 0.128865
27.907000 0.083921
28.927000 0.072424
29.928000 0.088557
30.938000 0.146235
31.948000 0.117341
32.957000 0.128876
34.138000 0.103569
35.147000 0.131512
36.167000 0.087385
37.177000 0.101436
38.197000 0.068726
39.208000 0.031122
40.209000 0.210983
41.218000 0.167040
42.407000 0.140759
43.828000 0.139078
44.837000 0.170445
45.838000 0.156741
46.847000 0.139919
47.858000 0.114798
48.867000 0.121178
49.958000 0.136072
50.967000 0.152558
51.968000 0.065600
52.977000 0.132644
54.107000 0.086778
55.127000 0.119148
56.128000 0.115923
57.138000 0.113965
58.147000 0.115355
59.157000 0.124765
60.217000 0.086030
61.227000 0.140794
62.267000 0.157760
63.277000 0.162781
64.278000 0.157551
65.279000 0.179820
66.287000 0.203614
67.289000 0.165223
68.297000 0.197747
69.298000 0.183012
70.307000 0.195217
71.308000 0.164966
72.518000 0.169055
73.527000 0.224113
74.528000 0.220304
75.537000 0.163115
76.546000 0.137389
77.597000 0.108825
78.707000 0.143541
79.807000 0.149684
80.818000 0.211268
81.819000 0.224442
82.820000 0.222191
83.877000 0.194767
84.878000 0.218561
85.879000 0.166874
86.887000 0.176500
88.046000 0.079568
89.047000 0.100666
90.066000 0.120985
91.067000 0.083365
92.076000 0.099363
93.077000 0.117123
94.078000 0.159896
95.097000 0.106729
96.116000 0.109576
97.147000 0.126624
98.196000 0.052164
99.901000 0.009609
101.197000 0.051771
102.207000 0.107432
103.226000 0.080550
104.227000 0.063063
105.257000 0.097738
106.278000 0.084411
107.296000 0.063410
108.336000 0.081554
109.877000 0.014483
110.899000 0.030787
111.906000 0.084226
112.907000 0.115890
113.914000 0.110866
114.927000 0.102634
116.076000 0.055295
117.096000 0.054988
118.106000 0.054178
119.146000 0.055246
120.286000 0.033600
121.697000 0.007756
122.706000 0.084946
123.717000 0.101484
124.736000 0.060406
125.742000 0.088633
126.756000 0.088951
127.757000 0.070402
128.986000 0.082209
130.006000 0.088518
131.016000 0.089380
132.206000 0.060546
133.207000 0.152201
134.216000 0.127549
135.466000 0.112193
136.476000 0.075925
137.496000 0.054419
138.536000 0.074977
140.286000 0.020503
141.295000 0.081348
142.356000 0.053057
143.516000 0.033021
144.707000 0.112985
145.816000 0.080180
146.856000 0.073304
148.156000 0.057877
149.166000 0.077204
150.186000 0.033220
151.187000 0.073798
152.196000 0.134386
153.197000 0.148531
154.216000 0.141367
155.226000 0.145265
156.236000 0.146641
157.241000 0.151975
158.356000 0.179527
159.366000 0.152660
160.376000 0.196000
161.456000 0.154722
162.457000 0.185828
163.507000 0.126301
164.516000 0.172808
165.625000 0.159496
166.646000 0.185271
167.675000 0.146429
168.676000 0.223678
169.745000 0.129816
170.796000 0.165284
171.816000 0.149550
172.886000 0.136286
173.906000 0.160094
174.918000 0.047312
175.975000 0.062765
176.996000 0.141901
178.006000 0.168760
179.015000 0.156374
180.016000 0.177849
181.105000 0.127078
182.106000 0.146814
183.115000 0.094558
184.126000 0.164514
185.296000 0.144865
186.305000 0.188005
187.365000 0.140233
188.499000 0.185034
189.505000 0.249027
190.565000 0.186356
192.085000 0.148036
193.086000 0.224645
194.096000 0.207444
195.105000 0.255373
196.117000 0.177694
197.296000 0.168427
198.306000 0.188806
199.316000 0.165251
200.506000 0.150395
201.515000 0.208831
202.516000 0.154612
203.625000 0.160596
204.636000 0.175576
205.656000 0.146219
206.666000 0.162095
208.155000 0.105225
209.156000 0.138030
210.164000 0.168752
211.355000 0.151358
212.365000 0.169074
213.375000 0.128521
214.385000 0.133793
215.394000 0.098472
216.405000 0.106896
217.414000 0.081208
218.415000 0.122997
219.425000 0.061553
220.435000 0.050115
221.436000 0.081998
222.445000 0.050403
223.455000 0.062305
224.475000 0.071082
225.484000 0.057000
226.506000 0.063006
227.525000 0.079207
228.535000 0.059045
229.544000 0.086771
230.614000 0.078820
231.624000 0.074495
232.644000 0.059305
233.835000 0.070982
234.845000 0.101584
235.854000 0.068428
236.875000 0.101453
237.884000 0.064678
239.104000 0.074124
240.105000 0.083529
241.114000 0.054046
242.215000 0.040312
243.234000 0.051015
244.244000 0.044697
245.284000 0.032162
246.314000 0.051798
247.324000 0.053539
248.335000 0.064950
249.344000 0.048809
250.354000 0.048760
251.374000 0.036834
252.404000 0.051798
253.424000 0.063035
254.594000 0.056342
255.614000 0.069741
256.635000 0.069745
257.774000 0.089353
258.784000 0.111065
259.804000 0.039567
260.824000 0.081812
261.844000 0.063277
262.864000 0.099247
263.884000 0.053035
264.915000 0.082266
265.944000 0.047144
266.994000 0.002606
268.024000 0.023907
269.076000 0.052015
270.104000 0.052956
271.305000 0.030754
272.324000 0.077865
273.334000 0.045861
274.354000 0.050965
275.374000 0.040235
276.584000 0.030946
277.603000 0.021480
278.624000 0.036176
279.714000 0.040161
280.723000 0.021693
281.745000 0.021417
282.754000 0.013404
283.783000 0.022601
284.784000 0.069698
285.794000 0.045710
286.815000 0.107189
287.824000 0.068538
288.854000 0.070638
289.864000 0.074495
290.874000 0.061370
292.074000 0.074003
293.083000 0.078636
294.093000 0.047845
295.104000 0.047359
296.164000 0.023230
297.181000 0.009416
298.194000 0.036746
299.204000 0.051469
300.224000 0.045620
308.859000 0.007446
309.900000 0.040322
310.909000 0.095212
311.911000 0.144840
312.939000 0.142510
314.159000 0.127199
315.169000 0.142319
316.409000 0.090380
317.519000 0.137394
318.529000 0.149313
319.539000 0.161402
320.748000 0.145648
321.759000 0.152045
322.969000 0.133844
323.970000 0.161081
325.083000 0.125064
326.329000 0.136966
327.330000 0.164072
328.339000 0.163681
329.341000 0.154125
330.518000 0.130010
331.519000 0.149113
332.918000 0.127546
333.928000 0.071857
334.929000 0.104120
335.938000 0.117800
336.949000 0.112891
337.999000 0.121690
339.008000 0.075557
340.178000 0.105650
341.249000 0.126188
342.269000 0.173601
343.418000 0.155536
344.419000 0.202518
345.428000 0.205724
346.429000 0.190860
347.439000 0.190815
348.440000 0.135555
349.458000 0.222105
350.609000 0.112451
351.619000 0.168668
352.749000 0.171840
353.868000 0.179740
354.869000 0.206318
355.878000 0.168833
357.038000 0.178747
358.040000 0.221615
359.049000 0.163610
360.108000 0.161982
361.119000 0.142294
362.128000 0.129183
363.146000 0.094981
364.148000 0.139950
365.158000 0.101071
366.168000 0.121701
367.179000 0.181487
368.220000 0.123448
369.248000 0.051949
370.249000 0.067856
371.268000 0.107016
372.278000 0.124310
373.279000 0.114267
374.288000 0.077280
375.659000 0.031949
376.661000 0.090588
377.858000 0.146542
378.868000 0.191110
379.878000 0.134056
380.888000 0.173694
381.898000 0.160503
382.918000 0.174338
383.928000 0.203566
385.098000 0.157021
386.138000 0.153523
387.140000 0.169468
388.148000 0.174117
389.158000 0.198747
390.168000 0.184044
391.387000 0.133679
392.408000 0.157740
393.428000 0.203722
394.438000 0.193118
395.448000 0.172789
396.668000 0.175175
397.678000 0.193609
398.688000 0.218965
399.887000 0.167969
400.888000 0.213236
401.898000 0.209628
402.908000 0.209726
403.918000 0.148018
404.928000 0.159604
406.118000 0.138229
407.128000 0.204470
408.387000 0.170830
409.388000 0.233481
410.667000 0.127662
411.668000 0.189263
412.678000 0.144258
413.739000 0.063856
414.747000 0.025786
416.553000 0.009072
417.558000 0.145462
418.567000 0.066434
419.597000 0.054679
420.797000 0.069835
421.827000 0.034532
422.847000 0.083847
423.967000 0.055969
424.977000 0.084100
425.987000 0.087663
427.007000 0.092747
428.017000 0.112420
429.027000 0.091950
430.049000 0.097665
431.188000 0.064385
432.197000 0.104500
433.207000 0.048295
434.218000 0.051418
435.219000 0.055559
436.241000 0.083793
437.436000 0.103922
438.466000 0.062423
439.467000 0.056032
440.487000 0.062428
441.507000 0.034871
442.656000 0.020240
443.686000 0.028857
444.707000 0.045555
445.727000 0.040271
446.747000 0.063035
447.757000 0.059856
448.877000 0.075791
449.956000 0.105715
451.017000 0.100569
452.037000 0.061694
453.047000 0.094753
454.247000 0.070463
455.417000 0.039754
456.677000 0.060815
457.739000 0.021898
458.747000 0.036643
459.886000 0.032091
460.887000 0.038266
461.907000 0.046941
462.946000 0.039845
463.986000 0.029036
464.996000 0.040634
466.007000 0.057460
467.146000 0.086601
468.437000 0.069986
469.448000 0.063596
470.536000 0.087288
471.556000 0.086204
472.566000 0.077765
473.846000 0.082378
474.847000 0.053299
475.856000 0.062367
476.886000 0.057111
478.136000 0.029902
479.157000 0.058954
480.166000 0.045295
481.287000 0.051238
482.296000 0.067790
483.306000 0.046857
484.316000 0.048875
485.326000 0.062907
486.346000 0.066634
487.376000 0.064757
488.386000 0.058516
489.396000 0.065721
490.416000 0.079555
491.436000 0.082104
492.446000 0.064491
493.467000 0.078179
494.527000 0.073117
495.556000 0.033153
496.566000 0.051486
497.596000 0.057111
498.606000 0.036501
499.626000 0.045518
500.627000 0.071376
501.636000 0.070802
502.796000 0.055179
503.816000 0.073731
504.846000 0.052891
505.856000 0.051649
506.866000 0.062305
507.886000 0.054522
508.966000 0.061776
509.976000 0.078558
511.046000 0.050499
512.050000 0.044513
513.056000 0.070906
514.076000 0.071589
515.097000 0.077712
516.115000 0.055096
517.146000 0.038966
518.156000 0.052725
519.266000 0.065225
520.306000 0.070368
521.495000 0.079799
522.507000 0.087457
523.515000 0.085184
524.526000 0.088640
525.536000 0.063150
526.545000 0.043237
527.576000 0.041595
528.606000 0.062423
529.616000 0.058242
530.645000 0.021280
531.696000 0.027334
532.735000 0.031600
533.765000 0.042501
534.775000 0.031574
535.795000 0.042918
536.825000 0.039845
538.026000 0.022504
539.056000 0.047814
540.235000 0.031328
541.245000 0.021671
542.265000 0.017815
543.285000 0.032188
544.295000 0.037925
545.326000 0.037914
546.425000 0.049367
547.435000 0.081267
548.455000 0.061354
549.465000 0.071786
550.476000 0.052547
551.495000 0.047033
552.505000 0.043426
553.526000 0.083071
554.545000 0.032790
555.585000 0.040777
556.615000 0.030577
557.635000 0.033175
558.666000 0.023884
559.695000 0.030577
560.725000 0.026563
561.736000 0.021490
562.865000 0.002208
564.106000 0.008819
565.725000 0.000845
566.735000 0.040634
567.745000 0.028444
568.825000 0.021506
569.845000 0.009150
570.955000 0.006162
572.022000 0.019231
573.025000 0.051829
574.275000 0.054293
575.295000 0.063035
576.305000 0.050115
577.325000 0.043027
578.365000 0.023677
579.445000 0.019000
580.485000 0.032885
581.985000 0.013680
582.995000 0.036570
584.005000 0.023897
585.035000 0.043829
586.055000 0.050965
587.315000 0.045645
588.426000 0.056692
589.445000 0.098637
590.473000 0.125089
591.474000 0.089613
592.515000 0.048367
593.525000 0.042030
594.555000 0.034532
595.744000 0.031261
596.755000 0.047359
598.055000 0.036264
599.065000 0.086685
600.145000 0.073316
601.154000 0.097617
602.165000 0.083830
603.174000 0.070501
604.185000 0.050470
605.234000 0.087375
606.235000 0.079433
607.244000 0.054119
608.245000 0.099764
609.254000 0.084521
610.255000 0.094549
611.324000 0.090701
612.325000 0.116164
613.345000 0.085092
614.355000 0.090620
615.385000 0.096691
616.394000 0.047363
617.595000 0.089215
618.765000 0.115506
619.785000 0.126212
620.794000 0.145975
621.795000 0.162005
622.804000 0.163663
623.805000 0.147973
624.815000 0.159904
625.834000 0.121603
626.855000 0.044215
627.914000 0.059422
628.935000 0.048215
629.944000 0.100429
630.945000 0.081525
631.954000 0.087510
633.105000 0.097382
634.294000 0.103178
635.394000 0.108471
636.604000 0.120909
637.694000 0.134785
638.754000 0.123029
639.764000 0.130028
640.774000 0.094589
641.794000 0.088816
642.824000 0.077033
644.205000 0.024904
645.294000 0.032661
646.334000 0.013154
647.394000 0.010325
648.494000 0.008705
650.434000 0.000705
652.444000 0.011570
683.151000 0.000045
684.410000 0.003260
687.531000 0.000694
688.831000 0.002105
693.142000 0.001904
694.268000 0.002430
695.930000 0.001646
697.089000 0.001180
698.192000 0.002481
700.630000 0.001683
702.092000 0.000936
711.455000 0.000146
712.475000 0.010729
713.516000 0.023654
714.556000 0.013154
715.557000 0.012300
716.637000 0.008867
717.718000 0.016451
718.773000 0.020747
719.775000 0.012287
721.676000 0.006861
722.733000 0.012942
723.814000 0.011389
724.832000 0.008063
725.876000 0.007862
727.035000 0.008262
728.074000 0.007900
729.141000 0.010257
730.156000 0.012130
731.254000 0.011213
732.274000 0.010729
733.336000 0.007729
734.373000 0.010204
735.416000 0.011804
736.496000 0.007600
737.657000 0.008248
738.754000 0.006235
739.874000 0.013436
741.056000 0.010416
742.076000 0.008047
743.115000 0.010533
744.194000 0.010143
745.335000 0.004646
746.355000 0.009388
747.476000 0.009763
748.496000 0.010729
749.576000 0.008867
750.656000 0.011400
751.695000 0.011850
752.735000 0.010523
756.846000 0.003985
757.856000 0.025761
758.914000 0.011637
759.915000 0.012300
761.236000 0.007249
762.315000 0.010143
763.516000 0.005695
764.735000 0.006733
765.934000 0.005705
767.038000 0.006196
768.154000 0.006129
769.395000 0.005512
773.536000 0.000991
774.778000 0.016522
778.113000 0.002293
779.432000 0.003111
780.794000 0.004018
782.095000 0.004206
783.213000 0.004894
784.334000 0.004881
785.614000 0.005344
786.794000 0.005797
788.073000 0.005348
789.134000 0.005157
790.514000 0.003965
791.636000 0.003658
792.674000 0.003954
793.713000 0.005267
794.834000 0.003661
809.815000 0.000183
814.438000 0.000592
815.976000 0.004447
817.156000 0.005797
818.535000 0.003968
819.993000 0.004691
821.156000 0.004705
822.918000 0.006988
825.117000 0.003950
826.174000 0.012942
827.315000 0.009592
828.358000 0.009181
829.413000 0.019450
830.415000 0.017749
831.454000 0.014483
832.713000 0.016299
833.714000 0.016941
834.873000 0.000971
835.916000 0.018362
836.954000 0.019769
837.956000 0.019114
838.976000 0.017435
839.997000 0.014738
841.095000 0.012459
842.217000 0.013412
844.736000 0.006391
845.876000 0.008400
846.914000 0.011861
847.956000 0.014441
849.177000 0.019047
850.397000 0.017941
851.456000 0.021960
852.538000 0.016436
853.576000 0.019769
854.578000 0.008030
855.709000 0.013305
856.717000 0.019000
857.795000 0.022842
858.857000 0.015458
859.877000 0.017435
860.937000 0.021940
861.956000 0.020137
862.976000 0.007941
864.042000 0.019250
865.095000 0.019487
866.133000 0.019769
867.213000 0.017750
868.295000 0.012643
869.338000 0.014428
870.376000 0.018451
871.414000 0.018451
872.576000 0.019636
874.234000 0.011040
875.314000 0.013933
876.357000 0.013116
877.395000 0.013179
878.416000 0.014738
879.436000 0.018776
880.437000 0.019133
881.517000 0.015200
882.717000 0.010106
883.798000 0.020248
884.878000 0.019000
885.898000 0.014753
886.998000 0.016167
888.015000 0.016142
889.079000 0.016714
890.296000 0.011864
891.297000 0.019133
892.339000 0.015754
893.340000 0.016400
894.357000 0.017487
895.413000 0.020727
896.535000 0.015850
897.957000 0.014187
898.996000 0.015800
900.016000 0.020118
901.036000 0.013412
902.116000 0.015200
903.274000 0.018902
904.379000 0.018570
905.656000 0.015141
906.675000 0.014767
907.738000 0.020591
908.795000 0.019413
910.018000 0.013423
911.275000 0.020678
912.314000 0.022383
913.556000 0.007754
914.575000 0.025507
915.595000 0.018776
916.634000 0.018433
917.635000 0.019133
918.734000 0.011634
919.893000 0.008262
921.055000 0.011773
922.076000 0.009379
923.115000 0.009217
924.195000 0.011400
925.275000 0.011400
926.336000 0.012893
927.374000 0.004673
928.653000 0.009626
929.793000 0.009600
930.975000 0.010416
932.074000 0.013692
933.093000 0.010740
934.294000 0.005695
935.913000 0.008355
937.173000 0.007600
938.433000 0.007600
939.476000 0.010493
940.616000 0.012000
941.913000 0.007383
943.137000 0.004471
944.372000 0.012185
945.536000 0.006935
946.591000 0.010373
947.635000 0.010483
948.734000 0.011203
949.916000 0.009259
951.272000 0.010088
952.455000 0.008095
953.913000 0.004453
954.994000 0.013920
956.041000 0.010453
957.195000 0.011854
958.196000 0.006833
959.516000 0.005182
960.692000 0.008143
961.795000 0.008682
963.092000 0.005274
964.273000 0.004633
966.792000 0.001996
967.833000 0.002631
968.994000 0.004713
970.112000 0.004894
971.177000 0.008992
974.537000 0.001221
975.778000 0.004409
977.158000 0.006939
978.220000 0.006441
979.397000 0.005811
980.500000 0.007442
982.277000 0.003079
983.440000 0.010586
984.617000 0.005811
985.778000 0.009426
987.839000 0.001547
989.158000 0.007260
990.376000 0.007862
991.557000 0.005792
993.178000 0.005064
994.257000 0.006339
995.277000 0.004024
996.377000 0.003731
997.419000 0.006564
998.439000 0.006706
999.699000 0.006514
1000.875000 0.008143
1001.980000 0.007428
1003.059000 0.006339
1004.079000 0.008047
1005.158000 0.006339
1006.437000 0.003138
1007.536000 0.008713
1008.638000 0.007448
1009.737000 0.007469
1010.798000 0.007736
1011.878000 0.007600
1012.995000 0.007348
1014.038000 0.006558
1021.152000 0.002303
1022.356000 0.026213
1023.377000 0.005359
1024.539000 0.005886
1025.558000 0.006712
1026.718000 0.007076
1027.778000 0.006453
1029.037000 0.005433
1030.080000 0.005246
1031.378000 0.005270
1032.416000 0.005272
1034.242000 0.002248
1035.296000 0.010383
1036.478000 0.005787
1037.558000 0.005067
1038.638000 0.005067
1039.676000 0.006590
1041.135000 0.002330
1042.197000 0.007729
1043.458000 0.005424
1044.517000 0.007751
1045.815000 0.004216
1046.919000 0.004957
1049.097000 0.004397
1050.195000 0.007475
1051.197000 0.005461
1052.378000 0.005498
1053.417000 0.001083
1054.418000 0.005467
1055.834000 0.004831
1056.836000 0.005461
1058.156000 0.005182
1059.161000 0.005445
1060.678000 0.005414
1061.715000 0.006596
1062.776000 0.007736
1063.837000 0.006447
1065.436000 0.008555
1067.018000 0.005188
1068.056000 0.006590
1069.395000 0.007152
1071.734000 0.001593
1073.018000 0.004262
1074.158000 0.003600
1075.215000 0.005177
1076.257000 0.002626
1077.435000 0.004645
1078.516000 0.006327
1079.534000 0.006719
1080.796000 0.004336
1081.858000 0.006441
1082.999000 0.007194
1084.017000 0.005375
1085.174000 0.005912
1086.236000 0.006441
1087.694000 0.002815
1088.876000 0.006944
1089.895000 0.001342
