0.000000 0.160703
1.008000 0.211714
2.019000 0.226532
3.027000 0.224492
4.040000 0.272790
5.047000 0.236941
6.059000 0.281170
7.060000 0.221962
8.080000 0.205757
9.088000 0.266000
10.108000 0.258063
11.120000 0.250079
12.127000 0.216564
13.152000 0.231672
14.159000 0.275774
15.160000 0.216496
16.168000 0.289071
17.188000 0.216486
18.192000 0.204948
19.200000 0.290429
20.207000 0.194828
21.208000 0.229594
22.227000 0.209986
23.231000 0.265697
24.240000 0.225625
25.247000 0.217923
26.260000 0.280892
27.284000 0.253047
28.379000 0.236639
29.380000 0.269227
30.400000 0.236604
31.408000 0.279571
32.420000 0.249289
33.428000 0.263849
34.440000 0.291984
35.447000 0.192111
36.460000 0.242626
37.468000 0.241231
38.480000 0.183054
39.488000 0.228000
40.492000 0.203586
41.500000 0.222571
42.519000 0.216699
43.539000 0.244094
44.548000 0.232404
45.647000 0.234533
46.648000 0.169463
47.668000 0.190447
48.696000 0.100358
49.700000 0.106279
50.708000 0.176429
51.716000 0.149849
52.720000 0.216645
53.727000 0.212489
54.739000 0.250079
55.740000 0.200096
56.748000 0.238857
57.759000 0.143992
58.768000 0.196591
59.779000 0.162936
60.800000 0.132646
61.808000 0.133000
62.827000 0.105272
63.828000 0.144863
64.839000 0.138018
65.840000 0.109898
66.860000 0.093882
67.867000 0.085585
68.868000 0.124364
69.880000 0.111407
70.887000 0.175245
71.899000 0.191162
72.900000 0.233694
73.907000 0.193470
74.908000 0.259660
75.919000 0.204882
76.920000 0.221395
77.948000 0.132296
78.952000 0.149880
80.119000 0.200939
81.120000 0.204995
82.239000 0.181441
83.240000 0.217295
84.248000 0.198706
85.256000 0.229357
86.459000 0.143754
87.460000 0.172196
88.471000 0.150196
89.480000 0.100892
90.488000 0.105857
91.700000 0.071109
92.708000 0.046143
94.060000 0.031367
95.068000 0.065143
96.099000 0.052299
97.107000 0.158786
98.119000 0.181138
99.120000 0.157730
100.127000 0.194264
101.140000 0.163964
102.148000 0.192714
103.160000 0.168182
104.167000 0.183396
105.180000 0.168806
106.188000 0.129492
107.199000 0.148843
108.200000 0.150330
109.208000 0.128135
110.219000 0.159668
111.220000 0.152264
112.228000 0.180500
113.239000 0.171846
114.248000 0.144278
115.260000 0.155455
116.299000 0.144062
117.300000 0.138030
118.308000 0.154714
119.312000 0.158622
120.320000 0.180500
121.328000 0.181401
122.347000 0.144656
123.348000 0.232328
124.360000 0.199273
125.367000 0.224151
126.368000 0.187796
127.528000 0.202152
128.548000 0.177035
129.567000 0.162442
130.568000 0.141332
131.572000 0.167594
132.580000 0.152000
133.600000 0.127969
134.620000 0.148871
135.627000 0.137772
136.628000 0.143497
137.648000 0.159600
138.659000 0.166995
139.667000 0.173714
140.779000 0.150597
141.780000 0.173562
142.787000 0.180679
143.792000 0.140768
144.800000 0.219857
145.808000 0.160706
146.820000 0.216285
147.828000 0.172921
148.839000 0.213792
149.840000 0.185063
150.848000 0.211714
151.859000 0.194057
152.868000 0.229130
153.880000 0.177644
154.887000 0.220075
155.888000 0.170030
156.900000 0.229802
157.920000 0.195027
158.928000 0.228000
159.948000 0.176251
160.959000 0.200261
162.107000 0.143491
163.108000 0.161263
164.119000 0.158315
165.120000 0.101698
166.128000 0.166929
167.148000 0.147529
168.160000 0.106000
169.168000 0.161500
170.180000 0.175731
171.188000 0.152563
172.208000 0.181059
173.220000 0.139794
174.240000 0.187765
175.319000 0.174221
176.331000 0.120308
177.348000 0.208496
178.360000 0.161423
179.380000 0.203859
180.388000 0.171563
181.400000 0.214933
182.407000 0.145923
183.420000 0.183660
184.428000 0.184571
185.440000 0.145202
186.448000 0.168286
187.459000 0.166995
188.467000 0.241571
189.479000 0.151960
190.480000 0.118897
191.488000 0.086857
192.508000 0.107294
193.531000 0.071429
194.548000 0.157381
