0.000000 0.236580
1.001000 0.333055
2.039000 0.099642
3.050000 0.190741
4.051000 0.126132
5.250000 0.141408
6.251000 0.188378
7.259000 0.184446
8.260000 0.171109
9.319000 0.192133
10.320000 0.239541
11.321000 0.251407
12.409000 0.188365
13.421000 0.241525
14.431000 0.256561
15.521000 0.198281
16.530000 0.313189
17.531000 0.170991
18.540000 0.253655
19.541000 0.236618
20.559000 0.245847
21.560000 0.231019
22.571000 0.230457
23.580000 0.247677
24.601000 0.237125
25.602000 0.260083
26.603000 0.252871
27.610000 0.244890
28.650000 0.262645
29.801000 0.238024
30.880000 0.250525
31.981000 0.260270
32.982000 0.250644
33.990000 0.275670
34.991000 0.252759
36.000000 0.251508
37.001000 0.246411
38.011000 0.292562
39.012000 0.238217
40.021000 0.227591
41.160000 0.227989
42.170000 0.285790
43.180000 0.237563
44.181000 0.247361
47.830000 0.031866
48.832000 0.113658
49.840000 0.314694
50.890000 0.268373
51.891000 0.392575
52.893000 0.316936
53.900000 0.372089
54.940000 0.343350
55.941000 0.425747
56.951000 0.310337
57.953000 0.347328
59.080000 0.299815
60.160000 0.322920
61.200000 0.356764
62.201000 0.388814
63.250000 0.425926
64.251000 0.414567
65.252000 0.384408
66.261000 0.401783
67.271000 0.288499
68.272000 0.266098
69.291000 0.252192
70.501000 0.225725
71.502000 0.295193
72.510000 0.234260
73.511000 0.265127
74.521000 0.199544
75.531000 0.182851
76.540000 0.170831
77.551000 0.141500
78.552000 0.142130
79.561000 0.155982
80.721000 0.200378
81.911000 0.334101
82.941000 0.312715
83.951000 0.363543
84.961000 0.391438
85.962000 0.318998
86.970000 0.158966
87.971000 0.257078
89.031000 0.277566
90.171000 0.269890
91.281000 0.278621
92.391000 0.301996
93.401000 0.306107
94.402000 0.299586
95.411000 0.369169
96.421000 0.355623
97.422000 0.300058
98.423000 0.392519
99.424000 0.287772
100.571000 0.262202
101.581000 0.308816
102.771000 0.172329
103.783000 0.293336
104.791000 0.179143
105.801000 0.090240
106.821000 0.084494
107.831000 0.131382
108.851000 0.160941
110.031000 0.114125
111.041000 0.125964
112.211000 0.153464
113.301000 0.151861
114.311000 0.177434
115.322000 0.141518
116.401000 0.153188
117.421000 0.186424
118.441000 0.154003
119.453000 0.196008
120.671000 0.120962
121.672000 0.120264
122.691000 0.116797
123.841000 0.067999
124.892000 0.282885
125.902000 0.315738
127.082000 0.286870
128.131000 0.282031
129.141000 0.215648
130.432000 0.091129
131.439000 0.218152
132.462000 0.117677
133.471000 0.132868
134.472000 0.124954
135.473000 0.169463
136.481000 0.151001
137.483000 0.249844
138.491000 0.146016
139.521000 0.087658
140.551000 0.061095
141.558000 0.142642
142.562000 0.218523
143.642000 0.290181
144.842000 0.228593
145.843000 0.143923
146.852000 0.225423
147.872000 0.219935
148.892000 0.238729
149.901000 0.165479
150.902000 0.167913
151.912000 0.146281
152.922000 0.152772
153.932000 0.198715
154.941000 0.214216
155.942000 0.165640
156.953000 0.176768
157.972000 0.165127
158.982000 0.138565
159.992000 0.115129
161.002000 0.102269
162.022000 0.181059
163.024000 0.226166
164.032000 0.278882
165.042000 0.241519
166.062000 0.233365
167.063000 0.246638
168.072000 0.295670
169.074000 0.317356
170.075000 0.383630
171.082000 0.310853
172.084000 0.187122
173.092000 0.222571
174.102000 0.165991
175.123000 0.254574
176.132000 0.231641
177.142000 0.265473
178.152000 0.229711
179.153000 0.296559
180.155000 0.265717
181.162000 0.267879
182.163000 0.267914
183.173000 0.282257
184.175000 0.277794
185.182000 0.234655
186.183000 0.274693
187.184000 0.249762
188.193000 0.292852
189.282000 0.283624
190.293000 0.330160
191.302000 0.271208
192.502000 0.270295
193.513000 0.377519
195.993000 0.103820
197.002000 0.720311
198.003000 0.245994
199.102000 0.229739
200.103000 0.274693
201.104000 0.201676
202.112000 0.219857
203.123000 0.210881
204.133000 0.240378
205.143000 0.284436
206.153000 0.138235
207.202000 0.074334
208.213000 0.020297
209.215000 0.206395
210.223000 0.187286
211.238000 0.242614
212.363000 0.274154
213.364000 0.300659
214.373000 0.258803
215.374000 0.251960
216.375000 0.232123
217.383000 0.282213
218.395000 0.254118
219.397000 0.274827
220.403000 0.282008
221.583000 0.337972
222.584000 0.311659
223.593000 0.304227
224.603000 0.333910
225.613000 0.254638
226.623000 0.230257
227.634000 0.132032
228.635000 0.176296
229.642000 0.119547
230.654000 0.179964
231.655000 0.275016
232.783000 0.313145
233.794000 0.273329
234.803000 0.129853
235.823000 0.101929
236.853000 0.047814
237.854000 0.206362
238.863000 0.256268
239.874000 0.291263
240.875000 0.307388
241.883000 0.325060
242.884000 0.218661
243.894000 0.171732
245.035000 0.334897
246.036000 0.397690
247.053000 0.143929
248.056000 0.169367
249.283000 0.171697
250.394000 0.058528
251.435000 0.345123
252.436000 0.520971
253.439000 0.418008
254.444000 0.401553
255.445000 0.420133
256.446000 0.427752
257.474000 0.346752
258.513000 0.396494
259.514000 0.401405
260.515000 0.490290
261.614000 0.344240
262.615000 0.375687
263.616000 0.416771
264.943000 0.270745
265.945000 0.307186
266.946000 0.427536
267.948000 0.390214
268.949000 0.420380
269.951000 0.265506
270.955000 0.423529
271.956000 0.530918
272.957000 0.515183
273.958000 0.441792
274.961000 0.711960
275.962000 0.487997
277.154000 0.435580
278.604000 0.133004
279.643000 0.771144
280.655000 0.317668
281.665000 0.368412
282.674000 0.333389
283.675000 0.520687
284.676000 0.386148
285.677000 0.454260
286.685000 0.531289
287.695000 0.495731
288.696000 0.385310
289.704000 0.357017
290.705000 0.453722
291.707000 0.335303
292.714000 0.335457
293.715000 0.359991
294.716000 0.452356
295.717000 0.357704
296.725000 0.342898
297.744000 0.531627
298.745000 0.440163
299.925000 0.057966
300.936000 0.872265
301.937000 0.352591
302.944000 0.528453
303.955000 0.430476
304.965000 0.321006
305.974000 0.328103
306.984000 0.252039
307.985000 0.291093
308.986000 0.259624
309.996000 0.230257
311.004000 0.114722
312.006000 0.136527
313.024000 0.146475
314.236000 0.054178
315.294000 0.072408
316.304000 0.028000
317.324000 0.103271
318.325000 0.220028
319.375000 0.104173
320.378000 0.253687
321.514000 0.213299
322.515000 0.247361
323.525000 0.197437
324.536000 0.286861
325.545000 0.244785
326.546000 0.321159
327.555000 0.250950
328.556000 0.261744
329.565000 0.284718
330.566000 0.221877
331.575000 0.271160
332.585000 0.170821
333.590000 0.212346
334.595000 0.184951
335.605000 0.215617
336.615000 0.230899
337.625000 0.261554
338.677000 0.266437
339.865000 0.282645
340.935000 0.260038
342.146000 0.228820
343.155000 0.257602
344.165000 0.177882
345.255000 0.135544
346.256000 0.200895
347.265000 0.139660
348.276000 0.123134
349.284000 0.130286
350.295000 0.098777
351.296000 0.094282
352.305000 0.181677
353.306000 0.119597
354.316000 0.143023
355.325000 0.105049
356.345000 0.116682
357.375000 0.033204
358.455000 0.009345
359.645000 0.031039
360.665000 0.054988
361.676000 0.054125
362.685000 0.059655
363.705000 0.049965
364.715000 0.047406
365.725000 0.054178
366.765000 0.045387
367.775000 0.065014
368.795000 0.061526
369.796000 0.098398
370.805000 0.091694
371.806000 0.112313
372.815000 0.137664
373.816000 0.132750
374.825000 0.155151
375.835000 0.144798
376.846000 0.131601
377.855000 0.123951
378.856000 0.119351
379.885000 0.093061
380.886000 0.094695
381.905000 0.088970
382.926000 0.087091
383.927000 0.079197
384.936000 0.074341
385.966000 0.100940
386.975000 0.084605
387.976000 0.102734
389.165000 0.068815
390.656000 0.046793
391.676000 0.050965
392.686000 0.016198
393.806000 0.002443
410.292000 0.000581
411.462000 0.059631
414.102000 0.000518
415.132000 0.023156
415.864000 0.074754
