0.000000 0.337558
1.001000 0.451556
2.002000 0.523189
3.003000 0.595053
4.050000 0.525028
5.051000 0.618286
6.052000 0.589586
7.053000 0.549155
8.069000 0.597039
9.070000 0.545055
10.071000 0.611453
11.149000 0.531503
12.150000 0.563620
13.151000 0.545854
14.250000 0.480269
15.260000 0.455659
16.261000 0.534918
17.262000 0.517158
18.269000 0.518149
19.270000 0.431624
20.280000 0.485457
21.290000 0.473267
22.295000 0.528708
23.299000 0.452932
24.339000 0.473315
25.449000 0.370241
26.459000 0.405545
27.460000 0.476156
28.461000 0.372292
29.469000 0.459278
30.470000 0.515788
31.471000 0.489822
32.472000 0.467956
33.519000 0.466231
34.520000 0.526721
35.521000 0.584120
36.561000 0.510146
37.569000 0.483706
38.570000 0.439257
39.571000 0.435157
40.579000 0.406349
41.581000 0.377381
42.582000 0.379125
43.583000 0.384591
44.589000 0.338600
45.590000 0.343592
46.598000 0.327635
47.599000 0.347692
48.604000 0.280971
49.639000 0.340236
50.640000 0.371724
51.649000 0.319175
52.650000 0.310794
53.659000 0.319175
54.709000 0.296290
55.710000 0.254194
56.718000 0.236706
57.728000 0.237030
58.729000 0.234262
59.808000 0.241416
60.809000 0.247361
61.818000 0.187663
62.823000 0.247737
63.828000 0.282332
64.829000 0.232328
65.837000 0.153921
66.839000 0.237557
67.840000 0.174130
68.852000 0.223043
69.858000 0.196382
70.859000 0.230961
71.869000 0.425861
72.870000 0.366825
73.871000 0.288927
74.886000 0.248552
75.888000 0.327665
76.889000 0.282094
77.903000 0.206974
78.908000 0.304907
79.918000 0.228111
80.920000 0.224471
81.988000 0.364307
82.998000 0.279018
84.008000 0.165806
85.009000 0.319792
86.028000 0.291877
87.038000 0.286352
88.039000 0.262394
89.048000 0.195798
90.059000 0.215145
91.069000 0.241655
92.078000 0.195798
93.079000 0.229594
94.080000 0.257495
95.178000 0.285829
96.179000 0.256927
97.188000 0.281213
98.208000 0.272816
99.228000 0.289694
100.238000 0.161743
101.259000 0.159444
102.288000 0.191992
103.289000 0.244627
104.298000 0.165970
105.299000 0.284260
106.307000 0.258421
107.308000 0.209095
108.318000 0.188832
109.328000 0.249220
110.338000 0.237592
111.348000 0.211857
112.349000 0.248727
113.358000 0.205288
114.359000 0.306126
115.360000 0.286194
116.368000 0.328992
117.369000 0.312141
118.618000 0.272098
119.628000 0.312879
120.638000 0.335114
121.647000 0.244607
122.648000 0.256927
123.658000 0.268745
124.678000 0.237945
125.688000 0.285790
126.689000 0.227429
127.698000 0.264381
128.708000 0.257909
129.717000 0.289348
130.728000 0.269832
131.738000 0.285790
132.739000 0.294394
133.748000 0.316464
134.758000 0.295271
135.767000 0.191730
136.768000 0.224128
137.778000 0.207794
138.787000 0.244607
139.788000 0.281526
140.789000 0.258861
141.798000 0.292059
142.799000 0.366825
143.807000 0.297214
144.822000 0.256638
145.827000 0.298667
146.838000 0.254386
147.847000 0.197154
148.857000 0.158471
149.858000 0.194629
150.867000 0.241332
151.878000 0.225179
152.887000 0.249467
153.888000 0.236994
154.907000 0.243549
155.908000 0.266494
156.917000 0.191730
157.918000 0.215928
158.937000 0.158972
159.947000 0.197750
160.967000 0.186980
161.979000 0.167621
162.987000 0.134357
163.997000 0.130590
165.007000 0.161180
166.017000 0.135446
167.027000 0.100792
168.047000 0.092541
169.057000 0.108356
170.087000 0.088986
171.117000 0.074928
172.127000 0.090749
173.147000 0.119365
174.177000 0.059767
175.206000 0.038554
176.247000 0.044680
177.287000 0.035515
178.297000 0.024943
179.327000 0.038517
200.193000 0.001049
201.215000 0.105746
202.224000 0.267655
203.225000 0.334825
204.235000 0.275517
205.236000 0.215129
206.254000 0.330578
207.255000 0.287560
208.264000 0.317820
209.265000 0.297127
210.274000 0.334882
211.276000 0.296827
212.285000 0.302909
213.293000 0.228563
214.505000 0.189624
215.562000 0.177816
216.563000 0.281558
217.574000 0.143992
218.583000 0.193879
219.593000 0.224048
220.604000 0.251680
221.624000 0.227217
222.633000 0.281549
223.634000 0.253855
224.643000 0.281213
225.668000 0.283497
226.675000 0.335547
227.683000 0.284206
228.686000 0.271984
229.794000 0.293126
230.804000 0.323715
231.814000 0.294479
232.821000 0.300790
234.063000 0.241675
235.064000 0.326625
236.066000 0.307752
237.074000 0.292349
238.083000 0.301550
239.094000 0.335573
240.095000 0.301227
241.104000 0.300194
242.114000 0.298543
243.115000 0.332092
244.123000 0.250278
245.135000 0.293897
246.203000 0.305386
247.204000 0.330725
248.224000 0.296957
249.225000 0.302593
250.233000 0.289634
251.234000 0.330725
252.243000 0.263588
253.244000 0.262961
254.253000 0.287429
255.263000 0.209149
256.283000 0.201176
259.213000 0.039413
260.223000 0.508483
261.233000 0.226194
262.253000 0.181616
263.272000 0.085920
264.280000 0.101786
270.095000 0.002818
272.715000 0.019026
273.717000 0.148963
274.718000 0.452923
275.719000 0.528088
276.720000 0.530022
277.726000 0.540421
278.727000 0.592320
279.728000 0.498589
280.729000 0.503489
281.730000 0.478889
282.736000 0.506425
283.737000 0.457023
284.738000 0.482989
285.776000 0.400425
286.786000 0.467850
287.796000 0.409608
288.806000 0.368974
289.815000 0.376119
290.867000 0.391026
291.876000 0.449332
292.877000 0.429690
293.885000 0.384635
294.886000 0.409191
295.887000 0.478889
296.888000 0.492555
297.896000 0.487778
298.905000 0.490006
299.906000 0.431057
300.956000 0.411874
301.966000 0.433988
302.967000 0.504855
303.979000 0.433130
304.985000 0.411237
305.986000 0.498022
306.987000 0.489822
307.996000 0.494636
308.997000 0.552687
309.998000 0.484356
311.006000 0.532563
312.007000 0.514989
313.015000 0.520349
314.016000 0.496655
315.018000 0.426531
316.025000 0.512715
317.045000 0.434314
318.046000 0.515788
319.047000 0.507588
320.055000 0.512206
321.056000 0.451556
322.236000 0.402088
323.237000 0.548587
324.245000 0.575992
325.256000 0.497717
326.265000 0.523901
327.266000 0.574553
328.280000 0.581239
329.285000 0.606297
330.286000 0.481622
331.306000 0.478573
332.307000 0.446090
333.308000 0.410557
334.309000 0.478889
335.310000 0.567720
336.315000 0.535514
337.316000 0.452124
338.317000 0.549954
339.325000 0.539348
340.327000 0.529493
341.335000 0.570563
342.336000 0.584120
343.338000 0.545876
344.345000 0.620036
345.346000 0.558721
346.351000 0.551849
347.356000 0.538237
348.425000 0.471993
349.426000 0.502122
350.436000 0.558598
351.485000 0.544892
352.486000 0.589586
353.505000 0.592597
354.506000 0.581954
355.516000 0.592459
356.685000 0.419914
357.695000 0.425861
358.696000 0.564987
359.697000 0.549954
360.775000 0.465514
361.776000 0.499389
362.777000 0.543121
363.778000 0.498022
364.785000 0.420338
365.795000 0.482749
366.796000 0.438458
367.805000 0.405946
368.806000 0.543121
369.816000 0.465141
370.824000 0.418563
371.835000 0.421381
372.837000 0.433791
373.845000 0.425349
374.846000 0.424224
375.855000 0.500849
376.856000 0.560091
377.857000 0.558154
378.858000 0.420124
379.864000 0.458831
380.874000 0.229465
381.884000 0.136800
382.894000 0.092665
383.904000 0.161180
384.905000 0.129830
387.004000 0.009776
388.014000 0.099438
389.024000 0.086685
390.034000 0.082622
391.054000 0.077788
392.094000 0.078923
393.104000 0.035216
394.124000 0.036769
395.134000 0.048760
396.214000 0.027867
397.224000 0.102939
398.234000 0.081267
399.244000 0.109711
400.254000 0.076412
401.264000 0.075850
402.274000 0.125964
403.767000 0.028405
404.777000 0.196955
405.784000 0.337473
406.785000 0.418757
407.786000 0.435157
408.794000 0.428063
409.795000 0.402355
410.805000 0.404193
411.814000 0.374762
412.820000 0.365797
413.824000 0.335753
414.834000 0.341885
415.844000 0.293125
416.846000 0.429261
417.847000 0.472056
418.854000 0.428489
419.855000 0.390058
420.864000 0.334089
421.865000 0.324460
422.866000 0.446090
423.874000 0.339849
424.884000 0.281727
425.904000 0.248675
426.954000 0.225935
427.964000 0.195042
428.974000 0.185560
429.983000 0.152412
430.993000 0.193687
432.004000 0.244123
433.044000 0.239946
434.054000 0.315588
435.064000 0.275517
436.065000 0.357259
437.066000 0.488456
438.074000 0.391421
439.075000 0.340859
440.083000 0.315421
441.093000 0.356222
442.094000 0.258861
443.095000 0.283461
444.103000 0.282849
445.104000 0.267860
446.105000 0.261594
447.106000 0.329926
448.114000 0.343357
449.115000 0.312160
450.123000 0.411778
451.124000 0.447457
452.125000 0.302593
453.133000 0.255706
454.134000 0.295193
459.749000 0.002918
462.568000 0.007977
463.589000 0.123267
464.590000 0.406458
465.599000 0.521189
466.601000 0.528926
467.638000 0.444343
468.639000 0.409191
469.640000 0.519888
470.641000 0.491189
471.648000 0.527659
472.749000 0.458274
473.758000 0.541526
474.759000 0.523988
475.760000 0.510322
476.761000 0.473990
477.778000 0.476735
478.779000 0.482989
479.789000 0.485457
480.798000 0.494073
481.799000 0.450190
482.808000 0.449895
483.809000 0.474789
484.810000 0.508955
485.818000 0.474206
486.821000 0.503848
487.828000 0.483383
488.830000 0.464767
489.838000 0.505421
490.839000 0.518521
491.840000 0.529455
492.859000 0.499180
493.860000 0.485722
494.861000 0.499389
495.868000 0.462451
496.888000 0.509420
497.890000 0.513908
498.891000 0.506222
499.898000 0.522224
500.968000 0.467716
501.970000 0.512543
502.972000 0.515273
503.979000 0.501847
504.981000 0.482507
506.269000 0.340757
507.277000 0.479635
508.367000 0.308007
509.478000 0.369908
510.488000 0.346741
511.497000 0.226981
512.508000 0.299600
513.517000 0.265736
514.518000 0.230162
515.538000 0.263427
516.728000 0.333855
517.737000 0.405946
518.738000 0.463856
519.747000 0.230486
520.748000 0.161830
521.757000 0.177610
522.767000 0.187814
523.769000 0.182607
524.797000 0.221455
525.807000 0.203370
526.809000 0.188407
527.810000 0.228795
528.822000 0.269565
529.867000 0.318653
530.877000 0.269804
531.887000 0.362202
532.889000 0.313214
533.897000 0.337135
534.907000 0.341323
535.908000 0.379125
536.917000 0.411370
537.918000 0.421491
538.919000 0.288927
539.927000 0.244849
540.929000 0.300926
541.937000 0.373214
542.938000 0.347692
543.939000 0.361359
544.940000 0.369558
545.947000 0.332036
546.949000 0.280447
547.957000 0.325714
548.979000 0.278975
549.987000 0.290992
550.988000 0.354525
551.989000 0.474789
553.117000 0.251546
554.118000 0.230961
555.137000 0.231466
556.138000 0.300659
557.146000 0.255706
558.147000 0.168096
559.156000 0.148345
560.157000 0.198162
561.167000 0.141426
562.168000 0.150330
563.176000 0.156071
564.187000 0.072277
565.206000 0.049672
566.207000 0.086098
567.226000 0.122167
568.242000 0.095598
569.246000 0.072781
570.247000 0.142130
571.257000 0.178788
572.272000 0.174425
573.278000 0.114227
574.306000 0.059883
575.307000 0.039632
576.316000 0.061011
577.426000 0.015301
578.436000 0.031152
579.446000 0.054178
580.466000 0.065718
581.467000 0.066965
582.497000 0.059767
583.506000 0.078636
584.536000 0.044381
585.537000 0.083365
586.617000 0.129200
587.626000 0.108480
588.797000 0.037370
589.806000 0.151056
590.824000 0.049721
591.826000 0.046419
592.846000 0.049624
593.866000 0.037553
594.886000 0.044259
595.897000 0.044653
596.926000 0.024482
597.986000 0.042589
599.007000 0.008039
601.038000 0.018186
602.046000 0.078714
603.057000 0.151549
604.066000 0.229693
605.076000 0.293125
606.077000 0.292460
607.091000 0.275779
608.094000 0.239250
609.097000 0.231864
610.106000 0.190375
611.107000 0.213195
612.126000 0.162999
613.127000 0.228228
614.136000 0.184951
615.137000 0.202262
616.138000 0.256128
617.139000 0.318426
618.146000 0.262753
619.156000 0.263327
620.157000 0.303957
621.158000 0.360791
622.166000 0.301852
623.167000 0.323093
624.176000 0.263588
625.186000 0.352158
626.187000 0.287560
627.196000 0.252741
628.216000 0.262871
629.226000 0.240300
630.236000 0.320214
631.306000 0.258789
632.406000 0.212662
633.417000 0.244123
634.426000 0.212860
635.435000 0.113887
636.436000 0.041566
637.445000 0.074569
638.446000 0.211828
639.447000 0.312160
640.456000 0.264944
641.476000 0.303106
642.485000 0.148345
643.497000 0.223043
644.505000 0.197349
645.516000 0.243561
646.518000 0.198531
647.525000 0.222792
648.526000 0.164563
649.536000 0.184206
650.546000 0.152261
651.547000 0.183129
652.565000 0.152409
653.567000 0.167928
654.576000 0.169475
655.595000 0.114669
656.605000 0.128673
657.615000 0.070432
658.635000 0.076447
659.645000 0.111628
660.647000 0.202060
661.656000 0.232404
662.657000 0.181762
663.665000 0.159349
664.666000 0.348492
665.676000 0.263327
666.685000 0.229693
667.705000 0.140824
668.706000 0.231528
669.726000 0.232024
670.735000 0.194442
671.736000 0.252827
672.737000 0.212396
673.745000 0.308071
674.746000 0.261594
675.756000 0.282289
676.765000 0.215572
677.766000 0.182330
678.776000 0.265473
679.777000 0.329926
680.785000 0.255706
681.786000 0.287560
682.795000 0.310478
683.796000 0.288927
684.797000 0.226062
685.799000 0.309916
686.805000 0.290211
687.806000 0.245195
688.807000 0.270593
689.816000 0.237828
691.025000 0.203011
692.026000 0.278793
693.035000 0.278501
694.037000 0.144719
695.038000 0.154997
696.045000 0.307019
697.046000 0.241095
698.055000 0.255453
699.065000 0.314234
700.066000 0.342226
701.067000 0.320360
702.085000 0.290821
703.105000 0.326463
704.106000 0.285626
705.115000 0.235116
706.145000 0.287433
707.146000 0.318426
708.147000 0.276627
709.155000 0.277421
710.165000 0.331842
711.175000 0.274162
712.185000 0.225402
713.186000 0.239161
714.187000 0.230162
715.195000 0.266000
716.197000 0.281812
717.205000 0.280135
718.245000 0.247838
719.255000 0.296626
720.256000 0.301227
721.265000 0.296127
722.266000 0.334026
723.267000 0.389491
724.269000 0.340519
725.274000 0.290500
726.275000 0.291660
727.285000 0.287145
728.286000 0.313526
729.295000 0.344936
730.305000 0.370329
731.306000 0.394158
732.314000 0.338492
733.315000 0.334027
734.324000 0.315901
735.326000 0.228567
736.335000 0.274434
737.345000 0.348095
738.346000 0.358625
739.347000 0.431057
740.364000 0.449833
741.365000 0.446657
742.366000 0.484356
743.367000 0.447457
744.376000 0.301550
745.466000 0.339383
746.475000 0.446620
747.484000 0.356575
748.495000 0.238710
749.504000 0.228337
750.506000 0.192503
751.514000 0.239421
752.544000 0.319309
753.575000 0.399938
754.576000 0.496655
755.584000 0.396849
756.664000 0.304508
757.665000 0.336192
758.674000 0.156499
759.685000 0.290920
760.694000 0.241895
761.695000 0.224695
762.704000 0.265736
763.705000 0.238362
764.714000 0.276583
765.734000 0.251357
766.744000 0.229465
767.745000 0.251461
768.754000 0.220202
769.755000 0.255560
770.756000 0.273894
771.764000 0.278778
772.765000 0.331293
773.775000 0.319651
774.776000 0.273894
775.784000 0.346635
776.804000 0.338533
777.814000 0.339176
778.823000 0.393744
779.824000 0.377758
780.826000 0.372719
781.828000 0.426531
782.834000 0.360922
783.835000 0.291660
784.844000 0.290704
785.854000 0.306669
786.855000 0.286993
787.856000 0.205561
788.874000 0.305603
789.875000 0.308859
790.884000 0.287992
791.886000 0.408782
792.905000 0.436868
793.906000 0.551321
794.913000 0.467090
795.914000 0.548587
796.915000 0.465223
797.935000 0.593914
798.945000 0.612776
800.154000 0.503332
801.155000 0.630585
802.224000 0.559012
803.225000 0.608719
804.227000 0.530291
805.228000 0.505424
806.235000 0.587432
807.244000 0.519833
808.245000 0.463856
809.254000 0.412725
810.265000 0.437618
811.273000 0.361563
812.284000 0.332075
813.293000 0.330022
814.294000 0.317626
815.295000 0.474789
816.296000 0.506222
817.303000 0.429847
818.304000 0.372292
819.305000 0.488456
820.306000 0.523189
821.307000 0.518521
822.314000 0.467885
823.315000 0.444723
824.413000 0.516838
825.415000 0.609477
826.416000 0.569087
827.424000 0.500556
828.425000 0.518521
829.426000 0.640152
830.434000 0.558913
831.436000 0.676375
832.438000 0.548607
833.440000 0.619034
834.442000 0.577277
835.444000 0.694124
836.445000 0.557355
837.454000 0.622874
838.456000 0.644176
839.464000 0.644412
840.465000 0.718050
841.474000 0.599033
842.475000 0.593686
843.484000 0.536666
844.485000 0.500755
845.494000 0.458823
846.495000 0.518521
847.514000 0.554222
848.515000 0.558154
849.517000 0.552136
850.524000 0.592050
851.525000 0.405113
852.527000 0.639513
853.533000 0.524668
854.534000 0.631953
855.535000 0.607920
856.536000 0.618286
857.543000 0.586638
858.544000 0.651085
859.545000 0.616120
860.546000 0.653818
861.547000 0.596987
862.548000 0.663385
863.553000 0.566026
864.555000 0.624495
865.557000 0.551337
866.563000 0.602974
867.584000 0.594672
868.585000 0.585487
869.587000 0.601285
870.594000 0.602939
871.633000 0.635719
872.635000 0.634052
873.636000 0.620220
874.637000 0.640152
875.713000 0.522320
876.714000 0.379924
877.715000 0.334026
878.717000 0.570451
879.723000 0.631531
880.724000 0.557355
881.727000 0.611597
882.733000 0.515944
883.742000 0.478367
884.743000 0.543121
885.744000 0.510322
886.745000 0.541754
887.753000 0.466627
888.754000 0.504852
889.773000 0.399281
890.774000 0.376392
891.782000 0.383278
892.783000 0.369558
893.792000 0.372844
894.793000 0.288927
895.814000 0.348920
896.822000 0.358849
897.823000 0.343592
898.824000 0.335393
899.913000 0.348489
900.922000 0.344373
901.923000 0.376392
902.924000 0.392791
903.942000 0.372794
904.944000 0.523465
905.952000 0.380563
906.963000 0.283363
907.964000 0.368192
908.973000 0.490006
909.974000 0.511688
910.979000 0.417091
911.982000 0.441675
912.992000 0.429925
914.032000 0.355700
915.033000 0.252827
916.042000 0.225625
917.043000 0.377758
918.053000 0.524738
919.062000 0.420860
920.063000 0.417391
921.064000 0.481622
922.072000 0.448421
923.073000 0.496655
924.082000 0.494636
925.083000 0.477522
926.093000 0.461077
927.102000 0.465602
928.103000 0.451556
929.104000 0.491189
930.112000 0.453056
931.122000 0.439406
932.123000 0.551321
933.133000 0.580269
934.134000 0.501323
935.142000 0.467421
936.143000 0.463836
937.152000 0.273097
938.154000 0.481142
939.162000 0.581421
940.163000 0.474789
941.164000 0.459756
942.172000 0.457127
943.173000 0.431057
944.174000 0.425590
945.175000 0.437890
946.176000 0.444723
947.182000 0.384040
948.192000 0.318859
949.193000 0.360791
950.258000 0.403117
951.262000 0.556486
952.264000 0.578076
953.272000 0.438921
954.273000 0.372292
955.274000 0.380492
956.276000 0.374651
957.281000 0.442953
958.282000 0.381858
959.292000 0.321568
960.294000 0.401956
961.295000 0.340859
962.301000 0.374521
963.302000 0.383225
964.303000 0.436523
965.304000 0.457023
966.312000 0.467421
967.314000 0.404687
968.321000 0.379583
969.322000 0.331293
970.352000 0.332590
971.353000 0.422857
972.442000 0.363563
973.531000 0.374869
974.532000 0.421491
975.534000 0.519369
976.541000 0.406753
977.542000 0.312161
978.551000 0.375556
979.561000 0.286352
980.571000 0.356784
981.572000 0.448823
982.581000 0.418149
983.582000 0.376392
984.591000 0.475092
985.592000 0.383225
986.593000 0.448823
987.601000 0.445706
988.602000 0.407824
989.603000 0.409191
990.612000 0.340868
991.613000 0.343592
992.614000 0.395524
993.615000 0.477522
994.621000 0.392199
995.622000 0.334026
996.623000 0.299860
997.631000 0.308635
998.633000 0.362158
999.641000 0.376492
1000.642000 0.340859
1001.643000 0.376392
1002.651000 0.396849
1003.662000 0.356431
1004.671000 0.434418
1005.672000 0.441990
1006.681000 0.391033
1007.691000 0.206440
1008.701000 0.212650
1009.702000 0.243828
1010.711000 0.343580
1011.712000 0.388124
1012.781000 0.399050
1013.782000 0.420124
1014.791000 0.430351
1015.792000 0.405091
1016.822000 0.365794
1017.831000 0.394537
1018.833000 0.397860
1019.834000 0.358625
1020.835000 0.399624
1021.841000 0.374521
1022.842000 0.342226
1023.843000 0.387324
1024.851000 0.441635
1025.853000 0.451556
1026.862000 0.507631
1027.863000 0.449391
1028.871000 0.385429
1029.872000 0.338126
1030.880000 0.369706
1031.881000 0.380492
1032.882000 0.332659
1033.883000 0.277994
1034.891000 0.331143
1035.911000 0.303663
1036.912000 0.308060
1037.921000 0.298838
1038.922000 0.331293
1040.030000 0.364736
1041.031000 0.278793
1042.032000 0.287560
1043.033000 0.328540
1044.230000 0.277062
1045.231000 0.349858
1046.232000 0.447457
1047.233000 0.362725
1048.240000 0.333394
1049.241000 0.379125
1050.242000 0.331293
1051.250000 0.390063
1052.257000 0.376866
1053.261000 0.373904
1054.262000 0.510322
1055.263000 0.627852
1056.265000 0.392399
1057.266000 0.520456
1058.267000 0.480256
1059.270000 0.479298
1060.272000 0.406052
1061.280000 0.453849
1062.290000 0.406899
1063.291000 0.342226
1064.292000 0.380492
1065.293000 0.589586
1066.300000 0.394526
1067.301000 0.403724
1068.302000 0.388691
1069.311000 0.456111
1070.312000 0.409191
1071.320000 0.377849
1072.330000 0.363556
1073.332000 0.343250
1074.333000 0.394158
1075.334000 0.379125
1076.340000 0.345964
1077.341000 0.366825
1078.879000 0.163662
1079.880000 0.074366
1080.881000 0.224128
1081.891000 0.166598
1082.892000 0.201463
1083.899000 0.289923
1084.900000 0.295193
1085.901000 0.295760
1086.910000 0.324599
1087.911000 0.372292
1088.919000 0.455206
1089.920000 0.260228
1090.921000 0.443357
1091.922000 0.459756
1092.923000 0.502122
1093.930000 0.375508
1094.931000 0.422857
1095.932000 0.325826
1096.933000 0.381858
1097.934000 0.387325
1098.939000 0.486511
1099.940000 0.387325
1100.950000 0.482749
1101.951000 0.556787
1102.952000 0.525922
1103.959000 0.442073
1104.960000 0.522621
1105.961000 0.573187
1106.962000 0.596987
1107.963000 0.513055
1108.964000 0.543121
1109.966000 0.566355
1110.970000 0.559211
1111.971000 0.366825
1112.972000 0.489822
1113.980000 0.503270
1114.981000 0.558154
1115.991000 0.428570
1116.999000 0.421278
1118.000000 0.612819
1119.001000 0.509522
1120.002000 0.551321
1121.003000 0.545854
1122.020000 0.436382
1123.021000 0.372292
1124.024000 0.443836
1125.109000 0.386861
1126.170000 0.387340
1127.179000 0.379623
1128.180000 0.342226
1129.181000 0.448823
1130.259000 0.428712
1131.260000 0.435157
1132.261000 0.394158
1133.269000 0.385429
1134.299000 0.407518
1135.301000 0.512543
1136.309000 0.437563
1137.310000 0.429690
1138.311000 0.575920
1139.312000 0.524555
1140.313000 0.570454
1141.319000 0.490107
1142.320000 0.377739
1143.321000 0.250680
1144.330000 0.353070
1145.409000 0.351718
1146.410000 0.393590
1147.411000 0.288927
1148.418000 0.283130
1149.419000 0.399624
1150.428000 0.363917
1151.539000 0.281252
1152.540000 0.263760
1153.542000 0.197166
1154.549000 0.317887
1155.559000 0.321568
1156.560000 0.239728
1157.568000 0.233429
1158.570000 0.227202
1159.571000 0.283461
1160.578000 0.285283
1161.589000 0.273891
1162.599000 0.222693
1163.600000 0.343025
1164.608000 0.278778
1165.609000 0.280727
1166.610000 0.245994
1167.619000 0.236463
1168.628000 0.243260
1169.629000 0.239161
1170.639000 0.176642
1171.640000 0.207728
1172.648000 0.204135
1173.659000 0.196202
1174.669000 0.206440
1175.709000 0.131538
1176.718000 0.181677
1177.719000 0.133131
1178.729000 0.138154
1179.738000 0.131512
1180.748000 0.154970
1181.750000 0.131066
1182.768000 0.145132
1183.778000 0.103501
1184.809000 0.108803
1185.818000 0.154561
1186.819000 0.161830
1187.828000 0.172186
1188.838000 0.148990
1189.878000 0.087362
1190.888000 0.070432
1191.948000 0.065819
1192.968000 0.033529
1193.979000 0.085246
1194.988000 0.098180
1195.989000 0.128464
1196.998000 0.174898
1197.999000 0.174130
1199.188000 0.178335
1200.189000 0.198729
1201.198000 0.222351
1202.209000 0.194057
1203.218000 0.245399
1204.219000 0.228795
1205.268000 0.214414
1206.275000 0.184755
1207.278000 0.193675
1208.288000 0.110273
1209.291000 0.102293
1210.318000 0.077258
1211.338000 0.152110
1212.363000 0.145475
1213.368000 0.137481
1214.598000 0.045600
1215.618000 0.071639
1216.632000 0.128166
1217.648000 0.179079
1218.658000 0.169869
1219.668000 0.215358
1220.678000 0.168515
1221.688000 0.243802
1222.689000 0.230162
1223.698000 0.173542
1224.718000 0.137357
1225.719000 0.252827
1226.728000 0.133431
1227.777000 0.089983
1228.797000 0.073765
1229.798000 0.162629
1230.800000 0.234028
1231.818000 0.230350
1232.819000 0.121630
1235.038000 0.039456
1236.048000 0.245719
1237.049000 0.341658
1238.050000 0.277994
1239.051000 0.268428
1240.058000 0.360564
1241.068000 0.354075
1242.069000 0.363524
1243.070000 0.358625
1244.071000 0.332659
1245.078000 0.364640
1246.079000 0.303960
1247.087000 0.256500
1248.097000 0.142780
1249.098000 0.179029
1250.107000 0.142923
1251.108000 0.184496
1252.117000 0.158628
1253.127000 0.161743
1254.161000 0.099226
1255.186000 0.084082
1256.187000 0.046466
1257.207000 0.050965
1258.217000 0.062867
1259.278000 0.047706
1260.297000 0.041617
1261.307000 0.073141
1262.317000 0.178788
1263.318000 0.208296
1264.337000 0.219384
1265.348000 0.243561
1266.357000 0.210712
1267.358000 0.327992
1268.359000 0.290291
1269.369000 0.226759
1270.407000 0.083029
1271.417000 0.073141
1272.418000 0.185060
1273.427000 0.368777
1274.429000 0.266797
1275.437000 0.191921
1276.447000 0.228903
1277.627000 0.044054
1278.637000 0.165806
1279.687000 0.309318
1280.697000 0.306107
1281.717000 0.118580
1282.727000 0.153053
1283.979000 0.187297
1284.987000 0.220075
1285.988000 0.194629
1286.997000 0.214216
1288.007000 0.217275
1289.009000 0.230731
1290.017000 0.157992
1291.018000 0.217295
1292.037000 0.218041
1293.047000 0.262764
1294.048000 0.220595
1295.057000 0.242688
1296.067000 0.175287
1297.107000 0.266254
1298.108000 0.276060
1299.109000 0.295760
1300.117000 0.274706
1301.118000 0.286993
1302.127000 0.247318
1303.167000 0.242577
1304.168000 0.295193
1305.188000 0.213804
1306.197000 0.273871
1307.207000 0.154970
1308.208000 0.214561
1309.217000 0.197154
1310.227000 0.216713
1311.236000 0.216135
1312.257000 0.245751
1313.267000 0.243802
1314.277000 0.191541
1315.279000 0.259401
1316.288000 0.243251
1317.296000 0.290992
1318.297000 0.225495
1319.306000 0.168119
1320.336000 0.101491
1321.466000 0.024212
1322.467000 0.200895
1323.468000 0.217862
1324.476000 0.221214
1325.477000 0.174130
1326.486000 0.199302
1327.488000 0.205357
1328.496000 0.237500
1329.497000 0.204196
1330.586000 0.232918
1331.597000 0.223264
1332.608000 0.185939
1333.616000 0.169643
1334.626000 0.196396
1335.627000 0.153630
1336.628000 0.204995
1337.646000 0.160472
1338.656000 0.167952
1339.666000 0.107002
1340.676000 0.186123
1341.796000 0.247236
1342.797000 0.147596
1343.918000 0.234812
1344.956000 0.393287
1345.957000 0.302026
1346.966000 0.213423
1347.979000 0.248482
1348.986000 0.239658
1349.987000 0.254761
1350.996000 0.325391
1352.006000 0.248428
1353.008000 0.294100
1354.010000 0.273054
1355.016000 0.279332
1356.017000 0.328559
1357.026000 0.365273
1358.117000 0.271362
1359.126000 0.276583
1360.139000 0.201777
1361.156000 0.173522
1362.166000 0.172578
1363.167000 0.266494
1364.168000 0.217862
