0.000000 0.225647
1.039000 0.191378
2.150000 0.158329
3.160000 0.146984
4.169000 0.182278
5.170000 0.112754
6.179000 0.172324
7.180000 0.238899
8.199000 0.145241
9.209000 0.153923
10.249000 0.138385
11.250000 0.209934
12.259000 0.170016
13.309000 0.217526
14.408000 0.160086
15.419000 0.112309
16.548000 0.187662
17.550000 0.238369
18.809000 0.185246
19.850000 0.115164
20.859000 0.239976
21.911000 0.186108
22.919000 0.230626
23.921000 0.244637
24.929000 0.259143
25.939000 0.243859
26.951000 0.242395
27.959000 0.243851
29.109000 0.239076
30.119000 0.237030
31.128000 0.129220
32.129000 0.128464
33.149000 0.131478
34.209000 0.174570
35.219000 0.205877
36.239000 0.156477
37.259000 0.180076
38.269000 0.264119
39.278000 0.182490
40.279000 0.149607
41.568000 0.123537
42.569000 0.146230
43.589000 0.131603
44.658000 0.141779
45.668000 0.107002
46.678000 0.074495
47.688000 0.054863
48.708000 0.095224
50.018000 0.112755
51.028000 0.050115
52.058000 0.040414
53.078000 0.073765
54.119000 0.118790
55.128000 0.140426
56.129000 0.154823
57.328000 0.188679
58.329000 0.169967
59.338000 0.142118
60.348000 0.140764
61.357000 0.134028
62.378000 0.122552
63.388000 0.139871
64.478000 0.158501
65.488000 0.208586
66.490000 0.164472
67.498000 0.146435
68.508000 0.182851
69.509000 0.158244
70.510000 0.164318
71.668000 0.196730
72.678000 0.219422
73.679000 0.178889
74.688000 0.188897
75.838000 0.148443
76.848000 0.205877
77.859000 0.168662
78.868000 0.190985
79.869000 0.192951
80.958000 0.262449
81.968000 0.172019
82.971000 0.162695
83.978000 0.201057
84.979000 0.198096
85.991000 0.216422
86.998000 0.183529
88.008000 0.222131
89.009000 0.184855
90.018000 0.176348
91.029000 0.190978
92.038000 0.155359
93.048000 0.184206
94.058000 0.160132
95.068000 0.188269
96.078000 0.153882
97.088000 0.137804
98.092000 0.174406
99.097000 0.125172
100.100000 0.162305
101.108000 0.111029
102.117000 0.147782
103.128000 0.113527
104.137000 0.149138
105.147000 0.107534
106.148000 0.150330
107.158000 0.117335
108.258000 0.142177
109.277000 0.155729
110.349000 0.064600
111.357000 0.149564
112.527000 0.128545
113.528000 0.140763
114.537000 0.092624
115.547000 0.128673
116.557000 0.104826
117.708000 0.101134
118.718000 0.131382
119.738000 0.136800
120.747000 0.122268
121.757000 0.192523
122.758000 0.137749
123.767000 0.111300
124.777000 0.136800
125.787000 0.120563
126.797000 0.120700
127.807000 0.130028
128.817000 0.093668
129.827000 0.150345
130.828000 0.111750
131.837000 0.154714
132.848000 0.115190
133.857000 0.138291
134.957000 0.067355
135.977000 0.109976
136.987000 0.102754
137.997000 0.123242
139.128000 0.151325
140.137000 0.143715
141.147000 0.119952
142.157000 0.188269
143.166000 0.124003
144.168000 0.133796
145.277000 0.107519
146.288000 0.132605
147.297000 0.147782
148.317000 0.105059
149.324000 0.119547
150.327000 0.068346
151.336000 0.112531
152.341000 0.085177
153.517000 0.073798
154.536000 0.061755
155.547000 0.031122
156.619000 0.012761
157.630000 0.171163
158.636000 0.152556
159.648000 0.154529
160.656000 0.163942
161.657000 0.164829
162.667000 0.171207
163.677000 0.202700
164.688000 0.186724
165.689000 0.143649
166.697000 0.185270
167.707000 0.173352
168.836000 0.192723
169.937000 0.226175
171.117000 0.216553
172.128000 0.253033
173.136000 0.189609
174.147000 0.191064
175.156000 0.186609
176.167000 0.215145
177.168000 0.157577
178.177000 0.145756
179.186000 0.178965
180.226000 0.129771
181.236000 0.135446
182.247000 0.090659
183.651000 0.011670
184.666000 0.135473
185.696000 0.074377
186.706000 0.117838
187.726000 0.088939
188.756000 0.059767
189.767000 0.044697
190.826000 0.036170
192.007000 0.015058
193.016000 0.069146
194.026000 0.133375
195.047000 0.096141
196.066000 0.114517
197.076000 0.074495
198.096000 0.071418
199.175000 0.049446
200.207000 0.020235
201.216000 0.108464
202.226000 0.067247
204.396000 0.035919
205.476000 0.109654
206.496000 0.101929
207.516000 0.109587
208.517000 0.156763
209.536000 0.104631
210.716000 0.098787
211.736000 0.095190
212.946000 0.078262
213.956000 0.083976
214.967000 0.071334
215.976000 0.104396
216.986000 0.071052
217.995000 0.093550
219.116000 0.062602
220.135000 0.093974
221.145000 0.045071
222.255000 0.061622
223.256000 0.066965
224.266000 0.062530
225.277000 0.059537
226.496000 0.074794
227.516000 0.089859
228.536000 0.084494
229.586000 0.031845
230.626000 0.040777
233.767000 0.014798
234.775000 0.108581
235.805000 0.061988
236.855000 0.038604
237.856000 0.036899
239.115000 0.021732
240.125000 0.022217
241.165000 0.018415
242.295000 0.009685
244.076000 0.006148
246.082000 0.006495
247.095000 0.022719
248.365000 0.039469
249.375000 0.063659
250.385000 0.067480
251.395000 0.076186
252.595000 0.062062
253.605000 0.073162
254.615000 0.080161
255.630000 0.052358
256.645000 0.074425
257.675000 0.061417
258.695000 0.050965
259.705000 0.032958
260.725000 0.042861
261.735000 0.040634
262.895000 0.059175
263.925000 0.065080
265.075000 0.026844
266.115000 0.030254
267.214000 0.055136
268.345000 0.060103
269.975000 0.039701
271.325000 0.021280
272.385000 0.024521
273.425000 0.017860
274.455000 0.018594
275.464000 0.030077
276.485000 0.010483
277.644000 0.030689
278.835000 0.016045
279.845000 0.029798
280.875000 0.035860
281.917000 0.026925
283.195000 0.040013
284.205000 0.054178
285.214000 0.030243
286.255000 0.042052
287.265000 0.035216
288.285000 0.036994
289.315000 0.049796
290.334000 0.047490
291.475000 0.048353
292.615000 0.050856
293.624000 0.062997
294.774000 0.046009
296.114000 0.045284
297.174000 0.020649
298.184000 0.021671
299.195000 0.021387
300.275000 0.040533
301.277000 0.046754
302.284000 0.061025
303.295000 0.060155
304.315000 0.054060
305.324000 0.068099
306.334000 0.061872
307.355000 0.052792
308.365000 0.064320
309.374000 0.054009
310.825000 0.038084
311.834000 0.076442
312.835000 0.083556
313.945000 0.077095
314.955000 0.083539
315.965000 0.082971
316.974000 0.091794
317.995000 0.078422
319.014000 0.049429
320.035000 0.089771
321.254000 0.074567
322.404000 0.051151
325.112000 0.006050
326.134000 0.136800
327.147000 0.056719
328.154000 0.032172
329.164000 0.043343
330.194000 0.040556
331.234000 0.039462
332.254000 0.028165
333.274000 0.030152
334.404000 0.039648
335.414000 0.057976
336.924000 0.038143
338.554000 0.022640
339.594000 0.044659
340.614000 0.037409
341.954000 0.017175
342.964000 0.035216
343.984000 0.032636
345.004000 0.031714
346.044000 0.043408
347.405000 0.021930
348.434000 0.040419
349.463000 0.035895
350.464000 0.024417
351.525000 0.028366
352.554000 0.021271
353.614000 0.030974
354.634000 0.016895
355.674000 0.028938
356.703000 0.025259
357.724000 0.020098
358.764000 0.010274
359.813000 0.016953
360.834000 0.025457
362.214000 0.013878
363.303000 0.008686
364.324000 0.034836
365.334000 0.032812
366.343000 0.040674
367.353000 0.026430
368.363000 0.037925
369.433000 0.029715
370.494000 0.039970
371.583000 0.026245
372.603000 0.044259
373.623000 0.036055
374.803000 0.041736
375.893000 0.028661
376.913000 0.041576
377.915000 0.040843
378.964000 0.058684
379.983000 0.047907
381.003000 0.043753
382.033000 0.034532
383.043000 0.036269
384.075000 0.034465
385.143000 0.016652
386.246000 0.014191
387.513000 0.024643
388.523000 0.031325
389.804000 0.044634
390.923000 0.056485
392.013000 0.057164
393.274000 0.047948
394.284000 0.062850
395.363000 0.099822
396.463000 0.104409
397.593000 0.128416
398.664000 0.131391
399.666000 0.160561
400.673000 0.167295
401.753000 0.121679
402.774000 0.147217
403.783000 0.166263
404.804000 0.152014
405.813000 0.207437
406.814000 0.171591
407.823000 0.157981
408.833000 0.166057
409.853000 0.164517
410.864000 0.201614
412.003000 0.179520
413.004000 0.271960
414.013000 0.216793
415.023000 0.202967
416.024000 0.170635
417.033000 0.161360
418.034000 0.169599
419.044000 0.180238
420.053000 0.180534
421.063000 0.174079
422.064000 0.180324
423.075000 0.159482
424.114000 0.182258
425.133000 0.219202
426.143000 0.188029
427.293000 0.155190
428.303000 0.221979
429.304000 0.217413
430.305000 0.197873
431.323000 0.207279
432.353000 0.207637
433.362000 0.295564
434.383000 0.241659
435.393000 0.223485
436.402000 0.211504
437.403000 0.188363
438.413000 0.208586
439.432000 0.190821
440.433000 0.148608
441.572000 0.169976
442.583000 0.211086
443.592000 0.146051
444.602000 0.153205
445.632000 0.123518
446.712000 0.082884
447.722000 0.075850
448.724000 0.087377
449.733000 0.139293
450.774000 0.136669
452.311000 0.105956
453.312000 0.156611
454.433000 0.147012
455.443000 0.182851
456.452000 0.142431
457.463000 0.196202
458.472000 0.158664
459.473000 0.199528
460.482000 0.150946
461.532000 0.158466
462.533000 0.176296
463.542000 0.157025
464.642000 0.166644
465.653000 0.188083
466.663000 0.137828
467.763000 0.157935
468.764000 0.169463
471.323000 0.025709
472.332000 0.142359
473.333000 0.160832
474.342000 0.163351
475.343000 0.174060
476.352000 0.180034
477.473000 0.157177
478.483000 0.244713
479.633000 0.172667
480.712000 0.220451
481.714000 0.308313
482.724000 0.209700
483.732000 0.222169
484.743000 0.218884
485.753000 0.242697
486.754000 0.288360
487.762000 0.219530
488.792000 0.232801
489.793000 0.236428
490.803000 0.178420
491.804000 0.189067
492.813000 0.275227
493.823000 0.212340
494.843000 0.191849
495.892000 0.199781
496.902000 0.264119
497.918000 0.211836
498.923000 0.211330
500.075000 0.191398
501.076000 0.236428
502.081000 0.168488
503.083000 0.194732
504.092000 0.238620
505.123000 0.174348
506.131000 0.209000
507.132000 0.215928
508.141000 0.144668
509.402000 0.124795
510.411000 0.065078
511.691000 0.030994
512.692000 0.107964
513.712000 0.105240
514.731000 0.115621
515.751000 0.118139
516.812000 0.087022
517.852000 0.157846
518.883000 0.083089
519.931000 0.050957
521.052000 0.072106
522.075000 0.094944
523.122000 0.020925
524.131000 0.034007
525.151000 0.042918
526.171000 0.068400
527.211000 0.037866
528.221000 0.040393
529.242000 0.066993
530.251000 0.075411
531.262000 0.112109
532.271000 0.138461
533.272000 0.151613
534.273000 0.156687
535.282000 0.143327
536.291000 0.170530
537.371000 0.132532
538.372000 0.164386
539.381000 0.122692
540.391000 0.147331
541.402000 0.079127
542.411000 0.061011
543.431000 0.078320
544.451000 0.171541
545.482000 0.086330
546.501000 0.051049
547.510000 0.069146
548.542000 0.071177
549.703000 0.061271
550.740000 0.144895
551.751000 0.036570
553.331000 0.029438
554.340000 0.042030
555.351000 0.052772
556.381000 0.078347
557.722000 0.021423
558.731000 0.024404
560.436000 0.009609
561.480000 0.064624
562.488000 0.023071
563.511000 0.021396
564.541000 0.026524
565.551000 0.043343
566.571000 0.044147
567.591000 0.045600
568.681000 0.018935
569.831000 0.064613
570.881000 0.067870
571.890000 0.096549
572.921000 0.082241
573.971000 0.057326
574.981000 0.051092
575.991000 0.047929
577.010000 0.069421
578.020000 0.074739
579.030000 0.093569
580.041000 0.031122
581.090000 0.032482
582.100000 0.036570
583.150000 0.034810
584.220000 0.037077
585.350000 0.010896
586.371000 0.047552
587.381000 0.101668
588.540000 0.086841
589.541000 0.133803
590.560000 0.135689
591.570000 0.181572
592.571000 0.121940
593.680000 0.133617
594.720000 0.085500
595.730000 0.059270
605.258000 0.014214
606.298000 0.028888
607.338000 0.062326
608.358000 0.075425
609.398000 0.122767
610.588000 0.159145
611.589000 0.214547
612.598000 0.315357
613.608000 0.273348
614.648000 0.215512
615.658000 0.250587
616.728000 0.193246
617.729000 0.244627
618.758000 0.194796
619.763000 0.271428
620.769000 0.353346
621.770000 0.395337
622.783000 0.362618
623.788000 0.338727
624.789000 0.356385
625.802000 0.411691
626.808000 0.406854
627.809000 0.399833
628.819000 0.412593
629.820000 0.404678
631.008000 0.320277
632.009000 0.333606
633.010000 0.298432
634.048000 0.263523
635.058000 0.338614
636.078000 0.216605
637.269000 0.308063
638.278000 0.463683
639.388000 0.301284
640.389000 0.395870
641.390000 0.431856
642.398000 0.425745
643.459000 0.391569
644.481000 0.020078
645.489000 0.790632
646.490000 0.510232
647.518000 0.400842
648.529000 0.615668
649.530000 0.498881
650.531000 0.514170
651.532000 0.529970
652.538000 0.537154
653.539000 0.401790
654.548000 0.346559
655.668000 0.314549
656.669000 0.396324
657.678000 0.400010
658.689000 0.434086
659.690000 0.426532
660.692000 0.439310
661.778000 0.497569
663.442000 0.029546
664.448000 0.771514
665.457000 0.240430
666.458000 0.248565
667.467000 0.283362
668.468000 0.251599
669.478000 0.284587
670.489000 0.258768
671.490000 0.341658
672.507000 0.244407
673.517000 0.193687
674.567000 0.119114
675.607000 0.056562
676.627000 0.041576
677.634000 0.038038
679.317000 0.013005
680.599000 0.007470
681.617000 0.141100
682.619000 0.169983
683.627000 0.206886
684.637000 0.215358
685.647000 0.219422
686.657000 0.124117
687.658000 0.166729
688.667000 0.191167
689.677000 0.174600
690.687000 0.218993
691.688000 0.185562
692.877000 0.173368
693.897000 0.114000
694.908000 0.109602
695.917000 0.052061
696.927000 0.075850
697.928000 0.075165
698.937000 0.047453
699.957000 0.042918
700.997000 0.040777
702.146000 0.029891
703.147000 0.072432
705.855000 0.006050
706.857000 0.199822
707.861000 0.096190
708.867000 0.147433
709.877000 0.067723
711.127000 0.030643
714.727000 0.014279
715.736000 0.051520
716.767000 0.041133
718.756000 0.018010
719.768000 0.052719
720.807000 0.019443
721.827000 0.034871
722.856000 0.031253
723.857000 0.039632
724.896000 0.020572
726.067000 0.055947
727.077000 0.095284
728.089000 0.099659
729.257000 0.072508
730.266000 0.050165
731.307000 0.029866
732.366000 0.025836
733.666000 0.009389
734.756000 0.047214
735.766000 0.104301
736.776000 0.088705
737.796000 0.119986
738.816000 0.080475
739.826000 0.118998
740.827000 0.103432
741.856000 0.136459
742.876000 0.083153
743.886000 0.048760
744.946000 0.025865
745.956000 0.014899
747.396000 0.005700
748.426000 0.033204
749.546000 0.012214
751.026000 0.020335
752.276000 0.020794
753.436000 0.017069
754.466000 0.017266
755.496000 0.019922
756.497000 0.024599
757.526000 0.023804
758.576000 0.029966
759.685000 0.017270
760.786000 0.017776
761.836000 0.015634
762.846000 0.055091
763.866000 0.030847
764.966000 0.018426
765.996000 0.029219
767.016000 0.042918
768.056000 0.038434
769.096000 0.028938
770.106000 0.020767
771.116000 0.048760
772.129000 0.049296
773.146000 0.101863
774.156000 0.101204
775.167000 0.094452
776.176000 0.107246
777.567000 0.090438
778.699000 0.110435
779.716000 0.180177
780.736000 0.187152
781.945000 0.162926
782.946000 0.177741
783.956000 0.242978
784.967000 0.171846
785.976000 0.178889
786.986000 0.177310
787.987000 0.264129
788.996000 0.278235
790.166000 0.271339
791.167000 0.359624
792.186000 0.333970
793.196000 0.280622
794.197000 0.268912
795.207000 0.296626
796.215000 0.203402
797.216000 0.251918
798.217000 0.288809
799.235000 0.381642
800.236000 0.232876
801.237000 0.241769
802.245000 0.249555
803.275000 0.241215
804.287000 0.331513
805.296000 0.210374
806.306000 0.169307
807.325000 0.127779
808.326000 0.143497
809.335000 0.132868
810.355000 0.104623
811.367000 0.175731
812.375000 0.150216
813.385000 0.125964
814.395000 0.150345
815.565000 0.126368
816.567000 0.177485
817.575000 0.143424
818.606000 0.132687
819.625000 0.122167
820.635000 0.096547
821.646000 0.140724
822.647000 0.128692
823.666000 0.178552
824.675000 0.160040
825.695000 0.137099
826.705000 0.174725
827.706000 0.128757
828.715000 0.112531
829.726000 0.068078
830.735000 0.105857
831.745000 0.148803
832.835000 0.182967
833.836000 0.287594
834.985000 0.317617
835.986000 0.296167
836.987000 0.259992
838.005000 0.260313
839.006000 0.287948
840.007000 0.254194
841.025000 0.242739
842.026000 0.318426
843.035000 0.284718
844.045000 0.233852
845.046000 0.274693
846.055000 0.209733
847.065000 0.204523
848.075000 0.143165
849.085000 0.167952
850.086000 0.156539
851.087000 0.295193
852.186000 0.378403
853.245000 0.333534
854.246000 0.471489
855.265000 0.385777
856.266000 0.387961
857.267000 0.391801
858.281000 0.361114
859.285000 0.379998
860.286000 0.376585
861.295000 0.402894
862.296000 0.425816
863.426000 0.394410
864.435000 0.478597
865.437000 0.404649
866.455000 0.395198
867.456000 0.446967
868.475000 0.391765
869.476000 0.387377
870.486000 0.263568
871.494000 0.267357
872.495000 0.221352
873.505000 0.254638
874.515000 0.196984
875.516000 0.265145
876.525000 0.235909
877.534000 0.170337
878.544000 0.144927
879.574000 0.158050
880.575000 0.090097
881.584000 0.122022
882.594000 0.154408
883.595000 0.138416
884.604000 0.165407
885.605000 0.170829
886.614000 0.129269
887.615000 0.165363
888.634000 0.138430
889.674000 0.101285
890.694000 0.092541
891.724000 0.053126
892.734000 0.066368
894.114000 0.035168
895.124000 0.081267
896.244000 0.042750
897.254000 0.107761
898.374000 0.155778
899.494000 0.153365
900.495000 0.203026
901.504000 0.177562
902.524000 0.168252
903.534000 0.150378
904.664000 0.143714
905.665000 0.223754
906.674000 0.173915
907.684000 0.194345
908.694000 0.209941
909.704000 0.152289
910.854000 0.117582
911.864000 0.153053
913.003000 0.067177
914.005000 0.049150
915.075000 0.016621
916.084000 0.055588
917.204000 0.009771
918.213000 0.145159
919.243000 0.086330
920.254000 0.055429
921.273000 0.064440
922.274000 0.091109
923.283000 0.078636
924.293000 0.075925
925.403000 0.037878
926.423000 0.119700
927.554000 0.053147
928.563000 0.090838
929.594000 0.083270
930.613000 0.077865
931.614000 0.075735
932.624000 0.119197
933.634000 0.130656
934.643000 0.096356
935.653000 0.086100
936.654000 0.084731
937.663000 0.067790
938.664000 0.078216
939.683000 0.069878
940.723000 0.068346
941.746000 0.065287
942.753000 0.047547
944.033000 0.032857
945.054000 0.084494
946.075000 0.113533
947.083000 0.102626
948.125000 0.101540
949.133000 0.101786
950.146000 0.008103
951.183000 0.023375
952.213000 0.095627
953.233000 0.052789
954.363000 0.015738
955.373000 0.078155
956.563000 0.045146
957.593000 0.027891
958.623000 0.019922
959.643000 0.033860
960.666000 0.043291
961.703000 0.053111
962.713000 0.046051
963.733000 0.035875
964.753000 0.036212
966.533000 0.018141
967.563000 0.047814
969.343000 0.014789
970.363000 0.063035
971.373000 0.062151
972.383000 0.082215
973.393000 0.085202
974.453000 0.111624
975.502000 0.119465
976.523000 0.124845
977.533000 0.147268
978.553000 0.150772
979.563000 0.138108
980.583000 0.078190
981.665000 0.081334
982.683000 0.099442
983.692000 0.077942
984.753000 0.126597
985.763000 0.174872
986.773000 0.230046
987.785000 0.244489
988.803000 0.231817
989.973000 0.246214
990.974000 0.299293
991.983000 0.244672
992.993000 0.251879
993.994000 0.248412
995.003000 0.264681
996.005000 0.233568
997.013000 0.250071
998.023000 0.227242
999.024000 0.315692
1000.033000 0.237803
1001.034000 0.260524
1002.133000 0.221750
1003.144000 0.239501
1004.145000 0.181655
1005.152000 0.203774
1006.153000 0.121091
1007.163000 0.139509
1008.185000 0.144508
1009.203000 0.185446
1010.204000 0.137318
1011.212000 0.162857
1012.222000 0.169307
1013.223000 0.155779
1014.233000 0.266828
1015.243000 0.204050
1016.252000 0.219639
1017.253000 0.185746
1018.263000 0.191338
1019.272000 0.194740
1020.442000 0.210311
1021.443000 0.276060
1022.453000 0.242640
1023.472000 0.198026
1024.492000 0.132776
1025.503000 0.121787
1026.512000 0.143715
1027.542000 0.063440
1028.552000 0.086685
1029.563000 0.069009
1030.572000 0.145716
1031.573000 0.133467
1032.592000 0.210978
1033.643000 0.038365
1034.672000 0.053178
1035.682000 0.098875
1036.692000 0.089483
1037.712000 0.082003
1038.722000 0.100230
1039.732000 0.107002
1040.742000 0.052855
1041.780000 0.083029
1042.802000 0.054934
1043.862000 0.056785
1044.922000 0.033555
1046.452000 0.016094
1047.453000 0.121531
1048.462000 0.229366
1049.502000 0.121704
1050.512000 0.163520
1051.692000 0.135214
1052.703000 0.164058
1053.712000 0.168224
1054.723000 0.140458
1055.743000 0.124404
1056.792000 0.095519
1057.802000 0.120547
1058.812000 0.112208
1059.822000 0.115129
1060.842000 0.036896
1061.843000 0.065598
1062.853000 0.148926
1063.863000 0.157451
1064.883000 0.075106
1066.082000 0.037561
1067.142000 0.006453
1068.252000 0.150942
1069.462000 0.125212
1070.463000 0.169643
1071.543000 0.163153
1072.551000 0.179947
1073.562000 0.146273
1074.563000 0.166387
1075.682000 0.097367
1076.683000 0.154430
1077.691000 0.179484
1078.693000 0.155039
1079.732000 0.184068
1080.752000 0.179718
1081.763000 0.120184
1082.764000 0.183129
1083.782000 0.133266
1084.791000 0.192523
1085.803000 0.130641
1086.811000 0.158639
1087.822000 0.179964
1088.824000 0.123238
1089.832000 0.160872
1090.842000 0.209941
1091.843000 0.165073
1092.861000 0.162721
1093.872000 0.146649
1095.011000 0.161254
1096.061000 0.181265
1097.192000 0.170790
1098.202000 0.173484
1099.211000 0.174819
1100.222000 0.176485
1101.231000 0.215572
1102.242000 0.185338
1103.243000 0.176616
1104.251000 0.173489
1105.262000 0.166433
1106.271000 0.158403
1107.281000 0.173879
1108.282000 0.158816
1109.291000 0.158621
1110.362000 0.156359
1111.381000 0.202716
1112.382000 0.147718
1113.391000 0.163327
1114.402000 0.205674
1115.403000 0.177453
1116.431000 0.203758
1117.432000 0.261027
1118.451000 0.206166
1119.481000 0.232220
1120.482000 0.271960
1121.483000 0.233658
1122.491000 0.272786
1123.501000 0.201618
1124.511000 0.237030
1125.521000 0.151661
1126.522000 0.210462
1127.531000 0.133795
1128.542000 0.235442
1129.550000 0.181054
1130.561000 0.238384
1131.562000 0.168960
1132.563000 0.228228
1133.571000 0.173647
1134.581000 0.180143
1135.590000 0.175917
1136.602000 0.200063
1137.610000 0.156151
1138.621000 0.170493
1139.779000 0.128119
1140.781000 0.157163
1141.783000 0.143686
1142.921000 0.164579
1143.922000 0.209095
1144.931000 0.163970
1145.990000 0.165188
1146.991000 0.187229
1148.002000 0.229440
1149.003000 0.178046
1150.010000 0.095094
1151.030000 0.095317
1153.235000 0.007430
1154.241000 0.242282
1155.254000 0.185011
1156.401000 0.157102
1157.410000 0.193879
1158.412000 0.177310
1159.471000 0.188562
1160.480000 0.207437
1161.481000 0.146511
1162.501000 0.207882
1163.510000 0.166100
1164.511000 0.217295
1165.512000 0.194379
1166.522000 0.209850
1167.551000 0.267847
1168.620000 0.276362
1169.621000 0.247361
1170.630000 0.199302
1171.640000 0.160309
1172.650000 0.230257
1173.660000 0.213359
1174.684000 0.236461
1175.690000 0.232533
1179.210000 0.040261
1180.220000 0.680898
1181.310000 0.161104
1182.321000 0.197555
1183.330000 0.130847
1184.340000 0.193687
1185.350000 0.165954
1186.360000 0.156182
1187.361000 0.191329
1188.370000 0.155399
1189.380000 0.193727
1190.430000 0.180730
1191.440000 0.194116
1192.540000 0.183345
1193.550000 0.189624
1194.560000 0.170315
1195.561000 0.195395
1196.570000 0.214238
1197.590000 0.241702
1198.600000 0.213879
1199.610000 0.269537
1200.620000 0.229495
1201.630000 0.251929
1202.640000 0.189972
1203.650000 0.258701
1204.660000 0.204622
1205.669000 0.204725
1206.689000 0.172823
1207.691000 0.220028
1208.730000 0.175782
1209.740000 0.218067
1210.741000 0.208011
1211.749000 0.247000
1212.760000 0.186915
1213.780000 0.137980
1214.781000 0.183129
1215.850000 0.129391
1216.860000 0.185560
1217.870000 0.178788
1218.890000 0.136677
1219.900000 0.167952
1220.909000 0.144489
1221.915000 0.155035
1222.920000 0.268422
1223.930000 0.224448
1224.939000 0.241611
1225.965000 0.175763
1226.970000 0.189206
1227.979000 0.150508
1229.150000 0.137658
1230.160000 0.148990
1231.169000 0.116599
1232.170000 0.147619
1233.179000 0.178965
1234.189000 0.143424
1235.190000 0.149615
1236.200000 0.114673
1237.210000 0.185560
1238.229000 0.074429
1239.241000 0.082458
1240.260000 0.092632
1241.280000 0.100588
1243.987000 0.006055
1244.989000 0.103174
1246.069000 0.029133
1247.084000 0.020217
1248.109000 0.032031
1249.140000 0.027864
1250.180000 0.017100
1251.199000 0.026850
1252.299000 0.019898
1253.329000 0.067736
1254.469000 0.017718
1255.479000 0.083976
1255.557000 0.105231
