0.000000 0.228177
1.005000 0.331250
2.010000 0.121970
3.021000 0.220002
4.141000 0.172852
5.143000 0.339814
6.151000 0.273912
7.152000 0.318705
8.153000 0.294286
9.161000 0.399009
10.261000 0.303783
11.262000 0.305038
12.271000 0.202139
13.272000 0.291572
14.281000 0.231348
15.291000 0.163889
16.301000 0.165471
17.311000 0.168950
18.441000 0.160934
19.465000 0.196352
20.471000 0.186583
21.481000 0.169236
22.491000 0.144984
23.521000 0.179301
24.651000 0.065756
25.661000 0.201814
26.681000 0.132347
27.701000 0.131435
28.711000 0.109680
29.712000 0.252827
30.721000 0.159048
31.722000 0.224172
32.723000 0.266857
33.731000 0.200412
34.732000 0.237794
35.741000 0.173905
36.761000 0.215392
37.762000 0.227505
38.771000 0.240522
39.781000 0.174894
40.801000 0.177366
41.812000 0.244245
42.882000 0.220450
43.883000 0.301900
44.891000 0.193666
45.911000 0.260530
46.912000 0.274533
48.112000 0.317204
49.152000 0.338145
50.153000 0.374458
51.162000 0.284434
52.163000 0.284374
53.172000 0.220598
54.173000 0.256927
55.182000 0.193449
56.192000 0.234486
57.193000 0.193819
58.282000 0.178432
59.283000 0.180396
60.782000 0.121941
62.632000 0.008861
63.642000 0.526475
64.652000 0.191696
65.662000 0.181358
66.672000 0.251015
67.842000 0.207874
68.942000 0.208492
69.943000 0.237794
70.952000 0.197764
71.953000 0.192951
72.973000 0.182400
73.992000 0.165130
75.005000 0.188098
76.012000 0.196916
77.013000 0.241894
78.143000 0.160715
79.152000 0.207437
80.202000 0.140331
81.203000 0.237794
82.212000 0.219441
83.232000 0.252178
84.233000 0.184023
85.243000 0.232966
86.252000 0.205556
87.253000 0.243261
88.263000 0.199544
89.273000 0.254638
90.283000 0.209363
91.284000 0.194128
92.293000 0.250823
93.303000 0.196478
94.313000 0.281727
95.314000 0.208587
96.323000 0.208048
97.334000 0.270623
98.343000 0.240525
99.344000 0.276060
100.353000 0.205293
101.354000 0.199710
102.363000 0.221145
103.373000 0.277663
104.374000 0.224228
105.383000 0.220871
106.393000 0.226294
107.473000 0.258452
108.493000 0.267357
109.494000 0.213489
110.503000 0.267092
111.504000 0.247756
112.544000 0.240134
113.563000 0.309122
114.564000 0.265892
115.565000 0.251756
116.574000 0.251596
117.583000 0.272515
118.594000 0.253474
119.603000 0.185744
120.614000 0.089178
121.633000 0.127537
122.644000 0.166433
123.733000 0.185834
124.734000 0.169463
125.746000 0.191953
126.753000 0.164377
127.754000 0.108567
128.874000 0.228715
129.897000 0.271460
130.904000 0.188269
131.933000 0.280970
132.934000 0.256927
133.964000 0.160941
134.965000 0.203589
135.966000 0.299293
136.974000 0.184479
137.984000 0.228903
139.014000 0.154235
140.024000 0.107330
141.065000 0.151124
142.084000 0.172008
143.095000 0.089488
144.194000 0.202573
145.344000 0.172350
146.354000 0.210702
147.364000 0.279376
148.374000 0.235964
149.504000 0.171789
150.544000 0.219564
151.545000 0.273327
152.555000 0.250932
153.556000 0.205802
154.564000 0.249714
155.634000 0.193537
156.644000 0.243802
157.647000 0.257779
158.654000 0.210814
159.864000 0.257972
160.865000 0.315692
161.866000 0.242069
163.265000 0.102229
164.274000 0.150494
165.284000 0.138154
166.540000 0.082563
167.854000 0.034356
171.265000 0.099763
172.275000 0.119192
173.335000 0.119850
174.345000 0.251929
175.365000 0.132498
176.394000 0.085085
177.445000 0.050763
178.465000 0.053261
179.475000 0.074495
180.495000 0.061694
181.505000 0.054178
182.535000 0.023907
183.565000 0.024177
184.737000 0.013980
185.775000 0.274657
186.776000 0.237999
187.777000 0.221895
188.785000 0.129917
189.786000 0.173247
190.796000 0.138316
191.805000 0.151421
193.045000 0.124170
194.096000 0.137015
195.113000 0.146619
196.115000 0.091473
197.125000 0.081648
198.167000 0.097152
199.175000 0.219857
200.176000 0.248089
201.177000 0.240551
202.205000 0.204708
203.366000 0.252589
204.367000 0.280271
205.546000 0.231070
206.666000 0.288493
207.676000 0.283240
208.677000 0.373091
209.678000 0.337696
210.696000 0.333549
211.697000 0.274693
212.718000 0.266564
213.726000 0.237883
214.736000 0.299335
215.756000 0.196568
216.782000 0.282667
217.786000 0.226962
218.796000 0.207232
219.806000 0.219217
220.807000 0.215207
221.808000 0.274693
222.817000 0.232409
223.826000 0.203608
224.846000 0.232024
225.856000 0.154421
226.866000 0.162535
227.886000 0.140763
228.946000 0.080603
229.966000 0.063035
230.976000 0.157117
231.986000 0.106848
233.016000 0.093974
234.018000 0.076129
235.036000 0.052409
236.226000 0.115803
237.229000 0.229359
238.236000 0.198087
239.256000 0.097906
240.257000 0.126161
241.526000 0.096422
242.527000 0.112064
243.547000 0.147529
244.567000 0.084680
247.462000 0.005661
248.498000 0.153900
249.553000 0.035010
250.607000 0.023362
309.545000 0.000046
310.579000 0.060859
311.598000 0.031941
312.716000 0.012236
313.953000 0.100882
315.259000 0.118349
316.359000 0.117999
317.369000 0.119146
318.560000 0.126220
319.569000 0.138707
320.589000 0.098006
321.619000 0.104885
322.639000 0.080471
323.640000 0.075421
324.649000 0.175500
325.650000 0.183819
326.659000 0.232219
327.799000 0.147003
328.850000 0.206733
329.851000 0.300061
330.860000 0.262728
331.869000 0.261855
332.870000 0.214487
333.917000 0.227475
334.980000 0.268837
335.982000 0.337533
336.990000 0.294531
338.006000 0.351425
339.009000 0.272239
340.069000 0.144543
342.873000 0.019515
343.940000 0.036503
344.950000 0.194815
345.951000 0.244460
346.970000 0.270824
348.190000 0.317947
349.540000 0.276493
350.541000 0.366893
351.551000 0.365889
352.560000 0.373535
353.562000 0.391747
354.570000 0.323756
355.572000 0.308414
356.690000 0.266594
357.811000 0.266948
358.812000 0.249927
359.820000 0.245513
360.830000 0.222561
361.950000 0.241294
362.951000 0.299293
363.961000 0.237927
364.980000 0.275211
365.990000 0.192260
367.009000 0.204059
368.021000 0.164917
369.030000 0.203370
370.040000 0.105732
371.050000 0.128673
372.061000 0.125840
373.071000 0.158065
374.110000 0.207797
375.150000 0.050536
376.331000 0.027800
377.351000 0.151553
378.360000 0.092194
379.361000 0.152424
380.370000 0.112531
381.371000 0.125730
382.372000 0.185794
383.381000 0.181649
384.430000 0.066087
385.460000 0.066408
386.480000 0.054988
387.500000 0.008047
388.501000 0.061124
389.721000 0.156197
390.731000 0.239739
391.741000 0.183264
392.751000 0.235749
393.761000 0.206577
394.962000 0.197465
395.971000 0.230914
396.982000 0.235246
397.991000 0.178032
398.992000 0.216024
400.021000 0.205687
401.031000 0.147636
402.043000 0.150703
403.061000 0.148050
404.062000 0.191607
405.072000 0.101469
406.091000 0.072256
407.121000 0.082346
408.127000 0.072672
409.141000 0.071503
410.161000 0.096741
411.202000 0.081040
412.203000 0.154430
413.211000 0.185774
414.222000 0.157993
415.254000 0.194228
416.262000 0.159086
417.401000 0.107500
418.412000 0.139371
419.422000 0.103375
420.423000 0.172620
421.431000 0.178403
422.452000 0.188921
423.461000 0.185145
424.472000 0.158908
425.473000 0.164307
426.483000 0.188269
427.492000 0.122925
428.512000 0.166306
429.522000 0.169307
430.542000 0.093106
431.552000 0.180143
432.563000 0.193146
433.572000 0.138090
434.662000 0.117796
435.712000 0.168088
436.752000 0.149954
437.772000 0.051099
438.812000 0.022362
440.032000 0.016820
441.072000 0.006577
443.292000 0.001232
446.482000 0.002144
449.742000 0.005875
450.842000 0.014924
451.978000 0.008430
453.002000 0.021375
454.292000 0.013722
455.293000 0.043732
456.302000 0.057707
457.552000 0.055490
458.553000 0.084073
459.563000 0.095621
460.573000 0.089603
461.582000 0.096534
462.583000 0.139265
463.584000 0.160441
464.586000 0.162508
465.724000 0.144531
466.725000 0.238161
467.733000 0.195450
468.863000 0.190234
469.873000 0.233692
470.874000 0.245411
471.884000 0.217347
472.885000 0.209168
473.914000 0.284051
474.924000 0.193723
476.113000 0.186773
477.133000 0.152894
478.137000 0.157551
479.203000 0.149912
480.204000 0.226861
481.213000 0.084056
483.224000 0.029251
484.245000 0.226114
485.254000 0.195247
486.424000 0.169629
487.834000 0.185005
488.844000 0.243327
489.854000 0.237841
490.865000 0.236733
491.923000 0.221248
493.003000 0.203253
494.014000 0.189794
495.034000 0.187221
496.035000 0.230961
497.044000 0.191761
498.045000 0.209095
499.074000 0.131583
500.084000 0.257347
501.094000 0.180613
502.095000 0.226861
503.164000 0.191073
504.174000 0.262764
505.184000 0.153334
506.194000 0.230257
507.204000 0.164917
508.205000 0.213195
509.214000 0.146492
510.234000 0.209941
511.244000 0.167584
512.245000 0.163101
513.246000 0.166729
514.264000 0.124458
515.265000 0.133639
516.434000 0.147925
517.584000 0.159439
518.587000 0.220011
519.605000 0.213648
520.745000 0.177242
521.746000 0.197650
522.855000 0.232718
523.856000 0.230961
524.865000 0.194402
525.874000 0.192833
526.875000 0.175569
528.034000 0.211965
529.095000 0.204352
530.194000 0.194956
531.205000 0.177376
532.207000 0.169373
533.325000 0.201423
534.345000 0.245435
535.346000 0.169130
536.354000 0.150886
537.355000 0.215928
538.356000 0.178648
539.365000 0.223999
540.366000 0.222761
541.375000 0.097345
542.425000 0.066446
543.434000 0.071857
544.445000 0.102837
545.475000 0.079689
546.794000 0.019003
548.505000 0.005600
549.545000 0.230559
550.555000 0.176910
551.556000 0.243570
552.585000 0.167677
553.595000 0.213553
554.605000 0.169953
555.608000 0.150570
556.635000 0.200329
557.636000 0.289310
558.646000 0.311228
559.655000 0.256635
560.665000 0.281145
561.676000 0.391442
562.686000 0.333196
563.696000 0.321555
564.705000 0.216232
565.706000 0.347125
566.715000 0.297462
567.716000 0.324598
568.718000 0.368373
569.719000 0.337593
570.721000 0.342447
571.736000 0.427523
572.746000 0.278544
573.767000 0.376674
574.776000 0.275176
575.786000 0.287145
576.866000 0.176105
577.876000 0.219422
578.886000 0.197105
579.887000 0.271960
580.906000 0.118888
581.926000 0.245259
582.927000 0.240743
583.928000 0.323892
585.017000 0.289639
586.018000 0.430131
587.027000 0.408395
588.028000 0.463527
589.036000 0.401473
590.037000 0.382247
591.046000 0.494866
592.056000 0.325778
593.057000 0.308671
594.066000 0.256167
595.068000 0.268160
596.076000 0.266451
597.077000 0.256946
598.296000 0.289891
599.297000 0.341658
600.306000 0.152581
601.317000 0.128546
602.327000 0.096166
603.356000 0.075778
604.587000 0.044452
605.608000 0.080660
606.626000 0.029564
607.630000 0.035426
608.666000 0.072625
610.347000 0.053692
611.367000 0.134561
612.370000 0.158213
613.377000 0.135319
614.387000 0.178788
615.388000 0.117120
616.437000 0.127631
617.447000 0.109711
618.477000 0.095627
619.587000 0.013528
620.607000 0.030847
622.332000 0.014275
623.375000 0.217439
624.377000 0.216430
625.387000 0.162547
626.398000 0.220908
627.407000 0.172771
628.457000 0.179632
629.477000 0.249561
630.478000 0.250063
631.479000 0.227047
632.489000 0.217895
633.507000 0.229323
634.528000 0.220844
635.537000 0.199090
636.538000 0.220408
637.608000 0.210227
638.609000 0.225495
639.627000 0.109719
640.647000 0.046941
641.657000 0.047406
642.958000 0.014721
644.649000 0.001618
645.657000 0.153053
646.697000 0.139450
647.717000 0.134118
648.718000 0.097259
649.737000 0.118139
650.857000 0.091912
651.863000 0.073431
652.868000 0.062615
653.877000 0.075925
654.888000 0.087163
655.889000 0.073798
656.897000 0.048914
657.948000 0.044255
658.969000 0.029477
660.007000 0.038220
661.028000 0.042941
662.038000 0.066368
663.048000 0.038279
664.138000 0.046099
665.198000 0.050332
666.258000 0.023230
667.268000 0.015898
683.338000 0.000681
684.418000 0.044860
685.508000 0.071147
686.528000 0.071082
687.548000 0.103333
688.557000 0.075141
689.558000 0.101506
690.568000 0.129235
691.668000 0.136132
692.669000 0.205535
693.688000 0.166839
694.918000 0.173775
695.928000 0.137993
696.938000 0.119192
698.038000 0.046915
699.039000 0.174609
700.198000 0.104251
701.238000 0.084185
702.249000 0.012178
703.318000 0.006866
704.328000 0.040634
705.579000 0.049565
707.038000 0.070334
708.058000 0.116797
709.068000 0.033561
710.069000 0.101677
711.078000 0.089420
712.090000 0.125735
713.119000 0.103697
714.132000 0.060784
715.138000 0.127959
716.139000 0.134102
717.149000 0.165036
718.158000 0.149785
719.228000 0.171971
720.238000 0.247525
721.239000 0.332092
722.250000 0.273765
723.299000 0.256787
724.331000 0.167023
725.332000 0.216862
726.339000 0.240155
727.340000 0.248294
728.350000 0.241634
729.351000 0.237939
730.530000 0.230718
731.540000 0.342677
732.541000 0.288156
733.589000 0.247061
734.590000 0.326625
735.611000 0.234907
736.619000 0.285000
737.629000 0.238603
738.630000 0.244057
739.631000 0.293826
740.659000 0.215514
741.670000 0.257453
742.739000 0.279104
743.740000 0.262394
744.741000 0.246059
745.759000 0.284157
746.870000 0.263914
747.879000 0.241332
748.889000 0.186741
749.934000 0.227782
750.939000 0.141521
751.960000 0.068333
753.025000 0.023121
754.031000 0.055753
755.039000 0.059714
756.080000 0.038085
757.100000 0.032188
758.139000 0.028966
759.150000 0.041947
760.179000 0.083146
761.200000 0.081590
762.689000 0.043698
763.710000 0.093790
764.720000 0.075748
765.730000 0.117838
766.739000 0.097446
767.740000 0.114797
768.760000 0.058400
770.780000 0.010836
771.830000 0.184384
772.910000 0.147553
773.942000 0.247366
775.070000 0.183119
776.071000 0.232385
777.080000 0.229771
778.090000 0.160338
779.100000 0.208816
780.101000 0.213902
781.110000 0.204877
782.291000 0.215531
783.471000 0.240115
784.570000 0.231201
785.591000 0.204583
786.670000 0.224150
787.671000 0.238713
788.871000 0.228866
789.872000 0.273327
790.881000 0.207322
791.882000 0.161911
793.020000 0.192173
794.021000 0.244627
795.022000 0.193495
796.030000 0.197576
797.031000 0.237794
798.051000 0.192073
799.060000 0.176320
800.061000 0.207728
801.071000 0.199348
802.080000 0.226418
803.101000 0.163859
804.110000 0.170831
805.281000 0.138133
806.291000 0.214004
807.312000 0.241175
808.321000 0.159922
809.331000 0.228903
810.351000 0.194076
811.361000 0.239739
812.561000 0.190062
813.571000 0.212650
814.572000 0.222761
815.591000 0.196124
816.601000 0.260055
817.611000 0.184070
818.612000 0.230961
819.621000 0.178026
820.631000 0.205877
821.641000 0.155082
822.651000 0.157117
823.671000 0.128419
824.681000 0.176079
825.682000 0.114359
826.871000 0.131331
827.881000 0.127319
828.901000 0.150908
829.911000 0.189624
830.912000 0.074069
831.922000 0.220776
832.932000 0.194264
833.952000 0.206039
834.953000 0.256120
835.954000 0.324200
836.962000 0.250619
838.081000 0.228112
839.282000 0.288882
840.662000 0.299538
841.783000 0.345576
842.862000 0.323310
843.992000 0.332540
844.993000 0.388124
845.995000 0.337327
847.002000 0.411570
848.005000 0.420577
849.092000 0.267017
850.222000 0.311751
851.233000 0.334220
852.242000 0.281040
853.243000 0.341044
854.432000 0.305387
855.433000 0.240970
856.442000 0.255056
857.443000 0.252594
858.444000 0.260337
859.473000 0.240830
860.483000 0.237533
861.484000 0.258018
862.573000 0.238704
863.743000 0.244615
864.753000 0.299335
865.762000 0.204317
867.523000 0.009304
868.533000 0.611511
869.558000 0.253633
870.573000 0.223732
873.202000 0.008146
874.203000 0.655356
875.213000 0.231612
876.222000 0.193472
877.223000 0.258294
878.233000 0.194424
879.242000 0.195975
880.253000 0.259988
881.254000 0.178276
882.413000 0.210330
883.423000 0.260055
884.623000 0.220429
885.633000 0.257347
886.643000 0.216551
887.654000 0.219205
888.663000 0.202950
889.673000 0.232966
890.683000 0.177032
891.684000 0.241894
892.694000 0.200307
893.833000 0.195240
894.843000 0.264119
895.993000 0.219075
896.994000 0.226861
898.183000 0.248662
899.184000 0.326625
900.194000 0.213722
901.243000 0.114761
902.244000 0.110697
903.273000 0.213348
904.333000 0.129057
905.365000 0.100744
906.584000 0.150477
907.593000 0.139647
908.614000 0.146596
909.623000 0.181677
910.624000 0.122827
911.633000 0.142359
912.833000 0.130541
913.834000 0.200895
914.853000 0.116748
915.854000 0.184496
916.873000 0.114329
917.883000 0.143572
918.884000 0.128464
919.924000 0.079168
920.933000 0.130157
922.033000 0.086956
923.043000 0.107002
924.054000 0.123134
925.056000 0.088466
926.064000 0.158786
927.084000 0.112861
928.497000 0.011653
929.504000 0.394498
930.505000 0.132442
931.514000 0.121946
932.576000 0.095292
933.704000 0.090624
934.724000 0.085835
935.734000 0.086685
936.744000 0.078727
937.764000 0.067059
938.784000 0.039615
939.794000 0.075850
940.824000 0.063751
941.854000 0.037935
942.874000 0.030847
943.877000 0.113967
944.885000 0.174062
945.894000 0.169758
947.035000 0.132014
948.045000 0.189818
949.275000 0.168098
950.276000 0.218689
951.285000 0.170858
952.286000 0.212952
953.295000 0.173630
954.296000 0.203017
955.304000 0.222563
956.315000 0.200340
957.316000 0.187292
958.325000 0.205651
959.345000 0.211997
960.535000 0.177636
961.735000 0.172857
962.875000 0.190066
964.015000 0.200808
965.025000 0.254638
966.026000 0.191736
967.035000 0.246755
968.036000 0.157249
969.045000 0.177610
970.055000 0.167952
971.085000 0.118101
972.095000 0.143572
973.096000 0.149063
974.105000 0.119069
975.125000 0.147529
976.138000 0.109730
977.335000 0.127394
978.336000 0.155796
979.346000 0.131747
980.356000 0.159826
981.365000 0.130780
982.376000 0.146699
983.377000 0.171605
984.555000 0.121906
985.636000 0.165219
987.016000 0.146115
988.025000 0.157273
989.026000 0.158040
990.035000 0.206081
991.036000 0.157734
992.056000 0.153919
993.065000 0.181677
994.066000 0.144708
995.067000 0.213195
996.076000 0.143557
997.246000 0.138021
998.257000 0.156961
999.266000 0.144048
1000.565000 0.116961
1001.576000 0.103465
1006.933000 0.013279
1007.983000 0.060585
1008.984000 0.122578
1010.013000 0.184570
1011.193000 0.185158
1012.203000 0.243435
1013.403000 0.162317
1014.413000 0.139915
1015.415000 0.108226
1016.463000 0.160140
1017.473000 0.177434
1018.483000 0.115562
1019.488000 0.141564
1020.663000 0.104412
1021.683000 0.160941
1022.703000 0.093429
1023.704000 0.155796
1024.713000 0.168119
1025.733000 0.150376
1026.743000 0.196396
1027.744000 0.140501
1028.753000 0.188456
1029.754000 0.141552
1030.774000 0.179718
1031.783000 0.146812
1032.863000 0.177998
1033.873000 0.212650
1034.884000 0.152590
1036.044000 0.173620
1037.284000 0.192048
1038.294000 0.240532
1039.295000 0.239603
1040.304000 0.265102
1041.313000 0.261268
1042.314000 0.247124
1043.325000 0.240855
1044.334000 0.254784
1045.335000 0.242721
1046.494000 0.207689
1047.503000 0.204019
1048.504000 0.228228
1049.955000 0.011292
1050.964000 0.523353
1051.965000 0.258294
1052.984000 0.215039
1053.985000 0.286993
1054.994000 0.232135
1055.995000 0.213284
1057.004000 0.251071
1058.006000 0.156500
1059.014000 0.222571
1060.034000 0.158674
1061.054000 0.144847
1062.064000 0.073141
1063.094000 0.042501
1064.114000 0.042030
1065.484000 0.030955
1066.534000 0.032602
1067.554000 0.014753
1068.604000 0.013029
1069.614000 0.033861
1070.644000 0.047814
1071.704000 0.026177
1072.725000 0.030817
1073.744000 0.036247
1074.784000 0.070392
1075.804000 0.069871
1076.834000 0.034296
1077.864000 0.050470
1078.885000 0.066993
1079.904000 0.087292
1080.914000 0.082504
1081.975000 0.073036
1082.995000 0.096565
1084.007000 0.096042
1085.015000 0.065544
1086.055000 0.065769
1087.075000 0.048282
1088.104000 0.039012
1089.125000 0.036176
1090.141000 0.039593
1091.295000 0.056811
1092.315000 0.032188
1093.338000 0.049478
1094.345000 0.081828
1095.355000 0.086260
1096.635000 0.028301
1097.755000 0.025673
1098.766000 0.068623
1099.775000 0.067855
1100.785000 0.053314
1101.815000 0.052808
1113.083000 0.000364
1114.093000 0.022361
1115.094000 0.045099
1116.163000 0.053551
1117.255000 0.075821
1118.314000 0.120947
1119.324000 0.149921
1120.464000 0.151532
1121.465000 0.177380
1122.484000 0.180605
1123.544000 0.179380
1124.594000 0.186754
1125.595000 0.244401
1126.774000 0.193881
1127.775000 0.212438
1128.825000 0.249889
1129.944000 0.243279
1131.114000 0.239778
1132.684000 0.182671
1133.697000 0.140763
1134.704000 0.245740
1135.705000 0.251701
1136.714000 0.258330
1137.715000 0.253904
1138.975000 0.212708
1140.044000 0.262803
1141.164000 0.249916
1142.324000 0.246149
1143.364000 0.226819
1144.374000 0.235231
1145.375000 0.239161
1146.404000 0.075556
1147.415000 0.174552
1148.464000 0.169506
1149.465000 0.217295
1150.595000 0.144297
1151.634000 0.157998
1152.765000 0.162158
1153.775000 0.158628
1154.784000 0.147557
1155.804000 0.120706
1156.810000 0.098419
1157.815000 0.109423
1158.835000 0.108397
1159.844000 0.116592
1160.894000 0.143851
1161.923000 0.169168
1162.924000 0.150452
1163.925000 0.173562
1164.945000 0.132060
1166.005000 0.161123
1167.016000 0.221911
1168.025000 0.107266
1169.035000 0.142218
1170.055000 0.172186
1171.065000 0.103710
1172.066000 0.150330
1173.205000 0.103104
1174.817000 0.010164
1175.825000 0.349115
1176.995000 0.118481
1178.005000 0.148990
1179.015000 0.117418
1180.035000 0.119365
1181.075000 0.077741
1182.085000 0.079913
1183.135000 0.053487
1184.142000 0.105962
1185.155000 0.098582
1186.175000 0.092550
1187.185000 0.093457
1188.196000 0.087819
1189.205000 0.105752
1190.235000 0.101047
1191.315000 0.112985
1192.325000 0.135446
1193.335000 0.090209
1194.355000 0.170329
1195.365000 0.096787
1196.383000 0.089185
1197.385000 0.141988
1198.435000 0.078159
1199.455000 0.049624
1200.465000 0.075850
1201.475000 0.049985
1202.486000 0.067656
1203.515000 0.043872
1204.785000 0.029635
1205.825000 0.036831
1206.835000 0.035216
1207.875000 0.035515
1209.145000 0.033768
1210.185000 0.034200
1211.215000 0.031876
1212.256000 0.034167
1213.306000 0.035177
1214.526000 0.052648
1215.536000 0.062305
1216.546000 0.046129
1217.556000 0.065014
1218.557000 0.050278
1219.626000 0.040256
1220.646000 0.076484
1221.666000 0.080233
1222.697000 0.075133
1223.706000 0.076373
1224.716000 0.070256
1225.717000 0.062413
1226.726000 0.047119
1227.757000 0.068997
1228.786000 0.040247
1229.796000 0.038189
1230.806000 0.026538
1231.826000 0.030847
1232.846000 0.025482
1233.889000 0.017330
1234.896000 0.020438
1238.957000 0.004034
1239.967000 0.094277
1240.986000 0.028192
1242.016000 0.015691
1243.036000 0.033529
1244.047000 0.048539
1245.256000 0.052019
1246.287000 0.031845
1247.307000 0.038283
1248.337000 0.050470
1249.376000 0.036255
1250.487000 0.042222
1251.497000 0.060737
1252.502000 0.079360
1253.507000 0.098088
1254.738000 0.076015
1255.747000 0.091558
1256.767000 0.082003
1257.787000 0.085696
1258.807000 0.084676
1259.808000 0.128589
1260.997000 0.109893
1262.027000 0.124283
1263.028000 0.146230
1264.037000 0.110225
1265.038000 0.111021
1266.047000 0.134706
1267.048000 0.138674
1268.057000 0.122725
1269.059000 0.169293
1270.068000 0.136201
1271.238000 0.139138
1272.247000 0.181548
1273.287000 0.161421
1274.298000 0.215145
1275.299000 0.173282
1276.338000 0.177770
1277.340000 0.236192
1278.539000 0.175581
1279.547000 0.059005
1280.602000 0.159026
1281.978000 0.140642
1282.979000 0.204995
1283.980000 0.202262
1284.998000 0.152585
1286.005000 0.196981
1287.008000 0.162028
1288.019000 0.194849
1289.038000 0.175867
1290.039000 0.140396
1292.448000 0.063034
1293.628000 0.264335
1294.638000 0.195042
1295.708000 0.153111
1296.719000 0.198908
1297.739000 0.205200
1298.748000 0.149807
1299.893000 0.014309
1300.898000 0.332277
1301.921000 0.139673
1302.929000 0.191357
1303.939000 0.154833
1304.940000 0.148963
1305.958000 0.102265
1306.968000 0.112420
1307.969000 0.108463
1308.988000 0.108503
1310.019000 0.092881
1311.020000 0.070731
1312.028000 0.103143
1313.048000 0.067075
1314.058000 0.115568
1315.080000 0.123326
1316.088000 0.140566
1317.089000 0.120781
1318.100000 0.148417
1319.338000 0.137906
1320.340000 0.151130
1321.349000 0.172708
1322.379000 0.067957
1323.409000 0.145597
1324.528000 0.143347
1325.629000 0.140775
1326.639000 0.109711
1327.640000 0.128832
1328.648000 0.142084
1329.660000 0.133586
1330.669000 0.120545
1331.679000 0.132394
1332.699000 0.148884
1333.700000 0.145549
1334.709000 0.152173
1335.710000 0.158196
1336.809000 0.196099
1337.819000 0.247865
1338.820000 0.138380
1339.830000 0.185731
1340.870000 0.174946
1341.876000 0.132710
1342.889000 0.220122
1343.890000 0.175659
1344.899000 0.229130
1345.907000 0.165571
1346.939000 0.113507
1347.950000 0.092012
1348.959000 0.097617
1349.969000 0.090018
1350.979000 0.101584
1351.989000 0.074495
1353.009000 0.080471
1354.020000 0.068943
1355.050000 0.092723
1356.070000 0.104612
1357.080000 0.088248
1358.090000 0.104741
1359.091000 0.124823
1360.109000 0.137955
1361.110000 0.158529
1362.130000 0.100174
1363.131000 0.162543
1364.150000 0.153740
1365.170000 0.176235
1366.180000 0.154689
1367.190000 0.181720
1368.191000 0.134269
1369.210000 0.157546
1370.230000 0.211504
1371.240000 0.176079
1372.250000 0.168117
1373.260000 0.228903
1374.270000 0.132903
1375.280000 0.211295
1376.340000 0.143191
1377.341000 0.183129
1378.351000 0.125432
1379.360000 0.164052
1380.361000 0.125370
1381.370000 0.078636
1382.380000 0.104293
1383.381000 0.137953
1384.430000 0.156081
1385.450000 0.136936
1386.451000 0.128820
1387.460000 0.200658
1388.461000 0.182001
1389.470000 0.139030
1390.491000 0.163506
1391.492000 0.103554
1392.498000 0.212135
1393.501000 0.127053
1394.511000 0.182851
1395.531000 0.159848
1396.540000 0.174616
1397.570000 0.088986
1398.590000 0.063035
1399.600000 0.095106
1400.611000 0.177485
1401.620000 0.118551
1402.621000 0.135297
1403.651000 0.117832
1404.662000 0.113084
1405.681000 0.094344
1406.691000 0.125964
1407.701000 0.098685
1408.710000 0.078257
1409.711000 0.064914
1410.921000 0.081710
1411.922000 0.122214
1412.991000 0.095054
1413.992000 0.184465
1415.102000 0.130419
1416.121000 0.081802
1417.142000 0.087063
1418.150000 0.088214
1419.171000 0.063075
1420.266000 0.014963
1421.421000 0.145325
1422.423000 0.182946
1423.432000 0.135392
1424.442000 0.163131
1425.533000 0.140053
1426.542000 0.152320
1427.552000 0.151303
1428.553000 0.178901
1429.561000 0.126202
1430.571000 0.102939
1431.582000 0.080367
1432.591000 0.101685
1433.592000 0.139864
1434.618000 0.161293
1435.622000 0.149349
1436.631000 0.165407
1437.635000 0.145123
1438.642000 0.142951
1439.652000 0.172016
1440.653000 0.147376
1441.672000 0.191367
1442.692000 0.122047
1443.722000 0.041173
1444.744000 0.154735
1445.762000 0.111140
1446.783000 0.133958
1447.792000 0.111860
1448.793000 0.192695
1449.802000 0.167721
1450.812000 0.196748
1451.852000 0.191443
1452.853000 0.263760
1453.863000 0.183367
1454.872000 0.168888
1455.873000 0.127097
1457.072000 0.098947
1458.102000 0.061095
1459.104000 0.087377
1460.112000 0.076000
1461.132000 0.069573
1462.151000 0.109004
1463.152000 0.105231
1464.182000 0.090496
1465.183000 0.134346
1466.184000 0.190958
1467.203000 0.160493
1468.423000 0.150201
1469.463000 0.179167
1470.464000 0.157525
1471.483000 0.188734
1472.503000 0.182263
1473.513000 0.163343
1474.523000 0.155008
1475.533000 0.200459
1476.543000 0.143119
1477.963000 0.106908
1478.973000 0.102939
1479.974000 0.132787
1480.983000 0.174898
1481.993000 0.139311
1482.994000 0.153508
1484.063000 0.159171
1485.083000 0.199383
1486.093000 0.195922
1487.103000 0.163259
1488.113000 0.113774
1489.123000 0.089478
1490.124000 0.247361
1491.125000 0.200228
1492.133000 0.229994
1493.144000 0.186595
1494.145000 0.157163
1495.154000 0.130614
1496.155000 0.196950
1497.164000 0.208177
1498.254000 0.248273
1499.255000 0.280160
1500.264000 0.181822
1501.273000 0.153205
1502.373000 0.126207
1503.393000 0.123388
1504.403000 0.083976
1506.154000 0.028907
1507.164000 0.100513
1508.165000 0.168096
1509.173000 0.076197
1510.183000 0.101584
1511.344000 0.072564
1512.363000 0.099344
1513.373000 0.145933
1514.384000 0.126953
1515.404000 0.124729
1516.413000 0.085806
1517.414000 0.176296
1518.424000 0.191451
1519.434000 0.228211
1520.454000 0.179975
1521.464000 0.200459
1522.474000 0.116999
1523.484000 0.153053
1524.504000 0.155442
1525.505000 0.150682
1526.514000 0.145070
1527.524000 0.138246
1528.525000 0.131095
1529.894000 0.193307
1531.014000 0.134130
1532.015000 0.131197
1533.074000 0.106201
1534.104000 0.118206
1535.114000 0.077204
1536.644000 0.019671
1537.664000 0.035372
1538.694000 0.029219
1539.784000 0.017571
1540.844000 0.019358
1541.914000 0.020456
1549.106000 0.002278
1550.114000 0.102862
1551.154000 0.023677
1552.194000 0.026511
1553.214000 0.044259
1554.404000 0.032642
1555.414000 0.029798
1556.474000 0.037426
1557.475000 0.042825
1558.494000 0.048330
1559.505000 0.039781
1560.525000 0.036182
1561.804000 0.048339
1562.814000 0.052876
1563.825000 0.036977
1564.874000 0.046948
1565.875000 0.065272
1566.885000 0.103306
1567.889000 0.130396
1568.975000 0.098430
1569.976000 0.148004
1571.199000 0.114820
1572.275000 0.105639
1573.445000 0.104157
1574.455000 0.163476
1575.465000 0.141524
1576.675000 0.119973
1577.836000 0.144035
1579.045000 0.145917
1580.175000 0.147166
1581.176000 0.166729
1582.195000 0.127915
1583.206000 0.158115
1584.215000 0.172473
1585.235000 0.156651
1586.246000 0.187497
1587.256000 0.214567
1588.326000 0.233488
1589.327000 0.274693
1590.337000 0.192658
1591.346000 0.208805
1592.356000 0.255680
1593.357000 0.224196
1594.375000 0.219033
1595.376000 0.232328
1596.396000 0.174855
1597.406000 0.168473
1598.415000 0.144178
1599.426000 0.182671
1600.436000 0.133211
1601.606000 0.141939
1602.616000 0.200459
1603.636000 0.146584
1604.646000 0.157117
1605.666000 0.097454
1606.667000 0.159403
1607.696000 0.159665
1608.846000 0.142557
1609.847000 0.163996
1610.856000 0.147915
1611.877000 0.182221
1612.886000 0.163301
1614.046000 0.136035
1615.056000 0.167952
1616.066000 0.125964
1617.077000 0.083997
1618.086000 0.042030
1619.326000 0.023168
1620.336000 0.102939
1621.356000 0.061694
1622.366000 0.046539
1623.376000 0.081267
1624.386000 0.094812
1625.406000 0.064478
1626.437000 0.083593
1627.446000 0.073182
1628.466000 0.063035
1629.476000 0.058242
1630.496000 0.065718
1631.537000 0.054506
1632.556000 0.067125
1633.576000 0.055215
1634.577000 0.068332
1635.606000 0.059714
1636.626000 0.029382
1637.646000 0.048282
1638.676000 0.049142
1639.700000 0.033143
1640.736000 0.048282
1641.737000 0.051932
1642.767000 0.047773
1643.837000 0.051607
1645.047000 0.051955
1646.087000 0.057877
1647.107000 0.037563
1648.117000 0.061423
1649.187000 0.066436
1650.197000 0.080450
1651.207000 0.073369
1652.227000 0.060409
1653.747000 0.037509
1654.757000 0.056887
1655.777000 0.052328
1656.917000 0.042065
1658.207000 0.028170
1659.227000 0.050965
1660.248000 0.042971
1661.267000 0.047688
1662.277000 0.054178
1663.317000 0.042781
1664.328000 0.046793
1665.337000 0.050484
1666.447000 0.056018
1667.467000 0.063345
1668.537000 0.061036
1669.657000 0.060615
1670.668000 0.064350
1671.900000 0.072271
1672.905000 0.073922
1673.907000 0.084628
1674.918000 0.089926
1675.923000 0.094203
1677.108000 0.065290
1678.118000 0.097675
1679.128000 0.126291
1680.138000 0.113717
1681.148000 0.095960
1682.278000 0.087430
1683.288000 0.085331
1684.298000 0.083468
1685.318000 0.072829
1686.578000 0.061044
1687.598000 0.084494
1688.618000 0.072326
1689.638000 0.059012
1690.648000 0.028901
1691.658000 0.086685
1692.678000 0.060789
1693.828000 0.071313
1694.879000 0.115899
1695.880000 0.166081
1696.888000 0.186417
1697.890000 0.166056
1698.898000 0.143604
1699.910000 0.159418
1700.919000 0.176087
1702.029000 0.147336
1703.030000 0.183129
1704.031000 0.165269
1705.038000 0.132687
1706.239000 0.112802
1707.248000 0.215572
1708.258000 0.134080
1709.269000 0.156961
1710.278000 0.061353
1711.368000 0.051457
1712.369000 0.072432
1713.378000 0.122154
1714.379000 0.140394
1715.380000 0.164471
1716.579000 0.126414
1717.589000 0.140863
1718.609000 0.119125
1719.779000 0.089633
1720.799000 0.087176
1721.819000 0.082956
1722.829000 0.079913
1724.029000 0.095407
1725.049000 0.140824
1726.059000 0.064946
1727.069000 0.065014
1728.119000 0.057326
1729.309000 0.037202
1730.319000 0.058242
1731.400000 0.015156
1732.409000 0.156267
1733.419000 0.108727
1734.420000 0.142384
1735.529000 0.119593
1736.530000 0.099955
1737.539000 0.109152
1738.540000 0.133133
1739.549000 0.113470
1740.749000 0.097136
1741.760000 0.126235
1742.859000 0.139441
1743.869000 0.188269
1744.870000 0.156804
1745.872000 0.151751
1746.880000 0.157172
1747.892000 0.161702
1749.100000 0.164534
1750.310000 0.157178
1751.500000 0.159846
1753.100000 0.116451
1754.110000 0.178788
1755.130000 0.124513
1756.139000 0.183033
1757.140000 0.126958
1758.320000 0.138043
1759.330000 0.193687
1760.340000 0.151532
1761.520000 0.155593
1762.650000 0.165855
1763.750000 0.078323
1764.881000 0.093135
1765.890000 0.098388
1766.900000 0.136800
1767.904000 0.110288
1768.920000 0.152150
1769.930000 0.114962
1770.941000 0.166433
1771.950000 0.118532
1772.960000 0.163889
1773.961000 0.130644
1775.111000 0.129924
1776.113000 0.188407
1777.281000 0.163142
1778.290000 0.210149
1779.301000 0.159433
1780.311000 0.219422
1781.312000 0.167145
1782.351000 0.172263
1783.360000 0.193879
1784.540000 0.073286
1785.630000 0.051457
1786.800000 0.026892
1787.905000 0.043433
1788.930000 0.057389
1789.960000 0.062423
1790.990000 0.044761
1792.026000 0.051498
1794.182000 0.007599
1797.061000 0.034308
1798.071000 0.107693
1799.081000 0.070558
1800.091000 0.088821
1801.101000 0.044349
1802.102000 0.095910
1803.291000 0.080556
1804.402000 0.099302
1805.521000 0.105526
1806.522000 0.107992
1807.531000 0.107108
1808.541000 0.064450
1809.551000 0.092103
1810.601000 0.045600
1811.701000 0.030674
1812.711000 0.107002
1813.722000 0.104259
1814.731000 0.096739
1815.812000 0.085747
1816.871000 0.145972
1817.872000 0.225650
1818.892000 0.296803
1819.923000 0.209479
1820.972000 0.263737
1821.973000 0.300525
1822.974000 0.269560
1823.992000 0.308367
1824.995000 0.326809
1826.003000 0.224890
1827.012000 0.215881
1828.022000 0.245156
1829.023000 0.208045
1830.032000 0.275865
1831.033000 0.235061
1832.042000 0.211933
1833.043000 0.254591
1834.062000 0.218500
1835.072000 0.166214
1836.283000 0.276111
1837.482000 0.311015
1838.722000 0.263671
1839.723000 0.229009
1840.782000 0.185221
1841.802000 0.244094
1842.803000 0.232713
1843.812000 0.257602
1844.817000 0.206603
1845.822000 0.234705
1846.832000 0.269537
1847.835000 0.237460
1848.842000 0.231314
1849.843000 0.295193
1850.854000 0.213054
1851.862000 0.275903
1853.013000 0.259751
1854.014000 0.280160
1855.023000 0.252404
1856.142000 0.272045
1857.153000 0.288214
1858.163000 0.226274
1859.173000 0.251929
1860.183000 0.197056
1861.212000 0.273866
1862.213000 0.198887
1863.232000 0.209160
1864.233000 0.267860
1865.253000 0.246731
1866.254000 0.392031
1867.255000 0.407257
1868.263000 0.347832
1869.403000 0.279518
1870.405000 0.395928
1871.424000 0.355756
1872.443000 0.289547
1873.583000 0.256996
1874.584000 0.310226
1875.595000 0.296854
1876.703000 0.302882
1877.704000 0.346756
1878.708000 0.386698
1879.713000 0.349789
1880.934000 0.338344
1881.938000 0.447817
1882.943000 0.481119
1883.954000 0.298268
1884.955000 0.346384
1886.023000 0.322884
1887.024000 0.436305
1888.054000 0.332814
1889.064000 0.420340
1890.070000 0.395602
1891.073000 0.351806
1892.083000 0.349869
1893.087000 0.329519
1894.094000 0.300889
1895.114000 0.259538
1896.133000 0.351849
1897.134000 0.280938
1898.144000 0.235547
1899.153000 0.235903
1900.159000 0.227164
1901.204000 0.237195
1902.304000 0.258506
1903.305000 0.332146
1904.314000 0.243803
1905.315000 0.255681
1906.454000 0.274701
1908.465000 0.010204
1909.494000 0.736326
1910.504000 0.312879
1911.514000 0.270891
1912.704000 0.284611
1913.804000 0.328320
1914.805000 0.280317
1915.814000 0.294204
1916.815000 0.221510
1917.816000 0.265452
1918.984000 0.291547
1919.985000 0.365239
1920.994000 0.359063
1921.996000 0.341658
1923.004000 0.234454
1924.005000 0.293076
1925.094000 0.292789
1926.204000 0.280424
1927.414000 0.250731
1928.415000 0.218661
1929.424000 0.213173
1930.425000 0.229466
1931.426000 0.286390
1932.484000 0.349405
1933.485000 0.418190
1934.495000 0.293206
1935.496000 0.287963
1936.604000 0.363977
1937.605000 0.414090
1938.606000 0.356994
1939.614000 0.333659
1940.625000 0.237003
1941.635000 0.365703
1942.645000 0.275046
1943.654000 0.280435
1944.655000 0.231211
1945.656000 0.351225
1946.665000 0.265898
1947.695000 0.301385
1948.715000 0.293113
1949.716000 0.366993
1950.725000 0.359286
1951.735000 0.302932
1952.746000 0.288201
1953.755000 0.265685
1954.765000 0.273588
1955.775000 0.237543
1956.785000 0.348095
1957.867000 0.288569
1958.876000 0.223777
1959.877000 0.318426
1960.886000 0.226221
1961.986000 0.236227
1962.996000 0.306107
1964.004000 0.252883
1965.005000 0.319792
1966.006000 0.236006
1967.024000 0.301014
1968.045000 0.334882
1970.396000 0.023182
1971.577000 0.613936
1972.585000 0.158786
1973.586000 0.235061
1974.587000 0.265127
1975.596000 0.239877
1976.597000 0.307493
1977.606000 0.216360
1978.608000 0.259401
1979.616000 0.182695
1980.617000 0.311592
1981.626000 0.234212
1982.627000 0.237159
1983.835000 0.235675
1984.836000 0.297926
1985.837000 0.237746
1986.846000 0.311833
1987.856000 0.228447
1988.876000 0.345758
1989.986000 0.256185
1991.046000 0.253486
1992.048000 0.278676
1993.056000 0.380000
1994.076000 0.310478
1996.887000 0.057426
1998.166000 0.567398
1999.167000 0.228228
2000.168000 0.265127
2001.337000 0.230053
2002.338000 0.329359
2003.346000 0.359643
2004.347000 0.310666
2005.349000 0.418750
2006.356000 0.311248
2007.366000 0.172016
2008.506000 0.067034
2009.826000 0.048709
2010.828000 0.013666
2011.986000 0.195867
2013.117000 0.357235
2014.127000 0.391826
2015.337000 0.315790
2016.338000 0.420245
2017.346000 0.235436
2018.347000 0.215928
2019.348000 0.185883
2020.358000 0.284154
2021.367000 0.234633
2022.447000 0.232067
2023.457000 0.276309
2024.467000 0.151130
2025.468000 0.175212
2026.476000 0.248357
2027.478000 0.193937
2028.487000 0.206077
2029.527000 0.194986
2030.557000 0.249704
2031.567000 0.220474
2032.577000 0.230568
2033.588000 0.239387
2034.597000 0.201713
2035.617000 0.226680
2036.627000 0.235691
2037.637000 0.202035
2038.638000 0.209292
2039.878000 0.173377
2040.905000 0.294380
2041.908000 0.229571
2042.918000 0.239757
2043.923000 0.259181
2044.924000 0.256982
2045.940000 0.277813
2046.941000 0.265381
2047.942000 0.252781
2048.947000 0.249351
2050.006000 0.253194
2051.008000 0.369988
2052.009000 0.289586
2053.028000 0.312837
2054.029000 0.353958
2055.038000 0.292252
2056.058000 0.283204
2057.059000 0.309344
2058.088000 0.325789
2059.089000 0.362158
2060.098000 0.251808
2061.118000 0.255055
2062.120000 0.264182
2063.248000 0.284091
2064.249000 0.337558
2065.250000 0.239629
2066.258000 0.241575
2067.268000 0.274954
2068.269000 0.256378
2069.278000 0.279815
2070.279000 0.324478
2071.398000 0.310264
2072.429000 0.265939
2073.628000 0.274721
2074.629000 0.353958
2075.639000 0.095711
2076.738000 0.289928
2077.739000 0.319792
2078.749000 0.291750
2079.758000 0.336238
2080.759000 0.208409
2081.778000 0.267337
2082.788000 0.225205
2083.939000 0.230685
2084.940000 0.280160
2085.959000 0.232482
2087.149000 0.235056
2088.279000 0.245599
2089.281000 0.319473
2090.282000 0.250322
2091.289000 0.232143
2092.299000 0.231411
2093.309000 0.232105
2094.549000 0.221269
2095.615000 0.015370
2096.619000 0.465820
2097.620000 0.214812
2098.629000 0.197113
2099.630000 0.202865
2100.839000 0.257840
2102.002000 0.281062
2103.189000 0.288697
2104.190000 0.318426
2105.199000 0.223673
2106.269000 0.214194
2107.279000 0.223707
2108.299000 0.172366
2109.319000 0.170329
2110.329000 0.151699
2111.330000 0.087623
2112.337000 0.133132
2113.339000 0.230731
2114.341000 0.186854
2115.349000 0.221214
2116.350000 0.201493
2117.351000 0.284260
2118.370000 0.209607
2119.380000 0.306107
2120.390000 0.185654
2121.399000 0.254890
2122.400000 0.157238
2123.420000 0.173389
2124.580000 0.140955
2125.581000 0.177662
2126.589000 0.177786
2127.809000 0.105403
2129.269000 0.095073
2130.510000 0.067243
2131.511000 0.111091
2132.520000 0.178930
2133.630000 0.157583
2134.879000 0.176339
2135.915000 0.137409
2136.930000 0.149604
2137.939000 0.077979
2138.940000 0.090198
2140.009000 0.079341
2141.030000 0.030817
2142.089000 0.016793
2143.090000 0.008200
2144.742000 0.001656
2145.750000 0.200212
2146.770000 0.164766
2147.780000 0.160019
2148.930000 0.137469
2149.934000 0.154321
2150.940000 0.131858
2151.950000 0.117129
2152.960000 0.114752
2153.981000 0.164558
2154.990000 0.153238
2156.005000 0.181861
2157.021000 0.155008
2158.071000 0.123429
2159.111000 0.124656
2160.120000 0.123378
2161.250000 0.048862
2166.740000 0.000997
2187.154000 0.000067
2188.184000 0.045157
2189.634000 0.068325
2190.644000 0.051469
2191.984000 0.036678
2192.993000 0.036273
2194.024000 0.049094
2195.395000 0.021957
2196.784000 0.045425
2197.834000 0.022149
2199.144000 0.008457
2200.735000 0.004299
2202.624000 0.001448
2205.315000 0.000508
2206.374000 0.013769
2207.414000 0.015785
2208.454000 0.013154
2209.534000 0.012667
2212.474000 0.000931
2213.544000 0.010881
2214.545000 0.013425
2215.564000 0.053700
2216.565000 0.059294
2217.745000 0.066234
2218.905000 0.103820
2220.015000 0.108105
2221.194000 0.108293
2222.265000 0.112089
2223.445000 0.106941
2224.555000 0.116763
2225.584000 0.140503
2226.585000 0.080869
2227.615000 0.068550
2228.624000 0.051520
2229.625000 0.054499
2230.645000 0.100163
2231.655000 0.110140
2232.665000 0.141927
2233.795000 0.142058
2234.797000 0.181959
2235.815000 0.171510
2236.825000 0.160245
2237.835000 0.214722
2238.846000 0.244914
2239.865000 0.176481
2240.885000 0.191547
2241.889000 0.145080
2242.895000 0.184938
2243.911000 0.120024
2244.925000 0.089589
2245.935000 0.142130
2247.115000 0.111847
2248.116000 0.146230
2249.126000 0.154408
2250.135000 0.118845
2251.136000 0.161263
2252.235000 0.163197
2253.236000 0.213195
2254.346000 0.169942
2255.356000 0.231612
2256.366000 0.183333
2257.376000 0.197577
2258.377000 0.247361
2259.446000 0.160039
2260.577000 0.153264
2261.726000 0.191687
2262.728000 0.137426
2263.766000 0.156784
2264.776000 0.204523
2265.786000 0.166326
2266.796000 0.168197
2267.806000 0.185666
2268.908000 0.195015
2269.916000 0.206286
2270.926000 0.138635
2271.927000 0.155796
2272.936000 0.099444
2273.956000 0.140824
2274.976000 0.101533
2275.977000 0.166729
2276.986000 0.191628
2278.147000 0.014112
2279.161000 0.438320
2280.246000 0.163048
2281.247000 0.165363
2282.256000 0.120455
2283.267000 0.121471
2284.276000 0.141003
2285.288000 0.095435
2286.289000 0.125091
2287.307000 0.153612
2288.316000 0.195235
2289.328000 0.130082
2290.336000 0.130286
2291.346000 0.119123
2292.347000 0.155796
2293.356000 0.036054
2294.951000 0.111890
2295.956000 0.168956
2297.147000 0.174815
2298.157000 0.233274
2299.167000 0.225833
2300.175000 0.231379
2301.177000 0.273251
2302.178000 0.271070
2303.357000 0.185762
2304.367000 0.216757
2305.368000 0.218605
2306.377000 0.232176
2307.378000 0.241856
2308.597000 0.261612
2309.598000 0.284260
2310.607000 0.222482
2311.687000 0.297256
2313.098000 0.296135
2314.378000 0.331504
2315.527000 0.319081
2316.528000 0.245581
2317.529000 0.238741
2318.530000 0.340292
2319.531000 0.313602
2320.537000 0.337331
2321.538000 0.360354
2322.539000 0.350680
2323.737000 0.304176
2324.738000 0.384024
2325.739000 0.339831
2326.748000 0.302268
2327.749000 0.297059
2328.758000 0.292813
2329.769000 0.399169
2330.771000 0.355956
2331.777000 0.303447
2332.778000 0.419556
2333.798000 0.351653
2334.799000 0.391994
2336.058000 0.236782
2337.088000 0.221802
2338.089000 0.186283
2339.188000 0.292308
2340.189000 0.344324
2341.190000 0.416379
2342.199000 0.439637
2343.209000 0.456833
2344.239000 0.460397
2345.240000 0.456010
2346.418000 0.434141
2347.419000 0.538454
2348.428000 0.464160
2349.429000 0.517954
2350.438000 0.564012
2351.779000 0.032092
2352.808000 0.754412
2353.810000 0.461461
2354.811000 0.346868
2356.049000 0.356327
2357.051000 0.518834
2358.058000 0.313268
2359.059000 0.377191
2360.088000 0.341277
2361.099000 0.409483
2363.099000 0.050883
2364.818000 0.477559
2365.849000 0.173820
2366.850000 0.285626
2367.858000 0.268714
2368.859000 0.202285
2369.979000 0.221573
2370.999000 0.320856
2372.010000 0.237783
2373.198000 0.197024
2374.210000 0.214933
2375.219000 0.161307
2376.229000 0.249220
2377.239000 0.184206
2378.259000 0.139170
2379.408000 0.191419
2380.459000 0.253029
2381.469000 0.281727
2382.470000 0.234465
2383.471000 0.294057
2384.479000 0.360823
2385.480000 0.288076
2386.481000 0.492064
2387.490000 0.315965
2388.589000 0.178032
2389.590000 0.297926
2390.591000 0.288955
2391.600000 0.214885
2392.610000 0.276912
2393.679000 0.281668
2394.809000 0.309298
2395.959000 0.315221
2396.970000 0.309864
2398.002000 0.241014
2399.660000 0.009882
2400.679000 0.622765
2401.819000 0.236441
2402.830000 0.234089
2403.839000 0.226418
2404.850000 0.197048
2405.870000 0.182400
2406.880000 0.156894
2407.881000 0.243261
2408.882000 0.198027
2409.927000 0.214691
2410.931000 0.168503
2411.938000 0.205132
2412.940000 0.186581
2413.970000 0.182181
2414.972000 0.251461
2415.990000 0.260699
2417.000000 0.151498
2418.001000 0.259660
2419.010000 0.245399
2421.651000 0.004721
2422.690000 0.603325
2423.700000 0.241093
2424.720000 0.119748
2425.731000 0.136665
2426.750000 0.064595
2429.060000 0.017766
2430.061000 0.296463
2431.071000 0.209941
2432.080000 0.141482
2433.092000 0.163565
2434.100000 0.191009
2435.110000 0.194578
2436.112000 0.191314
2437.120000 0.130670
2438.150000 0.085868
2439.151000 0.043732
2440.180000 0.026982
2441.201000 0.022778
2443.300000 0.002607
2444.351000 0.088917
2445.391000 0.017100
2446.440000 0.028690
2447.870000 0.010523
2450.177000 0.004151
2452.490000 0.009467
2453.660000 0.007142
2454.671000 0.028415
2455.720000 0.024306
2456.760000 0.023677
2458.100000 0.010191
2459.120000 0.014753
2487.991000 0.000332
2489.584000 0.000859
2490.947000 0.002009
2492.086000 0.004804
2493.106000 0.003929
2494.426000 0.005510
2495.727000 0.000866
2497.246000 0.004503
2498.585000 0.005108
2499.628000 0.005246
2500.708000 0.005067
2501.849000 0.007194
2503.265000 0.005797
2504.427000 0.003494
2505.507000 0.006333
2506.726000 0.006733
2507.765000 0.005267
2508.906000 0.005995
2510.066000 0.005897
2511.125000 0.006477
2512.228000 0.006201
2513.327000 0.006224
2514.767000 0.004144
2516.088000 0.004142
2517.226000 0.008415
2518.366000 0.006000
2519.465000 0.006224
2520.466000 0.005467
2521.667000 0.004556
2523.029000 0.005022
2524.145000 0.006129
2525.249000 0.004957
2527.487000 0.003056
2529.028000 0.004160
2530.187000 0.004725
2531.508000 0.004575
2532.725000 0.002248
2534.165000 0.002852
2535.270000 0.003714
2536.566000 0.003167
2539.173000 0.001049
2540.373000 0.012540
2541.376000 0.021823
2542.474000 0.009044
2543.476000 0.020479
2552.707000 0.000741
2553.708000 0.070712
2554.718000 0.159417
2555.727000 0.168963
2556.728000 0.142054
2557.868000 0.187302
2558.869000 0.248282
2559.899000 0.274119
2560.909000 0.303081
2561.910000 0.314878
2562.927000 0.199200
2563.948000 0.106167
2564.958000 0.098875
2565.960000 0.208678
2566.968000 0.217143
2567.988000 0.146799
2568.998000 0.254638
2570.008000 0.172902
2571.018000 0.224840
2572.086000 0.259183
2573.109000 0.178324
2574.120000 0.170493
2575.128000 0.154638
2576.148000 0.129044
2577.158000 0.157117
2578.179000 0.149987
2579.180000 0.221403
2580.181000 0.243696
2581.199000 0.202128
2582.208000 0.220995
2583.228000 0.167218
2584.229000 0.217295
2585.258000 0.183210
2586.259000 0.180378
2587.260000 0.192216
2588.269000 0.188799
2589.278000 0.194924
2590.279000 0.196321
2591.319000 0.215539
2592.340000 0.205170
2593.359000 0.223557
2594.369000 0.239378
2595.519000 0.199359
2596.529000 0.262764
2597.539000 0.205239
2598.852000 0.258330
2599.859000 0.260830
2600.869000 0.194607
2601.870000 0.224128
2602.879000 0.187544
2604.033000 0.190337
2605.039000 0.218934
2606.049000 0.172554
2607.199000 0.216357
2608.200000 0.320908
2609.209000 0.227533
2610.210000 0.256215
2611.350000 0.206872
2612.360000 0.258701
2613.370000 0.219705
2614.449000 0.206791
2615.450000 0.259660
2616.459000 0.222800
2617.470000 0.223942
2618.589000 0.212280
2619.610000 0.237156
2620.620000 0.176380
2621.621000 0.184463
2622.629000 0.219857
2623.630000 0.181197
2624.640000 0.227549
2625.641000 0.247361
2626.649000 0.195786
2627.650000 0.230961
2628.660000 0.197880
2629.670000 0.245156
2630.690000 0.232431
2631.692000 0.308551
2632.700000 0.247573
2633.710000 0.349450
2634.730000 0.274682
2635.740000 0.297980
2636.742000 0.207363
2637.750000 0.340643
2638.751000 0.257811
2639.810000 0.415618
2640.811000 0.364412
2641.812000 0.372965
2642.820000 0.243259
2643.821000 0.367828
2644.840000 0.349449
2645.841000 0.332127
2648.342000 0.115095
2649.350000 0.724972
2650.460000 0.294997
2651.461000 0.349858
2652.630000 0.288389
2653.631000 0.371724
2654.640000 0.289900
2655.641000 0.330921
2656.642000 0.370358
2657.650000 0.261516
2658.651000 0.301001
2659.653000 0.339406
2660.671000 0.362331
2661.672000 0.406561
2662.681000 0.342408
2663.682000 0.279136
2664.691000 0.252337
2665.761000 0.258868
2666.762000 0.338957
2667.791000 0.264850
2668.802000 0.293626
2669.811000 0.301446
2671.243000 0.273638
2672.341000 0.273835
2673.342000 0.282893
2674.350000 0.314515
2675.431000 0.237627
2676.441000 0.264822
2677.451000 0.273866
2678.461000 0.297293
2679.621000 0.300435
2680.622000 0.344392
2681.623000 0.282827
2682.631000 0.244832
2683.751000 0.299474
2684.752000 0.327992
2685.761000 0.257485
2686.762000 0.297926
2687.763000 0.212028
2688.771000 0.210910
2689.792000 0.204835
2690.801000 0.273871
2691.821000 0.167442
2692.871000 0.202818
2693.881000 0.139281
2694.891000 0.182851
2695.901000 0.182851
2696.911000 0.155016
2697.912000 0.200895
2698.913000 0.218661
2699.921000 0.188998
2700.932000 0.225970
2701.942000 0.262764
2702.952000 0.188292
2703.961000 0.231841
2704.972000 0.166113
2708.221000 0.032000
2709.223000 0.145663
2710.232000 0.184432
2711.242000 0.167427
2712.047000 0.227717
