0.000000 0.007895
1.033000 0.043897
2.040000 0.065208
3.049000 0.172473
4.169000 0.208717
5.189000 0.114500
6.261000 0.090559
7.262000 0.171472
8.266000 0.111266
9.280000 0.120209
10.281000 0.099546
11.469000 0.148971
12.870000 0.092571
13.889000 0.186541
14.890000 0.167301
15.909000 0.094956
16.918000 0.106554
18.130000 0.075721
19.139000 0.100927
20.264000 0.101698
21.289000 0.074820
22.299000 0.051156
23.309000 0.067360
24.469000 0.062167
25.479000 0.072042
26.579000 0.062618
27.589000 0.065014
28.599000 0.049330
29.609000 0.048994
30.629000 0.042918
31.649000 0.028212
32.699000 0.029966
33.709000 0.022340
34.779000 0.029406
35.799000 0.024141
36.809000 0.033841
37.819000 0.118638
38.839000 0.138527
39.840000 0.135194
40.929000 0.137270
41.939000 0.150005
43.029000 0.116789
44.209000 0.109797
45.219000 0.135713
46.320000 0.076011
47.329000 0.126748
48.690000 0.053267
49.699000 0.072343
50.719000 0.056621
51.729000 0.060573
52.759000 0.054064
53.782000 0.084045
54.879000 0.070111
55.899000 0.092397
56.918000 0.044302
57.938000 0.040811
58.978000 0.028938
59.989000 0.025295
61.159000 0.065424
62.279000 0.065937
63.299000 0.077502
64.309000 0.103481
65.339000 0.095661
66.379000 0.042092
67.398000 0.049659
68.399000 0.083429
69.420000 0.050915
70.429000 0.030638
71.478000 0.018257
72.818000 0.006125
73.829000 0.028415
74.833000 0.053732
75.909000 0.106519
76.938000 0.140389
77.949000 0.089431
78.958000 0.134135
79.969000 0.079243
80.978000 0.084727
81.988000 0.093014
82.989000 0.126841
84.009000 0.112422
85.028000 0.097497
86.029000 0.111386
87.038000 0.119948
88.039000 0.090910
89.071000 0.050371
90.078000 0.086339
91.098000 0.117434
92.099000 0.106129
93.109000 0.101591
94.118000 0.079090
95.179000 0.096783
96.278000 0.137318
97.438000 0.115651
98.468000 0.079537
99.518000 0.046903
100.688000 0.030550
101.698000 0.111660
102.768000 0.119723
103.778000 0.116276
104.818000 0.088012
106.068000 0.092167
107.069000 0.090549
108.078000 0.086832
109.098000 0.076204
110.110000 0.076046
111.118000 0.063101
112.158000 0.052276
113.190000 0.029313
114.318000 0.015766
115.328000 0.030316
116.338000 0.039279
117.348000 0.029798
118.368000 0.026759
119.388000 0.038894
120.438000 0.039077
121.678000 0.029508
122.698000 0.038894
123.718000 0.026824
124.728000 0.028753
125.748000 0.048711
126.768000 0.056329
127.788000 0.037145
128.827000 0.040167
129.828000 0.068549
130.848000 0.081432
131.868000 0.068400
132.878000 0.064180
133.898000 0.070995
135.048000 0.047311
136.087000 0.034233
137.188000 0.036722
138.208000 0.033529
139.327000 0.025930
140.328000 0.053299
141.557000 0.052316
142.698000 0.060431
143.748000 0.083118
144.758000 0.073141
145.767000 0.045963
146.787000 0.050965
147.798000 0.033822
148.817000 0.045645
149.857000 0.033937
150.868000 0.055533
151.898000 0.071765
152.917000 0.050386
153.927000 0.056887
154.937000 0.039104
155.967000 0.046485
156.977000 0.042899
157.997000 0.037553
159.027000 0.042010
160.047000 0.051505
161.058000 0.117946
162.247000 0.060569
163.367000 0.065039
164.420000 0.068181
165.428000 0.081373
166.438000 0.088061
167.467000 0.086658
168.477000 0.065105
169.507000 0.099933
170.517000 0.099327
171.528000 0.068505
172.547000 0.054381
173.557000 0.074495
174.567000 0.063072
175.588000 0.055329
176.597000 0.086352
177.827000 0.085508
178.837000 0.107013
179.867000 0.081637
180.868000 0.090717
182.127000 0.055748
183.157000 0.050470
184.197000 0.035515
185.217000 0.024924
186.367000 0.011896
187.388000 0.020098
188.389000 0.049872
189.588000 0.062415
190.597000 0.096777
191.607000 0.080105
192.627000 0.071561
193.637000 0.051206
194.648000 0.111288
195.687000 0.070280
196.707000 0.102342
197.708000 0.073673
198.877000 0.102850
200.389000 0.094304
201.397000 0.090089
202.407000 0.111255
203.408000 0.101889
204.431000 0.083814
205.497000 0.024714
206.517000 0.051910
207.518000 0.119621
208.527000 0.141656
209.537000 0.178963
210.557000 0.123870
211.707000 0.110905
212.877000 0.099275
214.007000 0.109735
215.147000 0.098376
216.208000 0.109879
217.217000 0.150312
218.227000 0.111618
219.297000 0.122915
220.307000 0.148658
221.397000 0.132729
222.437000 0.158989
223.438000 0.176716
224.439000 0.169522
225.557000 0.118845
226.558000 0.171848
227.656000 0.111055
228.667000 0.156900
229.678000 0.166534
230.747000 0.117452
231.748000 0.149030
232.757000 0.140876
233.758000 0.157350
234.766000 0.143470
236.187000 0.110698
237.188000 0.157957
238.189000 0.135480
239.377000 0.107237
240.506000 0.103846
241.516000 0.114476
242.687000 0.058772
243.697000 0.104893
244.707000 0.097793
245.717000 0.120416
246.737000 0.094417
247.757000 0.111359
248.767000 0.111328
249.866000 0.068917
250.886000 0.089045
251.896000 0.080990
253.047000 0.050291
254.056000 0.066158
255.066000 0.054421
256.086000 0.057437
257.087000 0.060721
258.107000 0.083153
259.116000 0.049062
260.126000 0.076299
261.147000 0.078454
262.166000 0.069795
263.176000 0.029042
266.049000 0.013332
267.056000 0.096181
268.207000 0.063281
269.216000 0.117269
270.226000 0.115088
271.236000 0.109051
272.246000 0.120943
273.276000 0.131446
274.277000 0.180016
275.287000 0.135352
276.296000 0.130510
277.297000 0.153781
278.306000 0.124832
279.307000 0.089205
280.316000 0.106143
281.556000 0.047370
282.566000 0.082099
283.596000 0.078169
284.605000 0.052850
285.616000 0.082538
286.626000 0.076562
287.627000 0.092241
288.796000 0.069134
289.816000 0.056357
290.836000 0.097448
291.996000 0.080007
293.006000 0.097145
294.015000 0.098227
295.016000 0.092525
296.116000 0.074918
297.126000 0.101767
298.136000 0.078905
299.347000 0.091523
300.506000 0.095516
301.696000 0.096926
302.895000 0.103930
303.906000 0.111979
304.915000 0.091412
305.926000 0.117334
306.996000 0.088073
308.006000 0.107226
309.226000 0.092407
310.227000 0.120553
311.246000 0.073812
312.266000 0.113626
313.426000 0.085024
314.430000 0.092898
315.465000 0.046261
316.476000 0.044765
317.495000 0.081768
318.505000 0.078177
319.525000 0.071740
320.526000 0.061583
321.535000 0.066323
322.545000 0.090282
323.555000 0.047406
324.565000 0.049989
325.575000 0.092509
326.585000 0.095860
327.595000 0.082479
328.616000 0.059609
329.625000 0.110568
330.635000 0.075990
331.645000 0.071710
332.655000 0.085849
333.765000 0.080007
334.775000 0.091632
335.786000 0.095169
336.875000 0.070478
337.886000 0.063354
338.895000 0.086340
339.905000 0.098181
340.915000 0.085582
341.935000 0.066993
342.955000 0.088406
343.976000 0.075633
344.995000 0.084680
346.326000 0.053699
347.335000 0.058299
348.346000 0.056523
349.445000 0.063150
350.455000 0.077484
351.885000 0.041945
352.915000 0.062030
359.668000 0.000167
360.678000 0.084442
361.958000 0.076696
362.988000 0.033204
364.009000 0.021438
365.038000 0.023116
366.078000 0.030254
367.118000 0.042092
368.250000 0.020203
369.509000 0.017399
370.538000 0.050519
371.548000 0.049948
372.568000 0.034700
373.588000 0.031983
374.609000 0.036212
375.628000 0.033369
376.658000 0.030548
377.668000 0.021771
378.698000 0.022579
379.718000 0.019400
380.778000 0.015487
381.948000 0.023385
382.978000 0.029772
383.998000 0.106876
385.008000 0.088103
386.025000 0.063221
387.108000 0.011582
388.208000 0.036380
389.408000 0.048193
390.422000 0.056663
391.438000 0.050377
392.449000 0.066303
393.598000 0.037003
394.618000 0.044259
395.627000 0.046097
396.648000 0.039370
397.649000 0.054665
398.678000 0.043086
399.748000 0.038338
400.798000 0.044297
401.828000 0.036650
402.857000 0.046531
403.878000 0.037630
404.888000 0.047453
405.928000 0.028208
406.948000 0.039811
407.958000 0.046051
408.968000 0.041659
409.969000 0.046742
410.987000 0.054454
411.998000 0.062673
413.009000 0.074432
414.138000 0.072742
415.327000 0.065741
416.338000 0.076661
417.347000 0.070416
418.348000 0.075182
419.358000 0.071717
420.378000 0.075024
421.387000 0.078944
422.587000 0.068413
423.598000 0.084973
424.702000 0.014841
425.707000 0.121358
426.729000 0.078509
427.737000 0.075688
428.788000 0.080048
429.797000 0.083611
430.807000 0.090942
431.808000 0.081149
432.827000 0.082986
433.837000 0.083877
435.068000 0.067145
436.177000 0.085555
437.179000 0.082868
438.188000 0.059339
439.277000 0.054655
440.357000 0.062857
441.368000 0.071567
442.377000 0.039318
443.548000 0.008178
444.677000 0.017386
445.717000 0.035515
446.757000 0.031207
447.787000 0.050470
448.797000 0.066612
449.818000 0.076007
450.827000 0.053861
451.857000 0.033101
452.858000 0.033645
453.887000 0.038554
454.897000 0.041996
455.907000 0.052690
456.908000 0.059571
457.937000 0.033236
458.987000 0.027964
460.037000 0.042994
461.077000 0.025314
462.117000 0.021046
463.197000 0.017733
464.267000 0.012785
465.352000 0.011042
466.420000 0.017933
467.437000 0.048232
468.447000 0.086946
469.448000 0.070371
470.476000 0.071459
471.616000 0.048952
472.617000 0.073798
473.647000 0.053428
474.676000 0.055710
475.747000 0.056593
476.768000 0.059857
477.777000 0.070253
478.797000 0.098162
479.867000 0.051565
480.877000 0.075925
481.887000 0.049443
482.897000 0.060581
484.037000 0.022959
485.107000 0.044748
486.116000 0.041470
487.146000 0.039583
488.166000 0.040275
489.207000 0.030598
490.217000 0.037925
491.226000 0.035003
492.237000 0.041201
493.276000 0.046911
494.506000 0.044354
495.586000 0.054137
496.676000 0.061099
497.697000 0.059012
498.716000 0.049574
499.746000 0.053154
500.757000 0.054474
501.807000 0.059452
503.017000 0.066142
504.186000 0.068399
505.326000 0.071506
506.436000 0.073820
507.486000 0.069917
508.736000 0.054946
510.266000 0.021459
511.326000 0.096866
512.376000 0.130503
513.406000 0.135303
514.420000 0.118890
515.436000 0.045415
516.466000 0.050095
517.487000 0.049575
518.499000 0.045302
519.586000 0.055143
520.606000 0.114877
521.616000 0.101723
522.677000 0.103038
523.856000 0.121042
524.876000 0.074881
525.906000 0.033204
526.909000 0.016335
527.916000 0.078365
528.926000 0.114994
529.942000 0.077305
530.956000 0.089650
531.966000 0.110759
532.986000 0.090585
533.987000 0.076182
534.996000 0.084725
535.997000 0.143836
537.156000 0.110160
538.161000 0.218188
539.166000 0.192658
540.277000 0.130886
541.286000 0.145352
542.287000 0.149387
543.336000 0.137905
544.346000 0.140400
545.366000 0.145886
546.386000 0.068756
547.686000 0.026308
548.745000 0.032959
549.826000 0.048232
550.846000 0.074564
551.866000 0.087531
552.876000 0.086464
553.926000 0.073623
555.036000 0.022007
556.046000 0.082362
557.066000 0.074684
558.265000 0.049067
559.286000 0.060294
560.306000 0.039475
561.326000 0.050297
562.336000 0.052824
563.355000 0.038229
564.386000 0.046440
565.405000 0.038139
566.415000 0.044591
567.435000 0.060353
568.455000 0.039078
569.456000 0.039031
570.675000 0.045430
571.685000 0.052824
572.695000 0.022424
573.735000 0.027623
574.755000 0.030206
575.775000 0.049624
576.795000 0.041279
577.825000 0.040875
578.855000 0.033204
579.856000 0.019133
586.792000 0.000221
587.868000 0.003589
588.878000 0.112665
590.028000 0.133549
591.038000 0.138533
592.058000 0.120491
593.088000 0.131115
594.264000 0.093540
595.328000 0.140398
596.329000 0.163395
597.338000 0.137521
598.358000 0.110875
599.368000 0.112162
600.388000 0.128540
601.389000 0.151848
602.458000 0.126022
603.468000 0.137983
604.469000 0.153929
605.488000 0.122641
606.548000 0.120131
607.568000 0.135830
608.648000 0.122932
609.678000 0.126459
610.688000 0.116901
611.797000 0.114956
612.807000 0.082841
613.838000 0.053389
614.857000 0.063054
615.868000 0.081806
616.918000 0.057792
617.997000 0.054022
619.027000 0.069064
620.067000 0.040790
621.137000 0.033965
622.147000 0.039279
623.157000 0.031152
624.767000 0.011501
625.768000 0.071065
626.777000 0.038077
627.778000 0.035532
628.807000 0.030905
629.817000 0.032507
630.847000 0.038873
631.940000 0.042554
632.977000 0.030900
634.019000 0.031509
635.037000 0.032148
636.057000 0.023904
637.469000 0.007751
638.657000 0.025333
639.687000 0.020839
641.947000 0.009080
642.981000 0.041211
644.016000 0.019826
645.217000 0.032464
646.237000 0.044259
647.297000 0.020243
648.337000 0.027623
649.397000 0.015487
650.567000 0.014291
652.477000 0.002865
653.557000 0.050667
654.576000 0.018246
655.627000 0.039049
656.657000 0.026581
657.667000 0.047406
658.677000 0.049921
659.679000 0.081432
660.838000 0.067435
661.857000 0.057727
662.867000 0.058518
663.887000 0.093882
664.907000 0.072255
666.097000 0.059875
667.098000 0.077307
668.106000 0.093803
669.117000 0.082026
670.127000 0.084083
671.467000 0.019397
672.496000 0.046097
673.516000 0.046941
674.586000 0.023499
675.636000 0.009120
676.747000 0.030129
677.766000 0.057987
678.776000 0.048760
679.786000 0.041714
680.807000 0.102863
681.827000 0.100858
682.847000 0.066032
683.876000 0.088656
684.886000 0.087336
685.887000 0.081674
686.916000 0.085152
687.926000 0.061980
688.956000 0.036537
689.982000 0.032000
691.016000 0.020965
692.027000 0.027062
693.238000 0.029207
694.266000 0.042584
695.287000 0.029033
696.496000 0.045529
697.506000 0.065543
698.516000 0.075221
699.536000 0.086038
700.546000 0.098397
701.556000 0.160768
702.686000 0.142831
703.697000 0.163298
704.707000 0.126087
705.716000 0.063472
706.846000 0.113992
707.866000 0.105865
709.067000 0.085969
710.166000 0.130713
711.167000 0.176374
712.176000 0.150737
713.186000 0.080417
714.196000 0.107112
715.366000 0.050973
716.408000 0.088041
717.426000 0.032626
718.636000 0.045628
719.646000 0.055533
720.666000 0.073170
721.667000 0.114845
722.676000 0.118311
723.846000 0.119108
724.866000 0.167090
725.876000 0.157745
726.879000 0.132564
727.886000 0.097653
728.887000 0.138357
729.896000 0.129582
730.906000 0.133975
731.907000 0.136006
732.996000 0.134273
733.998000 0.204454
735.006000 0.199228
736.176000 0.157459
737.178000 0.209307
738.196000 0.177322
739.198000 0.103132
740.206000 0.161537
741.256000 0.166512
742.286000 0.165217
743.296000 0.183636
744.376000 0.165136
745.566000 0.151979
746.758000 0.184695
747.886000 0.189360
748.996000 0.184405
750.186000 0.193186
751.376000 0.185406
752.377000 0.235818
753.386000 0.190643
754.456000 0.221944
755.646000 0.175701
756.647000 0.200110
757.786000 0.173489
758.976000 0.152324
759.977000 0.189514
760.995000 0.196075
762.056000 0.118096
763.195000 0.137483
764.265000 0.142646
765.376000 0.130766
766.536000 0.143284
767.626000 0.145638
768.636000 0.170751
769.706000 0.151262
770.707000 0.204030
771.715000 0.194413
772.718000 0.188117
773.726000 0.219780
774.735000 0.166943
775.897000 0.146300
777.065000 0.147123
778.066000 0.205067
779.075000 0.197202
780.205000 0.141320
781.216000 0.149921
782.295000 0.109764
783.297000 0.188068
784.485000 0.145839
785.495000 0.180795
786.525000 0.122104
787.595000 0.143851
788.645000 0.145834
789.805000 0.162542
790.845000 0.148505
791.935000 0.175159
792.936000 0.175914
794.016000 0.164966
795.046000 0.198727
796.163000 0.192208
797.165000 0.245364
798.175000 0.136974
799.176000 0.177950
800.186000 0.210631
801.196000 0.233477
802.275000 0.194499
803.465000 0.203193
804.517000 0.196177
805.645000 0.160164
806.646000 0.180599
807.837000 0.183241
808.885000 0.168370
809.895000 0.228764
810.925000 0.189857
811.926000 0.199056
812.945000 0.174354
813.947000 0.121773
815.135000 0.169114
816.245000 0.206771
817.334000 0.168247
818.335000 0.187500
819.336000 0.175679
820.345000 0.144713
821.544000 0.142048
822.576000 0.187131
823.625000 0.188753
824.626000 0.198709
825.635000 0.153155
826.685000 0.135948
827.805000 0.161529
828.905000 0.178958
830.055000 0.175915
831.205000 0.184124
832.224000 0.145455
833.225000 0.118506
834.235000 0.142238
835.255000 0.119166
836.264000 0.100260
837.265000 0.151218
838.284000 0.157920
839.294000 0.122420
840.304000 0.095300
841.494000 0.101703
842.496000 0.146700
843.504000 0.121509
844.505000 0.098675
845.506000 0.134834
846.644000 0.158334
847.745000 0.114708
848.754000 0.146909
849.755000 0.184987
850.764000 0.197793
851.894000 0.147253
852.904000 0.179769
853.984000 0.144831
855.074000 0.179861
856.204000 0.194026
857.205000 0.208129
858.267000 0.143281
859.355000 0.169528
860.434000 0.151652
861.504000 0.156417
862.534000 0.169940
863.535000 0.187652
864.536000 0.155619
865.544000 0.164544
866.594000 0.129788
867.596000 0.154384
868.605000 0.157451
869.614000 0.172121
870.764000 0.117124
871.794000 0.127078
872.796000 0.152622
873.804000 0.152980
874.994000 0.131874
876.165000 0.154284
877.174000 0.113719
878.234000 0.108247
879.314000 0.091849
880.484000 0.096584
881.493000 0.121696
882.494000 0.087238
883.513000 0.075605
884.594000 0.065532
885.596000 0.116330
886.604000 0.058419
887.633000 0.067203
888.673000 0.048669
889.677000 0.016319
893.613000 0.001841
894.624000 0.033828
896.054000 0.031163
897.094000 0.064418
898.103000 0.065078
899.114000 0.014762
900.463000 0.046800
901.604000 0.066051
902.684000 0.139871
903.693000 0.121913
904.703000 0.096998
905.713000 0.091975
906.804000 0.070692
907.943000 0.071398
908.963000 0.063035
910.975000 0.019450
930.671000 0.002060
931.691000 0.024141
932.711000 0.059678
933.731000 0.061425
934.741000 0.068298
935.751000 0.071733
936.752000 0.079393
937.771000 0.057178
938.891000 0.075617
939.892000 0.091392
940.901000 0.096851
941.921000 0.101431
943.021000 0.070063
944.022000 0.094327
945.031000 0.092312
946.041000 0.096428
947.052000 0.088408
948.211000 0.073155
949.221000 0.090625
950.291000 0.070318
951.595000 0.012564
952.601000 0.065526
953.621000 0.081812
954.641000 0.064550
955.692000 0.056549
956.701000 0.073832
957.711000 0.085378
958.751000 0.058525
959.761000 0.045745
960.772000 0.069520
961.831000 0.055495
962.881000 0.074263
963.891000 0.064439
964.911000 0.071420
965.931000 0.072704
967.091000 0.066795
968.100000 0.087454
969.111000 0.084471
970.131000 0.088073
971.141000 0.087441
972.162000 0.098722
973.171000 0.072446
974.181000 0.106033
975.271000 0.082501
976.291000 0.099621
977.292000 0.101399
978.301000 0.073100
979.311000 0.107150
980.401000 0.080207
981.411000 0.093157
982.431000 0.076565
983.531000 0.059506
984.551000 0.085380
985.600000 0.102398
986.641000 0.096372
987.651000 0.133464
988.810000 0.103421
989.821000 0.123056
990.891000 0.095793
991.951000 0.113337
993.191000 0.099542
994.200000 0.101149
995.270000 0.071137
996.460000 0.089189
997.701000 0.087084
998.720000 0.099415
999.791000 0.068325
1000.800000 0.093490
1001.810000 0.096045
1002.860000 0.074630
1003.870000 0.107496
1004.970000 0.072580
1005.980000 0.096737
1007.181000 0.071027
1008.188000 0.090887
1009.271000 0.082697
1010.281000 0.112990
1011.450000 0.069456
1012.580000 0.029681
1013.600000 0.101929
1014.610000 0.064912
1015.690000 0.070972
1016.960000 0.061373
1017.970000 0.080727
1019.250000 0.035873
1020.253000 0.070531
1021.260000 0.086206
1022.270000 0.083922
1023.280000 0.087732
1024.300000 0.084722
1025.390000 0.062751
1026.393000 0.085890
1027.400000 0.097228
1028.440000 0.070117
1029.460000 0.095267
1030.590000 0.055019
1031.609000 0.078970
1032.810000 0.063876
1033.820000 0.075694
1034.840000 0.076063
1035.850000 0.077420
1036.860000 0.078464
1037.870000 0.084349
1038.880000 0.081367
1039.900000 0.073152
1040.950000 0.049870
1041.960000 0.068969
1042.970000 0.057046
1044.030000 0.054151
1045.099000 0.056638
1046.140000 0.057594
1047.149000 0.056944
1048.165000 0.042971
1049.259000 0.045770
1050.266000 0.065208
1051.269000 0.055692
1052.280000 0.053439
1053.390000 0.052182
1054.570000 0.055647
1055.599000 0.038762
1056.600000 0.051932
1057.629000 0.046561
1058.640000 0.066303
1059.680000 0.054001
1060.929000 0.056954
1061.939000 0.065107
1062.949000 0.063659
1063.979000 0.044096
1064.989000 0.054178
1066.009000 0.040261
1067.029000 0.049624
1068.099000 0.026418
1069.109000 0.043343
1070.129000 0.044259
1071.149000 0.026488
1072.189000 0.032885
1073.209000 0.033095
1074.220000 0.116696
1075.310000 0.096548
1076.319000 0.148710
1077.459000 0.063564
1078.479000 0.129588
1079.499000 0.085475
1080.659000 0.040262
1081.690000 0.080363
1082.700000 0.128532
1083.869000 0.063855
1084.879000 0.093441
1085.889000 0.085030
1086.890000 0.092818
1087.899000 0.087034
1088.940000 0.065745
1089.949000 0.120455
1090.969000 0.076244
1091.989000 0.050301
1093.189000 0.047006
1094.199000 0.075895
1095.230000 0.089758
1096.450000 0.056483
1097.479000 0.078258
1098.499000 0.046142
1099.679000 0.028573
1100.688000 0.029828
1101.759000 0.020815
1102.849000 0.016316
1103.879000 0.014610
1104.929000 0.013029
1105.988000 0.012054
1106.989000 0.016400
1108.028000 0.023700
1109.049000 0.020227
1110.178000 0.034321
1111.179000 0.046466
1112.198000 0.040677
1113.209000 0.041103
1114.228000 0.057040
1115.268000 0.044821
1116.399000 0.036600
1117.408000 0.036607
1118.420000 0.032577
1119.439000 0.044034
1120.449000 0.060855
1121.459000 0.065022
1122.479000 0.081946
1123.487000 0.059165
1124.488000 0.072861
1125.508000 0.054048
1126.523000 0.063941
1127.538000 0.065107
1128.708000 0.044227
1129.729000 0.069279
1130.928000 0.054842
1131.989000 0.064926
1132.998000 0.082293
1133.999000 0.068825
1135.008000 0.056761
1136.088000 0.053106
1137.109000 0.060294
1138.118000 0.019375
1139.169000 0.055288
1140.178000 0.065132
1141.208000 0.039610
1142.229000 0.036759
1143.248000 0.057727
1144.279000 0.024846
1145.288000 0.036607
1146.571000 0.018284
1147.578000 0.113671
1148.724000 0.067383
1149.738000 0.075732
1150.769000 0.092805
1151.778000 0.127137
1152.779000 0.101405
1153.799000 0.120429
1154.800000 0.131445
1155.889000 0.089917
1156.908000 0.106719
1157.978000 0.061133
1158.998000 0.077436
1160.009000 0.072890
1161.038000 0.056046
1162.058000 0.052554
1163.068000 0.046015
1164.165000 0.046493
1165.188000 0.053490
1166.208000 0.039772
1167.229000 0.060757
1168.238000 0.072500
1169.248000 0.081584
1170.249000 0.096352
1171.559000 0.035447
1172.568000 0.075142
1173.578000 0.060584
1174.598000 0.070160
1175.628000 0.082329
1176.787000 0.086883
1177.788000 0.094923
1178.998000 0.069154
1179.999000 0.108360
1181.009000 0.109079
1182.018000 0.114885
1183.028000 0.109992
1184.029000 0.078083
1185.138000 0.091794
1186.148000 0.119861
1187.169000 0.076586
1188.178000 0.083486
1189.187000 0.064846
1190.189000 0.052349
1191.258000 0.041299
1192.420000 0.042454
1193.628000 0.039352
1194.657000 0.045201
1195.810000 0.018371
1196.818000 0.029857
1197.977000 0.024094
1198.988000 0.046006
1199.997000 0.044643
1200.998000 0.047496
1202.017000 0.053700
1203.178000 0.023572
1204.210000 0.034465
1205.217000 0.020544
1206.249000 0.053023
1207.289000 0.033751
1208.297000 0.037096
1209.337000 0.049985
1210.352000 0.032868
1211.387000 0.027757
1212.428000 0.019651
1213.497000 0.023035
1214.667000 0.014003
1215.688000 0.069942
1216.718000 0.059163
1217.747000 0.051169
1218.757000 0.063196
1219.767000 0.058321
1220.797000 0.037141
1221.877000 0.043531
1222.908000 0.050421
1223.917000 0.029262
1224.947000 0.037416
1225.957000 0.050115
1226.967000 0.034189
1228.007000 0.031569
1229.027000 0.020121
1230.037000 0.024380
1231.287000 0.021123
1232.395000 0.029632
1233.420000 0.021354
1234.437000 0.020790
1235.527000 0.025101
1236.557000 0.014610
1237.707000 0.005298
1238.737000 0.018594
1239.747000 0.027089
1240.767000 0.032784
1241.777000 0.032803
1242.816000 0.050033
1243.817000 0.037088
1244.837000 0.081861
1245.847000 0.059595
1246.877000 0.052649
1247.887000 0.040295
1248.907000 0.045642
1249.927000 0.048082
1250.956000 0.061155
1252.017000 0.051312
1253.227000 0.092092
1254.237000 0.105752
1255.256000 0.069601
1256.260000 0.050422
1257.307000 0.028745
1258.396000 0.016331
1259.576000 0.017952
1261.317000 0.008643
1262.357000 0.054698
1263.766000 0.021360
1264.897000 0.031763
1265.926000 0.031907
1266.936000 0.050115
1267.957000 0.060211
1269.147000 0.039644
1270.186000 0.052666
1271.227000 0.039677
1272.247000 0.041576
1273.257000 0.052574
1274.259000 0.044524
1275.276000 0.071362
1276.286000 0.067627
1277.296000 0.064199
1278.297000 0.079439
1279.307000 0.074213
1280.326000 0.076703
1281.327000 0.084320
1282.330000 0.093584
1283.356000 0.062756
1284.396000 0.046949
1285.406000 0.047096
1286.407000 0.146216
1287.409000 0.111199
1288.420000 0.141366
1289.576000 0.109383
1290.577000 0.115665
1291.596000 0.075392
1292.606000 0.081483
1293.756000 0.088439
1294.766000 0.093023
1295.776000 0.080557
1296.786000 0.039279
1297.856000 0.025349
1298.887000 0.058382
1299.896000 0.042655
1300.968000 0.041793
1301.969000 0.046466
1302.976000 0.079188
1304.128000 0.070836
1305.146000 0.100786
1306.196000 0.094953
1307.197000 0.131245
1308.206000 0.104945
1309.208000 0.120157
1310.286000 0.133412
1311.420000 0.134412
1312.536000 0.136468
1313.666000 0.134094
1314.676000 0.141964
1315.696000 0.147234
1316.826000 0.159746
1317.836000 0.125521
1318.846000 0.137814
1319.996000 0.122142
1321.016000 0.151067
1322.207000 0.153849
1323.216000 0.188710
1324.336000 0.141654
1325.466000 0.128035
1326.586000 0.120720
1327.696000 0.116349
1328.806000 0.128913
1330.276000 0.099484
1331.277000 0.151060
1332.296000 0.106998
1333.315000 0.106572
1334.336000 0.075904
1335.346000 0.095008
1336.356000 0.091013
1337.425000 0.065545
1338.605000 0.072799
1339.615000 0.065490
1340.626000 0.051418
1341.665000 0.045663
1342.675000 0.060705
1343.696000 0.072114
1344.715000 0.044903
1345.716000 0.066307
1346.745000 0.063237
1347.755000 0.043145
1348.785000 0.043829
1349.855000 0.017536
1350.865000 0.097452
1351.866000 0.123387
1352.875000 0.095164
1353.965000 0.089562
1355.148000 0.116021
1356.163000 0.126067
1357.166000 0.097927
1358.175000 0.121010
1359.176000 0.090458
1360.245000 0.093799
1361.426000 0.086433
1362.536000 0.093150
1363.545000 0.097785
1364.556000 0.092646
1365.566000 0.111512
1366.576000 0.110640
1367.595000 0.111428
1368.687000 0.104853
1369.695000 0.146866
1370.706000 0.108559
1371.865000 0.093389
1373.095000 0.114651
1374.106000 0.136664
1375.195000 0.120185
1376.205000 0.118522
1377.206000 0.121217
1378.215000 0.095534
1379.216000 0.120610
1380.335000 0.085993
1381.345000 0.102921
1382.355000 0.107107
1383.486000 0.090679
1384.495000 0.114154
1385.665000 0.098635
1386.685000 0.127853
1387.885000 0.075782
1388.895000 0.132442
1389.965000 0.093164
1390.968000 0.097657
1391.975000 0.110924
1393.005000 0.108546
1394.155000 0.114332
1395.165000 0.131788
1396.166000 0.132796
1397.167000 0.127946
1398.168000 0.152468
1399.275000 0.099249
1400.465000 0.107231
1401.565000 0.129286
1402.567000 0.134124
1403.575000 0.130183
1404.585000 0.118298
1405.675000 0.139535
1406.885000 0.135721
1407.887000 0.180170
1408.904000 0.126029
1409.915000 0.105598
1410.924000 0.158341
1411.927000 0.106499
1412.934000 0.055151
1413.935000 0.101645
1414.945000 0.084801
1416.126000 0.088438
1417.304000 0.117575
1418.315000 0.136291
1419.505000 0.102381
1420.506000 0.139771
1421.524000 0.089978
1422.525000 0.114811
1423.714000 0.096371
1424.965000 0.102628
1425.974000 0.105476
1427.004000 0.073369
1428.024000 0.107231
1429.034000 0.068038
1430.044000 0.048604
1431.224000 0.059618
1432.484000 0.088459
1433.525000 0.081186
1434.534000 0.084551
1435.545000 0.084944
1436.555000 0.103259
1437.694000 0.090417
1438.695000 0.092576
1439.704000 0.104531
1440.855000 0.078508
1442.075000 0.110542
1443.076000 0.154453
1444.125000 0.110911
1445.134000 0.139337
1446.144000 0.081850
1447.164000 0.100570
1448.184000 0.069948
1449.194000 0.105879
1450.424000 0.072201
1451.944000 0.074499
1452.954000 0.124243
1453.964000 0.077929
1454.984000 0.088538
1456.164000 0.059953
1457.194000 0.066665
1458.204000 0.052200
1459.354000 0.100051
1460.364000 0.124214
1461.365000 0.134345
1462.374000 0.127415
1463.474000 0.118609
1464.524000 0.134389
1465.624000 0.118768
1466.704000 0.123777
1467.794000 0.118755
1468.814000 0.104723
1470.074000 0.107053
1471.075000 0.121287
1472.294000 0.137761
1473.534000 0.123410
1474.774000 0.104304
1475.994000 0.086067
1477.005000 0.085246
1478.013000 0.056976
1479.213000 0.073175
1480.214000 0.095389
1481.354000 0.092575
1482.364000 0.057067
1483.394000 0.090037
1484.424000 0.088220
1485.433000 0.080467
1486.493000 0.051163
1487.494000 0.095987
1488.553000 0.082566
1489.574000 0.093053
1490.584000 0.091509
1491.593000 0.083897
1492.764000 0.068618
1493.783000 0.087537
1494.784000 0.129476
1495.785000 0.118602
1496.843000 0.135193
1498.024000 0.126681
1499.114000 0.149803
1500.164000 0.139081
1501.174000 0.147098
1502.184000 0.145395
1503.194000 0.153592
1504.195000 0.128612
1505.205000 0.164873
1506.423000 0.126951
1507.425000 0.160671
1508.434000 0.162365
1509.435000 0.162584
1510.593000 0.177054
1510.659000 0.269455
