0.000000 0.129746
1.001000 0.172485
2.002000 0.098398
3.020000 0.140938
4.050000 0.124208
5.150000 0.111235
6.190000 0.114003
7.230000 0.107661
8.231000 0.157488
9.232000 0.114050
10.410000 0.103530
11.411000 0.123903
12.421000 0.131338
13.430000 0.155330
14.432000 0.115914
15.441000 0.159698
16.450000 0.162813
17.650000 0.123204
18.660000 0.166367
19.661000 0.159141
20.740000 0.113522
21.741000 0.155240
22.969000 0.128682
23.970000 0.162070
24.980000 0.171051
26.049000 0.139391
27.201000 0.122630
28.419000 0.148044
29.461000 0.131701
30.540000 0.147817
31.541000 0.173056
32.610000 0.124166
33.811000 0.129051
34.820000 0.160737
35.830000 0.165475
37.070000 0.121372
38.071000 0.161179
39.072000 0.176551
40.077000 0.181061
41.080000 0.179551
42.082000 0.173746
43.090000 0.170397
44.299000 0.122533
45.390000 0.097709
46.391000 0.052444
47.400000 0.126757
48.490000 0.153725
49.670000 0.147862
50.680000 0.130581
51.689000 0.144353
52.910000 0.107020
53.919000 0.102359
54.921000 0.116892
55.929000 0.101394
56.949000 0.077716
57.969000 0.053654
58.989000 0.067508
59.990000 0.106275
61.029000 0.068907
62.039000 0.096548
63.040000 0.088342
64.079000 0.100474
65.081000 0.132606
66.089000 0.101025
67.339000 0.082784
68.349000 0.097617
69.499000 0.053503
70.500000 0.103377
71.539000 0.124570
72.759000 0.110857
73.801000 0.104053
74.869000 0.074927
75.870000 0.103666
76.919000 0.099547
78.139000 0.117447
79.159000 0.138448
80.169000 0.090769
81.171000 0.071686
82.399000 0.102351
83.409000 0.123776
84.410000 0.120175
85.469000 0.090847
86.689000 0.099867
87.698000 0.119510
88.739000 0.089623
89.749000 0.119058
90.750000 0.120258
92.009000 0.097611
93.010000 0.118257
94.029000 0.119308
95.039000 0.104703
96.049000 0.122447
97.050000 0.090183
98.059000 0.127202
99.069000 0.089029
100.249000 0.103151
101.419000 0.109944
102.559000 0.108554
103.758000 0.123555
104.819000 0.112402
105.829000 0.145694
106.839000 0.103338
107.859000 0.092535
108.868000 0.099767
109.969000 0.122345
110.978000 0.119944
112.039000 0.099675
113.059000 0.099349
114.169000 0.095765
115.318000 0.099826
116.508000 0.100052
117.708000 0.108358
118.838000 0.109413
119.849000 0.106268
120.949000 0.115760
122.148000 0.112182
123.319000 0.060041
124.418000 0.057259
125.419000 0.078420
126.428000 0.095096
127.639000 0.075948
128.648000 0.100679
129.688000 0.073273
130.708000 0.062405
131.718000 0.097276
132.723000 0.098907
133.728000 0.105180
134.738000 0.110635
135.739000 0.111430
136.748000 0.073527
137.768000 0.101667
138.808000 0.067124
139.818000 0.094428
140.838000 0.084468
141.849000 0.072822
142.858000 0.095452
143.868000 0.066187
144.888000 0.055789
145.908000 0.021459
146.948000 0.047105
147.949000 0.096914
148.973000 0.052402
149.978000 0.090537
150.988000 0.093785
151.998000 0.082450
153.238000 0.079123
154.248000 0.104179
155.258000 0.118765
156.268000 0.085873
157.278000 0.116844
158.288000 0.082517
159.298000 0.103215
160.308000 0.068733
161.328000 0.101127
162.343000 0.033315
163.558000 0.076817
164.607000 0.040466
165.609000 0.076106
166.618000 0.074893
167.637000 0.045424
168.649000 0.057120
169.667000 0.042479
170.698000 0.038479
171.708000 0.035100
172.722000 0.037657
173.898000 0.050179
174.918000 0.042918
176.368000 0.014093
177.388000 0.071040
178.397000 0.063661
179.768000 0.030932
180.808000 0.021286
181.817000 0.133275
182.987000 0.063417
183.988000 0.126408
184.998000 0.106570
186.227000 0.103192
187.348000 0.100179
188.358000 0.098154
189.568000 0.101006
190.578000 0.142374
191.588000 0.126173
192.598000 0.112692
193.737000 0.076752
194.739000 0.076125
195.747000 0.112230
196.748000 0.095706
197.868000 0.078037
198.878000 0.105200
200.008000 0.086182
201.010000 0.080979
202.147000 0.105849
203.157000 0.074259
204.167000 0.069661
205.197000 0.073297
206.247000 0.085989
207.277000 0.041614
208.297000 0.036955
209.507000 0.046341
210.557000 0.041691
211.697000 0.025730
212.720000 0.038780
213.737000 0.037394
214.777000 0.030254
215.947000 0.028662
216.957000 0.036570
218.567000 0.017613
219.577000 0.029798
220.947000 0.002996
221.957000 0.050784
222.997000 0.045860
224.007000 0.031152
225.017000 0.020317
226.048000 0.024024
227.190000 0.031145
228.236000 0.028363
229.237000 0.031433
230.417000 0.022985
231.957000 0.017766
233.017000 0.037276
234.067000 0.042994
235.077000 0.038516
236.088000 0.027062
237.097000 0.022216
238.197000 0.062906
239.208000 0.097424
240.227000 0.081519
241.236000 0.075713
242.262000 0.074784
243.267000 0.087874
244.297000 0.055390
245.516000 0.065679
246.587000 0.088450
247.676000 0.032442
249.067000 0.012785
256.147000 0.012630
257.168000 0.045434
258.177000 0.123768
259.247000 0.119421
260.258000 0.158287
261.317000 0.143415
262.387000 0.170326
263.487000 0.177219
264.557000 0.204401
265.586000 0.207894
266.587000 0.146579
267.777000 0.116871
269.637000 0.030359
270.666000 0.112091
271.676000 0.123378
272.687000 0.174684
273.688000 0.229164
274.697000 0.123383
275.806000 0.097956
276.966000 0.107134
277.971000 0.167522
278.977000 0.149714
279.987000 0.166953
281.007000 0.134958
282.017000 0.117148
283.026000 0.089456
284.036000 0.105181
285.046000 0.077078
286.057000 0.080319
287.076000 0.068467
288.077000 0.058457
289.086000 0.050022
290.096000 0.062551
291.126000 0.072128
292.206000 0.067964
293.366000 0.082485
294.406000 0.061823
295.426000 0.035383
296.456000 0.036177
297.696000 0.019858
299.157000 0.015918
300.177000 0.017435
301.186000 0.045663
302.286000 0.092011
303.306000 0.071537
304.326000 0.060037
305.346000 0.074866
306.366000 0.070656
307.386000 0.065030
308.396000 0.078810
309.426000 0.048020
310.446000 0.053373
311.456000 0.081154
312.476000 0.052907
313.506000 0.053228
314.516000 0.073604
318.606000 0.014685
319.636000 0.041173
320.646000 0.045515
321.656000 0.051458
322.706000 0.044179
323.756000 0.039086
324.786000 0.049417
325.794000 0.035286
326.815000 0.025252
327.836000 0.033497
328.859000 0.030125
329.876000 0.052922
330.906000 0.042501
331.916000 0.030277
333.076000 0.033503
334.086000 0.069602
335.215000 0.088112
336.246000 0.043787
337.436000 0.035495
338.476000 0.066917
339.616000 0.087244
340.626000 0.114504
341.757000 0.047676
342.766000 0.033929
343.796000 0.038517
345.375000 0.004928
346.406000 0.037152
347.456000 0.035154
348.556000 0.013760
350.066000 0.009966
351.185000 0.087005
352.196000 0.076117
353.216000 0.060722
354.535000 0.019706
355.705000 0.002338
356.725000 0.043474
357.775000 0.022149
358.845000 0.008950
359.935000 0.010040
360.945000 0.013545
361.996000 0.018223
363.005000 0.014914
364.035000 0.013622
365.345000 0.000859
366.355000 0.013545
367.395000 0.060508
368.406000 0.038407
369.435000 0.059825
370.455000 0.042125
371.475000 0.045600
373.655000 0.004384
374.695000 0.017100
375.755000 0.019358
376.815000 0.016777
377.855000 0.018415
378.885000 0.016728
379.895000 0.018962
380.948000 0.016889
381.965000 0.022867
382.975000 0.019077
384.005000 0.034532
385.015000 0.026337
386.365000 0.034133
387.385000 0.020118
388.415000 0.015938
389.505000 0.010040
390.605000 0.012355
391.935000 0.010104
393.010000 0.019088
394.105000 0.016241
395.125000 0.016094
396.215000 0.016570
397.235000 0.021459
398.245000 0.021671
399.645000 0.004419
400.665000 0.021459
401.685000 0.033529
402.725000 0.033302
403.815000 0.018826
405.025000 0.007923
406.055000 0.015938
407.124000 0.017916
408.214000 0.010040
409.385000 0.009385
410.445000 0.023230
411.485000 0.018415
412.515000 0.015659
413.524000 0.024404
414.829000 0.012555
415.835000 0.057619
416.895000 0.034400
417.915000 0.028165
418.955000 0.020963
419.965000 0.033861
421.025000 0.030990
422.045000 0.040235
423.085000 0.026240
424.105000 0.030847
425.155000 0.024674
426.175000 0.037590
427.185000 0.046359
428.874000 0.035007
429.875000 0.058765
430.895000 0.031906
431.905000 0.056853
432.906000 0.070823
434.115000 0.054462
435.134000 0.051890
436.145000 0.070362
437.154000 0.060700
438.155000 0.088146
439.334000 0.084483
440.344000 0.142731
441.434000 0.088784
442.444000 0.139406
443.485000 0.082128
444.494000 0.043870
445.524000 0.052724
446.525000 0.107645
447.545000 0.132954
448.554000 0.127769
449.555000 0.126966
450.556000 0.120884
451.564000 0.109307
452.565000 0.120137
453.574000 0.082148
454.615000 0.062373
455.654000 0.068788
456.664000 0.041660
457.694000 0.050470
458.722000 0.035739
459.774000 0.027308
460.804000 0.018850
461.834000 0.031876
462.844000 0.025735
463.874000 0.021904
464.894000 0.030847
465.964000 0.026464
466.994000 0.042501
468.014000 0.050687
469.034000 0.065718
470.084000 0.038079
471.094000 0.027089
472.114000 0.021459
473.154000 0.026183
474.204000 0.029966
475.234000 0.025642
476.244000 0.028444
477.254000 0.032065
478.275000 0.041290
479.284000 0.042030
480.484000 0.042397
481.504000 0.052306
482.514000 0.034312
483.574000 0.030974
484.794000 0.034204
485.835000 0.042052
486.844000 0.025760
487.964000 0.014324
488.993000 0.015953
489.994000 0.016400
491.014000 0.025660
492.024000 0.035216
493.035000 0.052213
494.053000 0.049457
495.064000 0.043684
496.094000 0.055783
497.104000 0.040386
498.114000 0.048014
499.123000 0.056441
500.144000 0.049414
501.153000 0.061960
502.294000 0.030792
503.313000 0.051015
504.334000 0.045457
505.354000 0.042946
506.373000 0.049672
507.414000 0.041077
508.624000 0.039155
509.634000 0.046051
510.653000 0.043635
511.663000 0.065014
512.664000 0.049813
513.684000 0.053095
514.704000 0.060453
515.734000 0.040938
516.743000 0.044330
517.764000 0.057891
518.903000 0.060038
520.014000 0.057958
521.033000 0.032220
522.153000 0.028693
523.194000 0.045994
524.203000 0.067350
525.213000 0.086222
526.223000 0.058533
527.234000 0.056999
528.243000 0.053865
529.263000 0.057292
530.283000 0.069088
531.313000 0.078361
532.463000 0.056469
533.493000 0.063295
534.513000 0.060951
535.533000 0.062789
536.733000 0.061672
537.734000 0.076698
538.754000 0.074029
539.803000 0.063683
540.804000 0.077437
541.853000 0.089170
542.859000 0.086383
543.863000 0.085042
544.903000 0.040055
546.073000 0.036686
547.193000 0.056671
548.203000 0.075294
549.303000 0.077971
550.463000 0.089028
551.473000 0.079043
552.513000 0.043264
553.514000 0.072987
554.533000 0.044969
555.543000 0.089973
556.563000 0.105375
557.573000 0.124235
558.663000 0.085662
559.673000 0.102700
560.683000 0.071157
561.763000 0.075429
562.773000 0.101037
563.803000 0.088235
564.813000 0.045883
565.873000 0.054204
566.885000 0.055747
567.963000 0.083041
568.983000 0.072059
570.103000 0.071803
571.123000 0.071068
572.392000 0.053054
573.413000 0.094573
574.422000 0.099935
575.432000 0.103297
576.643000 0.086244
577.703000 0.069506
578.723000 0.034871
579.733000 0.027089
580.742000 0.056684
581.823000 0.089459
582.833000 0.141450
583.852000 0.061086
584.862000 0.049405
585.953000 0.038130
586.963000 0.086535
588.073000 0.113011
589.083000 0.113072
590.093000 0.117943
591.102000 0.121417
592.103000 0.124534
593.113000 0.138054
594.133000 0.106681
595.193000 0.127086
596.242000 0.119858
597.243000 0.122986
598.292000 0.064996
599.293000 0.104689
600.303000 0.092795
601.312000 0.102557
602.442000 0.091319
603.452000 0.141770
604.512000 0.114866
605.522000 0.095688
606.532000 0.099468
607.542000 0.078116
608.672000 0.068288
609.673000 0.093028
610.692000 0.061254
611.702000 0.058575
612.723000 0.068833
613.832000 0.080191
614.858000 0.090139
616.052000 0.050691
617.192000 0.069409
618.202000 0.098468
619.212000 0.091531
620.222000 0.079983
621.232000 0.126493
622.233000 0.084710
623.322000 0.086787
624.332000 0.115470
625.342000 0.096706
626.352000 0.104869
627.362000 0.141349
628.372000 0.095651
629.382000 0.141631
630.383000 0.122478
631.482000 0.123873
632.492000 0.114348
633.652000 0.091322
634.832000 0.112048
636.013000 0.108778
637.034000 0.128079
638.042000 0.107038
639.062000 0.116854
640.072000 0.139311
641.082000 0.181327
642.092000 0.131496
643.102000 0.137728
644.132000 0.117806
645.302000 0.136863
646.303000 0.141638
647.312000 0.141774
648.313000 0.161858
649.333000 0.168568
650.381000 0.116493
651.382000 0.125472
652.392000 0.134573
653.402000 0.125320
654.412000 0.134942
655.421000 0.155493
656.422000 0.143014
657.432000 0.124198
658.552000 0.125785
659.702000 0.102973
660.713000 0.134081
661.791000 0.088596
662.952000 0.116840
664.062000 0.125641
665.192000 0.129281
666.193000 0.137060
667.232000 0.132830
668.234000 0.145533
669.241000 0.131233
670.252000 0.141529
671.271000 0.128473
672.402000 0.118685
673.412000 0.169651
674.413000 0.152415
675.422000 0.198015
676.531000 0.146416
677.642000 0.218041
678.702000 0.138081
679.731000 0.066472
680.751000 0.072185
681.761000 0.047424
682.781000 0.032056
683.952000 0.041260
684.962000 0.112691
685.972000 0.126841
687.001000 0.104414
688.012000 0.064950
689.021000 0.061628
690.031000 0.042485
691.211000 0.043112
692.212000 0.135390
693.291000 0.144339
694.321000 0.109517
695.371000 0.130905
696.372000 0.156248
697.391000 0.134974
698.401000 0.126001
699.411000 0.155211
700.421000 0.099951
701.551000 0.129157
702.631000 0.142185
703.633000 0.143116
704.641000 0.154910
705.841000 0.083504
706.842000 0.156812
707.851000 0.174950
708.971000 0.138300
709.981000 0.146824
711.011000 0.055540
712.021000 0.098077
713.151000 0.115259
714.161000 0.159995
715.162000 0.099086
716.181000 0.084354
717.221000 0.049985
718.251000 0.024874
719.281000 0.025235
720.291000 0.027089
721.341000 0.024821
722.361000 0.034871
723.381000 0.040235
724.391000 0.038083
725.461000 0.028127
726.481000 0.034871
727.501000 0.035729
728.540000 0.039288
729.552000 0.030480
730.591000 0.032916
731.601000 0.030276
732.621000 0.038894
733.651000 0.042501
734.661000 0.043258
735.851000 0.047190
736.860000 0.055588
737.871000 0.044653
738.912000 0.024148
739.921000 0.039318
741.151000 0.041682
742.181000 0.039845
743.221000 0.035515
744.230000 0.016229
745.261000 0.042460
746.271000 0.057829
747.280000 0.104137
748.291000 0.069080
749.390000 0.126584
750.391000 0.155572
751.393000 0.149625
752.400000 0.137844
753.531000 0.168555
754.560000 0.108241
755.760000 0.076902
756.780000 0.112425
757.941000 0.133060
758.951000 0.183318
759.960000 0.152523
760.961000 0.164398
761.970000 0.173883
763.141000 0.137763
764.191000 0.209686
765.201000 0.165423
766.281000 0.185275
767.431000 0.151805
768.470000 0.205283
769.480000 0.226256
770.631000 0.168648
771.681000 0.187291
772.812000 0.181899
773.813000 0.169484
774.820000 0.156881
775.893000 0.127410
777.072000 0.131712
778.240000 0.129930
779.291000 0.179400
780.401000 0.140372
781.411000 0.144321
782.430000 0.100125
783.450000 0.055828
784.521000 0.100623
785.531000 0.167930
786.540000 0.144662
787.541000 0.121008
788.550000 0.147010
789.551000 0.141252
790.560000 0.130740
791.590000 0.085081
792.611000 0.136948
793.740000 0.128113
794.741000 0.149614
795.750000 0.181242
796.790000 0.141425
797.870000 0.160459
798.871000 0.185820
799.880000 0.167931
800.961000 0.151794
802.031000 0.151054
803.040000 0.150508
804.050000 0.156648
805.220000 0.135700
806.330000 0.173845
807.331000 0.183845
808.480000 0.182279
809.490000 0.169460
810.491000 0.165874
811.630000 0.127310
812.790000 0.142132
813.792000 0.168319
814.810000 0.141158
815.820000 0.198035
816.830000 0.193323
817.831000 0.164778
818.833000 0.241773
819.930000 0.184573
820.931000 0.182310
822.001000 0.170516
823.002000 0.207092
824.010000 0.165094
825.012000 0.173251
826.020000 0.181522
827.021000 0.188773
828.170000 0.142941
829.171000 0.172285
830.180000 0.175335
831.190000 0.150275
832.350000 0.141660
833.360000 0.176240
834.371000 0.137901
835.451000 0.133594
836.580000 0.142120
837.589000 0.159843
838.590000 0.144401
839.600000 0.175820
840.609000 0.126456
841.610000 0.148911
842.611000 0.158956
843.619000 0.132410
844.649000 0.097909
845.660000 0.125863
846.670000 0.118674
847.680000 0.114577
848.749000 0.093553
849.819000 0.065505
850.869000 0.062808
851.919000 0.037783
852.959000 0.019731
853.989000 0.020229
855.020000 0.035825
856.129000 0.019417
857.139000 0.023026
858.150000 0.033561
859.170000 0.057434
860.189000 0.046393
861.309000 0.041634
862.319000 0.070432
863.320000 0.066018
864.339000 0.048311
865.369000 0.039125
866.399000 0.041173
867.419000 0.037829
868.439000 0.049279
869.449000 0.045812
870.459000 0.070418
871.469000 0.065170
872.489000 0.045230
873.549000 0.019140
874.559000 0.017608
875.619000 0.010325
876.925000 0.013198
877.949000 0.028055
878.999000 0.026297
880.039000 0.024992
881.269000 0.020664
882.299000 0.017266
883.309000 0.013545
884.339000 0.011953
885.409000 0.012785
886.439000 0.015047
888.459000 0.007450
889.469000 0.035805
890.505000 0.040808
891.519000 0.049679
892.549000 0.054721
893.568000 0.065813
894.569000 0.063618
895.579000 0.075523
896.769000 0.061004
897.781000 0.074083
898.790000 0.083545
899.799000 0.064566
900.809000 0.046051
901.829000 0.023026
902.929000 0.013680
905.219000 0.001195
906.238000 0.051015
907.259000 0.014738
908.379000 0.010320
909.410000 0.015922
910.459000 0.015649
911.519000 0.011615
913.688000 0.002523
914.699000 0.016389
915.708000 0.033895
916.728000 0.021459
917.768000 0.015742
918.818000 0.018240
919.928000 0.011092
920.968000 0.013154
922.118000 0.019074
923.160000 0.027570
924.178000 0.026876
925.189000 0.019075
926.208000 0.029535
927.390000 0.030794
928.419000 0.031907
929.434000 0.038203
930.489000 0.063673
931.498000 0.110283
932.508000 0.082742
933.528000 0.074684
934.529000 0.082749
935.555000 0.088405
936.618000 0.071710
937.629000 0.117022
938.638000 0.134538
939.639000 0.131288
940.799000 0.147147
941.808000 0.108486
942.819000 0.120391
943.829000 0.130170
944.919000 0.126537
945.920000 0.162334
946.939000 0.134588
947.941000 0.247660
949.278000 0.138163
950.318000 0.152379
951.319000 0.159338
952.320000 0.183968
953.479000 0.169648
954.489000 0.185913
955.538000 0.127438
956.549000 0.149063
957.728000 0.156060
958.739000 0.179029
959.740000 0.156414
960.764000 0.147668
961.899000 0.179125
962.908000 0.154686
963.910000 0.109097
964.938000 0.082660
965.958000 0.056329
967.364000 0.011653
968.368000 0.104190
969.469000 0.061045
970.608000 0.101478
971.609000 0.122304
972.648000 0.085714
973.658000 0.129973
974.808000 0.087822
975.829000 0.098090
976.838000 0.094230
977.848000 0.073327
978.950000 0.078121
979.961000 0.107800
981.108000 0.088542
982.118000 0.098570
983.119000 0.089732
984.128000 0.081628
985.268000 0.076482
986.278000 0.104670
987.288000 0.095077
988.298000 0.079800
989.317000 0.100833
990.328000 0.087828
991.349000 0.084115
992.357000 0.062548
993.408000 0.084408
994.418000 0.067723
995.428000 0.053719
996.429000 0.103209
997.430000 0.104323
998.438000 0.117443
999.448000 0.138995
1000.449000 0.172183
1001.489000 0.131140
1002.618000 0.162164
1003.748000 0.150383
1004.758000 0.156394
1005.780000 0.110697
1006.788000 0.115992
1007.797000 0.096079
1008.968000 0.104302
1010.138000 0.105783
1011.139000 0.134852
1012.148000 0.140111
1013.157000 0.060898
1014.267000 0.079453
1015.281000 0.120639
1016.298000 0.106090
1017.307000 0.155815
1018.378000 0.155841
1019.478000 0.176445
1020.488000 0.221033
1021.568000 0.182614
1022.618000 0.176534
1023.729000 0.210053
1024.898000 0.194216
1025.998000 0.202468
1026.999000 0.226713
1028.000000 0.214991
1029.008000 0.198203
1030.029000 0.189389
1031.108000 0.229467
1032.118000 0.234656
1033.227000 0.202575
1034.377000 0.265787
1035.447000 0.212413
1036.557000 0.166858
1037.687000 0.198049
1038.688000 0.207552
1039.758000 0.161459
1040.977000 0.161046
1041.978000 0.205147
1043.107000 0.136769
1044.108000 0.182922
1045.117000 0.166454
1046.178000 0.126381
1047.187000 0.168171
1048.307000 0.134020
1049.309000 0.144206
1050.338000 0.118240
1051.349000 0.211511
1052.358000 0.158677
1053.378000 0.162562
1054.388000 0.189283
1055.389000 0.208546
1056.407000 0.168532
1057.417000 0.184555
1058.457000 0.133067
1059.497000 0.151480
1060.508000 0.085447
1061.509000 0.138952
1062.517000 0.190791
1063.677000 0.120925
1064.697000 0.125235
1065.707000 0.077188
1066.720000 0.073082
1067.737000 0.092639
1068.749000 0.080538
1069.757000 0.105170
1070.763000 0.096298
1071.767000 0.116642
1072.777000 0.102048
1073.827000 0.104562
1074.828000 0.134824
1075.927000 0.139480
1076.937000 0.084657
1077.977000 0.067012
1078.997000 0.057671
1080.167000 0.026153
1081.177000 0.078192
1082.178000 0.047832
1083.277000 0.082528
1084.307000 0.097764
1085.457000 0.102206
1086.637000 0.106652
1087.646000 0.134947
1088.667000 0.116214
1089.671000 0.067048
1090.697000 0.054667
1091.717000 0.032721
1092.808000 0.028511
1093.817000 0.036607
1094.830000 0.025705
1095.897000 0.016667
1097.418000 0.010793
1099.097000 0.000815
1100.147000 0.042188
1101.188000 0.037445
1102.497000 0.006270
1103.523000 0.064589
1104.537000 0.069773
1105.656000 0.092185
1106.787000 0.116862
1107.827000 0.093142
1108.887000 0.119890
1109.908000 0.096373
1110.917000 0.091860
1111.997000 0.073629
1113.017000 0.096107
1114.037000 0.106920
1115.167000 0.111536
1116.177000 0.106386
1117.186000 0.112730
1118.206000 0.111348
1119.216000 0.102870
1120.227000 0.105774
1121.237000 0.123586
1122.247000 0.101335
1123.267000 0.096428
1124.268000 0.097330
1125.327000 0.072566
1126.507000 0.098108
1127.516000 0.081028
1128.636000 0.081692
1129.647000 0.147215
1130.796000 0.169422
1131.916000 0.166713
1132.957000 0.132521
1133.967000 0.121836
1134.976000 0.145710
1136.007000 0.088912
1137.056000 0.111646
1138.228000 0.091427
1139.247000 0.133561
1140.327000 0.118517
1141.416000 0.120989
1142.426000 0.111156
1143.656000 0.077257
1144.696000 0.076279
1145.716000 0.079129
1146.816000 0.086368
1148.076000 0.100401
1149.136000 0.152741
1150.306000 0.164620
1151.316000 0.176114
1152.386000 0.158067
1153.396000 0.090514
1154.416000 0.050242
1155.646000 0.023356
1156.850000 0.013608
1157.856000 0.098960
1158.860000 0.087413
1160.087000 0.070003
1161.096000 0.116659
1162.106000 0.078337
1163.116000 0.055580
1164.156000 0.035515
1165.176000 0.034463
1166.216000 0.048669
1167.236000 0.046551
1168.256000 0.055811
1169.406000 0.045675
1170.426000 0.036212
1171.457000 0.031845
1173.626000 0.001091
1174.636000 0.056944
1175.646000 0.104702
1176.647000 0.143156
1177.656000 0.154924
1178.666000 0.136756
1179.676000 0.140392
1180.686000 0.181524
1181.856000 0.122281
1182.866000 0.126249
1183.868000 0.160249
1184.886000 0.134796
1185.906000 0.145873
1186.908000 0.210170
1187.916000 0.164087
1188.926000 0.173829
1190.106000 0.153623
1191.107000 0.187783
1192.246000 0.138759
1193.326000 0.141239
1194.468000 0.158962
1195.469000 0.161501
1196.625000 0.136244
1197.626000 0.095438
1198.629000 0.155750
1199.776000 0.134595
1200.946000 0.155259
1201.948000 0.171251
1202.956000 0.156956
1203.966000 0.163818
1204.976000 0.131233
1205.977000 0.169915
1206.986000 0.138332
1207.996000 0.127979
1208.997000 0.175189
1210.116000 0.096758
1211.136000 0.138235
1212.156000 0.107836
1213.196000 0.128166
1214.206000 0.189688
1215.355000 0.134016
1216.356000 0.171314
1217.366000 0.164199
1218.376000 0.161345
1219.486000 0.134440
1220.656000 0.167988
1221.816000 0.154627
1222.826000 0.160453
1223.827000 0.150068
1224.835000 0.148875
1225.836000 0.153113
1226.888000 0.142010
1227.965000 0.142718
1229.135000 0.127600
1230.195000 0.134806
1231.236000 0.156208
1232.245000 0.156995
1233.386000 0.142896
1234.395000 0.141156
1235.405000 0.094740
1236.545000 0.114628
1237.548000 0.172700
1238.556000 0.129694
1239.565000 0.145496
1240.575000 0.116860
1241.585000 0.132680
1242.676000 0.105628
1243.685000 0.130054
1244.686000 0.131661
1245.806000 0.130912
1246.807000 0.132273
1247.815000 0.096573
1248.845000 0.063707
1249.885000 0.055246
1250.888000 0.041861
1251.905000 0.047080
1253.211000 0.012545
1254.666000 0.012874
1255.675000 0.099477
1256.845000 0.137633
1257.846000 0.136000
1258.947000 0.118314
1259.985000 0.139012
1260.986000 0.174365
1262.005000 0.129392
1263.006000 0.135378
1264.026000 0.129121
1265.115000 0.058898
1266.116000 0.173674
1267.126000 0.159722
1268.135000 0.172843
1269.145000 0.120873
1270.148000 0.116185
1271.155000 0.104117
1272.165000 0.127750
1273.227000 0.106872
1274.235000 0.193768
1275.275000 0.150636
1276.345000 0.211704
1277.347000 0.218293
1278.366000 0.243079
1279.367000 0.244903
1280.375000 0.154905
1281.386000 0.146447
1282.405000 0.087073
1283.415000 0.060824
1284.865000 0.004594
1285.915000 0.063487
1286.975000 0.119423
1287.976000 0.160866
1289.025000 0.106550
1290.045000 0.155721
1291.235000 0.127938
1292.245000 0.114172
1293.255000 0.133284
1294.305000 0.089080
1295.306000 0.077126
1296.335000 0.038554
1297.354000 0.041234
1298.364000 0.041988
1299.375000 0.050507
1301.525000 0.016654
1302.695000 0.100311
1303.696000 0.102933
1304.845000 0.068135
1306.106000 0.004339
1307.124000 0.021501
1308.125000 0.037116
1309.135000 0.109304
1310.325000 0.112257
1311.385000 0.161007
1312.595000 0.126470
1313.685000 0.118658
1314.686000 0.139063
1315.874000 0.110076
1316.875000 0.103289
1317.885000 0.101311
1318.894000 0.103258
1319.905000 0.105365
1320.915000 0.119765
1321.925000 0.092089
1322.935000 0.097847
1324.015000 0.089827
1325.025000 0.138671
1326.034000 0.113130
1327.035000 0.139037
1328.045000 0.107279
1329.146000 0.091160
1330.335000 0.132960
1331.395000 0.139278
1332.525000 0.134049
1333.714000 0.140348
1334.724000 0.139417
1335.735000 0.140427
1336.785000 0.135222
1337.795000 0.142004
1338.805000 0.147484
1339.806000 0.128079
1340.814000 0.129128
1341.815000 0.148531
1342.816000 0.181429
1343.835000 0.205357
1344.945000 0.203734
1346.105000 0.182759
1347.115000 0.200578
1348.194000 0.161127
1349.195000 0.209794
1350.196000 0.221058
1351.204000 0.151872
1352.335000 0.154233
1353.344000 0.180481
1354.514000 0.126577
1355.515000 0.173152
1356.654000 0.136158
1357.655000 0.184144
1358.864000 0.127087
1359.866000 0.169874
1360.868000 0.116775
1361.964000 0.153703
1362.994000 0.135088
1363.995000 0.144190
1365.005000 0.154777
1366.204000 0.126169
1367.205000 0.160816
1368.206000 0.168724
1369.354000 0.111072
1370.355000 0.137593
1371.365000 0.143808
1372.374000 0.142492
1373.494000 0.098470
1374.505000 0.134712
1375.506000 0.141995
1376.704000 0.110523
1377.705000 0.111467
1378.707000 0.139703
1379.714000 0.136816
1380.715000 0.139061
1381.724000 0.144871
1382.725000 0.126711
1383.734000 0.150550
1384.746000 0.119933
1385.747000 0.124796
1386.754000 0.120598
1387.776000 0.126292
1388.954000 0.111564
1390.054000 0.134369
1391.184000 0.149360
1392.334000 0.137426
1393.345000 0.171915
1394.346000 0.190307
1395.385000 0.097916
1396.394000 0.098143
1397.404000 0.115248
1398.434000 0.103872
1399.436000 0.144941
1400.614000 0.124224
1401.624000 0.144869
1402.625000 0.129736
1403.724000 0.137911
1404.905000 0.136936
1406.004000 0.144149
1407.005000 0.149947
1408.025000 0.137147
1409.114000 0.146106
1410.115000 0.152862
1411.124000 0.145327
1412.134000 0.123404
1413.144000 0.150558
1414.284000 0.141332
1415.294000 0.090964
1416.364000 0.132943
1417.394000 0.128464
1418.404000 0.132815
1419.414000 0.138824
1420.426000 0.170485
1421.434000 0.145006
1422.454000 0.116585
1423.494000 0.124428
1424.654000 0.119374
1425.674000 0.132334
1426.675000 0.131019
1427.676000 0.133837
1428.694000 0.145469
1429.704000 0.156179
1430.865000 0.121886
1432.004000 0.126172
1433.204000 0.138738
1434.244000 0.124254
1435.254000 0.122518
1436.264000 0.113023
1437.304000 0.110210
1438.314000 0.148295
1439.384000 0.134360
1440.524000 0.128471
1441.583000 0.120895
1442.594000 0.116808
1443.614000 0.126258
1444.774000 0.131971
1445.775000 0.127403
1446.785000 0.156421
1447.803000 0.129546
1448.944000 0.082656
1449.954000 0.091876
1450.964000 0.088532
1452.034000 0.086699
1453.043000 0.156745
1454.054000 0.124013
1455.074000 0.149032
1456.075000 0.140840
1457.084000 0.141259
1458.094000 0.145782
1459.134000 0.152762
1460.144000 0.142118
1461.145000 0.113807
1462.154000 0.140056
1463.164000 0.152402
1464.174000 0.130693
1465.184000 0.127769
1466.185000 0.129321
1467.194000 0.135046
1468.214000 0.070231
1469.314000 0.118595
1470.323000 0.150803
1471.344000 0.085508
1472.494000 0.106345
1473.684000 0.129349
1474.754000 0.163855
1475.774000 0.173549
1476.784000 0.106668
1477.785000 0.137722
1478.934000 0.084644
1479.953000 0.062145
1480.963000 0.069274
1481.973000 0.081215
1482.993000 0.074031
1484.143000 0.068850
1485.144000 0.129746
1486.145000 0.130646
1487.273000 0.134943
1488.274000 0.160549
1489.283000 0.154996
1490.285000 0.138288
1491.294000 0.130678
1492.383000 0.143064
1493.534000 0.130904
1494.535000 0.158766
1495.545000 0.142556
1496.553000 0.154349
1497.554000 0.153317
1498.555000 0.139783
1499.573000 0.133102
1500.574000 0.103843
1501.593000 0.088227
1502.604000 0.134505
1503.614000 0.153951
1504.624000 0.118908
1505.626000 0.167660
1506.753000 0.130264
1507.754000 0.141882
1508.944000 0.124368
1509.953000 0.122815
1510.954000 0.104271
1511.963000 0.125642
1512.973000 0.147382
1513.974000 0.131080
1515.004000 0.138473
1516.174000 0.143012
1517.184000 0.179299
1518.263000 0.127873
1519.264000 0.164300
1520.274000 0.111229
1521.284000 0.175851
1522.293000 0.159219
1523.354000 0.100598
1524.364000 0.148115
1525.533000 0.132424
1526.534000 0.145521
1527.544000 0.149237
1528.553000 0.119007
1529.554000 0.126216
1530.644000 0.118406
1531.733000 0.116382
1532.744000 0.110990
1533.753000 0.089903
1534.803000 0.092084
1535.813000 0.133384
1536.824000 0.120812
1537.973000 0.107558
1538.974000 0.141191
1539.983000 0.098626
1541.174000 0.117418
1542.293000 0.128220
1543.393000 0.121425
1544.535000 0.125708
1545.543000 0.135786
1546.723000 0.112162
1547.736000 0.138157
1548.743000 0.133443
1549.913000 0.140451
1551.023000 0.176711
1552.103000 0.157577
1553.104000 0.199611
1554.105000 0.147842
1555.113000 0.145739
1556.193000 0.137409
1557.213000 0.152166
1558.214000 0.160873
1559.293000 0.124695
1560.303000 0.146910
1561.313000 0.130785
1562.315000 0.139738
1563.323000 0.182709
1564.333000 0.140230
1565.343000 0.094117
1566.383000 0.114986
1567.393000 0.139409
1568.394000 0.133431
1569.403000 0.124935
1570.583000 0.124458
1571.774000 0.120401
1572.232000 0.125502
