0.000000 0.210378
1.280000 0.246978
2.430000 0.127901
3.441000 0.148236
4.450000 0.141688
5.451000 0.155936
6.460000 0.123162
7.471000 0.147367
8.660000 0.131389
9.671000 0.173133
10.672000 0.174134
11.820000 0.145764
12.821000 0.180513
14.060000 0.139200
15.061000 0.181529
16.269000 0.129820
17.332000 0.148959
18.530000 0.162977
19.532000 0.185103
20.710000 0.137362
21.711000 0.165260
22.712000 0.145238
23.720000 0.116374
24.809000 0.093028
25.810000 0.120695
26.820000 0.125598
27.830000 0.123429
28.839000 0.125392
29.860000 0.121061
30.889000 0.130204
32.129000 0.106523
33.130000 0.150563
34.132000 0.130140
35.140000 0.147513
36.160000 0.097824
37.350000 0.114024
38.360000 0.139682
39.361000 0.135284
40.520000 0.072761
41.529000 0.103630
42.530000 0.118659
43.539000 0.106505
44.550000 0.116192
45.739000 0.058013
46.749000 0.068719
47.930000 0.073628
49.039000 0.095591
50.040000 0.189500
51.050000 0.079673
52.060000 0.122635
53.062000 0.152103
54.070000 0.151989
55.080000 0.088039
56.179000 0.097783
57.389000 0.124671
58.590000 0.126379
59.800000 0.124475
60.850000 0.124208
61.890000 0.147222
62.950000 0.128166
63.951000 0.181937
65.010000 0.147370
66.160000 0.140341
67.170000 0.144444
68.390000 0.124080
69.391000 0.144966
70.393000 0.127294
71.400000 0.129730
72.410000 0.140789
73.411000 0.150297
74.419000 0.161521
75.420000 0.141673
76.421000 0.168235
77.422000 0.164962
78.430000 0.154396
79.650000 0.115948
80.750000 0.167515
81.770000 0.163349
82.889000 0.174289
83.958000 0.155539
85.060000 0.134110
86.280000 0.114455
87.290000 0.151793
88.310000 0.128003
89.340000 0.131752
90.359000 0.119572
91.509000 0.127968
92.560000 0.116661
93.689000 0.138468
94.919000 0.130111
96.059000 0.113859
97.060000 0.110708
98.249000 0.068419
99.250000 0.126250
100.340000 0.116581
101.349000 0.113199
102.531000 0.056368
103.539000 0.095516
104.670000 0.069116
105.679000 0.110303
106.680000 0.102567
107.700000 0.098413
108.711000 0.100547
109.720000 0.093426
110.721000 0.120112
111.739000 0.118034
112.740000 0.038805
113.900000 0.105574
114.919000 0.136337
115.920000 0.105142
117.059000 0.113181
118.070000 0.124242
119.079000 0.124276
120.090000 0.131427
121.119000 0.093538
122.130000 0.142729
123.131000 0.107355
124.132000 0.118938
125.140000 0.095068
126.150000 0.110340
127.170000 0.118384
128.179000 0.166217
129.187000 0.112270
130.190000 0.111484
131.379000 0.122091
132.400000 0.129810
133.540000 0.100504
134.555000 0.108746
135.559000 0.090777
136.779000 0.077420
137.791000 0.100204
138.799000 0.082785
139.809000 0.092845
140.859000 0.078430
141.870000 0.061053
142.871000 0.072453
143.889000 0.048660
144.959000 0.028127
146.199000 0.012956
147.200000 0.124690
148.319000 0.101580
149.330000 0.109068
150.339000 0.108530
151.400000 0.119789
152.529000 0.122547
153.650000 0.127451
154.679000 0.128417
155.680000 0.155343
156.682000 0.130494
157.689000 0.099352
158.889000 0.103885
159.890000 0.136258
160.899000 0.124890
161.920000 0.127494
162.930000 0.127591
164.070000 0.115927
165.079000 0.141988
166.149000 0.153279
167.160000 0.134044
168.220000 0.131778
169.230000 0.138121
170.239000 0.138640
171.240000 0.147852
172.250000 0.102784
173.339000 0.111086
174.559000 0.116968
175.620000 0.065407
176.621000 0.089506
177.639000 0.092540
178.689000 0.057464
179.729000 0.049573
180.749000 0.046708
181.919000 0.045464
182.929000 0.051469
184.169000 0.056038
185.209000 0.074977
186.258000 0.033362
187.261000 0.047784
189.167000 0.024187
190.369000 0.144488
191.379000 0.113173
192.390000 0.065903
193.630000 0.015257
194.649000 0.053700
195.659000 0.070354
196.671000 0.099795
197.679000 0.102157
198.690000 0.087701
199.699000 0.077838
200.769000 0.093931
201.799000 0.112868
202.819000 0.077786
203.821000 0.103114
204.830000 0.117104
205.839000 0.118253
206.841000 0.105179
207.879000 0.104358
209.099000 0.129122
210.110000 0.143161
211.111000 0.116950
212.119000 0.102133
213.120000 0.087491
214.259000 0.091188
215.400000 0.102287
216.529000 0.109162
217.539000 0.098435
218.540000 0.109909
219.541000 0.093907
220.559000 0.077902
221.710000 0.030803
223.099000 0.001970
224.129000 0.110352
225.149000 0.083577
226.150000 0.037027
227.209000 0.044195
228.230000 0.048235
229.238000 0.044287
230.239000 0.045575
231.260000 0.055901
232.299000 0.054087
233.319000 0.051482
234.329000 0.091711
235.439000 0.095221
236.489000 0.071537
237.670000 0.065699
238.728000 0.074336
239.729000 0.087549
240.739000 0.090638
241.758000 0.076060
242.899000 0.055040
243.918000 0.071152
244.919000 0.046875
246.049000 0.035139
247.058000 0.037656
248.070000 0.041905
249.199000 0.025318
250.208000 0.040921
251.219000 0.041947
252.238000 0.033974
253.289000 0.027334
254.309000 0.035611
255.318000 0.057084
256.319000 0.036899
257.859000 0.008883
258.876000 0.052384
259.879000 0.038189
260.909000 0.024415
262.468000 0.015774
263.499000 0.069412
264.678000 0.025155
265.689000 0.041988
266.698000 0.029828
267.699000 0.017291
268.819000 0.043157
269.978000 0.052335
270.990000 0.060830
272.009000 0.048014
273.018000 0.048566
274.030000 0.067159
275.049000 0.065094
276.059000 0.050366
277.079000 0.053647
278.089000 0.035427
279.368000 0.028660
280.519000 0.052196
281.528000 0.069822
282.738000 0.046440
283.748000 0.062305
284.759000 0.036997
285.879000 0.034083
286.898000 0.060117
287.918000 0.023905
288.949000 0.029415
290.270000 0.014315
292.398000 0.006429
293.499000 0.035920
294.508000 0.033895
295.529000 0.040473
296.539000 0.056887
297.570000 0.038275
298.579000 0.067150
299.589000 0.055998
300.598000 0.073693
301.599000 0.055224
302.609000 0.046576
304.129000 0.052846
305.228000 0.079511
306.249000 0.073594
307.270000 0.070808
308.409000 0.064773
309.442000 0.078749
310.448000 0.088955
311.478000 0.067322
312.561000 0.045533
313.979000 0.073813
314.998000 0.063324
316.109000 0.033557
317.139000 0.045522
318.188000 0.033907
319.219000 0.021230
320.229000 0.020317
321.278000 0.013582
322.320000 0.017067
323.389000 0.012797
324.589000 0.022800
325.618000 0.039883
326.648000 0.010730
327.698000 0.029966
328.959000 0.031401
329.994000 0.023791
331.169000 0.020239
332.469000 0.066725
333.748000 0.058813
334.759000 0.077204
335.962000 0.069002
336.979000 0.088031
338.158000 0.078252
339.169000 0.088227
340.179000 0.076556
342.249000 0.013878
343.298000 0.014759
344.509000 0.018074
345.878000 0.016996
346.898000 0.022800
348.203000 0.012555
349.238000 0.033119
350.298000 0.019358
351.498000 0.015721
352.549000 0.026032
353.578000 0.027918
354.608000 0.023042
355.629000 0.029477
356.878000 0.017147
357.908000 0.037224
358.928000 0.040151
359.988000 0.033571
360.998000 0.043343
362.008000 0.029729
363.028000 0.046941
364.058000 0.023825
365.098000 0.040777
366.108000 0.019270
367.158000 0.050811
368.159000 0.027635
369.218000 0.050380
370.248000 0.030268
371.469000 0.046830
372.518000 0.056076
373.528000 0.027268
374.588000 0.024521
375.619000 0.046440
376.658000 0.031141
377.689000 0.045113
378.718000 0.049120
379.738000 0.034633
380.758000 0.044259
381.768000 0.020992
382.798000 0.035860
383.839000 0.023219
384.878000 0.027650
385.988000 0.017254
386.999000 0.029961
388.079000 0.049880
389.419000 0.065149
390.429000 0.119211
391.440000 0.106112
392.449000 0.134709
393.459000 0.108985
394.519000 0.112450
395.688000 0.119746
396.878000 0.117246
397.948000 0.127152
398.969000 0.113385
399.979000 0.133965
400.980000 0.129903
401.989000 0.130161
403.030000 0.126220
404.258000 0.114955
405.271000 0.156527
406.289000 0.106339
407.378000 0.110521
408.539000 0.126086
409.676000 0.142980
410.739000 0.125938
411.749000 0.130686
412.759000 0.127583
413.770000 0.140830
414.799000 0.045042
415.809000 0.121065
416.819000 0.119122
417.889000 0.127710
418.949000 0.150935
419.959000 0.171320
420.968000 0.140829
421.979000 0.166510
422.989000 0.155988
424.208000 0.124564
425.209000 0.144108
426.210000 0.161712
427.212000 0.173813
428.408000 0.122800
429.409000 0.169899
430.411000 0.172700
431.419000 0.158651
432.599000 0.123168
433.609000 0.161163
434.828000 0.093072
435.868000 0.099456
436.869000 0.128870
437.918000 0.110749
438.928000 0.145697
439.948000 0.126651
440.989000 0.083505
442.008000 0.121930
443.028000 0.094517
444.058000 0.081830
445.098000 0.036299
446.099000 0.073025
447.118000 0.139774
448.119000 0.171427
449.120000 0.185198
450.289000 0.126056
451.290000 0.175135
452.458000 0.138403
453.459000 0.179938
454.470000 0.151131
455.479000 0.166676
456.629000 0.141290
457.630000 0.170416
458.779000 0.137585
459.780000 0.175686
460.933000 0.135201
461.938000 0.177553
462.950000 0.142314
463.953000 0.093891
465.138000 0.145698
466.139000 0.105272
467.140000 0.143767
468.270000 0.121045
469.510000 0.147474
470.579000 0.157409
471.580000 0.160012
472.590000 0.134047
473.610000 0.130341
474.619000 0.113716
475.629000 0.163393
476.631000 0.162949
477.639000 0.158731
478.879000 0.108920
479.889000 0.132179
480.890000 0.144327
481.899000 0.157390
482.900000 0.127662
483.910000 0.114051
485.098000 0.071182
486.099000 0.132030
487.189000 0.088577
488.198000 0.103766
489.209000 0.093480
490.619000 0.037865
491.629000 0.036904
492.630000 0.093298
493.638000 0.096932
494.648000 0.080504
495.738000 0.121300
496.748000 0.128550
497.828000 0.129966
498.958000 0.124091
499.959000 0.131378
500.969000 0.139785
501.978000 0.098803
503.069000 0.100417
504.079000 0.138923
505.108000 0.080747
506.109000 0.113538
507.248000 0.117768
508.298000 0.111577
509.299000 0.104954
510.300000 0.103551
511.349000 0.103592
512.350000 0.170401
513.358000 0.107479
514.359000 0.097166
515.518000 0.095925
516.538000 0.127012
517.539000 0.129702
518.549000 0.140763
519.568000 0.145692
520.578000 0.096038
521.579000 0.112154
522.590000 0.134548
523.698000 0.119897
524.708000 0.127442
526.148000 0.071074
527.275000 0.049768
528.358000 0.025109
529.378000 0.107673
530.938000 0.052568
531.939000 0.108596
534.458000 0.014297
535.478000 0.088093
536.668000 0.098929
537.678000 0.129261
538.688000 0.096974
539.768000 0.093230
540.778000 0.100845
541.998000 0.101457
543.078000 0.124025
544.079000 0.121039
545.209000 0.074156
546.218000 0.101192
547.378000 0.111691
548.388000 0.133050
549.398000 0.091062
550.408000 0.048988
551.608000 0.105438
552.610000 0.115084
553.648000 0.091825
554.708000 0.042897
555.757000 0.039123
556.929000 0.003217
557.951000 0.068266
558.978000 0.029068
559.987000 0.042030
560.998000 0.024374
562.018000 0.033529
563.077000 0.027000
564.098000 0.024118
565.128000 0.013282
566.148000 0.011157
567.188000 0.024992
568.448000 0.026275
569.488000 0.068022
570.498000 0.069056
571.507000 0.065405
572.929000 0.001924
574.338000 0.052756
575.627000 0.053064
576.738000 0.061403
577.768000 0.114470
578.798000 0.045157
579.848000 0.023451
580.858000 0.021763
581.859000 0.188386
582.908000 0.134724
583.909000 0.188533
584.918000 0.174274
585.967000 0.142182
586.977000 0.031152
588.028000 0.034614
589.178000 0.155724
590.258000 0.138936
591.268000 0.152040
592.269000 0.189724
593.270000 0.127376
594.428000 0.188936
595.538000 0.193663
596.648000 0.184405
597.768000 0.196808
598.848000 0.204290
600.058000 0.120468
601.068000 0.251336
602.069000 0.175159
603.288000 0.116743
604.289000 0.160294
605.298000 0.191235
606.299000 0.141929
607.308000 0.082663
608.318000 0.152641
609.329000 0.118886
610.338000 0.139231
611.398000 0.140811
612.408000 0.139945
613.438000 0.121484
614.598000 0.131578
615.689000 0.131909
616.698000 0.134844
617.716000 0.111303
618.718000 0.084996
619.728000 0.132337
620.858000 0.119479
621.859000 0.183252
622.869000 0.114803
623.888000 0.180019
624.898000 0.188958
625.968000 0.150791
627.068000 0.100844
628.078000 0.117898
629.088000 0.077433
630.257000 0.100734
631.258000 0.142997
632.278000 0.161012
633.288000 0.178045
634.289000 0.161144
635.368000 0.095644
636.377000 0.122265
637.378000 0.093717
638.389000 0.147153
639.397000 0.143500
640.398000 0.193017
641.408000 0.149222
642.438000 0.112268
643.518000 0.140523
644.698000 0.161122
645.708000 0.155226
646.858000 0.161445
647.909000 0.156464
648.917000 0.168150
650.088000 0.122378
651.089000 0.137831
652.098000 0.156836
653.108000 0.130885
654.329000 0.141638
655.469000 0.117671
656.477000 0.114129
657.547000 0.099970
658.638000 0.135962
659.648000 0.145207
660.649000 0.152654
661.777000 0.146726
662.779000 0.119850
663.798000 0.127496
664.988000 0.113688
665.998000 0.146061
667.008000 0.107218
668.009000 0.142659
669.010000 0.128920
670.018000 0.130231
671.028000 0.116512
672.137000 0.091356
673.138000 0.106098
674.157000 0.113339
675.167000 0.080539
676.187000 0.080554
677.217000 0.046485
678.257000 0.020706
679.278000 0.029477
680.407000 0.024128
681.447000 0.035515
682.467000 0.039489
683.607000 0.070116
684.697000 0.076161
685.718000 0.110552
686.727000 0.096077
687.747000 0.055910
688.817000 0.046424
689.907000 0.074213
690.918000 0.102011
691.928000 0.081611
693.028000 0.075412
694.128000 0.116203
695.264000 0.127901
696.277000 0.104517
697.299000 0.086117
698.407000 0.056053
699.427000 0.053700
700.457000 0.042472
701.477000 0.047202
702.517000 0.046038
703.527000 0.031596
704.546000 0.038932
705.547000 0.025639
706.557000 0.044697
707.599000 0.042012
708.607000 0.034297
709.617000 0.032507
710.637000 0.036212
711.737000 0.030718
712.758000 0.058954
713.767000 0.084111
714.778000 0.058321
715.797000 0.031279
716.909000 0.131587
717.918000 0.139784
718.928000 0.143358
719.938000 0.139033
720.957000 0.140342
722.138000 0.119834
723.140000 0.153212
724.147000 0.154987
725.157000 0.167330
726.158000 0.142219
727.188000 0.093687
728.189000 0.091362
729.407000 0.061716
730.487000 0.065136
731.517000 0.063751
732.527000 0.054485
733.537000 0.043981
734.547000 0.054178
735.557000 0.054395
736.567000 0.043112
737.657000 0.044621
738.697000 0.032885
739.797000 0.017970
740.798000 0.020500
752.393000 0.000708
754.752000 0.000580
755.822000 0.016507
756.832000 0.023026
757.837000 0.034030
758.872000 0.021843
759.892000 0.034871
760.903000 0.032398
761.912000 0.055588
762.943000 0.031116
763.953000 0.040634
765.057000 0.014841
766.063000 0.029760
767.132000 0.028153
768.424000 0.015557
769.474000 0.015634
770.492000 0.018813
771.553000 0.012893
773.913000 0.010552
775.482000 0.045475
776.573000 0.023824
777.613000 0.036831
778.640000 0.019321
779.643000 0.038189
780.662000 0.031880
781.683000 0.052306
782.693000 0.035299
783.793000 0.058333
784.794000 0.068831
785.803000 0.071796
786.813000 0.055543
787.834000 0.094258
788.835000 0.073748
789.874000 0.061088
790.883000 0.063951
791.893000 0.066444
792.942000 0.064765
793.943000 0.103887
794.963000 0.110805
796.093000 0.101199
797.312000 0.053332
798.342000 0.045201
799.373000 0.039251
800.393000 0.048598
802.174000 0.013826
803.274000 0.095062
804.433000 0.116105
805.440000 0.116228
806.443000 0.134199
807.444000 0.140004
808.462000 0.146170
809.463000 0.109475
810.483000 0.114744
811.643000 0.126615
812.653000 0.159664
813.823000 0.108682
814.852000 0.128039
815.863000 0.123972
816.883000 0.086172
817.943000 0.125498
819.033000 0.155146
820.034000 0.147705
821.053000 0.134426
822.082000 0.093868
823.114000 0.060109
824.323000 0.041984
825.342000 0.040275
826.372000 0.025582
827.382000 0.040634
828.412000 0.038642
829.438000 0.041326
830.463000 0.048047
831.512000 0.036105
832.532000 0.045600
833.562000 0.037918
834.583000 0.047215
835.692000 0.043262
836.732000 0.044723
837.782000 0.029510
838.834000 0.040312
839.842000 0.031870
840.858000 0.036354
841.863000 0.031509
842.874000 0.047472
843.892000 0.059033
844.893000 0.111125
846.053000 0.099887
847.063000 0.152885
848.103000 0.106562
849.134000 0.158927
850.142000 0.138634
851.183000 0.114044
852.193000 0.102780
853.222000 0.068293
854.223000 0.035532
855.272000 0.025495
856.332000 0.076498
857.343000 0.105053
858.373000 0.050452
859.413000 0.085399
860.443000 0.102449
861.513000 0.090574
862.582000 0.124888
863.683000 0.128741
864.842000 0.158499
865.852000 0.165479
866.862000 0.169477
868.042000 0.106900
869.043000 0.110825
870.072000 0.065928
871.073000 0.048828
872.074000 0.046711
873.082000 0.078543
874.112000 0.130268
875.132000 0.150639
876.203000 0.161230
877.213000 0.151211
878.222000 0.113669
879.223000 0.085036
880.243000 0.076325
881.262000 0.075335
885.323000 0.001347
886.362000 0.018433
890.833000 0.021860
894.212000 0.000810
895.282000 0.038355
896.312000 0.036537
897.382000 0.039150
898.532000 0.044557
899.592000 0.054249
900.753000 0.125213
901.763000 0.146669
902.782000 0.130994
903.783000 0.072775
904.784000 0.103469
905.792000 0.115544
906.802000 0.060278
907.842000 0.030815
908.902000 0.043451
909.903000 0.080027
910.913000 0.147203
911.922000 0.098206
913.073000 0.099995
914.082000 0.127186
915.122000 0.082178
916.133000 0.116570
917.143000 0.093290
918.303000 0.100133
919.313000 0.106702
920.433000 0.057736
921.439000 0.042155
922.442000 0.016335
923.492000 0.016534
924.922000 0.002870
925.923000 0.100667
926.942000 0.134948
927.952000 0.103393
928.972000 0.086556
929.993000 0.099981
931.012000 0.135648
932.013000 0.118795
933.014000 0.148716
934.082000 0.116347
935.153000 0.110668
936.163000 0.149930
937.402000 0.091699
938.422000 0.121365
939.423000 0.148779
940.432000 0.122404
941.440000 0.149927
942.682000 0.082235
943.772000 0.061078
944.962000 0.091514
945.972000 0.085275
947.032000 0.044537
948.037000 0.110830
949.242000 0.087268
950.243000 0.140660
951.342000 0.110375
952.533000 0.105616
953.693000 0.112346
954.822000 0.130156
955.912000 0.090078
957.063000 0.095983
958.223000 0.107697
959.332000 0.112977
960.342000 0.127711
961.343000 0.113843
962.502000 0.124027
963.503000 0.166181
964.512000 0.137057
965.513000 0.146706
966.514000 0.128218
967.562000 0.137110
968.572000 0.102883
969.582000 0.058592
970.622000 0.031341
971.632000 0.064898
972.633000 0.136120
973.672000 0.096545
974.673000 0.074264
975.682000 0.129013
976.692000 0.170692
977.762000 0.124110
978.773000 0.140996
979.782000 0.107134
980.802000 0.081360
981.803000 0.118555
982.813000 0.135336
983.814000 0.146131
984.833000 0.149021
985.873000 0.158207
986.882000 0.157098
987.962000 0.136118
989.302000 0.035731
990.502000 0.077025
991.513000 0.102820
992.514000 0.117227
993.552000 0.083175
994.682000 0.107781
995.762000 0.114993
996.802000 0.118930
997.803000 0.131561
998.813000 0.137561
999.972000 0.116529
1000.973000 0.129751
1001.993000 0.113232
1003.042000 0.067323
1004.062000 0.099066
1005.103000 0.120024
1006.232000 0.096814
1007.242000 0.063564
1008.252000 0.067731
1009.261000 0.054349
1010.273000 0.056246
1011.292000 0.095833
1012.352000 0.090005
1013.513000 0.127413
1014.593000 0.127645
1015.714000 0.123318
1016.722000 0.133308
1017.802000 0.120606
1018.822000 0.134573
1019.942000 0.139438
1020.943000 0.127433
1021.952000 0.151884
1022.963000 0.163832
1023.964000 0.159344
1024.973000 0.160480
1026.102000 0.115095
1027.103000 0.155221
1028.333000 0.109339
1029.342000 0.152671
1030.542000 0.116639
1031.543000 0.139311
1032.562000 0.140719
1033.563000 0.162270
1034.573000 0.133159
1035.682000 0.135741
1036.893000 0.154306
1038.073000 0.099608
1039.082000 0.142352
1040.083000 0.162998
1041.092000 0.195516
1042.202000 0.108663
1043.213000 0.131083
1044.233000 0.141037
1045.234000 0.160451
1046.381000 0.103378
1047.382000 0.145182
1048.383000 0.150795
1049.553000 0.127308
1050.602000 0.122576
1051.773000 0.117221
1052.782000 0.112772
1053.882000 0.065955
1054.892000 0.101121
1055.922000 0.082376
1056.932000 0.077701
1057.942000 0.064449
1058.972000 0.059994
1060.052000 0.095309
1061.062000 0.140514
1062.282000 0.126839
1063.293000 0.166651
1064.442000 0.071023
1065.453000 0.120132
1066.472000 0.162241
1067.474000 0.136871
1068.482000 0.147717
1069.493000 0.077136
1070.601000 0.043213
1071.632000 0.004624
1072.793000 0.120002
1073.862000 0.178420
1074.932000 0.157267
1075.942000 0.141692
1076.943000 0.098845
1077.953000 0.140169
1079.260000 0.047552
1080.402000 0.094434
1081.412000 0.147205
1082.413000 0.127730
1083.602000 0.140648
1084.672000 0.149481
1085.722000 0.098093
1086.732000 0.158214
1087.942000 0.119607
1088.943000 0.164031
1089.952000 0.097833
1090.953000 0.169876
1091.972000 0.164068
1092.982000 0.088434
1093.992000 0.052639
1095.011000 0.089662
1096.232000 0.066153
1097.241000 0.075703
1098.252000 0.097472
1099.259000 0.101474
1100.441000 0.065185
1101.442000 0.085273
1102.452000 0.074129
1103.472000 0.074302
1104.822000 0.055633
1105.942000 0.059262
1106.952000 0.040634
1107.971000 0.062066
1108.981000 0.073272
1110.002000 0.078017
1111.022000 0.063832
1112.052000 0.045653
1113.211000 0.048912
1114.212000 0.097322
1115.213000 0.164771
1116.222000 0.104334
1117.342000 0.092429
1118.351000 0.090321
1119.532000 0.093102
1120.542000 0.137386
1121.561000 0.101543
1122.571000 0.085335
1123.593000 0.112468
1124.602000 0.116852
1125.621000 0.109708
1126.622000 0.109679
1127.631000 0.095019
1128.642000 0.092927
1129.652000 0.072917
1130.682000 0.124057
1131.832000 0.123239
1132.972000 0.128282
1133.981000 0.126814
1135.062000 0.122375
1136.072000 0.123492
1137.471000 0.093823
1138.472000 0.101398
1139.482000 0.104590
1140.512000 0.126369
1141.631000 0.119196
1142.671000 0.117423
1143.691000 0.118253
1144.701000 0.116419
1145.702000 0.097922
1146.703000 0.145253
1147.711000 0.087115
1148.731000 0.110462
1149.741000 0.128563
1150.751000 0.092034
1151.941000 0.107747
1152.951000 0.129017
1153.961000 0.082879
1155.091000 0.098420
1156.272000 0.087591
1157.391000 0.089955
1158.412000 0.096636
1159.421000 0.100964
1160.581000 0.079403
1161.582000 0.114368
1162.702000 0.086722
1163.711000 0.116118
1164.802000 0.107026
1165.812000 0.126013
1166.851000 0.075287
1167.861000 0.101765
1168.871000 0.063691
1169.881000 0.046136
1171.061000 0.057965
1172.101000 0.044723
1173.104000 0.016335
1174.111000 0.102479
1175.131000 0.114351
1176.202000 0.087006
1177.391000 0.108685
1178.392000 0.135643
1179.411000 0.109199
1180.421000 0.135460
1181.461000 0.081656
1182.481000 0.046886
1183.491000 0.050129
1184.501000 0.095078
1185.531000 0.091760
1186.551000 0.051327
1187.562000 0.088398
1188.572000 0.099962
1189.751000 0.068078
1190.752000 0.080334
1191.871000 0.075636
1192.872000 0.074619
1193.891000 0.055303
1194.961000 0.043469
1196.012000 0.072987
1197.171000 0.114963
1198.181000 0.087801
1199.262000 0.082636
1200.311000 0.118895
1201.381000 0.137594
1202.382000 0.145634
1203.391000 0.164477
1204.581000 0.134751
1205.592000 0.189083
1206.611000 0.089033
1207.827000 0.082837
1208.901000 0.063472
1209.902000 0.114996
1210.921000 0.106102
1211.952000 0.095464
1212.962000 0.161135
1214.141000 0.125733
1215.142000 0.153570
1216.161000 0.109563
1217.441000 0.082844
1218.601000 0.088025
1219.612000 0.098211
1220.621000 0.084097
1221.631000 0.073613
1222.632000 0.100566
1223.641000 0.087663
1224.661000 0.049253
1225.771000 0.055868
1226.791000 0.064376
1227.801000 0.032138
1228.827000 0.050667
1229.841000 0.035447
1230.851000 0.044697
1231.861000 0.045897
1233.081000 0.028113
1234.111000 0.073049
1235.121000 0.036584
1236.361000 0.025374
1237.371000 0.046000
1238.393000 0.073351
1239.401000 0.058577
1240.412000 0.052350
1241.421000 0.066158
1242.422000 0.089778
1243.440000 0.071896
1244.452000 0.065200
1245.501000 0.029994
1246.511000 0.040477
1247.535000 0.057121
1248.581000 0.026157
1249.601000 0.050519
1250.651000 0.043777
1251.691000 0.032719
1252.811000 0.036374
1253.890000 0.055028
1255.060000 0.053837
1256.081000 0.043978
1257.241000 0.025883
1258.251000 0.047406
1259.261000 0.058562
1260.291000 0.017266
1261.381000 0.012130
1262.391000 0.060950
1263.411000 0.046426
1264.431000 0.034871
1265.471000 0.053589
1266.472000 0.078034
1267.481000 0.103115
1268.501000 0.109515
1269.521000 0.097830
1270.531000 0.078998
1271.711000 0.079673
1272.731000 0.075106
1273.771000 0.065426
1274.851000 0.112035
1275.871000 0.120650
1276.891000 0.093033
1277.901000 0.103018
1278.910000 0.081030
1279.971000 0.098762
1281.071000 0.115080
1282.091000 0.081832
1283.131000 0.052213
1284.181000 0.037809
1285.211000 0.049334
1286.331000 0.100610
1287.371000 0.118829
1287.413000 0.097714
