0.000000 0.099027
1.103000 0.014854
2.120000 0.262806
3.121000 0.148963
4.141000 0.113443
5.150000 0.113235
6.160000 0.121147
7.161000 0.117078
8.170000 0.138084
9.260000 0.106756
10.480000 0.128425
11.491000 0.175420
12.523000 0.077955
13.700000 0.067873
15.186000 0.092603
16.189000 0.202055
17.200000 0.127570
18.210000 0.067723
19.232000 0.026771
20.340000 0.033336
21.360000 0.021406
22.370000 0.032507
23.400000 0.034532
24.440000 0.017100
25.510000 0.024292
26.520000 0.020317
27.529000 0.059122
28.650000 0.068384
29.670000 0.064376
30.770000 0.018655
31.800000 0.054005
32.810000 0.119512
33.811000 0.183119
34.820000 0.170643
35.940000 0.171154
36.950000 0.147889
38.090000 0.156149
39.100000 0.185726
40.110000 0.181546
41.111000 0.170692
42.120000 0.159835
43.400000 0.190864
44.410000 0.159779
45.629000 0.147785
46.631000 0.187501
47.632000 0.190175
48.690000 0.138525
49.700000 0.179305
50.701000 0.214189
51.840000 0.166728
53.200000 0.145316
54.220000 0.222254
55.230000 0.139428
56.240000 0.190937
57.260000 0.143775
58.270000 0.170210
59.310000 0.119074
60.311000 0.218436
61.319000 0.148633
62.320000 0.226620
63.330000 0.153356
64.573000 0.184796
65.580000 0.221364
66.680000 0.075780
67.690000 0.165490
68.700000 0.149375
69.713000 0.159352
70.719000 0.138131
71.730000 0.165388
72.879000 0.143504
74.109000 0.184679
75.110000 0.176278
76.229000 0.110027
77.240000 0.168747
78.249000 0.131910
79.462000 0.113112
80.479000 0.169921
81.480000 0.126006
82.490000 0.093876
83.510000 0.107294
84.519000 0.081548
85.539000 0.082062
86.551000 0.062942
87.559000 0.069276
88.576000 0.116617
89.809000 0.071298
90.879000 0.011507
91.889000 0.083802
92.909000 0.045600
93.919000 0.063659
94.920000 0.063049
95.929000 0.103041
96.999000 0.058811
98.250000 0.005468
99.259000 0.072168
100.329000 0.124760
101.339000 0.140863
102.359000 0.076576
103.559000 0.065427
104.579000 0.089859
105.589000 0.067624
106.590000 0.072432
107.619000 0.023930
108.819000 0.003420
109.839000 0.041576
110.889000 0.010423
111.899000 0.038068
112.919000 0.049624
113.939000 0.056329
114.988000 0.032602
115.990000 0.020551
116.999000 0.029828
118.038000 0.031600
119.049000 0.046006
120.399000 0.022710
121.429000 0.045157
122.439000 0.046946
123.448000 0.055588
124.450000 0.039593
125.459000 0.040836
126.469000 0.083976
127.470000 0.069992
128.489000 0.085920
129.519000 0.056715
130.538000 0.046987
131.569000 0.049094
132.576000 0.070033
133.579000 0.145664
134.629000 0.020614
135.718000 0.028893
136.738000 0.026824
137.839000 0.055913
138.859000 0.050077
140.488000 0.060483
141.498000 0.078636
142.499000 0.070025
143.639000 0.074574
144.649000 0.096166
145.659000 0.076648
146.669000 0.106141
147.688000 0.097763
148.699000 0.105969
149.713000 0.100913
150.909000 0.094490
151.910000 0.120264
153.088000 0.085242
154.109000 0.095130
155.129000 0.112659
156.138000 0.090370
157.139000 0.129830
158.149000 0.098967
159.309000 0.076787
160.318000 0.098413
161.338000 0.099054
162.749000 0.088217
163.878000 0.109862
164.889000 0.131252
165.909000 0.094377
166.918000 0.112635
167.950000 0.104078
168.978000 0.097910
170.188000 0.096358
171.189000 0.117530
172.198000 0.076128
173.428000 0.094944
174.438000 0.134091
175.448000 0.105279
176.470000 0.110791
177.578000 0.128551
178.588000 0.150345
179.589000 0.117099
180.598000 0.107517
181.608000 0.107341
182.628000 0.091556
183.818000 0.112255
184.819000 0.144863
185.829000 0.118576
186.839000 0.126926
187.848000 0.155520
188.869000 0.143282
189.878000 0.153492
190.939000 0.126612
191.949000 0.159445
192.968000 0.155002
193.978000 0.161585
195.048000 0.143546
196.049000 0.151696
197.058000 0.086996
198.067000 0.103041
199.078000 0.083416
200.088000 0.114373
201.089000 0.153063
202.098000 0.081325
203.438000 0.066875
204.618000 0.124741
205.627000 0.061011
207.157000 0.054871
208.168000 0.145455
209.178000 0.212524
210.288000 0.174923
211.308000 0.186607
212.427000 0.156679
213.428000 0.209679
214.448000 0.129027
215.458000 0.213957
216.468000 0.156574
217.538000 0.187506
218.548000 0.210491
219.569000 0.231938
220.698000 0.185872
221.699000 0.176561
222.717000 0.152750
223.718000 0.216904
224.719000 0.182367
225.728000 0.169957
226.738000 0.134383
227.748000 0.142538
229.128000 0.079461
230.137000 0.144252
231.138000 0.132629
232.147000 0.113830
233.167000 0.087911
234.168000 0.078279
235.177000 0.103041
236.187000 0.054216
237.188000 0.069474
238.277000 0.054017
239.507000 0.017795
240.521000 0.071905
241.537000 0.061477
242.748000 0.062732
243.757000 0.084059
244.767000 0.071456
245.801000 0.081916
246.807000 0.100628
247.808000 0.073355
249.617000 0.008318
250.637000 0.090482
251.647000 0.070432
260.984000 0.005577
261.994000 0.032507
263.084000 0.038906
264.373000 0.040304
265.374000 0.061831
266.424000 0.080747
267.473000 0.081228
268.483000 0.069077
269.484000 0.063563
271.003000 0.042328
272.004000 0.083130
273.024000 0.172861
274.034000 0.181199
275.045000 0.186229
276.254000 0.167851
277.304000 0.177418
278.473000 0.173276
280.405000 0.021242
283.373000 0.010601
284.389000 0.117142
285.403000 0.056114
286.554000 0.040983
287.573000 0.061419
288.583000 0.067457
289.594000 0.073279
290.814000 0.079214
291.844000 0.102712
293.014000 0.055497
294.113000 0.112364
295.114000 0.159346
296.144000 0.135107
297.145000 0.137672
298.154000 0.118111
299.183000 0.114177
300.393000 0.084609
303.353000 0.000924
304.473000 0.023104
305.624000 0.056675
306.973000 0.055392
307.974000 0.117227
308.975000 0.097568
310.053000 0.104058
311.054000 0.143149
312.055000 0.149128
313.153000 0.105864
314.154000 0.176398
315.163000 0.147601
316.314000 0.116433
317.324000 0.146154
318.333000 0.112470
319.503000 0.123496
320.513000 0.161985
321.514000 0.138961
322.515000 0.141729
323.533000 0.104940
324.542000 0.108505
325.543000 0.113025
326.744000 0.090117
327.753000 0.135789
328.763000 0.133009
329.773000 0.114998
330.783000 0.099415
331.793000 0.142259
332.803000 0.119043
334.063000 0.081497
335.065000 0.173538
336.073000 0.137038
337.082000 0.111524
338.093000 0.136918
339.094000 0.098242
340.103000 0.144298
341.123000 0.135879
342.133000 0.076837
343.143000 0.116968
344.385000 0.105511
345.393000 0.139530
346.403000 0.107662
347.473000 0.080506
348.474000 0.144484
349.483000 0.110963
350.503000 0.091318
351.505000 0.117887
352.513000 0.102499
353.532000 0.059401
354.922000 0.015747
360.637000 0.002867
362.476000 0.006582
363.666000 0.104926
364.767000 0.105971
365.826000 0.110515
367.027000 0.103467
368.196000 0.113459
369.330000 0.097793
370.466000 0.110882
371.547000 0.104630
372.727000 0.116908
373.977000 0.109628
374.987000 0.122853
376.457000 0.074673
377.606000 0.104949
378.616000 0.077611
379.617000 0.107990
380.626000 0.108360
381.627000 0.104292
382.856000 0.082637
384.006000 0.120057
385.016000 0.152272
386.036000 0.109554
387.546000 0.103283
388.547000 0.141196
389.556000 0.107520
390.568000 0.066635
391.906000 0.076682
392.916000 0.107129
393.926000 0.116518
394.936000 0.131015
395.937000 0.118757
397.096000 0.123438
398.236000 0.135085
399.396000 0.125763
400.416000 0.146188
401.426000 0.088952
402.427000 0.096952
403.446000 0.116797
404.456000 0.071400
405.476000 0.060353
406.486000 0.079988
407.497000 0.143651
408.527000 0.119534
409.536000 0.116755
410.546000 0.196083
411.547000 0.178812
412.556000 0.122404
413.566000 0.159604
414.577000 0.153708
415.586000 0.158302
416.596000 0.124557
417.637000 0.086375
418.646000 0.073878
419.656000 0.128673
420.665000 0.097405
421.686000 0.098728
422.706000 0.074666
423.725000 0.077865
424.747000 0.040810
425.756000 0.052876
426.776000 0.099926
427.786000 0.184918
428.876000 0.174463
429.886000 0.156225
430.896000 0.141828
431.906000 0.123966
432.966000 0.091948
434.147000 0.100307
435.155000 0.223607
436.186000 0.162312
437.295000 0.190895
438.297000 0.203891
439.306000 0.145657
440.315000 0.215513
441.316000 0.098398
442.325000 0.083802
443.326000 0.095683
444.335000 0.139267
445.376000 0.074006
446.385000 0.066069
447.396000 0.120070
448.406000 0.171284
449.445000 0.176683
450.455000 0.085622
451.465000 0.108356
452.475000 0.057398
453.495000 0.076632
454.505000 0.071786
455.515000 0.053646
456.535000 0.056329
457.555000 0.063035
458.578000 0.068780
459.585000 0.101887
460.815000 0.098989
461.816000 0.144863
462.826000 0.099312
463.836000 0.146415
464.845000 0.099429
466.055000 0.099536
467.065000 0.116483
468.075000 0.082025
469.085000 0.069364
470.095000 0.071293
471.105000 0.098875
472.106000 0.075002
473.146000 0.076770
474.415000 0.022447
475.425000 0.065014
476.446000 0.054740
477.455000 0.075925
478.465000 0.057888
479.495000 0.061581
480.505000 0.071786
481.534000 0.056270
482.555000 0.072353
483.585000 0.049206
484.615000 0.063751
485.625000 0.056589
486.635000 0.063192
487.645000 0.071701
488.765000 0.068414
489.766000 0.101047
490.925000 0.094956
491.926000 0.144575
492.935000 0.098879
494.027000 0.117758
495.035000 0.163895
496.055000 0.160758
497.065000 0.163763
498.075000 0.169508
499.085000 0.175598
500.086000 0.154131
501.094000 0.157926
502.095000 0.150327
503.105000 0.155215
504.114000 0.134927
505.125000 0.110382
506.126000 0.131450
507.144000 0.122497
508.164000 0.086670
509.365000 0.114561
510.385000 0.130709
511.395000 0.140267
512.405000 0.125973
513.434000 0.138676
514.435000 0.132231
515.446000 0.127576
516.625000 0.130225
517.825000 0.134022
518.854000 0.099708
526.672000 0.002096
528.127000 0.035679
529.167000 0.047354
531.327000 0.002533
533.530000 0.006834
534.532000 0.051880
535.688000 0.024851
536.867000 0.012763
537.877000 0.047235
538.888000 0.071715
539.897000 0.048029
540.927000 0.066408
541.937000 0.056530
542.949000 0.078403
543.967000 0.056077
544.977000 0.055262
546.007000 0.059767
547.008000 0.030066
548.027000 0.046987
549.047000 0.023641
550.067000 0.041576
551.076000 0.047453
552.077000 0.057753
553.087000 0.051229
554.117000 0.051848
555.126000 0.060527
556.156000 0.054454
557.187000 0.054402
558.206000 0.048386
559.207000 0.069698
560.417000 0.054802
561.437000 0.060353
562.476000 0.061883
563.486000 0.048181
564.506000 0.068400
565.517000 0.075774
566.527000 0.059779
567.556000 0.077108
568.617000 0.052625
569.636000 0.069810
570.656000 0.069741
571.666000 0.052164
572.686000 0.063035
573.716000 0.063751
574.926000 0.060222
575.936000 0.067723
576.956000 0.073765
577.976000 0.064679
579.006000 0.090315
580.016000 0.094906
581.038000 0.066082
582.046000 0.089571
583.047000 0.070715
584.066000 0.088605
585.076000 0.072554
586.097000 0.100490
587.106000 0.070199
588.126000 0.085835
589.136000 0.072576
590.177000 0.073591
591.296000 0.075290
592.306000 0.085331
593.316000 0.089390
594.427000 0.063781
595.436000 0.083373
596.446000 0.082622
597.456000 0.059542
598.486000 0.074377
599.576000 0.033543
600.586000 0.081267
601.596000 0.070454
602.646000 0.078171
603.648000 0.081916
604.676000 0.053836
605.686000 0.073141
606.726000 0.062507
607.736000 0.088040
608.756000 0.081812
611.186000 0.010364
612.216000 0.062423
613.346000 0.019370
647.931000 0.000277
648.968000 0.002638
650.268000 0.003157
651.566000 0.003162
652.646000 0.002533
653.869000 0.004474
655.286000 0.002896
656.787000 0.003646
657.848000 0.003868
660.205000 0.001161
664.374000 0.000656
665.571000 0.005714
666.693000 0.010973
667.713000 0.006706
669.256000 0.007093
670.393000 0.008422
671.413000 0.005365
675.212000 0.000625
676.550000 0.003067
677.654000 0.007435
678.713000 0.009042
680.012000 0.005266
681.033000 0.004020
682.472000 0.005704
683.852000 0.004957
685.033000 0.004633
686.413000 0.002974
687.674000 0.004339
688.850000 0.004653
690.192000 0.005097
691.574000 0.003959
700.715000 0.001942
701.834000 0.037927
702.993000 0.010623
704.552000 0.004387
705.572000 0.012071
706.713000 0.005995
711.764000 0.004869
712.814000 0.009581
713.871000 0.010354
715.213000 0.009174
716.353000 0.008400
717.590000 0.007741
718.610000 0.006706
719.630000 0.006706
721.071000 0.006645
722.511000 0.007600
723.532000 0.006699
724.611000 0.010143
725.775000 0.007052
727.095000 0.008291
728.354000 0.008693
729.410000 0.010364
730.531000 0.008542
731.732000 0.007973
732.931000 0.006846
734.071000 0.008400
735.193000 0.006096
742.394000 0.000570
743.533000 0.010809
745.592000 0.017004
746.732000 0.009600
747.793000 0.006447
748.794000 0.010933
749.893000 0.009958
751.033000 0.008400
752.174000 0.007194
753.673000 0.005476
755.012000 0.006130
756.152000 0.009600
757.291000 0.007206
758.612000 0.007249
759.650000 0.009225
760.730000 0.008867
761.851000 0.008542
762.890000 0.009217
763.892000 0.009557
765.013000 0.009763
766.093000 0.008867
767.152000 0.009042
768.230000 0.008883
769.332000 0.008690
770.372000 0.009208
771.811000 0.005239
772.891000 0.009481
773.912000 0.010719
775.009000 0.012470
776.011000 0.012287
777.109000 0.012459
778.250000 0.013612
779.273000 0.016047
780.530000 0.013060
781.591000 0.012893
782.631000 0.014469
783.872000 0.007716
784.909000 0.011873
785.971000 0.009017
786.972000 0.009566
788.251000 0.007487
789.272000 0.010719
793.883000 0.003553
795.192000 0.029696
796.231000 0.007900
800.113000 0.005630
802.429000 0.007693
803.550000 0.009763
804.631000 0.006327
805.713000 0.007586
806.809000 0.007489
808.891000 0.002628
810.210000 0.008297
811.353000 0.003591
812.532000 0.006962
814.032000 0.003648
815.173000 0.005995
816.192000 0.008055
817.430000 0.003315
818.791000 0.005026
820.729000 0.002118
827.671000 0.000394
848.652000 0.000130
850.852000 0.001865
851.854000 0.004096
852.933000 0.002536
854.194000 0.003255
855.452000 0.004350
856.671000 0.004489
857.872000 0.004556
859.514000 0.001667
860.576000 0.005153
861.614000 0.007908
863.151000 0.003560
864.374000 0.004474
865.574000 0.005700
866.593000 0.008055
867.794000 0.006834
868.873000 0.003804
870.134000 0.005424
873.701000 0.005360
875.312000 0.003369
876.594000 0.005307
877.713000 0.012225
878.894000 0.005792
880.094000 0.006840
885.633000 0.000494
886.652000 0.041617
887.653000 0.008200
888.674000 0.009379
889.713000 0.010533
890.811000 0.011213
892.070000 0.005433
893.354000 0.004262
894.577000 0.004474
895.652000 0.006363
896.833000 0.006950
898.053000 0.004485
899.173000 0.004886
900.495000 0.004139
906.830000 0.001296
908.071000 0.004409
909.450000 0.005952
910.631000 0.006950
912.791000 0.005642
913.830000 0.005267
914.831000 0.002733
915.930000 0.009958
917.051000 0.006102
918.170000 0.007335
919.213000 0.007870
920.371000 0.007088
921.511000 0.007200
922.874000 0.006022
923.951000 0.010162
925.053000 0.007448
926.071000 0.010750
927.150000 0.008875
928.171000 0.010719
929.251000 0.011400
930.274000 0.012035
931.332000 0.011637
932.450000 0.008565
933.451000 0.012300
934.609000 0.008269
946.849000 0.000620
947.893000 0.003931
948.973000 0.010133
949.992000 0.012082
951.014000 0.010708
952.093000 0.010143
953.250000 0.009459
954.252000 0.012287
955.369000 0.008573
956.510000 0.005995
957.589000 0.011411
958.670000 0.008858
959.871000 0.005695
960.933000 0.007729
962.210000 0.009641
963.350000 0.008400
965.213000 0.005874
966.391000 0.010452
967.670000 0.008557
968.794000 0.012171
969.828000 0.008502
970.933000 0.009904
972.015000 0.017701
973.033000 0.018813
974.173000 0.008400
975.332000 0.011626
976.511000 0.010443
977.870000 0.011073
982.249000 0.000312
983.593000 0.051249
984.671000 0.016497
985.771000 0.011193
986.791000 0.016094
987.972000 0.011583
989.114000 0.013177
990.131000 0.014796
991.191000 0.015487
992.329000 0.016830
993.408000 0.012678
994.489000 0.012655
995.691000 0.006793
996.889000 0.010277
997.996000 0.012358
1009.418000 0.001434
1010.770000 0.109383
1011.827000 0.010226
1013.050000 0.000920
1014.166000 0.007355
1015.210000 0.005241
1016.308000 0.013705
1017.587000 0.011765
1018.610000 0.013372
1019.713000 0.014883
1020.809000 0.013730
1021.870000 0.010315
1023.029000 0.009443
1024.067000 0.005272
1025.129000 0.009017
1026.169000 0.007892
1027.248000 0.008875
1028.430000 0.006944
1029.509000 0.008875
1030.651000 0.008385
1032.380000 0.007121
1033.608000 0.007798
1035.012000 0.004872
1040.534000 0.001683
1041.595000 0.009025
1042.855000 0.009771
1044.271000 0.007729
1045.272000 0.006833
1046.353000 0.006327
1047.372000 0.004004
1052.155000 0.000570
1053.553000 0.010195
1055.455000 0.000592
1056.895000 0.004750
1058.011000 0.006129
1059.055000 0.007862
1060.273000 0.010108
1061.472000 0.007987
1062.511000 0.009217
1063.592000 0.008858
1064.612000 0.008047
1065.793000 0.003619
1067.072000 0.010696
1068.295000 0.010067
1069.434000 0.012011
1070.454000 0.012071
1071.511000 0.009060
1072.591000 0.003800
1074.797000 0.004903
1076.173000 0.001813
1077.234000 0.005157
1078.452000 0.004493
1079.515000 0.006435
1080.714000 0.005705
1082.070000 0.005044
1083.433000 0.005018
1087.393000 0.001382
1088.533000 0.014400
1104.714000 0.000230
1106.251000 0.000890
1107.453000 0.006829
1108.553000 0.007462
1109.694000 0.005995
1110.773000 0.010143
1111.950000 0.006974
1112.952000 0.009557
1114.032000 0.011400
1121.953000 0.000261
1123.351000 0.003914
1125.552000 0.001865
1127.893000 0.001169
1129.153000 0.006514
1130.251000 0.001246
1132.092000 0.002229
1133.094000 0.004100
1134.331000 0.004424
1136.577000 0.001827
1137.654000 0.016513
1139.070000 0.006763
1141.075000 0.004776
1142.360000 0.004258
1144.153000 0.003674
1145.251000 0.004984
1146.534000 0.005331
1147.591000 0.005177
1148.611000 0.004024
1149.893000 0.005335
1150.933000 0.005262
1152.072000 0.006005
1153.152000 0.002533
1154.611000 0.005626
1155.692000 0.007593
1157.610000 0.001180
1158.791000 0.003475
1160.313000 0.003595
1161.373000 0.003872
1162.631000 0.004350
1163.633000 0.005461
1164.991000 0.003022
1166.153000 0.002355
1171.446000 0.000000
