0.000000 0.000997
1.011000 0.153344
2.110000 0.242993
3.111000 0.162176
4.140000 0.150675
5.141000 0.147341
6.520000 0.099528
7.631000 0.142909
8.632000 0.148216
9.861000 0.124656
10.870000 0.132824
12.011000 0.154145
13.031000 0.146057
14.032000 0.144574
15.041000 0.161457
16.071000 0.151045
17.140000 0.126919
18.150000 0.155014
19.151000 0.149700
20.160000 0.170278
21.360000 0.137385
22.370000 0.164852
23.371000 0.150723
24.381000 0.162433
25.550000 0.120847
26.560000 0.154223
27.648000 0.087277
28.870000 0.136003
29.950000 0.117962
30.951000 0.137328
31.960000 0.136058
32.980000 0.132694
33.990000 0.117236
35.040000 0.112269
36.050000 0.153729
37.060000 0.098221
38.061000 0.092869
39.079000 0.052387
40.080000 0.100839
41.200000 0.137321
42.210000 0.163876
43.211000 0.110212
44.400000 0.126860
45.530000 0.135051
46.650000 0.123478
47.770000 0.090305
48.790000 0.104026
49.799000 0.105064
50.800000 0.138949
51.820000 0.129843
52.840000 0.074869
53.890000 0.077681
54.990000 0.129965
56.000000 0.057525
57.010000 0.083328
58.219000 0.048654
59.230000 0.068328
60.239000 0.065157
61.259000 0.055740
62.279000 0.059012
63.280000 0.069304
64.320000 0.098589
65.529000 0.124578
66.530000 0.120673
67.629000 0.086283
68.830000 0.111796
69.990000 0.137995
71.000000 0.199700
72.010000 0.156427
73.020000 0.124487
74.030000 0.128967
75.040000 0.127728
76.060000 0.147630
77.069000 0.126411
78.070000 0.123674
79.079000 0.105678
80.259000 0.114745
81.430000 0.120346
82.489000 0.119704
83.509000 0.168609
84.529000 0.095652
85.530000 0.155485
86.540000 0.116165
87.750000 0.115775
88.890000 0.162838
89.919000 0.157932
90.929000 0.147681
91.940000 0.150740
92.941000 0.152110
93.942000 0.130855
94.949000 0.147346
95.959000 0.131017
97.019000 0.126443
98.049000 0.124887
99.059000 0.163322
100.060000 0.122028
101.089000 0.101274
102.099000 0.172783
103.309000 0.122431
104.311000 0.150979
105.319000 0.140419
106.329000 0.155338
107.479000 0.109530
108.489000 0.167718
109.620000 0.107072
110.629000 0.146646
111.630000 0.123225
112.789000 0.128647
113.790000 0.157275
114.799000 0.130595
115.801000 0.098838
116.919000 0.092410
117.929000 0.147033
118.959000 0.086244
120.129000 0.116028
121.139000 0.147391
122.148000 0.136478
123.361000 0.082275
124.368000 0.135353
125.429000 0.108604
126.439000 0.112154
127.680000 0.057355
128.691000 0.134027
129.899000 0.075267
130.909000 0.111611
132.119000 0.088709
133.129000 0.101328
134.299000 0.112409
135.439000 0.125706
136.538000 0.137866
137.539000 0.126874
138.549000 0.120006
139.558000 0.139136
140.559000 0.120324
141.568000 0.115138
142.578000 0.117501
143.579000 0.122451
144.606000 0.108872
145.608000 0.110525
146.718000 0.098686
147.919000 0.117170
148.929000 0.124375
149.958000 0.107784
151.079000 0.114618
152.188000 0.136284
153.318000 0.115399
154.329000 0.131923
155.338000 0.117522
156.516000 0.092563
157.678000 0.095467
158.908000 0.085673
159.919000 0.114852
160.948000 0.060280
161.959000 0.067111
163.068000 0.050219
164.158000 0.052013
165.168000 0.044697
166.328000 0.015716
168.368000 0.016094
169.773000 0.008813
170.779000 0.091618
171.780000 0.098474
172.948000 0.119146
173.958000 0.149252
174.968000 0.100725
176.038000 0.108914
177.219000 0.114803
178.308000 0.116833
179.309000 0.146819
180.398000 0.099892
181.607000 0.108108
182.628000 0.095816
183.778000 0.102676
184.779000 0.073428
185.988000 0.103373
186.998000 0.162254
188.208000 0.136934
189.213000 0.140160
190.428000 0.179659
191.659000 0.119624
192.778000 0.118015
193.938000 0.101353
195.018000 0.118040
196.108000 0.111352
197.218000 0.107729
198.339000 0.100640
199.537000 0.123302
200.596000 0.101439
201.598000 0.108532
202.848000 0.060277
203.857000 0.078664
204.878000 0.069215
205.907000 0.059001
206.927000 0.067678
208.038000 0.057582
209.047000 0.050774
210.088000 0.070573
211.097000 0.127175
212.118000 0.078302
213.147000 0.054687
214.177000 0.039861
215.327000 0.022891
216.352000 0.050716
217.387000 0.051522
218.393000 0.061003
219.547000 0.049909
220.557000 0.083446
221.577000 0.076053
222.595000 0.072351
223.597000 0.049492
224.618000 0.050479
225.638000 0.045600
226.687000 0.016201
227.707000 0.071082
228.727000 0.086793
229.948000 0.079422
230.968000 0.138258
231.978000 0.099431
232.988000 0.102728
234.107000 0.113780
235.117000 0.137323
236.127000 0.097372
237.137000 0.135557
238.167000 0.093803
239.177000 0.133533
240.187000 0.092076
241.197000 0.128207
242.217000 0.133993
243.237000 0.099346
244.247000 0.109815
245.337000 0.109012
246.347000 0.090889
247.367000 0.046941
248.418000 0.032467
249.427000 0.050165
250.447000 0.043430
251.467000 0.045920
252.517000 0.016937
253.526000 0.027116
254.667000 0.011606
255.677000 0.060950
256.697000 0.066592
257.707000 0.041085
258.816000 0.025089
259.826000 0.046051
260.836000 0.051150
261.867000 0.075394
262.886000 0.043875
263.897000 0.050964
264.906000 0.066194
266.056000 0.061074
267.597000 0.014204
268.746000 0.021431
269.776000 0.013282
270.957000 0.012505
272.336000 0.005952
273.346000 0.063547
274.347000 0.048445
275.356000 0.073317
276.376000 0.078247
277.516000 0.033485
278.536000 0.057671
279.546000 0.056350
280.596000 0.031258
281.616000 0.033529
282.646000 0.015817
283.686000 0.032885
284.696000 0.051750
285.716000 0.046735
286.736000 0.066425
287.776000 0.066221
288.796000 0.043392
289.806000 0.073694
290.816000 0.064184
291.846000 0.071720
292.856000 0.055150
293.876000 0.081646
295.097000 0.061308
296.106000 0.090643
297.176000 0.067171
298.196000 0.066275
299.206000 0.040634
300.216000 0.020317
301.236000 0.035794
302.366000 0.061798
303.386000 0.053647
304.416000 0.051798
305.516000 0.018865
306.576000 0.031300
307.586000 0.065386
308.656000 0.084911
309.676000 0.099344
310.696000 0.059118
311.716000 0.059012
312.776000 0.087491
313.796000 0.119347
314.997000 0.095316
316.196000 0.098268
317.216000 0.123063
318.226000 0.093084
319.416000 0.083144
320.417000 0.108010
321.426000 0.081536
322.576000 0.089922
323.577000 0.114814
324.595000 0.091228
325.606000 0.132913
326.616000 0.081282
327.618000 0.138982
328.737000 0.046618
329.746000 0.075453
330.835000 0.050248
332.441000 0.010208
333.455000 0.061781
334.465000 0.065689
335.466000 0.066512
336.485000 0.051206
337.675000 0.059064
338.856000 0.072761
339.865000 0.108365
340.876000 0.115823
341.885000 0.116843
342.886000 0.127731
343.957000 0.113850
345.085000 0.124102
346.086000 0.126720
347.276000 0.070018
348.295000 0.077498
349.305000 0.055428
350.465000 0.080930
351.475000 0.091969
352.485000 0.078003
353.505000 0.058292
354.556000 0.036445
355.565000 0.016602
356.575000 0.037925
357.605000 0.028898
358.655000 0.028663
359.855000 0.012377
360.875000 0.078283
361.885000 0.049875
362.895000 0.048072
363.915000 0.045196
364.935000 0.030847
365.936000 0.030066
366.955000 0.031942
368.225000 0.036624
369.237000 0.044916
370.245000 0.057057
371.276000 0.026411
372.284000 0.042071
373.325000 0.018800
374.355000 0.038517
375.445000 0.058348
376.455000 0.128932
377.475000 0.124510
378.565000 0.121563
379.635000 0.121957
380.758000 0.112195
381.858000 0.100832
383.005000 0.047564
384.016000 0.064544
385.225000 0.049428
386.235000 0.094713
387.245000 0.074524
388.255000 0.087035
389.405000 0.091757
390.507000 0.076351
391.525000 0.123078
392.715000 0.047015
393.734000 0.054592
394.775000 0.040738
395.785000 0.026015
396.794000 0.050165
397.825000 0.041116
398.854000 0.031907
399.875000 0.021531
400.925000 0.023451
401.935000 0.020317
402.985000 0.016274
404.004000 0.024165
405.015000 0.034742
406.114000 0.061813
407.146000 0.066564
408.154000 0.076169
409.164000 0.070432
410.174000 0.055166
411.194000 0.062657
412.215000 0.067681
413.225000 0.078309
414.235000 0.072672
415.254000 0.062636
416.475000 0.061916
417.484000 0.103173
418.528000 0.093194
419.534000 0.088658
420.565000 0.070981
421.584000 0.110590
422.590000 0.093182
423.614000 0.075365
424.624000 0.062916
425.684000 0.069399
426.704000 0.087968
427.904000 0.060073
428.914000 0.084300
429.954000 0.069202
430.964000 0.067642
431.974000 0.069628
433.184000 0.035609
434.234000 0.035177
435.363000 0.022329
436.576000 0.053647
437.584000 0.148910
438.815000 0.120302
439.985000 0.110328
441.115000 0.114463
442.284000 0.134612
443.395000 0.128200
444.576000 0.119815
445.805000 0.125239
446.914000 0.126073
448.005000 0.116146
449.034000 0.115476
450.204000 0.137204
451.324000 0.131505
452.454000 0.126741
453.564000 0.136721
454.704000 0.127062
455.853000 0.126235
457.055000 0.109305
458.064000 0.135819
459.114000 0.117979
460.144000 0.130325
461.214000 0.122642
462.294000 0.128522
463.434000 0.118271
464.504000 0.117393
465.574000 0.116091
466.594000 0.053687
467.595000 0.096490
468.604000 0.155254
469.605000 0.161358
470.614000 0.170390
471.624000 0.162541
472.634000 0.148902
473.824000 0.112924
474.834000 0.140454
476.074000 0.125635
477.084000 0.163013
478.085000 0.162744
479.094000 0.116974
480.096000 0.154346
481.303000 0.139832
482.304000 0.169581
483.444000 0.131581
484.445000 0.178244
485.454000 0.162652
486.674000 0.138047
487.763000 0.154928
488.883000 0.138866
490.004000 0.131109
491.015000 0.156488
492.016000 0.165238
493.023000 0.099991
494.184000 0.101925
495.293000 0.111182
496.295000 0.108243
497.303000 0.138258
498.313000 0.053168
499.323000 0.079682
500.434000 0.110431
501.444000 0.175671
502.445000 0.172270
503.455000 0.157950
504.623000 0.134452
505.643000 0.178271
506.644000 0.183396
507.803000 0.134391
508.804000 0.167216
510.014000 0.122964
511.015000 0.166628
512.020000 0.140915
513.143000 0.132744
514.154000 0.169897
515.283000 0.126149
516.493000 0.145225
517.504000 0.114276
518.524000 0.100803
519.534000 0.171943
520.714000 0.132711
521.724000 0.180220
522.883000 0.139315
523.884000 0.170286
525.034000 0.097135
526.053000 0.143159
527.064000 0.159835
528.213000 0.123502
529.214000 0.146297
530.215000 0.158598
531.216000 0.142676
532.353000 0.123312
533.453000 0.139143
534.553000 0.133181
535.593000 0.140530
536.613000 0.125025
537.653000 0.130109
538.683000 0.131720
539.733000 0.145599
540.734000 0.155187
541.963000 0.170443
542.973000 0.162869
544.174000 0.130393
545.415000 0.134707
546.603000 0.130608
547.613000 0.145297
548.692000 0.104984
549.702000 0.101018
550.703000 0.115910
551.712000 0.071684
552.822000 0.031682
553.832000 0.096904
554.842000 0.109475
555.992000 0.097716
557.002000 0.112501
558.152000 0.092075
559.153000 0.154224
560.174000 0.097435
561.192000 0.095593
562.202000 0.090873
563.393000 0.088903
564.443000 0.151429
565.462000 0.143924
566.562000 0.131981
567.573000 0.160349
568.574000 0.119665
569.632000 0.157964
570.642000 0.136313
571.854000 0.100163
572.862000 0.160059
573.962000 0.122405
575.312000 0.081550
576.533000 0.070551
577.542000 0.105339
578.552000 0.122996
579.672000 0.104643
580.702000 0.095724
581.712000 0.129806
582.722000 0.108928
583.742000 0.101890
584.873000 0.098609
585.883000 0.106618
586.893000 0.093876
587.902000 0.149522
588.913000 0.082774
590.072000 0.116902
591.263000 0.142505
592.462000 0.138410
593.512000 0.152817
594.532000 0.137137
595.542000 0.179351
596.543000 0.163325
597.772000 0.110223
598.802000 0.061502
599.822000 0.062742
600.832000 0.046112
601.852000 0.041576
602.861000 0.034827
603.912000 0.108793
605.072000 0.102503
606.081000 0.061955
607.092000 0.053551
608.102000 0.087331
609.122000 0.159413
610.252000 0.092063
611.261000 0.094170
612.262000 0.109086
613.372000 0.076160
614.392000 0.050965
615.421000 0.041014
616.431000 0.047034
617.441000 0.097494
618.502000 0.089488
619.512000 0.149129
620.519000 0.098131
621.521000 0.086230
622.551000 0.074392
623.681000 0.092490
624.761000 0.045765
625.781000 0.048282
626.811000 0.034412
627.831000 0.041416
628.861000 0.051997
629.871000 0.036441
630.891000 0.048282
631.902000 0.071189
633.052000 0.047841
634.062000 0.099748
635.472000 0.086914
636.474000 0.095875
637.481000 0.036694
638.492000 0.039240
639.532000 0.034950
640.551000 0.037088
641.571000 0.062397
642.591000 0.056669
643.621000 0.049070
644.641000 0.038894
645.711000 0.021782
646.741000 0.064777
647.868000 0.056833
648.881000 0.047266
649.901000 0.028210
650.911000 0.025735
652.161000 0.027919
653.191000 0.031876
654.221000 0.030548
655.232000 0.065176
656.401000 0.008500
657.761000 0.045637
658.762000 0.143973
659.773000 0.120803
660.774000 0.080428
661.801000 0.122828
662.881000 0.140259
663.891000 0.121601
664.892000 0.110835
665.901000 0.155511
666.911000 0.101708
668.061000 0.087403
669.081000 0.098179
670.260000 0.074224
671.301000 0.042052
672.372000 0.026585
673.381000 0.143779
674.531000 0.147444
675.631000 0.150665
676.641000 0.212515
677.731000 0.127579
678.733000 0.188489
679.911000 0.168992
680.972000 0.223981
682.072000 0.220816
683.151000 0.220682
684.261000 0.219167
685.262000 0.211680
686.263000 0.189270
687.311000 0.204789
688.452000 0.200911
689.641000 0.229373
690.871000 0.221149
691.910000 0.213642
692.941000 0.194181
693.952000 0.180297
695.031000 0.179905
696.051000 0.198163
697.212000 0.184577
698.412000 0.191590
699.413000 0.243281
700.450000 0.123741
701.451000 0.184017
702.471000 0.188612
703.481000 0.120320
704.790000 0.142527
705.830000 0.121609
706.831000 0.172924
707.970000 0.130752
708.971000 0.177401
710.180000 0.150746
711.181000 0.187715
712.391000 0.147573
713.532000 0.180723
714.758000 0.162563
715.760000 0.184373
716.880000 0.130723
718.021000 0.175763
719.041000 0.191310
720.120000 0.163236
721.291000 0.173789
722.410000 0.157443
723.440000 0.154549
724.581000 0.146862
725.811000 0.152120
727.031000 0.164637
728.040000 0.182253
729.230000 0.164666
730.231000 0.211937
731.270000 0.140537
732.271000 0.191943
733.320000 0.129561
734.331000 0.159986
735.340000 0.144136
736.491000 0.135828
737.500000 0.168137
738.640000 0.117564
739.830000 0.147052
740.891000 0.137975
741.892000 0.192390
742.991000 0.152520
744.091000 0.163460
745.150000 0.189952
746.259000 0.196698
747.269000 0.088243
748.480000 0.116177
749.490000 0.156563
750.518000 0.156514
751.520000 0.191525
752.581000 0.164658
753.669000 0.161996
754.790000 0.119659
755.990000 0.167009
756.991000 0.209516
758.139000 0.139381
759.150000 0.176051
760.160000 0.144289
761.200000 0.131511
762.330000 0.169516
763.590000 0.166195
764.761000 0.149665
765.770000 0.195596
766.890000 0.158759
767.891000 0.156426
768.900000 0.147292
769.910000 0.170567
771.050000 0.135488
772.279000 0.181036
773.280000 0.141768
774.291000 0.163016
775.299000 0.150530
776.309000 0.121504
777.499000 0.120908
778.510000 0.162330
779.519000 0.158874
780.520000 0.191787
781.539000 0.108751
782.639000 0.129455
783.679000 0.123667
784.859000 0.102970
785.879000 0.118566
786.889000 0.053940
788.129000 0.054330
789.159000 0.057110
790.179000 0.040235
791.209000 0.020691
792.239000 0.026563
793.409000 0.014037
794.419000 0.023026
795.479000 0.016777
796.489000 0.022296
797.718000 0.035105
798.839000 0.046437
799.859000 0.068545
800.869000 0.062824
801.919000 0.061176
802.999000 0.065753
804.009000 0.061011
805.019000 0.037851
806.039000 0.048733
807.050000 0.054618
808.059000 0.074715
809.069000 0.061294
810.079000 0.056103
811.129000 0.063387
812.139000 0.055113
813.599000 0.024284
814.629000 0.047860
815.639000 0.032451
816.879000 0.030349
817.948000 0.039671
818.979000 0.029750
819.999000 0.029506
821.029000 0.029219
822.038000 0.022170
823.078000 0.031569
825.658000 0.010605
826.708000 0.013703
828.399000 0.003236
831.438000 0.008103
833.018000 0.051917
834.228000 0.067869
835.248000 0.052409
836.278000 0.035383
837.288000 0.045152
838.289000 0.076005
839.310000 0.037516
840.338000 0.039325
841.378000 0.035138
842.698000 0.016582
844.108000 0.003884
845.138000 0.045764
846.168000 0.023907
847.298000 0.016949
848.608000 0.016708
849.658000 0.024702
850.678000 0.029506
851.918000 0.019607
856.288000 0.003757
857.298000 0.029798
858.582000 0.015097
859.598000 0.036354
860.708000 0.025373
861.728000 0.036212
862.778000 0.029199
863.808000 0.043829
864.838000 0.045039
866.109000 0.023217
867.138000 0.034566
905.830000 0.000283
912.550000 0.002279
914.748000 0.000512
915.899000 0.128744
917.089000 0.200427
918.179000 0.211799
919.180000 0.243642
920.349000 0.215156
921.359000 0.218344
922.369000 0.203642
923.399000 0.221789
924.409000 0.330590
925.449000 0.233140
926.458000 0.251383
927.459000 0.164190
928.579000 0.219500
929.649000 0.227793
930.679000 0.219945
931.709000 0.196164
932.798000 0.223464
933.799000 0.232156
934.800000 0.191812
935.809000 0.161223
936.810000 0.142454
937.818000 0.135783
939.028000 0.100309
940.038000 0.147127
941.068000 0.114141
942.069000 0.160387
943.198000 0.113579
944.209000 0.145724
945.218000 0.129632
946.219000 0.154086
947.238000 0.141676
948.249000 0.114232
949.398000 0.100080
950.408000 0.132472
951.470000 0.132360
952.518000 0.134839
953.528000 0.140692
954.529000 0.158085
955.538000 0.129572
956.548000 0.125906
957.568000 0.130893
958.573000 0.139339
959.578000 0.121305
960.748000 0.118617
961.758000 0.165758
962.768000 0.123980
963.868000 0.160821
964.878000 0.181412
965.887000 0.161095
966.889000 0.147090
967.958000 0.151058
968.960000 0.173972
969.969000 0.170921
971.128000 0.137456
972.129000 0.175658
973.130000 0.159819
974.148000 0.158798
975.150000 0.213414
976.228000 0.215057
977.371000 0.201749
978.517000 0.226925
979.518000 0.229752
980.608000 0.210928
981.729000 0.219868
982.730000 0.214726
983.768000 0.212167
984.868000 0.217954
986.058000 0.201666
987.088000 0.228017
988.089000 0.321576
989.097000 0.303088
990.299000 0.234941
991.308000 0.282203
992.417000 0.181380
993.457000 0.126708
994.458000 0.201933
995.607000 0.152415
996.727000 0.190307
997.729000 0.200009
998.858000 0.187755
999.859000 0.255594
1001.038000 0.210612
1002.039000 0.265048
1003.158000 0.202836
1004.350000 0.242834
1005.468000 0.260080
1006.469000 0.299975
1007.607000 0.177455
1008.658000 0.268812
1009.728000 0.230885
1010.737000 0.250465
1011.738000 0.261990
1012.748000 0.285663
1013.817000 0.171499
1014.818000 0.220896
1015.820000 0.239203
1016.828000 0.236734
1018.018000 0.202183
1019.028000 0.250769
1020.117000 0.197682
1021.288000 0.218376
1022.297000 0.191103
1023.298000 0.230875
1024.307000 0.194780
1025.397000 0.245664
1026.408000 0.171496
1027.467000 0.171089
1028.477000 0.164087
1029.497000 0.183050
1030.607000 0.137530
1031.737000 0.158610
1032.767000 0.205282
1033.768000 0.272494
1034.777000 0.178036
1035.927000 0.172588
1036.942000 0.208467
1037.947000 0.177113
1038.957000 0.153681
1040.097000 0.178313
1041.107000 0.193672
1042.197000 0.179680
1043.327000 0.201796
1044.387000 0.208113
1045.457000 0.215390
1046.487000 0.177001
1047.497000 0.212951
1048.508000 0.172967
1049.527000 0.158061
1050.537000 0.151909
1051.538000 0.133506
1052.617000 0.136720
1053.618000 0.196738
1054.626000 0.087183
1055.636000 0.083705
1056.656000 0.041743
1057.657000 0.148061
1058.666000 0.138534
1059.676000 0.161108
1060.796000 0.163254
1061.806000 0.155315
1062.816000 0.134594
1063.817000 0.106067
1064.828000 0.117064
1066.026000 0.036843
1067.027000 0.110639
1068.036000 0.073251
1069.047000 0.039712
1070.096000 0.048252
1071.107000 0.031122
1072.576000 0.007230
1073.584000 0.018760
1074.596000 0.083348
1075.606000 0.074495
1076.627000 0.058584
1077.766000 0.093737
1078.776000 0.097911
1079.787000 0.109448
1080.796000 0.111286
1081.926000 0.123194
1082.996000 0.119989
1083.997000 0.140065
1085.016000 0.132237
1086.027000 0.130057
1087.047000 0.093111
1088.226000 0.076036
1089.246000 0.086881
1090.536000 0.068073
1091.626000 0.126991
1092.636000 0.140410
1093.647000 0.145266
1094.667000 0.133912
1095.676000 0.126040
1096.687000 0.104114
1097.696000 0.110260
1098.706000 0.106628
1099.786000 0.102269
1100.796000 0.118446
1101.867000 0.122819
1103.016000 0.112190
1104.026000 0.095975
1105.036000 0.112117
1106.106000 0.096352
1107.256000 0.104582
1108.257000 0.111914
1109.276000 0.084535
1110.346000 0.079741
1111.370000 0.067166
1112.385000 0.072863
1113.426000 0.094918
1114.427000 0.132965
1115.435000 0.162862
1116.456000 0.147664
1117.476000 0.114055
1118.487000 0.147040
1119.496000 0.137673
1121.726000 0.034493
1122.746000 0.100801
1123.776000 0.096426
1124.865000 0.092639
1125.895000 0.071196
1126.896000 0.123279
1127.945000 0.127623
1128.946000 0.164740
1129.956000 0.097190
1130.975000 0.093951
1131.995000 0.101406
1133.035000 0.067581
1134.047000 0.091965
1135.066000 0.055213
1136.095000 0.066575
1137.106000 0.076845
1138.255000 0.100931
1139.455000 0.129823
1140.465000 0.163775
1141.535000 0.102207
1142.605000 0.126087
1143.615000 0.179238
1144.625000 0.156260
1145.626000 0.193464
1146.635000 0.135472
1147.646000 0.149827
1148.655000 0.165386
1149.725000 0.138443
1150.735000 0.169775
1151.885000 0.113482
1152.886000 0.187378
1153.905000 0.141781
1154.915000 0.192532
1155.925000 0.163461
1156.935000 0.131051
1157.945000 0.135401
1158.946000 0.143846
1159.947000 0.097877
1160.955000 0.102253
1162.135000 0.129916
1163.286000 0.129654
1164.826000 0.102571
1165.985000 0.142903
1166.987000 0.166647
1167.995000 0.143523
1169.006000 0.126031
1170.014000 0.141197
1171.015000 0.112388
1172.025000 0.116464
1173.035000 0.141847
1174.055000 0.162596
1175.155000 0.126764
1176.164000 0.107694
1177.175000 0.090311
1178.315000 0.109157
1179.326000 0.091135
1180.355000 0.061883
1181.385000 0.038353
1182.406000 0.040196
1183.465000 0.022496
1185.105000 0.004171
1186.115000 0.094972
1187.126000 0.156745
1188.134000 0.120971
1189.145000 0.108673
1190.155000 0.115748
1191.165000 0.139718
1192.166000 0.130262
1193.174000 0.118985
1194.185000 0.120239
1195.286000 0.070486
1196.354000 0.056586
1197.355000 0.132999
1198.365000 0.149550
1199.367000 0.112151
1200.374000 0.096184
1201.474000 0.090530
1202.645000 0.117474
1203.835000 0.146777
1204.854000 0.111441
1205.865000 0.127955
1206.926000 0.075668
1207.954000 0.052749
1208.984000 0.036271
1210.014000 0.017266
1211.720000 0.009604
1212.724000 0.091865
1213.725000 0.077569
1214.744000 0.082492
1215.904000 0.077498
1216.914000 0.112974
1217.935000 0.135382
1218.944000 0.151473
1219.946000 0.131903
1221.094000 0.099740
1222.114000 0.112234
1223.125000 0.110347
1224.134000 0.106204
1225.144000 0.110623
1226.165000 0.082824
1227.166000 0.097796
1228.194000 0.072476
1229.234000 0.035599
1230.264000 0.026563
1231.294000 0.032778
1232.304000 0.105981
1233.314000 0.115470
1234.323000 0.076047
1236.644000 0.035528
1237.665000 0.086355
1238.674000 0.140565
1239.684000 0.109302
1240.685000 0.104087
1241.686000 0.132234
1242.694000 0.130349
1243.704000 0.145191
1244.714000 0.139551
1245.733000 0.143661
1246.734000 0.137388
1247.735000 0.151974
1248.744000 0.149768
1249.745000 0.195459
1250.764000 0.143641
1251.765000 0.139446
1252.784000 0.125732
1253.794000 0.114689
1254.804000 0.116001
1255.813000 0.096750
1256.824000 0.085829
1257.853000 0.086607
1258.984000 0.068924
1259.993000 0.094075
1261.205000 0.082186
1262.254000 0.131403
1263.255000 0.160251
1264.393000 0.172006
1265.394000 0.206263
1266.443000 0.143061
1267.623000 0.170158
1268.753000 0.110026
1269.953000 0.162558
1270.954000 0.189341
1272.033000 0.137446
1273.034000 0.165622
1274.123000 0.130850
1275.144000 0.172763
1276.165000 0.121773
1277.173000 0.160747
1278.234000 0.139419
1279.244000 0.189737
1280.424000 0.150953
1281.433000 0.151290
1282.583000 0.129637
1283.703000 0.134885
1284.704000 0.138078
1285.793000 0.154053
1286.794000 0.159079
1287.804000 0.139428
1288.805000 0.132831
1289.806000 0.128208
1290.854000 0.135248
1291.964000 0.122812
1292.973000 0.119474
1293.994000 0.126023
1295.103000 0.132222
1296.104000 0.155836
1297.113000 0.135752
1298.124000 0.148599
1299.132000 0.114596
1300.133000 0.118537
1301.143000 0.120695
1302.172000 0.116661
1303.284000 0.120254
1304.293000 0.121937
1305.463000 0.069718
1306.473000 0.104726
1307.493000 0.083301
1308.503000 0.115770
1309.693000 0.115713
1310.703000 0.141365
1311.723000 0.104425
1312.733000 0.108762
1313.743000 0.157393
1314.753000 0.097740
1315.754000 0.154977
1316.763000 0.123044
1317.773000 0.133786
1318.783000 0.135572
1319.793000 0.133309
1320.794000 0.076769
1321.803000 0.128636
1322.812000 0.138595
1323.813000 0.145360
1324.833000 0.127704
1325.842000 0.133516
1326.853000 0.130333
1327.913000 0.137175
1328.932000 0.105827
1329.943000 0.091410
1330.945000 0.136372
1331.952000 0.145548
1332.953000 0.132800
1333.963000 0.143911
1334.964000 0.144496
1335.973000 0.167015
1336.974000 0.152083
1337.982000 0.150052
1338.983000 0.171879
1340.003000 0.128516
1341.132000 0.148526
1342.133000 0.166559
1343.143000 0.152787
1344.153000 0.161607
1345.282000 0.141436
1346.283000 0.147410
1347.284000 0.156203
1348.292000 0.128481
1349.293000 0.174673
1350.302000 0.134165
1351.312000 0.151857
1352.313000 0.148024
1353.367000 0.156121
1354.532000 0.172161
1355.732000 0.172914
1356.743000 0.202566
1357.832000 0.152165
1359.002000 0.152669
1360.003000 0.184128
1361.004000 0.150209
1362.012000 0.150890
1363.032000 0.150059
1364.052000 0.129229
1365.072000 0.137261
1366.092000 0.132302
1367.112000 0.118474
1368.212000 0.120215
1369.232000 0.098566
1370.342000 0.126059
1371.367000 0.137920
1372.372000 0.143110
1373.392000 0.129988
1374.489000 0.092562
1375.492000 0.117548
1376.493000 0.127888
1377.504000 0.133349
1378.522000 0.114233
1379.532000 0.147934
1380.533000 0.103936
1381.643000 0.129013
1382.732000 0.144920
1383.742000 0.156023
1384.752000 0.133256
1385.902000 0.132521
1386.912000 0.149311
1387.923000 0.118159
1388.931000 0.114489
1390.042000 0.137353
1391.052000 0.152563
1392.061000 0.106372
1393.072000 0.122869
1394.083000 0.145556
1395.241000 0.131420
1396.262000 0.128036
1397.272000 0.156239
1398.282000 0.148486
1399.291000 0.139013
1400.362000 0.147532
1401.412000 0.148121
1402.413000 0.172285
1403.462000 0.128265
1404.463000 0.170489
1405.471000 0.136106
1406.622000 0.120163
1407.097000 0.164979
