0.000000 0.257909
-1.010000 0.291497
-2.019000 0.279361
-3.020000 0.254097
-4.029000 0.350143
-5.037000 0.339493
-6.038000 0.392791
-7.039000 0.195817
-8.048000 0.334825
-9.049000 0.381864
-10.119000 0.302987
-11.209000 0.298298
-12.229000 0.323956
-13.240000 0.323563
-14.248000 0.364092
-15.249000 0.451149
-16.260000 0.347084
-17.269000 0.286383
-18.298000 0.350426
-19.299000 0.313526
-20.300000 0.300194
-21.309000 0.334882
-22.318000 0.286194
-23.319000 0.327635
-24.327000 0.361359
-25.328000 0.495289
-26.329000 0.612819
-27.330000 0.614556
-28.338000 0.608719
-29.339000 0.626149
-30.348000 0.589750
-31.358000 0.634771
-32.377000 0.544488
-33.378000 0.446090
-34.379000 0.463820
-35.399000 0.416793
-36.408000 0.433988
-37.418000 0.425590
-38.419000 0.419921
-39.427000 0.447010
-40.429000 0.538525
-41.436000 0.514422
-42.437000 0.394403
-43.479000 0.400620
-44.498000 0.382446
-45.569000 0.381044
-46.626000 0.418416
-47.627000 0.486628
-48.628000 0.346326
-49.629000 0.349796
-50.638000 0.316260
-51.639000 0.373038
-52.649000 0.365998
-53.656000 0.381858
-54.657000 0.403724
-55.658000 0.336135
-56.669000 0.432564
-57.676000 0.481622
-58.677000 0.461123
-59.678000 0.424928
-60.687000 0.459756
-61.688000 0.414082
-62.697000 0.490699
-63.699000 0.469069
-64.728000 0.441990
-65.729000 0.442992
-66.737000 0.418757
-67.738000 0.410962
-68.748000 0.411237
-69.754000 0.407417
-70.756000 0.503848
-71.759000 0.554571
-72.764000 0.514989
-73.765000 0.488456
-74.766000 0.525355
-75.767000 0.522621
-76.769000 0.342478
-77.957000 0.330708
-78.997000 0.410557
-79.998000 0.364092
-80.999000 0.263588
-82.008000 0.273894
-83.009000 0.333526
-84.018000 0.286352
-85.028000 0.265694
-86.029000 0.314545
-87.038000 0.262673
-88.238000 0.279361
-89.239000 0.280413
-90.246000 0.299293
-91.247000 0.299860
-92.248000 0.267061
-93.249000 0.303964
-94.256000 0.290633
-95.257000 0.230162
-96.258000 0.346291
-97.267000 0.355325
-98.268000 0.342536
-99.328000 0.271453
-100.338000 0.294771
-101.347000 0.361359
-102.348000 0.338949
-103.358000 0.322278
-104.387000 0.376392
-105.388000 0.407302
-106.397000 0.439257
-107.398000 0.352721
-108.408000 0.432839
-109.427000 0.368192
-110.428000 0.346635
-111.436000 0.293027
-112.437000 0.319792
-113.438000 0.232193
-114.448000 0.254270
-115.467000 0.325259
-116.469000 0.289005
-117.536000 0.259007
-118.547000 0.256128
-119.548000 0.264643
-120.556000 0.245195
-121.557000 0.250326
-122.568000 0.205492
-123.576000 0.228228
-124.577000 0.239728
-125.578000 0.262232
-126.587000 0.270593
-127.588000 0.184768
-128.598000 0.215572
-129.607000 0.211029
-130.608000 0.195429
-131.616000 0.163197
-132.617000 0.189436
-133.628000 0.241895
-134.637000 0.250094
-135.638000 0.142780
-136.648000 0.302343
-137.657000 0.346959
-138.668000 0.259778
-139.676000 0.254696
-140.688000 0.313189
-141.697000 0.298502
-142.698000 0.278217
-143.708000 0.392199
-144.714000 0.473423
-145.715000 0.607353
-146.716000 0.475357
-147.717000 0.576711
-148.719000 0.510159
-149.723000 0.511178
-150.725000 0.415685
-151.726000 0.509861
-152.727000 0.390058
-153.728000 0.389479
-154.734000 0.400591
-155.736000 0.455656
-156.737000 0.518805
-157.748000 0.459745
-158.752000 0.384591
-159.753000 0.443357
-160.754000 0.457024
-161.755000 0.489822
-162.757000 0.530224
-163.786000 0.533554
-164.787000 0.559520
-165.788000 0.493479
-166.816000 0.536288
-167.817000 0.513055
-168.826000 0.426957
-169.827000 0.467956
-170.828000 0.527327
-171.886000 0.499389
-172.887000 0.497278
-173.895000 0.487089
-174.897000 0.395238
-176.004000 0.470689
-177.005000 0.492555
-178.006000 0.440623
-179.007000 0.446149
-180.014000 0.462490
-181.015000 0.463393
-182.017000 0.487952
-183.023000 0.527561
-184.025000 0.545854
-185.026000 0.539021
-186.027000 0.538022
-187.036000 0.572930
-188.047000 0.522270
-189.055000 0.520735
-190.057000 0.479705
-191.062000 0.552687
-192.063000 0.536855
-193.064000 0.537654
-194.065000 0.533554
-195.066000 0.495936
-196.085000 0.422058
-197.086000 0.496655
-198.087000 0.553728
-199.096000 0.550979
-200.115000 0.493123
-201.116000 0.419396
-202.122000 0.502831
-203.176000 0.522028
-204.186000 0.498022
-205.187000 0.528409
-206.204000 0.597786
-207.205000 0.502122
-208.206000 0.447770
-209.342000 0.526193
-210.344000 0.462028
-211.346000 0.306693
-212.347000 0.155762
-213.357000 0.073141
-214.367000 0.000123
-247.609000 0.008127
-248.689000 0.009685
-249.819000 0.017266
-250.849000 0.013412
-251.869000 0.016223
-252.979000 0.014855
-254.069000 0.020118
-255.089000 0.024380
-256.099000 0.095358
-257.134000 0.008601
-259.039000 0.025568
-260.049000 0.014899
-261.059000 0.011850
-262.098000 0.026797
-263.119000 0.021671
-264.129000 0.017608
-265.139000 0.027360
-266.189000 0.031715
-267.199000 0.042501
-268.229000 0.042092
-269.269000 0.050965
-270.289000 0.044697
-271.299000 0.047406
-272.309000 0.049985
-273.349000 0.039845
-274.379000 0.032539
-275.388000 0.039500
-276.427000 0.027356
-277.898000 0.040196
-278.919000 0.039883
-279.948000 0.052929
-280.956000 0.046373
-281.959000 0.067790
-282.968000 0.075106
-283.988000 0.053333
-284.999000 0.059825
-286.028000 0.063690
-287.059000 0.075106
-288.079000 0.069741
-289.099000 0.063722
-290.108000 0.056831
-291.119000 0.044881
-292.168000 0.035825
-293.199000 0.027127
-294.258000 0.025709
-295.269000 0.025836
-296.328000 0.031152
-297.338000 0.032234
-298.399000 0.039357
-299.407000 0.039462
-300.447000 0.039632
-301.448000 0.046051
-302.458000 0.040200
-303.459000 0.049672
-304.478000 0.041536
-305.499000 0.033895
-306.508000 0.033529
-307.528000 0.032188
-308.548000 0.032885
-309.588000 0.030066
-310.589000 0.030877
-311.608000 0.030847
-312.628000 0.031569
-313.668000 0.027089
-314.678000 0.015015
-315.718000 0.022170
-316.767000 0.021026
-317.808000 0.025482
-318.828000 0.030254
-319.868000 0.034200
-320.908000 0.033204
-321.938000 0.032315
-322.954000 0.030429
-323.988000 0.025735
-324.998000 0.025811
-326.058000 0.030847
-327.078000 0.023474
-328.127000 0.021230
-329.158000 0.017435
-330.178000 0.013570
-331.228000 0.017608
-332.238000 0.019561
-333.287000 0.027623
-334.327000 0.032188
-335.347000 0.036795
-336.388000 0.037188
-337.418000 0.037925
-338.428000 0.041576
-339.448000 0.056887
-340.458000 0.048669
-341.498000 0.053386
-342.508000 0.086685
-343.518000 0.076447
-344.538000 0.085331
-345.548000 0.097521
-346.558000 0.068285
-347.568000 0.088040
-348.578000 0.090749
-349.588000 0.065014
-350.598000 0.076447
-351.618000 0.064285
-352.627000 0.107964
-353.628000 0.105648
-354.638000 0.085331
-355.648000 0.089394
-356.658000 0.088690
-357.667000 0.102939
-358.677000 0.117530
-359.678000 0.111175
-360.687000 0.094563
-361.778000 0.120666
-362.787000 0.133930
-363.788000 0.100792
-364.798000 0.119310
-365.807000 0.102498
-366.808000 0.092103
-367.818000 0.080555
-368.827000 0.098398
-369.828000 0.097617
-370.837000 0.090659
-371.848000 0.095469
-372.857000 0.085835
-373.877000 0.083976
-374.887000 0.089859
-375.907000 0.085331
-376.917000 0.085893
-377.927000 0.081267
-378.937000 0.119365
-379.957000 0.119192
-380.967000 0.119636
-381.978000 0.139925
-382.985000 0.159737
-383.987000 0.123818
-384.997000 0.128673
-386.007000 0.116599
-387.016000 0.124931
-388.017000 0.120547
-389.027000 0.142130
-390.028000 0.142922
-391.037000 0.165571
-392.045000 0.158371
-393.047000 0.130590
-394.057000 0.134091
-395.067000 0.122167
-396.086000 0.149530
-397.087000 0.141564
-398.092000 0.163343
-399.097000 0.146745
-400.117000 0.157273
-401.126000 0.154817
-402.137000 0.146281
-403.147000 0.154408
-404.157000 0.140349
-405.165000 0.179029
-406.166000 0.180963
-407.167000 0.214216
-408.176000 0.172763
-409.177000 0.144927
-410.187000 0.127319
-411.197000 0.108635
-412.217000 0.118400
-413.227000 0.108356
-414.237000 0.108464
-415.246000 0.100332
-416.247000 0.115129
-417.257000 0.100429
-418.265000 0.094625
-419.277000 0.114450
-420.286000 0.100131
-421.297000 0.140921
-422.326000 0.157679
-423.336000 0.151696
-424.337000 0.130222
-425.356000 0.099804
-426.376000 0.165363
-427.377000 0.158471
-428.387000 0.122463
-429.397000 0.134249
-430.416000 0.150330
-441.477000 0.162442
-442.496000 0.142218
-443.506000 0.131945
-444.516000 0.142218
-445.526000 0.144847
-446.546000 0.157523
-447.557000 0.162696
-448.566000 0.136149
-449.585000 0.132563
-450.586000 0.117838
-451.596000 0.138717
-452.606000 0.125964
-453.616000 0.130028
-454.626000 0.096565
-455.646000 0.076411
-456.656000 0.085331
-457.666000 0.083976
-458.676000 0.087658
-459.706000 0.086685
-460.716000 0.079121
-461.726000 0.112659
-462.746000 0.127445
-463.755000 0.159097
-464.756000 0.130157
-465.765000 0.102169
-466.796000 0.105836
-467.801000 0.075022
-468.816000 0.097906
-469.836000 0.167812
-470.855000 0.137231
-471.856000 0.139509
-472.866000 0.122507
-473.871000 0.121980
-474.885000 0.155608
-475.896000 0.132776
-476.916000 0.121109
-477.926000 0.142113
-478.956000 0.132776
-479.976000 0.080475
-480.986000 0.112420
-481.996000 0.145070
-483.005000 0.143992
-484.016000 0.158259
-485.036000 0.119310
-486.045000 0.118897
-487.046000 0.163915
-488.076000 0.133000
-489.084000 0.106491
-490.086000 0.073501
-491.136000 0.073837
-492.155000 0.001709
-494.556000 0.078558
-495.566000 0.014143
-496.630000 0.030667
-497.656000 0.082704
-498.665000 0.043504
-500.156000 0.098875
-501.166000 0.123874
-502.182000 0.198684
-503.197000 0.581044
-504.202000 0.016335
-505.205000 0.046237
-506.566000 0.075180
-507.585000 0.044860
-508.604000 0.080392
-509.625000 0.150330
-510.626000 0.155762
-511.636000 0.111738
-512.645000 0.081812
-513.665000 0.190634
-514.684000 0.187292
-515.695000 0.251929
-516.705000 0.257909
-517.715000 0.241895
-518.724000 0.300659
-519.725000 0.277146
-520.734000 0.271161
-521.735000 0.270918
-522.755000 0.198725
-523.763000 0.258842
-524.764000 0.303393
-525.765000 0.259778
-526.773000 0.249295
-527.774000 0.295193
-528.775000 0.292059
-529.784000 0.305327
-530.785000 0.302606
-531.795000 0.338600
-532.801000 0.317191
-533.812000 0.292735
-534.814000 0.303960
-535.815000 0.340643
-536.823000 0.369558
-537.824000 0.472056
-538.825000 0.393617
-539.874000 0.405890
-540.875000 0.332942
-541.945000 0.347647
-542.954000 0.319757
-543.974000 0.325441
-544.993000 0.298494
-545.994000 0.337976
-547.014000 0.332659
-548.015000 0.428489
-549.022000 0.425166
-550.024000 0.455659
-551.034000 0.339493
-552.035000 0.344594
-553.045000 0.396849
-554.053000 0.355892
-555.054000 0.349059
-556.055000 0.262764
-557.065000 0.025057
-558.125000 0.210867
-559.163000 0.314579
-560.165000 0.338141
-561.170000 0.352455
-562.173000 0.399057
-563.174000 0.365154
-564.262000 0.465790
-565.263000 0.432424
-566.264000 0.409191
-567.265000 0.428489
-568.272000 0.409191
-569.273000 0.319792
-570.274000 0.279796
-571.293000 0.271161
-572.294000 0.263760
-573.295000 0.278948
-574.322000 0.305328
-575.323000 0.328559
-576.324000 0.307493
-577.325000 0.252233
-578.374000 0.254349
-579.382000 0.299860
-580.383000 0.333459
-581.384000 0.276627
-582.385000 0.252992
-583.393000 0.319792
-584.394000 0.261972
-585.404000 0.184024
-586.415000 0.090140
-587.514000 0.127319
-588.524000 0.124364
-589.525000 0.071064
-590.534000 0.124364
-591.535000 0.124857
-592.543000 0.050547
-593.815000 0.085978
