0.000000 0.170982
1.009000 0.207437
2.200000 0.184855
3.289000 0.196390
4.310000 0.170556
5.379000 0.162443
6.520000 0.221207
7.539000 0.215403
8.599000 0.227153
9.800000 0.211179
10.809000 0.306410
11.810000 0.265073
12.969000 0.158639
13.970000 0.245545
15.119000 0.230704
16.130000 0.206534
17.131000 0.270593
18.270000 0.180300
19.271000 0.299415
20.280000 0.257853
21.439000 0.223070
22.549000 0.276454
23.610000 0.269061
24.611000 0.292429
25.799000 0.232962
26.889000 0.244774
28.029000 0.236719
29.030000 0.203628
30.031000 0.141681
31.040000 0.245762
32.041000 0.239980
33.110000 0.256543
34.119000 0.267638
35.120000 0.257098
36.129000 0.295497
37.139000 0.332527
38.140000 0.325675
39.149000 0.295983
40.160000 0.332683
41.161000 0.338685
42.169000 0.347963
43.179000 0.335905
44.182000 0.284033
45.189000 0.231038
46.191000 0.274419
47.199000 0.237216
48.214000 0.237322
49.349000 0.223830
50.350000 0.329359
51.359000 0.243613
52.369000 0.262186
53.589000 0.229915
54.599000 0.303398
55.609000 0.236512
56.619000 0.224400
57.620000 0.273327
58.629000 0.208303
59.639000 0.258701
60.649000 0.230424
61.659000 0.280918
62.669000 0.306103
63.670000 0.363439
64.679000 0.292852
65.680000 0.184802
66.689000 0.229815
67.699000 0.295271
68.709000 0.185026
69.719000 0.226194
70.720000 0.189073
71.722000 0.226635
72.728000 0.202998
73.870000 0.130571
74.879000 0.222818
75.880000 0.406861
76.889000 0.308924
77.908000 0.319049
78.909000 0.403157
79.910000 0.297397
80.919000 0.264820
81.921000 0.301725
82.929000 0.265422
83.939000 0.245222
84.989000 0.233096
85.999000 0.292562
87.009000 0.229754
88.010000 0.264376
89.209000 0.245766
90.216000 0.355925
91.219000 0.217433
92.309000 0.244901
93.318000 0.147782
94.319000 0.146381
95.329000 0.163889
96.339000 0.124709
97.349000 0.109711
98.368000 0.069810
99.438000 0.112392
100.468000 0.091643
101.498000 0.096955
102.508000 0.063659
103.538000 0.059865
104.548000 0.077204
105.568000 0.071082
106.579000 0.061318
107.598000 0.080550
108.608000 0.070432
109.628000 0.026946
110.648000 0.022800
111.668000 0.021459
112.688000 0.020118
114.049000 0.002010
168.133000 0.000025
169.144000 0.108249
170.184000 0.068976
171.193000 0.163798
172.214000 0.136052
173.224000 0.156316
174.235000 0.170500
175.374000 0.143573
176.375000 0.253121
177.554000 0.197487
178.564000 0.263238
179.573000 0.213477
180.764000 0.143760
181.903000 0.086476
182.913000 0.121242
183.914000 0.219430
184.933000 0.240972
186.163000 0.188422
187.174000 0.329038
188.194000 0.276194
189.203000 0.254335
190.213000 0.337259
191.214000 0.189112
192.454000 0.285835
193.785000 0.278040
194.794000 0.346512
195.904000 0.372243
196.905000 0.423474
198.023000 0.322428
199.024000 0.400701
200.033000 0.299140
201.193000 0.300499
202.283000 0.305800
203.284000 0.396324
204.285000 0.363332
205.294000 0.260506
206.464000 0.294140
207.594000 0.372965
208.604000 0.407691
209.605000 0.331340
210.613000 0.236868
211.614000 0.209175
212.615000 0.329359
213.623000 0.266749
214.624000 0.312959
215.633000 0.196390
216.643000 0.228903
217.654000 0.194303
218.655000 0.281526
219.673000 0.254821
220.683000 0.226450
221.693000 0.227602
222.703000 0.225370
223.704000 0.321804
224.713000 0.314182
225.714000 0.327992
226.723000 0.235580
227.724000 0.282893
228.873000 0.236668
229.874000 0.277427
230.875000 0.221444
231.883000 0.229357
232.903000 0.199971
234.823000 0.014233
235.824000 0.668604
236.843000 0.260444
237.853000 0.228903
238.863000 0.127701
239.883000 0.280306
240.884000 0.294596
241.953000 0.356488
242.959000 0.291006
243.963000 0.198726
244.973000 0.234960
245.983000 0.284436
246.994000 0.228757
247.996000 0.352479
249.003000 0.296164
250.154000 0.267961
251.253000 0.303581
252.313000 0.293430
253.402000 0.292506
254.475000 0.290616
255.483000 0.286340
256.511000 0.266546
257.513000 0.225269
258.523000 0.167117
259.526000 0.156849
260.532000 0.150942
261.533000 0.134648
262.544000 0.223330
263.553000 0.258130
264.555000 0.318827
265.563000 0.412571
266.564000 0.252248
267.573000 0.394537
268.580000 0.363038
269.583000 0.352171
270.683000 0.313118
271.684000 0.371724
272.685000 0.321181
273.693000 0.279916
274.694000 0.296455
275.713000 0.367195
276.714000 0.400137
277.715000 0.403602
278.914000 0.413227
279.943000 0.384918
280.944000 0.379414
281.952000 0.370782
282.959000 0.216553
283.963000 0.237084
284.972000 0.154657
286.082000 0.128174
287.093000 0.144783
288.252000 0.157481
289.253000 0.240527
290.263000 0.186911
291.343000 0.285680
292.692000 0.246457
293.693000 0.168096
294.862000 0.208463
295.863000 0.230961
297.093000 0.083101
298.094000 0.153063
299.103000 0.146097
300.184000 0.258353
301.453000 0.281790
302.762000 0.271614
303.942000 0.332697
304.943000 0.440898
305.962000 0.383737
306.963000 0.401790
307.973000 0.475162
308.982000 0.276044
309.983000 0.280804
310.992000 0.279071
311.993000 0.294491
312.994000 0.389491
313.995000 0.276022
315.002000 0.290717
316.003000 0.235432
317.043000 0.169685
318.053000 0.206400
320.184000 0.059702
321.212000 0.073191
322.252000 0.078923
323.262000 0.090749
324.272000 0.108238
325.282000 0.209941
326.392000 0.118483
327.412000 0.042918
328.432000 0.049624
329.452000 0.087176
330.462000 0.104293
331.472000 0.191668
332.482000 0.312794
333.483000 0.226256
334.488000 0.206356
335.492000 0.205328
336.501000 0.177711
337.502000 0.205440
338.512000 0.237029
339.522000 0.240596
340.532000 0.199729
341.533000 0.201063
342.622000 0.288193
343.632000 0.302044
345.032000 0.260958
346.082000 0.251451
347.083000 0.246951
348.092000 0.325959
349.093000 0.284987
350.094000 0.356691
351.103000 0.331726
352.112000 0.318555
353.293000 0.309423
354.302000 0.351152
355.303000 0.263444
356.312000 0.312575
357.322000 0.398210
358.333000 0.346525
359.343000 0.450390
360.344000 0.499304
361.345000 0.366247
362.353000 0.362616
363.362000 0.334168
364.372000 0.294061
365.373000 0.267712
366.374000 0.383279
367.462000 0.368344
368.472000 0.371569
369.473000 0.377190
370.474000 0.420936
371.475000 0.483772
372.482000 0.309210
373.483000 0.422174
374.522000 0.375248
375.542000 0.395126
376.543000 0.401211
377.544000 0.388551
378.553000 0.444794
380.398000 0.204644
381.402000 0.718916
382.412000 0.245750
383.413000 0.349752
384.502000 0.363098
385.503000 0.370358
386.512000 0.337961
387.522000 0.345386
388.532000 0.259615
389.542000 0.222339
390.544000 0.275275
391.553000 0.369756
392.554000 0.372288
393.561000 0.387258
394.572000 0.305882
395.593000 0.357832
396.602000 0.312571
397.603000 0.372045
398.604000 0.475255
399.622000 0.304046
400.623000 0.349111
401.632000 0.350693
402.633000 0.394513
403.642000 0.283818
404.661000 0.256416
405.752000 0.140667
406.771000 0.241649
407.772000 0.394957
408.773000 0.370125
409.931000 0.329907
410.932000 0.348113
411.942000 0.389318
412.943000 0.356175
413.982000 0.331089
414.992000 0.384125
416.001000 0.318048
417.012000 0.262504
418.013000 0.079519
419.021000 0.249714
420.032000 0.194849
421.112000 0.221813
422.133000 0.344345
423.221000 0.339445
424.232000 0.224617
425.241000 0.135580
426.271000 0.136853
427.272000 0.172196
428.288000 0.117431
429.292000 0.174406
430.294000 0.118778
431.311000 0.107135
432.321000 0.132737
433.331000 0.153053
434.332000 0.147920
435.341000 0.136936
436.351000 0.060950
437.352000 0.079769
438.851000 0.141167
439.901000 0.157646
441.131000 0.056332
442.151000 0.069741
443.171000 0.059012
444.661000 0.002754
445.856000 0.096846
446.881000 0.049381
447.911000 0.082346
448.931000 0.054704
449.932000 0.066965
451.102000 0.186822
452.103000 0.251737
453.111000 0.298408
454.132000 0.156764
455.352000 0.064642
456.368000 0.040394
457.371000 0.137755
458.381000 0.115129
459.382000 0.094298
460.392000 0.158942
461.401000 0.192734
462.412000 0.176937
463.431000 0.169231
464.651000 0.154195
465.661000 0.162535
466.671000 0.136634
467.711000 0.104153
468.871000 0.198850
469.872000 0.275769
471.131000 0.253648
472.133000 0.340374
473.322000 0.252762
474.331000 0.324893
475.661000 0.256524
476.701000 0.249923
477.761000 0.261602
478.762000 0.291140
479.763000 0.437963
480.880000 0.322836
481.891000 0.314192
482.901000 0.322064
483.911000 0.310099
484.912000 0.324608
485.913000 0.444036
486.921000 0.432509
487.930000 0.340933
488.931000 0.311592
489.941000 0.221785
490.953000 0.220340
491.960000 0.173771
492.980000 0.177035
493.990000 0.146281
495.000000 0.123692
496.010000 0.199105
497.020000 0.112876
498.031000 0.100131
499.040000 0.139647
500.054000 0.115721
501.081000 0.105231
502.111000 0.055783
503.121000 0.078042
504.288000 0.051578
505.290000 0.080551
506.300000 0.039732
507.311000 0.081187
508.350000 0.069491
509.370000 0.095224
510.371000 0.063777
511.380000 0.103041
512.391000 0.071008
513.631000 0.060011
514.651000 0.120706
515.660000 0.074438
516.831000 0.084143
517.871000 0.099969
518.880000 0.083646
519.890000 0.105648
520.900000 0.094812
521.930000 0.054096
522.940000 0.063659
523.951000 0.059537
524.975000 0.052102
525.980000 0.065571
526.990000 0.132737
528.000000 0.089792
529.020000 0.114000
530.080000 0.027482
531.350000 0.019389
532.370000 0.049624
533.380000 0.067335
534.391000 0.135312
535.591000 0.139564
536.610000 0.144634
537.630000 0.126675
538.647000 0.108007
539.650000 0.125607
540.750000 0.119865
541.760000 0.176079
542.770000 0.088669
543.790000 0.084494
544.820000 0.050470
545.840000 0.052306
546.870000 0.082698
547.880000 0.079344
548.930000 0.036480
549.940000 0.093457
550.956000 0.077517
552.000000 0.081961
553.020000 0.111318
554.030000 0.093016
555.231000 0.089985
556.240000 0.093472
557.250000 0.102482
558.251000 0.112140
559.260000 0.166984
560.270000 0.097521
561.291000 0.077752
562.470000 0.051053
563.480000 0.059596
564.490000 0.060950
565.530000 0.143122
566.531000 0.207511
567.540000 0.190851
568.550000 0.162391
569.551000 0.176644
570.570000 0.176858
571.571000 0.176923
572.580000 0.210746
573.581000 0.247503
574.590000 0.259935
575.591000 0.250927
576.710000 0.194013
577.752000 0.225640
578.760000 0.256468
579.771000 0.346102
580.772000 0.366221
581.773000 0.291794
582.890000 0.093941
583.891000 0.269227
584.900000 0.266534
585.901000 0.286863
586.910000 0.262965
587.959000 0.204404
588.970000 0.193496
590.179000 0.120998
591.180000 0.195429
592.217000 0.207876
593.219000 0.262132
594.220000 0.215001
595.230000 0.268182
596.250000 0.172356
597.259000 0.141003
598.330000 0.065685
599.340000 0.111065
600.349000 0.186806
601.350000 0.236428
602.360000 0.198298
603.361000 0.177449
604.379000 0.216727
605.389000 0.266828
606.399000 0.140210
607.540000 0.085125
608.750000 0.125320
609.769000 0.123509
610.770000 0.146049
611.789000 0.202494
612.790000 0.230394
613.879000 0.317148
614.890000 0.291294
615.999000 0.302358
617.000000 0.313384
618.090000 0.315758
619.139000 0.260961
620.140000 0.266494
621.159000 0.235433
622.160000 0.192632
623.169000 0.237265
624.172000 0.154122
625.179000 0.100998
626.180000 0.170829
627.189000 0.203646
628.190000 0.248727
629.200000 0.219422
630.212000 0.167952
631.289000 0.142539
632.299000 0.165244
633.339000 0.078923
634.419000 0.052780
635.430000 0.131252
636.599000 0.277454
637.609000 0.306107
638.610000 0.269467
639.629000 0.307431
640.236000 0.288474
