0.000000 0.334072
1.001000 0.360791
2.011000 0.257909
3.012000 0.254761
4.020000 0.274143
5.021000 0.232895
6.030000 0.282569
7.031000 0.353958
8.040000 0.262232
9.041000 0.339493
10.042000 0.318993
11.070000 0.318599
12.071000 0.368991
13.072000 0.318993
14.080000 0.316777
15.101000 0.295326
16.120000 0.322756
17.130000 0.348095
18.132000 0.324136
19.140000 0.252992
20.150000 0.294479
21.151000 0.338925
22.160000 0.308329
23.170000 0.324277
24.180000 0.278226
25.190000 0.265473
26.191000 0.249295
27.200000 0.274434
28.201000 0.333459
29.202000 0.321726
30.210000 0.289635
31.220000 0.286352
32.221000 0.323892
33.230000 0.277146
34.240000 0.272808
35.241000 0.289726
36.250000 0.283925
37.260000 0.336467
38.270000 0.329695
39.271000 0.325807
40.280000 0.321324
41.290000 0.130609
42.300000 0.347640
43.301000 0.312620
44.309000 0.295063
45.310000 0.329926
46.311000 0.318993
47.330000 0.311458
48.331000 0.320360
49.340000 0.317820
50.349000 0.296127
51.350000 0.322525
52.351000 0.340859
53.359000 0.337135
54.360000 0.310793
55.361000 0.329926
56.380000 0.338866
57.396000 0.368929
58.399000 0.304718
59.400000 0.308060
60.410000 0.322923
61.679000 0.253781
62.680000 0.336192
63.700000 0.294275
64.710000 0.331050
65.711000 0.314893
66.720000 0.302343
67.729000 0.275790
68.730000 0.265694
69.839000 0.290394
70.840000 0.307493
71.849000 0.283925
72.850000 0.293027
73.930000 0.317193
74.931000 0.348492
75.939000 0.300492
76.940000 0.268428
77.949000 0.271160
78.970000 0.193497
79.971000 0.181762
80.989000 0.173910
81.999000 0.150345
83.207000 0.119377
84.209000 0.184311
85.309000 0.204473
86.310000 0.262394
87.319000 0.247318
88.339000 0.277624
89.340000 0.249295
90.349000 0.235116
91.359000 0.258701
92.369000 0.219984
93.449000 0.261459
94.450000 0.292460
95.451000 0.287557
96.463000 0.274975
97.469000 0.301885
98.471000 0.259968
99.489000 0.276039
100.490000 0.311592
101.509000 0.231466
102.519000 0.264681
103.530000 0.332866
104.539000 0.296128
105.549000 0.280935
106.569000 0.244651
107.579000 0.288499
108.580000 0.260228
109.589000 0.230486
110.609000 0.231239
111.649000 0.200485
112.659000 0.312879
113.669000 0.275517
114.679000 0.282289
115.680000 0.304759
116.689000 0.229693
117.699000 0.280935
118.700000 0.302026
119.709000 0.270367
120.710000 0.279361
121.719000 0.288785
122.739000 0.254039
123.749000 0.268745
124.750000 0.297926
125.758000 0.259778
126.759000 0.258861
127.819000 0.290913
128.820000 0.326625
129.829000 0.281213
130.838000 0.271722
131.839000 0.304759
132.840000 0.269794
133.849000 0.255453
134.859000 0.273600
135.869000 0.247072
136.878000 0.251386
137.879000 0.265127
138.880000 0.245195
139.889000 0.290704
140.890000 0.343025
141.899000 0.296127
142.919000 0.270133
143.968000 0.273098
144.969000 0.248727
145.978000 0.232404
146.989000 0.265211
147.999000 0.234883
149.006000 0.268187
150.009000 0.301424
151.018000 0.277146
152.128000 0.186609
153.138000 0.138154
154.158000 0.127412
155.362000 0.013619
156.368000 0.282083
157.398000 0.232427
158.400000 0.182148
159.408000 0.137071
160.438000 0.121414
161.448000 0.189624
162.468000 0.196369
163.469000 0.214561
164.478000 0.150494
165.479000 0.145431
166.488000 0.257602
167.498000 0.247073
168.499000 0.245195
169.508000 0.280650
170.518000 0.222693
171.528000 0.232966
172.548000 0.140039
173.561000 0.129643
174.568000 0.131774
175.588000 0.130652
176.598000 0.121901
177.608000 0.131382
178.618000 0.106210
179.638000 0.096565
180.658000 0.077788
181.668000 0.088040
182.678000 0.085331
183.710000 0.054899
184.718000 0.066500
185.738000 0.073765
186.748000 0.124610
187.758000 0.119754
188.779000 0.150065
189.788000 0.168119
190.798000 0.134653
191.808000 0.167952
192.849000 0.151670
193.858000 0.214216
194.868000 0.207794
195.878000 0.268182
196.879000 0.232895
197.888000 0.254890
198.897000 0.191730
199.898000 0.189962
200.908000 0.121109
201.917000 0.119310
202.947000 0.075705
203.988000 0.057821
204.997000 0.052876
206.048000 0.046097
207.068000 0.112659
208.077000 0.096262
209.098000 0.108529
210.108000 0.106210
211.117000 0.147782
212.128000 0.132605
213.147000 0.128094
214.148000 0.151696
215.158000 0.157117
216.168000 0.127881
217.198000 0.139456
218.207000 0.100329
219.277000 0.097697
220.297000 0.093974
221.323000 0.096000
222.327000 0.095378
223.337000 0.093457
224.348000 0.072277
225.357000 0.084059
226.367000 0.088040
227.378000 0.105543
228.387000 0.088690
229.394000 0.116830
230.397000 0.125480
231.417000 0.101929
232.427000 0.095374
233.437000 0.119192
234.447000 0.117838
235.578000 0.112990
236.848000 0.175905
237.857000 0.141003
238.877000 0.140039
239.887000 0.132737
240.897000 0.083976
241.907000 0.074495
242.917000 0.064222
243.937000 0.038894
258.422000 0.000094
259.462000 0.039462
260.472000 0.079913
261.481000 0.086771
262.501000 0.088518
263.531000 0.062975
264.542000 0.093365
265.551000 0.101685
266.561000 0.119192
267.571000 0.082622
268.581000 0.026297
269.591000 0.033861
270.621000 0.030548
273.523000 0.004243
274.543000 0.087176
275.553000 0.108356
276.563000 0.101584
277.573000 0.034424
278.583000 0.070432
279.603000 0.076447
280.633000 0.057111
281.643000 0.082622
282.663000 0.140039
283.673000 0.120547
284.693000 0.075106
285.713000 0.048282
286.733000 0.089859
287.743000 0.058804
288.753000 0.094812
289.754000 0.144863
290.763000 0.140210
291.773000 0.173370
292.783000 0.135446
293.793000 0.115691
294.794000 0.091564
295.803000 0.101685
296.804000 0.120264
297.813000 0.129364
298.823000 0.161180
299.833000 0.172016
300.843000 0.150907
301.853000 0.134091
302.863000 0.136008
303.873000 0.134091
304.883000 0.163889
305.893000 0.154970
306.894000 0.151696
307.903000 0.176254
308.913000 0.144135
309.933000 0.150212
310.938000 0.132036
311.939000 0.126298
312.942000 0.162305
313.973000 0.121296
314.993000 0.122047
316.013000 0.095224
317.033000 0.059012
344.982000 0.000343
345.992000 0.047406
347.399000 0.049990
348.402000 0.057284
350.162000 0.012436
351.662000 0.013689
352.672000 0.039279
353.702000 0.042338
354.722000 0.044424
355.755000 0.082106
356.792000 0.029022
357.812000 0.053647
358.813000 0.029267
359.832000 0.046987
360.842000 0.059596
361.902000 0.037426
367.811000 0.000695
368.829000 0.016126
369.839000 0.077204
370.840000 0.103864
371.869000 0.052400
372.899000 0.074377
373.930000 0.062363
374.931000 0.097031
375.939000 0.133000
376.940000 0.113998
377.950000 0.177434
378.999000 0.134864
380.059000 0.070981
383.714000 0.002246
384.719000 0.336780
385.746000 0.137200
386.789000 0.052272
393.205000 0.002554
394.250000 0.116953
395.259000 0.021463
404.135000 0.000616
405.225000 0.007530
406.365000 0.007200
407.475000 0.012324
408.486000 0.015446
409.535000 0.089983
410.536000 0.039632
411.537000 0.140763
412.545000 0.160706
413.546000 0.222761
414.555000 0.214779
415.566000 0.277389
416.567000 0.234262
417.575000 0.210357
418.585000 0.183414
419.595000 0.148990
420.637000 0.095071
421.645000 0.123500
425.517000 0.016605
426.525000 0.246206
427.526000 0.218693
428.535000 0.214747
429.536000 0.187229
430.571000 0.103096
431.604000 0.033107
432.625000 0.027354
433.691000 0.028233
435.065000 0.022876
436.486000 0.245121
437.497000 0.257092
438.563000 0.140413
439.575000 0.296040
440.634000 0.103879
444.104000 0.004337
445.135000 0.114111
446.144000 0.013558
447.165000 0.020098
450.575000 0.005206
451.844000 0.107034
452.875000 0.035825
453.944000 0.026874
455.034000 0.015061
456.035000 0.038833
457.044000 0.077280
459.685000 0.018117
460.694000 0.086803
461.705000 0.089306
462.716000 0.179173
463.725000 0.253534
464.735000 0.217275
465.744000 0.234553
466.745000 0.157730
467.975000 0.081190
469.014000 0.042133
470.434000 0.014451
471.464000 0.027891
473.026000 0.021019
474.164000 0.047381
475.205000 0.052565
476.234000 0.030577
479.334000 0.000883
480.344000 0.063659
488.685000 0.004760
489.695000 0.058210
490.705000 0.071786
491.706000 0.115365
492.716000 0.293917
493.725000 0.298838
494.726000 0.254761
495.735000 0.294208
496.736000 0.231528
497.746000 0.218067
498.755000 0.184951
499.756000 0.317625
500.757000 0.334026
501.765000 0.375929
502.776000 0.249535
503.785000 0.259520
504.795000 0.318859
505.825000 0.370555
506.826000 0.334026
507.835000 0.339512
508.836000 0.344959
509.845000 0.351715
510.855000 0.358139
511.856000 0.340859
512.857000 0.326625
513.865000 0.343921
514.875000 0.348657
515.876000 0.349059
516.885000 0.331378
517.886000 0.317059
518.895000 0.229693
519.896000 0.216496
520.897000 0.243261
527.713000 0.002404
529.651000 0.065957
530.653000 0.210251
531.661000 0.309992
532.671000 0.309378
533.672000 0.373091
534.673000 0.299860
535.682000 0.294771
536.683000 0.342226
537.685000 0.315944
538.691000 0.348119
539.692000 0.301227
540.693000 0.252028
541.711000 0.292951
542.712000 0.235628
543.721000 0.263588
544.730000 0.109820
545.731000 0.083365
546.751000 0.101929
547.761000 0.114337
548.770000 0.153205
549.781000 0.138018
550.791000 0.108919
551.801000 0.142218
552.821000 0.168988
553.823000 0.167130
554.830000 0.173887
555.841000 0.145345
556.850000 0.132868
557.851000 0.109331
558.871000 0.125286
559.891000 0.159600
560.911000 0.158259
561.921000 0.121109
562.930000 0.123378
563.950000 0.105953
564.961000 0.090659
565.990000 0.096272
567.000000 0.107002
568.001000 0.084731
569.161000 0.038917
570.180000 0.046987
571.340000 0.045303
572.350000 0.102939
573.351000 0.144863
574.360000 0.116599
575.362000 0.115250
576.370000 0.112643
577.390000 0.107294
578.400000 0.104293
579.401000 0.105798
580.410000 0.126089
581.411000 0.125730
582.420000 0.144278
583.421000 0.109331
584.430000 0.116599
585.445000 0.098948
586.455000 0.075850
587.460000 0.103451
588.470000 0.165244
589.490000 0.154792
590.510000 0.160941
591.520000 0.145489
603.703000 0.010330
604.733000 0.051798
605.743000 0.120547
606.773000 0.104149
607.783000 0.112420
608.793000 0.131382
609.803000 0.140863
610.813000 0.146844
611.814000 0.161263
612.823000 0.144278
613.833000 0.131382
615.137000 0.012564
616.273000 0.145739
617.284000 0.076333
618.303000 0.142304
619.333000 0.128831
620.334000 0.155000
621.343000 0.203370
622.344000 0.183696
623.352000 0.161500
624.373000 0.095130
625.374000 0.103864
626.392000 0.090593
627.412000 0.100588
628.422000 0.094812
629.423000 0.151696
630.432000 0.079199
631.433000 0.095664
632.454000 0.097810
633.462000 0.069214
634.472000 0.065014
635.502000 0.093522
636.503000 0.090198
637.513000 0.077204
676.059000 0.000355
677.069000 0.112420
678.089000 0.110533
679.099000 0.186915
680.109000 0.184768
681.119000 0.190978
682.139000 0.156133
683.149000 0.123255
684.160000 0.158315
685.179000 0.156287
686.189000 0.155762
687.198000 0.127445
688.379000 0.052125
689.396000 0.058399
690.408000 0.124364
691.409000 0.135297
692.420000 0.143989
693.429000 0.181677
694.453000 0.184359
695.459000 0.159669
696.468000 0.169475
697.478000 0.092665
698.479000 0.079265
699.480000 0.039632
700.608000 0.012128
701.639000 0.110130
702.648000 0.070501
703.720000 0.078373
704.739000 0.120824
705.959000 0.001121
707.028000 0.024314
708.045000 0.037664
712.258000 0.002598
786.881000 0.000092
787.891000 0.048792
788.892000 0.080599
790.091000 0.060944
791.101000 0.124610
792.112000 0.117721
793.121000 0.120666
794.141000 0.090413
795.156000 0.103779
796.161000 0.126591
797.221000 0.120561
798.232000 0.156961
799.242000 0.176079
800.261000 0.118696
801.272000 0.064950
802.301000 0.061155
803.311000 0.065014
804.341000 0.083674
805.421000 0.044333
806.447000 0.022667
807.635000 0.012003
808.651000 0.028276
809.671000 0.099247
810.681000 0.144927
811.741000 0.121849
812.811000 0.056254
814.231000 0.008670
815.251000 0.122047
816.260000 0.074569
817.261000 0.053299
818.290000 0.059825
819.291000 0.033367
820.311000 0.053647
821.341000 0.055783
822.410000 0.033272
823.440000 0.030577
824.480000 0.038146
825.481000 0.088863
826.491000 0.095343
827.501000 0.125964
828.511000 0.153053
829.521000 0.148198
830.534000 0.143147
831.541000 0.108679
832.551000 0.102939
833.561000 0.061513
834.581000 0.104612
835.582000 0.150330
836.752000 0.097532
837.761000 0.131512
838.821000 0.070981
839.830000 0.069146
840.840000 0.078558
841.860000 0.059569
843.399000 0.036444
844.411000 0.044609
845.420000 0.035251
853.542000 0.002021
854.543000 0.200895
855.545000 0.180782
856.552000 0.279055
857.563000 0.301745
858.573000 0.266036
859.582000 0.255453
860.583000 0.293826
861.584000 0.227429
862.592000 0.256500
863.593000 0.219229
864.603000 0.255200
865.612000 0.311833
866.613000 0.303960
867.623000 0.328341
868.625000 0.335058
869.632000 0.313017
870.633000 0.374458
871.643000 0.337822
872.645000 0.335058
873.652000 0.306224
874.662000 0.238384
875.663000 0.088032
876.684000 0.100490
877.692000 0.052929
878.702000 0.062305
879.723000 0.089771
880.732000 0.053439
881.742000 0.083976
882.772000 0.098379
883.782000 0.077204
884.811000 0.094391
885.822000 0.081749
886.853000 0.114111
887.855000 0.181581
888.862000 0.308941
889.863000 0.265694
890.943000 0.280459
891.953000 0.289853
892.962000 0.252741
893.972000 0.278226
894.973000 0.334825
895.982000 0.290704
896.983000 0.297127
898.002000 0.314701
899.003000 0.326625
900.012000 0.264944
901.013000 0.267061
902.022000 0.291497
903.032000 0.243010
904.041000 0.228337
905.042000 0.209095
906.043000 0.185063
907.051000 0.153357
908.071000 0.059012
909.145000 0.056045
910.212000 0.303507
911.221000 0.105752
912.241000 0.119365
913.246000 0.023705
914.261000 0.258774
915.262000 0.170030
916.275000 0.171506
917.342000 0.182591
918.344000 0.262394
919.352000 0.227206
920.371000 0.182579
921.403000 0.135760
922.412000 0.200658
923.421000 0.218846
924.422000 0.261027
925.442000 0.266110
926.492000 0.261112
927.499000 0.293726
928.512000 0.249042
929.521000 0.192523
930.542000 0.119804
931.561000 0.193319
932.571000 0.207794
933.572000 0.352591
934.592000 0.241969
935.611000 0.169154
936.612000 0.118098
937.623000 0.162374
938.632000 0.151056
939.651000 0.273868
940.661000 0.201022
941.662000 0.196795
942.671000 0.235116
943.832000 0.251466
944.851000 0.221511
945.861000 0.184768
946.862000 0.187229
947.965000 0.014854
948.971000 0.420787
949.981000 0.237592
950.982000 0.276060
951.991000 0.203933
953.001000 0.195042
954.011000 0.182059
955.021000 0.166598
956.031000 0.169860
957.051000 0.162282
958.061000 0.059596
959.101000 0.035515
960.111000 0.088040
961.112000 0.176872
962.121000 0.242688
963.131000 0.199667
964.132000 0.220028
965.140000 0.191921
966.141000 0.202262
967.142000 0.165930
968.151000 0.267655
969.152000 0.265127
970.153000 0.280727
971.161000 0.247000
972.170000 0.132075
973.180000 0.093457
974.190000 0.079913
975.290000 0.108713
976.291000 0.169463
977.300000 0.211504
978.301000 0.211029
979.302000 0.231528
980.311000 0.237265
981.312000 0.272527
982.320000 0.279571
983.331000 0.265773
984.332000 0.271161
985.341000 0.269804
986.343000 0.161669
987.350000 0.221434
988.351000 0.191896
989.361000 0.193687
990.362000 0.202829
991.370000 0.211714
992.371000 0.190529
993.372000 0.203628
994.381000 0.205288
995.404000 0.243378
996.410000 0.195022
997.480000 0.230662
998.482000 0.292168
999.483000 0.280727
1000.500000 0.335496
1001.501000 0.316260
1002.510000 0.313189
1003.511000 0.257495
1005.290000 0.136427
1006.301000 0.235442
1007.310000 0.170038
1008.311000 0.256927
1009.321000 0.234883
1010.330000 0.260313
1011.332000 0.228567
1012.341000 0.260876
1013.350000 0.268448
1014.352000 0.240854
1015.360000 0.328992
1016.371000 0.315276
1017.372000 0.201463
1018.380000 0.249714
1019.382000 0.277717
1020.390000 0.278778
1021.392000 0.214347
1022.400000 0.186492
1023.401000 0.269794
1024.410000 0.275227
1025.411000 0.282094
1026.412000 0.280727
1027.420000 0.310786
1028.443000 0.322831
1029.450000 0.443432
1030.451000 0.409191
1031.460000 0.297483
1032.461000 0.329926
1033.462000 0.388691
1034.470000 0.349349
1035.471000 0.306126
1036.472000 0.264328
1037.491000 0.393908
1038.492000 0.347692
1039.501000 0.290704
1040.510000 0.325391
1041.511000 0.306693
1042.520000 0.202577
1043.521000 0.265127
1044.530000 0.294771
1045.531000 0.321726
1046.532000 0.323093
1047.540000 0.275500
1048.541000 0.249295
1049.550000 0.324599
1050.552000 0.391034
1051.561000 0.371489
1052.570000 0.231049
1053.590000 0.227216
1054.591000 0.295193
1055.600000 0.269011
1056.601000 0.405091
1057.602000 0.396872
1058.609000 0.239677
1059.610000 0.330725
1060.620000 0.287708
1061.621000 0.305327
1062.623000 0.358267
1063.710000 0.311374
1064.711000 0.384024
1065.721000 0.341885
1066.722000 0.314893
1067.730000 0.314063
1068.731000 0.395524
1069.740000 0.439841
1070.741000 0.342226
1071.742000 0.338126
1072.750000 0.321643
1073.760000 0.279580
1074.761000 0.364092
1075.762000 0.444723
1076.764000 0.360998
1077.770000 0.397635
1078.771000 0.407827
1079.780000 0.420860
1080.781000 0.498022
1081.783000 0.463393
1082.790000 0.477394
1083.791000 0.350425
1084.792000 0.410557
1085.800000 0.433492
1086.801000 0.350426
1087.810000 0.380186
1088.811000 0.413291
1089.820000 0.289348
1090.830000 0.312087
1091.859000 0.348867
1092.860000 0.407257
1093.861000 0.344959
1094.862000 0.349059
1095.869000 0.365998
1096.870000 0.344959
1097.871000 0.405091
1098.872000 0.437890
1099.879000 0.435281
1100.881000 0.434723
1101.889000 0.347992
1102.899000 0.321568
1103.900000 0.346326
1104.929000 0.348867
1105.930000 0.314326
1106.931000 0.282094
1107.939000 0.324921
1108.940000 0.329926
1109.989000 0.365689
1110.990000 0.358058
1111.991000 0.347692
1112.999000 0.303206
1114.000000 0.332659
1115.001000 0.308060
1116.009000 0.359643
1117.010000 0.370925
1118.019000 0.358494
1119.029000 0.287707
1120.030000 0.414657
1121.031000 0.418757
1122.039000 0.441635
1123.040000 0.357259
1124.049000 0.289348
1125.050000 0.312959
1126.051000 0.351792
1127.059000 0.399563
1128.060000 0.321726
1129.061000 0.302593
1130.089000 0.294646
1131.168000 0.378343
1132.169000 0.437890
1133.279000 0.343128
1134.289000 0.350804
1135.290000 0.361359
1136.291000 0.361359
1137.299000 0.357492
1138.300000 0.355892
1139.301000 0.355892
1140.302000 0.325826
1141.349000 0.372921
1142.437000 0.376471
1143.449000 0.390664
1144.450000 0.403724
1145.459000 0.319175
1146.460000 0.268428
1147.461000 0.258861
1148.469000 0.290429
1149.470000 0.353159
1150.479000 0.399167
1151.489000 0.332404
1152.498000 0.321887
1153.499000 0.296559
1154.509000 0.340531
1155.519000 0.324277
1156.520000 0.283462
1157.528000 0.334421
1158.529000 0.295193
1159.539000 0.314796
1160.540000 0.346326
1161.548000 0.233992
1162.549000 0.382657
1163.561000 0.429971
1164.629000 0.384484
1165.630000 0.393590
1166.680000 0.407573
1167.682000 0.592320
1168.688000 0.483308
1169.689000 0.411924
1170.690000 0.485722
1171.729000 0.459269
1172.948000 0.336029
1173.949000 0.359425
1175.009000 0.433411
1176.010000 0.543121
1177.012000 0.474315
1178.013000 0.428324
1179.019000 0.494187
1180.099000 0.476052
1181.109000 0.516610
1182.110000 0.593686
1183.159000 0.497945
1184.160000 0.528088
1185.169000 0.582200
1186.568000 0.372392
1187.569000 0.555421
1188.570000 0.626486
1189.580000 0.541552
1190.589000 0.613384
1191.591000 0.526762
1192.592000 0.615552
1193.688000 0.550233
1194.689000 0.549954
1195.699000 0.558598
1196.749000 0.500076
1197.750000 0.585487
1198.759000 0.599826
1199.760000 0.498589
1200.762000 0.560327
1201.768000 0.544501
1202.779000 0.486892
1203.780000 0.523988
1204.782000 0.472950
1205.788000 0.520024
1206.848000 0.482453
1207.849000 0.523988
1208.850000 0.496655
1209.857000 0.486904
1210.858000 0.420125
1211.859000 0.472056
1212.868000 0.330022
1213.869000 0.334026
1214.870000 0.314893
1215.879000 0.336801
1216.880000 0.355325
1217.898000 0.368762
1218.899000 0.351792
1219.900000 0.316260
1220.908000 0.387349
1221.918000 0.396063
1222.919000 0.387325
1223.920000 0.424224
1224.921000 0.354525
1225.922000 0.405091
1226.927000 0.445676
1227.928000 0.470689
1228.929000 0.551321
1229.938000 0.471588
1230.939000 0.463856
1231.940000 0.484356
1232.948000 0.556992
1233.988000 0.500938
1235.018000 0.396727
1236.019000 0.347125
1237.020000 0.362725
1238.022000 0.382842
1239.027000 0.335419
1240.028000 0.344959
1241.029000 0.317626
1242.038000 0.303699
1243.039000 0.305327
1244.040000 0.370925
1245.048000 0.398206
1246.059000 0.365903
1247.060000 0.410557
1248.067000 0.394526
1249.068000 0.417391
1250.078000 0.389291
1251.079000 0.372292
1252.080000 0.461123
1253.081000 0.562254
1254.088000 0.500488
1255.089000 0.379125
1256.090000 0.385958
1257.091000 0.340859
1258.097000 0.321487
1259.098000 0.321726
1260.099000 0.351792
1261.178000 0.330165
1262.187000 0.348440
1263.188000 0.318993
1264.189000 0.385958
1265.190000 0.448823
1266.347000 0.468017
1267.401000 0.388615
1268.428000 0.561340
1269.429000 0.574553
1270.432000 0.488048
1271.445000 0.535337
1272.447000 0.427896
1273.448000 0.384591
1274.462000 0.386407
1275.467000 0.407562
1276.469000 0.462028
1277.483000 0.517270
1278.518000 0.520541
1279.520000 0.505717
1280.521000 0.463856
1281.528000 0.435281
1282.529000 0.351792
1283.537000 0.376492
1284.538000 0.417391
1285.540000 0.410148
1286.541000 0.391425
1287.547000 0.345964
1288.597000 0.369250
1289.598000 0.400424
1290.599000 0.299860
1291.600000 0.398258
1292.607000 0.375507
1293.608000 0.298494
1294.617000 0.297483
1295.618000 0.355325
1296.627000 0.327310
1297.628000 0.310793
1298.637000 0.300194
1299.647000 0.318859
1300.717000 0.370019
1301.727000 0.375184
1302.728000 0.377758
1303.738000 0.320214
1304.746000 0.314063
1305.747000 0.327193
1306.757000 0.390646
1307.758000 0.390058
1308.759000 0.407824
1309.767000 0.414492
1310.768000 0.391425
1311.769000 0.433790
1312.787000 0.399670
1313.807000 0.341216
1314.808000 0.362158
1315.817000 0.344936
1316.818000 0.308060
1317.820000 0.329597
1318.827000 0.330677
1319.946000 0.325698
1320.947000 0.338925
1321.957000 0.286352
1322.958000 0.391425
1323.966000 0.460635
1324.967000 0.478889
1325.968000 0.421491
1327.027000 0.455781
1328.036000 0.404591
1329.037000 0.405890
1330.038000 0.376392
1331.040000 0.335058
1332.046000 0.366362
1333.048000 0.345979
1334.056000 0.295063
1335.147000 0.300202
1336.148000 0.343025
1337.156000 0.328992
1338.167000 0.375375
1339.168000 0.350426
1340.169000 0.332659
1341.176000 0.310300
1342.177000 0.340292
1343.186000 0.290704
1344.187000 0.293027
1345.216000 0.289042
1346.218000 0.338587
1347.219000 0.302593
1348.226000 0.308941
1349.227000 0.320360
1350.228000 0.356691
1351.237000 0.338157
1352.238000 0.303960
