0.000000 0.189689
1.003000 0.329854
2.069000 0.049081
3.109000 0.151952
4.268000 0.115236
5.398000 0.143250
6.555000 0.136045
7.758000 0.145306
8.759000 0.170369
9.909000 0.139756
10.969000 0.182509
11.979000 0.175715
13.118000 0.126924
14.198000 0.145319
15.218000 0.174902
16.398000 0.126617
17.399000 0.155167
18.428000 0.176275
19.588000 0.136226
20.748000 0.125703
21.750000 0.183339
22.978000 0.130857
23.979000 0.163623
25.139000 0.131860
26.358000 0.145563
27.359000 0.138300
28.578000 0.141021
29.579000 0.179511
30.758000 0.134183
31.768000 0.169734
32.788000 0.097367
33.797000 0.096843
34.808000 0.115954
35.818000 0.117754
36.827000 0.133122
37.828000 0.179064
38.838000 0.104344
39.928000 0.136841
40.978000 0.156059
42.198000 0.140690
43.208000 0.136017
44.428000 0.094525
45.438000 0.106315
46.456000 0.121847
47.487000 0.105901
48.488000 0.084490
49.537000 0.106445
50.553000 0.124552
51.558000 0.119065
53.178000 0.060395
54.197000 0.082559
55.207000 0.098953
56.428000 0.072010
57.447000 0.092559
58.448000 0.091571
59.537000 0.106999
60.557000 0.126520
61.567000 0.150726
62.568000 0.118988
63.587000 0.115472
64.588000 0.180996
65.597000 0.163568
66.677000 0.094692
67.678000 0.151993
68.679000 0.122043
69.699000 0.139583
70.717000 0.102449
71.767000 0.115297
72.949000 0.124931
74.077000 0.126210
75.097000 0.138162
76.098000 0.130740
77.237000 0.153857
78.337000 0.160065
79.397000 0.132625
80.398000 0.148963
81.407000 0.143986
82.552000 0.137274
83.768000 0.149438
84.769000 0.183855
85.777000 0.122880
86.787000 0.121946
87.797000 0.135431
88.798000 0.165458
90.027000 0.136307
91.028000 0.161305
92.037000 0.110446
93.038000 0.137061
94.047000 0.154802
95.057000 0.158283
96.058000 0.138024
97.257000 0.136393
98.258000 0.169311
99.267000 0.165258
100.277000 0.143392
101.287000 0.136407
102.477000 0.102886
103.567000 0.119294
104.666000 0.112500
105.677000 0.107621
106.846000 0.106587
107.857000 0.123793
109.137000 0.063302
110.157000 0.076959
111.167000 0.115319
112.177000 0.119944
113.186000 0.086683
114.189000 0.107346
115.197000 0.106576
116.267000 0.100339
117.268000 0.150699
118.347000 0.125792
119.466000 0.139651
120.497000 0.113986
121.507000 0.136318
122.517000 0.096140
123.526000 0.130456
124.607000 0.135994
125.727000 0.146236
126.736000 0.135225
127.846000 0.133245
128.967000 0.144879
130.106000 0.141245
131.246000 0.131281
132.256000 0.122261
133.257000 0.069592
134.265000 0.116991
135.266000 0.081650
136.267000 0.105396
137.276000 0.106058
138.286000 0.103947
139.296000 0.124711
140.316000 0.151374
141.446000 0.113754
142.447000 0.135169
143.448000 0.135484
144.456000 0.139025
145.586000 0.114518
146.607000 0.125502
147.616000 0.096279
148.665000 0.066127
149.666000 0.071058
150.686000 0.048412
151.699000 0.042496
152.756000 0.049909
153.986000 0.045994
155.056000 0.056700
156.086000 0.035860
157.145000 0.020669
158.146000 0.060530
159.167000 0.063690
160.176000 0.107709
161.186000 0.096439
162.196000 0.116352
163.207000 0.103376
164.216000 0.136977
165.226000 0.105498
166.236000 0.116568
167.356000 0.127162
168.387000 0.130000
169.436000 0.119009
170.437000 0.153319
171.447000 0.121747
172.496000 0.112714
173.586000 0.130918
174.636000 0.066092
175.656000 0.117345
176.657000 0.128423
177.666000 0.140343
178.876000 0.107041
179.877000 0.121060
181.087000 0.147615
182.096000 0.162374
183.105000 0.160709
184.256000 0.119766
185.306000 0.117613
186.315000 0.114278
187.346000 0.116170
188.357000 0.122912
189.367000 0.132675
190.396000 0.106442
191.415000 0.122391
192.516000 0.101487
193.525000 0.098133
194.551000 0.088616
195.555000 0.080012
196.557000 0.063416
197.565000 0.062026
198.645000 0.044081
199.775000 0.058642
200.790000 0.076974
201.966000 0.086406
202.985000 0.057937
204.025000 0.023445
205.035000 0.025735
206.055000 0.041628
207.266000 0.060914
208.285000 0.109558
209.405000 0.055631
210.547000 0.056602
211.604000 0.069467
212.686000 0.076395
213.895000 0.069830
215.055000 0.084876
216.065000 0.097408
217.075000 0.085449
218.095000 0.080895
219.155000 0.032385
220.164000 0.068077
221.167000 0.099064
222.325000 0.070964
223.335000 0.091271
224.355000 0.086788
225.366000 0.084136
226.375000 0.093662
227.395000 0.092418
228.566000 0.079684
229.574000 0.107299
230.575000 0.102386
231.576000 0.092461
232.585000 0.105626
233.726000 0.079219
234.735000 0.106965
236.295000 0.048660
237.334000 0.062670
238.574000 0.051966
239.754000 0.081087
240.764000 0.075013
241.794000 0.061412
242.945000 0.063800
243.954000 0.070501
245.095000 0.058731
246.115000 0.062149
247.124000 0.064759
248.264000 0.054985
249.334000 0.064797
250.535000 0.060925
251.764000 0.056975
252.774000 0.054178
253.794000 0.056538
254.804000 0.071509
255.814000 0.076344
256.834000 0.102032
258.254000 0.061894
259.264000 0.065832
260.274000 0.070421
261.284000 0.068954
262.304000 0.061972
263.334000 0.047814
264.384000 0.033674
265.394000 0.033222
266.404000 0.054644
267.444000 0.031569
268.904000 0.011222
269.934000 0.019095
271.004000 0.020456
272.014000 0.039833
273.194000 0.052619
274.224000 0.054454
275.254000 0.045157
276.264000 0.033479
277.274000 0.055365
278.354000 0.054306
279.364000 0.051469
280.374000 0.021464
281.594000 0.012334
282.644000 0.009120
284.184000 0.007867
285.204000 0.033529
286.234000 0.006641
287.261000 0.028071
288.324000 0.034058
289.545000 0.053168
290.824000 0.062772
292.025000 0.076370
293.034000 0.100329
294.134000 0.051514
295.144000 0.088412
296.154000 0.054178
297.184000 0.037739
298.203000 0.061755
299.205000 0.061545
300.394000 0.066023
301.424000 0.078361
302.470000 0.041077
303.583000 0.034399
304.593000 0.058242
305.594000 0.071878
306.634000 0.047465
307.653000 0.050269
308.664000 0.064521
309.693000 0.062161
310.724000 0.057324
311.873000 0.050627
312.894000 0.054934
313.897000 0.044078
314.914000 0.039020
315.923000 0.033895
318.494000 0.010115
319.504000 0.052571
320.545000 0.063536
321.553000 0.052460
322.563000 0.043257
323.566000 0.083215
324.743000 0.099825
325.744000 0.128774
326.754000 0.109726
327.894000 0.118717
328.903000 0.131041
329.913000 0.120236
330.924000 0.092686
331.953000 0.068691
332.973000 0.060544
333.993000 0.064884
335.010000 0.060282
336.013000 0.070824
337.053000 0.068300
338.843000 0.012228
339.943000 0.051606
340.973000 0.027891
341.993000 0.025482
343.497000 0.010894
344.933000 0.025132
345.983000 0.013029
347.243000 0.027900
348.446000 0.023880
349.453000 0.027170
350.464000 0.014569
351.493000 0.023918
352.576000 0.024000
353.613000 0.016512
354.672000 0.025836
355.703000 0.026537
356.723000 0.022296
357.744000 0.014738
358.764000 0.022800
359.773000 0.025611
360.793000 0.050965
361.813000 0.025950
362.823000 0.031152
363.882000 0.020313
364.893000 0.032475
365.943000 0.031269
366.973000 0.020161
367.983000 0.044697
369.072000 0.022269
370.133000 0.028392
371.184000 0.020470
372.203000 0.030877
373.222000 0.018795
374.258000 0.011782
375.302000 0.026207
376.303000 0.044578
377.333000 0.041181
378.336000 0.042281
379.343000 0.052847
380.352000 0.055032
381.372000 0.044880
382.373000 0.050565
383.402000 0.034891
384.432000 0.036867
385.460000 0.049237
386.462000 0.069433
387.463000 0.083627
388.472000 0.067168
389.482000 0.070024
390.492000 0.078278
391.512000 0.075411
392.533000 0.073565
393.543000 0.085746
394.564000 0.059611
395.612000 0.090404
396.633000 0.106295
397.643000 0.103621
398.812000 0.070110
399.832000 0.090646
400.844000 0.064620
401.852000 0.060100
402.872000 0.066814
403.882000 0.050723
404.892000 0.038777
406.612000 0.026151
408.012000 0.020520
409.143000 0.085132
410.393000 0.111572
411.402000 0.138641
412.422000 0.108817
413.603000 0.114720
414.612000 0.140864
415.613000 0.090022
416.692000 0.116714
417.752000 0.129272
418.903000 0.122268
419.912000 0.141171
420.922000 0.099481
421.963000 0.125274
422.964000 0.123422
424.063000 0.119824
425.203000 0.126264
426.342000 0.129750
427.343000 0.145768
428.344000 0.126961
429.352000 0.126031
430.362000 0.127013
431.372000 0.121280
432.527000 0.092663
433.532000 0.154153
434.539000 0.130283
435.542000 0.160936
436.545000 0.162654
437.547000 0.146828
438.553000 0.150226
439.562000 0.141284
440.570000 0.151063
441.792000 0.127259
442.802000 0.156458
443.804000 0.160015
445.002000 0.128149
446.012000 0.173680
447.013000 0.169962
448.232000 0.141961
449.242000 0.157030
450.243000 0.173406
451.252000 0.158664
452.253000 0.123054
453.472000 0.127773
454.483000 0.147110
455.503000 0.112671
456.652000 0.117202
457.672000 0.122214
458.682000 0.091389
459.772000 0.102689
460.823000 0.119491
461.852000 0.063853
462.854000 0.110046
463.902000 0.137728
464.912000 0.145021
465.913000 0.166286
466.923000 0.166604
468.032000 0.140326
469.052000 0.169534
470.142000 0.120415
471.143000 0.141629
472.152000 0.178088
473.172000 0.174637
474.301000 0.124325
475.302000 0.168768
476.431000 0.119661
477.432000 0.158791
478.443000 0.157500
479.451000 0.137649
480.452000 0.092887
481.453000 0.159318
482.544000 0.146229
483.612000 0.153086
484.622000 0.161410
485.631000 0.174680
486.811000 0.119885
487.822000 0.172664
488.825000 0.146623
489.832000 0.160482
490.902000 0.133064
492.031000 0.122483
493.071000 0.139016
494.151000 0.154152
495.261000 0.144261
496.271000 0.129669
497.282000 0.122550
498.471000 0.150072
499.601000 0.167267
500.602000 0.128140
501.611000 0.114986
502.851000 0.095270
503.931000 0.120997
505.061000 0.113348
506.062000 0.125096
507.171000 0.063556
508.361000 0.052047
509.531000 0.016369
510.543000 0.104939
511.551000 0.073005
512.554000 0.110079
513.561000 0.078861
514.570000 0.103121
515.571000 0.097155
516.880000 0.068782
518.071000 0.057291
519.081000 0.078941
520.091000 0.078469
521.101000 0.083992
522.111000 0.091375
523.141000 0.036294
524.171000 0.063331
525.300000 0.106698
526.311000 0.126427
527.331000 0.089318
528.771000 0.076572
529.772000 0.138843
530.791000 0.076604
531.870000 0.069271
532.940000 0.063358
533.941000 0.071840
534.944000 0.107023
535.960000 0.071717
536.970000 0.062522
538.200000 0.042140
539.410000 0.057455
540.411000 0.123313
541.420000 0.123920
542.470000 0.058629
543.481000 0.059937
544.650000 0.096432
545.681000 0.132254
546.740000 0.078789
547.750000 0.098635
548.780000 0.095645
549.810000 0.035729
550.830000 0.043345
551.840000 0.067994
552.841000 0.074772
553.850000 0.090749
554.890000 0.051617
555.921000 0.051051
556.930000 0.014688
557.950000 0.042918
558.960000 0.033124
559.970000 0.069574
561.000000 0.085250
562.009000 0.066434
563.010000 0.065691
564.040000 0.094375
565.070000 0.052847
566.090000 0.063649
567.100000 0.100127
568.120000 0.097402
569.140000 0.072867
570.150000 0.078383
571.160000 0.064565
572.180000 0.036212
573.190000 0.074161
574.209000 0.074204
575.210000 0.058209
576.230000 0.072424
577.250000 0.029791
578.290000 0.027623
579.329000 0.026333
580.339000 0.031941
581.379000 0.042092
582.389000 0.025483
583.400000 0.036534
584.480000 0.027705
585.489000 0.048809
586.529000 0.031184
587.530000 0.061499
588.630000 0.070987
589.631000 0.132744
590.840000 0.161299
591.841000 0.219677
593.020000 0.112711
594.030000 0.173544
595.260000 0.127033
596.300000 0.163087
597.302000 0.174530
598.310000 0.143252
599.490000 0.140930
600.500000 0.169376
601.550000 0.097398
602.553000 0.154650
603.560000 0.166131
604.561000 0.204210
605.680000 0.115464
606.681000 0.163579
607.689000 0.159954
608.690000 0.137610
609.699000 0.162842
610.801000 0.109391
612.020000 0.128524
613.210000 0.129325
614.419000 0.120781
615.420000 0.154666
616.469000 0.110903
617.700000 0.136763
618.820000 0.149395
619.830000 0.171059
620.840000 0.149479
622.019000 0.201806
623.069000 0.207080
624.280000 0.137966
625.289000 0.175127
626.459000 0.122791
627.590000 0.161776
628.600000 0.199716
629.610000 0.175961
630.619000 0.191762
631.699000 0.122556
632.700000 0.186889
633.939000 0.140940
634.949000 0.161833
635.960000 0.146048
636.979000 0.141775
637.981000 0.109139
638.989000 0.151342
640.120000 0.121996
641.129000 0.165752
642.360000 0.103976
643.361000 0.158798
644.459000 0.118015
645.460000 0.158269
646.469000 0.151652
647.479000 0.130947
648.689000 0.131849
649.699000 0.186144
650.729000 0.086409
651.799000 0.125563
652.809000 0.189447
653.919000 0.153905
654.920000 0.185454
655.938000 0.138392
657.020000 0.161316
658.199000 0.178811
659.209000 0.181930
660.219000 0.113219
661.229000 0.111386
662.239000 0.178653
663.240000 0.143023
664.249000 0.138242
665.279000 0.101910
666.439000 0.149638
667.539000 0.151479
668.541000 0.164319
669.549000 0.171154
670.553000 0.142215
671.579000 0.145331
672.589000 0.207938
673.748000 0.117905
674.759000 0.160260
675.760000 0.117817
676.880000 0.141357
677.889000 0.164564
679.049000 0.119726
680.059000 0.170338
681.168000 0.120852
682.348000 0.136962
683.358000 0.145472
684.438000 0.068221
685.468000 0.064294
686.568000 0.060555
687.598000 0.050470
688.628000 0.020248
689.668000 0.032885
690.708000 0.019201
691.739000 0.027864
692.788000 0.025733
693.798000 0.028444
694.888000 0.032526
695.918000 0.043829
696.928000 0.066856
698.018000 0.077234
699.048000 0.078266
700.058000 0.084198
701.078000 0.054533
702.228000 0.042301
703.238000 0.052824
704.248000 0.061723
705.268000 0.082506
706.288000 0.075572
707.299000 0.071976
708.318000 0.073194
709.348000 0.047208
710.368000 0.052306
711.398000 0.029845
712.417000 0.032220
713.418000 0.032799
714.437000 0.022623
715.477000 0.027623
716.487000 0.019677
717.499000 0.018925
718.537000 0.028994
719.578000 0.021579
720.700000 0.029288
721.707000 0.064424
722.708000 0.075475
723.717000 0.057583
724.734000 0.084959
725.738000 0.097872
726.748000 0.081271
727.898000 0.084963
729.097000 0.058139
730.187000 0.026356
731.287000 0.014924
732.347000 0.009034
734.118000 0.002317
735.148000 0.025834
736.168000 0.016094
737.198000 0.025235
738.228000 0.017266
739.287000 0.015295
740.317000 0.023907
742.658000 0.002922
743.707000 0.006520
745.087000 0.020513
746.127000 0.031569
747.137000 0.027089
748.157000 0.027096
749.387000 0.047998
750.677000 0.057801
751.699000 0.036141
752.737000 0.032948
753.738000 0.046120
754.763000 0.036117
755.807000 0.041931
756.847000 0.024992
757.907000 0.010202
759.037000 0.016949
760.047000 0.028444
761.077000 0.016423
776.380000 0.000983
777.401000 0.073632
778.541000 0.176939
779.691000 0.178138
780.760000 0.186495
781.762000 0.203639
782.763000 0.239626
783.902000 0.196739
784.910000 0.256433
785.911000 0.222284
787.030000 0.189975
788.161000 0.191343
789.301000 0.202432
790.310000 0.194330
791.381000 0.183768
792.512000 0.198864
793.560000 0.219988
794.600000 0.206171
795.601000 0.230565
796.790000 0.202869
797.800000 0.184153
798.810000 0.171517
799.950000 0.127482
800.960000 0.132396
801.962000 0.137811
802.970000 0.118736
803.990000 0.167117
805.180000 0.146942
806.330000 0.160195
807.340000 0.176209
808.350000 0.158268
809.360000 0.135169
810.370000 0.135526
811.380000 0.124398
812.381000 0.147038
813.390000 0.158105
814.400000 0.150729
815.410000 0.131435
816.419000 0.082253
817.420000 0.105635
818.430000 0.177955
819.440000 0.117410
820.441000 0.139272
821.449000 0.123919
822.589000 0.103833
823.590000 0.149665
824.601000 0.144930
825.602000 0.178052
826.690000 0.231664
827.691000 0.272745
828.850000 0.219255
829.851000 0.267671
831.020000 0.201396
832.190000 0.246891
833.191000 0.239318
834.193000 0.241574
835.340000 0.198451
836.360000 0.237411
837.379000 0.151765
838.381000 0.197047
839.382000 0.226664
840.389000 0.186328
841.390000 0.222581
842.421000 0.215224
843.540000 0.207614
844.580000 0.203960
845.730000 0.235958
846.820000 0.228320
847.829000 0.252220
848.960000 0.217468
849.969000 0.285795
851.141000 0.216648
852.142000 0.169842
853.219000 0.170447
854.400000 0.166997
855.419000 0.218152
856.420000 0.273172
857.550000 0.201425
858.554000 0.232130
859.690000 0.234600
860.849000 0.225633
861.850000 0.250571
862.860000 0.194817
863.875000 0.186235
864.961000 0.271176
866.010000 0.290350
867.011000 0.268054
868.020000 0.254494
869.022000 0.221181
870.220000 0.225443
871.229000 0.223036
872.269000 0.201504
873.270000 0.185500
874.280000 0.156324
875.439000 0.119111
876.481000 0.174921
877.519000 0.148064
878.520000 0.162291
879.529000 0.173765
880.530000 0.170055
881.540000 0.193330
882.544000 0.159431
883.549000 0.183408
884.638000 0.141748
885.649000 0.153473
886.659000 0.128752
887.669000 0.139226
888.839000 0.099112
889.979000 0.123957
890.988000 0.085043
892.039000 0.105751
893.248000 0.116575
894.274000 0.165513
895.409000 0.117562
896.519000 0.143413
897.528000 0.122180
898.529000 0.113754
899.549000 0.110923
900.550000 0.073643
901.558000 0.075904
902.568000 0.075494
903.578000 0.109746
904.588000 0.113988
905.589000 0.157077
906.598000 0.129912
907.633000 0.126539
908.648000 0.112287
909.649000 0.149960
910.658000 0.159035
911.808000 0.130290
912.818000 0.150338
913.859000 0.148850
914.868000 0.180603
916.039000 0.115853
917.049000 0.143403
918.058000 0.115459
919.059000 0.144051
920.199000 0.132812
921.208000 0.152166
922.209000 0.115263
923.348000 0.095879
924.358000 0.109877
925.398000 0.077159
926.399000 0.044189
927.408000 0.030352
929.790000 0.008040
930.808000 0.138589
931.818000 0.144973
933.278000 0.046584
934.689000 0.031994
935.710000 0.096914
936.739000 0.128629
937.898000 0.137562
938.918000 0.133976
940.038000 0.086310
941.039000 0.135535
942.048000 0.128312
943.239000 0.132817
944.408000 0.199234
945.419000 0.201404
946.518000 0.140751
947.708000 0.147374
948.738000 0.102913
949.768000 0.152750
950.919000 0.126627
952.047000 0.129191
953.157000 0.120522
954.188000 0.124504
955.308000 0.120533
956.319000 0.146764
957.338000 0.122153
958.347000 0.087116
959.357000 0.074757
960.417000 0.079337
961.427000 0.077938
962.478000 0.079151
963.487000 0.114748
964.488000 0.083580
965.737000 0.089841
966.868000 0.115099
967.878000 0.168597
968.888000 0.125000
969.907000 0.130277
970.928000 0.069490
972.287000 0.004026
973.297000 0.074208
974.307000 0.104353
975.348000 0.094402
976.357000 0.071905
977.358000 0.098951
978.368000 0.114605
979.377000 0.097788
980.387000 0.103481
981.407000 0.085703
982.437000 0.060456
983.577000 0.032678
984.587000 0.055533
985.588000 0.106963
986.589000 0.158486
987.608000 0.161974
988.628000 0.158048
989.637000 0.147456
990.818000 0.132445
991.827000 0.103373
992.867000 0.125367
993.878000 0.156798
994.968000 0.204732
996.078000 0.205785
997.098000 0.204877
998.107000 0.139153
999.108000 0.197191
1000.207000 0.137942
1001.208000 0.200983
1002.347000 0.161356
1003.357000 0.180073
1004.368000 0.138579
1005.377000 0.175096
1006.387000 0.145604
1007.397000 0.124974
1008.538000 0.129413
1009.547000 0.122993
1010.551000 0.143387
1011.627000 0.149596
1012.637000 0.190716
1013.648000 0.158913
1014.818000 0.166465
1015.826000 0.158317
1016.838000 0.125368
1017.967000 0.091368
1018.977000 0.127486
1019.987000 0.111656
1020.997000 0.139573
1022.007000 0.130029
1023.017000 0.140454
1024.038000 0.143704
1025.047000 0.176499
1026.057000 0.153266
1027.066000 0.141086
1028.177000 0.130119
1029.337000 0.154760
1030.346000 0.144343
1031.347000 0.154776
1032.356000 0.145532
1033.357000 0.131182
1034.367000 0.117796
1035.487000 0.131041
1036.506000 0.095680
1037.516000 0.102030
1038.517000 0.065329
1039.536000 0.039835
1040.616000 0.034200
1041.636000 0.034578
1042.746000 0.136639
1043.747000 0.184216
1044.895000 0.119383
1045.947000 0.124983
1046.958000 0.128952
1047.966000 0.144088
1048.967000 0.136146
1049.977000 0.115893
1050.986000 0.109488
1051.998000 0.060233
1053.006000 0.067241
1054.026000 0.114901
1055.076000 0.102586
1056.077000 0.092275
1057.087000 0.097418
1058.097000 0.122361
1059.117000 0.134313
1060.136000 0.080595
1061.357000 0.035614
1062.666000 0.034487
1063.686000 0.096733
1064.687000 0.162209
1065.786000 0.151913
1066.906000 0.143654
1067.918000 0.120985
1068.926000 0.093175
1069.937000 0.142901
1071.136000 0.122008
1072.157000 0.112090
1073.166000 0.068771
1074.186000 0.083598
1075.196000 0.090379
1076.216000 0.076815
1077.226000 0.083822
1078.246000 0.071178
1079.256000 0.078572
1080.276000 0.081761
1082.086000 0.008314
1083.096000 0.093644
1084.116000 0.102617
1085.136000 0.082468
1086.376000 0.096534
1087.377000 0.010933
1088.496000 0.097945
1089.497000 0.144077
1090.666000 0.117322
1091.676000 0.150604
1092.677000 0.135548
1093.686000 0.153587
1094.700000 0.144281
1095.705000 0.144361
1096.717000 0.138806
1097.726000 0.137398
1098.826000 0.161045
1099.837000 0.172428
1100.896000 0.125484
1102.076000 0.168204
1103.086000 0.159523
1104.096000 0.138647
1105.165000 0.114674
1106.166000 0.145088
1107.186000 0.141927
1108.295000 0.105507
1109.336000 0.110785
1110.345000 0.090261
1111.356000 0.089853
1112.376000 0.089322
1113.566000 0.076112
1114.576000 0.110678
1115.586000 0.087363
1116.595000 0.068459
1117.615000 0.067361
1118.616000 0.072867
1119.625000 0.110128
1120.626000 0.135103
1121.646000 0.147057
1122.647000 0.142886
1123.656000 0.152507
1124.665000 0.147814
1125.775000 0.111980
1126.805000 0.160165
1127.815000 0.148147
1128.816000 0.142330
1129.825000 0.084183
1130.826000 0.116457
1131.836000 0.128659
1132.995000 0.118321
1133.997000 0.138293
1135.046000 0.140114
1136.047000 0.158170
1137.055000 0.149211
1138.106000 0.150707
1139.125000 0.145605
1140.136000 0.162866
1141.156000 0.142648
1142.245000 0.136738
1143.255000 0.148161
1144.276000 0.135789
1145.277000 0.139940
1146.295000 0.131840
1147.325000 0.128593
1148.385000 0.127490
1149.445000 0.134447
1150.615000 0.129432
1151.616000 0.152996
1152.617000 0.169225
1153.785000 0.125176
1154.876000 0.124567
1155.877000 0.150158
1156.895000 0.125294
1157.916000 0.069724
1159.036000 0.104393
1160.045000 0.125698
1161.205000 0.114997
1162.216000 0.145630
1163.285000 0.126626
1164.295000 0.117951
1165.305000 0.131111
1166.315000 0.141586
1167.316000 0.136886
1168.325000 0.134575
1169.334000 0.120378
1170.345000 0.143340
1171.346000 0.135085
1172.555000 0.112352
1173.556000 0.139260
1174.565000 0.146822
1175.575000 0.120707
1176.774000 0.100566
1177.775000 0.122770
1178.945000 0.113865
1180.035000 0.130867
1181.055000 0.140563
1182.065000 0.129178
1183.075000 0.139407
1184.076000 0.115634
1185.185000 0.108811
1186.195000 0.147203
1187.196000 0.120501
1188.205000 0.131071
1189.395000 0.112707
1190.405000 0.147036
1191.555000 0.141177
1192.574000 0.131707
1193.584000 0.079321
1194.604000 0.085416
1195.614000 0.092968
1196.704000 0.067411
1197.714000 0.078551
1198.724000 0.080942
1199.734000 0.092708
1200.744000 0.070046
1201.764000 0.095773
1202.904000 0.097250
1203.915000 0.127669
1204.925000 0.114803
1205.934000 0.099039
1206.935000 0.126927
1207.945000 0.121472
1208.946000 0.129163
1209.955000 0.116660
1211.115000 0.133704
1212.254000 0.137552
1213.334000 0.129106
1214.335000 0.152161
1215.344000 0.123381
1216.395000 0.121916
1217.404000 0.145189
1218.414000 0.128954
1219.424000 0.151920
1220.444000 0.135420
1221.504000 0.099319
1222.514000 0.090847
1223.564000 0.113390
1224.624000 0.148569
1225.625000 0.156925
1226.644000 0.144726
1227.804000 0.130394
1228.944000 0.135626
1229.974000 0.143435
1231.114000 0.126043
1231.876000 0.150278
