0.000000 0.108240
2.908000 0.005634
3.911000 0.291315
4.919000 0.092286
5.939000 0.063820
6.950000 0.093869
7.959000 0.091037
8.980000 0.085005
10.089000 0.101976
11.090000 0.114588
12.100000 0.136924
13.109000 0.110959
14.120000 0.105420
15.129000 0.106650
16.150000 0.141508
17.170000 0.122209
18.180000 0.118215
19.190000 0.150345
20.203000 0.105281
21.210000 0.069283
22.219000 0.105219
23.220000 0.075215
24.320000 0.090365
25.439000 0.100535
26.559000 0.106255
27.569000 0.121901
28.599000 0.087475
29.869000 0.120105
30.989000 0.136265
32.149000 0.138084
33.340000 0.136846
34.349000 0.158628
35.350000 0.132161
36.370000 0.117822
37.371000 0.157163
38.380000 0.106106
39.400000 0.101142
40.409000 0.122143
41.412000 0.080471
42.419000 0.064577
43.420000 0.087465
44.429000 0.109750
45.449000 0.114112
46.479000 0.079705
47.480000 0.098398
48.489000 0.072354
49.490000 0.158529
50.789000 0.207903
51.800000 0.165412
52.809000 0.163396
53.810000 0.191296
54.831000 0.163793
55.839000 0.169813
56.850000 0.154188
57.859000 0.207437
58.870000 0.184708
59.890000 0.170904
60.909000 0.201374
61.920000 0.157950
62.929000 0.166599
63.939000 0.179005
64.949000 0.212650
65.959000 0.104238
67.031000 0.158780
68.260000 0.175736
69.269000 0.233197
70.270000 0.195271
71.279000 0.199443
72.300000 0.193285
73.320000 0.191350
74.329000 0.187735
75.450000 0.201233
76.620000 0.205716
77.949000 0.190671
78.951000 0.268958
79.960000 0.186463
80.980000 0.205063
81.981000 0.195873
82.989000 0.191068
84.040000 0.199990
85.290000 0.194656
86.460000 0.180280
87.480000 0.218612
88.490000 0.163892
89.510000 0.197153
90.520000 0.152086
91.559000 0.155301
92.570000 0.193496
93.590000 0.144772
94.709000 0.118584
95.719000 0.157250
96.899000 0.160292
97.911000 0.205674
98.920000 0.145165
99.921000 0.187229
100.939000 0.136516
101.949000 0.178788
102.960000 0.131558
103.969000 0.200658
104.979000 0.136122
105.989000 0.148640
106.999000 0.169307
108.010000 0.101303
109.020000 0.123255
110.039000 0.144989
111.049000 0.068821
112.249000 0.137827
113.260000 0.204320
114.270000 0.159003
115.279000 0.238620
116.449000 0.149606
117.460000 0.171334
118.470000 0.165244
119.479000 0.134354
120.490000 0.137937
121.499000 0.141433
122.679000 0.136008
123.689000 0.123255
124.709000 0.107417
125.719000 0.188269
126.809000 0.084316
127.819000 0.143572
128.830000 0.158315
129.839000 0.106473
130.849000 0.146281
131.859000 0.116001
132.879000 0.143506
133.889000 0.116243
134.890000 0.136663
135.899000 0.111529
137.119000 0.133445
138.130000 0.120427
139.159000 0.102367
140.259000 0.053476
141.270000 0.066303
142.279000 0.149011
143.290000 0.154430
144.300000 0.211295
145.310000 0.046268
146.319000 0.163765
147.330000 0.162360
148.539000 0.177451
149.540000 0.271960
150.549000 0.203135
151.639000 0.197919
152.659000 0.233365
153.670000 0.165301
154.799000 0.185957
155.810000 0.246267
156.959000 0.182156
157.970000 0.196962
158.979000 0.268448
159.980000 0.169824
160.989000 0.188745
161.990000 0.176162
163.011000 0.171396
164.029000 0.188134
165.031000 0.150540
166.039000 0.202214
167.050000 0.152348
168.063000 0.190413
169.070000 0.195623
170.079000 0.130669
171.089000 0.157117
172.099000 0.147636
173.109000 0.089394
174.129000 0.076569
175.139000 0.077204
176.159000 0.054344
177.169000 0.063659
178.179000 0.071786
179.189000 0.096589
180.210000 0.095130
182.838000 0.021641
183.857000 0.210949
184.859000 0.122860
185.879000 0.123913
186.894000 0.172516
187.911000 0.071043
188.918000 0.066632
189.928000 0.070432
190.939000 0.043055
191.949000 0.127319
192.970000 0.127267
193.979000 0.131443
194.999000 0.151553
196.010000 0.105673
197.412000 0.076531
206.037000 0.001586
207.349000 0.139720
208.459000 0.044368
209.468000 0.009837
210.509000 0.021026
211.530000 0.020098
212.599000 0.019196
214.574000 0.008307
215.789000 0.002252
217.089000 0.043931
218.148000 0.040045
219.189000 0.031840
220.229000 0.043408
221.249000 0.039323
222.259000 0.065956
223.290000 0.053747
224.308000 0.055096
225.319000 0.031337
226.349000 0.039845
227.359000 0.023997
228.389000 0.031876
229.409000 0.029506
230.438000 0.021782
231.449000 0.060950
232.529000 0.025251
233.568000 0.036866
234.578000 0.036570
235.579000 0.055720
236.588000 0.064539
237.609000 0.047177
238.619000 0.021671
239.669000 0.014369
240.728000 0.008815
241.998000 0.023716
243.048000 0.019543
244.079000 0.006830
245.088000 0.009491
246.128000 0.023677
247.468000 0.021851
248.499000 0.061036
249.539000 0.027356
250.589000 0.031269
251.608000 0.033562
252.628000 0.029374
253.629000 0.047832
254.758000 0.026652
255.788000 0.046485
256.829000 0.030225
257.858000 0.018346
258.908000 0.026057
259.919000 0.025709
261.068000 0.026233
262.098000 0.030548
263.140000 0.027570
264.158000 0.030908
265.178000 0.019489
266.199000 0.045555
267.268000 0.026708
268.288000 0.042918
269.299000 0.041503
270.628000 0.049028
271.849000 0.059832
272.878000 0.058496
273.899000 0.046021
274.909000 0.060465
276.019000 0.039217
277.028000 0.084396
278.039000 0.107548
279.269000 0.068928
280.288000 0.092878
281.298000 0.058035
282.309000 0.038185
283.328000 0.034905
284.438000 0.022482
285.439000 0.051932
286.478000 0.047838
287.488000 0.087982
288.518000 0.054017
289.538000 0.027531
290.578000 0.044723
291.598000 0.041576
296.911000 0.000191
297.918000 0.041873
298.928000 0.028444
299.938000 0.020955
300.988000 0.010192
302.108000 0.014657
303.118000 0.027089
304.308000 0.012290
305.368000 0.023230
306.378000 0.023026
307.388000 0.014899
308.788000 0.012024
310.279000 0.003670
311.478000 0.037169
312.668000 0.049441
313.918000 0.026266
314.929000 0.043242
315.968000 0.032916
317.069000 0.020512
318.228000 0.016525
319.229000 0.030066
320.238000 0.025760
321.258000 0.016604
322.398000 0.013200
323.428000 0.023907
324.438000 0.025735
325.478000 0.014872
326.508000 0.031876
327.588000 0.030400
328.618000 0.018041
329.658000 0.027623
330.708000 0.013029
332.528000 0.010142
333.656000 0.052603
334.718000 0.053238
335.758000 0.048716
336.788000 0.019099
341.664000 0.006166
342.778000 0.014108
343.898000 0.012214
345.068000 0.007015
346.158000 0.012550
347.214000 0.014250
348.218000 0.021361
349.248000 0.031876
350.268000 0.028643
351.318000 0.032571
352.338000 0.026563
353.348000 0.046097
354.368000 0.025812
355.518000 0.033214
356.528000 0.027089
357.587000 0.032295
358.698000 0.012876
360.058000 0.016094
361.088000 0.032284
362.108000 0.040541
363.139000 0.042460
364.148000 0.029394
365.418000 0.031238
366.468000 0.022671
367.488000 0.032188
368.568000 0.019000
369.708000 0.001785
371.318000 0.044044
372.718000 0.050220
373.728000 0.081784
374.729000 0.130022
375.748000 0.114423
376.749000 0.124313
377.750000 0.157887
378.758000 0.154468
379.769000 0.158917
380.788000 0.164182
381.789000 0.172292
382.790000 0.171639
383.958000 0.193621
384.959000 0.164554
385.968000 0.173763
386.978000 0.160058
387.979000 0.156612
388.988000 0.134587
390.008000 0.153391
391.009000 0.152555
392.018000 0.167621
393.028000 0.179412
394.199000 0.189397
395.208000 0.246755
396.210000 0.208090
397.218000 0.291786
398.219000 0.216156
399.229000 0.202431
400.230000 0.214888
401.248000 0.192267
402.249000 0.239161
403.250000 0.198094
404.258000 0.217115
405.368000 0.222732
406.369000 0.262394
407.378000 0.203056
408.379000 0.276060
409.388000 0.232583
410.390000 0.320838
411.399000 0.238748
412.408000 0.253534
413.413000 0.249813
414.418000 0.264552
415.419000 0.296559
416.428000 0.249626
417.431000 0.203051
418.438000 0.242071
419.538000 0.249316
420.718000 0.244741
421.818000 0.269735
422.819000 0.306126
423.828000 0.202630
424.838000 0.173902
425.948000 0.183089
426.957000 0.214216
427.958000 0.178115
429.168000 0.161672
430.178000 0.204523
431.188000 0.165256
432.189000 0.192695
433.208000 0.139604
434.217000 0.103041
435.218000 0.095664
436.823000 0.010208
437.829000 0.386720
438.830000 0.239818
439.838000 0.262441
440.847000 0.252523
441.849000 0.258871
442.859000 0.251604
444.028000 0.274200
445.038000 0.302044
446.049000 0.163821
447.058000 0.294208
448.158000 0.242725
449.168000 0.287145
450.179000 0.226564
451.180000 0.233588
452.189000 0.309122
453.209000 0.245496
454.219000 0.310170
455.267000 0.219652
456.268000 0.273327
457.269000 0.240083
458.278000 0.232280
459.279000 0.252318
460.288000 0.277562
461.289000 0.213693
462.338000 0.210022
463.479000 0.212292
464.608000 0.221702
465.618000 0.276309
466.626000 0.206407
467.638000 0.209615
468.648000 0.257347
469.649000 0.194805
470.658000 0.217246
471.728000 0.194021
472.738000 0.227549
473.749000 0.201025
474.758000 0.184154
475.923000 0.163753
476.928000 0.181039
478.077000 0.088104
479.097000 0.069287
480.107000 0.074495
483.448000 0.001228
484.458000 0.267743
485.468000 0.167952
486.488000 0.152002
487.688000 0.156823
488.697000 0.164052
489.708000 0.151549
490.787000 0.105771
491.797000 0.166598
492.867000 0.110774
493.868000 0.133930
494.887000 0.075180
495.898000 0.067287
496.928000 0.087658
498.047000 0.093249
499.048000 0.147596
500.067000 0.090970
501.088000 0.095130
502.117000 0.057147
503.127000 0.132737
504.128000 0.142862
505.138000 0.154787
506.169000 0.168464
507.197000 0.094841
508.227000 0.074377
509.277000 0.061437
510.297000 0.033529
511.307000 0.060950
512.317000 0.063606
513.318000 0.136663
514.337000 0.084577
515.357000 0.055250
516.377000 0.038894
517.388000 0.051418
518.408000 0.043327
519.428000 0.061694
520.437000 0.048832
521.477000 0.068400
522.527000 0.040389
523.557000 0.029783
524.567000 0.070432
525.568000 0.051091
526.577000 0.050165
527.587000 0.084349
528.597000 0.049747
529.607000 0.117838
530.647000 0.069567
531.658000 0.049880
532.748000 0.038906
533.857000 0.039234
534.877000 0.045600
535.897000 0.053227
536.907000 0.067487
537.958000 0.088891
538.967000 0.086024
539.987000 0.100028
540.997000 0.101208
541.999000 0.197799
543.077000 0.226125
544.107000 0.207268
545.117000 0.111065
546.147000 0.082714
547.157000 0.078558
548.177000 0.050205
549.207000 0.054454
550.208000 0.069926
551.287000 0.122947
552.288000 0.079265
553.307000 0.053659
554.327000 0.079129
555.337000 0.084795
556.347000 0.069646
557.377000 0.076990
558.387000 0.089394
559.827000 0.030980
560.837000 0.074495
561.887000 0.111299
562.907000 0.124729
563.911000 0.065482
564.947000 0.108810
565.948000 0.161935
566.957000 0.072104
567.967000 0.072775
568.976000 0.117499
569.977000 0.147815
570.988000 0.099159
572.027000 0.052245
573.046000 0.041617
574.307000 0.067922
575.317000 0.164731
576.328000 0.244714
577.337000 0.208880
578.350000 0.237805
579.417000 0.209579
580.477000 0.228790
581.517000 0.199795
582.647000 0.186011
583.657000 0.217165
584.658000 0.188293
585.667000 0.183448
586.668000 0.163662
587.677000 0.216426
588.688000 0.210037
589.697000 0.142759
590.957000 0.170637
591.968000 0.247620
592.977000 0.165110
594.037000 0.199118
595.047000 0.268182
596.278000 0.171747
597.609000 0.030858
598.817000 0.288110
599.827000 0.154408
600.888000 0.156253
601.946000 0.168091
602.947000 0.182194
603.977000 0.219791
605.057000 0.231481
606.068000 0.230522
607.077000 0.185536
608.087000 0.221359
609.127000 0.207928
610.128000 0.297926
611.136000 0.230889
612.148000 0.285225
613.168000 0.241091
614.227000 0.258675
615.237000 0.329133
616.257000 0.208603
617.266000 0.258957
618.267000 0.198905
619.277000 0.249220
620.297000 0.187976
621.307000 0.257347
622.328000 0.215139
623.337000 0.273871
624.338000 0.206003
625.347000 0.268448
626.357000 0.226494
627.368000 0.267917
628.369000 0.198158
629.377000 0.263286
630.527000 0.217333
631.537000 0.285790
632.538000 0.307493
633.547000 0.249982
634.556000 0.302157
635.627000 0.263052
636.787000 0.248145
637.916000 0.252435
638.927000 0.334550
639.928000 0.246013
640.937000 0.234533
641.938000 0.340292
642.957000 0.232975
643.967000 0.233238
644.976000 0.283362
645.986000 0.229546
646.988000 0.205047
647.989000 0.232328
648.996000 0.210755
649.997000 0.248727
651.007000 0.205378
652.008000 0.216100
653.016000 0.280929
654.017000 0.194753
655.027000 0.225090
656.037000 0.284718
657.048000 0.271548
658.056000 0.268295
659.066000 0.185560
660.067000 0.147034
661.076000 0.200658
662.077000 0.150200
663.086000 0.197946
664.097000 0.147430
665.226000 0.166898
666.236000 0.222131
667.246000 0.161251
668.266000 0.203859
669.267000 0.146230
670.276000 0.055016
671.286000 0.055533
672.306000 0.046987
673.316000 0.040634
674.356000 0.028938
675.376000 0.032188
676.406000 0.033204
677.416000 0.040674
678.426000 0.067723
679.436000 0.080330
680.946000 0.092003
681.956000 0.136800
682.966000 0.093548
684.046000 0.092656
685.066000 0.104612
686.086000 0.084643
687.096000 0.117838
688.106000 0.127568
689.136000 0.168463
690.146000 0.184206
691.156000 0.133296
692.166000 0.113881
693.186000 0.130423
694.376000 0.093133
695.409000 0.064891
696.416000 0.070642
697.446000 0.048035
698.452000 0.038076
699.476000 0.034734
700.526000 0.044297
701.536000 0.046051
702.556000 0.040235
703.565000 0.050165
704.576000 0.077465
705.666000 0.083850
706.676000 0.107002
707.696000 0.073783
708.706000 0.068765
709.716000 0.072141
710.726000 0.079549
711.736000 0.090391
712.766000 0.047814
713.806000 0.028966
715.756000 0.012628
717.016000 0.020043
718.027000 0.027062
719.296000 0.019404
720.306000 0.020317
721.346000 0.011429
722.375000 0.025259
770.056000 0.000316
771.386000 0.035020
772.437000 0.151537
773.438000 0.199104
774.447000 0.216199
775.647000 0.178969
776.667000 0.249855
777.677000 0.218767
778.678000 0.255252
779.697000 0.254753
780.816000 0.142621
781.836000 0.189730
782.837000 0.191329
783.846000 0.177161
784.847000 0.225786
785.857000 0.221673
786.866000 0.213078
787.867000 0.247090
788.877000 0.227142
789.878000 0.228376
790.886000 0.224438
791.966000 0.206877
792.976000 0.245156
793.986000 0.220588
794.987000 0.258294
795.997000 0.206069
797.006000 0.248111
798.017000 0.240855
799.026000 0.228720
800.027000 0.296559
801.036000 0.260313
802.037000 0.214977
803.046000 0.283362
804.056000 0.231165
805.058000 0.260723
806.066000 0.278327
807.146000 0.259310
808.156000 0.307461
809.157000 0.216081
810.166000 0.249467
811.187000 0.185746
812.195000 0.210357
813.197000 0.196395
814.199000 0.363162
815.206000 0.320969
816.207000 0.412376
817.208000 0.519541
818.318000 0.413007
819.320000 0.571047
820.457000 0.460991
821.458000 0.565221
822.468000 0.500246
823.469000 0.441062
824.476000 0.574124
825.488000 0.406067
827.411000 0.270874
828.419000 0.852857
829.420000 0.557586
830.426000 0.487008
831.437000 0.510868
832.438000 0.606785
833.446000 0.401884
834.467000 0.391447
835.469000 0.249851
836.486000 0.278442
837.496000 0.250021
838.497000 0.396324
839.507000 0.521465
840.509000 0.544079
841.647000 0.527732
842.657000 0.651493
843.658000 0.255384
844.659000 0.662817
845.661000 0.532162
846.666000 0.522162
847.667000 0.635485
848.668000 0.532649
849.669000 0.505529
850.677000 0.543893
851.687000 0.566124
852.697000 0.684000
853.949000 0.127829
854.950000 0.849788
855.957000 0.624906
856.965000 0.490294
857.966000 0.546231
858.967000 0.526316
859.986000 0.529670
860.997000 0.519596
862.006000 0.450332
863.007000 0.476910
864.008000 0.432771
865.026000 0.419269
866.027000 0.373536
867.036000 0.391642
868.037000 0.409990
873.552000 0.001288
874.946000 0.002770
875.986000 0.276997
876.996000 0.335075
878.005000 0.321643
879.006000 0.198229
880.016000 0.252171
881.026000 0.287145
882.036000 0.196528
883.157000 0.211413
884.165000 0.294500
885.166000 0.233631
886.206000 0.227562
887.225000 0.064440
888.396000 0.051402
889.399000 0.178271
890.405000 0.239332
891.406000 0.210080
892.415000 0.298276
893.416000 0.277548
894.426000 0.269537
895.445000 0.170362
896.446000 0.295193
897.455000 0.184805
898.615000 0.174096
899.616000 0.271960
900.625000 0.267939
901.635000 0.281292
902.645000 0.227588
903.676000 0.124847
904.855000 0.011603
905.875000 0.054988
906.955000 0.027867
907.975000 0.087176
908.995000 0.160387
910.005000 0.214253
911.065000 0.161853
912.085000 0.223976
913.095000 0.135830
914.215000 0.128750
915.216000 0.203628
916.225000 0.116904
917.235000 0.163889
918.237000 0.129246
919.245000 0.143632
920.256000 0.177258
921.266000 0.148661
922.275000 0.117337
923.277000 0.176120
924.285000 0.154343
925.286000 0.234860
926.295000 0.226673
927.305000 0.209403
928.306000 0.163996
929.315000 0.182896
930.325000 0.258268
931.335000 0.285790
932.345000 0.225220
933.355000 0.244029
934.366000 0.249029
935.375000 0.256635
936.475000 0.243194
937.476000 0.312959
938.477000 0.239338
939.485000 0.225690
940.495000 0.232280
941.515000 0.224141
942.525000 0.141987
943.536000 0.140041
944.545000 0.185744
945.556000 0.166888
946.565000 0.130157
947.585000 0.098404
948.596000 0.070362
949.805000 0.126501
950.815000 0.082622
951.836000 0.081732
952.855000 0.052683
953.865000 0.136800
954.875000 0.116094
955.885000 0.117838
956.895000 0.108482
957.907000 0.124364
958.934000 0.070598
960.265000 0.002056
961.275000 0.119192
962.295000 0.103272
963.315000 0.081812
964.356000 0.067020
965.375000 0.071152
966.384000 0.070862
967.388000 0.113092
968.395000 0.086943
969.425000 0.053432
970.445000 0.063035
971.475000 0.073126
972.484000 0.080170
973.494000 0.063659
974.534000 0.048779
975.555000 0.049575
976.565000 0.069751
977.574000 0.166574
978.575000 0.193635
979.585000 0.197918
980.594000 0.164472
981.595000 0.182398
982.605000 0.186924
983.614000 0.182985
984.725000 0.156728
985.735000 0.172016
986.744000 0.155917
987.745000 0.170046
988.765000 0.185323
989.766000 0.225495
990.785000 0.213340
991.795000 0.210934
992.796000 0.241090
993.934000 0.194592
994.936000 0.277150
995.945000 0.281341
996.955000 0.264069
998.185000 0.205721
999.195000 0.223485
1000.205000 0.201048
1001.215000 0.292562
1002.216000 0.229612
1003.225000 0.258957
1004.245000 0.148382
1005.270000 0.202864
1006.276000 0.089649
1007.284000 0.135849
1008.295000 0.154255
1009.305000 0.098875
1010.316000 0.188465
1011.375000 0.112081
1012.384000 0.093643
1013.404000 0.067059
1014.454000 0.044096
1015.474000 0.064376
1016.476000 0.054611
1017.484000 0.067857
1018.494000 0.055533
1019.898000 0.011678
1020.904000 0.112061
1021.908000 0.094185
1022.914000 0.106068
1023.964000 0.067146
1024.994000 0.066408
1025.996000 0.069629
1027.004000 0.059120
1028.015000 0.081187
1029.034000 0.073700
1030.035000 0.061848
1031.044000 0.089483
1032.055000 0.116651
1033.065000 0.130030
1034.074000 0.090981
1035.075000 0.057399
1036.084000 0.036801
1037.265000 0.088544
1038.435000 0.116573
1039.514000 0.128078
1040.524000 0.134593
1041.534000 0.155048
1042.544000 0.154399
1043.754000 0.115279
1044.756000 0.173389
1045.764000 0.162405
1046.765000 0.159532
1047.775000 0.143943
1048.784000 0.140867
1049.804000 0.136516
1050.825000 0.178838
1051.835000 0.152542
1052.844000 0.157273
1053.864000 0.076968
1054.875000 0.106896
1055.884000 0.081809
1056.894000 0.161180
1057.909000 0.136157
1058.924000 0.147053
1060.304000 0.048574
1061.344000 0.058753
1062.355000 0.124487
1063.544000 0.102908
1064.555000 0.117721
1065.564000 0.135705
1066.574000 0.173370
1067.584000 0.151688
1068.604000 0.140622
1069.614000 0.163528
1070.615000 0.170701
1071.624000 0.157836
1072.806000 0.153429
1073.984000 0.140486
1075.194000 0.146392
1076.204000 0.178788
1077.214000 0.129192
1078.244000 0.125681
1079.254000 0.153053
1080.624000 0.099287
1081.635000 0.128546
1082.644000 0.155917
1083.654000 0.120227
1084.664000 0.108356
1085.675000 0.089152
1086.695000 0.182400
1087.704000 0.136778
1088.715000 0.197555
1089.723000 0.145275
1090.744000 0.130424
1091.755000 0.192142
1092.764000 0.176031
1093.774000 0.152378
1094.775000 0.129700
1095.784000 0.169643
1096.795000 0.144806
1097.804000 0.148167
1098.824000 0.133796
1099.835000 0.178611
1100.836000 0.114940
1101.844000 0.190000
1102.854000 0.151361
1103.954000 0.144907
1104.955000 0.176296
1105.964000 0.127532
1106.974000 0.136457
1108.144000 0.130073
1109.154000 0.136800
1110.155000 0.151696
1111.164000 0.136082
1112.174000 0.186915
1113.184000 0.139046
1114.195000 0.167786
1115.214000 0.127109
1116.303000 0.131477
1117.304000 0.181762
1118.324000 0.177035
1119.356000 0.079698
1120.364000 0.164214
1121.554000 0.136580
1122.564000 0.178788
1123.604000 0.138875
1124.634000 0.160707
1125.755000 0.130923
1126.764000 0.149138
1127.783000 0.135543
1128.784000 0.161263
1129.794000 0.141905
1130.803000 0.222571
1131.814000 0.108549
1132.843000 0.083755
1133.853000 0.071892
1134.856000 0.159577
1135.873000 0.129920
1136.874000 0.152139
1137.884000 0.216320
1138.893000 0.165167
1139.894000 0.173158
1140.903000 0.174663
1141.909000 0.218934
1142.913000 0.171766
1143.914000 0.170499
1144.916000 0.201041
1145.917000 0.188036
1146.933000 0.226205
1147.934000 0.179723
1148.935000 0.214561
1149.943000 0.185455
1150.954000 0.205877
1151.974000 0.172898
1152.975000 0.186225
1153.984000 0.168980
1154.993000 0.234553
1155.995000 0.237618
1157.003000 0.267310
1158.013000 0.240228
1159.023000 0.227549
1160.024000 0.198332
1161.044000 0.238964
1162.053000 0.191689
1163.073000 0.171936
1164.074000 0.195429
1165.093000 0.148116
1166.114000 0.191600
1167.123000 0.131339
1168.133000 0.180143
1169.153000 0.160941
1170.154000 0.104597
1171.173000 0.182758
1172.183000 0.165275
1173.194000 0.221911
1174.203000 0.160317
1175.213000 0.212650
1176.223000 0.138531
1177.234000 0.171846
1178.235000 0.160773
1179.243000 0.170393
1180.253000 0.208713
1181.263000 0.193944
1182.273000 0.192177
1183.383000 0.183225
1184.393000 0.237030
1185.394000 0.226663
1186.403000 0.194268
1187.413000 0.193494
1188.414000 0.235061
1189.423000 0.160785
1190.427000 0.261610
1191.433000 0.222309
1192.443000 0.239505
1193.573000 0.235530
1194.583000 0.292562
1195.594000 0.240663
1196.604000 0.265950
1197.643000 0.237973
1198.644000 0.280160
1199.653000 0.258423
1200.654000 0.224294
1201.663000 0.204388
1202.853000 0.238729
1203.875000 0.265033
1204.883000 0.221687
1205.893000 0.225489
1206.923000 0.248817
1207.924000 0.255560
1208.943000 0.237757
1209.953000 0.262709
1210.973000 0.231044
1212.143000 0.206168
1213.163000 0.242753
1214.173000 0.188516
1215.183000 0.201814
1216.203000 0.183631
1217.213000 0.231612
1218.223000 0.186626
1219.233000 0.243802
1220.243000 0.210391
1221.253000 0.247865
1222.263000 0.194300
1223.312000 0.231106
1224.314000 0.228228
1225.323000 0.183096
1226.324000 0.213195
1227.343000 0.193250
1228.522000 0.175224
1229.533000 0.212439
1230.543000 0.157956
1231.553000 0.232966
1232.563000 0.221130
1233.564000 0.230090
1234.573000 0.219110
1235.583000 0.249085
1236.593000 0.116243
1237.603000 0.188859
1238.613000 0.233895
1239.722000 0.216880
1240.731000 0.158628
1241.732000 0.154430
1242.733000 0.090151
1243.802000 0.090859
1244.803000 0.215928
1245.813000 0.084256
1246.853000 0.165520
1247.862000 0.180321
1248.874000 0.101159
1249.916000 0.063017
1250.922000 0.072072
1251.942000 0.051469
1252.952000 0.065014
1253.972000 0.081812
1254.982000 0.054462
1255.993000 0.103040
1257.012000 0.134249
1258.013000 0.056835
1259.022000 0.076000
1259.893000 0.065060
