0.000000 0.001079
1.010000 0.115285
2.029000 0.127820
3.033000 0.128080
4.041000 0.109432
5.080000 0.110096
6.193000 0.064093
7.199000 0.071824
8.200000 0.069186
9.219000 0.082144
10.229000 0.060248
11.429000 0.055686
12.439000 0.086809
13.460000 0.081691
14.469000 0.066259
15.480000 0.084682
16.481000 0.085807
17.489000 0.099346
18.490000 0.081361
19.539000 0.067749
20.549000 0.105954
21.579000 0.043594
22.580000 0.046969
23.599000 0.055042
24.629000 0.049850
25.651000 0.035067
38.525000 0.000213
39.645000 0.032479
40.756000 0.058422
41.757000 0.088339
42.806000 0.135268
43.906000 0.163138
44.957000 0.209087
45.996000 0.202690
46.997000 0.219363
47.998000 0.255046
49.097000 0.208773
50.105000 0.223227
51.257000 0.180941
52.456000 0.201681
53.458000 0.215004
54.476000 0.210033
55.485000 0.183061
56.521000 0.183580
57.526000 0.270377
58.626000 0.206708
59.776000 0.217257
60.896000 0.220122
61.926000 0.214752
63.096000 0.174947
64.097000 0.194288
65.196000 0.253129
66.246000 0.221540
67.247000 0.185207
68.446000 0.150737
69.447000 0.245532
70.448000 0.241072
71.646000 0.205980
72.657000 0.273942
73.685000 0.282942
74.686000 0.225491
75.775000 0.197697
76.776000 0.189075
77.787000 0.208823
78.806000 0.251443
79.967000 0.208651
80.976000 0.263149
81.977000 0.205839
82.986000 0.294680
83.987000 0.242846
85.136000 0.253727
86.137000 0.265646
87.285000 0.205192
88.485000 0.218887
89.486000 0.236148
90.492000 0.224558
91.606000 0.227005
92.756000 0.222510
93.766000 0.278029
94.946000 0.180364
96.146000 0.200987
97.325000 0.208775
98.495000 0.205548
99.505000 0.166910
100.536000 0.213727
101.537000 0.220902
102.575000 0.247784
103.714000 0.250406
104.715000 0.252876
105.895000 0.171673
106.897000 0.219627
107.905000 0.202586
108.906000 0.216820
109.907000 0.228226
111.016000 0.211476
112.017000 0.255105
113.019000 0.189945
114.185000 0.167617
115.365000 0.200805
116.576000 0.223236
117.577000 0.239143
118.764000 0.189474
119.766000 0.241289
120.767000 0.190303
121.865000 0.154779
123.026000 0.192927
124.035000 0.226183
125.065000 0.175575
126.075000 0.258364
127.265000 0.200705
128.466000 0.230428
129.467000 0.268457
130.474000 0.175345
131.495000 0.210667
132.535000 0.138435
133.646000 0.170494
134.654000 0.221753
135.656000 0.182096
136.664000 0.212482
137.744000 0.197323
138.745000 0.206051
139.746000 0.211963
140.747000 0.188904
141.755000 0.179754
142.944000 0.158798
144.064000 0.161348
145.084000 0.134170
146.224000 0.172361
147.295000 0.218349
148.304000 0.194409
149.305000 0.188137
150.364000 0.127360
151.365000 0.229274
152.366000 0.248875
153.405000 0.208452
154.425000 0.189023
155.426000 0.260284
156.614000 0.217499
157.625000 0.237162
158.635000 0.263416
159.636000 0.243218
160.755000 0.198225
161.784000 0.222768
162.785000 0.222304
163.954000 0.217203
164.955000 0.248494
165.956000 0.145082
167.234000 0.158768
168.264000 0.149545
169.454000 0.197142
170.455000 0.191474
171.554000 0.226525
172.555000 0.193483
173.564000 0.184327
174.573000 0.234194
175.574000 0.118483
176.653000 0.159006
177.663000 0.098982
178.684000 0.133708
179.685000 0.164791
180.874000 0.160171
181.893000 0.148963
182.894000 0.109352
183.974000 0.106230
185.114000 0.158153
186.115000 0.187160
187.124000 0.141159
188.134000 0.212664
189.244000 0.179421
190.363000 0.176530
191.464000 0.178076
192.465000 0.223775
193.466000 0.188292
194.493000 0.193108
195.604000 0.188224
196.634000 0.204047
197.724000 0.159728
198.773000 0.183222
199.874000 0.180743
200.884000 0.213382
202.044000 0.203690
203.045000 0.190251
204.164000 0.158538
205.165000 0.211604
206.166000 0.153673
207.173000 0.119666
208.234000 0.113806
209.236000 0.116860
210.243000 0.160822
211.244000 0.162911
212.414000 0.201791
213.415000 0.211126
214.494000 0.151962
215.643000 0.175299
216.774000 0.190064
217.775000 0.198773
218.803000 0.158336
219.813000 0.189514
220.814000 0.158830
221.874000 0.193188
222.883000 0.232268
223.963000 0.172552
225.074000 0.146879
226.203000 0.136738
227.404000 0.154676
228.416000 0.217847
229.423000 0.206460
230.603000 0.159171
231.604000 0.192979
232.763000 0.148190
233.764000 0.174160
234.773000 0.152546
235.774000 0.115076
236.803000 0.076463
237.813000 0.051623
238.823000 0.114940
239.964000 0.133498
240.974000 0.132543
242.183000 0.070713
243.203000 0.056329
244.305000 0.019868
245.323000 0.153108
246.334000 0.118365
247.343000 0.126494
248.353000 0.099820
249.363000 0.130078
250.443000 0.116914
251.444000 0.133546
252.453000 0.146438
253.643000 0.099369
254.668000 0.118948
255.763000 0.074300
256.773000 0.081974
257.783000 0.092508
258.913000 0.063923
259.962000 0.052203
260.973000 0.043300
262.082000 0.024182
263.202000 0.070347
264.232000 0.062313
265.242000 0.047406
266.272000 0.034058
267.292000 0.071654
268.313000 0.068341
269.382000 0.068681
270.422000 0.064454
271.442000 0.029251
272.443000 0.069698
273.462000 0.048591
274.482000 0.082679
275.492000 0.080506
276.632000 0.064761
277.642000 0.071940
278.682000 0.072439
279.702000 0.062535
280.712000 0.063993
281.732000 0.055489
282.733000 0.079620
283.734000 0.087121
284.762000 0.080649
285.772000 0.058571
286.782000 0.047190
287.822000 0.057482
288.842000 0.037553
289.862000 0.026257
290.882000 0.056329
291.892000 0.050558
292.912000 0.059983
293.935000 0.055853
295.782000 0.017035
296.813000 0.023149
297.816000 0.045228
298.833000 0.048623
299.836000 0.045009
300.842000 0.040713
301.862000 0.053985
302.942000 0.052138
304.013000 0.060336
305.038000 0.057346
306.221000 0.044472
307.232000 0.031152
308.242000 0.031152
309.262000 0.043398
310.282000 0.082629
311.291000 0.065092
312.292000 0.078672
313.301000 0.103766
314.302000 0.123113
315.382000 0.079185
316.422000 0.088688
317.423000 0.122650
318.432000 0.104178
319.442000 0.088718
320.632000 0.060823
321.642000 0.087486
322.652000 0.079931
323.662000 0.060756
324.671000 0.072732
325.682000 0.072368
326.701000 0.055915
327.711000 0.047406
328.721000 0.031429
329.771000 0.031269
350.464000 0.001256
351.534000 0.012785
352.614000 0.012667
353.776000 0.011773
354.984000 0.008917
356.164000 0.118348
357.263000 0.132798
358.274000 0.155248
359.284000 0.143238
360.294000 0.106767
361.324000 0.079947
362.504000 0.074856
363.514000 0.089666
364.614000 0.079885
365.624000 0.122831
366.834000 0.101973
367.844000 0.128807
369.014000 0.095023
370.017000 0.127801
371.024000 0.108229
372.044000 0.086677
373.084000 0.055951
374.274000 0.055354
375.414000 0.032400
376.424000 0.049264
377.434000 0.104665
378.443000 0.080936
379.454000 0.106527
380.463000 0.104741
381.483000 0.073100
382.503000 0.051044
383.504000 0.058136
384.517000 0.046659
385.523000 0.084820
386.643000 0.065124
387.664000 0.086129
388.667000 0.077653
389.675000 0.070587
390.683000 0.080699
391.694000 0.080276
392.822000 0.079182
393.834000 0.070901
394.843000 0.122611
395.953000 0.074681
397.134000 0.102719
398.153000 0.081159
399.163000 0.065205
400.173000 0.061033
401.243000 0.076246
402.254000 0.068409
403.266000 0.064300
404.273000 0.120183
405.274000 0.100124
406.323000 0.075702
407.363000 0.086578
408.393000 0.035860
409.423000 0.029526
410.443000 0.066028
411.463000 0.100814
412.493000 0.053126
413.503000 0.035616
414.523000 0.048282
415.543000 0.049884
416.583000 0.056837
417.743000 0.042071
418.783000 0.043408
419.793000 0.039603
420.803000 0.059502
421.823000 0.038657
422.833000 0.024380
423.873000 0.024759
424.883000 0.074513
425.893000 0.091969
426.913000 0.070169
427.933000 0.060622
428.963000 0.051417
429.993000 0.042414
431.003000 0.078885
432.033000 0.072117
433.038000 0.074124
434.043000 0.106673
435.083000 0.123982
436.103000 0.115418
437.104000 0.058765
438.143000 0.041856
439.333000 0.040761
440.543000 0.065405
441.553000 0.134937
442.563000 0.138427
443.583000 0.129320
444.844000 0.137631
445.853000 0.122310
447.003000 0.114670
448.013000 0.135272
449.014000 0.101475
450.172000 0.108478
451.213000 0.107947
452.293000 0.139649
453.314000 0.120873
454.322000 0.102699
455.372000 0.118555
456.572000 0.114146
457.643000 0.120692
458.667000 0.109303
459.713000 0.118992
460.762000 0.136550
461.763000 0.145620
462.792000 0.092841
463.813000 0.097446
464.822000 0.109889
465.823000 0.068492
466.842000 0.106917
468.002000 0.075933
469.003000 0.128946
470.012000 0.130140
471.022000 0.160335
472.116000 0.120603
473.133000 0.116617
474.142000 0.132609
475.152000 0.102495
476.153000 0.098498
477.162000 0.058077
478.202000 0.072704
479.212000 0.073344
480.412000 0.070647
481.453000 0.077275
482.462000 0.056762
483.463000 0.096073
484.472000 0.096336
485.482000 0.100796
486.512000 0.078969
487.532000 0.109979
488.533000 0.081365
489.542000 0.060391
490.742000 0.060083
493.372000 0.006762
494.382000 0.088278
495.392000 0.149663
496.393000 0.101280
497.402000 0.087022
498.422000 0.042347
499.452000 0.006641
500.482000 0.024806
501.512000 0.026563
502.571000 0.025836
503.582000 0.024356
515.974000 0.001656
517.394000 0.001927
519.154000 0.001101
520.394000 0.003310
521.795000 0.002929
523.074000 0.003209
524.514000 0.002850
525.774000 0.003257
531.089000 0.003083
532.099000 0.137521
533.100000 0.193987
534.249000 0.053939
535.438000 0.091844
536.448000 0.074071
537.458000 0.085983
538.518000 0.091734
539.539000 0.104426
540.558000 0.072861
541.568000 0.055533
542.569000 0.052583
543.588000 0.061567
544.608000 0.071082
545.618000 0.057687
546.628000 0.084593
547.778000 0.096686
548.779000 0.181485
549.780000 0.174322
550.888000 0.179653
552.071000 0.128631
553.198000 0.160577
554.239000 0.150505
555.258000 0.144908
556.259000 0.156500
557.260000 0.155606
558.268000 0.174505
559.339000 0.146642
560.458000 0.147196
561.668000 0.164788
562.669000 0.188397
563.819000 0.139110
564.820000 0.118036
565.938000 0.120426
566.939000 0.188676
568.118000 0.143052
569.128000 0.169892
570.129000 0.170967
571.228000 0.131348
572.238000 0.166822
573.368000 0.115724
574.369000 0.154399
575.378000 0.168183
576.469000 0.121563
577.478000 0.137597
578.488000 0.129126
579.489000 0.166674
580.508000 0.128908
581.517000 0.109901
582.639000 0.097094
583.768000 0.106491
584.778000 0.146365
585.788000 0.118724
586.797000 0.111777
587.798000 0.077119
588.828000 0.040752
589.867000 0.039500
590.869000 0.077152
592.318000 0.024418
593.488000 0.120429
594.658000 0.142086
595.788000 0.111301
596.789000 0.126961
597.808000 0.123775
598.907000 0.150056
599.909000 0.171835
600.918000 0.192757
601.920000 0.147570
602.948000 0.170297
603.958000 0.169496
605.091000 0.121014
606.108000 0.129181
607.128000 0.087312
608.129000 0.124148
609.137000 0.106737
610.237000 0.118815
611.247000 0.129305
612.409000 0.118491
613.427000 0.113633
614.437000 0.094931
615.517000 0.077706
616.527000 0.143834
617.537000 0.085419
618.538000 0.107241
619.668000 0.111836
620.787000 0.112282
621.798000 0.132912
622.807000 0.160840
623.848000 0.116737
624.977000 0.110794
625.978000 0.142052
627.029000 0.082381
628.037000 0.128512
629.057000 0.094365
630.257000 0.110016
631.258000 0.147335
632.457000 0.120057
633.467000 0.138164
634.477000 0.133159
635.497000 0.097323
636.528000 0.099589
637.617000 0.087531
638.627000 0.098949
639.637000 0.098380
640.647000 0.096873
641.657000 0.097903
642.777000 0.063586
643.966000 0.055465
644.967000 0.080947
645.977000 0.075498
646.987000 0.063153
648.007000 0.073171
649.028000 0.056390
650.077000 0.046948
651.095000 0.040727
652.097000 0.072321
653.117000 0.054280
654.119000 0.114964
655.127000 0.106612
656.136000 0.124516
657.297000 0.119731
658.377000 0.103847
659.496000 0.095556
660.707000 0.100791
661.726000 0.092029
662.756000 0.098786
663.837000 0.125601
664.843000 0.106912
665.848000 0.087963
666.857000 0.105981
667.867000 0.091508
668.876000 0.101641
669.877000 0.106777
670.887000 0.148925
671.936000 0.113933
672.937000 0.088960
673.956000 0.067117
674.968000 0.065812
675.976000 0.098460
676.986000 0.091169
677.996000 0.098402
679.007000 0.086101
680.026000 0.090059
681.066000 0.077807
682.257000 0.068877
683.266000 0.100161
684.267000 0.133760
685.387000 0.111164
686.388000 0.178723
687.507000 0.159574
688.508000 0.168492
689.516000 0.126715
690.526000 0.097283
691.636000 0.120222
692.656000 0.070979
693.666000 0.062305
694.667000 0.050751
695.687000 0.108757
696.696000 0.107684
697.706000 0.143688
698.707000 0.142613
699.886000 0.126269
700.896000 0.133558
701.906000 0.122071
702.966000 0.119002
703.969000 0.189153
704.976000 0.153214
706.096000 0.197733
707.097000 0.161994
708.107000 0.164268
709.116000 0.179090
710.286000 0.185027
711.566000 0.209020
712.568000 0.126275
713.606000 0.129507
714.607000 0.188987
715.616000 0.161105
716.706000 0.139119
717.708000 0.162372
718.728000 0.180021
719.736000 0.167547
720.756000 0.136522
721.767000 0.174671
722.776000 0.173695
723.876000 0.171643
725.076000 0.199175
726.077000 0.223009
727.091000 0.208941
728.097000 0.188502
729.098000 0.159716
730.106000 0.176597
731.117000 0.174781
732.166000 0.155949
733.186000 0.155646
734.236000 0.188193
735.266000 0.190182
736.337000 0.177196
737.396000 0.171519
738.397000 0.132375
739.496000 0.165906
740.606000 0.186642
741.616000 0.201368
742.766000 0.118364
743.776000 0.158701
744.777000 0.175930
745.955000 0.126777
747.126000 0.105704
748.127000 0.152114
749.176000 0.134716
750.206000 0.151514
751.227000 0.197762
752.345000 0.147280
753.347000 0.191980
754.435000 0.087006
755.516000 0.127911
756.535000 0.118254
757.775000 0.056170
758.940000 0.012917
759.985000 0.127551
761.088000 0.149865
762.195000 0.167051
763.396000 0.210809
764.405000 0.179238
765.415000 0.159395
766.416000 0.196011
767.556000 0.159804
768.565000 0.195239
769.685000 0.117592
770.716000 0.144272
771.845000 0.138862
772.855000 0.170073
773.856000 0.151376
774.865000 0.169625
775.875000 0.113815
776.885000 0.106709
777.925000 0.096568
779.055000 0.099594
780.065000 0.095688
781.105000 0.061712
782.186000 0.024623
783.195000 0.111540
784.205000 0.079434
785.215000 0.082117
786.225000 0.067853
787.235000 0.038364
788.247000 0.038255
789.286000 0.049212
790.325000 0.048042
791.345000 0.061794
792.355000 0.069429
793.385000 0.053258
794.405000 0.048015
795.505000 0.049658
796.515000 0.063667
797.516000 0.053436
798.544000 0.051899
799.545000 0.045912
800.546000 0.075594
801.565000 0.074238
802.575000 0.037168
803.605000 0.046893
804.615000 0.090513
805.640000 0.134495
806.744000 0.106630
807.755000 0.104679
808.756000 0.145963
809.927000 0.131561
810.967000 0.150164
811.975000 0.169976
812.986000 0.144818
813.994000 0.096540
815.015000 0.077473
816.095000 0.124253
817.224000 0.135460
818.225000 0.136911
819.229000 0.117968
820.441000 0.122250
821.465000 0.117036
822.485000 0.110435
823.486000 0.150679
824.487000 0.154430
825.495000 0.129889
826.504000 0.105078
827.524000 0.071008
828.534000 0.068221
829.695000 0.095491
830.704000 0.145054
831.814000 0.088817
832.885000 0.110062
833.904000 0.098391
834.906000 0.082645
835.915000 0.095904
836.945000 0.083950
837.974000 0.071790
839.004000 0.036387
840.114000 0.028023
841.124000 0.128008
842.174000 0.110659
843.175000 0.152099
844.374000 0.137422
845.584000 0.136002
846.715000 0.174289
847.724000 0.173716
848.764000 0.149138
849.766000 0.184491
850.784000 0.124561
851.794000 0.139540
852.795000 0.151627
853.954000 0.125605
854.964000 0.143223
855.974000 0.108219
857.104000 0.155435
858.224000 0.158040
859.234000 0.097563
860.254000 0.060153
861.304000 0.071392
862.344000 0.107145
863.354000 0.109500
864.457000 0.014883
865.464000 0.173195
866.465000 0.169249
867.474000 0.208011
868.475000 0.166741
869.574000 0.156765
870.744000 0.172951
871.914000 0.166555
872.915000 0.203300
873.934000 0.169175
875.024000 0.195371
876.025000 0.212309
877.037000 0.118724
878.094000 0.133293
879.104000 0.162750
880.106000 0.158784
881.114000 0.133287
882.124000 0.106042
883.156000 0.062121
884.164000 0.074355
885.304000 0.141457
886.444000 0.190128
887.644000 0.176402
888.646000 0.209298
889.774000 0.148986
890.784000 0.201495
892.324000 0.088665
893.326000 0.102686
894.334000 0.113787
895.344000 0.175753
896.374000 0.135923
897.383000 0.182596
898.384000 0.193813
899.385000 0.204670
900.394000 0.199175
901.493000 0.185489
902.603000 0.174556
903.607000 0.192514
904.774000 0.143971
905.783000 0.193966
906.924000 0.163472
908.123000 0.164461
909.124000 0.172496
910.133000 0.135778
911.214000 0.145939
912.404000 0.152356
913.563000 0.180023
914.565000 0.228889
915.574000 0.137187
916.725000 0.168614
917.726000 0.199156
918.805000 0.141293
919.813000 0.153761
920.823000 0.091585
921.825000 0.103190
922.833000 0.130411
923.903000 0.063245
924.913000 0.165308
925.914000 0.170830
927.103000 0.142570
928.293000 0.172686
929.294000 0.199743
930.303000 0.149221
931.403000 0.116496
932.534000 0.159801
933.543000 0.185017
934.544000 0.162368
935.553000 0.118900
936.554000 0.161313
937.573000 0.151979
938.583000 0.164375
939.783000 0.157097
940.803000 0.177039
941.903000 0.165955
943.038000 0.170167
944.043000 0.160774
945.233000 0.119360
946.323000 0.125174
947.363000 0.139635
948.373000 0.133671
949.382000 0.162837
950.383000 0.117082
951.413000 0.117859
952.432000 0.121253
953.443000 0.115183
954.493000 0.066889
955.503000 0.073410
956.523000 0.060353
957.532000 0.051566
958.542000 0.055245
959.543000 0.076531
960.573000 0.083885
961.583000 0.087994
962.603000 0.081399
963.702000 0.053114
964.722000 0.069741
965.723000 0.051073
966.743000 0.067059
967.762000 0.045066
968.792000 0.055840
969.801000 0.054479
970.872000 0.068460
971.882000 0.092705
972.912000 0.040617
973.933000 0.056311
974.942000 0.077753
975.953000 0.090100
976.962000 0.113423
977.963000 0.070687
978.973000 0.092552
979.982000 0.091825
980.992000 0.107373
981.993000 0.106539
983.172000 0.117159
984.182000 0.112148
985.262000 0.075811
986.273000 0.105267
987.282000 0.081675
988.292000 0.083913
989.362000 0.083235
990.399000 0.063019
991.402000 0.095020
992.432000 0.076336
993.433000 0.068031
994.442000 0.085907
995.522000 0.074450
996.703000 0.120354
997.712000 0.117434
998.812000 0.114215
999.822000 0.102596
1000.826000 0.096691
1001.832000 0.092370
1002.842000 0.123278
1004.002000 0.090864
1005.012000 0.122946
1006.022000 0.091332
1007.036000 0.086324
1008.062000 0.078611
1009.072000 0.047671
1010.081000 0.054464
1011.092000 0.044732
1012.122000 0.043829
1013.142000 0.025293
1014.172000 0.037188
1015.212000 0.026185
1016.242000 0.043656
1017.252000 0.051469
1018.281000 0.034205
1019.292000 0.027062
1020.392000 0.009495
1021.462000 0.017899
1022.653000 0.011486
1028.101000 0.005248
1029.112000 0.050065
1030.122000 0.037946
1044.489000 0.001970
1045.716000 0.087147
1046.727000 0.131754
1048.046000 0.016594
1049.157000 0.027429
1050.247000 0.105057
1051.306000 0.107610
1052.376000 0.110685
1053.377000 0.103869
1054.568000 0.119695
1057.056000 0.052807
1058.057000 0.086336
1059.066000 0.114861
1060.076000 0.070863
1061.086000 0.111373
1063.406000 0.020142
1064.407000 0.129420
1065.408000 0.114316
1066.416000 0.114751
1067.556000 0.132582
1068.686000 0.118774
1069.746000 0.112082
1070.806000 0.134214
1071.936000 0.122501
1072.977000 0.099608
1073.987000 0.124827
1075.096000 0.109623
1076.156000 0.119730
1077.176000 0.113523
1078.186000 0.116808
1079.216000 0.102151
1080.226000 0.097444
1081.367000 0.112345
1082.377000 0.135441
1083.386000 0.102966
1084.396000 0.136295
1085.416000 0.055199
1086.456000 0.050517
1087.676000 0.051640
1088.686000 0.071846
1089.705000 0.060175
1090.706000 0.064911
1091.716000 0.069389
1092.736000 0.068556
1093.936000 0.044309
1095.056000 0.059724
1096.076000 0.069788
1097.106000 0.078830
1098.116000 0.069656
1099.126000 0.082511
1100.145000 0.072188
1101.155000 0.055026
1102.196000 0.057969
1103.205000 0.067785
1104.206000 0.070917
1105.225000 0.072273
1106.235000 0.066211
1107.276000 0.053750
1108.295000 0.052357
1109.305000 0.034193
1110.515000 0.044016
1111.535000 0.052357
1112.545000 0.047070
1113.565000 0.054916
1114.595000 0.063499
1115.605000 0.074686
1116.606000 0.084494
1117.645000 0.042133
1118.785000 0.071107
1119.795000 0.071786
1120.805000 0.061789
1121.875000 0.055533
1122.895000 0.052306
1123.927000 0.048925
1124.935000 0.031044
1126.015000 0.020267
1127.105000 0.020081
1128.135000 0.022579
1129.255000 0.012444
1130.295000 0.011838
1131.315000 0.045600
1132.365000 0.026122
1133.415000 0.037783
1134.605000 0.028783
1135.655000 0.039086
1136.666000 0.039072
1137.685000 0.055042
1138.695000 0.046853
1139.715000 0.042408
1140.735000 0.056329
1141.755000 0.042180
1142.775000 0.061694
1143.785000 0.039362
1144.806000 0.038856
1145.845000 0.021890
1147.325000 0.006470
1148.385000 0.080180
1149.395000 0.078558
1150.444000 0.074518
1151.454000 0.083657
1152.515000 0.031300
1153.635000 0.020764
1154.655000 0.062397
1155.665000 0.049726
1156.727000 0.027048
1157.754000 0.010421
1158.765000 0.050065
1159.805000 0.043625
1160.825000 0.041574
1161.835000 0.051469
1162.865000 0.042140
1163.905000 0.041475
1165.085000 0.042551
1166.104000 0.041617
1167.105000 0.040994
1168.194000 0.043967
1169.204000 0.025564
1170.304000 0.041114
1171.564000 0.048240
1172.565000 0.064232
1173.584000 0.048884
1174.595000 0.053218
1175.614000 0.054527
1176.644000 0.061557
1177.654000 0.054654
1178.667000 0.056109
1179.714000 0.056076
1180.754000 0.054476
1181.795000 0.056476
1182.804000 0.059847
1183.814000 0.057655
1184.825000 0.051787
1185.855000 0.057513
1186.864000 0.059430
1187.974000 0.059005
1188.984000 0.060186
1189.994000 0.063756
1191.004000 0.077726
1192.025000 0.081581
1193.044000 0.078223
1194.054000 0.067098
1195.080000 0.081036
1196.254000 0.062543
1197.274000 0.078943
1198.284000 0.080724
1199.294000 0.081444
1200.485000 0.066711
1201.494000 0.087335
1202.515000 0.086542
1203.674000 0.060018
1204.714000 0.079081
1205.904000 0.082542
1206.914000 0.103356
1208.014000 0.072470
1209.024000 0.089083
1210.034000 0.086653
1211.037000 0.059606
1212.044000 0.080305
1213.294000 0.057018
1214.304000 0.087172
1215.314000 0.084907
1216.334000 0.065215
1217.374000 0.026733
1218.384000 0.081813
1219.593000 0.066481
1220.594000 0.085342
1221.604000 0.087236
1222.614000 0.080331
1223.644000 0.085546
1224.754000 0.066603
1225.764000 0.084452
1226.784000 0.083650
1227.794000 0.084503
1228.804000 0.059498
1229.864000 0.054359
1230.894000 0.063290
1231.913000 0.061118
1233.344000 0.039587
1234.364000 0.062432
1235.383000 0.068415
1236.404000 0.074191
1237.424000 0.078691
1238.434000 0.083726
1239.444000 0.086089
1240.454000 0.084603
1241.474000 0.071168
1242.484000 0.080833
1243.494000 0.076183
1244.505000 0.081647
1245.513000 0.069095
1246.514000 0.067088
1247.544000 0.072089
1248.553000 0.069671
1249.734000 0.068444
1250.784000 0.074800
1251.893000 0.074994
1252.914000 0.080392
1253.934000 0.052525
1254.953000 0.070828
1256.173000 0.069759
1257.193000 0.065496
1258.253000 0.067268
1259.273000 0.068497
1260.284000 0.074230
1261.303000 0.075411
1262.333000 0.068559
1263.503000 0.064765
1264.743000 0.067105
1265.903000 0.068051
1266.913000 0.074495
1267.923000 0.059732
1268.924000 0.067106
1269.934000 0.069913
1270.943000 0.077074
1271.953000 0.087242
1272.974000 0.074511
1273.983000 0.063311
1274.984000 0.084772
1276.143000 0.065278
1277.153000 0.095770
1278.163000 0.098805
1279.283000 0.083882
1280.284000 0.115677
1281.463000 0.101864
1282.473000 0.141060
1283.483000 0.116460
1284.493000 0.105273
1285.543000 0.122661
1286.573000 0.141441
1287.574000 0.071141
1288.583000 0.071944
1289.584000 0.134896
1290.723000 0.066565
1291.733000 0.129548
1292.743000 0.083427
1293.753000 0.075994
1294.763000 0.107160
1295.816000 0.081418
1297.023000 0.102991
1298.032000 0.114035
1299.193000 0.068914
1300.203000 0.095608
1301.233000 0.099555
1302.253000 0.078386
1303.263000 0.066319
1304.273000 0.061470
1305.293000 0.064750
1306.313000 0.060284
1307.353000 0.036581
1308.703000 0.012227
1309.712000 0.064898
1310.973000 0.037733
1311.983000 0.096211
1313.083000 0.081046
1314.084000 0.106209
1315.103000 0.071750
1316.113000 0.108094
1317.133000 0.075616
1318.143000 0.105838
1319.144000 0.106519
1320.194000 0.081591
1321.196000 0.079981
1322.202000 0.101435
1323.212000 0.077297
1324.223000 0.068096
1325.224000 0.081523
1326.234000 0.110370
1327.242000 0.078585
1328.243000 0.112167
1329.253000 0.105849
1330.432000 0.085733
1331.532000 0.105775
1332.533000 0.107809
1333.622000 0.085668
1334.633000 0.101498
1335.642000 0.106840
1336.702000 0.076932
1337.722000 0.101911
1338.912000 0.080990
1339.913000 0.076986
1340.922000 0.094002
1342.112000 0.070651
1343.122000 0.090008
1344.123000 0.090238
1345.132000 0.106569
1346.142000 0.095523
1347.143000 0.077366
1348.173000 0.070294
1349.194000 0.108158
1350.232000 0.073457
1351.233000 0.108124
1352.422000 0.085738
1353.423000 0.106905
1354.542000 0.081604
1355.552000 0.106796
1356.782000 0.079663
1357.803000 0.098238
1358.804000 0.075316
1359.813000 0.111910
1360.823000 0.071694
1361.873000 0.081633
1362.882000 0.117101
1363.952000 0.086761
1364.963000 0.114995
1366.112000 0.094674
1367.132000 0.129644
1368.142000 0.113093
1369.162000 0.102467
1370.232000 0.062332
1371.233000 0.069109
1372.242000 0.081627
1373.243000 0.088733
1374.252000 0.063946
1375.272000 0.075496
1376.472000 0.059402
1377.484000 0.066506
1378.523000 0.061442
1379.532000 0.076214
1380.992000 0.038359
1382.003000 0.091135
1383.004000 0.086524
1384.022000 0.060540
1385.042000 0.045394
1386.202000 0.049969
1387.582000 0.051362
1388.611000 0.065143
1389.622000 0.042848
1390.631000 0.046510
1391.643000 0.044612
1392.667000 0.053437
1393.964000 0.013753
1394.981000 0.068602
1396.002000 0.064668
1397.012000 0.062073
1398.032000 0.058416
1399.141000 0.061752
1400.202000 0.066822
1401.213000 0.063596
1402.221000 0.055317
1403.242000 0.036685
1404.252000 0.048834
1405.261000 0.041791
1406.281000 0.039290
1407.452000 0.056781
1408.571000 0.061916
1409.591000 0.057648
1410.601000 0.066027
1411.602000 0.069573
1412.666000 0.076213
1413.672000 0.082058
1414.692000 0.085754
1415.921000 0.081310
1416.931000 0.088739
1417.932000 0.066239
1418.942000 0.083028
1420.092000 0.019531
1421.121000 0.058209
1422.141000 0.066549
1423.151000 0.069975
1424.391000 0.076028
1425.482000 0.078912
1426.681000 0.073205
1427.911000 0.078567
1428.921000 0.090375
1429.931000 0.087485
1430.951000 0.066458
1432.121000 0.040066
1433.141000 0.061694
1434.162000 0.019974
1435.381000 0.059791
1436.471000 0.058688
1437.491000 0.049435
1438.501000 0.051625
1439.512000 0.046253
1440.561000 0.037819
1441.581000 0.031958
1442.601000 0.056118
1443.680000 0.063695
1444.691000 0.068500
1445.701000 0.071830
1446.731000 0.059611
1447.741000 0.071843
1448.751000 0.075728
1449.941000 0.063229
1450.950000 0.070508
1452.161000 0.077609
1453.221000 0.059609
1454.391000 0.025723
1455.442000 0.096562
1456.561000 0.120305
1457.771000 0.110612
1458.790000 0.028192
1460.093000 0.019923
1461.122000 0.066293
1462.261000 0.052684
1463.270000 0.064859
1464.420000 0.044606
1465.444000 0.069469
1466.450000 0.055669
1467.451000 0.061083
1468.491000 0.056991
1469.511000 0.040684
1470.521000 0.044576
1471.530000 0.067300
1472.541000 0.065074
1473.550000 0.068373
1474.571000 0.058954
1475.580000 0.038615
1476.602000 0.037479
1477.820000 0.046479
1478.850000 0.041173
1479.860000 0.022753
1480.870000 0.080064
1481.881000 0.065849
1482.901000 0.055774
1483.910000 0.072901
1484.930000 0.058139
1485.941000 0.055478
1486.961000 0.061686
1487.970000 0.061770
1488.980000 0.073257
1490.010000 0.031910
1491.250000 0.038955
1492.470000 0.062280
1493.540000 0.071770
1494.901000 0.023118
1496.030000 0.046624
1497.031000 0.099181
1498.220000 0.047991
1499.670000 0.047042
1500.680000 0.065014
1501.720000 0.040089
1502.730000 0.045413
1503.770000 0.057593
1504.780000 0.040434
1505.830000 0.046800
1506.865000 0.043617
1507.891000 0.036009
1508.454000 0.034018
