0.000000 0.190789
1.001000 0.198162
2.009000 0.163421
3.019000 0.166598
4.029000 0.140071
5.039000 0.162535
6.049000 0.170661
7.064000 0.155555
8.069000 0.193290
9.070000 0.167297
10.081000 0.163727
11.089000 0.156071
12.099000 0.125172
13.100000 0.148963
14.179000 0.127310
15.189000 0.140863
16.209000 0.148871
17.219000 0.119754
18.229000 0.121901
19.239000 0.100230
20.249000 0.108356
21.259000 0.088602
22.280000 0.089771
23.289000 0.073213
24.309000 0.060353
25.319000 0.059596
26.322000 0.051829
27.680000 0.037691
28.689000 0.036607
29.699000 0.047406
30.739000 0.044723
31.769000 0.043666
32.808000 0.055461
33.828000 0.049624
34.859000 0.042460
35.878000 0.060412
36.889000 0.051979
37.898000 0.074569
38.918000 0.054988
39.949000 0.059709
40.978000 0.057166
41.988000 0.046051
42.998000 0.048760
44.009000 0.039802
45.038000 0.062484
46.058000 0.056329
47.059000 0.049199
48.278000 0.038156
49.281000 0.077743
50.298000 0.040354
51.328000 0.058485
52.329000 0.060651
53.358000 0.067802
67.142000 0.002183
68.143000 0.081998
69.163000 0.139482
70.182000 0.122724
71.183000 0.162629
72.193000 0.148198
73.205000 0.159668
74.213000 0.142500
75.217000 0.016319
76.222000 0.166663
77.252000 0.051798
78.272000 0.064376
79.273000 0.072432
80.282000 0.085415
81.292000 0.057450
82.312000 0.071082
83.332000 0.042918
84.342000 0.031152
85.372000 0.034532
86.392000 0.036212
87.393000 0.032799
88.402000 0.033895
89.422000 0.034871
90.432000 0.035216
91.442000 0.032507
92.452000 0.012752
93.563000 0.003694
97.262000 0.000740
98.274000 0.009462
99.312000 0.030312
100.322000 0.040634
101.362000 0.059192
102.363000 0.098398
103.372000 0.100329
104.382000 0.075057
105.422000 0.043408
106.432000 0.027089
107.502000 0.020456
108.512000 0.018962
109.522000 0.013545
135.395000 0.000264
136.405000 0.086685
137.415000 0.120547
138.416000 0.093499
139.435000 0.123344
140.436000 0.154597
141.445000 0.160547
142.446000 0.188595
143.455000 0.175461
144.456000 0.204995
145.465000 0.189019
146.475000 0.204523
147.485000 0.187477
148.495000 0.242448
149.505000 0.217275
150.506000 0.273327
151.507000 0.271161
152.508000 0.295760
153.555000 0.195989
154.565000 0.268745
155.566000 0.237794
156.575000 0.239183
157.595000 0.231239
158.605000 0.170661
159.606000 0.157163
160.625000 0.142862
161.626000 0.202262
162.635000 0.103604
163.645000 0.100230
164.655000 0.109711
165.695000 0.180754
166.705000 0.251929
167.715000 0.209149
168.725000 0.254638
169.726000 0.183696
170.735000 0.192523
171.755000 0.095224
172.775000 0.093098
173.785000 0.146281
174.786000 0.180396
175.795000 0.231049
176.796000 0.272527
177.815000 0.178552
178.885000 0.138609
179.895000 0.163889
180.916000 0.081732
181.945000 0.053178
182.956000 0.081187
183.966000 0.175287
184.977000 0.147490
185.985000 0.189206
187.005000 0.241412
188.006000 0.219229
189.035000 0.263782
190.045000 0.235675
191.046000 0.204196
192.055000 0.188456
193.056000 0.217862
194.064000 0.127571
195.094000 0.062423
196.095000 0.081998
197.135000 0.097885
198.136000 0.214561
199.146000 0.166598
200.155000 0.141566
201.325000 0.251870
202.335000 0.254638
203.336000 0.276627
204.345000 0.276583
205.346000 0.252028
206.347000 0.245195
207.355000 0.251071
208.374000 0.169711
209.375000 0.187229
210.384000 0.203934
211.394000 0.216713
212.404000 0.217275
213.405000 0.211828
214.406000 0.180963
215.415000 0.244044
216.426000 0.231945
217.427000 0.286194
218.435000 0.310786
219.436000 0.282094
220.445000 0.251386
221.446000 0.256927
222.447000 0.286194
223.454000 0.228790
224.455000 0.191329
225.456000 0.183129
226.465000 0.232404
227.474000 0.138291
228.475000 0.154997
229.485000 0.241093
230.504000 0.138834
231.524000 0.111318
232.525000 0.125730
233.526000 0.160464
234.535000 0.300987
235.536000 0.288927
236.546000 0.329695
237.554000 0.316778
238.555000 0.350426
239.565000 0.352158
240.566000 0.310793
241.574000 0.254349
242.584000 0.266036
243.594000 0.226194
244.595000 0.125730
245.604000 0.151056
246.605000 0.224128
247.607000 0.262699
248.614000 0.231844
249.615000 0.160924
250.625000 0.142218
251.634000 0.187663
252.704000 0.304815
253.705000 0.304759
254.714000 0.294771
255.715000 0.354525
256.717000 0.322770
257.774000 0.338331
258.775000 0.397690
259.777000 0.358267
260.784000 0.351055
261.787000 0.344271
262.789000 0.359633
263.794000 0.343586
264.854000 0.279298
265.855000 0.322525
266.856000 0.353159
267.864000 0.273349
268.884000 0.181059
269.894000 0.123818
270.924000 0.160707
271.925000 0.206362
272.926000 0.290294
273.945000 0.328126
274.955000 0.218630
275.971000 0.281409
276.975000 0.334390
277.976000 0.325825
278.984000 0.354778
279.985000 0.323093
280.994000 0.372844
281.995000 0.359992
282.996000 0.346326
284.004000 0.356135
285.015000 0.356431
286.024000 0.362561
287.025000 0.364092
288.026000 0.343592
289.094000 0.363026
290.095000 0.375824
291.104000 0.332733
292.105000 0.329926
293.106000 0.320360
294.114000 0.256500
295.124000 0.165806
296.125000 0.256927
297.134000 0.226981
298.145000 0.234651
299.154000 0.271160
300.175000 0.194836
301.184000 0.253534
302.185000 0.286194
303.186000 0.308060
304.194000 0.309992
305.195000 0.308859
306.204000 0.252741
307.214000 0.253846
308.225000 0.322042
309.226000 0.317626
310.234000 0.314063
311.244000 0.367601
312.324000 0.234877
313.325000 0.251540
314.334000 0.248595
315.335000 0.245994
316.344000 0.262232
317.345000 0.194062
318.424000 0.152667
319.433000 0.016270
320.443000 0.092103
321.484000 0.151670
322.625000 0.223681
323.626000 0.253395
324.634000 0.203571
325.644000 0.184768
326.653000 0.208793
327.654000 0.205562
328.655000 0.226861
329.656000 0.227429
330.673000 0.240779
331.675000 0.214914
332.683000 0.207643
333.714000 0.127930
334.724000 0.201814
335.744000 0.153451
336.745000 0.225495
337.753000 0.181063
338.845000 0.106484
339.853000 0.213071
340.854000 0.195996
341.855000 0.222761
342.864000 0.125296
343.874000 0.124610
344.893000 0.154387
345.903000 0.156325
346.904000 0.155796
347.905000 0.193263
348.913000 0.229357
349.924000 0.112870
350.933000 0.150494
351.934000 0.165363
352.944000 0.127881
353.974000 0.127503
354.983000 0.166763
355.994000 0.158876
357.004000 0.140863
358.005000 0.174929
359.023000 0.112094
360.033000 0.115129
361.034000 0.133930
362.053000 0.146889
363.073000 0.118024
364.083000 0.132737
365.113000 0.113445
366.114000 0.183129
367.123000 0.161340
368.145000 0.102286
369.154000 0.108464
370.171000 0.121062
371.173000 0.108423
372.193000 0.091200
373.204000 0.051418
374.213000 0.084059
375.518000 0.012555
376.523000 0.219749
377.553000 0.086330
378.573000 0.073765
393.823000 0.000987
394.853000 0.023907
396.563000 0.023200
397.583000 0.049624
399.193000 0.014798
400.203000 0.028444
401.223000 0.042918
402.233000 0.036570
403.243000 0.040634
404.253000 0.048760
405.283000 0.057111
406.363000 0.021533
407.473000 0.024649
408.493000 0.041576
409.633000 0.003600
410.663000 0.052350
412.096000 0.023866
413.103000 0.122264
414.123000 0.089859
415.153000 0.054454
416.173000 0.061694
417.203000 0.040396
418.214000 0.063596
419.243000 0.074449
420.273000 0.049142
421.303000 0.046485
422.313000 0.041988
423.317000 0.057227
424.323000 0.097113
425.333000 0.157117
426.343000 0.157117
427.344000 0.126298
428.354000 0.209941
429.363000 0.209356
430.373000 0.190978
431.383000 0.144135
432.393000 0.157117
433.403000 0.169307
434.404000 0.154997
435.413000 0.197946
436.423000 0.180705
437.433000 0.182851
438.434000 0.208296
439.443000 0.210149
440.453000 0.183414
441.473000 0.185082
442.483000 0.131382
443.494000 0.080397
444.495000 0.105231
445.503000 0.146571
446.606000 0.014854
447.613000 0.258966
448.635000 0.169996
449.643000 0.144421
450.653000 0.125964
451.654000 0.127097
452.663000 0.121229
453.673000 0.154408
454.683000 0.215358
455.703000 0.205757
456.704000 0.234262
457.713000 0.276583
458.723000 0.248428
459.793000 0.260067
460.803000 0.284436
461.805000 0.213549
462.813000 0.241571
463.823000 0.241655
464.824000 0.287560
465.843000 0.331596
466.844000 0.297127
467.853000 0.279857
468.943000 0.241490
469.953000 0.254890
470.962000 0.197154
471.973000 0.259798
472.983000 0.244364
473.993000 0.211295
475.003000 0.094020
476.014000 0.121780
477.032000 0.088692
478.033000 0.117530
479.043000 0.206440
480.123000 0.215859
481.124000 0.254194
482.142000 0.202130
483.153000 0.169139
484.322000 0.160808
485.332000 0.219422
486.342000 0.177434
487.353000 0.139933
488.354000 0.150330
489.383000 0.086414
490.402000 0.098559
491.414000 0.093273
492.422000 0.077357
493.442000 0.095224
494.462000 0.103827
495.483000 0.085751
496.502000 0.055042
497.532000 0.057111
498.552000 0.034871
499.573000 0.018758
500.622000 0.014345
501.672000 0.027360
502.682000 0.032507
503.922000 0.037968
504.942000 0.050965
505.992000 0.033874
507.042000 0.024754
508.052000 0.023026
509.082000 0.037188
510.102000 0.052306
511.132000 0.051798
512.142000 0.055533
513.152000 0.040634
514.222000 0.028658
515.253000 0.035825
516.282000 0.035895
517.332000 0.031269
521.462000 0.006293
522.922000 0.040290
523.932000 0.041988
526.840000 0.005634
528.232000 0.114513
529.262000 0.019922
530.512000 0.025171
531.542000 0.034532
532.562000 0.025482
533.613000 0.023429
534.632000 0.033476
535.653000 0.044302
536.662000 0.066434
537.687000 0.054720
538.722000 0.066636
539.752000 0.078361
540.772000 0.037553
541.782000 0.029798
542.822000 0.026308
543.853000 0.029191
544.912000 0.033586
545.952000 0.015785
546.953000 0.106597
547.965000 0.141146
548.972000 0.209208
549.973000 0.228795
550.982000 0.222351
551.983000 0.183696
552.992000 0.272515
554.002000 0.213212
555.012000 0.199667
556.022000 0.108356
557.032000 0.082622
558.042000 0.070432
559.073000 0.086246
560.222000 0.049309
561.262000 0.047354
562.292000 0.026563
563.302000 0.041988
564.322000 0.021459
565.328000 0.080231
566.332000 0.070853
567.333000 0.110697
568.342000 0.145633
569.344000 0.177485
570.352000 0.156635
571.362000 0.165244
572.372000 0.169307
573.382000 0.136008
574.392000 0.161180
575.412000 0.111875
576.421000 0.126089
577.422000 0.153063
578.423000 0.144064
579.432000 0.172186
580.433000 0.204995
581.434000 0.228795
582.442000 0.221778
583.452000 0.272246
584.453000 0.217862
585.454000 0.187229
586.455000 0.208296
587.462000 0.286642
588.463000 0.204196
589.465000 0.217078
590.472000 0.196187
591.482000 0.264681
592.483000 0.284260
593.492000 0.228337
594.501000 0.234553
595.512000 0.221120
596.513000 0.234262
597.522000 0.222351
598.532000 0.240301
599.533000 0.230961
600.541000 0.200063
601.542000 0.058765
602.552000 0.248428
603.561000 0.239976
604.572000 0.240063
605.573000 0.271960
606.574000 0.243828
607.581000 0.261394
608.582000 0.250094
609.601000 0.148232
610.621000 0.096565
612.024000 0.026326
613.047000 0.054827
614.051000 0.072215
615.081000 0.054454
616.141000 0.040008
617.181000 0.013700
618.191000 0.039279
619.211000 0.069741
620.221000 0.066202
621.231000 0.042154
622.251000 0.037553
623.271000 0.148086
624.281000 0.189624
625.283000 0.076455
626.321000 0.077757
627.331000 0.050115
628.341000 0.047968
629.411000 0.034520
630.412000 0.075165
631.413000 0.209095
632.421000 0.228563
633.422000 0.260228
634.423000 0.323892
635.431000 0.277421
636.432000 0.209662
637.438000 0.247491
638.441000 0.274711
639.442000 0.251461
640.624000 0.097699
641.631000 0.126340
642.644000 0.085078
643.671000 0.095128
644.672000 0.187229
645.681000 0.109820
646.682000 0.145431
647.701000 0.292663
648.703000 0.206723
649.711000 0.230714
650.712000 0.221962
651.713000 0.254761
652.731000 0.233823
653.732000 0.205562
654.733000 0.265127
655.751000 0.309635
656.752000 0.325826
657.761000 0.298830
658.772000 0.309864
659.773000 0.257503
660.781000 0.299135
661.831000 0.308015
662.833000 0.327665
663.841000 0.258421
664.842000 0.231528
665.850000 0.213071
666.851000 0.103864
667.871000 0.086392
668.872000 0.211828
670.101000 0.160749
671.111000 0.207232
672.122000 0.230591
673.131000 0.246755
674.151000 0.145404
675.161000 0.188269
676.166000 0.127952
677.171000 0.135323
678.172000 0.159896
679.200000 0.099805
680.201000 0.097598
681.209000 0.203571
682.210000 0.187796
683.221000 0.189436
684.240000 0.111427
685.241000 0.111265
686.290000 0.088679
687.291000 0.053299
688.301000 0.135446
689.311000 0.167160
690.312000 0.191329
691.381000 0.157935
692.400000 0.162442
693.411000 0.112309
694.420000 0.109820
695.440000 0.113216
696.451000 0.112309
697.460000 0.071857
698.461000 0.150897
699.470000 0.191167
700.471000 0.215129
701.480000 0.238620
702.490000 0.159034
703.491000 0.199528
704.501000 0.155762
705.502000 0.216496
706.510000 0.210357
707.511000 0.191896
708.542000 0.132687
709.560000 0.077941
710.570000 0.075057
711.580000 0.132737
713.983000 0.024479
714.990000 0.076075
716.195000 0.070858
717.211000 0.109063
718.212000 0.122997
719.243000 0.104823
720.250000 0.098375
721.260000 0.123255
722.261000 0.163996
723.262000 0.200096
724.285000 0.208610
725.290000 0.200661
726.292000 0.271689
727.301000 0.250030
728.311000 0.287707
729.320000 0.244044
730.330000 0.196958
731.340000 0.136800
732.350000 0.071786
733.351000 0.072999
734.360000 0.128801
735.380000 0.076447
736.390000 0.107002
737.400000 0.095374
738.430000 0.119534
739.440000 0.138154
740.460000 0.153451
741.470000 0.177434
742.480000 0.096166
743.490000 0.093457
744.500000 0.066931
745.510000 0.067723
746.530000 0.084494
747.531000 0.105231
748.540000 0.145633
749.560000 0.167647
750.570000 0.111065
751.580000 0.106210
752.590000 0.130028
753.600000 0.111065
754.610000 0.136009
755.621000 0.178611
756.741000 0.194714
757.750000 0.230486
758.770000 0.114000
759.780000 0.108919
760.790000 0.188269
761.800000 0.117838
762.820000 0.067616
763.840000 0.130094
764.850000 0.208586
765.851000 0.206929
766.890000 0.241494
767.900000 0.178788
768.910000 0.195042
770.749000 0.028575
771.760000 0.023026
772.770000 0.182851
773.779000 0.132868
774.799000 0.071642
775.809000 0.150345
776.810000 0.172196
777.820000 0.164449
778.840000 0.150212
779.841000 0.124364
780.850000 0.141569
781.859000 0.157273
782.869000 0.105648
783.870000 0.133131
784.880000 0.178788
785.970000 0.110965
787.010000 0.107862
788.011000 0.097031
789.020000 0.111175
790.039000 0.109299
791.040000 0.158529
792.050000 0.151699
793.059000 0.125296
794.069000 0.094812
795.099000 0.116878
796.112000 0.135044
797.129000 0.192912
798.130000 0.392791
799.140000 0.325632
800.149000 0.312396
801.151000 0.314326
802.164000 0.276051
803.170000 0.220294
804.171000 0.253395
805.172000 0.370925
806.180000 0.375135
807.190000 0.159826
808.199000 0.128008
809.209000 0.254638
810.220000 0.208942
811.259000 0.278360
812.269000 0.257347
813.289000 0.156133
814.299000 0.208586
815.310000 0.188645
816.329000 0.224196
817.330000 0.213762
818.349000 0.190634
819.359000 0.161180
820.361000 0.108423
821.369000 0.161500
822.469000 0.142291
823.479000 0.159826
824.500000 0.156764
825.510000 0.102147
826.519000 0.123378
827.529000 0.132737
828.530000 0.204196
829.549000 0.218826
830.559000 0.183414
831.560000 0.189962
832.569000 0.147782
833.579000 0.123818
834.589000 0.142218
835.591000 0.193070
836.619000 0.199611
837.620000 0.198729
838.629000 0.215572
839.630000 0.338126
840.639000 0.424928
841.640000 0.410557
842.641000 0.429690
843.642000 0.400991
844.649000 0.406753
845.650000 0.316260
846.659000 0.248111
847.660000 0.282094
848.661000 0.387325
849.662000 0.223329
850.679000 0.358364
851.680000 0.368991
852.689000 0.315108
853.699000 0.294479
854.700000 0.399624
855.701000 0.448823
856.702000 0.327193
857.709000 0.417621
858.710000 0.406458
859.719000 0.323243
860.720000 0.296559
861.729000 0.408658
862.730000 0.388691
863.749000 0.344236
864.759000 0.329695
865.760000 0.314892
866.761000 0.320699
867.769000 0.305020
868.770000 0.301227
869.771000 0.241095
870.779000 0.305357
871.780000 0.310793
872.781000 0.253395
873.839000 0.309565
874.850000 0.380226
875.851000 0.302593
876.859000 0.247563
877.948000 0.266836
878.949000 0.358058
879.950000 0.291660
880.959000 0.283925
881.968000 0.309685
882.969000 0.312959
883.970000 0.245195
884.971000 0.317626
885.979000 0.314857
886.980000 0.279361
887.989000 0.270367
888.999000 0.293125
890.000000 0.374458
891.010000 0.291770
892.011000 0.249295
893.019000 0.289071
894.029000 0.310733
895.030000 0.273894
896.031000 0.306693
897.039000 0.365635
898.040000 0.352591
899.049000 0.302906
900.050000 0.369558
901.051000 0.455656
902.058000 0.490979
903.069000 0.351019
904.078000 0.365273
905.079000 0.334026
906.080000 0.406458
907.088000 0.381921
908.089000 0.318993
909.099000 0.362202
910.108000 0.340305
911.109000 0.324460
912.123000 0.267949
913.128000 0.334058
914.148000 0.317075
915.149000 0.289726
916.162000 0.323317
917.168000 0.271173
918.169000 0.326625
919.179000 0.282289
920.189000 0.332405
921.198000 0.269011
922.199000 0.344392
923.209000 0.289061
924.210000 0.282094
925.211000 0.334026
926.218000 0.323885
927.229000 0.350457
928.230000 0.358606
929.259000 0.203976
930.260000 0.458390
931.261000 0.425590
932.268000 0.484187
933.269000 0.447457
934.279000 0.410962
935.280000 0.395524
936.281000 0.355892
937.288000 0.367357
938.289000 0.439257
939.290000 0.551321
940.291000 0.463057
941.298000 0.446149
942.338000 0.351753
943.348000 0.405545
944.349000 0.452923
945.350000 0.510322
946.351000 0.537654
947.352000 0.543121
948.353000 0.519089
949.358000 0.534153
950.359000 0.387325
951.360000 0.493922
952.458000 0.474477
953.468000 0.523382
954.469000 0.558154
955.558000 0.506035
956.559000 0.541754
957.748000 0.232888
958.758000 0.303398
959.759000 0.354525
960.768000 0.315108
961.769000 0.451557
962.778000 0.275790
963.779000 0.273327
964.788000 0.220202
965.789000 0.305327
966.798000 0.438486
967.799000 0.529455
968.800000 0.514422
969.849000 0.483600
970.850000 0.522621
971.851000 0.458390
972.852000 0.519888
973.853000 0.523988
974.858000 0.474826
975.860000 0.527561
976.868000 0.580063
977.869000 0.502689
978.870000 0.566354
979.871000 0.476156
980.872000 0.499389
982.478000 0.298839
983.479000 0.552687
984.488000 0.430351
985.498000 0.359493
986.508000 0.286352
987.509000 0.584120
988.519000 0.565370
989.568000 0.460126
990.569000 0.532188
991.570000 0.437890
992.579000 0.450688
993.580000 0.470689
994.587000 0.361923
995.588000 0.297127
996.597000 0.311041
997.598000 0.367624
998.599000 0.429690
999.699000 0.386560
1000.758000 0.385487
1002.107000 0.303632
1003.108000 0.288360
1004.110000 0.284543
1005.117000 0.318451
1006.168000 0.319437
1007.177000 0.353863
1008.178000 0.312160
1009.179000 0.503489
1010.180000 0.480823
1011.189000 0.613384
1012.257000 0.554412
1013.258000 0.575920
1014.259000 0.569087
1015.298000 0.476404
1016.309000 0.593227
1017.388000 0.581724
1018.389000 0.569087
1019.390000 0.526721
1020.448000 0.511808
1021.449000 0.604603
1022.450000 0.284846
1023.457000 0.370073
1024.458000 0.466589
1025.459000 0.439257
1026.460000 0.448823
1027.462000 0.380112
1028.478000 0.415268
1029.487000 0.319175
1030.488000 0.375025
1031.497000 0.400523
1032.578000 0.362457
1033.857000 0.529543
1034.858000 0.346326
1035.957000 0.316688
1037.078000 0.366608
1038.117000 0.393287
1039.197000 0.379259
1040.198000 0.364891
1041.207000 0.228337
1042.208000 0.339493
1043.209000 0.314893
1044.317000 0.349921
1045.318000 0.404523
1046.319000 0.365459
1047.327000 0.349349
1048.329000 0.344615
1049.337000 0.330349
1050.339000 0.339154
1051.347000 0.327635
1052.348000 0.381291
1053.428000 0.393719
1054.429000 0.496655
1055.430000 0.422857
1056.438000 0.418563
1057.439000 0.474789
1058.440000 0.385958
1059.447000 0.409470
1060.448000 0.340859
1061.449000 0.347692
1062.450000 0.358058
1063.457000 0.349696
1064.458000 0.365459
1065.459000 0.362726
1066.460000 0.432424
1067.467000 0.477394
1068.469000 0.411513
1069.477000 0.391421
1070.478000 0.398258
1071.479000 0.388691
1072.480000 0.499389
1073.487000 0.367357
1074.597000 0.431142
1075.607000 0.458368
1076.608000 0.451556
