0.000000 0.184891
1.689000 0.186761
2.699000 0.171404
3.870000 0.167746
5.009000 0.149537
6.010000 0.177802
7.019000 0.213532
8.030000 0.214203
9.031000 0.229874
10.039000 0.167926
11.181000 0.306948
12.182000 0.367366
13.189000 0.297635
14.300000 0.347217
15.310000 0.369165
16.340000 0.351525
17.409000 0.400717
18.420000 0.453351
19.480000 0.343285
20.481000 0.464624
21.490000 0.300051
22.491000 0.304803
23.499000 0.045147
24.539000 0.028938
25.560000 0.060294
26.570000 0.138154
27.579000 0.042941
28.580000 0.107964
29.589000 0.124733
30.590000 0.074164
31.599000 0.037962
32.689000 0.021336
33.719000 0.030548
34.809000 0.021336
35.881000 0.019142
37.030000 0.079293
38.040000 0.251929
39.041000 0.216572
40.050000 0.194425
41.060000 0.174894
42.070000 0.188202
43.072000 0.189098
44.080000 0.210938
45.101000 0.281010
46.110000 0.268283
47.111000 0.292678
48.120000 0.246597
49.121000 0.125730
50.130000 0.136155
51.141000 0.213630
52.143000 0.361639
53.150000 0.318028
54.151000 0.301625
55.152000 0.286559
56.161000 0.284139
57.182000 0.282766
58.190000 0.354214
59.200000 0.250056
60.520000 0.105373
61.521000 0.333459
62.540000 0.082750
63.550000 0.264119
66.570000 0.036747
67.572000 0.252575
68.580000 0.333047
69.590000 0.159826
70.600000 0.132733
71.610000 0.113774
72.630000 0.085835
73.890000 0.029246
75.040000 0.011896
76.050000 0.013545
77.110000 0.010325
78.170000 0.025811
79.210000 0.019731
80.330000 0.013436
81.351000 0.068333
83.071000 0.033405
84.160000 0.130927
85.180000 0.178376
86.181000 0.128464
87.190000 0.105081
88.197000 0.229585
89.200000 0.251785
90.201000 0.127097
91.213000 0.095976
92.230000 0.122877
93.231000 0.161263
94.361000 0.143193
95.380000 0.112769
96.390000 0.157117
97.401000 0.164193
98.403000 0.252575
99.409000 0.176386
100.416000 0.175245
101.420000 0.106080
102.421000 0.163996
103.422000 0.168096
104.431000 0.124265
105.451000 0.152894
106.461000 0.142218
107.471000 0.163889
108.472000 0.126567
109.491000 0.157072
110.501000 0.116789
111.511000 0.138154
112.531000 0.094552
113.551000 0.126071
114.561000 0.095816
115.591000 0.123518
116.600000 0.108282
117.601000 0.176296
118.602000 0.165104
119.611000 0.222216
120.641000 0.186463
121.642000 0.302026
122.701000 0.205332
123.702000 0.337042
124.703000 0.254243
125.711000 0.202645
126.712000 0.193128
127.723000 0.204444
128.731000 0.245889
129.732000 0.255560
130.742000 0.218787
131.743000 0.272840
132.763000 0.246538
133.771000 0.257274
134.772000 0.292246
135.781000 0.261669
136.881000 0.206326
137.882000 0.306126
138.883000 0.214048
139.891000 0.327071
140.974000 0.217821
142.002000 0.272802
143.011000 0.312175
144.012000 0.312395
145.013000 0.368094
146.551000 0.177868
147.562000 0.354516
148.602000 0.194587
149.603000 0.356691
152.601000 0.044372
153.612000 0.257092
154.622000 0.264301
155.632000 0.310676
156.633000 0.269081
158.552000 0.143479
159.562000 0.334550
160.567000 0.091254
162.543000 0.151428
164.542000 0.148902
166.595000 0.154213
167.602000 0.259472
168.612000 0.202803
169.622000 0.260055
170.632000 0.279018
171.633000 0.233575
172.642000 0.305055
173.643000 0.289176
174.652000 0.330815
175.674000 0.231814
176.772000 0.271264
177.782000 0.274954
178.783000 0.265302
179.802000 0.241038
182.582000 0.106686
183.583000 0.267860
184.592000 0.136597
186.542000 0.188085
188.532000 0.191085
190.522000 0.210330
192.542000 0.206783
199.571000 0.054547
200.621000 0.049509
201.671000 0.091200
202.741000 0.111230
203.772000 0.169796
204.773000 0.332377
205.775000 0.538740
206.781000 0.606297
207.782000 0.560514
208.783000 0.302801
210.552000 0.143898
212.531000 0.208379
214.551000 0.191340
215.591000 0.369700
216.602000 0.529815
218.542000 0.226251
220.781000 0.209322
222.531000 0.238912
224.551000 0.177561
226.531000 0.160318
228.881000 0.099190
234.445000 0.046093
235.455000 0.046051
236.505000 0.083383
237.524000 0.100687
238.525000 0.159530
239.535000 0.353513
240.545000 0.346412
241.555000 0.335905
242.565000 0.213706
243.625000 0.280099
244.636000 0.392404
245.645000 0.287566
246.655000 0.334550
247.665000 0.154694
248.666000 0.236428
249.675000 0.263025
250.676000 0.173948
251.685000 0.187100
252.695000 0.190978
253.705000 0.167361
254.707000 0.107856
255.715000 0.081429
256.745000 0.061095
257.775000 0.063751
270.694000 0.000953
271.753000 0.011626
272.854000 0.011183
273.864000 0.018382
274.874000 0.166598
275.884000 0.162686
276.977000 0.150722
278.094000 0.222731
279.214000 0.234759
280.274000 0.245834
281.315000 0.248097
282.324000 0.232305
283.604000 0.164587
284.815000 0.181303
285.816000 0.236650
286.824000 0.245391
287.825000 0.246425
288.826000 0.247968
289.827000 0.240717
290.834000 0.220927
291.984000 0.212585
292.985000 0.325259
294.175000 0.127807
295.184000 0.166763
296.374000 0.200234
297.384000 0.249220
298.385000 0.208181
299.386000 0.218880
300.387000 0.214628
301.395000 0.249148
302.406000 0.246785
303.407000 0.264457
304.445000 0.207016
305.774000 0.114257
306.785000 0.208380
307.794000 0.145512
308.805000 0.196202
309.815000 0.211295
310.825000 0.162775
311.834000 0.238620
312.835000 0.202990
313.855000 0.210064
315.085000 0.252699
316.104000 0.265018
317.174000 0.262184
318.275000 0.264655
319.495000 0.269588
320.496000 0.155796
321.505000 0.210145
322.506000 0.244627
323.515000 0.168865
324.516000 0.267860
325.525000 0.208821
326.545000 0.216115
327.546000 0.311592
328.735000 0.212247
329.745000 0.335905
330.755000 0.216919
331.756000 0.200072
332.765000 0.254890
333.775000 0.151563
334.814000 0.275148
335.815000 0.322525
336.825000 0.160660
337.826000 0.214561
338.835000 0.251960
342.535000 0.097910
343.545000 0.348095
346.535000 0.040538
347.545000 0.319651
348.946000 0.055141
349.956000 0.270891
350.957000 0.124139
351.975000 0.214319
352.977000 0.298994
353.985000 0.256462
354.995000 0.247865
355.996000 0.255560
357.005000 0.302711
358.006000 0.329886
359.015000 0.444583
362.535000 0.127043
363.545000 0.289853
364.565000 0.212535
365.575000 0.265473
366.745000 0.184180
367.756000 0.217852
368.757000 0.220652
369.765000 0.307936
370.766000 0.171949
372.545000 0.122309
374.535000 0.149002
376.546000 0.124404
378.547000 0.106585
380.875000 0.112424
382.565000 0.159911
384.536000 0.166341
385.537000 0.392224
386.596000 0.242787
387.605000 0.305055
388.606000 0.289726
389.607000 0.252912
390.626000 0.221109
392.525000 0.173193
393.526000 0.297926
394.536000 0.076570
395.537000 0.289726
396.547000 0.170218
397.548000 0.286993
400.546000 0.048805
401.547000 0.321159
402.556000 0.177780
403.557000 0.312959
404.566000 0.106794
405.576000 0.350804
406.578000 0.163214
407.586000 0.371857
408.587000 0.062994
409.596000 0.372844
410.606000 0.314945
411.616000 0.255116
414.536000 0.109214
415.546000 0.325069
416.547000 0.021694
418.536000 0.141814
419.556000 0.116682
420.586000 0.066408
421.596000 0.052824
422.606000 0.123897
423.607000 0.224274
424.626000 0.194661
425.636000 0.039279
427.328000 0.009702
428.329000 0.208947
429.337000 0.314117
430.347000 0.283613
431.357000 0.258104
432.367000 0.196845
433.376000 0.126089
434.541000 0.104507
435.546000 0.212346
436.548000 0.260779
437.549000 0.281510
438.556000 0.346415
439.707000 0.215852
440.708000 0.274577
444.546000 0.060906
445.556000 0.140863
446.557000 0.166729
448.577000 0.010234
449.586000 0.178965
451.116000 0.112324
452.117000 0.166729
453.148000 0.213063
454.317000 0.244944
455.318000 0.340292
456.319000 0.306221
457.327000 0.306714
458.547000 0.061668
460.537000 0.159099
461.539000 0.335856
462.557000 0.009303
463.558000 0.218661
464.559000 0.217357
465.567000 0.279571
466.568000 0.304759
467.577000 0.195603
468.587000 0.303398
469.588000 0.178584
470.607000 0.147880
471.616000 0.097617
472.627000 0.121780
473.637000 0.084826
474.647000 0.143572
475.657000 0.174349
476.827000 0.150088
477.832000 0.127952
479.047000 0.007881
480.087000 0.011838
481.117000 0.071720
482.127000 0.039344
483.287000 0.036559
485.057000 0.050237
487.058000 0.020510
489.237000 0.000628
490.577000 0.001021
495.189000 0.000890
496.194000 0.213796
497.198000 0.237725
498.268000 0.214613
500.618000 0.088149
501.628000 0.260194
502.629000 0.225369
503.638000 0.265129
504.698000 0.198714
505.700000 0.230442
506.708000 0.281264
507.709000 0.236885
508.710000 0.301431
509.718000 0.352857
510.818000 0.260952
512.007000 0.351769
513.158000 0.289434
514.337000 0.290915
515.338000 0.352591
516.538000 0.028996
518.528000 0.179849
519.538000 0.333196
520.549000 0.023629
521.569000 0.327247
522.578000 0.278753
523.579000 0.317875
526.518000 0.016372
527.519000 0.466022
528.538000 0.122322
529.539000 0.404523
530.540000 0.263301
531.548000 0.259627
532.729000 0.278048
534.519000 0.217974
535.549000 0.413915
536.550000 0.351548
538.518000 0.164305
539.519000 0.349858
540.529000 0.028328
542.518000 0.174061
544.518000 0.175133
546.518000 0.176852
548.518000 0.173257
550.518000 0.162157
552.518000 0.139961
553.529000 0.340856
554.538000 0.357931
555.539000 0.353721
558.509000 0.103933
559.510000 0.341658
560.511000 0.356691
561.518000 0.281587
564.519000 0.063049
571.465000 0.052823
572.495000 0.096955
573.515000 0.127412
574.516000 0.139067
575.518000 0.187042
576.546000 0.182375
577.555000 0.216928
578.556000 0.147225
579.565000 0.197946
580.566000 0.212300
581.567000 0.297402
582.568000 0.302088
583.696000 0.357187
584.698000 0.452039
591.263000 0.029210
592.313000 0.052114
593.363000 0.084686
594.364000 0.118897
595.393000 0.173864
596.404000 0.337781
597.405000 0.522598
598.413000 0.304954
599.414000 0.263807
600.425000 0.283435
601.433000 0.279003
602.543000 0.131896
604.543000 0.158824
606.623000 0.117583
607.632000 0.093550
608.672000 0.098654
609.903000 0.053284
610.923000 0.037553
611.924000 0.274693
612.934000 0.206587
613.973000 0.222398
614.977000 0.162143
616.002000 0.178428
617.003000 0.196795
618.013000 0.159826
619.203000 0.091349
620.204000 0.157163
621.213000 0.150494
622.223000 0.055533
623.233000 0.125619
624.234000 0.270593
625.243000 0.280534
626.304000 0.334357
627.306000 0.359526
628.546000 0.245772
629.573000 0.335491
630.783000 0.226463
632.533000 0.148764
634.564000 0.129851
636.563000 0.140349
638.554000 0.140559
640.556000 0.145344
642.544000 0.154693
644.553000 0.165971
645.554000 0.393590
646.555000 0.047488
647.563000 0.342000
648.573000 0.149418
649.574000 0.150330
650.583000 0.147782
651.584000 0.181762
652.594000 0.074250
653.603000 0.092194
654.613000 0.170661
655.614000 0.217295
656.624000 0.261410
657.625000 0.291647
658.633000 0.414589
659.634000 0.328894
660.644000 0.338614
661.645000 0.276766
662.664000 0.201129
663.693000 0.180805
664.694000 0.079300
665.696000 0.253705
666.864000 0.239903
667.875000 0.276036
668.884000 0.141884
669.914000 0.053126
670.953000 0.030283
671.974000 0.056274
673.274000 0.035778
674.297000 0.112328
675.305000 0.172532
676.316000 0.259798
677.324000 0.203247
678.334000 0.214004
679.335000 0.145200
680.356000 0.182221
681.534000 0.163205
682.544000 0.188269
683.564000 0.111318
684.565000 0.079265
685.604000 0.124481
686.624000 0.127412
687.634000 0.098875
688.635000 0.087465
689.644000 0.142573
690.654000 0.222131
691.755000 0.133654
692.764000 0.117954
693.904000 0.068400
694.924000 0.223976
695.934000 0.141862
696.944000 0.223485
697.974000 0.168970
698.979000 0.255904
699.984000 0.163343
700.985000 0.151692
701.996000 0.234089
703.194000 0.171285
704.195000 0.117530
708.204000 0.010134
709.364000 0.587745
710.365000 0.187229
711.556000 0.189364
712.565000 0.231841
713.566000 0.239082
714.576000 0.222693
715.595000 0.193319
716.604000 0.118405
717.614000 0.128673
718.624000 0.124629
719.625000 0.240527
720.626000 0.166709
721.645000 0.232251
722.655000 0.172016
723.664000 0.115974
724.764000 0.136930
725.775000 0.196202
726.784000 0.117576
727.984000 0.162575
728.985000 0.106597
729.986000 0.223717
730.995000 0.253357
732.018000 0.199218
733.035000 0.232414
734.045000 0.238348
735.055000 0.190978
736.135000 0.061468
737.136000 0.161263
738.145000 0.182608
739.165000 0.179678
740.174000 0.191167
741.175000 0.161217
742.176000 0.182463
743.184000 0.173843
744.185000 0.181776
745.245000 0.193185
746.255000 0.216713
747.265000 0.112338
748.284000 0.158414
749.285000 0.113616
750.294000 0.135580
751.295000 0.105057
752.305000 0.111065
753.316000 0.107777
754.335000 0.123509
755.356000 0.140686
756.357000 0.138473
757.358000 0.157163
758.365000 0.172528
759.375000 0.146839
760.395000 0.159600
761.396000 0.162629
762.422000 0.135892
763.425000 0.207314
764.445000 0.140176
765.516000 0.150526
766.517000 0.191329
767.525000 0.146267
768.535000 0.134091
769.545000 0.128673
770.555000 0.113774
771.556000 0.086856
772.565000 0.105752
773.576000 0.115015
774.585000 0.088388
775.605000 0.111318
776.625000 0.108635
777.626000 0.120264
778.636000 0.127319
779.638000 0.069039
780.665000 0.087914
781.765000 0.147093
782.805000 0.113123
783.825000 0.091200
784.845000 0.063967
785.855000 0.093457
786.935000 0.052974
787.936000 0.049199
788.945000 0.067790
789.947000 0.153361
790.958000 0.221051
791.965000 0.165036
792.978000 0.204110
793.986000 0.238857
794.995000 0.161683
795.996000 0.201250
797.005000 0.256246
798.006000 0.178465
799.026000 0.227619
800.027000 0.169367
801.046000 0.217484
802.047000 0.160024
803.056000 0.174898
804.066000 0.139509
805.175000 0.106301
806.195000 0.148871
807.196000 0.154430
808.225000 0.101830
809.226000 0.125730
810.236000 0.082622
811.246000 0.084590
812.326000 0.192241
813.336000 0.258701
814.338000 0.192962
815.355000 0.074530
816.358000 0.064104
817.366000 0.253904
818.376000 0.198562
819.386000 0.148883
820.396000 0.161180
821.399000 0.216625
822.406000 0.174315
823.409000 0.151015
824.419000 0.132688
825.426000 0.143124
826.436000 0.194318
827.438000 0.282611
828.446000 0.232294
829.457000 0.231879
830.466000 0.224161
831.496000 0.229614
832.497000 0.269227
833.516000 0.173318
834.526000 0.059596
835.527000 0.116164
836.546000 0.171710
837.556000 0.144927
838.576000 0.085835
839.586000 0.070432
840.596000 0.099198
841.626000 0.154066
842.636000 0.089394
843.846000 0.075407
844.866000 0.063035
845.876000 0.107002
846.916000 0.107862
847.926000 0.039279
848.936000 0.046051
850.006000 0.031963
851.016000 0.022248
852.026000 0.027089
853.036000 0.029798
854.077000 0.035481
855.086000 0.037962
856.116000 0.029219
865.782000 0.000283
866.802000 0.013412
867.832000 0.013282
868.905000 0.012749
870.052000 0.009541
871.122000 0.011507
886.035000 0.000734
887.401000 0.130696
888.496000 0.151385
889.526000 0.274616
890.555000 0.302932
891.624000 0.246892
