0.000000 0.339559
6.115000 0.002679
28.972000 0.003633
29.982000 0.394775
30.992000 0.318240
32.002000 0.175523
33.023000 0.176372
34.172000 0.261825
35.282000 0.268460
36.422000 0.311782
37.423000 0.377279
38.432000 0.505659
39.438000 0.395295
40.592000 0.312296
41.593000 0.554419
42.652000 0.333158
43.832000 0.361848
45.003000 0.381157
46.004000 0.447321
47.011000 0.316093
48.012000 0.325228
49.013000 0.266916
50.211000 0.280107
51.291000 0.381121
52.293000 0.426709
53.441000 0.332796
54.561000 0.382492
55.562000 0.419421
56.572000 0.444818
57.621000 0.359623
58.622000 0.501971
59.641000 0.356176
60.652000 0.338096
61.653000 0.352352
62.831000 0.346522
63.882000 0.375190
64.891000 0.311833
65.901000 0.173464
66.902000 0.237794
67.911000 0.194951
68.912000 0.289840
69.921000 0.294102
70.931000 0.361210
71.932000 0.304759
72.941000 0.267869
73.951000 0.260111
74.954000 0.425442
75.961000 0.214201
77.031000 0.379254
78.041000 0.435378
79.221000 0.285660
80.231000 0.372471
81.232000 0.494635
82.251000 0.276855
83.270000 0.259779
84.396000 0.239311
85.401000 0.516748
86.411000 0.337733
87.412000 0.324276
88.421000 0.409918
89.441000 0.349659
90.450000 0.388916
91.451000 0.379452
92.461000 0.396331
93.462000 0.370800
94.551000 0.392655
95.552000 0.422356
96.553000 0.487767
97.661000 0.408769
98.662000 0.506208
99.663000 0.499394
100.811000 0.425705
101.821000 0.451133
102.921000 0.417840
103.922000 0.527576
104.931000 0.542611
106.121000 0.427468
107.131000 0.575048
108.240000 0.430243
109.241000 0.519107
110.492000 0.389478
111.494000 0.765435
112.501000 0.197581
113.503000 0.452249
114.505000 0.531891
115.511000 0.548483
116.512000 0.526988
117.513000 0.686050
118.515000 0.547375
119.520000 0.679236
120.521000 0.459242
121.670000 0.485315
122.671000 0.589019
123.672000 0.422443
124.674000 0.500007
125.681000 0.474423
127.071000 0.530093
128.072000 0.561686
129.073000 0.487917
130.350000 0.097117
131.351000 0.839188
132.421000 0.493718
133.422000 0.645051
134.431000 0.514901
135.432000 0.567153
136.441000 0.459176
137.442000 0.625918
138.450000 0.527223
144.368000 0.002769
145.481000 0.699041
146.499000 0.243230
147.502000 0.473276
148.503000 0.412900
149.562000 0.470162
150.571000 0.518429
151.572000 0.449823
152.573000 0.535720
154.315000 0.122139
155.321000 0.713847
156.331000 0.153723
157.451000 0.156889
158.481000 0.208480
159.482000 0.204342
160.483000 0.250451
161.511000 0.237220
162.682000 0.214504
163.701000 0.260032
164.791000 0.256487
165.792000 0.240764
166.793000 0.265662
168.001000 0.190829
169.072000 0.241753
170.082000 0.222852
171.083000 0.255211
172.085000 0.225666
173.201000 0.180257
174.281000 0.233408
175.302000 0.178465
176.303000 0.218008
177.451000 0.176754
178.452000 0.214551
179.453000 0.186640
180.480000 0.118858
181.541000 0.132187
182.601000 0.184850
183.602000 0.163945
184.660000 0.167250
185.802000 0.193598
186.811000 0.188480
187.813000 0.226166
188.961000 0.163998
189.962000 0.207847
191.060000 0.213451
192.121000 0.202402
193.201000 0.213552
194.290000 0.217603
195.341000 0.196954
196.411000 0.170740
197.600000 0.194827
198.601000 0.238059
199.602000 0.211421
200.603000 0.146180
201.605000 0.220984
202.800000 0.192001
203.802000 0.245990
204.803000 0.175888
205.820000 0.205976
206.920000 0.166422
208.071000 0.200096
209.250000 0.213846
210.252000 0.297817
211.360000 0.195288
212.361000 0.240256
213.370000 0.254823
214.470000 0.141755
215.480000 0.164314
216.493000 0.104968
217.500000 0.111883
218.501000 0.139114
219.520000 0.143806
220.523000 0.233418
221.590000 0.193153
222.791000 0.218455
223.981000 0.206172
225.081000 0.213706
226.083000 0.244158
227.084000 0.191191
228.090000 0.197012
229.091000 0.197566
230.150000 0.204042
231.151000 0.196232
232.170000 0.161451
233.171000 0.235416
234.180000 0.185008
235.300000 0.177027
236.310000 0.238019
237.380000 0.225236
238.382000 0.300359
239.390000 0.261345
240.480000 0.281649
241.590000 0.291085
242.760000 0.261108
243.770000 0.334882
244.771000 0.201601
245.780000 0.220995
246.781000 0.206112
247.790000 0.233232
248.800000 0.278784
249.810000 0.246524
250.812000 0.362684
251.813000 0.362334
252.820000 0.417057
253.821000 0.345432
254.830000 0.316235
255.840000 0.267555
256.849000 0.317257
257.850000 0.238537
258.900000 0.256869
259.901000 0.308859
260.910000 0.242102
261.919000 0.310478
262.930000 0.221556
263.939000 0.290141
264.940000 0.235364
265.950000 0.280372
266.959000 0.238616
267.960000 0.262394
268.989000 0.222948
270.710000 0.000795
271.719000 0.710953
272.720000 0.362158
273.870000 0.293590
274.871000 0.387325
275.890000 0.399167
277.139000 0.461941
278.140000 0.325239
279.150000 0.290584
280.159000 0.271160
281.160000 0.186136
282.169000 0.192940
283.170000 0.248727
284.179000 0.193931
285.180000 0.250094
286.189000 0.200846
287.190000 0.266494
288.199000 0.239477
289.200000 0.280332
290.209000 0.281336
292.448000 0.052545
293.479000 0.150181
294.480000 0.285626
295.489000 0.257172
296.499000 0.201395
297.509000 0.232966
298.529000 0.147122
299.539000 0.188269
300.540000 0.176166
301.541000 0.233634
302.549000 0.233429
303.559000 0.132515
304.568000 0.119310
306.173000 0.010208
307.188000 0.182073
308.219000 0.065016
309.228000 0.071857
310.238000 0.067868
311.239000 0.099764
312.249000 0.096166
313.269000 0.081712
314.288000 0.111427
315.429000 0.060127
316.448000 0.088605
317.458000 0.094812
318.491000 0.072924
319.499000 0.067857
320.508000 0.053078
321.518000 0.058242
322.538000 0.081961
323.558000 0.054988
324.578000 0.046987
325.588000 0.033563
326.618000 0.046485
327.648000 0.038517
328.668000 0.036212
329.698000 0.029947
330.718000 0.052306
331.748000 0.041173
332.778000 0.030186
333.839000 0.026230
334.859000 0.029535
336.108000 0.024484
337.248000 0.020400
338.288000 0.026308
339.318000 0.019137
340.498000 0.019708
341.528000 0.033204
342.538000 0.023550
343.548000 0.033861
344.588000 0.031569
345.598000 0.029416
346.618000 0.034871
347.638000 0.036212
348.648000 0.020150
349.688000 0.023677
350.708000 0.017265
351.718000 0.031152
352.728000 0.047199
353.738000 0.070237
354.828000 0.060918
355.859000 0.065568
356.881000 0.050865
357.918000 0.031250
358.947000 0.030577
359.978000 0.030518
360.988000 0.028507
361.989000 0.031433
363.008000 0.040275
364.028000 0.035097
365.068000 0.035515
366.098000 0.026925
367.108000 0.039651
368.118000 0.056887
369.128000 0.072348
370.138000 0.092210
371.298000 0.086617
372.308000 0.055533
373.318000 0.046605
374.327000 0.056944
375.347000 0.048265
376.367000 0.043716
377.398000 0.044086
378.478000 0.021641
379.498000 0.028165
380.520000 0.026771
381.577000 0.013518
382.617000 0.022362
383.648000 0.022557
384.677000 0.023509
385.688000 0.037887
386.717000 0.028925
387.737000 0.037553
388.797000 0.024782
390.088000 0.021193
395.346000 0.002342
396.356000 0.066389
397.366000 0.083736
398.396000 0.047814
399.466000 0.031963
400.486000 0.025482
401.496000 0.065014
402.498000 0.105126
403.706000 0.083580
404.707000 0.068332
405.716000 0.058299
406.736000 0.030847
408.106000 0.009985
415.975000 0.000348
417.015000 0.002631
418.035000 0.006706
419.315000 0.004275
420.454000 0.008407
421.515000 0.009025
422.555000 0.009208
423.892000 0.006139
424.912000 0.014753
425.952000 0.014469
427.211000 0.008693
428.376000 0.007045
429.492000 0.006129
430.531000 0.006583
431.572000 0.006571
555.273000 0.000033
