0.000000 0.296920
1.001000 0.284827
2.009000 0.282849
3.070000 0.290639
4.071000 0.327992
5.080000 0.296127
6.090000 0.283644
7.139000 0.299180
8.150000 0.312570
9.151000 0.302593
10.160000 0.290704
11.229000 0.296142
12.230000 0.325259
13.231000 0.298494
14.232000 0.294394
15.279000 0.295832
16.280000 0.329359
17.282000 0.265426
18.289000 0.295359
19.290000 0.330725
20.291000 0.295760
21.300000 0.297483
22.309000 0.290704
23.310000 0.323892
24.311000 0.271161
25.319000 0.269279
26.379000 0.279298
27.380000 0.315692
28.389000 0.273078
29.400000 0.280657
30.409000 0.283362
31.411000 0.274986
32.412000 0.264328
33.421000 0.267092
39.034000 0.002919
42.150000 0.019510
43.162000 0.243320
44.241000 0.531010
45.242000 0.567720
46.252000 0.641220
47.261000 0.548868
48.262000 0.473423
49.263000 0.466589
50.264000 0.549954
51.271000 0.477958
52.273000 0.553501
53.351000 0.573380
54.388000 0.410784
55.391000 0.769246
56.392000 0.551888
57.393000 0.551321
58.401000 0.562984
59.402000 0.657918
60.411000 0.567849
61.412000 0.588220
62.413000 0.515788
63.414000 0.536855
64.422000 0.508135
65.432000 0.508483
66.442000 0.485457
67.443000 0.489822
68.470000 0.431353
69.480000 0.444824
70.481000 0.375026
71.511000 0.393685
72.560000 0.389163
73.561000 0.410557
74.563000 0.429690
75.571000 0.474206
76.572000 0.536288
77.581000 0.430351
78.582000 0.424224
79.591000 0.434418
80.592000 0.472056
81.600000 0.387349
82.601000 0.252028
83.610000 0.279857
84.611000 0.426957
85.612000 0.530821
86.613000 0.433790
87.631000 0.458798
88.644000 0.482669
89.711000 0.443389
90.713000 0.564423
91.714000 0.525355
92.790000 0.509606
93.800000 0.121901
94.840000 0.167054
95.860000 0.186980
96.930000 0.308650
97.940000 0.302044
98.941000 0.324460
99.950000 0.359849
100.951000 0.265694
101.970000 0.372428
102.971000 0.482989
103.980000 0.545594
104.991000 0.505274
106.001000 0.499564
107.061000 0.386415
108.070000 0.523901
109.071000 0.496655
110.072000 0.555421
111.080000 0.535841
112.081000 0.556787
113.082000 0.529455
114.083000 0.539588
115.084000 0.573187
116.090000 0.566258
117.091000 0.460324
118.092000 0.589586
119.100000 0.542063
120.101000 0.392791
121.110000 0.302906
122.111000 0.331293
123.120000 0.309685
124.121000 0.435157
125.130000 0.414081
126.220000 0.297967
127.221000 0.448823
128.260000 0.354726
129.261000 0.433790
130.262000 0.489822
131.263000 0.590952
132.270000 0.488243
133.271000 0.275280
134.280000 0.457467
135.290000 0.440760
136.291000 0.347692
137.292000 0.443357
138.300000 0.514921
139.301000 0.446657
140.302000 0.458390
141.310000 0.411778
142.329000 0.316043
143.330000 0.195429
145.135000 0.009077
146.141000 0.272565
147.159000 0.107505
148.169000 0.144927
149.170000 0.273894
150.179000 0.319175
151.180000 0.314893
152.189000 0.325391
153.190000 0.288927
154.199000 0.244607
155.214000 0.159038
156.219000 0.121146
157.229000 0.188832
158.259000 0.276808
159.260000 0.318426
160.280000 0.346580
161.281000 0.351792
162.289000 0.399563
163.300000 0.571577
164.301000 0.418757
165.302000 0.446657
166.379000 0.376505
167.381000 0.459756
168.460000 0.332701
169.469000 0.216928
170.519000 0.181638
171.529000 0.215358
172.538000 0.183033
173.539000 0.153630
174.540000 0.210462
175.549000 0.133431
176.550000 0.192695
177.589000 0.129578
178.611000 0.085667
179.668000 0.068594
180.688000 0.037553
181.709000 0.105849
182.719000 0.125172
183.738000 0.067125
184.740000 0.102395
185.749000 0.086771
187.228000 0.015724
188.641000 0.073982
189.649000 0.165571
190.658000 0.172186
191.668000 0.087248
192.678000 0.082622
193.679000 0.221395
194.680000 0.314893
195.689000 0.292059
196.759000 0.276688
197.760000 0.330725
198.769000 0.351715
199.770000 0.402359
200.779000 0.332733
201.788000 0.328666
202.799000 0.342897
203.839000 0.339918
204.841000 0.367257
205.842000 0.309427
206.849000 0.314375
207.859000 0.318859
208.860000 0.318426
209.869000 0.287992
210.879000 0.421798
211.889000 0.427216
212.899000 0.443469
213.909000 0.358139
214.910000 0.299860
215.918000 0.282846
216.958000 0.314926
217.960000 0.321159
218.968000 0.286921
219.969000 0.276627
220.978000 0.302343
221.979000 0.313526
222.981000 0.280444
223.988000 0.349699
224.989000 0.452922
226.009000 0.357310
227.011000 0.407417
228.012000 0.530821
229.019000 0.583357
230.020000 0.452124
231.021000 0.406458
232.023000 0.431992
233.028000 0.426619
234.040000 0.416909
235.078000 0.323437
236.079000 0.469323
237.081000 0.453836
238.082000 0.358625
239.088000 0.384040
240.089000 0.376731
241.090000 0.296220
242.091000 0.373658
243.099000 0.518992
244.138000 0.429005
245.168000 0.398998
246.199000 0.396342
247.200000 0.451556
248.201000 0.504855
249.209000 0.626206
250.210000 0.426957
251.218000 0.402278
252.219000 0.446657
253.220000 0.510322
254.238000 0.469548
255.248000 0.367620
256.250000 0.385573
257.258000 0.395492
258.259000 0.353159
259.260000 0.426957
260.262000 0.482507
261.268000 0.461551
262.269000 0.559520
263.278000 0.376119
264.280000 0.300926
265.287000 0.307584
266.288000 0.277427
267.289000 0.373658
268.299000 0.394709
269.300000 0.398258
270.302000 0.427896
271.308000 0.420755
272.368000 0.438574
273.369000 0.284260
274.388000 0.232809
275.389000 0.247361
276.397000 0.194635
277.407000 0.235675
278.418000 0.245476
279.428000 0.247073
280.437000 0.220995
281.447000 0.225402
282.448000 0.217295
283.458000 0.188832
284.459000 0.280160
285.460000 0.295760
286.462000 0.412878
287.468000 0.396278
288.469000 0.354525
289.480000 0.338841
290.487000 0.397243
291.488000 0.361350
292.497000 0.327319
293.501000 0.420231
294.548000 0.376840
295.627000 0.378343
296.687000 0.386415
297.688000 0.400424
298.689000 0.335393
299.697000 0.319492
300.717000 0.275498
301.757000 0.287300
302.758000 0.333459
303.759000 0.349059
304.767000 0.274687
305.817000 0.255919
306.827000 0.276309
307.828000 0.323093
308.829000 0.308060
309.837000 0.306714
310.838000 0.298494
311.847000 0.262232
312.848000 0.338126
313.849000 0.340859
314.850000 0.351225
315.857000 0.319809
316.858000 0.452923
317.867000 0.498141
318.877000 0.407797
319.878000 0.288020
320.887000 0.283925
321.897000 0.244364
322.900000 0.405485
323.907000 0.245092
324.908000 0.350426
325.917000 0.395100
326.919000 0.586267
327.920000 0.524555
328.921000 0.642885
329.928000 0.611090
330.937000 0.590335
332.037000 0.496000
333.039000 0.608719
334.040000 0.511688
335.087000 0.492363
336.089000 0.414244
337.091000 0.522100
338.097000 0.562179
339.098000 0.491189
340.099000 0.447457
341.101000 0.476248
342.103000 0.512543
343.106000 0.512032
344.117000 0.524218
345.118000 0.418757
346.127000 0.377475
347.136000 0.361205
348.137000 0.298494
349.138000 0.287560
350.156000 0.189477
351.166000 0.105648
352.167000 0.160464
353.176000 0.298838
354.178000 0.344048
355.197000 0.282481
356.198000 0.329926
357.206000 0.286921
358.207000 0.262394
359.217000 0.205085
360.246000 0.171499
361.266000 0.109976
362.277000 0.134520
363.286000 0.172186
364.296000 0.301252
365.316000 0.240627
366.317000 0.261027
367.326000 0.258165
368.327000 0.310793
369.406000 0.339040
370.407000 0.385391
371.416000 0.319175
372.426000 0.271453
373.427000 0.350426
374.498000 0.288194
375.506000 0.295857
376.516000 0.236238
377.517000 0.301227
378.518000 0.417391
379.596000 0.353314
380.628000 0.363209
381.636000 0.413135
382.666000 0.423453
383.667000 0.476159
384.676000 0.349003
385.686000 0.291208
386.687000 0.418757
387.697000 0.452950
388.706000 0.453961
389.707000 0.455656
390.708000 0.470689
391.726000 0.562271
392.727000 0.338126
393.729000 0.399226
394.736000 0.254602
395.737000 0.336192
396.745000 0.242135
397.766000 0.198856
398.816000 0.389163
399.856000 0.395162
400.906000 0.390095
401.916000 0.405545
402.917000 0.440623
403.986000 0.353729
404.995000 0.400357
405.996000 0.256128
406.997000 0.253395
408.006000 0.275227
409.008000 0.366459
410.025000 0.230576
411.026000 0.204995
412.045000 0.172396
413.126000 0.261217
414.145000 0.249704
415.147000 0.168495
416.165000 0.194853
417.166000 0.192695
418.167000 0.200096
419.175000 0.216349
420.176000 0.303393
421.177000 0.254761
422.185000 0.319492
423.186000 0.429690
424.195000 0.340849
425.196000 0.226861
426.335000 0.142240
427.357000 0.136532
428.366000 0.146426
429.367000 0.148164
430.375000 0.196786
431.385000 0.181497
432.386000 0.131764
433.395000 0.124733
434.396000 0.146230
435.425000 0.132167
436.435000 0.158471
437.437000 0.145285
438.450000 0.109386
439.465000 0.057955
440.466000 0.091564
441.475000 0.180884
442.485000 0.195042
443.545000 0.146370
444.546000 0.168096
445.555000 0.183033
446.556000 0.168663
447.575000 0.214799
448.585000 0.195604
449.595000 0.227549
450.605000 0.192895
451.615000 0.242448
452.616000 0.216496
453.625000 0.207437
454.626000 0.156364
455.635000 0.164052
456.664000 0.108237
457.667000 0.133796
458.675000 0.194071
459.685000 0.213212
460.695000 0.204523
461.696000 0.113998
462.705000 0.105752
463.734000 0.081096
464.735000 0.116164
465.736000 0.179596
466.745000 0.225062
467.746000 0.156364
468.756000 0.165244
469.914000 0.116263
471.094000 0.061496
472.104000 0.070432
473.105000 0.161263
474.115000 0.219984
475.125000 0.258701
476.135000 0.290416
477.144000 0.244607
478.164000 0.144847
479.165000 0.116164
480.195000 0.150633
481.196000 0.168096
482.285000 0.122485
483.286000 0.343025
484.287000 0.297127
485.294000 0.477394
486.295000 0.276627
487.305000 0.196396
488.324000 0.073052
489.354000 0.043829
490.357000 0.035462
491.364000 0.115472
492.465000 0.163284
493.534000 0.381882
494.565000 0.398611
495.566000 0.370358
496.575000 0.267655
497.576000 0.328559
498.604000 0.250732
499.605000 0.211828
500.614000 0.178965
501.624000 0.156325
502.641000 0.122407
503.744000 0.130742
504.755000 0.132605
505.764000 0.181677
506.784000 0.106511
507.804000 0.111318
508.815000 0.085246
509.824000 0.134224
510.834000 0.121109
511.835000 0.157163
512.984000 0.163607
513.994000 0.159826
514.997000 0.226409
516.014000 0.245373
517.024000 0.228111
518.025000 0.277427
519.034000 0.252741
520.035000 0.226861
521.044000 0.095469
522.045000 0.163996
523.054000 0.228337
524.056000 0.315377
525.084000 0.196171
526.094000 0.193687
527.234000 0.108498
528.235000 0.225495
529.237000 0.253142
530.556000 0.038375
531.564000 0.228563
532.565000 0.226861
533.574000 0.214779
534.575000 0.299293
535.577000 0.244950
536.584000 0.209772
537.594000 0.241332
538.595000 0.238362
539.603000 0.223929
540.615000 0.189810
541.624000 0.204725
542.642000 0.190035
543.644000 0.217078
544.653000 0.199865
545.654000 0.262394
546.655000 0.224695
547.657000 0.243018
548.664000 0.221998
549.674000 0.205085
