0.000000 0.152979
1.009000 0.249753
2.019000 0.151536
3.092000 0.172545
4.229000 0.149546
5.348000 0.156408
6.538000 0.176372
7.648000 0.168831
8.819000 0.173465
9.828000 0.202581
10.829000 0.174244
11.838000 0.136814
12.849000 0.197183
13.850000 0.145107
15.018000 0.179943
16.159000 0.185770
17.169000 0.090796
18.308000 0.168235
19.309000 0.158568
20.329000 0.177276
21.488000 0.184447
22.518000 0.176394
23.598000 0.164297
24.659000 0.177122
25.709000 0.181897
26.710000 0.209500
27.729000 0.183950
28.739000 0.209977
29.740000 0.223647
30.759000 0.165356
31.768000 0.241354
32.888000 0.177204
33.889000 0.236130
34.891000 0.175700
35.899000 0.167096
36.900000 0.161081
38.092000 0.193159
39.258000 0.187868
40.259000 0.228217
41.278000 0.102696
42.279000 0.196274
43.398000 0.153625
44.399000 0.195563
45.408000 0.171666
46.538000 0.179113
47.539000 0.237203
48.638000 0.191060
49.639000 0.125606
51.048000 0.112114
52.158000 0.186245
53.168000 0.180464
54.178000 0.141469
55.188000 0.197399
56.317000 0.138429
57.478000 0.186622
58.488000 0.245589
59.489000 0.170197
60.538000 0.164843
61.548000 0.223076
62.550000 0.212703
63.617000 0.183899
64.618000 0.222600
65.619000 0.173306
66.658000 0.177157
67.817000 0.174876
68.958000 0.161030
69.968000 0.198145
71.188000 0.136513
72.189000 0.157384
73.278000 0.121482
74.468000 0.160337
75.469000 0.145383
76.477000 0.085916
77.488000 0.027852
78.507000 0.106718
79.508000 0.093893
80.509000 0.095453
81.527000 0.108894
82.528000 0.132633
83.798000 0.142871
84.807000 0.128171
85.808000 0.116276
86.867000 0.094718
87.908000 0.095135
88.988000 0.120994
90.137000 0.147910
91.138000 0.133879
92.247000 0.148456
93.437000 0.160864
94.477000 0.184440
95.478000 0.171146
96.658000 0.140086
97.847000 0.145770
98.849000 0.177964
99.857000 0.130915
100.858000 0.164987
101.859000 0.158172
102.868000 0.139804
103.873000 0.147989
104.877000 0.158875
105.878000 0.141311
106.888000 0.144105
107.977000 0.132588
113.793000 0.002817
114.927000 0.038905
115.929000 0.043689
116.938000 0.060200
117.968000 0.066054
119.007000 0.109222
120.017000 0.191079
121.028000 0.143134
122.157000 0.163562
123.168000 0.183920
124.227000 0.148066
125.228000 0.185308
126.317000 0.163619
127.447000 0.155238
128.547000 0.147228
129.548000 0.163814
130.557000 0.140666
131.707000 0.143642
132.808000 0.176127
133.818000 0.211599
134.827000 0.155590
135.838000 0.170640
136.927000 0.150494
137.930000 0.179515
138.937000 0.172373
139.988000 0.173415
141.007000 0.137260
142.028000 0.159924
143.187000 0.140009
144.197000 0.180539
145.377000 0.161947
146.387000 0.222038
147.392000 0.156893
148.397000 0.135810
149.407000 0.134348
150.408000 0.133552
151.435000 0.117767
152.627000 0.126758
153.677000 0.128924
154.688000 0.115103
155.697000 0.118059
156.717000 0.131005
157.727000 0.143358
158.737000 0.150577
159.738000 0.174252
160.739000 0.090984
161.747000 0.144204
162.877000 0.113392
163.887000 0.168993
164.888000 0.135180
165.889000 0.205129
166.897000 0.162430
167.918000 0.121932
168.927000 0.149694
169.929000 0.149967
171.067000 0.143599
172.077000 0.178640
173.087000 0.148977
174.097000 0.177717
175.098000 0.140736
176.277000 0.117844
177.287000 0.168358
178.357000 0.128938
179.447000 0.111522
180.448000 0.136805
181.476000 0.086932
182.496000 0.060353
183.497000 0.049524
184.546000 0.106065
185.547000 0.140316
186.557000 0.110744
187.566000 0.086100
188.587000 0.123067
189.606000 0.080521
190.806000 0.089807
191.817000 0.077734
193.016000 0.040021
194.426000 0.098230
197.136000 0.010096
198.147000 0.068473
199.156000 0.111042
200.157000 0.123070
201.166000 0.140829
202.177000 0.137696
203.327000 0.113134
204.446000 0.129281
205.496000 0.105145
206.512000 0.136718
207.686000 0.172633
208.887000 0.183042
209.897000 0.188831
210.906000 0.084167
212.128000 0.036943
213.146000 0.062331
214.156000 0.072340
215.157000 0.090180
216.178000 0.038313
217.366000 0.051916
218.367000 0.130005
219.377000 0.154353
220.556000 0.128617
221.566000 0.146043
222.726000 0.126116
223.736000 0.166546
224.836000 0.162155
225.838000 0.185299
226.846000 0.173422
227.856000 0.139198
228.926000 0.090988
229.930000 0.154678
230.936000 0.166910
231.937000 0.172770
232.938000 0.184570
233.979000 0.129965
234.996000 0.144251
235.997000 0.139266
237.026000 0.126901
238.036000 0.117217
239.046000 0.144801
240.048000 0.168001
241.057000 0.140813
242.066000 0.173114
243.067000 0.166035
244.075000 0.106166
245.085000 0.068949
246.097000 0.070707
247.105000 0.095666
248.125000 0.092797
249.126000 0.093386
250.137000 0.057512
251.145000 0.060701
252.146000 0.078079
253.156000 0.102113
254.186000 0.086708
255.205000 0.058824
256.249000 0.013103
257.257000 0.057609
258.535000 0.049785
259.595000 0.055108
260.726000 0.120483
261.736000 0.113803
262.752000 0.125073
263.755000 0.137690
264.765000 0.148433
265.766000 0.121032
266.788000 0.088621
267.795000 0.072077
268.986000 0.054549
269.995000 0.082264
270.996000 0.095197
272.177000 0.091902
273.178000 0.128094
274.196000 0.101096
275.235000 0.085340
276.385000 0.014287
277.396000 0.057716
278.695000 0.017903
281.897000 0.000708
282.905000 0.075248
283.926000 0.037516
285.042000 0.016936
286.045000 0.128341
287.046000 0.127533
288.056000 0.157787
289.057000 0.150194
290.065000 0.121959
291.075000 0.099924
292.077000 0.114057
293.085000 0.104477
294.095000 0.087027
295.285000 0.054316
296.296000 0.039240
297.297000 0.052488
298.345000 0.060694
299.355000 0.049340
300.357000 0.052657
301.595000 0.075939
302.624000 0.107064
303.636000 0.138857
304.655000 0.117280
305.665000 0.122645
306.765000 0.108234
307.777000 0.126899
308.785000 0.104157
309.915000 0.098857
311.040000 0.082428
312.045000 0.119770
313.055000 0.087673
314.065000 0.135051
315.076000 0.193633
316.235000 0.130041
317.236000 0.204572
318.245000 0.160542
319.405000 0.188024
320.445000 0.183624
321.555000 0.181261
322.674000 0.178589
323.865000 0.171791
324.905000 0.186778
325.936000 0.184568
326.985000 0.107763
327.995000 0.191670
329.105000 0.150450
330.115000 0.217362
331.315000 0.166758
332.485000 0.169632
333.585000 0.156629
334.685000 0.182046
335.686000 0.221187
336.694000 0.135090
337.864000 0.124674
339.005000 0.167103
340.085000 0.172696
341.165000 0.173997
342.225000 0.204458
343.356000 0.211806
344.476000 0.224254
345.485000 0.203600
346.495000 0.117620
347.504000 0.122275
348.505000 0.118643
349.554000 0.123720
350.564000 0.151872
351.574000 0.171818
352.576000 0.206331
353.584000 0.168984
354.585000 0.245582
355.594000 0.175577
356.595000 0.207404
357.624000 0.200909
358.665000 0.210579
359.666000 0.195866
360.724000 0.167277
361.854000 0.168474
362.945000 0.180308
363.955000 0.195809
364.974000 0.186283
365.976000 0.209091
366.995000 0.136686
367.996000 0.195557
369.025000 0.164587
370.034000 0.187680
371.040000 0.119509
372.044000 0.123442
373.046000 0.092185
374.054000 0.094369
375.074000 0.083424
376.144000 0.113322
377.306000 0.115519
378.484000 0.107134
379.624000 0.099164
380.634000 0.124459
381.635000 0.101200
382.643000 0.131957
383.663000 0.105233
384.664000 0.125996
385.675000 0.110798
386.773000 0.115860
387.933000 0.124813
388.995000 0.121368
390.004000 0.130428
391.024000 0.113526
392.044000 0.108018
393.134000 0.116496
394.135000 0.150585
395.191000 0.143957
396.194000 0.169462
397.195000 0.198811
398.204000 0.190084
399.324000 0.149864
400.325000 0.212929
401.334000 0.190349
402.354000 0.165130
403.433000 0.179613
404.435000 0.187536
405.544000 0.140541
406.554000 0.197803
407.563000 0.167072
408.564000 0.184793
409.644000 0.216116
410.823000 0.185218
411.834000 0.162149
412.843000 0.117655
413.855000 0.135336
414.863000 0.139079
415.963000 0.152767
417.064000 0.181935
418.383000 0.149813
419.393000 0.162122
420.394000 0.147407
421.413000 0.145920
422.473000 0.121453
423.483000 0.110147
424.493000 0.114590
425.495000 0.137513
426.503000 0.095972
427.513000 0.109981
428.523000 0.118457
429.623000 0.131252
430.633000 0.086066
431.663000 0.083282
432.683000 0.055474
433.708000 0.041166
434.723000 0.033695
435.873000 0.020837
436.913000 0.019731
437.993000 0.021533
439.003000 0.032481
440.062000 0.054396
441.073000 0.051418
442.103000 0.054700
443.302000 0.034884
444.313000 0.046051
445.383000 0.032828
446.393000 0.037925
447.463000 0.031963
448.483000 0.028723
449.522000 0.032916
452.092000 0.012243
453.143000 0.059874
454.153000 0.023715
455.193000 0.023677
457.863000 0.007685
458.864000 0.047832
459.874000 0.051395
460.913000 0.069914
461.932000 0.021480
462.948000 0.035420
463.952000 0.062379
464.953000 0.073859
465.963000 0.083552
467.153000 0.071944
468.292000 0.051621
469.403000 0.054102
470.432000 0.075375
471.433000 0.088252
472.452000 0.093272
473.462000 0.097332
474.464000 0.084088
475.482000 0.098710
476.494000 0.082835
477.502000 0.105338
478.503000 0.089076
479.522000 0.065212
480.542000 0.095197
481.552000 0.098565
482.553000 0.085598
483.612000 0.074943
484.613000 0.100205
485.622000 0.076141
486.773000 0.068949
487.802000 0.061052
488.892000 0.033886
489.902000 0.043987
490.922000 0.045775
491.932000 0.037802
492.942000 0.056725
493.943000 0.079339
495.132000 0.108103
496.142000 0.104990
497.143000 0.099886
498.152000 0.073882
499.162000 0.093761
500.172000 0.076875
501.192000 0.063639
502.202000 0.048116
503.222000 0.046941
504.225000 0.019440
505.242000 0.026903
506.252000 0.024380
507.272000 0.024069
508.292000 0.033529
509.312000 0.025532
510.332000 0.038894
511.392000 0.019064
512.402000 0.105405
513.442000 0.050029
514.462000 0.016094
515.471000 0.058992
516.492000 0.060518
517.502000 0.053180
518.513000 0.061391
519.532000 0.091273
520.541000 0.081837
521.542000 0.071445
522.594000 0.062224
523.601000 0.081639
524.732000 0.056989
525.821000 0.070444
526.831000 0.087570
527.832000 0.073496
528.841000 0.068736
529.941000 0.050246
531.122000 0.058237
532.152000 0.062987
533.162000 0.082377
534.191000 0.077469
535.201000 0.062160
536.202000 0.078971
537.211000 0.102777
538.362000 0.086736
539.541000 0.111444
540.581000 0.118509
541.641000 0.111286
542.821000 0.090164
543.831000 0.084751
544.842000 0.107340
545.851000 0.102541
547.001000 0.097527
548.011000 0.134221
549.034000 0.113744
550.041000 0.103976
551.042000 0.132648
552.051000 0.103928
553.081000 0.106842
554.161000 0.098944
555.171000 0.137491
556.191000 0.128151
557.211000 0.110394
558.232000 0.110567
559.271000 0.107026
560.361000 0.114189
561.471000 0.116093
562.473000 0.150390
563.501000 0.087471
564.503000 0.218959
565.612000 0.150841
566.621000 0.214584
567.821000 0.079502
568.831000 0.132874
569.891000 0.085469
570.941000 0.132168
571.981000 0.128825
572.991000 0.082076
574.191000 0.080539
575.271000 0.062523
576.301000 0.090550
577.321000 0.084978
578.370000 0.078366
579.371000 0.071968
580.381000 0.080671
581.391000 0.080685
582.411000 0.081165
583.421000 0.085801
584.431000 0.126932
585.441000 0.201834
586.501000 0.140414
587.502000 0.211350
588.571000 0.161833
589.573000 0.139261
590.631000 0.084593
591.662000 0.067613
592.671000 0.121278
593.851000 0.089886
594.860000 0.104672
595.874000 0.112187
596.881000 0.099611
597.961000 0.126624
599.021000 0.116564
600.030000 0.117964
601.031000 0.146656
602.040000 0.126855
603.080000 0.107490
604.220000 0.114085
605.371000 0.117230
606.380000 0.117306
607.391000 0.102979
608.450000 0.105207
609.651000 0.108177
610.721000 0.125528
611.741000 0.123504
612.901000 0.097049
613.902000 0.116790
614.930000 0.086196
615.931000 0.153207
617.051000 0.127217
618.052000 0.147274
619.060000 0.089251
620.061000 0.105134
621.070000 0.172964
622.211000 0.126879
623.220000 0.141579
624.330000 0.134077
625.331000 0.142743
626.340000 0.109928
627.341000 0.157343
628.350000 0.138226
629.461000 0.089105
630.620000 0.106334
631.810000 0.120976
632.910000 0.114905
633.912000 0.136710
635.026000 0.112033
636.030000 0.128286
637.201000 0.142280
638.210000 0.117786
639.212000 0.098999
640.410000 0.090901
641.430000 0.095224
642.440000 0.026644
643.470000 0.039845
644.510000 0.045820
645.540000 0.037610
646.640000 0.027360
647.740000 0.014149
648.750000 0.055533
649.760000 0.020867
650.769000 0.031183
651.790000 0.026641
652.825000 0.039652
654.010000 0.019796
655.040000 0.018594
656.110000 0.006393
657.180000 0.006393
658.190000 0.013845
659.220000 0.043829
660.260000 0.027031
661.320000 0.021940
662.340000 0.028165
663.350000 0.030170
664.380000 0.042501
665.390000 0.040058
666.410000 0.048246
667.430000 0.060231
668.670000 0.057533
669.709000 0.069782
670.719000 0.044820
671.720000 0.092593
672.729000 0.122824
673.840000 0.090643
675.033000 0.079013
676.039000 0.092983
677.040000 0.046466
678.049000 0.052125
679.050000 0.077361
680.059000 0.045627
681.070000 0.053444
682.099000 0.055804
683.129000 0.046251
684.139000 0.018183
685.170000 0.039806
686.399000 0.015539
689.064000 0.013346
690.079000 0.076950
691.250000 0.073972
692.269000 0.075421
693.300000 0.090059
694.309000 0.076514
695.310000 0.111581
696.311000 0.094733
697.320000 0.093579
698.329000 0.100447
699.339000 0.088301
700.369000 0.054901
701.729000 0.025079
702.829000 0.064726
703.949000 0.068288
705.029000 0.035467
706.049000 0.036212
707.149000 0.034965
708.459000 0.025063
709.469000 0.110550
710.479000 0.111517
711.549000 0.119045
712.570000 0.170519
713.579000 0.116987
714.739000 0.131878
715.750000 0.122063
716.789000 0.093007
717.969000 0.111214
718.990000 0.145008
719.999000 0.164669
721.000000 0.125547
722.019000 0.131209
723.031000 0.131499
724.039000 0.087325
725.199000 0.102454
726.219000 0.121508
727.229000 0.097641
728.249000 0.082173
729.259000 0.137704
730.269000 0.120792
731.270000 0.172654
732.279000 0.145079
733.289000 0.128801
734.299000 0.123320
735.308000 0.086333
736.309000 0.102942
737.319000 0.130743
738.329000 0.133605
739.339000 0.122692
740.348000 0.078635
741.429000 0.083726
742.439000 0.093976
743.509000 0.107222
744.578000 0.116814
745.588000 0.126604
746.589000 0.149885
747.618000 0.120105
748.739000 0.076730
749.874000 0.120445
750.888000 0.136736
751.898000 0.118539
752.918000 0.064275
753.931000 0.082419
754.939000 0.105825
755.948000 0.099198
757.148000 0.109633
758.159000 0.116314
759.308000 0.088036
760.318000 0.109152
761.329000 0.088389
762.348000 0.114900
763.358000 0.122293
764.408000 0.102016
765.419000 0.124647
766.448000 0.099502
767.548000 0.141616
768.559000 0.102845
769.588000 0.086779
770.598000 0.070532
771.788000 0.067618
772.798000 0.100122
773.818000 0.107451
774.838000 0.095516
775.848000 0.082387
776.858000 0.070316
777.878000 0.066525
778.879000 0.059903
779.888000 0.067103
780.908000 0.063492
781.968000 0.078926
782.978000 0.078558
783.988000 0.047437
784.998000 0.096479
786.008000 0.072900
787.027000 0.072523
788.028000 0.093206
789.228000 0.083220
790.238000 0.090774
791.247000 0.091737
792.368000 0.089605
793.370000 0.142319
794.377000 0.072303
795.388000 0.053725
796.398000 0.061877
797.408000 0.083053
798.428000 0.073297
799.437000 0.065923
800.538000 0.070489
801.558000 0.069741
802.569000 0.058374
803.587000 0.071982
804.740000 0.081536
805.828000 0.120363
806.838000 0.133790
807.951000 0.097236
809.038000 0.056732
810.048000 0.104227
811.058000 0.113481
812.197000 0.077365
813.218000 0.059266
814.227000 0.069191
815.237000 0.094334
816.257000 0.101087
817.277000 0.106314
818.297000 0.088440
819.298000 0.101715
820.398000 0.085344
821.408000 0.084486
822.678000 0.046881
823.697000 0.069978
824.707000 0.089880
825.747000 0.082514
826.827000 0.105365
827.879000 0.122100
828.888000 0.084484
829.908000 0.099839
831.009000 0.088383
832.187000 0.115865
833.357000 0.116985
834.517000 0.113481
835.527000 0.125882
836.537000 0.102604
837.727000 0.098056
838.797000 0.077637
839.807000 0.107203
840.827000 0.108199
841.828000 0.103110
842.957000 0.095818
843.967000 0.062202
844.987000 0.077409
846.007000 0.062200
847.047000 0.089431
848.057000 0.059333
849.087000 0.052212
850.092000 0.082856
851.247000 0.074119
852.417000 0.097491
853.437000 0.085740
854.547000 0.079623
855.557000 0.088252
856.567000 0.063910
857.697000 0.081421
858.707000 0.091635
859.727000 0.083617
860.766000 0.061190
861.767000 0.048152
862.847000 0.065237
863.997000 0.064170
865.007000 0.076348
866.107000 0.070551
867.277000 0.064673
868.297000 0.089842
869.316000 0.076522
870.337000 0.063789
871.347000 0.086575
872.348000 0.088429
873.467000 0.093918
874.477000 0.103936
875.506000 0.061155
876.526000 0.051243
877.547000 0.102361
878.686000 0.076594
879.687000 0.105751
880.757000 0.079185
881.766000 0.076898
882.777000 0.103617
883.786000 0.080226
884.796000 0.072155
885.807000 0.055560
886.816000 0.044401
887.817000 0.058060
888.846000 0.060374
889.873000 0.050868
890.987000 0.062326
892.006000 0.067132
893.008000 0.068431
894.016000 0.074180
895.025000 0.065531
896.036000 0.069532
897.086000 0.046843
898.106000 0.075344
899.126000 0.058402
900.136000 0.048760
901.137000 0.034834
902.156000 0.041158
903.166000 0.041988
904.196000 0.037266
905.256000 0.032218
906.436000 0.050276
907.456000 0.067840
908.457000 0.080865
909.476000 0.084902
910.486000 0.056890
911.496000 0.036978
912.516000 0.046191
913.575000 0.042629
914.586000 0.033089
915.596000 0.064261
916.606000 0.070728
917.675000 0.077006
918.696000 0.075031
919.736000 0.048178
921.026000 0.038987
922.056000 0.059809
923.106000 0.048206
924.116000 0.029596
925.136000 0.026824
926.196000 0.028392
927.206000 0.037650
928.226000 0.045600
929.276000 0.040389
930.286000 0.030415
931.296000 0.018962
932.325000 0.023930
934.332000 0.008163
935.336000 0.066651
936.346000 0.039279
937.389000 0.038044
938.416000 0.033301
939.436000 0.034871
940.566000 0.011482
941.615000 0.013041
942.635000 0.022800
943.736000 0.017395
944.785000 0.020322
945.877000 0.021297
946.885000 0.020357
947.935000 0.018579
949.022000 0.023912
950.096000 0.022927
951.105000 0.028472
952.106000 0.019067
953.146000 0.030254
954.176000 0.023907
955.345000 0.010532
956.395000 0.015634
957.415000 0.015385
958.445000 0.027891
959.465000 0.018776
960.515000 0.032823
961.545000 0.061095
962.565000 0.045353
963.575000 0.050944
964.586000 0.039240
965.635000 0.020773
966.745000 0.023416
967.946000 0.011391
968.966000 0.014753
969.975000 0.010846
971.125000 0.005948
972.176000 0.004423
973.215000 0.007900
974.275000 0.016777
975.345000 0.011507
976.385000 0.010523
977.645000 0.006514
978.675000 0.005313
979.836000 0.003685
980.954000 0.007342
982.135000 0.005792
983.215000 0.006339
984.295000 0.010133
985.445000 0.005948
986.505000 0.009034
987.535000 0.013282
988.565000 0.021729
989.605000 0.019731
990.705000 0.016167
991.754000 0.009691
992.845000 0.016301
993.935000 0.012550
994.976000 0.005262
996.035000 0.031177
997.045000 0.012190
998.215000 0.009354
999.375000 0.003538
1000.385000 0.057834
1001.395000 0.031152
1002.415000 0.011554
1003.935000 0.005404
1005.085000 0.004758
1006.135000 0.006514
1007.225000 0.006275
1008.335000 0.008627
1009.424000 0.010050
1011.030000 0.008726
1012.035000 0.072845
1013.045000 0.080957
1014.055000 0.143558
1015.060000 0.112228
1016.074000 0.071132
1017.095000 0.072017
1018.144000 0.056783
1019.164000 0.037852
1020.165000 0.040435
1021.175000 0.068583
1022.224000 0.051112
1023.235000 0.056783
1024.365000 0.049828
1025.384000 0.062918
1026.394000 0.062954
1027.395000 0.056032
1028.414000 0.041186
1029.504000 0.059584
1030.584000 0.070714
1031.604000 0.082430
1032.605000 0.113089
1033.754000 0.084716
1034.874000 0.110891
1035.974000 0.129190
1037.124000 0.123395
1038.125000 0.123966
1039.127000 0.101043
1040.134000 0.134667
1041.275000 0.129990
1042.286000 0.118035
1043.464000 0.095537
1044.474000 0.113225
1045.495000 0.110958
1046.504000 0.103329
1047.514000 0.103707
1048.524000 0.088413
1049.544000 0.045169
1050.554000 0.059706
1051.574000 0.099528
1052.584000 0.148144
1053.594000 0.104879
1054.595000 0.085928
1055.774000 0.086750
1056.776000 0.096934
1057.784000 0.039276
1058.794000 0.065014
1059.803000 0.053130
1060.854000 0.065081
1061.874000 0.034494
1062.894000 0.045645
1063.895000 0.067314
1064.904000 0.124846
1065.905000 0.082009
1066.914000 0.110501
1067.934000 0.078332
1068.944000 0.097093
1069.962000 0.085891
1070.964000 0.111817
1071.974000 0.163976
1073.114000 0.137466
1074.115000 0.140210
1075.116000 0.128909
1076.284000 0.089287
1077.334000 0.142202
1078.344000 0.130944
1079.394000 0.068590
1080.464000 0.023013
1081.524000 0.031551
1082.533000 0.032539
1083.554000 0.027492
1084.604000 0.028663
1085.784000 0.019206
1086.794000 0.095987
1087.804000 0.114657
1088.823000 0.107782
1089.824000 0.095203
1090.844000 0.074473
1091.854000 0.085821
1092.864000 0.098765
1093.884000 0.088449
1094.885000 0.086772
1095.894000 0.076242
1096.903000 0.115429
1097.954000 0.131014
1098.964000 0.142084
1099.974000 0.090844
1101.054000 0.106912
1102.164000 0.121316
1103.173000 0.164116
1104.174000 0.147597
1105.175000 0.189549
1106.183000 0.136319
1107.343000 0.180605
1108.363000 0.173094
1109.414000 0.157071
1110.415000 0.157735
1111.424000 0.111893
1112.433000 0.132713
1113.493000 0.139821
1114.494000 0.158514
1115.544000 0.149789
1116.673000 0.136055
1117.713000 0.144165
1118.733000 0.144143
1119.773000 0.153904
1120.843000 0.134562
1121.844000 0.123888
1122.853000 0.141988
1123.903000 0.109587
1124.933000 0.129229
1125.935000 0.121742
1126.943000 0.136558
1127.953000 0.137564
1128.963000 0.075518
1129.964000 0.112207
1130.973000 0.134019
1131.983000 0.094598
1133.203000 0.084367
1134.213000 0.121871
1135.223000 0.098397
1136.224000 0.107894
1137.253000 0.081159
1138.263000 0.082334
1139.273000 0.071786
1140.293000 0.057884
1141.303000 0.040588
1142.322000 0.063097
1143.323000 0.048778
1144.343000 0.065718
1145.363000 0.059910
1146.364000 0.127604
1147.384000 0.109456
1148.463000 0.099544
1149.493000 0.103220
1150.543000 0.115445
1151.683000 0.151123
1152.693000 0.086222
1153.723000 0.049142
1154.923000 0.038445
1155.931000 0.065143
1156.932000 0.030519
1157.942000 0.036570
1161.842000 0.006922
1162.862000 0.025507
1163.893000 0.033172
1166.234000 0.013601
1167.254000 0.024141
1168.263000 0.020337
1173.382000 0.002940
1176.143000 0.002421
1177.153000 0.047406
1178.162000 0.082801
1179.172000 0.050129
1180.202000 0.067685
1181.232000 0.051531
1182.253000 0.045555
1183.262000 0.021913
1197.367000 0.004043
1198.447000 0.114619
1199.448000 0.117090
1200.647000 0.101477
1201.667000 0.122617
1202.678000 0.137308
1203.697000 0.135783
1204.907000 0.116464
1205.917000 0.149371
1206.937000 0.164750
1207.938000 0.131272
1208.957000 0.161881
1209.959000 0.141089
1210.966000 0.109662
1211.967000 0.113118
1212.996000 0.059068
1214.047000 0.062460
1215.167000 0.117446
1216.268000 0.117081
1217.426000 0.109588
1218.616000 0.101937
1219.627000 0.106402
1220.637000 0.089280
1221.646000 0.106721
1222.656000 0.105220
1223.816000 0.106265
1224.827000 0.111039
1225.836000 0.099284
1226.975000 0.078393
1227.977000 0.168133
1229.016000 0.118773
1230.017000 0.133986
1231.018000 0.145775
1232.026000 0.155452
1233.166000 0.113263
1234.167000 0.177118
1235.326000 0.124287
1236.426000 0.172208
1237.487000 0.075553
1238.497000 0.115866
1239.606000 0.094682
1240.727000 0.147163
1241.728000 0.154945
1242.737000 0.126306
1243.756000 0.181060
1244.866000 0.116358
1245.873000 0.132100
1246.876000 0.118782
1247.877000 0.127019
1248.906000 0.131111
1249.932000 0.141601
1251.146000 0.142398
1252.636000 0.106100
1253.946000 0.119446
1255.106000 0.130582
1256.116000 0.141040
1257.126000 0.118854
1258.137000 0.142602
1259.146000 0.164520
1260.156000 0.130566
1261.166000 0.113922
1262.176000 0.143202
1263.177000 0.139104
1264.178000 0.128705
1265.406000 0.102152
1266.556000 0.118898
1267.557000 0.196557
1268.566000 0.131859
1269.576000 0.084050
1270.587000 0.118780
1271.606000 0.146584
1272.796000 0.075973
1273.806000 0.092026
1274.826000 0.101382
1275.946000 0.066714
1277.056000 0.133733
1278.226000 0.156389
1279.246000 0.143267
1280.436000 0.052977
1281.445000 0.104770
1282.685000 0.053410
1283.696000 0.083412
1284.786000 0.040369
1285.795000 0.092191
1286.805000 0.066000
1287.825000 0.106504
1288.826000 0.072185
1289.835000 0.115072
1290.837000 0.083952
1291.856000 0.121379
1292.866000 0.105574
1293.875000 0.097449
1294.896000 0.111707
1295.907000 0.104585
1296.916000 0.115518
1297.932000 0.108847
1298.935000 0.099733
1300.015000 0.041662
1301.026000 0.069598
1302.035000 0.069243
1303.106000 0.047753
1304.115000 0.109667
1305.116000 0.114531
1306.126000 0.118343
1307.135000 0.147699
1308.136000 0.143126
1309.336000 0.121405
1310.346000 0.141423
1311.347000 0.119096
1312.355000 0.142231
1313.365000 0.135167
1314.366000 0.127858
1315.576000 0.096867
1316.577000 0.124378
1317.586000 0.124141
1318.596000 0.126406
1319.615000 0.121780
1320.616000 0.115828
1321.626000 0.128474
1322.627000 0.133544
1323.655000 0.117275
1324.745000 0.122646
1325.946000 0.111988
1326.955000 0.120359
1327.966000 0.129019
1328.975000 0.123523
1329.977000 0.123329
1331.065000 0.127607
1332.066000 0.145628
1333.146000 0.094400
1334.485000 0.104133
1335.486000 0.141228
1336.487000 0.105234
1337.505000 0.149536
1338.525000 0.094520
1339.775000 0.122800
1340.785000 0.157338
1341.825000 0.127554
1342.905000 0.127880
1344.146000 0.107953
1345.155000 0.145304
1346.165000 0.090763
1347.325000 0.136246
1348.385000 0.143515
1349.414000 0.133765
1350.537000 0.068032
1351.545000 0.112673
1352.586000 0.113009
1353.745000 0.122796
1354.945000 0.119307
1355.954000 0.142578
1356.964000 0.100444
1357.975000 0.066790
1358.995000 0.121265
1362.614000 0.007620
1363.696000 0.032872
1364.705000 0.053579
1365.914000 0.052576
1366.915000 0.076967
1367.945000 0.077571
1368.946000 0.085291
1370.124000 0.076368
1371.125000 0.100285
1372.134000 0.108299
1372.491000 0.054569
