0.000000 0.219944
1.208000 0.238532
2.298000 0.014336
3.309000 0.071762
4.509000 0.120084
5.590000 0.117454
6.599000 0.098048
7.819000 0.099911
8.839000 0.105913
9.849000 0.114388
10.969000 0.098676
12.038000 0.121347
13.288000 0.107478
14.289000 0.115989
15.369000 0.132876
16.389000 0.121764
17.418000 0.131858
18.479000 0.147921
19.480000 0.154989
20.481000 0.153748
21.499000 0.146346
22.649000 0.131975
23.650000 0.159252
24.651000 0.182554
25.799000 0.127843
26.800000 0.157060
27.809000 0.160356
28.999000 0.132037
30.009000 0.148227
31.019000 0.116781
32.020000 0.143766
33.218000 0.109236
34.238000 0.059012
35.249000 0.095196
36.269000 0.115259
37.349000 0.115970
38.569000 0.098867
39.570000 0.147450
40.579000 0.116765
41.778000 0.101475
42.780000 0.132140
43.789000 0.137513
44.809000 0.171958
45.819000 0.115699
46.858000 0.125658
47.868000 0.147337
48.878000 0.133372
49.889000 0.095383
50.898000 0.105650
52.000000 0.060771
53.109000 0.125309
54.110000 0.170573
55.149000 0.117895
56.219000 0.107917
57.229000 0.184844
58.259000 0.088350
59.398000 0.106359
60.439000 0.144911
61.451000 0.156740
62.489000 0.138512
63.499000 0.161634
64.500000 0.172091
65.739000 0.141810
66.740000 0.217895
67.778000 0.133756
68.878000 0.134030
70.009000 0.120485
71.019000 0.174540
72.188000 0.135155
73.190000 0.163144
74.409000 0.144422
75.410000 0.168845
76.418000 0.133275
77.459000 0.122051
78.468000 0.169996
79.469000 0.103464
80.518000 0.123583
81.549000 0.115437
82.738000 0.129092
83.748000 0.150211
84.888000 0.098154
85.908000 0.095506
86.988000 0.042843
88.008000 0.077160
89.018000 0.082447
90.019000 0.082917
91.028000 0.084914
92.038000 0.085876
93.198000 0.076642
94.200000 0.095324
95.208000 0.068194
96.218000 0.056185
97.238000 0.071027
98.248000 0.073162
99.258000 0.085579
100.268000 0.082415
101.298000 0.063037
102.348000 0.082514
103.359000 0.093400
104.578000 0.070900
105.579000 0.118305
106.588000 0.130556
107.609000 0.112543
108.610000 0.134730
109.626000 0.113730
111.079000 0.086323
112.089000 0.151135
113.098000 0.107034
114.099000 0.108934
115.108000 0.126281
116.119000 0.107116
117.120000 0.113658
118.128000 0.134038
119.148000 0.117901
120.149000 0.126945
121.329000 0.084897
122.339000 0.102101
123.468000 0.128070
124.608000 0.129636
125.668000 0.128069
126.670000 0.175873
127.678000 0.145123
128.858000 0.133575
129.968000 0.142015
130.978000 0.135319
131.979000 0.134810
133.198000 0.113119
134.199000 0.179397
135.209000 0.157669
136.218000 0.157462
137.219000 0.159561
138.239000 0.155250
139.459000 0.145140
140.469000 0.165786
141.478000 0.151027
142.648000 0.123409
143.658000 0.168933
144.788000 0.106467
145.789000 0.131174
146.888000 0.148240
147.889000 0.155269
149.068000 0.108951
150.078000 0.133987
151.128000 0.137428
152.138000 0.131705
153.188000 0.146133
154.247000 0.132513
155.248000 0.123180
156.249000 0.116935
157.268000 0.118028
158.278000 0.128493
159.280000 0.111008
160.298000 0.109882
161.308000 0.102160
162.429000 0.106237
163.449000 0.137733
164.458000 0.081389
165.468000 0.089245
166.588000 0.111227
167.708000 0.127162
168.888000 0.112521
170.069000 0.108024
171.078000 0.120920
172.088000 0.126414
173.098000 0.069813
174.118000 0.125322
175.159000 0.085913
176.218000 0.071990
177.228000 0.118562
178.229000 0.099667
179.368000 0.089494
180.379000 0.133001
181.488000 0.122082
182.489000 0.151317
183.548000 0.139424
184.928000 0.095493
185.968000 0.124338
186.978000 0.135544
187.987000 0.107479
189.088000 0.106067
190.177000 0.108726
191.368000 0.104336
192.378000 0.116481
193.379000 0.090917
194.380000 0.101640
195.607000 0.092783
196.619000 0.113200
197.718000 0.073245
198.728000 0.108087
199.738000 0.084669
200.748000 0.090347
201.848000 0.079893
202.858000 0.084159
203.908000 0.049525
204.999000 0.028840
206.128000 0.008777
207.258000 0.053243
208.489000 0.003334
209.658000 0.088568
210.708000 0.107989
211.728000 0.116074
212.838000 0.124384
213.978000 0.146565
215.088000 0.160077
216.168000 0.139844
217.169000 0.149381
218.178000 0.140977
219.189000 0.127338
220.268000 0.127913
221.281000 0.174194
222.288000 0.168737
223.289000 0.151669
224.458000 0.113001
225.618000 0.155756
226.628000 0.128777
227.708000 0.108755
228.718000 0.151840
229.719000 0.090643
231.068000 0.097269
232.078000 0.121430
233.280000 0.062223
234.287000 0.083907
235.290000 0.089774
236.317000 0.066178
237.328000 0.062903
238.358000 0.056029
239.368000 0.063870
240.449000 0.040237
241.617000 0.051437
242.618000 0.103110
243.619000 0.087569
244.622000 0.057751
245.647000 0.033238
246.799000 0.038717
249.002000 0.011798
250.178000 0.082477
251.338000 0.067465
252.888000 0.040463
254.018000 0.055117
255.028000 0.070897
256.039000 0.091137
257.199000 0.072877
258.228000 0.103422
259.407000 0.122701
260.479000 0.104360
261.488000 0.115973
262.499000 0.129109
263.507000 0.102784
264.508000 0.139627
265.519000 0.092726
266.520000 0.142696
267.527000 0.138673
268.528000 0.097555
269.678000 0.071844
270.688000 0.110517
271.828000 0.095435
272.939000 0.110131
274.048000 0.121781
275.058000 0.122342
276.148000 0.102693
277.158000 0.128678
278.348000 0.097656
279.527000 0.114740
280.657000 0.062017
281.667000 0.077504
282.688000 0.057614
283.698000 0.028158
284.760000 0.032203
286.183000 0.011536
287.197000 0.032107
288.207000 0.033861
289.238000 0.025386
290.258000 0.075106
291.267000 0.072741
292.287000 0.057363
293.298000 0.067656
294.327000 0.029911
295.338000 0.055030
296.358000 0.082003
297.387000 0.070964
298.597000 0.054059
299.608000 0.071715
300.618000 0.052725
301.648000 0.038416
302.657000 0.056944
303.677000 0.056995
304.777000 0.037754
305.787000 0.059596
306.827000 0.036433
307.847000 0.034871
308.877000 0.022269
309.897000 0.034871
310.937000 0.025661
312.237000 0.023151
313.257000 0.062531
314.267000 0.035067
315.578000 0.049407
316.607000 0.059825
317.657000 0.016578
318.697000 0.022362
319.877000 0.030351
321.143000 0.055895
322.307000 0.056091
323.588000 0.043736
324.647000 0.048596
325.664000 0.048425
326.667000 0.028650
327.677000 0.052690
328.679000 0.051880
329.698000 0.043752
330.707000 0.048081
331.887000 0.045497
333.058000 0.053456
334.077000 0.064247
335.147000 0.073121
336.307000 0.059546
337.308000 0.070895
338.317000 0.059415
339.347000 0.056836
340.399000 0.045809
341.427000 0.057222
342.439000 0.035018
343.478000 0.032916
344.704000 0.040485
345.707000 0.089605
346.717000 0.074247
347.727000 0.065272
349.478000 0.024479
350.527000 0.044339
351.547000 0.040911
352.627000 0.057921
353.727000 0.054885
354.737000 0.072581
355.747000 0.093191
356.767000 0.076828
357.777000 0.066729
359.337000 0.069724
360.347000 0.082216
361.477000 0.097588
362.547000 0.129486
363.717000 0.133450
364.727000 0.141472
365.736000 0.095704
366.887000 0.067226
367.907000 0.080748
368.917000 0.090732
369.927000 0.088134
371.087000 0.067417
372.097000 0.059596
373.102000 0.041731
374.117000 0.060940
375.307000 0.042677
376.327000 0.030847
377.367000 0.024992
378.427000 0.019009
379.777000 0.011147
380.817000 0.017100
382.147000 0.024395
383.217000 0.017899
384.227000 0.014899
385.247000 0.018776
386.277000 0.019276
387.307000 0.033204
388.317000 0.024380
389.617000 0.018748
390.678000 0.025787
391.707000 0.023899
392.747000 0.012730
393.898000 0.048321
394.927000 0.075042
396.127000 0.046531
397.146000 0.044302
398.147000 0.075299
399.157000 0.066534
400.167000 0.058509
401.357000 0.038893
403.627000 0.014463
404.687000 0.046025
405.717000 0.018594
406.728000 0.035181
407.837000 0.031303
408.847000 0.027089
410.067000 0.024669
411.107000 0.021756
412.127000 0.029506
413.337000 0.019688
414.367000 0.018594
415.407000 0.019731
416.437000 0.027162
417.467000 0.042501
418.477000 0.030308
419.537000 0.041811
420.807000 0.044799
421.837000 0.047814
422.857000 0.028100
423.907000 0.029632
424.967000 0.043879
425.977000 0.035540
426.987000 0.038266
428.007000 0.029985
429.028000 0.053595
430.057000 0.031762
431.077000 0.038098
432.087000 0.056205
433.097000 0.058242
434.157000 0.026363
435.367000 0.033430
436.387000 0.041576
438.294000 0.008592
439.327000 0.059258
440.917000 0.012045
442.668000 0.041824
443.677000 0.081348
444.688000 0.100868
445.737000 0.090600
446.877000 0.110649
448.037000 0.110188
449.087000 0.105682
450.088000 0.122324
451.377000 0.062441
452.449000 0.087553
453.457000 0.112740
454.527000 0.089150
455.637000 0.097091
456.657000 0.123743
457.658000 0.104337
458.887000 0.117616
460.097000 0.118361
461.307000 0.124291
462.397000 0.134146
463.507000 0.130670
464.527000 0.128809
465.657000 0.113892
466.818000 0.113769
467.819000 0.146401
468.828000 0.155817
469.837000 0.141633
470.838000 0.133210
471.858000 0.082913
472.867000 0.148869
473.907000 0.055286
474.908000 0.127368
475.917000 0.118714
476.918000 0.146820
478.027000 0.162186
479.147000 0.153706
480.317000 0.108962
481.498000 0.112831
482.587000 0.106398
483.627000 0.112623
484.727000 0.128222
485.817000 0.140374
486.888000 0.142472
487.947000 0.125180
488.957000 0.134757
489.958000 0.140227
490.959000 0.139515
491.960000 0.156362
493.047000 0.105290
494.207000 0.136762
495.247000 0.142820
496.438000 0.151308
497.449000 0.141197
498.467000 0.123216
499.477000 0.121138
500.587000 0.111720
501.667000 0.118951
502.677000 0.128247
503.707000 0.084829
504.717000 0.109231
505.767000 0.074435
506.777000 0.105924
507.817000 0.115588
508.818000 0.038266
509.958000 0.081773
510.967000 0.164980
511.968000 0.174517
512.969000 0.164070
514.137000 0.129348
515.317000 0.132131
516.367000 0.173177
517.368000 0.177929
518.567000 0.134471
519.758000 0.158751
520.761000 0.162501
521.937000 0.133866
522.948000 0.175601
524.167000 0.121676
525.168000 0.165710
526.377000 0.121189
527.379000 0.151425
528.577000 0.073461
529.848000 0.110017
530.857000 0.132884
531.859000 0.141701
532.867000 0.103537
533.877000 0.110909
534.917000 0.123430
536.127000 0.105656
537.138000 0.130704
538.147000 0.118532
539.158000 0.137902
540.159000 0.138078
541.337000 0.116621
542.338000 0.133531
543.457000 0.135043
544.637000 0.136178
545.867000 0.136137
546.878000 0.115927
547.887000 0.097942
548.907000 0.062705
550.127000 0.013257
551.247000 0.118374
552.257000 0.125042
553.387000 0.066479
554.527000 0.119011
555.547000 0.153905
556.607000 0.133643
557.608000 0.169555
558.617000 0.140795
559.618000 0.137289
560.627000 0.115887
561.767000 0.122641
562.777000 0.129579
563.787000 0.109748
564.806000 0.152498
565.807000 0.106888
566.817000 0.089931
567.827000 0.133918
568.867000 0.079254
570.037000 0.116720
571.127000 0.103094
572.237000 0.135875
573.306000 0.127642
574.417000 0.133150
575.438000 0.123402
576.452000 0.097309
577.457000 0.132713
578.467000 0.133046
579.478000 0.172126
580.487000 0.150663
581.497000 0.164347
582.607000 0.141458
583.617000 0.109978
584.657000 0.071873
585.837000 0.087398
587.057000 0.034761
588.087000 0.096096
589.118000 0.064934
590.127000 0.088194
591.358000 0.138748
592.597000 0.069526
593.607000 0.107944
594.617000 0.139250
595.627000 0.094608
596.645000 0.062890
597.656000 0.078611
598.667000 0.078259
599.676000 0.075380
600.817000 0.046754
601.836000 0.096390
602.846000 0.057851
603.947000 0.094802
604.948000 0.127172
605.967000 0.109303
606.987000 0.105225
608.207000 0.058113
609.217000 0.060561
610.226000 0.035251
611.237000 0.054860
612.238000 0.040548
613.266000 0.030653
614.277000 0.036534
615.279000 0.033294
616.306000 0.030389
617.416000 0.048701
618.449000 0.033107
619.486000 0.023720
620.506000 0.044259
621.518000 0.110130
622.627000 0.128381
623.637000 0.149553
624.647000 0.174059
625.837000 0.065463
626.866000 0.065143
627.906000 0.060908
628.917000 0.082244
629.929000 0.031151
630.936000 0.062066
631.946000 0.056887
632.957000 0.035833
633.958000 0.036899
634.996000 0.058094
636.187000 0.097212
637.188000 0.161335
638.197000 0.213472
639.350000 0.162231
640.366000 0.138411
641.368000 0.151116
642.587000 0.151934
643.588000 0.192716
644.747000 0.143588
645.847000 0.143319
646.927000 0.139231
648.127000 0.143258
649.137000 0.160120
650.187000 0.106702
651.407000 0.158737
652.587000 0.139954
653.598000 0.172285
654.626000 0.090236
655.638000 0.055181
656.687000 0.132424
657.705000 0.157805
658.767000 0.156790
660.226000 0.137014
661.227000 0.114927
662.228000 0.112328
663.238000 0.164474
664.246000 0.115494
665.256000 0.139104
666.347000 0.116727
667.356000 0.140290
668.357000 0.139410
669.366000 0.135549
670.376000 0.124798
671.377000 0.136792
672.547000 0.105513
673.556000 0.129382
674.557000 0.098846
675.566000 0.162226
676.737000 0.106469
677.747000 0.172875
678.758000 0.137864
679.767000 0.150227
680.777000 0.158954
681.786000 0.154715
682.787000 0.178174
683.796000 0.157271
684.797000 0.168808
685.917000 0.114682
686.926000 0.164645
687.927000 0.172483
688.937000 0.151335
689.946000 0.161852
690.947000 0.136010
692.017000 0.136841
693.026000 0.183982
694.027000 0.143687
695.036000 0.146732
696.037000 0.141371
697.207000 0.114040
698.216000 0.143238
699.386000 0.148374
700.597000 0.168038
701.937000 0.156858
702.938000 0.192067
703.947000 0.188544
704.948000 0.165399
705.996000 0.120964
706.998000 0.193456
708.006000 0.142486
709.177000 0.112050
710.196000 0.141592
711.216000 0.115946
712.226000 0.115850
713.267000 0.135827
714.406000 0.128816
715.407000 0.150414
716.606000 0.112070
717.607000 0.159016
718.617000 0.163022
719.627000 0.153357
720.767000 0.137801
721.777000 0.164749
722.877000 0.092085
723.887000 0.114562
724.896000 0.096862
725.996000 0.106917
727.176000 0.112667
728.186000 0.111182
729.196000 0.096582
730.217000 0.098405
731.236000 0.109126
732.246000 0.054946
733.267000 0.045542
734.303000 0.030371
735.366000 0.018166
736.396000 0.030548
737.426000 0.027525
738.436000 0.043343
739.449000 0.041635
740.466000 0.057302
741.586000 0.063226
742.597000 0.101929
743.607000 0.065235
744.667000 0.055754
745.676000 0.078667
746.686000 0.080659
747.796000 0.085505
748.816000 0.113258
749.836000 0.110546
750.856000 0.096152
751.886000 0.050694
752.906000 0.046941
753.916000 0.026343
755.886000 0.000694
757.026000 0.027624
758.487000 0.001873
759.499000 0.054222
760.507000 0.036643
761.556000 0.023432
764.846000 0.010811
766.024000 0.020943
767.036000 0.043300
768.146000 0.024768
769.176000 0.061095
770.226000 0.026848
771.597000 0.014967
772.776000 0.008122
774.816000 0.001341
776.307000 0.010093
777.456000 0.009936
779.477000 0.002031
780.826000 0.004056
781.877000 0.003905
785.966000 0.001004
787.076000 0.006162
788.136000 0.016777
789.426000 0.012836
790.576000 0.010706
791.657000 0.013933
792.948000 0.011656
794.176000 0.008912
796.116000 0.002115
797.126000 0.043739
798.166000 0.036955
799.206000 0.026308
800.495000 0.016974
801.776000 0.019238
802.786000 0.018962
803.916000 0.021411
804.926000 0.065014
805.946000 0.035608
806.966000 0.060674
807.987000 0.056370
808.996000 0.059181
810.216000 0.039788
811.227000 0.066503
812.358000 0.059369
813.377000 0.060472
814.426000 0.028599
815.436000 0.046351
816.636000 0.080653
817.646000 0.105705
818.656000 0.083808
819.746000 0.074691
820.747000 0.148423
821.957000 0.165000
822.966000 0.135286
823.967000 0.113473
824.976000 0.144760
826.006000 0.123319
827.016000 0.181338
828.018000 0.080755
829.226000 0.141007
830.310000 0.126307
831.316000 0.114836
832.397000 0.130705
833.406000 0.169546
834.606000 0.140162
835.616000 0.182019
836.646000 0.096536
837.676000 0.083314
838.686000 0.049004
839.696000 0.046051
840.706000 0.037753
841.726000 0.035454
842.766000 0.060508
843.796000 0.042032
844.816000 0.045338
845.826000 0.055533
846.856000 0.043183
848.096000 0.047462
849.106000 0.059596
850.126000 0.039011
851.136000 0.062305
852.146000 0.050376
853.173000 0.040409
854.336000 0.042058
855.366000 0.043829
856.406000 0.039755
857.416000 0.058358
858.456000 0.041859
859.546000 0.043927
860.556000 0.077360
861.616000 0.085750
862.626000 0.099565
863.627000 0.113536
864.636000 0.129516
865.637000 0.157300
866.646000 0.152575
867.807000 0.147242
868.817000 0.157985
869.818000 0.172326
870.827000 0.135903
871.837000 0.137388
873.063000 0.086067
874.086000 0.070688
875.196000 0.035741
876.357000 0.041568
877.376000 0.109005
878.416000 0.131572
879.418000 0.173263
880.426000 0.143922
881.436000 0.160270
882.486000 0.175698
883.506000 0.167026
884.516000 0.122742
885.566000 0.123759
886.567000 0.164921
887.646000 0.125831
888.656000 0.143906
889.666000 0.136474
890.746000 0.101109
891.756000 0.149208
892.759000 0.132761
893.776000 0.130284
894.836000 0.080920
895.845000 0.115389
896.846000 0.049545
897.855000 0.041245
898.865000 0.057828
899.866000 0.080208
900.886000 0.040124
901.897000 0.134592
902.921000 0.145314
903.966000 0.156361
904.968000 0.168844
914.954000 0.010542
915.965000 0.126586
916.966000 0.199705
917.974000 0.156791
919.124000 0.164033
920.134000 0.183265
921.135000 0.188045
922.144000 0.146216
923.294000 0.137628
924.295000 0.143777
925.296000 0.158006
926.304000 0.133268
927.305000 0.110857
928.474000 0.114735
929.484000 0.151045
930.486000 0.182026
931.494000 0.192032
932.514000 0.201278
933.634000 0.174936
934.764000 0.182419
935.944000 0.154684
936.974000 0.140075
938.034000 0.174728
939.044000 0.167912
940.054000 0.165723
941.064000 0.152655
942.224000 0.155034
943.226000 0.179895
944.244000 0.182908
945.245000 0.132392
946.305000 0.168230
947.385000 0.160757
948.454000 0.167944
949.522000 0.147747
950.625000 0.144802
951.634000 0.191390
952.684000 0.130850
953.844000 0.145923
954.845000 0.160846
955.864000 0.106880
956.866000 0.177319
957.874000 0.170455
959.034000 0.164412
960.044000 0.150080
961.054000 0.081642
962.076000 0.036779
963.581000 0.010894
965.634000 0.033907
966.644000 0.111654
967.823000 0.069472
968.833000 0.063791
969.834000 0.078687
970.845000 0.099384
971.847000 0.157112
973.004000 0.146582
974.005000 0.193780
975.014000 0.136323
976.165000 0.146893
977.226000 0.165727
978.306000 0.165066
979.314000 0.158700
980.324000 0.125720
981.325000 0.158170
982.334000 0.164475
983.335000 0.155853
984.344000 0.183841
985.354000 0.190469
986.444000 0.177826
987.584000 0.179525
988.744000 0.151133
989.914000 0.162118
991.105000 0.162815
992.194000 0.147214
993.365000 0.163487
994.374000 0.192196
995.394000 0.138296
996.414000 0.165422
997.415000 0.140385
998.525000 0.122264
999.705000 0.158727
1000.714000 0.118514
1001.854000 0.114364
1002.865000 0.163585
1003.874000 0.102584
1004.884000 0.118074
1006.134000 0.076198
1007.145000 0.070043
1008.153000 0.073328
1009.172000 0.073637
1010.174000 0.123962
1011.184000 0.146898
1012.185000 0.140558
1013.193000 0.106515
1014.224000 0.115230
1015.233000 0.078571
1016.917000 0.035743
1017.934000 0.058532
1018.944000 0.089655
1019.954000 0.071537
1020.974000 0.081291
1021.983000 0.085319
1023.014000 0.078814
1024.033000 0.045816
1025.074000 0.042525
1026.084000 0.060950
1027.119000 0.057405
1028.143000 0.052281
1029.154000 0.046952
1030.164000 0.101062
1031.324000 0.123274
1032.364000 0.163429
1033.365000 0.165252
1034.554000 0.128302
1035.564000 0.154862
1036.574000 0.123469
1037.584000 0.143607
1038.759000 0.147435
1039.764000 0.197765
1040.814000 0.161430
1041.984000 0.168174
1043.154000 0.180879
1044.164000 0.200896
1045.173000 0.162054
1046.174000 0.211036
1047.225000 0.154241
1048.404000 0.174518
1049.414000 0.170363
1050.415000 0.176233
1051.514000 0.163427
1052.524000 0.218047
1053.525000 0.157792
1054.526000 0.206284
1055.584000 0.206760
1056.585000 0.197258
1057.755000 0.160782
1058.760000 0.158925
1059.764000 0.152061
1060.771000 0.176470
1061.784000 0.127029
1062.853000 0.119722
1063.854000 0.125177
1064.873000 0.087456
1065.893000 0.051208
1067.154000 0.041044
1068.173000 0.036283
1069.189000 0.082671
1070.193000 0.122829
1071.194000 0.119580
1072.204000 0.118202
1073.205000 0.102613
1074.264000 0.131207
1075.404000 0.128682
1076.413000 0.132410
1077.422000 0.111178
1078.425000 0.091118
1079.443000 0.101340
1080.444000 0.071798
1081.484000 0.107503
1082.494000 0.131726
1083.584000 0.069266
1084.594000 0.116886
1085.595000 0.183018
1086.773000 0.098018
1087.793000 0.056306
1088.804000 0.038545
1089.904000 0.089952
1091.044000 0.123533
1092.133000 0.132281
1093.134000 0.157351
1094.145000 0.131594
1095.154000 0.122267
1096.174000 0.134328
1097.185000 0.131335
1098.193000 0.144417
1099.273000 0.116129
1100.305000 0.137236
1101.313000 0.134201
1102.494000 0.144029
1103.585000 0.134276
1104.586000 0.162573
1105.593000 0.114394
1106.693000 0.107399
1107.803000 0.134497
1108.864000 0.134679
1109.865000 0.143798
1110.873000 0.108910
1111.874000 0.127988
1113.084000 0.139079
1114.094000 0.133780
1115.104000 0.150185
1116.105000 0.140404
1117.113000 0.139996
1118.124000 0.120008
1119.133000 0.137077
1120.134000 0.133482
1121.143000 0.120312
1122.144000 0.133000
1123.145000 0.138914
1124.154000 0.127376
1125.167000 0.122906
1126.363000 0.142918
1127.364000 0.170409
1128.465000 0.145424
1129.624000 0.137640
1130.634000 0.107699
1131.644000 0.114643
1132.645000 0.125196
1133.653000 0.151116
1134.654000 0.127432
1135.674000 0.138216
1136.693000 0.085553
1137.793000 0.077446
1138.803000 0.098721
1139.863000 0.109804
1140.864000 0.152736
1141.904000 0.124765
1142.913000 0.132175
1143.964000 0.102179
1144.965000 0.149123
1145.974000 0.126665
1147.194000 0.103447
1148.214000 0.146445
1149.215000 0.162881
1150.223000 0.148311
1151.230000 0.130198
1152.233000 0.140557
1153.234000 0.114227
1154.374000 0.134810
1155.483000 0.167139
1156.493000 0.142801
1157.494000 0.110621
1158.505000 0.145280
1159.513000 0.150531
1160.693000 0.114199
1161.694000 0.153794
1162.844000 0.126962
1163.846000 0.153998
1164.864000 0.134608
1165.865000 0.150643
1166.866000 0.127499
1167.873000 0.129062
1168.884000 0.130181
1169.893000 0.091807
1170.913000 0.095662
1171.953000 0.069278
1172.963000 0.082927
1173.973000 0.062737
1174.984000 0.057241
1176.003000 0.079105
1177.013000 0.066583
1178.024000 0.052365
1179.033000 0.066301
1180.043000 0.076859
1181.044000 0.064236
1182.053000 0.072604
1183.064000 0.069288
1184.083000 0.090303
1185.113000 0.044623
1186.153000 0.036831
1187.173000 0.036801
1188.204000 0.050561
1189.213000 0.068796
1190.223000 0.090767
1191.233000 0.109158
1192.234000 0.088256
1193.344000 0.099619
1194.353000 0.123655
1195.354000 0.143789
1196.373000 0.124838
1197.385000 0.124689
1198.393000 0.130172
1199.403000 0.102861
1200.413000 0.133929
1201.423000 0.124253
1202.424000 0.159821
1203.433000 0.148845
1204.434000 0.146856
1205.435000 0.141261
1206.513000 0.129897
1207.633000 0.131610
1208.634000 0.131727
1209.644000 0.157585
1210.653000 0.134763
1211.654000 0.145012
1212.663000 0.136565
1213.673000 0.140573
1214.674000 0.131439
1215.784000 0.127801
1216.793000 0.131255
1217.803000 0.083932
1218.833000 0.133155
1219.834000 0.151176
1220.843000 0.103507
1222.043000 0.125471
1223.203000 0.128648
1224.343000 0.138561
1225.523000 0.141639
1226.533000 0.139592
1227.553000 0.135128
1228.713000 0.134608
1229.723000 0.132791
1230.724000 0.128787
1231.733000 0.155898
1232.803000 0.126900
1233.813000 0.136393
1234.833000 0.121878
1235.853000 0.134776
1236.863000 0.123742
1237.864000 0.174518
1238.883000 0.140747
1239.884000 0.162441
1240.933000 0.111369
1241.993000 0.127393
1243.003000 0.119879
1244.024000 0.141051
1245.043000 0.123248
1246.044000 0.168605
1247.103000 0.163459
1248.233000 0.160056
1249.234000 0.158093
1250.243000 0.143950
1251.288000 0.119025
1252.423000 0.162209
1253.563000 0.162806
1254.643000 0.139065
1255.773000 0.155399
1256.853000 0.179044
1257.973000 0.165138
1259.113000 0.183749
1260.283000 0.175844
1261.423000 0.176025
1262.553000 0.156165
1263.554000 0.186182
1264.743000 0.165686
1265.745000 0.224640
1266.853000 0.170636
1267.863000 0.187709
1268.864000 0.166732
1269.954000 0.167866
1270.955000 0.190246
1271.963000 0.170894
1272.964000 0.196859
1273.993000 0.160935
1275.003000 0.219141
1276.053000 0.167966
1277.054000 0.184773
1278.203000 0.159393
1279.204000 0.173983
1280.213000 0.165208
1281.214000 0.151955
1282.403000 0.141084
1283.413000 0.200465
1291.111000 0.014852
1292.112000 0.110039
1293.122000 0.141925
1294.153000 0.158511
1295.232000 0.199524
1296.401000 0.181488
1297.402000 0.202163
1298.442000 0.148245
1299.451000 0.194995
1300.471000 0.155354
1301.531000 0.154491
1302.701000 0.188124
1303.862000 0.148987
1304.882000 0.151622
1305.901000 0.152642
1307.021000 0.166361
1308.131000 0.150555
1309.141000 0.145990
1310.151000 0.169966
1311.331000 0.087055
1312.772000 0.051753
1314.001000 0.058530
1315.002000 0.097740
1316.011000 0.054325
1317.021000 0.045130
1318.031000 0.050123
1319.071000 0.044723
1320.101000 0.030086
1321.123000 0.036141
1321.800000 0.027253
