0.000000 0.080238
1.088000 0.074184
2.109000 0.029477
3.129000 0.063035
4.201000 0.033179
5.208000 0.058415
6.220000 0.076261
7.228000 0.122143
8.268000 0.031569
9.300000 0.071581
10.304000 0.100929
11.321000 0.100098
12.328000 0.076075
13.329000 0.061499
14.333000 0.205745
15.340000 0.209772
16.361000 0.218954
17.368000 0.279849
18.388000 0.205757
19.392000 0.226183
20.400000 0.183778
21.401000 0.202262
22.441000 0.136031
23.449000 0.088214
24.460000 0.108249
25.588000 0.166652
26.600000 0.193304
27.708000 0.193119
28.709000 0.226861
29.712000 0.187422
30.728000 0.218126
31.748000 0.203075
32.752000 0.232996
33.760000 0.190563
34.768000 0.150643
35.781000 0.155301
36.789000 0.064349
37.792000 0.137755
38.800000 0.210357
39.801000 0.163197
40.808000 0.217358
41.812000 0.185873
42.820000 0.233429
43.829000 0.186307
44.840000 0.265211
45.853000 0.220683
46.864000 0.217060
47.868000 0.243896
48.880000 0.246585
49.888000 0.283925
50.892000 0.226749
52.020000 0.186057
53.029000 0.237265
54.120000 0.156001
55.121000 0.158529
56.128000 0.165736
57.148000 0.148089
58.160000 0.185194
59.161000 0.175497
60.168000 0.196981
61.240000 0.177910
62.248000 0.187286
63.260000 0.160862
64.268000 0.162063
65.269000 0.192695
66.288000 0.109299
67.308000 0.159600
68.361000 0.142906
69.368000 0.074717
70.380000 0.060040
71.400000 0.124729
72.448000 0.116176
73.600000 0.010688
74.792000 0.021805
75.861000 0.083712
76.868000 0.192906
77.881000 0.187712
78.905000 0.083383
79.920000 0.076824
81.361000 0.014240
82.368000 0.032604
83.388000 0.103271
84.408000 0.107851
85.428000 0.126194
86.448000 0.118024
87.468000 0.128753
88.548000 0.052459
89.560000 0.156806
90.580000 0.104612
91.629000 0.031298
92.649000 0.063035
93.660000 0.085808
94.668000 0.120786
95.680000 0.144640
96.681000 0.124931
97.689000 0.128929
98.708000 0.098002
99.841000 0.110376
100.848000 0.110038
101.868000 0.075106
102.880000 0.077051
103.920000 0.076292
105.100000 0.054969
106.101000 0.121630
107.109000 0.134357
108.120000 0.119074
109.121000 0.134498
110.128000 0.119547
111.240000 0.169050
112.261000 0.168823
113.268000 0.134491
114.288000 0.145404
115.292000 0.247984
116.305000 0.112648
117.341000 0.071305
118.349000 0.074643
119.360000 0.124487
120.372000 0.134387
121.381000 0.191167
122.388000 0.206491
123.408000 0.164180
124.420000 0.202767
125.428000 0.121349
126.440000 0.187897
127.452000 0.169534
128.460000 0.203571
129.528000 0.161925
130.540000 0.220340
131.548000 0.208206
132.553000 0.231403
133.560000 0.207055
134.568000 0.217143
135.580000 0.191162
136.588000 0.213071
137.601000 0.195025
138.613000 0.223043
139.748000 0.108976
140.760000 0.206822
141.820000 0.190249
142.821000 0.217295
143.852000 0.184985
144.860000 0.188643
145.868000 0.206286
146.880000 0.197921
148.060000 0.187132
149.069000 0.218283
150.080000 0.215707
151.081000 0.235061
152.088000 0.200262
153.108000 0.170329
154.121000 0.176454
155.128000 0.134153
156.148000 0.191788
157.160000 0.168182
158.164000 0.126717
159.172000 0.212278
160.180000 0.187286
161.412000 0.161468
162.413000 0.203628
163.448000 0.198810
164.449000 0.230961
165.453000 0.214486
166.461000 0.291786
167.468000 0.238300
168.540000 0.231507
169.548000 0.264643
170.568000 0.228557
171.572000 0.305211
172.573000 0.205562
173.620000 0.208290
174.621000 0.245994
175.628000 0.177168
176.641000 0.162053
177.648000 0.175245
178.668000 0.113216
179.681000 0.279542
180.688000 0.255960
181.692000 0.236287
182.693000 0.245994
183.708000 0.191945
184.720000 0.205470
185.728000 0.158149
186.740000 0.173028
187.749000 0.191167
188.760000 0.135873
189.761000 0.161263
190.820000 0.133590
191.821000 0.200895
192.868000 0.134579
193.909000 0.044680
194.920000 0.081749
195.948000 0.102467
196.980000 0.071581
197.988000 0.137208
199.001000 0.174941
200.020000 0.213456
201.021000 0.189163
202.028000 0.157585
203.048000 0.114557
204.060000 0.181138
205.068000 0.231278
206.072000 0.196207
207.140000 0.183699
208.148000 0.240214
209.160000 0.169534
210.161000 0.245994
211.169000 0.217706
212.181000 0.247375
213.188000 0.163583
214.189000 0.210462
215.200000 0.134520
216.220000 0.156918
217.228000 0.104500
218.321000 0.129435
219.328000 0.164377
220.340000 0.160862
221.360000 0.125286
222.380000 0.147529
223.381000 0.148963
224.388000 0.118753
225.408000 0.101929
226.420000 0.113549
227.708000 0.053106
228.720000 0.112759
229.721000 0.138030
230.728000 0.126340
231.748000 0.098463
234.208000 0.033922
235.749000 0.210147
236.761000 0.164917
237.776000 0.188690
238.780000 0.149084
239.800000 0.095224
240.808000 0.097714
241.880000 0.106448
242.960000 0.110200
245.408000 0.055882
246.412000 0.176335
247.428000 0.161575
248.440000 0.185194
249.453000 0.142357
250.468000 0.172516
251.472000 0.147721
252.480000 0.147929
253.500000 0.160941
254.505000 0.106738
255.509000 0.153968
256.521000 0.124364
257.609000 0.112426
258.621000 0.144640
259.640000 0.142304
260.660000 0.069741
261.688000 0.035152
262.720000 0.049047
263.729000 0.052876
264.748000 0.073837
265.749000 0.051932
266.760000 0.071715
267.940000 0.075837
268.948000 0.271429
269.949000 0.297127
270.961000 0.167621
272.120000 0.010623
273.140000 0.059012
274.149000 0.164615
275.160000 0.264419
276.172000 0.282522
277.181000 0.220202
278.316000 0.258432
279.321000 0.310352
280.328000 0.207055
281.332000 0.220733
282.341000 0.125296
283.380000 0.032916
284.440000 0.021940
285.441000 0.072432
286.448000 0.065208
287.449000 0.087465
288.648000 0.064367
289.669000 0.052255
290.676000 0.059774
291.688000 0.156806
292.800000 0.123532
293.808000 0.139786
294.820000 0.089217
295.968000 0.065540
297.168000 0.006851
298.181000 0.150460
299.188000 0.274415
300.192000 0.194241
301.200000 0.177786
302.201000 0.081998
303.208000 0.077998
304.221000 0.112087
305.240000 0.179894
306.248000 0.185135
307.252000 0.219371
308.260000 0.178349
309.262000 0.187229
310.268000 0.148787
311.280000 0.202767
312.281000 0.193263
313.300000 0.232251
314.304000 0.214486
315.308000 0.256159
316.320000 0.216846
317.400000 0.251326
318.428000 0.216911
319.448000 0.264769
320.449000 0.250094
321.461000 0.188458
322.468000 0.267623
323.480000 0.211439
324.628000 0.191156
325.640000 0.213581
326.648000 0.225849
327.660000 0.221692
328.661000 0.198729
329.668000 0.195817
330.672000 0.200861
331.680000 0.266000
332.681000 0.211029
333.688000 0.254038
334.692000 0.219936
335.760000 0.222127
336.768000 0.215786
337.808000 0.183385
338.812000 0.219371
339.828000 0.186370
340.832000 0.201657
341.848000 0.225417
342.861000 0.274140
343.868000 0.208413
344.889000 0.257254
345.900000 0.095280
346.908000 0.244528
347.921000 0.159913
348.929000 0.232071
349.940000 0.177820
350.948000 0.248357
351.960000 0.181700
352.961000 0.138030
353.968000 0.152151
354.980000 0.151958
355.989000 0.105752
357.001000 0.089217
358.040000 0.096665
359.052000 0.129771
360.080000 0.067868
361.128000 0.032634
362.148000 0.052306
363.153000 0.115701
364.160000 0.048111
365.169000 0.211552
366.180000 0.075727
367.189000 0.059655
368.200000 0.110164
369.201000 0.256927
370.208000 0.227432
371.280000 0.221505
372.308000 0.258163
373.309000 0.209663
374.312000 0.218225
375.320000 0.155278
376.329000 0.203370
377.340000 0.195410
378.341000 0.230961
379.348000 0.201621
380.360000 0.254134
381.368000 0.219063
382.372000 0.280685
383.380000 0.225849
384.381000 0.213762
385.400000 0.260444
386.401000 0.206929
387.408000 0.293434
388.432000 0.206289
389.620000 0.191630
390.629000 0.212860
391.640000 0.179964
392.648000 0.148492
393.660000 0.221692
394.668000 0.168849
395.680000 0.193304
396.688000 0.210921
397.700000 0.260893
398.708000 0.212278
399.789000 0.205536
400.808000 0.267156
401.813000 0.246941
402.816000 0.267326
403.820000 0.224024
404.821000 0.246561
405.828000 0.270340
406.840000 0.223605
407.841000 0.240527
408.849000 0.182421
409.861000 0.210877
410.869000 0.163421
411.880000 0.152902
412.881000 0.112064
413.888000 0.042676
414.901000 0.113437
415.908000 0.206491
416.920000 0.146553
417.921000 0.211828
418.933000 0.220901
419.940000 0.233660
420.948000 0.175635
421.972000 0.235125
422.993000 0.208235
424.000000 0.209208
425.020000 0.137357
426.021000 0.135297
427.029000 0.096357
428.061000 0.068930
429.068000 0.069847
430.073000 0.152454
431.080000 0.135849
432.109000 0.073672
433.688000 0.021659
434.708000 0.069741
435.720000 0.095976
436.728000 0.111286
437.980000 0.074754
438.988000 0.085500
440.000000 0.081107
441.008000 0.103143
442.028000 0.093882
443.040000 0.068150
444.048000 0.115357
445.061000 0.124241
446.248000 0.054167
447.300000 0.055916
448.304000 0.072781
449.320000 0.075402
450.340000 0.065718
451.360000 0.069741
452.368000 0.071929
453.548000 0.056129
454.560000 0.045960
455.580000 0.081812
456.592000 0.202767
457.600000 0.208206
458.601000 0.226861
459.632000 0.171717
460.641000 0.210149
461.648000 0.177168
462.668000 0.222635
463.680000 0.115462
464.688000 0.130286
465.701000 0.129643
466.708000 0.109243
467.720000 0.145992
468.728000 0.171000
469.729000 0.139964
470.732000 0.156849
471.740000 0.168286
472.748000 0.141706
473.752000 0.208470
474.760000 0.151206
475.768000 0.228000
476.772000 0.169522
477.776000 0.207108
478.789000 0.153162
479.792000 0.177308
480.800000 0.142500
481.808000 0.128135
482.809000 0.161263
483.828000 0.155729
484.841000 0.130203
485.848000 0.149434
486.868000 0.148871
487.880000 0.089779
488.892000 0.208174
489.900000 0.147135
490.901000 0.158529
491.920000 0.155729
492.932000 0.123573
493.940000 0.175071
494.948000 0.161500
495.952000 0.124558
496.960000 0.154714
497.961000 0.164563
498.973000 0.200063
499.988000 0.185206
501.001000 0.193114
502.008000 0.180679
503.012000 0.146359
504.013000 0.214561
505.028000 0.186922
506.033000 0.179678
507.041000 0.174278
508.048000 0.183396
509.088000 0.151815
510.093000 0.169125
511.101000 0.218500
512.120000 0.201931
513.200000 0.206993
514.208000 0.202214
515.220000 0.190601
516.221000 0.161830
517.241000 0.173012
518.252000 0.149405
519.260000 0.190000
520.268000 0.159349
521.273000 0.223236
522.280000 0.194828
523.292000 0.231154
524.309000 0.187717
525.321000 0.218988
526.340000 0.204616
527.348000 0.222571
528.353000 0.172076
529.360000 0.206491
530.361000 0.208296
531.373000 0.181138
532.381000 0.150643
533.401000 0.103827
534.408000 0.135849
535.413000 0.127952
536.421000 0.100992
537.452000 0.094208
538.460000 0.055643
539.468000 0.081429
540.480000 0.085162
543.400000 0.014523
544.408000 0.027706
545.428000 0.126071
546.460000 0.092791
547.500000 0.040777
548.512000 0.044870
549.520000 0.087159
550.540000 0.084494
551.548000 0.084143
552.560000 0.083810
553.580000 0.077788
554.621000 0.053879
555.640000 0.063655
556.648000 0.169643
557.668000 0.142165
558.672000 0.101394
559.688000 0.114449
560.700000 0.114901
561.720000 0.083153
562.728000 0.048063
563.740000 0.091921
564.741000 0.079265
565.776000 0.042296
566.788000 0.052719
567.800000 0.064885
568.868000 0.051768
569.881000 0.083728
570.900000 0.091266
571.901000 0.125754
572.920000 0.103929
573.940000 0.130094
574.988000 0.046992
576.029000 0.031539
577.048000 0.018795
578.100000 0.013004
579.108000 0.054286
580.120000 0.093273
581.121000 0.064799
582.132000 0.131252
583.140000 0.126214
584.141000 0.130398
585.148000 0.160302
586.152000 0.163506
587.160000 0.151206
588.168000 0.188643
589.181000 0.136956
590.188000 0.183396
591.192000 0.183944
592.200000 0.168849
593.208000 0.238857
594.209000 0.182330
595.213000 0.213920
596.221000 0.175635
597.228000 0.177962
598.240000 0.143850
599.248000 0.171000
600.260000 0.131123
601.281000 0.119922
602.288000 0.152151
603.300000 0.124364
604.309000 0.087334
605.321000 0.104087
606.328000 0.105962
607.360000 0.095442
608.420000 0.054740
609.428000 0.105857
610.433000 0.191928
611.441000 0.133563
612.448000 0.145358
613.460000 0.067589
614.461000 0.068332
615.468000 0.081509
616.481000 0.091040
617.488000 0.144000
618.592000 0.175232
619.621000 0.079767
621.048000 0.001917
622.064000 0.060591
623.468000 0.015590
627.589000 0.003976
628.968000 0.162135
688.344000 0.000092
690.608000 0.006647
691.660000 0.013016
692.720000 0.011615
693.744000 0.013359
694.864000 0.009771
695.944000 0.013933
696.964000 0.014753
698.105000 0.014387
699.308000 0.011372
701.680000 0.012675
703.024000 0.013256
704.141000 0.009798
705.184000 0.013141
706.284000 0.013680
707.504000 0.011213
708.625000 0.013424
709.900000 0.011802
710.980000 0.016467
712.240000 0.011943
713.344000 0.013630
714.604000 0.010857
715.704000 0.021142
716.720000 0.020197
717.724000 0.024526
718.820000 0.015496
719.844000 0.020039
720.904000 0.019358
721.960000 0.024614
722.980000 0.017435
724.000000 0.013412
725.005000 0.027224
726.040000 0.023791
727.101000 0.021919
728.104000 0.012275
729.140000 0.015846
730.220000 0.021533
731.260000 0.013154
732.380000 0.012214
733.444000 0.011571
734.560000 0.012258
735.565000 0.016334
736.601000 0.022448
737.680000 0.019018
738.700000 0.018776
740.605000 0.002872
742.600000 0.022903
743.604000 0.020139
744.920000 0.015365
745.940000 0.022467
747.184000 0.016254
748.204000 0.022467
751.444000 0.006305
752.740000 0.045605
753.784000 0.011621
754.804000 0.022467
755.824000 0.019824
762.609000 0.002415
763.640000 0.135775
765.321000 0.007103
766.480000 0.010468
767.644000 0.015055
768.784000 0.009476
770.141000 0.007947
771.364000 0.007715
772.580000 0.007760
773.584000 0.006713
774.604000 0.006608
775.684000 0.004993
776.800000 0.002416
778.720000 0.003510
780.445000 0.005470
781.804000 0.003968
783.040000 0.003272
784.504000 0.003683
785.560000 0.002553
786.924000 0.002965
788.044000 0.001204
789.400000 0.001988
790.600000 0.002247
802.368000 0.000115
803.448000 0.004459
804.672000 0.005507
805.812000 0.013512
806.952000 0.012502
807.973000 0.015087
814.656000 0.004670
815.868000 0.056551
816.888000 0.013216
817.908000 0.017180
819.048000 0.015372
820.128000 0.014978
821.308000 0.019420
822.313000 0.017437
824.248000 0.005474
825.252000 0.012084
826.309000 0.012753
827.412000 0.015888
828.433000 0.015843
829.728000 0.012491
830.868000 0.017737
831.888000 0.017180
832.909000 0.018484
834.072000 0.015068
838.908000 0.004739
839.912000 0.041622
841.048000 0.054585
842.088000 0.018146
843.089000 0.016160
844.093000 0.018797
845.128000 0.018234
846.152000 0.014480
848.448000 0.004697
851.508000 0.011391
852.513000 0.013413
853.532000 0.017197
854.592000 0.016532
855.649000 0.019130
856.753000 0.019536
857.808000 0.020444
858.868000 0.019075
859.872000 0.020139
863.868000 0.003036
864.972000 0.043957
866.008000 0.057251
867.028000 0.018502
868.048000 0.019824
869.113000 0.018986
870.192000 0.020026
871.848000 0.002442
872.852000 0.020139
873.948000 0.033033
875.232000 0.017847
876.252000 0.015859
877.272000 0.022467
878.448000 0.016048
879.512000 0.016470
880.528000 0.015921
881.652000 0.019189
882.792000 0.016554
887.609000 0.002798
888.992000 0.076026
890.028000 0.013012
891.088000 0.019075
892.112000 0.018430
893.488000 0.014695
895.692000 0.007955
897.772000 0.019998
898.888000 0.013287
899.952000 0.020271
901.068000 0.018118
902.128000 0.019075
903.192000 0.019040
904.249000 0.020405
905.252000 0.017472
906.348000 0.018449
911.068000 0.003142
912.388000 0.066379
913.493000 0.013419
914.628000 0.011877
915.708000 0.013730
916.828000 0.012036
917.848000 0.014537
919.048000 0.016850
921.456000 0.007277
923.472000 0.021302
924.492000 0.010573
925.513000 0.017164
926.628000 0.014508
927.808000 0.019902
928.828000 0.015859
929.848000 0.015859
930.912000 0.016470
931.992000 0.016226
939.332000 0.001837
941.128000 0.048036
942.132000 0.005371
944.128000 0.004052
945.508000 0.006838
946.993000 0.004539
948.268000 0.003172
951.313000 0.000885
952.352000 0.007784
953.576000 0.007709
954.776000 0.012357
955.796000 0.013216
956.876000 0.011233
962.973000 0.002687
964.096000 0.025022
965.116000 0.006608
967.292000 0.014160
968.301000 0.008016
969.356000 0.006389
970.452000 0.007380
971.553000 0.007346
972.672000 0.009637
973.876000 0.007837
974.997000 0.007215
976.152000 0.008170
977.156000 0.008056
978.237000 0.008729
979.352000 0.007254
980.756000 0.006721
981.776000 0.009260
982.796000 0.011894
983.896000 0.009804
985.032000 0.008306
986.116000 0.007461
987.212000 0.009839
995.776000 0.001102
996.836000 0.033064
999.212000 0.025530
1000.337000 0.008388
1001.516000 0.006860
1002.616000 0.011029
1003.692000 0.008770
1004.696000 0.009398
1005.732000 0.009108
1006.773000 0.009064
1007.776000 0.009408
1008.796000 0.009251
1010.132000 0.007063
1011.156000 0.009215
1012.256000 0.007353
1013.312000 0.006383
1014.416000 0.010989
1015.536000 0.006171
