0.000000 0.246100
1.080000 0.177498
2.081000 0.280299
3.201000 0.222296
4.212000 0.230867
5.391000 0.192623
6.400000 0.188534
7.411000 0.181567
8.421000 0.162294
9.590000 0.154424
10.591000 0.226861
11.701000 0.171805
12.711000 0.216268
13.712000 0.215136
14.713000 0.260140
15.721000 0.283149
16.722000 0.233924
17.723000 0.294833
20.053000 0.113386
21.072000 0.268428
22.073000 0.213253
23.082000 0.254890
24.083000 0.231393
25.262000 0.296640
26.263000 0.340714
27.273000 0.373873
28.275000 0.331804
29.353000 0.289190
30.354000 0.386757
31.355000 0.281846
32.363000 0.244661
33.364000 0.292460
34.373000 0.092021
35.383000 0.268048
36.543000 0.229271
37.544000 0.293826
38.553000 0.240126
39.555000 0.208413
40.564000 0.244044
41.573000 0.201071
42.574000 0.251461
43.575000 0.142552
44.624000 0.190222
45.625000 0.195429
46.634000 0.148900
47.635000 0.233694
48.644000 0.270338
49.655000 0.227323
50.664000 0.135918
51.665000 0.177662
52.764000 0.154438
53.774000 0.200459
54.775000 0.214518
55.795000 0.214350
56.796000 0.185976
57.806000 0.223485
58.807000 0.212794
59.815000 0.302212
60.832000 0.322258
61.836000 0.433291
63.086000 0.031738
64.096000 0.393394
65.097000 0.265127
66.106000 0.196072
67.108000 0.248036
68.116000 0.276857
69.126000 0.247376
70.136000 0.272412
71.137000 0.258294
72.146000 0.252178
73.176000 0.156722
74.267000 0.053040
75.447000 0.041736
76.457000 0.404978
77.547000 0.243400
78.557000 0.292562
79.558000 0.253134
80.567000 0.193208
81.568000 0.297926
82.577000 0.330815
83.617000 0.225334
84.618000 0.274693
85.639000 0.240304
86.648000 0.218664
87.658000 0.321006
88.659000 0.271064
89.668000 0.324036
90.680000 0.227860
91.688000 0.312143
92.718000 0.268683
93.719000 0.310226
94.729000 0.277195
95.778000 0.335952
96.779000 0.404523
97.931000 0.257467
98.949000 0.298326
100.491000 0.133961
101.500000 0.402135
102.501000 0.228294
103.509000 0.266000
104.510000 0.265127
105.519000 0.264716
106.520000 0.279652
107.586000 0.249538
108.590000 0.317474
109.740000 0.273602
110.749000 0.341661
111.750000 0.221395
112.751000 0.250094
113.760000 0.317193
114.770000 0.376539
115.810000 0.280787
116.820000 0.241093
117.821000 0.326776
118.830000 0.252278
119.832000 0.249844
120.862000 0.223691
121.871000 0.254890
122.880000 0.227874
123.881000 0.286993
124.883000 0.189772
125.902000 0.155524
126.931000 0.254210
127.932000 0.351225
128.933000 0.287389
129.934000 0.358820
130.943000 0.459615
131.944000 0.232457
132.952000 0.350143
133.961000 0.230797
134.972000 0.242208
136.052000 0.234858
137.064000 0.179787
138.072000 0.280929
139.082000 0.210115
140.083000 0.270593
141.084000 0.286993
142.095000 0.016206
143.102000 0.512875
144.103000 0.256927
145.113000 0.205387
146.125000 0.348759
147.423000 0.262091
148.443000 0.268235
149.453000 0.283081
150.514000 0.284739
151.524000 0.272246
152.533000 0.225528
153.534000 0.194062
154.554000 0.198494
155.564000 0.228903
156.565000 0.193531
157.585000 0.167647
158.594000 0.192523
159.604000 0.219330
160.615000 0.246267
161.634000 0.186931
162.655000 0.210358
163.674000 0.208267
164.675000 0.222761
165.684000 0.191674
166.695000 0.197555
167.705000 0.211150
168.714000 0.175263
169.715000 0.200895
170.725000 0.169360
171.735000 0.178788
172.736000 0.107594
173.745000 0.191167
174.766000 0.137449
175.785000 0.175867
176.796000 0.144015
177.805000 0.136936
178.806000 0.127097
179.815000 0.094906
180.826000 0.060525
181.835000 0.071857
182.866000 0.046440
183.896000 0.037188
184.926000 0.038517
186.016000 0.023846
187.056000 0.015785
195.667000 0.000159
260.122000 0.000191
261.143000 0.075032
262.153000 0.107002
263.213000 0.101842
264.263000 0.273105
265.353000 0.273975
266.523000 0.230704
267.533000 0.205129
268.542000 0.268095
269.552000 0.254371
270.553000 0.248115
271.554000 0.306008
272.562000 0.380461
273.582000 0.289161
274.642000 0.341455
275.681000 0.253418
276.682000 0.323874
277.683000 0.372036
278.692000 0.419694
279.693000 0.376422
280.702000 0.397875
281.703000 0.394723
282.704000 0.405506
283.711000 0.425164
284.713000 0.425379
285.791000 0.405224
286.792000 0.463370
287.801000 0.313427
288.802000 0.461935
290.002000 0.486722
291.003000 0.582186
292.011000 0.439344
293.020000 0.267700
294.022000 0.453269
295.024000 0.493596
296.026000 0.567511
297.031000 0.593223
298.255000 0.377792
299.260000 0.426776
300.271000 0.573721
301.281000 0.521851
302.282000 0.469933
303.283000 0.516277
304.290000 0.505164
305.291000 0.565786
306.430000 0.404725
307.440000 0.296626
308.450000 0.284436
309.459000 0.343017
310.460000 0.457822
311.461000 0.316755
312.469000 0.503500
313.470000 0.392596
314.480000 0.485436
315.672000 0.422309
316.680000 0.490842
317.681000 0.558603
318.689000 0.527929
319.690000 0.433974
320.691000 0.496483
321.699000 0.612071
322.710000 0.495268
323.712000 0.545683
324.713000 0.616352
325.719000 0.597253
326.829000 0.558244
327.830000 0.584919
328.832000 0.456794
329.839000 0.436516
330.840000 0.461440
331.850000 0.558036
332.851000 0.514351
333.862000 0.511586
334.888000 0.327603
335.889000 0.394957
336.899000 0.451916
337.948000 0.462673
338.949000 0.571253
339.950000 0.457640
340.958000 0.446467
341.959000 0.427756
342.968000 0.325991
343.969000 0.375824
344.978000 0.242811
346.551000 0.187099
347.558000 0.326071
348.568000 0.295271
349.569000 0.292307
350.570000 0.461922
351.571000 0.406489
352.579000 0.473643
353.580000 0.406168
354.588000 0.437402
355.589000 0.548020
356.597000 0.330794
357.608000 0.217611
358.620000 0.327130
359.678000 0.397404
360.679000 0.649151
361.688000 0.523507
362.689000 0.502366
363.690000 0.329359
364.691000 0.544328
365.700000 0.508452
366.718000 0.524602
367.727000 0.397033
368.728000 0.292460
369.740000 0.310909
370.747000 0.305660
371.748000 0.249642
372.749000 0.307493
374.238000 0.072580
375.269000 0.602503
376.277000 0.439714
377.357000 0.376884
378.358000 0.646418
379.368000 0.466831
380.369000 0.528887
381.370000 0.412584
383.048000 0.091309
384.088000 0.520306
385.089000 0.344392
386.090000 0.413261
387.097000 0.386439
388.101000 0.468717
389.107000 0.116885
390.117000 0.315588
391.118000 0.280249
392.119000 0.379924
393.138000 0.336422
394.157000 0.143647
395.167000 0.113774
396.186000 0.087262
397.216000 0.122102
398.220000 0.132167
399.226000 0.111507
400.286000 0.052913
401.317000 0.013269
402.318000 0.137230
403.327000 0.208793
404.438000 0.186842
405.446000 0.245643
406.447000 0.225495
407.448000 0.216832
408.449000 0.329359
409.546000 0.213341
410.547000 0.240527
413.357000 0.095419
414.367000 0.791861
415.376000 0.245399
416.378000 0.338587
417.386000 0.298571
418.387000 0.317059
426.475000 0.002026
428.159000 0.071660
429.161000 0.297629
430.162000 0.512598
431.209000 0.591851
432.225000 0.637501
433.330000 0.413843
434.331000 0.619762
435.592000 0.400311
436.593000 0.567960
437.599000 0.727515
438.600000 0.585962
439.601000 0.584587
440.610000 0.705015
441.620000 0.584581
442.621000 0.576707
443.799000 0.612667
443.994000 0.091200
