0.000000 0.603456
1.001000 2.091353
2.000000 2.626855
3.000000 3.940532
4.000000 3.268196
5.000000 5.017684
6.001000 3.425103
7.000000 3.231403
8.000000 2.414268
9.001000 3.058250
10.001000 3.212284
11.000000 3.246587
12.000000 2.243020
13.001000 1.070589
14.001000 0.493368
15.000000 0.000000
16.000000 1.736012
17.001000 1.085235
18.001000 6.263888
19.000000 3.447868
20.001000 4.394498
21.000000 4.546659
22.000000 3.980644
23.000000 3.775048
24.000000 2.903320
25.000000 1.261568
26.001000 6.227884
27.000000 4.548128
28.001000 3.680507
29.000000 4.204468
30.000000 3.468448
31.000000 2.957312
32.001000 3.149978
33.000000 0.083660
34.000000 1.456208
35.001000 1.970545
36.000000 3.574366
37.001000 2.933658
38.000000 3.229694
39.000000 2.493100
40.001000 2.760743
41.000000 2.731628
42.000000 1.954600
43.000000 1.672868
44.002000 0.039014
45.000000 0.000000
46.000000 1.132936
47.000000 6.077516
48.001000 0.986793
49.001000 4.942720
50.001000 4.832992
51.000000 3.591688
52.000000 6.119424
53.000000 4.932696
54.000000 3.313384
55.000000 4.186992
56.000000 3.055224
57.000000 5.018196
58.000000 4.248584
59.000000 5.225744
60.000000 4.291252
61.000000 3.104788
62.000000 5.224448
63.000000 5.199784
64.000000 4.273112
65.000000 4.831280
66.000000 2.461176
67.000000 3.911712
68.000000 3.312492
69.000000 4.358084
70.000000 2.187740
71.000000 2.425384
72.000000 1.597440
73.000000 4.138032
74.001000 0.623500
75.001000 3.155668
76.000000 2.496296
77.001000 2.887876
78.000000 3.086158
79.000000 4.220708
80.000000 2.918852
81.001000 2.190150
82.000000 3.248689
83.001000 3.142665
84.000000 4.423592
85.000000 2.636688
86.000000 1.028524
87.000000 2.330692
88.000000 1.223984
89.001000 2.669067
90.000000 2.342470
91.000000 3.047636
92.000000 3.479380
93.000000 2.872588
94.000000 2.575020
95.000000 3.273304
96.001000 3.053243
97.001000 3.100668
98.001000 2.958860
99.000000 2.807323
100.001000 2.066438
101.000000 3.783812
102.000000 4.645752
103.001000 4.849866
104.001000 3.289768
105.001000 3.589724
106.000000 2.497906
107.001000 2.284623
108.001000 4.223672
109.001000 3.159272
110.000000 4.076256
111.000000 3.224848
112.000000 2.958996
113.001000 4.548995
114.000000 2.296056
115.000000 4.618604
116.000000 3.638432
117.000000 2.828676
118.001000 3.471800
119.001000 2.485012
120.001000 1.675684
121.000000 3.946727
122.000000 2.263040
123.000000 2.201600
124.000000 2.062336
125.000000 2.729984
126.000000 2.842624
127.000000 7.491548
128.000000 2.604336
129.000000 3.422572
130.000000 2.911376
131.000000 1.486848
132.000000 2.969600
133.000000 2.170880
134.000000 2.258944
135.000000 2.549760
136.000000 1.404928
137.000000 2.523136
138.001000 1.853634
139.000000 2.332957
140.001000 2.958450
141.000000 2.767568
142.001000 2.684292
143.001000 2.281472
144.001000 2.113536
145.000000 2.673265
146.000000 3.538944
147.000000 2.449408
148.112000 2.274532
149.000000 1.123171
150.000000 2.158592
151.001000 3.551493
152.000000 2.296745
153.000000 2.654212
154.000000 3.285076
155.000000 2.613772
156.001000 3.726190
157.000000 2.834699
158.000000 2.940272
159.000000 2.610428
160.000000 2.309824
161.001000 2.886657
162.001000 2.455472
163.000000 3.603163
164.000000 3.068048
165.000000 3.807816
166.001000 3.536595
167.000000 3.508396
168.000000 3.686692
169.000000 3.080856
170.000000 3.400328
171.000000 3.069396
172.000000 3.659556
173.000000 3.476756
174.000000 3.582984
175.001000 3.563245
176.000000 3.228993
177.001000 3.380603
178.000000 2.602390
179.000000 2.371132
180.001000 2.797698
181.000000 2.063804
182.000000 1.443708
183.000000 2.478080
184.000000 1.213392
185.001000 0.657167
186.000000 3.486719
187.000000 4.050120
188.001000 3.200268
189.000000 2.674410
190.001000 3.310230
191.000000 3.449481
192.001000 2.613950
193.001000 3.568708
194.000000 3.671580
195.000000 3.794700
196.000000 2.972312
197.000000 3.625328
198.000000 4.161640
199.001000 4.481990
200.000000 3.562330
201.001000 4.700028
202.000000 3.813678
203.001000 4.557798
204.000000 4.285149
205.001000 3.894905
206.001000 4.696432
207.001000 3.977936
208.001000 3.190728
209.001000 3.846260
210.001000 3.245000
211.001000 4.473504
212.000000 3.944525
213.000000 2.518376
214.000000 4.071296
215.001000 4.602214
216.001000 4.179448
217.000000 2.385650
218.000000 2.322604
219.000000 1.583900
220.001000 1.919137
221.001000 2.232132
222.000000 2.418034
223.000000 2.422772
224.000000 2.698280
225.001000 2.894114
226.000000 2.211427
227.000000 2.642780
228.000000 3.191364
229.001000 3.447433
230.001000 4.134316
231.000000 1.940440
232.000000 1.930260
233.001000 1.171588
234.000000 2.911896
235.000000 2.685216
236.000000 3.241940
237.000000 2.276652
238.000000 2.671856
239.000000 2.388968
240.001000 2.993610
241.000000 3.437441
242.000000 3.984508
243.000000 3.906116
244.003000 3.386481
245.000000 4.904650
246.000000 4.059448
247.001000 6.248000
248.001000 2.893796
249.000000 1.037325
250.000000 7.831552
251.000000 5.720576
252.000000 3.610840
253.000000 3.823616
254.000000 6.354944
255.000000 6.174092
256.000000 5.111936
257.002000 4.424164
258.000000 4.028281
259.000000 7.272448
260.000000 7.464676
261.000000 4.266500
262.000000 3.840628
263.001000 4.648160
264.000000 3.714991
265.000000 4.047036
266.000000 2.473240
267.001000 3.133810
268.000000 3.674935
269.000000 4.948872
270.000000 1.908844
271.001000 4.861730
272.000000 3.708825
273.000000 4.722744
274.000000 4.977700
275.001000 4.703441
276.001000 5.582248
277.001000 4.320728
278.000000 4.501910
279.000000 8.230912
280.001000 5.430442
281.000000 4.419067
282.000000 4.335156
283.000000 5.668864
284.000000 5.797288
285.000000 4.202468
286.000000 3.935156
287.000000 4.106816
288.000000 5.142528
289.001000 6.241982
290.001000 4.547392
291.001000 3.523024
292.000000 2.172012
293.001000 2.494857
294.001000 2.880908
295.000000 2.350567
296.001000 2.160032
297.000000 2.142923
298.000000 2.690012
299.001000 2.099872
300.005000 2.130108
301.001000 2.684470
302.001000 1.772620
303.000000 0.311700
304.000000 4.817104
305.000000 2.104876
306.000000 2.956164
307.001000 2.504563
308.001000 2.670600
309.001000 2.319908
310.000000 2.573209
311.000000 3.139492
312.000000 2.608380
313.000000 1.418096
314.001000 2.340484
315.000000 1.642739
316.000000 2.536408
317.000000 1.575760
318.001000 1.803676
319.000000 1.647047
320.000000 0.947128
321.000000 2.445140
322.000000 1.422040
323.001000 1.840276
324.000000 1.742010
325.000000 1.750560
326.000000 1.404616
327.000000 1.759840
328.000000 1.327104
329.000000 2.121728
330.000000 1.001564
331.000000 2.601640
332.000000 1.047396
333.001000 4.442066
334.001000 2.421552
335.001000 2.190500
336.000000 2.061574
337.000000 1.875396
338.001000 2.085870
339.000000 1.335207
340.000000 2.232936
341.000000 2.099096
342.000000 2.230032
343.000000 1.935028
344.000000 2.501888
345.000000 2.375176
346.001000 2.006513
347.000000 2.526066
348.012000 1.907518
349.000000 2.060045
350.005000 1.671252
351.000000 1.506509
352.000000 1.991244
353.001000 2.001578
354.000000 2.012529
355.001000 2.041526
356.001000 1.689044
357.000000 1.532861
358.000000 1.744312
359.000000 1.178152
360.000000 1.659388
361.000000 2.593552
362.000000 2.293052
363.001000 1.706106
364.001000 1.937076
365.001000 1.672868
366.000000 0.727299
367.001000 1.794302
368.000000 3.185253
369.000000 1.586596
370.000000 1.405964
371.000000 1.420792
372.000000 1.378332
373.000000 1.259704
374.000000 1.153888
375.001000 0.970937
376.000000 0.873029
377.001000 1.703780
378.000000 0.899752
379.000000 1.256336
380.000000 1.292732
381.001000 1.544611
382.001000 0.986088
383.000000 1.139499
384.000000 1.242444
385.000000 1.037024
386.001000 1.307600
387.000000 0.147079
388.001000 2.027465
389.001000 0.309288
390.000000 0.532993
391.001000 2.333750
392.000000 1.290635
393.000000 1.491580
394.000000 0.146932
395.000000 2.699856
396.001000 1.676771
397.000000 1.701530
398.001000 1.690050
399.000000 1.410070
400.000000 1.690392
401.000000 1.633776
402.000000 1.498976
403.000000 1.164672
404.000000 1.260380
405.000000 1.339912
406.000000 1.666128
407.000000 1.666128
408.000000 1.409464
409.000000 1.583096
410.000000 1.306212
411.000000 1.583900
412.000000 1.633776
413.000000 1.644560
414.000000 1.546156
415.000000 2.035480
416.000000 1.187588
417.000000 0.929472
418.000000 1.500972
419.001000 1.716983
420.000000 1.495079
421.000000 1.747008
422.001000 1.818034
423.001000 1.864232
424.001000 1.578508
425.001000 1.583900
426.001000 1.555592
427.000000 1.360144
428.000000 1.383048
429.000000 0.578292
430.000000 0.512240
431.000000 0.444840
432.000000 0.535156
433.000000 0.516284
434.000000 0.568856
435.001000 0.149479
436.000000 0.000000
437.000000 0.000000
438.001000 0.000000
439.000000 0.000000
440.000000 2.515368
441.002000 0.546196
442.000000 0.569996
443.000000 0.513588
444.000000 0.616036
445.000000 0.649736
446.001000 0.599261
447.000000 0.661181
448.000000 0.416508
449.000000 0.674024
450.000000 0.378788
451.000000 0.028308
452.000000 0.664564
453.001000 0.525195
454.000000 0.696264
455.001000 0.786446
456.000000 0.570827
457.000000 0.645640
458.000000 0.695568
459.000000 0.882940
460.001000 0.149479
461.001000 0.000000
462.001000 3.120620
463.228000 0.799791
464.199000 0.156873
465.170000 0.000000
466.146000 0.000000
467.120000 0.035984
468.092000 2.694613
469.056000 0.820826
470.026000 0.935262
471.001000 0.916029
472.001000 0.741996
473.000000 0.580921
474.000000 0.929420
475.000000 0.911248
476.001000 0.985750
477.000000 0.913510
478.000000 0.798016
479.000000 0.900464
480.001000 0.649087
481.000000 0.479019
482.000000 0.540548
483.001000 0.612727
484.000000 0.271219
485.001000 0.452476
486.000000 0.539740
487.001000 0.410729
488.000000 0.694915
489.000000 0.644344
490.000000 0.482584
491.000000 0.625472
492.001000 0.622154
493.001000 0.606600
494.000000 0.460128
495.002000 0.488347
496.000000 0.641583
497.000000 0.510892
498.000000 0.517632
499.000000 0.490672
500.001000 0.456515
501.000000 0.588316
502.000000 0.757576
503.000000 0.655128
504.000000 0.527068
505.001000 0.720460
506.001000 0.835760
507.000000 0.658482
508.000000 0.397660
509.000000 0.609996
510.001000 0.311724
511.000000 0.389962
512.000000 0.388224
513.000000 0.133452
514.000000 0.461016
515.000000 0.568856
516.000000 0.241292
517.001000 0.223544
518.000000 0.550535
519.001000 0.296264
520.000000 0.322494
521.000000 0.502804
522.000000 0.568856
523.001000 0.455169
524.000000 0.519499
525.000000 0.420576
526.000000 0.502804
527.000000 0.496064
528.000000 0.524372
529.001000 0.429582
530.000000 0.650386
531.001000 0.511728
532.000000 0.481718
533.000000 0.621428
534.000000 0.678044
535.000000 0.551332
536.000000 0.513588
537.001000 0.557514
538.000000 0.586967
539.000000 0.482584
540.000000 0.498760
541.000000 0.706352
542.000000 0.297908
543.000000 0.190304
544.000000 0.727736
545.000000 0.547884
546.000000 0.903160
547.000000 0.630864
548.000000 0.629516
549.000000 0.641648
550.000000 0.853984
551.000000 0.449532
552.000000 0.378788
553.001000 0.325890
554.000000 0.346783
555.001000 0.418809
556.000000 0.481718
557.000000 0.539200
558.000000 0.505500
559.000000 0.686132
560.000000 0.826324
561.001000 0.792531
562.004000 0.837344
563.000000 0.739562
564.000000 0.880556
565.000000 0.445876
566.000000 0.401704
567.000000 0.378788
568.000000 0.628168
569.000000 0.854632
570.001000 1.050390
571.000000 0.394010
572.001000 0.000000
573.000000 3.278270
574.001000 0.469283
575.000000 2.018194
576.000000 1.720480
577.000000 1.385744
578.000000 1.250944
579.000000 0.700960
580.001000 0.000000
581.000000 1.655652
582.000000 1.600076
583.001000 0.354170
584.000000 0.546486
585.000000 0.808800
586.000000 0.754880
587.001000 1.182234
588.000000 1.051271
589.000000 0.835760
590.000000 1.124232
591.000000 1.098620
592.001000 1.178322
593.000000 1.207668
594.000000 1.430228
595.001000 1.338573
596.001000 1.024480
597.001000 1.388440
598.000000 1.360196
599.001000 1.706158
600.000000 1.667796
601.000000 1.589292
602.001000 1.074629
603.000000 1.434358
604.000000 1.883856
605.000000 1.975468
606.001000 2.207165
607.000000 1.720420
608.000000 1.506416
609.000000 1.580504
610.000000 1.327368
611.000000 1.606684
612.001000 0.765443
613.000000 0.675375
614.000000 1.159928
615.000000 1.348000
616.000000 1.765880
617.001000 1.202561
618.000000 1.100993
