0.000000 0.000000
1.000000 1.424136
2.000000 3.657124
3.000000 4.572416
4.000000 5.329992
5.001000 3.660204
6.001000 6.301900
7.000000 4.034555
8.001000 5.315840
9.000000 6.230150
10.000000 6.282224
11.000000 6.742696
12.000000 6.283028
13.001000 4.663461
14.000000 6.818262
15.000000 7.427156
16.000000 7.694336
17.000000 3.911680
18.001000 3.580420
19.000000 7.915243
20.000000 7.999488
21.000000 7.909376
22.001000 5.004691
23.000000 3.485085
24.000000 8.278016
25.000000 7.397376
26.000000 7.686144
27.000000 4.298752
28.000000 4.124672
29.000000 7.278592
30.000000 7.565312
31.001000 7.637546
32.000000 4.180052
33.001000 3.056655
34.000000 7.531884
35.000000 7.634944
36.000000 7.645184
37.001000 4.754797
38.000000 3.884845
39.001000 6.794613
40.000000 7.640537
41.000000 7.896920
42.000000 3.638740
43.001000 4.087816
44.000000 7.482683
45.000000 4.971436
46.001000 4.538454
47.000000 3.635367
48.000000 5.199872
49.001000 6.042114
50.000000 3.486210
51.000000 4.507088
52.000000 2.327080
53.000000 4.607628
54.000000 3.346488
55.000000 4.169960
56.000000 4.649668
57.000000 4.164164
58.000000 4.632576
59.001000 7.452559
60.000000 7.688464
61.000000 7.060208
62.000000 4.702208
63.000000 3.518464
64.000000 7.417856
65.000000 7.694336
66.000000 7.739392
67.000000 6.680576
68.000000 3.715072
69.001000 7.919888
70.001000 7.796736
71.000000 7.617986
72.000000 5.398528
73.001000 4.734338
74.000000 4.983672
75.000000 7.854080
76.001000 7.514789
77.000000 6.113249
78.000000 3.678208
79.000000 6.909952
80.000000 7.809024
81.000000 8.151040
82.001000 5.906058
83.001000 3.205480
84.001000 4.137212
85.001000 3.555688
86.000000 3.754823
87.000000 3.745988
88.000000 3.809448
89.000000 4.000864
90.001000 4.063604
91.000000 4.583688
92.000000 5.243020
93.000000 5.791008
94.000000 4.443008
95.000000 5.820664
96.001000 7.566845
97.000000 7.633269
98.001000 8.976380
99.000000 6.026607
100.001000 7.926505
101.001000 8.105420
102.000000 5.087047
103.001000 6.986438
104.001000 5.094092
105.000000 6.602366
106.000000 8.189100
107.001000 7.828096
108.000000 6.880368
109.000000 7.254900
110.001000 10.897119
111.000000 10.830891
112.000000 9.474080
113.001000 10.381203
114.000000 10.486182
115.001000 8.687021
116.000000 8.311992
117.000000 8.036776
118.001000 3.497259
119.000000 7.256204
120.001000 4.793335
121.001000 5.154560
122.000000 5.111528
123.000000 5.360348
124.001000 5.291648
125.000000 5.054014
126.000000 5.235632
127.001000 4.883612
128.000000 5.215135
129.000000 5.739884
130.000000 5.365040
131.000000 5.222956
132.001000 4.981814
133.000000 4.613425
134.000000 3.968512
135.001000 5.219137
136.000000 3.873125
137.001000 3.891828
138.001000 5.380568
139.001000 5.499140
140.000000 5.991812
141.000000 5.490352
142.001000 5.279840
143.000000 4.848601
144.000000 3.727220
145.000000 3.375392
146.000000 3.622076
147.000000 3.897068
148.001000 3.785443
149.001000 3.338996
150.000000 3.338290
151.000000 3.340344
152.000000 4.971424
153.000000 5.103528
154.000000 5.413568
155.000000 7.116508
156.001000 8.616328
157.000000 9.582871
158.000000 11.841152
159.000000 10.434548
160.000000 11.464092
161.000000 11.569472
162.000000 13.060484
163.000000 13.054032
164.000000 12.837004
165.000000 12.442040
166.001000 12.700288
167.000000 12.464044
168.000000 13.117984
169.000000 13.085088
170.001000 12.778889
171.000000 13.140765
172.001000 13.055053
173.000000 13.092737
174.001000 13.022138
175.001000 12.106144
176.001000 12.104740
177.000000 12.001113
178.000000 11.976624
179.000000 11.940864
180.000000 12.071080
181.001000 11.994593
182.000000 12.009542
183.000000 12.012028
184.000000 11.758220
185.000000 12.150072
186.001000 12.075277
187.001000 11.859704
188.001000 12.141436
189.001000 11.908136
190.000000 11.992813
191.000000 12.052768
192.000000 11.967544
193.000000 11.924076
194.000000 12.149856
195.000000 11.844364
196.000000 11.973284
197.000000 11.821996
198.000000 10.488512
199.000000 13.871324
200.000000 11.997252
201.000000 12.003292
202.001000 11.986458
203.000000 11.995716
204.000000 11.557752
205.000000 11.422304
206.000000 11.894700
207.000000 12.992024
208.000000 12.103648
209.000000 11.974328
210.000000 12.057212
211.000000 11.989528
212.000000 12.000284
213.000000 11.986908
214.000000 12.014724
215.000000 11.948672
216.000000 12.040596
217.001000 11.999069
218.000000 11.999896
219.001000 11.886446
220.000000 11.473149
221.000000 12.609612
222.000000 12.031984
223.000000 11.999740
224.001000 11.973706
225.001000 12.022200
226.001000 11.997200
227.000000 12.009261
228.000000 11.494136
229.000000 12.422028
230.000000 12.018668
231.000000 11.187800
232.000000 12.482480
233.000000 12.383428
234.000000 12.005392
235.000000 11.995048
236.000000 12.010136
237.001000 11.982677
238.001000 11.380440
239.001000 11.442392
240.001000 12.067896
241.000000 10.671359
242.001000 7.636216
243.000000 5.232777
244.000000 4.705868
245.000000 4.498276
246.000000 4.749108
247.001000 5.172392
248.000000 5.256392
249.000000 3.811468
250.000000 3.642296
251.000000 4.713956
252.000000 4.008952
253.001000 4.317371
254.001000 2.445272
255.001000 4.785400
256.000000 4.218066
257.000000 4.053436
258.000000 3.055916
259.000000 3.766312
260.000000 2.842932
261.000000 3.982772
262.000000 3.422492
263.000000 3.503452
264.000000 3.677344
265.000000 3.665212
266.001000 3.669786
267.001000 3.553172
268.001000 3.524424
269.000000 3.609510
270.000000 3.453472
271.000000 3.768308
272.000000 4.228676
273.000000 4.420092
274.001000 3.938961
275.001000 5.032084
276.000000 5.250318
277.001000 5.377007
278.000000 5.170887
279.000000 5.743828
280.001000 6.097003
