0.000000 0.000000
1.000000 1.673516
2.000000 2.330692
3.000000 1.626472
4.000000 2.388080
4.999000 1.899183
5.999000 2.428888
6.999000 2.042920
8.000000 2.077395
9.000000 1.966524
9.999000 2.067203
11.000000 3.008424
11.999000 2.596148
12.999000 2.224200
13.999000 2.302384
14.999000 2.223552
15.999000 1.925592
17.000000 1.918981
17.999000 2.215632
18.999000 2.670388
19.999000 2.399440
21.000000 2.535748
21.999000 2.046963
23.000000 3.021890
23.999000 2.744577
24.999000 2.326648
26.000000 2.528368
27.000000 2.643376
27.999000 1.872897
28.999000 2.427748
30.000000 2.195045
31.000000 2.853716
32.000000 1.250944
33.000000 3.254072
33.999000 3.083263
35.000000 2.063073
35.999000 2.400492
36.999000 2.185108
37.999000 1.899332
38.999000 1.671520
39.999000 2.047612
40.999000 1.728136
42.000000 2.285271
43.000000 3.138144
43.999000 2.838382
44.999000 3.366604
46.000000 2.700040
46.999000 2.945630
47.999000 2.115012
48.999000 2.477624
49.999000 2.784320
51.000000 3.658158
51.999000 2.423487
53.000000 3.160539
53.999000 3.169622
54.999000 2.131188
55.999000 2.453360
56.999000 2.484364
57.999000 2.245768
58.999000 2.303732
59.999000 2.210720
60.999000 0.300604
61.999000 4.153188
62.999000 3.957728
64.000000 3.132316
65.000000 2.599748
65.999000 3.487263
66.999000 3.150276
67.999000 3.212284
68.999000 3.651732
69.999000 2.771488
70.999000 3.615336
71.999000 2.516716
73.000000 3.311421
74.000000 2.829452
75.000000 3.446344
75.999000 3.152573
76.999000 3.042436
77.999000 2.508628
79.000000 3.062290
79.999000 3.085962
81.000000 2.731013
81.999000 2.129273
83.000000 2.193698
84.000000 2.020652
85.000000 2.104876
85.999000 2.772264
87.000000 3.076404
87.999000 2.405890
88.999000 2.624556
89.999000 2.990876
90.999000 2.843268
91.999000 2.499192
92.999000 1.993692
94.000000 1.839528
94.999000 2.063155
96.000000 2.157339
96.999000 2.443672
98.000000 1.896088
98.999000 1.865009
99.999000 1.744024
100.999000 1.846244
102.000000 2.129654
102.999000 2.018627
103.999000 1.954600
105.000000 1.986314
105.999000 1.723119
106.999000 1.689044
107.999000 2.144668
108.999000 2.501888
110.000000 1.987660
111.000000 2.035480
111.999000 1.952509
112.999000 2.062440
113.999000 1.976168
114.999000 1.560984
115.999000 2.629300
116.999000 1.006256
117.999000 3.959128
119.000000 2.023425
119.999000 2.213558
121.000000 2.407736
121.999000 2.296048
123.000000 2.086509
123.999000 1.650254
124.999000 1.745896
125.999000 2.539396
126.999000 2.109572
127.999000 1.924292
128.999000 1.422140
129.999000 1.338564
130.999000 1.763184
131.999000 2.552464
132.999000 2.675080
133.999000 2.650168
134.999000 2.396124
135.999000 2.240996
136.999000 1.288688
137.999000 0.384180
139.000000 0.452476
139.999000 0.427744
140.999000 0.563464
141.999000 0.444840
143.000000 0.620807
143.999000 0.601810
145.000000 0.760859
145.999000 1.211716
146.999000 1.513804
147.999000 1.601424
148.999000 1.703872
149.999000 1.556112
150.999000 1.401400
151.999000 1.424836
152.999000 1.171412
153.999000 1.319692
154.999000 0.423272
155.999000 2.793808
156.999000 1.531224
157.999000 2.130248
158.999000 2.616924
160.000000 1.714593
160.999000 2.217161
162.001000 1.919110
162.999000 1.558709
163.999000 2.083308
164.999000 1.680416
166.000000 1.687896
166.999000 1.895836
167.999000 2.204940
168.999000 2.294684
169.999000 1.973472
171.000000 2.022673
172.000000 2.030088
172.999000 2.607748
174.000000 2.502549
175.000000 2.333780
175.999000 2.328661
176.999000 2.103580
177.999000 2.518712
178.999000 2.547720
179.999000 1.978844
180.999000 1.904744
181.999000 2.618516
182.999000 2.193844
184.000000 1.440919
184.999000 0.369009
185.999000 3.951700
186.999000 1.729436
187.999000 2.931948
188.999000 2.191848
189.999000 2.193196
190.999000 3.240592
192.000000 2.670414
193.000000 2.814116
193.999000 2.193954
194.999000 2.047048
195.999000 2.878000
196.999000 1.814408
197.999000 2.062440
198.999000 1.753748
200.000000 2.838745
200.999000 2.666314
201.999000 2.582768
202.999000 2.253856
204.000000 2.270589
204.999000 3.009333
206.000000 2.528651
207.000000 2.295204
207.999000 2.435912
208.999000 2.433140
209.999000 2.112088
210.999000 1.739148
211.999000 1.891244
213.000000 1.878581
213.999000 1.904036
214.999000 3.029656
215.999000 2.417508
216.999000 3.134256
217.999000 2.134592
218.999000 3.272444
219.999000 2.163492
221.000000 1.396164
222.000000 2.799796
