0.000000 0.785035
1.001000 2.442521
2.001000 2.056708
3.000000 2.789754
4.000000 2.361696
5.000000 2.400140
6.001000 2.086230
7.000000 1.016825
8.000000 3.449852
9.000000 2.122272
10.000000 2.047040
11.000000 0.841152
12.000000 1.756444
13.000000 1.120188
14.000000 0.935512
15.001000 1.342613
16.000000 1.161141
17.000000 1.525236
18.001000 1.623520
19.000000 1.841057
20.001000 1.494785
21.000000 1.376597
22.000000 2.947816
23.000000 2.278120
24.000000 2.338780
25.000000 0.784536
26.000000 0.817588
27.000000 2.260104
28.000000 3.793064
29.000000 3.206716
30.000000 3.361856
31.001000 2.079017
32.001000 2.475376
33.000000 3.192561
34.000000 3.328212
35.000000 3.513044
36.000000 4.074252
37.001000 2.883081
38.000000 2.096889
39.000000 1.656044
40.000000 2.034780
41.000000 1.356088
42.001000 1.797782
43.000000 1.872897
44.000000 3.465708
45.000000 4.525236
46.000000 4.199676
47.000000 4.477504
48.000000 2.589404
49.000000 2.223708
50.000000 1.766372
51.000000 2.238668
52.000000 3.810508
53.000000 3.221020
54.001000 4.678482
55.000000 2.716681
56.000000 2.565244
57.000000 3.382008
58.001000 3.666330
59.001000 4.010892
60.000000 5.026927
61.000000 5.611580
62.001000 4.234861
63.000000 4.830719
64.000000 3.426416
65.000000 2.810132
66.000000 4.494840
67.000000 5.342864
68.001000 4.296815
69.000000 4.827243
70.000000 2.535700
71.000000 1.406976
72.000000 5.910528
73.001000 5.303197
74.000000 4.167648
75.001000 1.665347
76.000000 4.704969
77.000000 5.147600
78.000000 3.950104
79.000000 4.084980
80.000000 4.931044
81.000000 3.860192
82.000000 5.771264
83.000000 6.229728
84.000000 5.484060
85.001000 5.460651
86.001000 4.952064
87.000000 6.334655
88.001000 3.527225
89.000000 6.412557
90.000000 6.517584
91.000000 3.340344
92.000000 4.849456
93.000000 3.169112
94.000000 5.265408
95.000000 7.071744
96.000000 3.862448
97.000000 2.196804
98.000000 5.641816
99.000000 3.467684
100.000000 4.695804
101.000000 4.466788
102.001000 5.657982
103.000000 3.670671
104.000000 4.477824
105.000000 2.976104
106.000000 6.293504
107.000000 4.452648
108.001000 4.368460
109.000000 4.006919
110.000000 4.034856
111.000000 3.108196
112.001000 2.668368
113.000000 4.033205
114.001000 3.861554
115.001000 3.864228
116.001000 4.641652
117.000000 4.668048
118.000000 0.903160
119.000000 2.994176
120.000000 5.793792
121.000000 6.575188
122.000000 4.750940
123.000000 5.439940
124.000000 2.420568
125.000000 1.040384
126.001000 3.431065
127.001000 4.683776
128.000000 3.341582
129.000000 3.268608
130.000000 2.924544
131.000000 5.529600
132.001000 7.103552
133.001000 5.197824
134.001000 5.025792
135.000000 2.410859
136.000000 3.563520
137.000000 7.321600
138.000000 6.166528
139.000000 5.521408
140.001000 5.311297
141.001000 4.777984
142.000000 6.185754
143.001000 4.832052
144.001000 3.176820
145.000000 3.327231
146.000000 6.068224
147.002000 3.478739
148.000000 6.667287
149.000000 6.981632
150.000000 4.882432
151.000000 5.202284
152.000000 4.177456
153.000000 5.484544
154.000000 4.334236
155.001000 3.935045
156.001000 3.982688
157.001000 6.385664
158.000000 2.410859
159.001000 1.342146
160.001000 1.933312
161.000000 5.838543
162.001000 6.518410
163.000000 5.080024
164.000000 5.214208
165.000000 4.255744
166.000000 6.791168
167.000000 7.057408
168.001000 3.866853
169.000000 2.107451
170.000000 2.394112
171.000000 4.091904
172.000000 6.482028
173.000000 2.073976
174.001000 2.148507
175.000000 2.757870
176.000000 3.878912
177.000000 5.156932
178.000000 4.712608
179.000000 3.918452
180.000000 3.999836
181.001000 3.600344
182.000000 4.313798
183.001000 2.630557
184.000000 2.948981
185.000000 2.740532
186.000000 2.437832
187.000000 2.542536
188.000000 3.651524
189.000000 3.794620
190.000000 5.944072
191.000000 5.562368
192.001000 4.374250
193.000000 6.076348
194.001000 6.747620
195.000000 3.044132
196.000000 2.655560
197.000000 1.900544
198.000000 5.254900
199.001000 5.708212
200.001000 5.858352
201.001000 4.735096
202.001000 6.033016
203.000000 5.244408
204.000000 4.749312
205.000000 4.259840
206.000000 7.045120
207.001000 4.449878
208.000000 4.746454
209.000000 5.368936
210.001000 5.356308
211.001000 3.465216
212.000000 1.549838
213.001000 5.190585
214.000000 6.912769
215.001000 5.704120
216.000000 6.066098
217.000000 4.904960
218.001000 7.465686
219.001000 5.830656
220.000000 6.506859
221.000000 5.347328
222.000000 5.234688
223.000000 5.537792
224.000000 6.832128
225.000000 5.632000
226.001000 6.499996
227.000000 3.649089
228.000000 6.877184
229.000000 6.541312
230.001000 4.771165
231.001000 4.680512
232.000000 3.498134
233.000000 5.969220
234.001000 4.723784
235.000000 4.597389
236.001000 4.480036
237.000000 3.729053
238.001000 3.082490
239.000000 2.915916
240.000000 2.250596
241.000000 4.993868
242.000000 5.243896
243.000000 5.786064
244.000000 5.115904
245.001000 5.439101
246.001000 4.136960
247.000000 6.730314
248.001000 6.205379
249.001000 4.214784
250.001000 5.201920
251.000000 6.619612
252.001000 4.392663
253.001000 6.055936
254.001000 6.791168
255.000000 5.492084
256.001000 6.479536
257.001000 5.367808
258.000000 4.594162
259.000000 6.090752
260.000000 6.844416
261.000000 6.053888
262.000000 6.348800
263.000000 5.167104
264.000000 4.401152
265.000000 6.430720
266.000000 6.739968
267.000000 5.539840
268.000000 6.117376
269.000000 6.574080
270.000000 4.984832
271.000000 5.500928
272.000000 6.998016
273.000000 5.195776
274.001000 6.600248
275.001000 4.844624
276.000000 4.131708
277.000000 4.248380
278.000000 4.542928
279.000000 3.839452
280.001000 3.508811
281.000000 5.283616
282.000000 4.531556
283.001000 3.968340
284.000000 4.555495
285.000000 4.512196
286.000000 4.908552
287.000000 5.108172
288.000000 5.124096
289.001000 6.574278
290.000000 4.107211
291.001000 4.358342
292.000000 3.006426
293.000000 2.938464
294.001000 2.921622
295.000000 6.840645
296.000000 3.799312
297.000000 3.235148
298.001000 3.308727
299.001000 2.190376
300.000000 4.144861
301.000000 2.861568
302.000000 4.341908
303.000000 3.886284
304.000000 2.017788
305.000000 5.508824
306.001000 3.516923
307.001000 3.057720
308.000000 3.791387
309.001000 4.876268
310.001000 3.962880
311.000000 4.266482
312.001000 4.066194
313.001000 3.705652
314.000000 4.638779
315.000000 3.489792
316.000000 7.417856
317.000000 5.222532
318.000000 3.703024
319.001000 3.106234
320.000000 2.214282
321.000000 2.369964
322.001000 5.355461
323.000000 2.434226
324.000000 2.621860
325.002000 3.164531
326.000000 2.221663
327.001000 2.246122
328.000000 4.258975
329.000000 4.139900
330.000000 2.159496
331.000000 1.985636
332.001000 4.066765
333.001000 5.045816
334.000000 5.062346
335.000000 3.589280
336.001000 4.345766
337.000000 4.895848
338.000000 5.463248
339.000000 5.943488
340.000000 5.896192
341.000000 5.822464
342.000000 3.772416
343.000000 5.529816
344.000000 5.142528
345.001000 3.874402
346.000000 3.491944
347.000000 4.640832
348.000000 4.352784
349.000000 4.785556
350.000000 4.607800
351.000000 4.763416
352.001000 3.453802
353.000000 1.348000
354.000000 0.000000
355.000000 5.083616
356.000000 3.588096
357.000000 4.739072
358.000000 4.247552
359.000000 3.483648
360.001000 4.556340
361.000000 4.255904
362.000000 6.897664
363.001000 6.532731
364.000000 6.260853
365.000000 5.484544
366.000000 4.907008
367.000000 6.881280
368.000000 6.066176
369.000000 6.725632
370.000000 5.238784
371.000000 5.550080
372.000000 7.663616
373.001000 6.493858
374.001000 6.000640
375.000000 5.473634
376.001000 5.055552
377.000000 6.072248
378.001000 6.751648
379.001000 3.483648
380.000000 2.927471
381.000000 3.735552
382.000000 0.475136
383.001000 5.614098
384.001000 7.335936
385.000000 5.449033
386.000000 5.996544
387.000000 4.218880
388.000000 7.245824
389.000000 6.537216
390.001000 6.499996
391.000000 6.449457
392.000000 5.130240
393.000000 5.695488
394.000000 7.653376
395.000000 6.250496
396.001000 6.297447
397.001000 6.051840
398.000000 3.234979
399.001000 7.389986
400.000000 6.863568
401.000000 5.347328
402.000000 6.287360
403.001000 4.153287
404.000000 6.605261
405.000000 7.364608
406.000000 6.021120
407.000000 5.799936
408.000000 4.296704
409.000000 6.451200
410.000000 6.844416
411.001000 6.385423
412.000000 5.826242
413.000000 5.095424
414.000000 6.217728
415.000000 6.608896
416.000000 6.367232
417.002000 5.561485
418.000000 4.902477
419.001000 5.839153
420.001000 7.159808
421.000000 6.523259
422.000000 5.554176
423.000000 5.267456
424.000000 5.548032
425.000000 6.940672
426.000000 6.514688
427.001000 5.833015
428.000000 5.231728
429.000000 5.107712
430.000000 6.787072
431.000000 6.123520
432.001000 6.219700
433.000000 5.422382
434.000000 4.761600
435.000000 7.194624
436.000000 6.176768
437.000000 5.564416
438.000000 5.611520
439.000000 4.739072
440.000000 7.086080
441.000000 5.103616
442.000000 2.539520
443.000000 5.824512
444.000000 3.815424
445.000000 6.799360
446.000000 6.854656
447.000000 5.988352
448.000000 6.320128
449.000000 4.147200
450.000000 6.680576
451.001000 6.669810
452.000000 5.998446
453.000000 6.041600
454.001000 3.811612
455.000000 6.517109
456.001000 7.148563
457.000000 5.838543
458.000000 5.926912
459.001000 4.713878
460.000000 5.941045
461.000000 7.735296
