0.000000 0.068455
0.999000 2.170330
2.000000 5.684575
2.999000 10.256825
3.999000 11.583364
4.999000 10.012504
5.999000 9.447720
7.000000 9.411912
7.999000 7.928308
9.000000 7.880827
10.000000 6.497200
10.999000 3.505586
11.999000 5.138432
13.000000 8.797602
14.000000 9.218048
14.999000 5.881357
15.999000 0.999424
16.999000 3.393536
17.999000 8.435712
18.999000 4.660936
19.999000 6.851228
20.999000 4.032512
21.999000 6.569984
23.000000 7.887153
23.999000 7.718438
24.999000 7.538688
25.999000 4.657152
26.999000 3.801088
27.999000 5.127168
28.999000 5.271208
29.999000 5.185192
30.999000 3.401284
31.999000 6.504448
32.999000 7.823160
33.999000 4.735956
34.999000 4.873164
35.999000 4.591616
36.999000 1.777664
37.999000 7.811072
38.999000 7.041296
39.999000 5.221968
40.999000 5.885400
42.000000 2.856208
43.000000 2.123776
43.999000 4.745866
45.000000 7.273367
45.999000 7.501133
47.000000 5.631960
47.999000 4.204024
48.999000 2.917136
49.999000 1.918204
51.000000 1.156312
51.999000 0.453846
52.999000 1.498976
53.999000 1.391136
54.999000 1.256072
56.000000 5.994925
56.999000 5.935700
58.000000 3.361431
58.999000 3.496112
60.000000 2.415145
60.999000 1.616521
61.999000 1.394424
62.999000 3.355228
64.000000 4.756535
64.999000 7.350803
66.000000 6.460172
66.999000 5.435199
67.999000 4.945988
68.999000 4.452352
69.999000 4.419832
70.999000 4.391188
72.000000 3.957758
73.000000 2.936552
73.999000 5.560188
74.999000 2.586384
75.999000 1.481880
76.999000 4.538636
77.999000 3.633152
78.999000 5.470780
79.999000 3.881796
80.999000 5.520372
81.999000 4.549116
82.999000 0.968920
83.999000 4.569032
84.999000 5.054484
85.999000 4.835504
86.999000 4.989048
87.999000 3.010264
89.000000 1.186653
90.000000 8.093696
91.000000 5.156896
91.999000 3.384160
92.999000 0.945320
94.000000 3.281423
94.999000 2.157093
95.999000 1.600592
97.000000 2.230434
97.999000 2.174490
98.999000 2.093728
99.999000 2.537040
100.999000 3.272840
102.000000 2.682533
102.999000 2.176501
103.999000 2.216112
105.000000 1.817283
105.999000 1.905281
106.999000 1.974820
107.999000 2.511324
108.999000 2.274076
109.999000 1.990996
110.999000 0.870808
112.000000 0.933335
113.000000 1.966144
113.999000 2.450903
114.999000 2.042220
115.999000 2.007900
116.999000 2.890732
117.999000 2.820016
118.999000 2.917772
120.000000 2.191213
120.999000 3.129037
121.999000 2.483560
122.999000 2.814744
123.999000 2.206608
124.999000 2.215360
125.999000 2.395396
126.999000 1.722744
128.000000 2.838150
129.000000 2.924408
129.999000 1.663099
130.999000 1.441660
131.999000 2.361108
133.000000 2.077127
134.000000 1.400832
135.000000 1.049832
136.000000 0.000000
137.000000 1.023236
138.000000 0.466616
139.000000 3.691008
139.999000 2.131644
141.000000 2.461514
141.999000 2.663668
142.999000 2.705728
144.000000 3.401562
144.999000 1.029433
145.999000 3.248540
147.000000 1.819329
147.999000 2.014907
148.999000 3.698092
149.999000 3.030796
150.999000 3.326864
152.000000 3.296607
152.999000 3.448492
154.000000 4.887449
155.000000 4.599248
155.999000 4.123740
157.000000 4.399516
157.999000 2.758070
159.000000 2.869718
160.000000 1.709264
160.999000 1.806130
162.000000 1.564112
163.000000 1.524588
163.999000 1.848609
164.999000 1.755096
165.999000 1.441012
166.999000 1.598728
167.999000 2.458608
168.999000 2.131332
170.000000 1.929754
171.000000 2.265988
171.999000 2.234523
172.999000 1.209156
174.000000 1.615728
175.000000 2.603944
176.000000 4.244008
176.999000 3.563624
177.999000 2.595052
178.999000 1.524588
179.999000 1.490888
181.000000 0.960863
181.999000 5.126034
182.999000 5.597680
183.999000 1.594092
184.999000 3.891200
185.999000 7.864320
186.999000 5.513012
187.999000 5.796296
188.999000 2.751884
190.000000 6.174689
191.000000 8.114176
191.999000 5.553005
193.000000 5.806222
193.999000 3.513489
194.999000 4.585472
196.000000 8.089702
196.999000 5.274270
197.999000 3.939612
198.999000 4.678712
200.000000 4.660683
200.999000 7.601586
201.999000 7.632896
202.999000 6.092532
203.999000 3.531024
204.999000 2.842624
206.000000 4.202390
207.000000 7.110656
207.999000 4.965810
209.000000 2.974374
209.999000 3.107680
210.999000 2.618720
212.000000 2.879560
212.999000 2.993041
213.999000 2.696552
214.999000 2.591752
216.000000 2.578789
217.000000 2.493800
217.999000 2.955231
218.999000 2.594412
220.000000 2.835037
220.999000 3.075167
222.000000 2.582110
223.000000 3.109260
223.999000 2.681061
224.999000 2.969792
225.999000 2.355604
226.999000 2.989164
227.999000 3.978752
229.000000 4.362010
229.999000 4.310815
230.999000 5.855696
231.999000 5.561968
232.999000 3.218272
234.000000 3.602062
234.999000 0.882827
235.999000 6.687652
236.999000 4.700136
237.999000 5.378964
238.999000 4.877952
239.999000 2.794472
240.999000 2.758008
242.000000 0.362845
243.000000 4.920200
243.999000 1.543688
245.000000 2.736875
245.999000 4.222306
246.999000 3.079480
247.999000 2.952120
249.000000 4.650565
250.000000 2.658304
251.000000 3.248128
251.999000 7.728689
252.999000 7.290880
253.999000 6.758216
254.999000 2.686976
255.999000 6.352896
257.000000 7.506605
257.999000 7.866042
258.999000 5.033620
259.999000 2.912256
261.000000 5.808895
262.000000 4.785776
262.999000 4.894683
263.999000 5.258836
264.999000 3.716528
266.000000 4.007097
266.999000 4.630503
268.000000 3.666597
268.999000 2.191343
270.000000 2.615201
270.999000 2.175151
271.999000 1.695784
272.999000 2.363044
273.999000 1.788796
275.000000 2.306102
275.999000 1.845277
277.000000 2.425323
277.999000 4.331708
278.999000 5.168260
279.999000 4.454400
280.999000 5.320308
282.000000 3.005694
282.999000 4.211319
283.999000 5.839536
284.999000 3.037044
286.000000 3.945307
286.999000 3.029678
287.999000 3.650436
288.999000 4.308156
289.999000 3.703304
290.999000 4.174408
291.999000 3.014128
292.999000 2.846976
293.999000 3.001996
295.000000 2.922238
295.999000 2.566050
296.999000 2.409288
297.999000 2.054352
298.999000 2.005332
299.999000 1.816896
300.999000 1.705220
301.999000 1.569644
302.999000 1.448528
303.999000 1.521892
304.999000 0.648388
305.999000 1.933032
306.999000 1.323736
307.999000 1.458536
309.000000 0.729886
310.000000 0.583684
310.999000 0.775876
311.999000 0.703656
312.999000 0.568856
314.000000 0.290877
314.999000 0.314398
315.999000 0.520328
316.999000 0.868112
318.000000 1.733143
319.000000 2.987168
319.999000 1.283231
320.999000 0.022916
321.999000 4.135716
322.999000 2.653564
323.999000 5.101636
324.999000 4.071260
325.999000 3.694508
326.999000 3.429264
328.000000 5.139612
329.000000 4.731504
330.000000 4.399832
330.999000 3.673806
331.999000 4.270820
333.000000 2.547065
334.000000 3.006040
334.999000 2.660537
336.000000 3.688863
336.999000 4.032557
337.999000 3.292516
338.999000 3.426564
339.999000 2.671900
341.001000 5.325972
341.999000 4.824649
342.999000 6.368264
343.999000 5.661328
344.999000 4.059136
345.999000 4.798464
347.000000 7.364216
347.999000 5.688188
348.999000 5.391068
349.999000 3.149824
350.999000 3.940312
352.000000 3.713359
352.999000 6.082803
353.999000 6.819840
354.999000 5.488640
355.999000 3.489792
356.999000 7.446528
358.000000 5.290837
359.000000 4.284416
359.999000 5.276829
360.999000 2.076672
361.999000 1.781760
362.999000 6.090752
363.999000 4.669440
364.999000 5.114980
365.999000 2.697216
366.999000 7.090176
368.000000 7.238585
368.999000 6.162282
369.999000 2.884156
370.999000 3.606528
371.999000 7.346176
373.000000 7.120376
373.999000 5.237137
374.999000 4.978688
375.999000 3.293184
376.999000 7.331840
377.999000 7.630848
379.000000 7.428859
379.999000 4.708985
380.999000 3.063808
381.999000 5.123596
382.999000 4.039852
383.999000 3.360720
384.999000 2.663704
385.999000 5.025832
386.999000 3.586380
387.999000 2.987764
388.999000 3.920732
390.000000 3.610785
390.999000 5.367031
391.999000 4.300064
393.000000 4.107732
393.999000 4.127916
394.999000 3.455948
395.999000 4.366336
396.999000 5.231672
397.999000 2.826240
399.000000 3.482214
399.999000 3.439984
400.999000 4.040704
401.999000 7.401472
402.999000 7.770112
404.000000 5.119197
404.999000 1.025301
405.999000 1.263280
406.999000 2.263292
408.000000 2.763333
408.999000 2.915660
410.000000 3.083840
410.999000 3.223876
411.999000 0.841152
412.999000 1.895288
413.999000 1.148496
414.999000 1.396132
415.999000 5.340524
416.999000 2.850204
417.999000 5.114260
419.000000 6.982841
419.999000 5.867243
420.999000 2.605056
422.000000 4.992128
422.999000 7.151548
423.999000 6.011380
424.999000 3.637552
425.999000 2.488320
426.999000 5.681420
427.999000 5.040660
428.999000 5.034132
429.999000 3.749268
431.000000 3.662258
431.999000 6.494631
432.999000 5.359640
433.999000 4.831920
434.999000 3.957100
435.999000 2.785280
436.999000 7.217152
437.999000 5.075052
438.999000 5.256448
440.001000 4.016291
440.999000 3.016593
441.999000 4.531500
442.999000 3.003528
443.999000 4.849868
444.999000 4.002212
445.999000 2.295644
446.999000 5.281828
448.000000 4.668200
448.999000 4.672200
449.999000 2.976368
450.999000 1.204660
451.999000 1.374364
452.999000 2.019900
453.999000 2.342824
455.000000 2.394350
456.000000 2.733744
456.999000 1.789237
458.000000 1.022110
458.999000 3.168272
460.000000 3.190102
461.000000 4.333940
461.999000 4.124757
462.999000 4.276060
463.999000 2.471612
465.000000 2.654873
466.000000 2.439340
466.999000 2.751167
467.999000 7.221248
468.999000 2.115696
469.999000 4.153396
471.000000 2.856691
471.999000 5.092569
472.999000 2.899424
474.001000 4.723577
474.999000 3.691531
476.000000 4.009215
477.000000 5.586740
477.999000 3.992256
478.999000 3.064664
479.999000 4.268456
481.000000 2.819892
481.999000 4.509526
482.999000 4.066840
484.000000 3.237431
485.000000 3.423920
485.999000 2.365489
486.999000 4.149168
487.999000 3.131976
489.000000 3.874993
490.000000 4.471316
490.999000 4.513153
492.000000 5.257910
492.999000 4.473746
494.000000 3.910973
495.000000 4.462128
495.999000 3.846523
497.000000 5.564995
497.999000 5.350382
499.000000 4.202102
499.999000 3.867059
501.000000 3.405506
501.999000 5.389582
502.999000 3.828784
504.000000 2.894010
505.000000 3.027504
505.999000 2.169754
506.999000 0.000000
507.999000 0.012132
509.000000 6.871093
509.999000 4.567271
510.999000 3.517724
511.999000 4.404280
512.999000 3.903420
513.999000 3.170236
515.000000 2.395257
515.999000 2.318803
516.999000 2.010932
517.999000 3.724112
518.999000 5.712096
520.000000 4.682761
521.000000 4.519420
521.999000 5.861093
522.999000 5.853648
523.999000 5.082564
525.000000 5.689862
525.999000 3.931023
526.999000 3.603968
527.999000 3.645368
528.999000 4.732024
529.999000 4.507040
530.999000 3.696428
531.999000 6.279168
532.999000 7.383040
533.999000 8.028160
534.999000 7.070948
535.999000 4.638716
537.000000 3.140539
537.999000 7.503183
538.999000 7.829504
539.999000 7.723008
540.999000 5.918720
541.999000 3.698688
543.000000 5.141483
