0.000000 1.811190
1.000000 4.805592
2.001000 4.542106
3.001000 4.537948
4.000000 5.231367
5.001000 5.012060
6.001000 4.612440
7.000000 4.469774
8.000000 3.010084
9.001000 2.533858
10.000000 2.255956
11.000000 2.677128
12.001000 2.693307
13.000000 2.246667
14.000000 2.255204
15.000000 1.857544
16.000000 0.386876
17.000000 3.522324
18.000000 0.469104
19.001000 2.861638
20.000000 3.173670
21.000000 2.910332
22.000000 3.995472
23.000000 5.586112
24.001000 5.406813
25.000000 4.662002
26.000000 4.367520
27.001000 3.933574
28.000000 4.066290
29.000000 4.764976
30.001000 5.757467
31.000000 6.562583
32.001000 6.090805
33.000000 6.301253
34.000000 3.965168
35.000000 2.841584
36.001000 4.077822
37.000000 4.801530
38.000000 3.157684
39.001000 5.567041
40.000000 7.158775
41.000000 4.969008
42.000000 5.262540
43.000000 6.043084
44.001000 6.146929
45.000000 5.408737
46.000000 6.242588
47.000000 6.377388
48.001000 4.847952
49.000000 7.084084
50.000000 5.566180
51.001000 5.718949
52.001000 6.830316
53.000000 7.021121
54.001000 4.329239
55.001000 7.417856
56.001000 7.692288
57.001000 7.235584
58.000000 5.438783
59.000000 4.538368
60.000000 5.558272
61.000000 7.303168
62.000000 7.094272
63.000000 6.197248
64.001000 4.034621
65.000000 4.680264
66.000000 7.565312
67.001000 5.230621
68.001000 4.971152
69.000000 4.053926
70.000000 5.253120
71.000000 5.173960
72.000000 4.698864
73.001000 3.399572
74.000000 3.349081
75.000000 5.015552
76.001000 5.054454
77.000000 3.840561
78.000000 4.650884
79.000000 4.221932
80.000000 4.675584
81.002000 5.195417
82.000000 5.070894
83.000000 4.278940
84.001000 3.463532
85.000000 4.612613
86.000000 3.578984
87.000000 3.891960
88.000000 3.973100
89.000000 3.476948
90.000000 1.245184
91.000000 6.376600
92.000000 3.890328
93.000000 3.247384
94.000000 3.409448
95.000000 2.954408
96.000000 4.330820
97.000000 4.346256
98.001000 3.356875
99.001000 3.379992
100.000000 3.610246
101.000000 2.702480
102.000000 2.741132
103.000000 2.993728
104.000000 3.463996
105.001000 3.915397
106.000000 3.795303
107.000000 3.418112
108.000000 3.209588
109.000000 2.808584
110.000000 2.729000
111.000000 2.631296
112.001000 2.432056
113.000000 3.183115
114.000000 1.633364
115.000000 5.935172
116.000000 4.078184
117.000000 3.525020
118.000000 3.783836
119.001000 3.471065
120.000000 3.812521
121.000000 4.451096
122.000000 5.326848
123.000000 2.837732
124.000000 6.604800
125.000000 4.225452
126.000000 4.908552
127.000000 4.736260
128.000000 4.695696
129.000000 4.446852
130.000000 4.175772
131.000000 4.247380
132.001000 4.535580
133.000000 5.210855
134.001000 4.012563
135.000000 4.615520
136.000000 3.859068
137.001000 4.007896
138.000000 4.274739
139.001000 3.697506
140.001000 4.005888
141.000000 4.585161
142.000000 3.958716
143.000000 3.788320
144.000000 3.364716
145.000000 4.438960
146.000000 4.196664
147.000000 3.482060
148.000000 3.293112
149.000000 0.970052
150.000000 5.226496
151.000000 4.537888
152.000000 3.668944
153.000000 3.225764
154.000000 3.191456
155.000000 2.554860
156.001000 5.595952
157.001000 5.343720
158.000000 5.808264
159.000000 5.528200
160.000000 3.248128
161.000000 6.076416
162.000000 7.225344
163.000000 4.118928
164.000000 4.121176
165.000000 3.945656
166.000000 6.049792
167.001000 7.330653
168.001000 6.432172
169.000000 4.793786
170.000000 5.185676
171.000000 3.964928
172.000000 6.488064
173.000000 7.184384
174.000000 5.557488
175.000000 5.222360
176.000000 3.436280
177.001000 4.776144
178.000000 3.914462
179.000000 4.014344
180.000000 3.385684
181.000000 3.909032
182.000000 4.738552
183.001000 3.606665
184.000000 3.177718
185.000000 3.329744
186.000000 3.358516
187.001000 4.160328
188.001000 3.831068
189.000000 3.443696
190.000000 3.076992
191.000000 2.948888
192.001000 3.093255
193.000000 2.634110
194.001000 2.293067
195.000000 1.808360
196.000000 1.513804
197.000000 1.511108
198.000000 1.414052
199.000000 1.519196
200.000000 1.617600
201.001000 1.412639
202.000000 1.386691
203.000000 1.291824
204.000000 0.982096
205.000000 1.318940
206.000000 1.277904
207.000000 1.008304
208.000000 0.884288
209.001000 1.094829
210.000000 1.260292
211.001000 1.303560
212.000000 1.018759
213.000000 0.000000
214.001000 0.000000
215.001000 2.601640
216.000000 0.847391
217.001000 0.000000
218.000000 0.018891
219.000000 2.822712
220.001000 0.873978
221.000000 0.923656
222.001000 0.194565
223.000000 0.000000
224.000000 0.000000
225.001000 0.000000
226.000000 1.235271
227.000000 0.806836
228.001000 0.328583
229.000000 0.272569
230.000000 0.000000
231.000000 0.000000
232.001000 0.000000
233.001000 1.357436
234.000000 0.209149
235.000000 0.370052
236.000000 0.619380
237.001000 0.286837
238.000000 0.103900
239.000000 0.117276
240.000000 0.119972
241.000000 0.324868
242.001000 0.274717
243.000000 0.268521
244.001000 0.224891
245.000000 0.237485
246.001000 0.367636
247.010000 0.228452
248.000000 0.270962
249.000000 0.300604
250.000000 0.386876
251.001000 0.441702
252.000000 0.659832
253.001000 0.834925
254.000000 0.933750
255.001000 1.143309
256.000000 1.388480
257.000000 1.183544
258.001000 1.357427
259.000000 1.957906
260.000000 1.593336
261.000000 0.000000
262.000000 2.145084
263.001000 1.977818
264.000000 0.000000
265.000000 2.534240
266.002000 1.147549
267.001000 0.800917
268.000000 1.073329
269.000000 1.069016
270.000000 0.730564
271.000000 0.611992
272.000000 0.570204
273.000000 0.632212
274.000000 0.624124
275.000000 0.427316
276.001000 0.394569
277.000000 0.360276
278.001000 0.409383
279.000000 1.471860
280.000000 4.386672
281.000000 1.413404
282.000000 3.239892
283.000000 2.113664
284.000000 2.462796
285.001000 1.931800
286.001000 1.183104
287.000000 3.457085
288.000000 3.354964
289.000000 4.359904
290.000000 5.227720
291.000000 3.154112
292.000000 3.495520
293.000000 3.161060
294.000000 2.850968
295.001000 3.113514
296.000000 2.955960
297.001000 3.570390
298.001000 2.921428
299.001000 3.757332
300.000000 4.137089
301.001000 3.980328
302.000000 3.797922
303.000000 4.355512
304.000000 5.011268
305.001000 4.919772
306.000000 4.381417
307.000000 4.411100
308.000000 4.718972
309.000000 4.147796
310.000000 3.270344
311.000000 5.440432
312.000000 4.420044
313.000000 3.167812
314.001000 2.086873
315.000000 7.130074
316.001000 4.442230
317.001000 3.735552
318.000000 4.592112
319.000000 5.926912
320.000000 4.532420
321.000000 5.050076
322.000000 3.322132
323.001000 5.582849
324.001000 4.294648
325.001000 4.748952
326.001000 5.292772
327.001000 4.844836
328.000000 3.759087
329.000000 4.568572
330.000000 3.951688
331.000000 4.042264
332.000000 3.345424
333.001000 3.979009
334.000000 1.790547
335.000000 4.206120
336.000000 5.877312
337.000000 3.672264
338.000000 3.521424
339.001000 3.900547
340.000000 3.703912
341.000000 3.818884
342.000000 3.728836
343.000000 3.629196
344.000000 3.682244
345.000000 3.727276
346.000000 3.693956
347.000000 3.837860
348.000000 3.790220
349.001000 4.195077
350.001000 4.106060
351.000000 4.200472
352.000000 3.986036
353.001000 3.987441
354.000000 4.049397
355.000000 4.000864
356.000000 4.409308
357.000000 4.120240
358.000000 4.061628
359.001000 3.962346
360.000000 4.823924
361.000000 4.398524
362.001000 5.159912
363.000000 5.453185
364.001000 6.020887
365.001000 6.037692
366.000000 6.101758
367.000000 5.874584
368.000000 5.592308
369.000000 5.356148
370.000000 5.857812
371.001000 6.645786
372.000000 6.823660
373.001000 6.769574
374.001000 6.388016
375.000000 6.935768
376.000000 7.718536
377.000000 7.949156
378.000000 8.333336
379.000000 9.109836
380.000000 9.224312
381.000000 8.561900
382.001000 8.717483
383.001000 9.816136
384.000000 9.873942
385.000000 9.610488
386.000000 9.177184
387.001000 8.409850
388.000000 8.711399
389.001000 8.481223
390.000000 8.645281
391.000000 9.969808
392.000000 10.021888
393.000000 10.887044
394.001000 10.870082
395.000000 10.585421
396.000000 9.114260
397.000000 9.863108
398.000000 9.385788
399.001000 9.730322
400.000000 10.557413
401.000000 10.831308
402.000000 11.205436
403.000000 10.189660
404.000000 7.358600
405.000000 8.051604
406.000000 7.702316
407.001000 8.081862
408.000000 9.881285
409.001000 6.680308
410.000000 6.802511
411.000000 3.652380
412.000000 4.003560
413.000000 6.526396
414.000000 8.519108
415.000000 6.256940
416.001000 7.620711
417.000000 7.759411
418.000000 12.424020
419.000000 10.649516
420.000000 10.248372
421.000000 10.150440
422.001000 9.862889
423.001000 9.733960
424.000000 9.743652
425.000000 8.933300
426.000000 10.280392
427.006000 11.192358
428.000000 12.879163
429.000000 11.121400
430.000000 11.313844
431.000000 10.849620
432.000000 10.472116
433.001000 8.745315
434.000000 8.301197
435.000000 5.716868
436.000000 9.861320
437.000000 7.879008
438.001000 5.433179
439.000000 5.419556
440.000000 4.424188
441.001000 5.289894
442.000000 7.952072
443.000000 5.810580
444.000000 4.540712
445.000000 6.742696
446.001000 4.326797
447.000000 4.490142
448.000000 5.908076
449.000000 6.052520
450.001000 7.111840
451.000000 8.048705
452.000000 8.994712
453.000000 7.875508
454.000000 7.664728
455.001000 8.300280
456.000000 8.813093
457.000000 8.441176
458.000000 7.724040
459.000000 7.595384
460.000000 7.604664
461.000000 6.934216
462.000000 6.183224
463.001000 6.442106
464.000000 6.797606
465.000000 6.245180
466.000000 7.589240
467.001000 11.010238
