0.000000 3.983675
1.000000 5.840356
2.000000 3.510636
3.000000 7.106560
4.001000 6.539688
5.000000 5.778170
6.001000 5.318733
7.000000 3.537257
8.001000 4.738430
9.000000 6.899499
10.000000 4.381840
11.000000 3.455508
12.000000 3.075464
13.000000 2.895580
14.000000 1.000060
15.000000 1.194328
16.000000 1.897984
17.001000 0.235664
18.000000 5.298895
19.000000 4.116792
20.001000 3.818130
21.001000 4.146860
22.000000 3.376044
23.000000 3.666508
24.001000 2.980092
25.001000 2.805188
26.001000 2.133652
27.000000 1.487267
28.000000 2.077216
29.000000 1.507816
30.001000 2.564623
31.001000 1.858892
32.000000 0.372420
33.000000 0.001348
34.001000 0.292224
35.000000 0.785321
36.000000 1.426184
37.001000 1.247001
38.001000 1.176804
39.001000 1.552352
40.001000 1.167912
41.000000 0.719203
42.001000 0.118505
43.000000 1.381734
44.000000 0.218376
45.000000 4.133076
46.000000 4.349632
47.001000 4.730214
48.000000 5.893065
49.000000 4.491968
50.000000 3.282328
51.001000 2.908072
52.000000 2.587155
53.000000 2.693500
54.001000 1.826062
55.000000 2.067724
56.000000 2.096320
57.001000 1.857035
58.001000 1.788096
59.001000 2.363744
60.001000 2.527552
61.000000 2.438222
62.001000 2.113211
63.000000 2.130959
64.001000 1.927632
65.000000 1.715800
66.001000 1.881275
67.000000 1.632713
68.001000 1.738737
69.001000 1.787240
70.000000 0.005397
71.001000 3.401854
72.000000 2.425221
73.000000 2.147364
74.001000 2.155992
75.001000 2.458752
76.001000 2.517416
77.000000 2.880160
78.000000 2.573696
79.001000 2.791896
80.000000 2.864669
81.000000 3.365412
82.000000 3.808480
83.001000 4.021271
84.000000 3.520368
85.000000 7.221248
86.000000 5.762072
87.000000 4.100096
88.000000 4.370432
89.000000 7.510016
90.000000 8.017920
91.001000 7.225091
92.000000 5.822739
93.000000 5.394156
94.000000 5.926912
95.001000 6.408076
96.000000 6.465117
97.000000 5.402616
98.001000 4.756843
99.001000 6.350848
100.001000 6.132052
101.000000 4.857053
102.000000 3.059340
103.000000 1.675484
104.000000 3.985408
105.000000 2.950272
106.000000 1.780900
107.000000 1.664588
108.001000 1.290094
109.000000 0.742843
110.000000 0.270248
111.001000 0.000000
112.000000 1.840513
113.001000 0.799912
114.001000 0.709048
115.000000 0.932400
116.001000 1.838182
117.000000 1.579491
118.000000 1.331072
119.001000 1.140615
120.001000 1.338564
121.000000 1.571992
122.000000 0.823628
123.001000 0.272024
124.000000 0.000000
125.000000 0.912596
126.000000 0.652780
127.000000 1.497280
128.000000 0.904508
129.000000 0.962472
130.000000 1.009652
131.000000 0.487976
132.001000 0.577407
133.001000 2.580380
134.000000 1.759552
135.001000 1.080016
136.001000 1.941828
137.001000 1.633068
138.001000 1.552896
139.000000 1.426262
140.000000 1.215896
141.000000 1.616252
142.000000 1.415400
143.000000 1.244204
144.000000 1.434272
145.000000 1.432924
146.000000 1.534024
147.001000 1.039616
148.000000 0.848741
149.000000 2.395396
150.000000 1.222636
151.000000 1.755096
152.000000 1.734176
153.000000 1.339912
154.000000 1.327780
155.000000 0.000000
156.001000 2.756547
157.000000 1.742062
158.001000 0.678713
159.000000 0.000000
160.000000 1.689488
161.000000 2.249368
162.001000 0.674673
163.001000 0.000000
164.001000 2.729052
165.000000 1.206318
166.000000 1.373612
167.001000 1.081363
168.001000 1.195676
169.001000 1.279252
170.001000 1.323736
171.000000 1.444661
172.001000 1.476503
173.001000 1.383928
174.000000 1.204008
175.000000 1.148496
176.001000 1.323812
177.000000 1.288577
178.001000 1.393838
179.001000 1.276504
180.000000 1.083528
181.000000 0.289820
182.000000 0.000000
183.000000 0.080880
184.000000 0.000000
185.001000 3.662897
186.000000 0.993121
187.001000 0.949391
188.001000 1.040656
189.000000 1.201622
190.000000 1.567988
191.001000 2.054186
192.000000 1.112837
193.001000 2.931884
194.000000 2.621786
195.000000 2.278120
196.000000 1.542864
197.001000 2.200539
198.001000 3.285856
199.000000 3.512617
200.000000 3.677648
201.000000 3.359216
202.000000 3.874584
203.000000 2.470944
204.000000 1.974820
205.000000 3.085572
206.000000 3.542700
207.000000 3.971052
208.000000 4.377616
209.000000 4.762236
210.000000 4.851140
211.000000 4.597024
212.000000 3.853840
213.000000 3.457432
214.000000 3.096792
215.001000 3.817163
216.000000 3.137237
217.000000 4.449748
218.000000 3.708764
219.000000 4.867116
220.000000 6.188972
221.001000 4.442402
222.000000 4.980268
223.000000 4.487828
224.000000 4.615396
225.000000 5.281464
226.001000 5.728052
227.000000 4.567459
228.000000 3.635148
229.001000 6.047840
230.001000 7.803960
231.000000 4.151660
232.000000 3.866352
233.000000 3.142092
234.001000 3.685886
235.000000 3.498863
236.000000 3.179604
237.001000 2.911145
238.001000 2.695352
239.000000 3.196609
240.000000 3.293812
241.000000 2.790360
242.000000 3.001452
243.001000 2.518785
244.000000 2.589401
245.001000 2.524975
246.002000 1.067896
247.011000 0.980607
248.001000 3.311261
249.000000 3.478162
250.000000 2.863232
251.000000 2.509844
252.000000 2.095492
253.000000 2.627900
254.001000 1.403948
255.000000 3.792284
256.000000 2.036828
257.000000 2.283124
258.001000 2.513243
259.000000 2.600196
260.001000 2.362030
261.000000 3.038735
262.001000 2.197738
263.000000 2.942931
264.001000 2.057039
265.000000 1.657526
266.000000 1.601548
267.000000 1.684768
268.000000 2.277056
269.001000 1.801071
270.000000 2.181898
271.000000 2.611776
272.000000 2.349228
273.000000 2.431636
274.001000 2.939536
275.000000 2.645245
276.000000 2.942684
277.000000 2.532372
278.000000 2.292948
279.009000 2.643897
280.000000 0.238204
281.001000 3.389367
282.001000 3.816188
283.001000 2.427748
284.000000 2.547572
285.000000 2.553112
286.000000 2.004476
287.007000 2.085637
288.001000 1.956149
289.009000 1.605714
290.007000 1.469952
291.007000 1.496280
292.001000 1.190245
293.000000 1.909770
294.000000 1.281948
295.000000 0.505500
296.000000 0.395900
297.000000 2.416028
298.000000 1.341260
299.001000 1.349347
300.000000 1.546354
301.000000 0.934164
302.001000 0.224891
303.000000 0.066118
304.000000 0.000000
305.000000 1.587148
306.001000 2.704875
307.000000 1.964653
308.001000 1.671896
309.001000 1.257632
310.000000 1.032252
311.000000 0.280384
312.000000 0.000000
313.000000 2.917072
314.002000 1.174455
315.010000 1.361373
316.014000 1.137207
317.007000 0.000000
318.000000 1.309990
319.000000 0.337000
320.000000 1.721396
321.001000 0.156212
322.001000 1.769924
323.000000 0.993121
324.000000 0.346436
325.001000 0.000000
326.001000 0.721180
327.000000 1.303471
328.022000 0.629155
329.019000 0.095996
330.000000 1.317770
331.000000 0.436752
332.000000 0.736008
333.010000 0.688681
334.000000 1.095446
335.001000 2.436148
336.000000 0.884472
337.000000 1.021732
338.000000 1.601424
339.001000 1.650402
340.001000 1.255584
341.001000 1.117492
342.000000 1.334507
343.001000 1.158122
344.000000 1.086226
345.000000 0.858028
346.000000 0.825624
347.001000 0.289530
348.000000 0.000000
349.001000 2.772424
350.006000 1.022400
351.002000 0.481815
352.010000 0.659290
353.010000 0.039092
354.007000 1.461573
355.001000 0.157312
356.003000 1.659465
357.002000 1.216412
358.000000 1.441198
359.005000 1.577361
360.032000 1.291587
361.043000 1.447972
362.049000 1.195940
363.053000 0.890809
364.056000 0.615537
365.053000 0.544879
366.054000 1.578278
367.075000 1.750684
368.080000 1.734989
369.081000 1.895389
370.071000 2.875814
371.090000 3.743976
372.093000 3.561862
373.106000 2.490539
374.159000 2.934621
375.160000 3.001227
376.162000 4.288068
377.164000 1.410427
378.171000 3.619654
379.172000 3.558609
380.177000 2.655013
381.179000 3.523365
382.169000 3.439523
383.170000 2.171453
384.165000 2.264121
385.163000 4.541387
386.195000 4.188988
387.198000 2.831709
388.192000 3.023670
389.249000 3.181109
390.256000 3.173915
391.250000 3.087272
392.249000 3.177017
393.274000 3.304960
394.303000 3.084334
395.302000 2.960296
396.305000 3.802261
397.303000 4.154212
398.310000 3.954387
399.325000 3.878428
400.319000 2.031517
401.328000 3.866315
402.336000 4.344849
403.338000 3.639677
404.346000 4.118528
405.350000 4.182112
406.349000 3.733185
407.360000 3.904688
408.366000 3.833861
409.363000 3.536481
410.358000 3.354525
411.362000 3.544131
412.372000 3.443711
413.376000 2.994056
414.382000 2.246425
415.390000 2.359052
416.396000 1.981750
417.399000 2.171852
418.403000 2.624841
419.398000 2.510396
420.385000 2.909033
421.389000 2.726570
422.392000 2.745519
423.402000 2.197842
424.417000 2.149699
425.426000 2.601146
426.439000 1.680122
427.441000 3.365836
428.448000 4.457919
429.486000 3.243599
430.488000 3.467816
431.500000 3.147451
432.515000 2.540615
433.519000 2.674211
434.543000 2.923031
435.544000 2.675485
436.551000 2.451031
437.558000 2.839233
438.552000 2.376656
439.558000 0.531268
440.566000 2.627798
441.576000 3.260226
442.586000 1.927572
443.588000 2.488176
444.603000 2.728512
445.601000 2.594048
446.616000 2.789604
447.637000 3.095867
448.637000 2.953648
449.651000 3.104122
450.655000 2.879992
451.685000 2.869534
452.700000 2.962920
453.701000 2.899181
454.717000 3.133433
455.729000 3.246557
456.746000 3.258635
457.751000 3.394814
458.783000 3.279244
459.809000 3.344355
460.818000 3.366252
461.822000 3.360394
462.831000 3.407354
463.849000 3.289281
464.897000 3.048382
465.917000 3.100110
466.928000 3.662959
467.963000 4.171289
468.977000 3.336714
469.979000 3.434986
470.989000 3.370000
471.992000 3.445288
473.009000 3.648323
474.000000 3.297594
474.991000 3.467544
475.988000 3.303827
476.990000 3.231250
478.018000 3.692023
479.025000 3.333180
480.024000 3.736460
481.032000 3.744341
482.051000 4.085009
483.056000 4.095952
484.059000 4.104167
485.070000 4.318690
486.074000 4.225900
487.069000 4.211992
488.078000 4.218371
489.077000 3.833506
490.078000 4.577918
491.082000 1.938956
492.087000 5.364299
493.097000 3.574646
494.097000 3.576792
495.102000 5.324287
496.123000 3.611279
497.135000 3.512526
498.145000 3.566194
499.153000 3.443060
500.152000 2.781489
501.164000 4.188953
502.169000 4.806265
503.174000 4.226905
504.184000 4.196075
505.198000 4.223594
506.197000 4.213966
507.207000 4.207521
508.212000 4.214344
509.262000 3.827653
510.267000 3.546380
511.270000 3.128295
512.311000 3.198528
513.323000 3.250194
514.329000 3.618354
515.339000 3.588701
516.347000 3.315171
517.351000 3.244390
518.366000 2.879373
519.379000 2.736920
520.378000 2.893341
521.389000 2.580641
522.422000 2.401863
523.437000 2.395216
524.444000 1.773478
525.488000 1.875004
526.497000 0.676440
527.523000 2.634854
528.532000 0.571183
529.530000 2.569034
530.549000 1.361229
531.556000 0.813887
532.561000 0.000000
533.569000 1.422889
534.582000 3.215127
535.591000 2.832115
536.616000 2.653284
537.618000 2.622758
538.612000 2.518241
539.648000 2.915147
540.664000 2.734150
541.669000 2.952955
542.687000 2.778582
543.705000 3.034503
544.724000 2.982756
545.748000 3.738746
546.762000 4.293771
547.775000 3.438531
548.787000 3.586427
549.802000 3.391937
550.809000 3.799265
551.822000 2.686049
552.823000 3.712979
553.830000 3.580628
554.852000 3.492994
555.860000 3.411714
556.872000 3.147296
557.878000 2.092091
558.881000 2.374098
559.878000 3.334451
560.878000 1.696484
561.897000 0.574760
562.905000 0.014710
563.920000 2.841021
564.926000 2.205920
565.950000 5.091434
566.984000 4.253547
567.996000 4.946593
569.005000 5.347663
570.028000 4.234135
571.121000 5.711166
572.138000 6.730006
573.141000 5.378082
574.148000 3.542701
575.153000 2.778400
576.166000 2.592276
577.180000 2.168233
578.197000 1.744519
579.203000 2.241241
580.215000 2.623043
581.228000 2.573576
582.254000 2.915411
583.257000 2.732806
584.262000 3.317075
585.268000 3.548982
586.286000 3.128365
587.306000 2.842008
588.323000 2.904098
589.342000 2.244903
590.349000 0.987059
591.361000 2.424526
592.377000 3.689012
593.395000 3.257446
594.399000 2.289080
595.396000 3.282949
596.402000 2.805825
597.413000 3.186667
598.427000 3.706335
599.435000 2.639861
600.450000 3.426033
601.653000 2.465127
602.672000 3.110897
603.688000 2.860055
604.700000 2.588241
605.716000 3.427587
606.751000 2.928529
607.770000 2.637794
608.785000 2.476867
609.809000 2.228676
610.819000 1.779172
611.821000 2.553317
612.810000 1.258042
613.811000 1.412639
614.818000 1.432334
615.822000 1.339944
616.817000 0.000000
617.816000 2.787107
618.816000 0.406396
619.815000 2.797201
620.810000 1.306002
621.819000 1.207080
622.832000 0.378559
623.826000 1.135767
624.822000 1.324313
625.814000 1.709460
626.831000 1.078930
627.839000 1.166127
628.835000 1.005586
629.829000 0.747231
630.830000 1.548004
631.828000 1.892982
632.852000 1.494121
633.866000 1.188473
634.879000 1.596841
635.895000 1.804409
636.893000 1.839655
637.911000 1.327705
638.922000 1.433769
639.932000 2.083394
640.962000 1.389880
641.974000 0.579427
642.986000 1.348621
643.997000 2.184123
645.019000 1.700802
646.038000 1.227568
647.072000 1.114642
648.083000 1.148000
649.094000 1.008000
650.105000 0.856000
651.120000 0.446234
652.134000 0.000000
653.141000 0.056222
654.149000 0.000000
655.176000 2.094847
656.186000 0.746123
657.196000 0.730004
658.203000 1.406900
659.213000 1.772420
660.254000 1.478163
661.276000 1.335370
662.302000 1.719310
663.309000 1.566788
664.324000 1.541568
665.362000 1.676933
666.367000 2.067682
667.381000 1.767294
668.427000 2.695380
669.453000 2.850238
670.502000 3.194753
671.516000 2.529826
672.533000 0.763418
673.548000 3.256016
674.573000 0.599899
675.586000 4.301054
676.609000 2.805193
677.617000 2.588218
678.633000 2.557634
679.651000 2.575992
680.670000 2.725350
681.692000 3.073507
682.715000 2.387988
683.757000 2.243939
684.783000 2.278780
685.847000 1.935850
686.853000 3.911229
687.885000 2.628957
688.890000 2.819952
689.886000 2.363060
690.889000 2.604610
691.909000 1.931016
692.920000 2.313820
693.935000 1.537226
694.953000 1.412884
695.978000 1.785936
696.997000 2.009433
697.999000 2.526623
699.036000 2.389821
700.054000 2.423859
701.062000 2.341718
702.073000 2.402512
703.082000 2.219699
704.110000 2.166848
705.129000 2.387223
706.132000 2.184582
707.164000 2.256438
708.175000 1.917333
709.186000 2.465333
710.197000 2.469333
711.212000 2.642238
712.242000 0.640117
713.260000 2.146597
714.276000 4.177043
715.290000 2.360994
716.311000 2.408180
717.326000 2.220548
718.342000 2.076398
719.362000 1.956125
720.374000 1.995154
721.392000 1.995517
722.412000 0.000000
723.474000 4.201077
724.483000 0.976932
725.485000 0.976754
726.514000 2.728692
727.554000 2.562696
728.569000 1.404902
729.582000 1.596944
730.605000 1.704993
731.610000 2.477759
732.623000 2.924494
733.646000 3.211218
734.671000 3.220991
735.737000 3.175501
736.756000 3.415764
737.768000 3.198913
738.816000 2.773744
739.847000 2.551600
740.886000 2.629163
741.904000 1.986193
742.924000 1.092506
743.936000 0.424016
744.950000 0.006059
745.966000 1.534335
746.979000 2.251546
747.997000 0.843493
749.014000 0.237259
750.024000 0.014681
751.056000 1.268322
752.063000 0.729553
753.083000 1.946671
754.103000 1.295824
755.122000 1.398956
756.138000 1.586768
757.168000 1.624823
758.169000 1.778929
759.177000 2.905262
760.175000 2.745419
761.212000 2.874199
762.237000 2.553182
