0.000000 0.727930
1.000000 1.138204
2.001000 3.326969
3.001000 3.735608
4.000000 6.297025
5.000000 3.288160
6.001000 1.756036
7.000000 4.835463
8.000000 2.943288
9.000000 5.090496
10.000000 3.389772
11.000000 3.803408
12.000000 4.891192
13.001000 2.686573
14.001000 2.900896
15.001000 4.063624
16.000000 3.434490
17.000000 5.663848
18.000000 4.665376
19.000000 4.318992
20.000000 4.324384
21.000000 3.410440
22.000000 1.221288
23.000000 1.427532
24.000000 2.473580
25.001000 1.242961
26.000000 2.440324
27.000000 2.869192
28.000000 1.558288
29.001000 3.408511
30.000000 3.398879
31.000000 4.014080
32.001000 4.240931
33.000000 4.636076
34.000000 2.847208
35.000000 3.132104
36.001000 3.816104
37.000000 3.426258
38.000000 2.664116
39.000000 3.904688
40.000000 5.320556
41.000000 1.775528
42.000000 2.983936
43.000000 7.078812
44.001000 4.866665
45.000000 3.540645
46.001000 3.400995
47.000000 5.645133
48.000000 3.895256
49.000000 4.807976
50.000000 3.367648
51.000000 3.015968
52.000000 2.685000
53.000000 5.554572
54.000000 3.355732
55.000000 3.739496
56.000000 1.025040
57.000000 0.846544
58.000000 0.745444
59.000000 0.669956
60.000000 0.829020
61.001000 0.607341
62.000000 0.929053
63.001000 1.122022
64.001000 1.808056
65.000000 4.219343
66.001000 3.667061
67.000000 3.324044
68.001000 1.852763
69.000000 1.177281
70.001000 1.707141
71.001000 0.832176
72.001000 4.224872
73.001000 3.858624
74.000000 5.867628
75.000000 3.895712
76.000000 4.935028
77.000000 4.132968
78.000000 3.008736
79.000000 5.340976
80.000000 3.497608
81.000000 6.138916
82.000000 5.063216
83.000000 5.191148
84.000000 4.529384
85.000000 5.019848
86.000000 3.028364
87.000000 4.435512
88.000000 2.532848
89.001000 2.733311
90.000000 3.642334
91.000000 2.764748
92.000000 0.927692
93.001000 1.739608
94.000000 1.142899
95.001000 0.837618
96.001000 0.529764
97.000000 2.242619
98.000000 0.981344
99.000000 0.378788
100.000000 2.954816
101.000000 4.127784
102.000000 4.065580
103.000000 4.600348
104.001000 4.599057
105.000000 3.820785
106.000000 3.124664
107.001000 2.734210
108.000000 2.500152
109.001000 2.528807
110.000000 2.533974
111.001000 4.257670
112.001000 3.825540
113.000000 6.548224
114.000000 6.250692
115.000000 6.976340
116.000000 8.439808
117.000000 5.754324
118.000000 2.930728
119.000000 8.189952
120.000000 8.157184
121.000000 4.126720
122.000000 7.168000
123.000000 6.413984
124.000000 4.689944
125.001000 3.035385
126.000000 3.620809
127.000000 5.785600
128.000000 8.890368
129.000000 5.774656
130.000000 4.452444
131.000000 3.545984
132.001000 5.492256
133.000000 3.713502
134.001000 6.827349
135.001000 8.628224
136.001000 7.958412
137.001000 5.374896
138.001000 3.870296
139.000000 5.405982
140.001000 7.309335
141.001000 7.254388
142.000000 5.395696
143.000000 5.180140
144.000000 4.239992
145.001000 1.018885
146.001000 1.859584
147.000000 4.969321
148.000000 6.803144
149.001000 4.513259
150.000000 5.129678
151.000000 3.093660
152.000000 2.757860
153.000000 4.387888
154.000000 3.686888
155.001000 2.533802
156.000000 1.783023
157.000000 2.817280
158.000000 1.848108
159.000000 1.112100
160.000000 1.570420
161.001000 1.905514
162.000000 1.465393
163.000000 1.721396
164.000000 0.006740
165.000000 0.044484
166.001000 0.105039
167.000000 0.025638
168.000000 0.226464
169.000000 2.110968
170.000000 0.194112
171.001000 0.000000
172.000000 0.000000
173.000000 0.000000
174.000000 0.000000
175.000000 0.000000
176.001000 0.000000
177.001000 0.000000
178.001000 0.000000
179.000000 0.000000
180.000000 0.035048
181.000000 0.016176
182.001000 0.030864
183.000000 0.044529
184.000000 0.037744
185.000000 0.048528
186.001000 0.035013
187.001000 0.053920
188.000000 0.049926
189.000000 0.059312
190.000000 0.000000
191.000000 0.000000
197.181000 0.000000
198.134000 0.000000
199.090000 0.000000
200.049000 0.000000
201.003000 0.000000
202.000000 0.000000
203.000000 0.000000
204.000000 0.000000
205.000000 0.000000
206.000000 0.022916
207.000000 0.037744
208.000000 0.117276
209.001000 0.055213
210.001000 0.093012
211.000000 0.082310
212.000000 0.111884
213.000000 0.004044
214.000000 0.047180
215.000000 0.000000
216.000000 0.000000
217.001000 0.000000
218.000000 0.000000
219.001000 0.000000
224.000000 0.179028
225.000000 2.689260
226.001000 5.157243
227.000000 5.976533
228.000000 8.005632
229.000000 6.713344
230.000000 3.416064
231.000000 6.907904
232.001000 1.995417
233.000000 1.305469
234.000000 2.209372
235.000000 3.365956
236.000000 3.152972
237.000000 2.657660
238.001000 3.624028
239.000000 4.672084
240.000000 6.030728
241.000000 5.085928
242.000000 3.653156
243.000000 3.665212
244.000000 1.565028
245.001000 0.284144
246.000000 3.023816
247.000000 2.729776
248.001000 1.826062
249.000000 1.121309
250.000000 0.408444
251.000000 2.175672
252.000000 1.299472
253.000000 0.563464
254.000000 0.188720
255.000000 0.000000
256.000000 3.902460
257.000000 3.320124
258.001000 2.476496
259.000000 2.364120
260.000000 2.860396
261.001000 2.231201
262.001000 2.833700
263.000000 2.233173
264.000000 1.121536
265.000000 0.549984
266.000000 0.424620
267.000000 0.254772
268.001000 0.247784
269.000000 0.006747
270.000000 0.012132
271.000000 0.307344
272.001000 3.163988
273.001000 4.210452
274.000000 4.464997
275.000000 5.355900
276.000000 6.192416
277.000000 5.924672
278.000000 3.734480
279.001000 4.390058
280.000000 4.116164
281.000000 2.162192
282.000000 3.360176
283.000000 1.243244
284.000000 4.093876
285.000000 3.409092
286.001000 1.881275
287.001000 1.640516
288.001000 3.202848
289.000000 2.932244
290.000000 3.284968
291.001000 3.748595
292.000000 4.615912
293.000000 3.917200
294.000000 4.298472
295.000000 2.954164
296.000000 3.287464
297.000000 2.356908
298.000000 1.191028
299.000000 0.877548
300.000000 1.031248
301.000000 3.088240
302.001000 1.442266
303.000000 0.499259
304.000000 1.346652
305.001000 1.735836
306.000000 0.796116
307.000000 1.047396
308.000000 0.869460
309.001000 1.024803
310.000000 1.312424
311.000000 1.930128
312.000000 2.001780
313.000000 0.994824
314.000000 0.587728
315.001000 0.674673
316.001000 0.984040
317.000000 1.186078
318.000000 0.901812
319.001000 0.720460
320.000000 0.943195
321.000000 1.520544
322.000000 1.052788
323.001000 2.029407
324.000000 1.325061
325.000000 1.246900
326.000000 1.973472
327.001000 1.042310
328.000000 1.693433
329.000000 2.129840
330.000000 1.633776
331.001000 1.680623
332.001000 2.619164
333.000000 2.168404
334.000000 1.934380
335.000000 1.858244
336.001000 2.957614
337.001000 2.543960
338.001000 2.187804
339.000000 2.052360
340.000000 1.787448
341.000000 1.563680
342.000000 1.220460
343.000000 2.213596
344.000000 1.792140
345.000000 1.593388
346.001000 2.104767
347.001000 1.669524
348.000000 2.767516
349.000000 2.887364
350.000000 2.663648
351.000000 3.332256
352.001000 3.520851
353.000000 2.526735
354.000000 2.538232
355.000000 3.218664
356.000000 3.229416
357.001000 3.966905
358.000000 2.837630
359.001000 3.387221
360.001000 2.468836
361.000000 1.430310
362.000000 2.110968
363.000000 1.900680
364.000000 1.957296
365.001000 2.281231
366.000000 0.712456
367.001000 1.910901
368.001000 2.106924
369.001000 2.080664
370.000000 2.081345
371.000000 1.327780
372.000000 4.002320
373.000000 2.423624
374.000000 2.194516
375.000000 1.684644
376.001000 3.163644
377.001000 1.941120
378.000000 2.666314
379.000000 2.306428
380.000000 1.472416
381.000000 5.665968
382.000000 4.959916
383.001000 0.643700
384.000000 3.059832
385.000000 4.543144
386.000000 4.196432
387.000000 3.582964
388.000000 2.976404
389.000000 4.128924
390.000000 2.597596
391.000000 0.873612
392.000000 7.237632
393.000000 1.362500
394.001000 1.893395
395.001000 3.168688
396.001000 1.728400
397.001000 0.472960
398.000000 3.124128
399.000000 2.977732
400.000000 3.039740
401.000000 3.610884
402.000000 1.907828
403.001000 2.293351
404.001000 4.113004
405.000000 3.644336
406.000000 3.662516
407.000000 4.346860
408.000000 2.485324
409.001000 3.357802
410.001000 2.700744
411.000000 5.121025
412.000000 4.957232
413.001000 4.814985
414.000000 5.704745
415.000000 6.255000
416.000000 3.749888
417.000000 5.878356
418.000000 3.658316
419.000000 3.321604
420.001000 3.927676
421.001000 3.383296
422.000000 4.254771
423.000000 3.955324
424.000000 3.307992
425.001000 3.350474
426.000000 3.358531
427.001000 2.523888
428.000000 3.695608
429.000000 1.799580
430.000000 0.009436
431.000000 0.867548
432.000000 2.770004
433.000000 0.268252
434.000000 0.017524
435.000000 3.789228
436.001000 2.125019
437.000000 1.388480
438.000000 1.751052
439.000000 1.596032
440.000000 2.988104
441.000000 2.116772
442.000000 1.676912
443.000000 1.749704
444.000000 1.542812
445.000000 2.054300
446.001000 1.238921
447.000000 2.148164
448.000000 2.419660
449.000000 2.326648
450.001000 2.654953
451.000000 2.355263
452.001000 4.082517
453.000000 4.284721
454.000000 3.806052
455.000000 1.964792
456.001000 3.009387
457.000000 5.162238
458.001000 2.323029
459.000000 2.247315
460.000000 2.774832
461.000000 2.338288
462.000000 2.994452
463.000000 2.681820
464.000000 1.766528
465.000000 3.690824
466.000000 2.398844
467.001000 1.753938
468.000000 1.188777
469.001000 2.068563
470.000000 2.708905
471.001000 2.284408
472.000000 1.744709
473.000000 1.593336
474.000000 3.802320
475.000000 2.622484
476.001000 3.379165
477.000000 2.547572
478.000000 2.512672
479.000000 3.151624
480.000000 2.646124
481.000000 2.517396
482.001000 2.972731
483.000000 1.172204
484.000000 0.946676
485.001000 0.585794
486.000000 0.797465
487.001000 2.587620
488.000000 2.200460
489.001000 5.415868
490.000000 1.852657
491.000000 2.846976
492.000000 3.093660
493.000000 4.331124
494.001000 5.378174
495.000000 5.861986
496.001000 2.427580
497.000000 4.025493
498.000000 4.513104
499.000000 4.228676
500.000000 2.655560
501.000000 0.554028
502.000000 1.885904
503.001000 2.228659
504.000000 3.009049
505.001000 3.327409
506.000000 3.185814
507.000000 3.437952
508.000000 3.125840
509.000000 2.099276
510.000000 1.443708
511.000000 2.022588
512.000000 2.464904
513.000000 1.183544
514.000000 3.065352
515.000000 2.847728
516.000000 2.811004
517.000000 5.068652
518.000000 4.292060
519.000000 1.167460
520.000000 4.173288
521.001000 1.415516
522.001000 1.675588
523.000000 1.424705
524.000000 0.993476
525.000000 0.935512
526.000000 1.093392
527.001000 1.399656
528.000000 1.296725
529.000000 1.450448
530.000000 3.079584
531.000000 2.841532
532.000000 4.580608
533.001000 1.430689
534.000000 1.301473
535.000000 1.387740
536.000000 1.073740
537.000000 0.714356
538.000000 0.218376
539.000000 0.177936
540.001000 0.040400
