0.000000 3.786049
1.000000 7.258280
2.001000 7.184396
3.000000 7.122258
4.001000 8.355592
5.000000 5.918246
6.000000 5.915024
7.000000 6.272244
8.000000 6.564916
9.000000 6.911040
10.000000 7.988616
11.001000 7.642210
12.000000 7.667187
13.000000 7.714816
14.001000 6.892819
15.000000 3.462535
16.000000 4.214784
17.000000 7.606272
18.000000 7.387136
19.000000 7.854080
20.000000 3.561472
21.000000 1.808384
22.000000 5.672960
23.000000 7.647232
24.000000 7.880704
25.000000 3.760128
26.001000 5.927129
27.003000 7.891545
28.000000 7.670243
29.001000 8.110162
30.000000 3.669590
31.000000 3.524608
32.001000 7.686649
33.000000 8.013646
34.001000 7.594581
35.001000 3.715072
36.000000 3.847944
37.000000 7.725056
38.000000 7.563264
39.000000 8.185856
40.001000 4.345606
41.000000 4.022198
42.000000 7.118848
43.000000 7.694336
44.000000 8.101888
45.001000 4.918474
46.000000 1.262831
47.001000 3.224424
48.000000 7.509333
49.000000 7.440384
50.001000 4.644316
51.001000 4.526080
52.000000 6.945570
53.000000 7.510016
54.001000 7.271321
55.000000 4.370707
56.001000 3.707269
57.001000 7.180288
58.000000 7.158775
59.001000 7.551616
60.000000 5.114875
61.000000 4.657152
62.000000 7.581696
63.000000 7.284736
64.000000 7.202816
65.000000 4.978688
66.001000 3.062793
67.000000 6.912769
68.000000 6.932480
69.001000 7.254953
70.000000 4.747916
71.000000 3.215360
72.000000 7.370752
73.001000 7.627317
74.000000 7.445782
75.000000 5.451776
76.000000 3.584000
77.000000 6.019072
78.000000 7.319552
79.000000 7.495680
80.000000 4.519936
81.000000 0.897024
82.000000 4.046848
83.000000 7.483392
84.000000 6.969396
85.000000 4.033276
86.000000 4.290560
87.001000 5.520695
88.000000 6.778174
89.001000 4.110641
90.000000 5.229678
91.000000 3.866624
92.001000 7.406354
93.001000 7.442432
94.001000 7.021600
95.000000 4.189882
96.000000 4.292608
97.001000 5.968048
98.001000 7.580540
99.000000 5.879083
100.000000 3.849536
101.000000 3.538944
102.000000 6.283264
103.000000 7.884800
104.000000 6.434924
105.000000 5.251540
106.000000 3.074048
107.000000 6.197248
108.000000 7.430144
109.000000 5.637540
110.000000 4.720036
111.001000 3.439249
112.000000 6.042058
113.000000 4.780316
114.000000 4.821360
115.001000 3.742346
116.000000 3.357982
117.000000 7.811072
118.000000 7.132444
119.000000 5.195672
120.000000 4.791896
121.000000 3.231744
122.000000 5.826560
123.000000 3.843064
124.000000 4.247084
125.001000 3.776583
126.000000 2.831235
127.000000 3.329960
128.000000 2.888116
129.000000 2.564544
130.000000 2.555808
131.000000 3.245648
132.001000 2.938034
133.000000 2.740529
134.000000 1.675564
135.000000 2.254168
136.000000 2.440916
137.000000 1.941120
138.000000 1.439664
139.000000 3.210288
140.001000 3.365391
141.000000 1.033225
142.001000 6.039656
143.001000 7.342080
144.001000 7.751680
145.000000 6.611976
146.001000 3.077115
147.000000 6.107099
148.000000 5.830808
149.001000 3.596236
150.000000 3.177269
151.000000 2.834432
152.000000 7.524352
153.001000 7.717966
154.000000 6.783227
155.000000 7.080844
156.000000 3.227648
157.000000 4.120576
158.001000 6.806505
159.001000 3.343040
160.000000 3.269229
161.000000 2.624580
162.001000 3.168895
163.000000 4.777866
164.001000 5.413726
165.000000 4.041277
166.000000 2.072756
167.001000 3.011457
168.000000 6.547043
169.000000 4.895388
170.001000 2.444176
171.001000 2.210100
172.000000 2.050282
173.001000 2.229127
174.000000 2.317766
175.000000 1.043352
176.000000 0.000000
177.000000 1.117492
178.000000 2.012564
179.000000 1.656692
180.000000 1.729484
181.000000 1.508412
182.000000 1.546156
183.000000 1.411356
184.001000 0.521155
185.001000 0.000000
186.000000 4.048264
187.001000 6.328404
188.000000 6.093369
189.000000 6.947836
190.000000 6.414252
191.000000 3.205120
192.000000 4.585472
193.000000 7.200768
194.000000 6.774784
195.001000 7.277459
196.001000 4.300800
197.000000 3.862294
198.000000 7.442432
199.000000 5.730432
200.000000 6.192432
201.000000 3.116196
202.000000 4.546560
203.000000 7.344128
204.000000 7.491584
205.000000 7.403520
206.000000 3.229696
207.000000 4.153344
208.001000 7.353159
209.000000 7.658987
210.000000 4.379424
211.001000 2.063720
212.000000 4.588701
213.000000 7.516160
214.000000 7.200768
215.000000 6.731776
216.000000 5.462016
217.000000 2.613248
218.000000 7.479296
219.000000 7.464960
220.000000 7.329792
221.000000 5.222400
222.000000 3.600384
223.001000 7.516835
224.001000 7.323648
225.000000 4.523784
226.000000 4.078868
227.000000 3.141632
228.000000 4.811104
229.000000 4.232644
230.000000 4.255820
231.001000 3.481295
232.000000 4.614663
233.000000 5.954680
234.000000 6.652936
235.001000 6.853946
236.000000 5.473634
237.000000 1.880064
238.001000 3.023920
239.001000 7.032832
240.000000 7.581085
241.000000 5.492736
242.000000 3.268608
243.000000 7.051264
244.001000 7.209942
245.000000 7.318679
246.001000 6.375193
247.000000 3.878695
248.000000 5.709824
249.001000 7.330653
250.000000 7.982895
251.000000 6.285312
252.001000 3.404468
253.001000 6.295552
254.000000 6.918919
255.000000 6.348800
256.000000 6.365184
257.000000 3.670016
258.000000 6.811648
259.000000 7.217152
260.000000 7.540736
261.000000 6.522880
262.000000 2.695168
263.000000 5.959680
264.000000 7.012352
265.000000 7.522304
266.000000 7.383040
267.000000 3.444736
268.000000 5.095424
269.001000 7.132196
270.000000 7.150575
271.000000 7.585792
272.001000 3.404468
273.000000 5.196877
274.000000 7.178240
275.000000 7.090176
276.001000 7.005347
277.000000 3.767992
278.000000 6.107136
279.001000 7.025806
280.000000 6.986571
281.000000 7.477248
282.000000 3.344384
283.000000 4.446208
284.001000 7.308148
285.001000 7.258112
286.001000 7.245824
287.000000 3.876645
288.000000 4.429824
289.000000 7.217152
290.001000 7.017475
291.000000 4.924769
292.001000 3.246945
293.000000 4.860669
294.000000 5.099992
295.001000 3.795884
296.001000 4.090064
297.000000 3.277325
298.000000 5.113416
299.000000 3.768228
300.000000 3.030900
301.000000 3.239320
302.000000 2.916192
303.001000 3.444260
304.000000 3.454995
305.000000 3.431024
306.000000 2.914660
307.000000 3.437400
308.001000 3.390873
309.000000 2.558366
310.000000 2.028792
311.000000 3.712340
312.000000 2.699812
313.000000 2.600524
314.000000 2.372480
315.000000 2.294296
316.000000 2.365740
317.000000 2.542328
318.001000 2.231405
319.000000 2.605077
320.000000 2.181580
321.000000 1.947860
322.001000 0.522501
323.000000 4.408324
324.000000 4.947968
325.000000 7.729152
326.001000 7.860555
327.000000 4.759471
328.000000 4.344968
329.000000 3.732644
330.000000 4.070592
331.000000 4.359768
332.000000 3.967124
333.001000 3.961303
334.000000 3.326739
335.000000 4.091180
336.000000 3.463012
337.000000 2.702740
