0.000000 0.693003
1.000000 1.208144
2.001000 1.495976
3.001000 0.891028
4.000000 2.624484
5.000000 1.369568
6.000000 1.536720
7.000000 1.566376
8.000000 4.046488
9.001000 2.589822
10.000000 2.813377
11.000000 3.538516
12.000000 2.032784
13.001000 1.014030
14.001000 1.875224
15.000000 3.162719
16.001000 1.362166
17.000000 1.786695
18.000000 2.565788
19.000000 3.392164
20.000000 2.757676
21.001000 5.187640
22.000000 5.105938
23.000000 6.574524
24.000000 6.556992
25.000000 4.684300
26.001000 1.736683
27.000000 1.148028
28.001000 5.168292
29.000000 6.223904
30.001000 5.358306
31.001000 4.199924
32.000000 1.562547
33.000000 4.428232
34.000000 2.540928
35.000000 0.234552
36.000000 2.531856
37.001000 1.976575
38.001000 0.886984
39.000000 1.014711
40.001000 1.280955
41.000000 0.849802
42.000000 0.990780
43.000000 0.416532
44.000000 0.502804
45.001000 0.612727
46.000000 1.087576
47.000000 3.107140
48.000000 4.132968
49.000000 3.767660
50.000000 2.970028
51.000000 3.578008
52.001000 2.479788
53.000000 2.330274
54.000000 2.500540
55.001000 2.424883
56.000000 2.619019
57.001000 4.849247
58.001000 4.248108
59.000000 4.603516
60.000000 4.881572
61.000000 4.669140
62.000000 3.506176
63.000000 1.589248
64.000000 7.086080
65.000000 7.569408
66.000000 4.641896
67.000000 3.960832
68.000000 3.505324
69.000000 2.315864
70.000000 3.956980
71.000000 5.290300
72.000000 4.554012
73.000000 4.829584
74.000000 3.941544
75.001000 4.252571
76.001000 3.916992
77.000000 3.480985
78.000000 6.457344
79.001000 5.634238
80.000000 4.859848
81.000000 4.905548
82.000000 4.072800
83.000000 5.197396
84.000000 1.838948
85.000000 6.821952
86.000000 6.068424
87.000000 3.313196
88.000000 2.943144
89.000000 3.648132
90.000000 3.085128
91.000000 2.550360
92.000000 2.596304
93.000000 2.392808
94.000000 2.015152
95.000000 3.068516
96.000000 2.737320
97.000000 0.855980
98.000000 1.264424
99.000000 1.826540
100.001000 3.502645
101.000000 2.497361
102.000000 2.601224
103.004000 4.286900
104.000000 4.130084
105.000000 2.219188
106.000000 3.460464
107.000000 4.906008
108.001000 5.745654
109.000000 5.863131
110.001000 5.785654
111.000000 6.777465
112.001000 3.237930
113.000000 4.151351
114.001000 6.080575
115.001000 4.197784
116.001000 5.496924
117.000000 3.597273
118.000000 5.484544
119.000000 4.777240
120.001000 4.625107
121.000000 4.540617
122.001000 3.194018
123.002000 5.389043
124.000000 4.848802
125.002000 5.169992
126.000000 4.771968
127.001000 3.363125
128.000000 4.981622
129.000000 4.671364
130.000000 6.678916
131.000000 4.480932
132.000000 4.420204
133.000000 3.727360
134.001000 5.799812
135.000000 5.665890
136.000000 4.044052
137.001000 4.983944
138.000000 3.895095
139.000000 5.074992
140.000000 2.354928
141.000000 2.438532
142.001000 1.607904
143.000000 0.800164
144.000000 0.000000
145.001000 0.000000
146.000000 0.000000
147.000000 3.600508
148.000000 0.663916
149.000000 0.763616
150.000000 0.780528
151.000000 2.389968
152.001000 0.544048
153.000000 0.898667
154.001000 2.247361
155.000000 2.836521
156.000000 1.689112
157.001000 2.106114
158.001000 3.321472
159.000000 1.400625
160.000000 0.339696
161.000000 0.328912
162.001000 0.121199
163.000000 0.021590
164.000000 0.302704
165.000000 0.388820
166.000000 0.119972
167.000000 0.008088
168.000000 0.047180
169.001000 0.919764
170.000000 0.124140
171.001000 0.010773
172.000000 0.085009
173.000000 0.039092
174.000000 0.000000
175.001000 0.000000
176.001000 0.000000
177.000000 0.194054
178.001000 5.224519
179.000000 3.819872
180.001000 4.770030
181.000000 3.613558
182.000000 4.836504
183.001000 4.930749
184.000000 4.023227
185.000000 4.234200
186.000000 4.302924
187.000000 2.143080
188.000000 2.179716
189.000000 3.072092
190.000000 0.827672
191.001000 2.176895
192.001000 1.891968
193.001000 0.854552
194.000000 2.338422
195.000000 1.755476
196.001000 2.313171
197.000000 1.523415
198.002000 0.427808
199.000000 0.202605
200.000000 0.727920
201.000000 0.327564
202.001000 3.902705
203.001000 2.499088
204.000000 3.863888
205.001000 3.351121
206.000000 4.324637
207.001000 3.950873
208.000000 1.875832
209.000000 1.581904
210.000000 1.623640
211.000000 0.865416
212.000000 0.477192
213.000000 0.000000
214.000000 0.000000
215.000000 0.000000
216.000000 0.691680
217.000000 5.395608
218.000000 3.863648
219.000000 5.316904
220.000000 3.542152
221.000000 6.375812
222.000000 3.917516
223.000000 4.298680
224.000000 4.001792
225.000000 4.673536
226.000000 5.746940
227.000000 2.924532
228.000000 1.498008
229.000000 4.018276
230.000000 4.205976
231.000000 3.494236
232.000000 2.167584
233.000000 4.291196
234.001000 3.842857
235.000000 3.535924
236.001000 4.461463
237.000000 6.009069
238.000000 6.852608
239.001000 3.979381
240.001000 5.464064
241.001000 5.033000
242.001000 3.843148
243.001000 3.049176
244.001000 3.162408
245.000000 3.251932
246.001000 2.864048
247.000000 2.961229
248.000000 2.469064
249.000000 2.032784
250.000000 2.071876
251.000000 0.872156
252.000000 2.400996
253.001000 2.480364
254.001000 4.526080
255.000000 3.205173
256.001000 2.562254
257.001000 2.832556
258.000000 1.915395
259.000000 1.817104
260.000000 0.844548
261.000000 0.018172
262.000000 0.000000
263.000000 0.335376
264.001000 3.066605
265.000000 0.000000
266.000000 0.246684
267.001000 3.405686
268.000000 0.820404
269.001000 0.487584
270.000000 2.334278
271.000000 1.132320
272.000000 0.675068
273.001000 0.883684
274.001000 3.045132
275.000000 2.895055
276.000000 0.790576
277.000000 0.616036
278.000000 0.338348
279.000000 0.419228
280.000000 0.578292
281.001000 0.814725
282.000000 0.720709
283.000000 0.598356
284.000000 0.900464
285.001000 1.273934
286.001000 0.873504
287.000000 1.401974
288.001000 1.703516
289.000000 2.162074
290.000000 1.570004
291.000000 2.218808
292.000000 3.419876
293.001000 3.914869
294.000000 4.575463
295.001000 3.874406
296.000000 2.637926
297.001000 1.388400
298.000000 1.607776
299.000000 2.772784
300.000000 1.241508
301.000000 1.223984
302.000000 2.072576
303.000000 3.226412
304.000000 2.436796
305.000000 3.308448
306.000000 1.961920
307.000000 0.771056
308.001000 0.405343
309.001000 0.876200
310.000000 0.895968
311.001000 1.325107
312.002000 1.589570
313.001000 0.826631
314.001000 1.341260
315.000000 1.439756
316.000000 0.000000
317.001000 0.068679
318.001000 3.453344
319.000000 4.905433
320.001000 3.694901
321.000000 2.203487
322.001000 3.264288
323.000000 2.916653
324.000000 2.811228
325.000000 5.187584
326.000000 4.854984
327.001000 2.908795
328.000000 1.942963
329.000000 3.244892
330.001000 1.516124
331.000000 2.182867
332.000000 1.322768
333.000000 2.252620
334.000000 2.234872
335.000000 1.915768
336.001000 1.654777
337.001000 2.655560
338.001000 4.313804
339.000000 3.214206
340.000000 3.963068
341.000000 2.938972
342.001000 5.131596
343.000000 2.330286
344.000000 1.554816
345.000000 2.686824
346.000000 4.239976
347.001000 2.678474
348.000000 5.395083
349.000000 4.863380
350.001000 4.190114
351.000000 4.483572
352.000000 3.807580
353.001000 3.143900
354.000000 4.500617
355.001000 3.478122
356.000000 4.416420
357.000000 3.104988
358.001000 4.026466
359.000000 4.618591
360.000000 2.955088
361.000000 4.801540
362.000000 4.049156
363.000000 5.244336
364.000000 7.086080
365.001000 4.490869
366.001000 4.089856
367.000000 7.144424
368.000000 5.474284
369.000000 4.373976
370.001000 3.600879
371.000000 5.039439
372.000000 3.975744
373.001000 3.772480
374.001000 3.878816
375.000000 3.638426
376.001000 4.023405
377.000000 3.676224
378.001000 3.374861
379.000000 2.652621
380.001000 1.756036
381.000000 1.915944
382.001000 0.814857
383.001000 0.000000
384.001000 1.135016
385.000000 0.120092
386.001000 0.000000
387.001000 3.084824
388.000000 1.816973
389.001000 2.723684
390.000000 1.986839
391.000000 0.876200
392.001000 2.378190
393.000000 1.987620
394.000000 2.383236
395.001000 2.345922
396.001000 2.023296
397.000000 3.504633
398.001000 3.577686
399.000000 1.953469
400.000000 1.907808
401.001000 2.694006
402.000000 2.398210
403.000000 2.372712
404.000000 2.580072
405.001000 2.823932
406.000000 2.073950
407.000000 2.613124
408.001000 2.254350
409.000000 2.529277
410.000000 1.509760
411.000000 0.973256
412.000000 0.520328
413.001000 0.775672
414.000000 0.300905
415.000000 0.144236
416.000000 0.508196
417.001000 0.576368
418.000000 1.275135
419.000000 1.876416
420.001000 2.137838
421.000000 1.433009
422.000000 1.223804
423.000000 0.959904
424.000000 2.422356
425.001000 1.827409
426.000000 2.432929
427.000000 2.944940
428.001000 3.359548
429.000000 2.848569
430.000000 2.056452
431.001000 2.611057
432.001000 2.274076
433.000000 2.011880
434.000000 1.998488
435.000000 2.646720
436.000000 2.171628
437.000000 2.574680
438.001000 2.397846
439.000000 3.442098
440.000000 2.632816
441.001000 1.069163
442.000000 1.211716
443.001000 1.471892
444.000000 0.198699
445.000000 2.169936
446.003000 0.232506
447.000000 1.591370
448.000000 2.068896
449.001000 1.733427
450.001000 2.253856
451.000000 2.167211
452.003000 2.263785
453.000000 1.343242
454.000000 3.402352
455.001000 2.364723
456.000000 1.125477
457.000000 7.008256
458.000000 2.683744
459.000000 3.804056
460.000000 2.670428
461.000000 4.154496
462.000000 3.310688
463.000000 4.236856
464.000000 4.055476
465.000000 4.182060
466.001000 3.898561
467.001000 4.095844
468.000000 3.606871
469.000000 4.687332
470.000000 4.165192
471.001000 3.629522
472.000000 4.959091
473.000000 4.679532
474.000000 3.236824
475.000000 5.279636
476.000000 3.764224
477.001000 3.776480
478.000000 2.280168
479.000000 4.495604
480.000000 3.790656
481.000000 3.994044
482.000000 5.692296
483.000000 5.422340
484.001000 5.628687
485.000000 3.577974
486.000000 4.140156
487.000000 2.808688
488.000000 5.158912
489.001000 3.989726
490.000000 4.904088
491.001000 3.882354
492.000000 3.189878
493.000000 6.746112
494.000000 6.785024
495.000000 6.604800
496.000000 5.648384
497.000000 5.935104
498.001000 3.635660
499.000000 6.320304
500.000000 5.037160
501.000000 4.868460
502.000000 5.455872
503.001000 3.719544
504.000000 4.510787
505.000000 5.511652
