0.000000 0.747777
1.000000 0.532460
2.000000 0.000000
3.000000 0.459668
4.001000 5.963680
5.000000 7.796360
6.001000 6.901726
7.000000 7.213053
8.001000 7.848140
9.000000 7.793866
10.000000 7.307508
11.000000 7.529928
12.000000 7.825140
13.000000 5.950072
14.000000 8.535536
15.000000 7.949364
16.000000 7.823948
17.000000 8.018888
18.000000 6.584852
19.001000 6.773303
20.000000 7.256697
21.000000 7.468464
22.000000 5.815272
23.000000 8.585568
24.000000 7.596472
25.000000 7.648552
26.000000 7.403424
27.000000 7.047136
28.001000 6.830226
29.000000 7.112420
30.000000 6.932764
31.000000 7.457136
32.001000 7.479313
33.000000 7.511179
34.001000 6.673962
35.000000 8.764777
36.001000 7.645886
37.001000 7.466880
38.000000 7.453806
39.000000 7.444228
40.000000 7.357384
41.001000 7.119756
42.000000 6.427912
43.001000 6.294721
44.000000 7.410627
45.001000 7.179528
46.000000 6.816392
47.000000 7.034100
48.000000 7.328840
49.000000 7.055432
50.000000 6.649684
51.000000 7.066376
52.000000 6.974560
53.000000 7.667256
54.000000 7.800876
55.001000 5.074933
56.000000 3.526086
57.000000 7.004160
58.001000 8.144943
59.001000 7.950336
60.000000 5.592537
61.000000 3.907584
62.000000 1.036288
63.001000 6.718913
64.001000 8.329216
65.000000 5.520785
66.000000 3.858432
67.000000 7.622656
68.000000 8.167424
69.001000 8.349538
70.000000 5.914394
71.000000 4.374528
72.001000 5.886210
73.001000 8.062976
74.000000 7.185025
75.001000 3.458621
76.000000 3.342286
77.000000 3.162640
78.000000 3.047076
79.000000 3.461664
80.000000 2.985956
81.000000 3.731128
82.001000 3.448340
83.000000 1.256452
84.000000 4.501852
85.001000 3.540687
86.000000 6.658563
87.000000 7.743488
88.000000 8.079360
89.000000 8.206336
90.000000 5.711872
91.001000 3.138494
92.001000 5.742592
93.001000 7.671808
94.000000 7.999295
95.001000 6.072392
96.000000 3.202178
97.000000 7.120896
98.000000 7.845888
99.001000 7.561846
100.001000 5.840896
101.000000 3.800793
102.000000 6.750208
103.000000 7.708672
104.000000 8.372224
105.000000 5.349376
106.000000 3.172352
107.000000 6.408192
108.000000 7.309312
109.000000 7.299072
110.000000 5.517312
111.000000 3.440640
112.000000 4.562944
113.000000 6.832128
114.001000 7.353159
115.001000 5.939200
116.000000 4.221053
117.000000 6.821888
118.000000 7.344128
119.000000 4.491264
120.001000 6.403836
121.000000 3.036124
122.004000 3.763506
123.000000 6.894522
124.000000 6.013604
125.000000 3.374780
126.000000 3.407872
127.000000 3.516016
128.000000 3.345044
129.001000 3.133007
130.000000 3.240709
131.000000 0.823296
132.000000 3.350488
133.000000 5.124228
134.001000 5.015960
135.000000 4.675043
136.000000 4.145152
137.000000 6.038640
138.000000 5.979152
139.000000 7.131868
140.000000 6.438252
141.000000 3.629056
142.001000 6.004875
143.000000 7.091123
144.000000 7.294976
145.000000 6.862848
146.000000 3.057664
147.000000 6.172672
148.000000 7.442432
149.000000 7.587840
150.001000 7.291780
151.000000 4.235403
152.001000 4.120551
153.000000 7.613886
154.000000 8.499200
155.000000 7.692288
156.000000 3.706880
157.000000 4.958208
158.000000 7.589888
159.001000 8.175632
160.001000 7.409664
161.001000 3.592192
162.000000 5.291179
163.001000 7.698925
164.000000 7.781990
165.001000 7.365435
166.001000 2.994176
167.001000 5.578752
168.000000 7.371980
169.000000 8.355840
170.000000 7.315456
171.000000 4.296704
172.000000 4.012032
173.001000 7.238585
174.001000 6.711092
175.000000 7.280757
176.000000 4.407296
177.000000 3.780608
178.000000 7.501824
179.001000 7.322470
180.000000 7.466282
181.000000 4.907008
182.001000 4.112368
183.000000 6.180901
184.000000 7.145472
185.000000 7.184384
186.000000 4.368384
187.000000 4.487168
188.000000 7.022592
189.000000 7.061504
190.000000 7.360512
191.001000 4.668867
192.000000 3.729041
193.001000 6.283125
194.001000 7.432192
195.000000 7.212076
196.001000 3.744096
197.001000 4.612096
198.000000 7.121874
199.000000 7.528448
200.000000 7.344128
201.001000 4.697510
202.000000 4.085750
203.001000 7.561846
204.001000 7.497728
205.000000 7.445782
206.000000 4.870144
207.000000 3.784704
208.000000 7.280640
209.000000 7.610368
210.000000 7.372800
211.001000 4.681143
212.001000 0.835584
213.000000 3.390783
214.000000 7.008256
215.000000 7.268352
216.000000 5.158912
217.000000 3.895296
218.000000 7.172096
219.001000 7.117874
220.000000 7.673337
221.000000 3.296620
222.000000 3.774464
223.000000 5.102500
224.001000 4.443880
225.000000 5.885393
226.000000 4.995456
227.001000 4.908244
228.001000 7.604224
229.000000 4.895147
230.000000 4.327832
231.001000 5.048739
232.000000 3.560937
233.000000 6.451200
234.000000 7.448576
235.001000 7.076955
236.001000 5.322752
237.000000 3.644989
238.000000 7.122944
239.000000 7.518208
240.000000 7.600128
241.000000 6.127616
242.000000 3.928064
243.000000 5.259264
244.000000 7.204864
245.000000 7.766016
246.001000 6.291309
247.001000 2.471936
248.000000 6.490458
249.001000 7.175161
250.001000 6.674456
251.000000 4.408565
252.000000 3.041280
253.000000 6.335516
254.000000 5.452468
255.000000 2.916344
256.001000 4.547441
257.001000 3.719168
258.000000 7.326879
259.000000 7.069696
260.000000 5.352904
261.000000 4.079420
262.001000 2.651556
263.001000 7.213056
264.000000 4.257570
265.000000 2.271380
266.000000 2.463292
267.000000 4.354048
268.000000 3.955928
269.000000 3.933960
270.001000 4.823269
271.000000 4.359311
272.000000 3.428352
273.000000 5.437776
274.001000 4.700368
275.000000 4.376793
276.000000 3.534024
277.001000 3.619293
278.000000 2.531600
279.000000 4.735496
280.000000 4.720696
281.000000 4.077700
282.001000 4.900060
283.001000 6.676384
284.000000 4.742935
285.000000 4.509788
286.000000 5.437628
287.000000 2.713600
288.001000 6.244252
289.000000 7.720488
290.000000 7.426048
291.000000 6.471680
292.000000 3.575808
293.000000 5.107712
294.000000 7.362560
295.000000 6.971392
296.000000 6.864896
297.000000 3.274752
298.001000 4.730246
299.000000 7.648737
300.000000 7.424000
301.000000 7.573504
302.001000 4.173746
303.000000 3.653189
304.000000 7.155712
305.000000 8.192000
306.001000 9.069714
307.000000 6.644212
308.000000 4.265984
309.000000 6.572032
310.000000 7.090176
311.000000 7.258112
312.000000 3.850240
313.000000 3.979264
314.000000 7.340032
315.000000 7.430144
316.000000 7.503872
317.000000 4.192256
318.000000 3.760128
319.000000 7.718912
320.001000 7.275413
321.000000 7.833241
322.000000 4.044800
323.000000 4.292608
324.000000 7.008256
325.000000 7.307264
326.000000 7.596032
327.000000 4.554752
328.000000 1.660928
329.000000 4.122624
330.000000 7.491584
331.001000 7.447273
332.000000 4.756116
333.001000 4.361974
334.000000 7.913193
335.000000 7.772160
336.001000 7.954669
337.000000 4.530611
338.000000 3.239936
339.000000 7.659520
340.000000 7.700480
341.000000 8.118272
342.000000 5.306368
343.000000 3.620864
344.001000 6.673902
345.000000 7.667187
346.000000 5.151040
347.001000 3.147740
348.001000 3.246080
349.001000 4.795788
350.000000 2.632917
351.000000 3.836616
352.000000 4.423612
353.001000 5.143528
354.001000 8.163328
355.000000 5.273598
356.000000 3.874976
357.001000 2.194501
358.001000 2.180260
359.000000 3.887475
360.000000 4.392484
361.000000 3.937508
362.000000 3.725144
363.000000 4.811844
364.000000 4.655552
