0.000000 0.694476
1.001000 0.509035
2.000000 0.000000
3.000000 1.790144
4.001000 2.856875
5.000000 2.954919
6.000000 2.564776
7.000000 2.712176
8.000000 3.340344
9.000000 2.418656
10.000000 3.123700
11.000000 1.962532
12.000000 4.296852
13.000000 4.375948
14.000000 6.223376
15.000000 5.771748
16.000000 6.090752
17.000000 3.969024
18.001000 6.559329
19.000000 5.192200
20.000000 4.935380
21.000000 4.719248
22.001000 2.853678
23.000000 7.267427
24.000000 4.814504
25.000000 5.023400
26.000000 3.676136
27.000000 3.737600
28.000000 5.610864
29.000000 6.444632
30.000000 4.856880
31.001000 4.508268
32.000000 3.429734
33.000000 6.633292
34.000000 4.249124
35.000000 4.913232
36.000000 4.633228
37.000000 3.880960
38.000000 6.017020
39.000000 4.979396
40.000000 5.092444
41.000000 3.148756
42.000000 3.207168
43.001000 7.835628
44.000000 4.978843
45.000000 4.746308
46.001000 4.828320
47.001000 3.224020
48.001000 6.430720
49.000000 5.397866
50.000000 4.587920
51.001000 4.943285
52.001000 2.953216
53.000000 6.539660
54.000000 5.291892
55.000000 4.378324
56.000000 5.009244
57.000000 2.949120
58.001000 6.530685
59.001000 5.572172
60.000000 4.889497
61.001000 4.719221
62.001000 2.150400
63.001000 7.426048
64.000000 5.287483
65.000000 5.096004
66.000000 4.913252
67.000000 3.683796
68.000000 5.931592
69.000000 4.461776
70.000000 5.137228
71.000000 4.344344
72.001000 3.777566
73.001000 5.964060
74.002000 4.815828
75.000000 4.810918
76.000000 5.257480
77.000000 3.593816
78.000000 1.265664
79.000000 4.913152
80.000000 6.567936
81.001000 7.682557
82.000000 4.558879
83.000000 5.236736
84.000000 5.113172
85.000000 5.180520
86.000000 4.419040
87.000000 3.522580
88.000000 5.410816
89.001000 6.024595
90.000000 5.104216
91.000000 4.533616
92.000000 3.354672
93.000000 5.314560
94.000000 5.884780
95.000000 4.829136
96.001000 4.273283
97.000000 3.558887
98.000000 5.994496
99.000000 5.619616
100.001000 4.916791
101.000000 3.614747
102.001000 3.017411
103.000000 3.481762
104.000000 1.370276
105.001000 4.674873
106.000000 4.041429
107.001000 3.506709
108.000000 5.437822
109.000000 5.267852
110.001000 5.148939
111.001000 4.815748
112.000000 3.960569
113.000000 5.005312
114.001000 5.991584
115.001000 4.167284
116.001000 5.390600
117.000000 2.903596
118.000000 5.467744
119.000000 3.637528
120.001000 3.594438
121.001000 4.528048
122.000000 3.861313
123.000000 5.062656
124.001000 4.314130
125.000000 4.821718
126.000000 4.093876
127.000000 3.516732
128.000000 3.989840
129.001000 4.109882
130.000000 2.811888
131.000000 2.645016
132.001000 2.952304
133.000000 1.610442
134.000000 2.587512
135.000000 2.598244
136.000000 3.022216
137.001000 2.769634
138.001000 3.315352
139.001000 1.895100
140.001000 0.985388
141.000000 2.347219
142.000000 2.860292
143.000000 2.572796
144.001000 2.922721
145.000000 3.200172
146.000000 2.396744
147.001000 1.672543
148.000000 1.281882
149.001000 1.393139
150.000000 1.377686
151.000000 1.164672
152.000000 1.086488
153.001000 0.000000
154.001000 0.000000
155.001000 1.708492
156.000000 1.852080
157.000000 0.439448
158.000000 0.000000
159.000000 3.515584
160.000000 0.262860
161.000000 3.004692
162.000000 1.883156
163.000000 1.512456
164.000000 1.687904
165.001000 0.976324
166.000000 1.512621
167.000000 2.402036
168.001000 2.991017
169.000000 2.623135
170.001000 2.421283
171.000000 2.878370
172.001000 3.637067
173.000000 4.277742
174.000000 4.570840
175.001000 4.431305
176.000000 4.946358
177.001000 2.899572
178.000000 4.149301
179.001000 4.405471
180.001000 2.992560
181.001000 3.740700
182.000000 3.751191
183.000000 4.176280
184.000000 4.341732
185.000000 4.047544
186.000000 4.501032
187.000000 3.558820
188.000000 3.942400
189.000000 3.349272
190.001000 2.975848
191.000000 3.442254
192.000000 2.581896
193.001000 2.593239
194.000000 4.202603
195.000000 4.535424
196.001000 2.688759
197.001000 3.106300
198.000000 3.608160
199.000000 3.386176
200.000000 4.228236
201.000000 1.630172
202.001000 3.949606
203.001000 3.266332
204.000000 2.421433
205.000000 3.482532
206.000000 2.655560
207.001000 2.272951
208.000000 2.673261
209.000000 2.581472
210.000000 2.950720
211.000000 2.292948
212.000000 2.222852
213.000000 3.299904
214.000000 2.779576
215.000000 4.426832
216.000000 3.254052
217.000000 3.460140
218.000000 3.581812
219.000000 3.145300
220.000000 3.647272
221.001000 2.927624
222.000000 2.644725
223.001000 0.965586
224.000000 4.787455
225.000000 4.937728
226.000000 3.764056
227.001000 3.170925
228.000000 3.268272
229.001000 5.133295
230.001000 3.515584
231.001000 2.449316
232.000000 4.290931
233.000000 3.225764
234.000000 2.125796
235.000000 2.866500
236.001000 3.747085
237.001000 3.914704
238.000000 4.164136
239.000000 3.665056
240.000000 3.806104
241.000000 3.624952
242.000000 4.313148
243.000000 3.722628
244.000000 5.452780
245.000000 6.304224
246.000000 6.942352
247.000000 6.270500
248.000000 3.536328
249.001000 5.309251
250.000000 5.586983
251.000000 4.037332
252.001000 4.741834
253.000000 3.858194
254.000000 5.915756
255.000000 4.947888
256.001000 4.706845
257.000000 5.163508
258.000000 3.414612
259.000000 6.186228
260.000000 5.053996
261.001000 4.119337
262.000000 5.476669
263.001000 3.612939
264.000000 5.717742
265.000000 5.011320
266.000000 4.252028
267.000000 4.843364
268.000000 3.589696
269.000000 6.008832
270.000000 5.012496
271.001000 2.958537
272.000000 5.608308
273.001000 4.745854
274.000000 5.492084
275.000000 5.228656
276.000000 5.014200
277.000000 5.042116
278.000000 3.594272
279.001000 5.491560
280.000000 4.452853
281.000000 4.464576
282.000000 5.111616
283.003000 3.180530
284.001000 6.459443
285.000000 4.517758
286.000000 5.262012
287.000000 3.210936
288.000000 2.787328
289.001000 6.051932
290.001000 7.217152
291.000000 5.074611
292.001000 4.322006
293.001000 3.062656
294.000000 6.205205
295.000000 4.004116
296.000000 4.917400
297.000000 4.703232
298.000000 3.758964
299.000000 5.861376
300.001000 5.387588
301.000000 4.967944
302.000000 4.394788
303.001000 3.800112
304.001000 5.373952
305.000000 5.217253
306.000000 4.972772
307.000000 4.164124
308.000000 3.818524
309.001000 5.667293
310.000000 4.965237
311.000000 4.205632
312.001000 5.224871
313.000000 2.772573
314.000000 1.794048
315.000000 5.644288
316.000000 8.920308
317.000000 4.518420
318.000000 3.807536
319.000000 4.237312
320.000000 5.868472
321.000000 3.142768
322.000000 6.070820
323.000000 5.401152
324.000000 4.124672
325.000000 5.219352
326.000000 4.737092
327.000000 4.748012
328.001000 3.143461
329.001000 4.843520
330.001000 6.790744
331.000000 4.847808
332.001000 4.812180
333.001000 4.166680
334.000000 3.952496
335.000000 6.256292
336.000000 4.370560
337.001000 5.242282
338.000000 4.530883
339.000000 3.842048
340.000000 5.934492
341.001000 4.627477
342.000000 4.246306
343.001000 3.364376
344.001000 4.177920
345.000000 6.549838
346.001000 5.007029
347.000000 5.084805
348.000000 3.562528
349.000000 3.831808
350.000000 5.752856
351.000000 6.242772
352.000000 4.408348
353.000000 3.058140
354.000000 3.796992
355.000000 7.712768
356.000000 3.907272
357.000000 5.534056
358.001000 4.522613
359.000000 3.550687
360.000000 6.592512
361.000000 4.920912
362.000000 4.968624
363.000000 4.498016
364.001000 2.815233
365.000000 7.339179
366.000000 4.879268
367.000000 4.888108
368.001000 4.019293
369.001000 3.811328
370.000000 4.405538
371.001000 3.825007
372.000000 4.025918
373.000000 4.952144
374.000000 3.176448
375.000000 7.534592
376.000000 4.399640
377.000000 4.401220
378.001000 4.721602
379.000000 2.867431
380.000000 6.195200
381.000000 3.867608
382.001000 4.016779
383.001000 3.871456
384.000000 0.108653
385.001000 1.681870
386.001000 1.773364
387.000000 0.739443
388.000000 0.021568
389.001000 2.906078
390.000000 1.075431
391.000000 1.436636
392.000000 1.454824
393.000000 1.458536
394.000000 1.170064
395.000000 1.248248
396.000000 0.458320
397.001000 1.253315
398.000000 4.075455
399.001000 3.572316
400.001000 4.353748
401.001000 3.632912
402.000000 4.498887
403.000000 3.744540
404.000000 2.939680
405.001000 4.943337
406.001000 4.170544
407.000000 4.023760
408.001000 3.431377
409.000000 2.807135
410.001000 3.135481
411.000000 2.206787
412.000000 3.395296
413.000000 2.334736
414.000000 2.632644
415.001000 2.091121
416.001000 2.987400
417.000000 1.913377
418.001000 2.013299
419.000000 2.523231
420.000000 1.814408
421.000000 2.512672
422.000000 2.345132
423.000000 2.296732
424.000000 1.972772
425.000000 0.118624
426.001000 3.646246
427.000000 1.905073
428.001000 1.672543
429.000000 1.206318
430.000000 0.961124
431.000000 1.188936
432.001000 1.061163
433.000000 1.496428
434.001000 1.871848
435.000000 1.612472
436.000000 1.508412
437.000000 1.097972
438.001000 0.905598
439.000000 0.704412
440.000000 0.696864
441.000000 0.292516
442.000000 0.265556
443.001000 0.878018
444.000000 0.348132
445.000000 0.000000
446.000000 0.000000
447.001000 0.000000
448.001000 0.000000
449.001000 0.097108
450.000000 6.065213
451.000000 4.828880
452.000000 5.005236
453.000000 5.378124
454.000000 4.964468
455.000000 4.560896
456.000000 6.256916
457.001000 6.413678
458.000000 4.996024
459.000000 4.140120
460.000000 4.288512
461.001000 6.806202
462.000000 4.797277
463.000000 2.495496
464.001000 4.159652
465.001000 3.672064
466.000000 7.699988
467.000000 6.265748
468.001000 4.864412
469.000000 4.317538
470.000000 3.461120
471.000000 6.681176
472.000000 4.187044
473.000000 5.388944
474.001000 4.071680
475.001000 3.461120
476.000000 6.742783
477.001000 4.253994
478.000000 4.444757
479.000000 4.785272
480.000000 3.610688
481.000000 5.799828
482.000000 4.524632
483.000000 5.132592
484.000000 4.587792
485.000000 3.469568
486.000000 4.472832
487.000000 4.505600
488.001000 6.936691
489.000000 4.206531
490.000000 3.359956
491.000000 5.166300
492.000000 6.491204
493.000000 4.039956
494.000000 5.588808
495.001000 4.287820
496.000000 5.190871
497.000000 5.024440
498.000000 4.950760
499.000000 3.847668
500.000000 3.399680
501.001000 5.843201
502.000000 4.728897
503.001000 4.944911
504.000000 4.069798
505.000000 3.991552
506.001000 5.845538
507.000000 5.219283
508.000000 4.593984
509.000000 5.162248
510.000000 3.076228
511.000000 6.090752
512.001000 5.550218
513.000000 4.559451
514.000000 5.250460
515.001000 3.289143
516.000000 2.166903
517.000000 5.959680
518.000000 7.628072
519.000000 4.875288
520.000000 2.019304
521.000000 6.254516
522.000000 6.800864
523.000000 2.890932
524.000000 6.659420
525.000000 4.104272
526.000000 5.875200
527.000000 4.817752
528.000000 4.717132
