0.000000 4.501792
1.000000 4.226240
2.000000 4.253502
3.001000 3.938368
4.000000 3.336771
5.000000 3.254912
6.000000 2.209948
7.000000 2.246402
8.000000 2.825550
9.001000 1.309890
10.001000 2.623620
11.000000 3.652428
12.000000 5.246136
13.000000 4.399152
14.000000 3.632666
15.000000 4.175786
16.000000 4.262176
17.000000 4.779226
18.000000 4.632512
19.000000 5.160350
20.000000 5.496076
21.001000 4.067029
22.001000 4.576568
23.000000 3.822184
24.001000 3.453097
25.001000 2.756636
26.000000 2.639219
27.001000 4.595389
28.003000 3.016567
29.001000 3.583421
30.000000 3.091135
31.000000 2.970146
32.000000 4.217918
33.000000 3.856616
34.000000 4.520388
35.000000 3.960848
36.000000 3.539370
37.000000 3.029528
38.001000 2.444442
39.000000 2.392545
40.000000 2.128298
41.000000 2.850412
42.000000 3.416940
43.001000 2.757992
44.001000 3.380400
45.000000 2.218865
46.000000 1.761804
47.001000 1.686511
48.000000 3.670104
49.001000 4.523982
50.000000 5.703467
51.000000 5.043288
52.000000 4.368384
53.000000 6.537216
54.000000 6.194622
55.001000 4.043848
56.001000 4.589558
57.000000 3.198078
58.001000 6.433475
59.001000 3.350278
60.001000 3.554972
61.000000 2.801059
62.000000 2.789404
63.000000 3.639588
64.002000 3.772774
65.001000 6.031836
66.000000 5.243560
67.001000 4.370158
68.000000 6.998871
69.000000 5.894812
70.001000 5.908937
71.000000 4.823920
72.001000 3.600879
73.000000 6.168601
74.000000 4.695618
75.001000 3.502178
76.000000 2.456186
77.000000 3.053618
78.000000 1.887952
79.000000 2.647992
80.001000 2.656202
81.000000 3.055896
82.000000 4.415636
83.001000 3.629644
84.000000 3.373624
85.000000 2.222100
86.000000 2.285550
87.001000 1.354184
88.000000 4.767145
89.000000 5.098324
90.001000 5.879469
91.000000 4.442104
92.000000 3.121208
93.000000 6.746112
94.000000 6.043148
95.000000 5.804040
96.001000 6.139986
97.000000 2.349357
98.000000 6.328320
99.000000 5.226222
100.000000 4.130380
101.000000 5.178586
102.000000 2.703360
103.000000 6.092574
104.000000 5.274998
105.000000 5.953678
106.000000 4.141204
107.000000 3.237888
108.000000 5.828608
109.000000 6.606848
110.000000 6.155932
111.000000 4.749704
112.000000 3.606528
113.001000 4.660683
114.000000 6.572460
115.000000 4.489198
116.001000 4.410324
117.001000 2.867630
118.001000 5.275648
119.000000 6.365904
120.000000 3.064500
121.001000 2.046254
122.000000 0.927616
123.000000 0.883312
124.001000 1.867882
125.000000 2.688951
126.000000 1.988162
127.000000 1.140026
128.001000 2.419526
129.000000 2.685135
130.000000 2.718854
131.000000 3.236448
132.000000 3.246324
133.000000 2.045224
134.000000 2.628404
135.000000 1.059032
136.001000 1.652813
137.001000 0.432002
138.000000 3.326308
139.000000 2.743200
140.000000 3.826440
141.001000 5.177782
142.000000 3.581049
143.000000 5.902336
144.000000 6.397066
145.001000 4.408390
146.000000 3.644701
147.000000 3.502586
148.001000 5.693890
149.000000 4.634174
150.001000 4.758460
151.000000 5.235532
152.000000 3.449500
153.000000 4.583808
154.000000 4.118902
155.001000 3.355407
156.001000 2.599382
157.007000 3.101922
158.000000 4.167867
159.000000 4.082842
160.000000 2.763450
161.000000 1.578148
162.000000 2.598156
163.001000 3.652444
164.001000 3.750612
165.001000 3.581070
166.000000 4.285602
167.000000 2.956312
168.000000 5.705728
169.000000 5.631646
170.000000 3.871448
171.000000 4.025838
172.000000 3.073832
173.000000 3.907670
174.000000 4.021642
175.000000 4.243388
176.000000 3.338964
177.000000 3.084872
178.000000 3.142614
179.000000 2.501200
180.000000 2.328570
181.000000 3.402180
182.000000 2.772038
183.000000 5.229864
184.000000 3.723762
185.000000 4.074874
186.001000 2.724789
187.000000 3.949177
188.000000 4.465100
189.000000 3.896968
190.000000 4.334852
191.000000 2.753652
192.000000 3.413498
193.000000 2.299352
194.001000 1.669722
195.000000 2.126935
196.000000 2.184300
197.000000 2.640076
198.000000 3.822374
199.000000 3.289344
200.001000 3.183423
201.000000 3.887029
202.001000 3.486547
203.000000 3.619323
204.001000 3.075045
205.000000 2.951612
206.001000 2.490699
207.000000 2.352715
208.001000 2.631381
209.000000 2.825291
210.001000 2.185025
211.000000 3.041938
212.001000 2.310108
213.000000 3.114356
214.000000 3.252744
215.000000 3.125536
216.001000 4.718645
217.001000 4.793850
218.000000 4.483065
219.000000 4.295068
220.000000 4.120200
221.001000 4.230719
222.000000 4.071622
223.000000 3.112024
224.000000 3.213376
225.000000 2.906552
226.001000 2.112034
227.001000 2.242302
228.000000 1.433786
229.000000 1.842748
230.000000 1.885952
231.000000 1.656450
232.000000 1.228500
233.000000 1.805269
234.000000 1.396233
235.001000 1.192839
236.001000 2.015550
237.000000 1.690012
238.000000 1.634744
239.001000 1.261077
240.001000 1.208164
241.001000 1.270348
242.000000 1.125678
243.000000 0.885600
244.001000 2.328134
245.000000 2.268557
246.000000 1.397250
247.000000 2.288250
248.001000 2.801161
249.000000 3.243231
250.001000 3.796262
251.000000 3.885327
252.000000 2.276752
253.000000 3.266302
254.001000 3.096503
255.000000 3.049281
256.000000 2.532014
257.000000 3.119144
258.000000 3.332460
259.000000 4.685850
260.000000 3.938736
261.000000 4.174334
262.000000 4.316380
263.001000 4.612388
264.000000 4.968919
265.000000 3.944712
266.001000 4.457281
267.000000 3.840541
268.001000 4.011239
269.000000 3.815764
270.001000 4.498781
271.001000 3.782424
272.000000 3.694595
273.000000 3.586950
274.001000 3.128871
275.000000 3.363514
276.000000 3.924450
277.000000 4.337900
278.000000 4.789450
279.001000 5.373375
280.000000 4.918470
281.000000 4.247200
282.000000 5.125950
283.000000 4.644000
284.000000 4.440148
285.001000 5.025077
286.001000 3.318300
287.000000 4.448661
288.001000 5.137461
289.001000 3.853762
290.002000 4.076340
291.000000 4.246806
292.000000 4.081050
293.000000 3.856950
294.001000 4.284663
295.000000 4.399019
296.000000 4.079332
297.000000 3.588300
298.000000 3.141450
299.000000 3.242700
300.001000 2.331818
301.000000 3.023670
302.001000 2.639964
303.000000 2.300012
304.000000 1.389138
305.000000 3.143432
306.000000 3.208950
307.000000 3.561396
308.000000 3.662474
309.000000 2.218062
310.000000 1.769186
311.000000 2.795164
312.005000 1.845294
313.000000 2.346951
314.001000 2.328436
315.000000 2.785123
316.000000 2.839050
317.001000 3.015596
318.001000 2.721588
319.000000 2.674324
320.000000 3.114450
321.000000 2.632500
322.000000 2.624400
323.000000 3.024000
324.000000 2.181600
325.000000 2.834998
326.000000 2.157302
327.000000 2.332800
328.000000 3.453298
329.001000 2.937365
330.000000 2.880428
331.000000 2.527970
332.000000 1.987082
333.001000 1.614336
334.000000 1.635906
335.000000 2.245328
336.000000 1.855950
337.000000 1.546050
338.000000 1.802250
339.000000 2.092500
340.000000 1.605150
341.001000 2.079620
342.000000 2.959596
343.001000 3.344519
344.000000 3.081081
345.000000 4.199850
346.000000 4.377580
347.001000 4.275694
348.000000 3.927027
349.000000 3.435274
350.001000 3.803672
351.001000 4.079700
352.001000 3.616650
353.000000 3.486484
354.000000 3.889350
355.000000 2.961902
356.000000 0.734750
357.000000 2.014482
358.001000 2.751544
359.000000 3.495017
360.001000 2.992657
361.001000 3.154950
362.000000 3.002703
363.000000 3.952800
364.001000 3.915133
365.000000 3.508110
366.000000 3.727700
367.000000 3.204550
368.002000 3.150709
369.000000 3.669317
370.008000 2.616135
371.000000 3.213067
372.001000 3.263736
373.000000 3.102703
374.001000 2.352036
375.000000 3.008741
376.000000 3.223168
377.000000 3.188700
378.000000 3.723300
379.000000 3.748486
380.000000 1.995046
381.001000 0.760008
382.000000 2.218919
383.000000 1.738800
384.000000 2.262600
385.000000 2.371950
386.001000 1.708741
387.000000 0.537838
388.000000 0.866700
389.001000 1.328434
390.001000 0.885588
391.000000 1.295946
392.000000 1.854946
393.000000 1.565256
394.000000 1.366200
395.001000 1.374276
396.001000 1.166398
397.000000 1.148651
398.000000 1.123212
399.001000 2.830248
400.000000 3.170831
401.000000 3.569412
402.010000 3.679741
403.002000 4.292875
404.001000 3.566935
405.001000 3.642300
406.000000 3.433784
407.000000 1.942648
408.001000 2.807894
409.000000 2.536837
410.001000 2.830468
411.000000 3.831716
412.000000 4.242418
413.000000 4.042240
414.000000 4.296710
415.000000 4.566582
416.000000 4.352150
417.001000 4.052775
418.000000 3.300641
419.001000 3.374208
420.000000 3.704172
421.000000 3.777300
422.000000 4.270050
423.000000 2.254500
424.000000 2.843100
425.001000 3.274523
426.000000 2.905419
427.001000 3.506480
428.000000 2.528134
429.000000 3.136946
430.000000 2.461052
431.001000 2.639309
432.000000 2.447932
433.000000 2.321368
434.000000 2.700350
435.000000 2.652400
436.000000 2.820940
437.000000 3.221660
438.000000 3.143848
439.000000 3.253802
440.001000 3.701810
441.000000 3.828617
442.000000 3.252546
443.000000 2.681988
444.001000 2.391271
445.001000 2.018898
446.000000 1.328380
447.000000 2.368360
448.000000 2.667140
449.000000 2.289600
450.000000 2.721600
451.000000 2.509650
452.000000 1.741500
453.000000 2.006100
454.000000 1.611900
455.000000 2.722298
456.000000 2.455650
457.000000 3.296700
458.001000 2.698649
459.000000 2.224649
460.000000 2.004778
461.001000 1.763686
462.000000 3.778378
463.000000 4.622400
464.000000 4.783050
465.001000 3.818775
466.000000 3.986671
467.000000 4.647076
468.000000 4.716352
469.000000 3.862898
470.000000 4.251148
471.000000 3.701602
472.000000 4.039300
473.000000 4.145132
474.001000 3.663654
475.000000 1.494593
476.000000 2.112034
477.001000 1.557061
478.000000 1.340553
479.000000 1.441786
480.000000 1.070552
481.000000 1.203482
482.001000 1.037830
483.000000 1.166216
484.000000 1.367550
485.000000 3.239998
486.000000 3.056402
487.001000 4.059439
488.000000 3.566218
489.000000 2.922694
490.001000 3.258398
491.001000 3.199498
492.000000 4.415612
493.000000 4.000656
494.000000 3.719250
495.000000 4.511700
496.000000 4.358628
497.000000 5.299206
498.000000 4.910668
499.000000 5.451998
500.000000 4.678402
501.001000 4.419530
502.000000 4.959459
503.000000 5.005800
504.001000 5.406781
505.000000 3.520230
506.001000 5.103299
507.000000 5.595946
508.000000 5.223150
509.000000 5.159700
510.002000 5.334854
511.000000 5.860397
512.000000 5.119200
513.000000 4.124250
514.000000 4.390832
515.001000 4.075526
516.000000 3.356573
517.000000 3.257200
518.000000 2.908076
519.001000 2.725449
520.001000 1.585872
521.000000 2.021301
522.000000 2.093848
523.000000 2.724300
524.001000 3.298803
525.000000 3.292306
526.000000 2.858886
527.000000 2.315250
528.000000 3.082050
529.000000 2.837930
530.000000 3.147970
531.000000 5.948798
532.001000 5.817385
533.000000 5.605405
534.000000 5.792862
535.000000 5.088486
536.000000 5.668302
537.000000 5.791850
538.000000 5.614998
539.000000 4.971702
540.000000 6.126114
541.000000 4.673534
542.000000 3.151598
543.000000 2.452906
544.000000 1.203198
545.000000 2.156952
546.001000 1.925874
547.001000 2.952450
548.000000 4.044595
549.000000 4.760100
550.000000 5.078746
551.001000 4.073532
552.001000 3.557250
553.000000 3.069269
554.001000 3.267433
555.001000 3.532950
556.000000 3.020270
557.000000 3.440432
558.000000 3.019318
559.000000 3.640950
560.000000 4.470218
561.001000 3.984897
562.001000 4.299762
563.000000 4.095934
564.000000 3.738148
565.000000 4.034546
566.001000 3.786270
567.000000 3.474324
568.000000 3.447946
569.000000 3.388454
570.001000 4.372328
571.000000 3.881265
572.001000 3.621642
573.001000 4.047952
574.000000 3.028378
575.000000 2.637900
576.000000 2.393900
577.000000 2.166400
578.000000 2.664900
579.000000 2.531250
580.000000 2.336500
581.000000 1.748250
582.001000 1.304146
583.001000 1.279780
584.000000 1.079097
585.000000 3.097598
586.000000 5.089500
587.000000 5.520150
588.000000 5.852250
589.000000 3.757042
590.000000 5.772976
591.000000 5.239818
592.000000 4.764618
593.000000 5.529600
594.000000 4.910224
595.000000 5.351476
596.000000 5.151250
597.000000 5.780700
598.000000 5.873052
599.000000 5.694024
600.000000 5.373376
601.001000 6.073253
602.000000 5.406829
603.000000 5.639898
604.000000 5.686254
605.000000 5.817150
606.001000 5.439111
