0.000000 0.391649
1.000000 2.256552
2.000000 3.138896
3.000000 3.013376
4.001000 4.420416
5.000000 3.766218
6.001000 4.653151
7.000000 3.745197
8.001000 4.170533
9.000000 4.282835
10.000000 4.393132
11.001000 5.222322
12.001000 5.015908
13.001000 2.094792
14.000000 7.321570
15.001000 5.970362
16.000000 5.856877
17.000000 5.033380
18.000000 4.031868
19.000000 4.101964
20.001000 1.945914
21.001000 4.077700
22.000000 0.604509
23.000000 4.784052
24.000000 3.833712
25.001000 4.235225
26.000000 4.029365
27.000000 4.542552
28.000000 3.736656
29.000000 5.549716
30.001000 4.214613
31.000000 6.984697
32.000000 3.841748
33.001000 2.718893
34.001000 2.220156
35.001000 2.733744
36.000000 5.585558
37.000000 6.161420
38.000000 4.948196
39.000000 6.855280
40.000000 6.015236
41.000000 4.757280
42.000000 5.408228
43.000000 3.706352
44.001000 3.112116
45.000000 3.261377
46.000000 4.685648
47.000000 5.666992
48.000000 5.919768
49.000000 5.804488
50.000000 5.940196
51.000000 5.051500
52.000000 5.948724
53.000000 5.193844
54.001000 5.431752
55.000000 4.713926
56.000000 5.532192
57.000000 5.748812
58.000000 5.635048
59.000000 4.906720
60.000000 5.974336
61.000000 4.573764
62.000000 4.829884
63.001000 4.477622
64.000000 3.512408
65.001000 5.711105
66.001000 3.697564
67.000000 2.733782
68.000000 3.866064
69.001000 5.168456
70.000000 4.688989
71.001000 4.746885
72.000000 5.029093
73.000000 5.063736
74.001000 4.384056
75.000000 3.344336
76.000000 3.771704
77.000000 3.210936
78.000000 3.014880
79.000000 3.575492
80.000000 0.183328
81.000000 5.592852
82.000000 4.145100
83.000000 4.113216
84.001000 1.084935
85.000000 3.085962
86.001000 0.525195
87.000000 1.009313
88.000000 1.245008
89.001000 1.485307
90.001000 1.750300
91.001000 1.912812
92.000000 2.403191
93.001000 2.999696
94.000000 4.707179
95.000000 5.908284
96.000000 5.852368
97.001000 5.398034
98.000000 4.348953
99.000000 4.668124
100.000000 3.377936
101.001000 5.046709
102.001000 4.886500
103.000000 3.570378
104.000000 3.515584
105.001000 4.351736
106.000000 4.070935
107.000000 4.406612
108.001000 4.453487
109.000000 3.869830
110.000000 3.064004
111.000000 2.907636
112.000000 3.465708
113.000000 3.155668
114.001000 2.548567
115.000000 4.394130
116.001000 4.450689
117.001000 3.755352
118.000000 2.797377
119.000000 4.402568
120.000000 3.736656
121.001000 1.688703
122.001000 2.474928
123.000000 2.378903
124.001000 0.604647
125.000000 5.731544
126.001000 3.855960
127.000000 8.191900
128.001000 5.949930
129.000000 6.066907
130.001000 5.571105
131.000000 6.408060
132.000000 6.001296
133.000000 5.843580
134.001000 6.189219
135.000000 5.992332
136.000000 6.058040
137.000000 6.006688
138.001000 6.020887
139.000000 5.186899
140.000000 6.618680
141.000000 6.008036
142.001000 5.356272
143.000000 6.698186
144.001000 4.833139
145.000000 3.884777
146.001000 2.755253
147.001000 2.472232
148.001000 2.718736
149.005000 3.068733
150.000000 4.039936
151.000000 3.448184
152.000000 3.001996
153.000000 2.977732
154.000000 3.791640
155.001000 3.884032
156.001000 4.473528
157.001000 6.406656
158.000000 6.108028
159.000000 5.862452
160.000000 5.900196
161.001000 5.988567
162.000000 5.787411
163.000000 5.367684
164.001000 5.773103
165.001000 3.361912
166.000000 5.513441
167.000000 4.842016
168.000000 5.091396
169.000000 5.250460
170.000000 4.843364
171.001000 5.857942
172.000000 4.737774
173.000000 6.032092
174.000000 4.052088
175.000000 4.207108
176.001000 4.224452
177.000000 4.056541
178.000000 4.666744
179.000000 5.543960
180.000000 5.765396
181.000000 4.255636
182.000000 5.538932
183.000000 5.703388
184.000000 6.084536
185.000000 4.617236
186.000000 5.942684
187.002000 5.486818
188.000000 5.350128
189.001000 5.447213
190.000000 5.477710
191.001000 5.880783
192.000000 5.956028
193.000000 5.873236
194.000000 5.757132
195.001000 6.106785
196.001000 5.171652
197.000000 5.027415
198.000000 3.609944
199.000000 4.842016
200.001000 4.536875
201.001000 4.367520
202.000000 3.654038
203.000000 2.819420
204.001000 3.274362
205.000000 2.838038
206.000000 2.723148
207.001000 2.821475
208.000000 3.141698
209.000000 2.904424
210.000000 2.950640
211.000000 2.493100
212.000000 2.244420
213.001000 1.506905
214.000000 3.119696
215.000000 3.053220
216.000000 2.617816
217.000000 2.655560
218.000000 3.741764
219.000000 3.928356
220.000000 5.270032
221.000000 4.791052
222.000000 5.225236
223.001000 4.621714
224.001000 5.317860
225.001000 4.875716
226.000000 4.204573
227.000000 3.715088
228.001000 3.128276
229.001000 4.081744
230.000000 3.960340
231.001000 4.592088
232.000000 4.160044
233.000000 6.702256
234.000000 5.069232
235.000000 4.080992
236.001000 5.227061
237.000000 5.369710
238.000000 5.142620
239.000000 4.397176
240.000000 5.890760
241.000000 5.452480
242.000000 5.401616
243.000000 5.234284
244.000000 3.990132
245.000000 2.941284
246.000000 1.593336
247.000000 1.830584
248.000000 2.594900
249.000000 4.098672
250.000000 4.512352
251.001000 4.177319
252.001000 4.325732
253.000000 4.438867
254.000000 2.771980
255.000000 1.719400
256.000000 2.280116
257.001000 2.103473
258.001000 2.168284
259.002000 2.287964
260.000000 2.650024
261.000000 3.098404
262.000000 3.190016
263.000000 4.211904
264.000000 4.006152
265.001000 3.400456
266.001000 3.071936
267.000000 3.282318
268.001000 2.960631
269.000000 4.571556
270.000000 3.762268
271.000000 3.524712
272.001000 3.912336
273.000000 3.475924
274.001000 3.503992
275.001000 3.155668
276.000000 3.167572
277.001000 2.434102
278.001000 2.628548
279.000000 2.789105
280.000000 3.076836
281.000000 3.320772
282.001000 2.996304
283.001000 2.859108
284.000000 2.960472
285.000000 2.744528
286.000000 2.158148
287.000000 2.907636
288.000000 2.638036
289.001000 2.441483
290.000000 2.763467
291.001000 3.509379
292.001000 2.941336
293.000000 1.157742
294.001000 4.474929
295.001000 1.300820
296.000000 3.734999
297.000000 4.754396
298.000000 3.417180
299.000000 4.219240
300.000000 4.046696
301.000000 3.813544
302.000000 3.613936
303.000000 2.799796
304.000000 4.569720
305.000000 3.647688
306.000000 3.163108
307.000000 3.140140
308.000000 3.965816
309.001000 4.546302
310.000000 3.864849
311.001000 3.272056
312.000000 3.569029
313.000000 3.783836
314.001000 3.599009
315.000000 3.117594
316.001000 3.800256
317.000000 2.836332
318.001000 3.440052
319.000000 2.723636
320.000000 3.066700
321.001000 3.452819
322.001000 3.609944
323.000000 3.616256
324.001000 5.176743
325.000000 3.562110
326.000000 6.631424
327.001000 6.255205
328.001000 6.002644
329.000000 5.474310
330.000000 3.821580
331.000000 0.368864
332.000000 7.454928
333.000000 4.630380
334.000000 4.921548
335.000000 5.128260
336.002000 4.951022
337.001000 5.406090
338.001000 4.784052
339.001000 5.452868
340.001000 4.576252
341.000000 4.763516
342.000000 5.508964
343.000000 5.428396
344.000000 5.092744
345.000000 5.447968
346.000000 5.064360
347.000000 4.567748
348.000000 4.456048
349.000000 5.132976
350.000000 3.936112
351.000000 4.482796
352.000000 5.396460
353.000000 5.887700
354.000000 4.891788
355.000000 4.252940
356.000000 7.267068
357.000000 5.871888
358.000000 5.576660
359.001000 6.542110
360.001000 6.038988
361.000000 6.018098
362.000000 5.999300
363.000000 5.962852
364.001000 6.049866
365.000000 6.046382
366.000000 5.809880
367.000000 6.170600
368.000000 5.977032
369.002000 6.004659
370.000000 6.018024
371.000000 6.016176
372.000000 5.917668
373.000000 6.010084
374.000000 4.974768
375.000000 4.407960
376.000000 4.467480
377.000000 5.823800
378.000000 5.745176
379.001000 5.361027
380.000000 4.582390
381.000000 5.780224
382.000000 4.571068
383.000000 4.871672
384.001000 4.922717
385.001000 4.471524
386.000000 5.078795
387.001000 5.329251
388.000000 5.838635
389.000000 5.875932
390.000000 6.143200
391.000000 4.737004
392.000000 5.591008
393.000000 6.055580
394.000000 5.620796
395.000000 6.171144
396.000000 5.934028
397.000000 4.804788
398.001000 5.962981
399.000000 5.111335
400.000000 3.917988
401.000000 5.857060
402.001000 4.858725
403.000000 5.423035
404.000000 5.241024
405.000000 6.152272
406.000000 5.561176
407.000000 5.849644
408.000000 5.572632
409.000000 5.702040
410.000000 3.936164
411.000000 4.195212
412.001000 5.446973
413.001000 5.860456
414.000000 5.943183
415.001000 5.089003
416.000000 5.893958
417.001000 4.491089
418.000000 5.732036
419.000000 5.990512
420.001000 5.025710
421.000000 4.471744
422.000000 5.498492
423.000000 4.593984
424.000000 5.565944
425.000000 5.206236
426.000000 4.111088
427.001000 4.502717
428.000000 5.654915
429.000000 4.995092
430.001000 5.048268
431.000000 4.347187
432.001000 4.845259
433.001000 4.443528
434.000000 4.438839
435.001000 4.908551
436.000000 4.120264
437.001000 3.580208
438.000000 3.123588
439.001000 1.704863
440.000000 1.225209
441.000000 2.086704
442.000000 2.658256
443.000000 2.401488
444.001000 2.431357
445.000000 2.102286
446.000000 1.911464
447.000000 2.131188
448.001000 1.754689
449.001000 1.387092
450.000000 1.459996
451.001000 0.719113
452.000000 0.000000
453.001000 0.996523
454.000000 1.715023
455.000000 1.990996
456.000000 1.238812
457.000000 1.408660
458.000000 1.523240
459.000000 1.352044
460.000000 2.020652
461.000000 1.938424
462.001000 1.993047
463.001000 1.467972
464.000000 1.490623
465.000000 1.560744
466.001000 1.302861
467.000000 1.430310
468.001000 1.665163
469.000000 1.714322
470.000000 1.864932
471.000000 1.769924
472.001000 1.705175
473.000000 1.653289
474.001000 1.488052
475.000000 1.473489
476.000000 1.427532
477.000000 0.984040
478.000000 0.000000
479.000000 3.307992
480.000000 1.478756
481.000000 1.614904
482.000000 1.470668
483.000000 1.379004
484.001000 0.051173
485.000000 3.130490
486.000000 1.744312
487.000000 1.640516
488.000000 1.423488
489.001000 1.273934
490.000000 1.384432
491.001000 1.261814
492.000000 1.408721
493.000000 1.357436
494.000000 1.765880
495.000000 0.554028
496.000000 0.000000
497.000000 2.666344
498.000000 1.416748
499.000000 1.318344
500.001000 1.034230
501.001000 0.510892
502.000000 0.000000
503.001000 3.664244
504.000000 1.397926
505.000000 1.130972
506.001000 1.403213
507.001000 1.759140
508.000000 1.455948
509.001000 1.477279
510.000000 1.667796
511.000000 1.538068
512.000000 1.393832
513.000000 1.606816
514.000000 1.784752
515.000000 0.769708
516.000000 1.682304
517.000000 1.411356
518.000000 0.841152
519.001000 0.635620
520.000000 1.875596
521.001000 1.034230
522.000000 2.157610
523.000000 1.989648
524.000000 1.461932
525.000000 1.571068
526.001000 1.282014
527.001000 1.622992
528.000000 1.817574
529.000000 0.893724
530.001000 0.869938
531.000000 0.912160
532.000000 1.214548
533.001000 1.453039
534.001000 1.307560
535.002000 1.286422
536.000000 1.750140
537.000000 1.593336
538.000000 1.674216
539.001000 0.525195
540.000000 2.256553
541.001000 2.345431
542.000000 2.802939
543.000000 3.163416
544.000000 3.092312
545.000000 3.778444
