0.000000 2.514864
1.001000 3.242533
2.001000 3.069396
3.000000 1.428264
4.001000 2.602430
5.001000 2.449316
6.000000 3.202006
7.000000 1.988300
8.000000 2.296992
9.001000 3.141742
10.000000 3.725554
11.000000 2.787664
12.000000 1.911464
13.000000 1.323736
14.000000 2.106924
15.000000 2.101532
16.000000 2.253856
17.001000 3.004384
18.000000 4.079083
19.000000 6.402768
20.001000 6.307956
21.000000 5.377157
22.000000 4.383696
23.000000 2.758008
24.000000 1.738848
25.000000 4.412076
26.000000 3.376740
27.000000 3.136304
28.001000 2.827117
29.000000 3.511007
30.000000 5.230396
31.001000 4.927249
32.000000 3.065197
33.000000 5.951488
34.000000 3.154776
35.000000 2.684516
36.000000 1.989648
37.000000 1.869676
38.001000 1.541634
39.001000 5.474916
40.001000 6.492456
41.000000 7.275628
42.001000 4.869371
43.000000 4.549061
44.000000 7.172096
45.001000 7.518881
46.000000 7.316629
47.000000 5.429248
48.000000 3.768320
49.001000 6.931692
50.000000 7.572885
51.000000 7.520256
52.000000 6.195200
53.000000 2.510848
54.000000 6.905856
55.000000 5.223880
56.001000 4.572587
57.000000 4.326086
58.001000 3.408559
59.000000 7.279728
60.000000 7.001220
61.000000 5.129140
62.001000 2.694190
63.000000 3.825870
64.000000 5.527864
65.001000 5.594765
66.000000 5.355239
67.000000 4.771620
68.000000 1.400832
69.000000 4.206592
70.000000 7.870464
71.000000 8.108032
72.000000 6.453248
73.000000 2.912256
74.000000 6.686720
75.001000 7.612995
76.000000 7.251027
77.001000 7.238585
78.001000 4.489216
79.000000 6.078398
80.001000 7.934210
81.000000 7.484733
82.000000 8.671232
83.000000 3.731456
84.000000 4.304896
85.000000 7.561216
86.001000 7.717339
87.001000 7.636992
88.000000 3.329281
89.000000 5.521408
90.000000 7.649280
91.000000 7.342080
92.000000 7.602176
93.000000 3.158016
94.001000 4.370158
95.000000 7.476533
96.000000 5.940060
97.000000 4.535524
98.000000 2.856852
99.000000 4.484796
100.000000 4.056368
101.001000 5.688939
102.000000 5.348316
103.001000 2.996807
104.001000 6.455296
105.000000 3.789277
106.000000 2.827164
107.000000 2.158148
108.000000 2.793748
109.001000 2.062849
110.000000 2.559896
111.000000 2.509720
112.001000 3.193431
113.000000 2.353862
114.000000 2.253448
115.000000 3.373596
116.001000 3.464344
117.001000 4.322284
118.001000 3.195264
119.001000 3.906752
120.000000 4.069041
121.000000 3.843252
122.000000 2.995204
123.000000 2.891252
124.001000 2.555600
125.001000 3.837456
126.000000 3.560232
127.000000 3.596284
128.000000 2.873964
129.001000 6.514434
130.000000 3.658915
131.000000 2.561228
132.000000 7.064436
133.000000 4.347076
134.000000 5.597184
135.000000 7.616512
136.000000 7.847936
137.000000 7.344128
138.001000 4.720016
139.000000 4.134951
140.000000 6.627328
141.000000 7.593984
142.000000 7.667712
143.000000 4.993024
144.000000 4.268032
145.000000 7.368704
146.000000 7.837696
147.001000 7.878969
148.000000 5.502334
149.001000 4.026438
150.000000 6.668813
151.000000 7.657472
152.000000 7.817216
153.000000 5.261312
154.000000 0.559104
155.001000 0.343720
156.000000 7.074723
157.000000 7.479296
158.000000 5.076992
159.001000 5.031001
160.000000 7.269477
161.001000 7.858509
162.000000 5.174318
163.001000 3.416152
164.001000 3.313664
165.001000 4.575088
166.000000 4.245053
167.000000 4.061524
168.000000 3.547300
169.000000 4.657484
170.000000 4.964320
171.001000 5.274310
172.000000 6.478302
173.001000 5.267972
174.001000 3.741696
175.001000 7.596032
176.000000 7.116869
177.000000 4.240808
178.001000 3.632699
179.000000 3.938210
180.001000 3.062677
181.001000 2.350988
182.000000 3.714735
183.001000 1.954977
184.001000 4.173984
185.000000 6.426214
186.001000 4.911093
187.000000 4.257369
188.001000 5.389279
189.000000 3.171427
190.000000 5.991468
191.000000 4.689432
192.000000 3.948248
193.001000 3.998761
194.000000 3.386683
195.000000 4.954724
196.001000 6.134366
197.000000 5.149922
198.000000 4.252148
199.000000 3.182592
200.011000 4.180281
201.000000 5.490916
202.001000 5.412412
203.000000 6.239303
204.000000 3.182592
205.000000 7.315456
206.000000 7.186432
207.000000 7.034880
208.000000 7.055360
209.000000 4.112384
210.000000 3.862528
211.000000 7.133184
212.001000 7.901475
213.000000 8.089497
214.000000 4.118528
215.000000 3.704832
216.000000 7.669760
217.001000 7.788947
218.000000 7.171075
219.001000 3.212148
220.000000 4.891419
221.001000 7.254953
222.000000 7.662070
223.001000 3.133003
224.000000 2.644208
225.001000 4.565630
226.001000 1.993096
227.000000 2.750571
228.000000 3.254984
229.001000 3.725011
230.000000 5.212184
231.000000 4.488268
232.000000 4.780788
233.001000 5.613439
234.000000 1.512937
235.000000 2.953216
236.000000 7.221248
237.001000 7.484100
238.000000 7.144452
239.001000 3.350062
240.000000 5.344480
241.000000 4.559640
242.000000 4.444748
243.000000 4.782364
244.001000 4.249986
245.001000 1.308908
246.001000 2.063012
247.000000 4.326947
248.001000 3.140991
249.000000 1.970318
250.000000 2.583744
251.001000 2.304124
252.000000 4.288232
253.000000 4.848748
254.001000 4.336048
255.000000 5.143576
256.001000 5.398889
257.000000 5.576881
258.000000 3.790132
259.001000 3.162358
260.001000 5.398528
261.000000 5.040861
262.001000 3.430577
263.000000 3.453682
264.000000 2.883196
265.001000 3.121019
266.000000 4.562202
267.001000 4.885658
268.000000 4.301726
269.001000 3.522793
270.000000 3.983127
271.001000 2.299045
272.000000 4.269550
273.000000 5.583660
274.000000 4.560896
275.000000 4.604896
276.001000 3.047477
277.000000 2.569161
278.001000 3.374765
279.000000 2.812216
280.000000 3.954136
281.001000 3.953099
282.000000 2.932837
283.000000 3.258764
284.001000 3.333842
285.000000 4.615828
286.000000 4.344808
287.000000 4.813576
288.000000 4.313260
289.001000 4.638945
290.000000 4.165702
291.000000 6.648588
292.000000 4.718552
293.000000 3.428860
294.000000 2.968124
295.001000 3.807161
296.001000 3.824328
297.001000 3.092960
298.000000 2.881510
299.000000 2.599496
300.000000 2.636136
301.000000 2.964768
302.001000 5.387497
303.001000 5.561776
304.001000 4.334340
305.000000 3.743944
306.001000 2.298038
307.000000 4.030498
308.001000 4.270094
309.000000 1.852965
310.000000 2.660644
311.000000 2.957664
312.001000 3.059596
313.000000 3.025842
314.000000 2.762496
315.000000 2.944284
316.000000 2.801144
317.000000 2.253856
318.000000 2.310524
319.001000 2.573818
320.000000 1.432697
321.000000 2.902788
322.000000 3.177236
323.001000 3.205035
324.001000 3.011432
325.000000 3.554062
326.001000 3.313954
327.001000 3.469000
328.000000 3.352641
329.000000 2.903084
330.000000 3.940428
331.000000 3.942536
332.001000 3.458438
333.000000 3.204188
334.001000 3.143353
335.000000 2.981694
336.000000 3.350012
337.000000 3.166660
338.000000 3.095760
339.000000 3.310248
340.001000 2.790370
341.000000 3.185473
342.000000 3.378224
343.000000 3.425424
344.000000 3.591148
345.000000 1.912000
346.000000 2.585236
347.000000 1.889168
348.000000 1.942912
349.001000 1.746166
350.000000 1.701686
351.000000 2.051656
352.000000 2.205460
353.000000 2.360060
354.000000 2.627952
355.000000 3.492908
356.001000 3.822885
357.001000 3.789900
358.000000 4.106278
359.001000 4.234657
360.001000 3.373056
361.000000 3.021193
362.000000 2.960652
363.001000 3.162845
364.000000 3.070470
365.001000 2.720887
366.001000 3.027664
367.000000 2.898346
368.000000 3.363704
369.000000 3.219592
370.000000 3.023072
371.001000 3.620376
372.001000 3.729628
373.001000 3.618576
374.000000 3.180416
375.000000 2.511324
376.000000 3.082228
377.000000 3.061308
378.001000 3.116599
379.000000 2.957381
380.000000 2.712824
381.000000 2.030736
382.000000 2.015960
383.000000 2.941984
384.000000 2.912848
385.001000 3.204983
386.000000 2.955307
387.000000 2.086704
388.000000 1.319044
389.001000 2.474450
390.001000 2.170280
391.000000 2.430178
392.001000 1.787009
393.000000 1.928921
394.001000 2.077343
395.001000 1.280444
396.000000 0.925005
397.000000 3.532360
398.000000 4.227376
399.001000 3.677510
400.000000 3.249329
401.001000 6.508180
402.001000 3.835700
403.000000 4.195307
404.000000 4.193368
405.001000 3.461083
406.000000 4.524625
407.000000 1.932332
408.001000 2.581331
409.001000 3.576244
410.001000 3.165308
411.000000 2.644180
412.001000 3.093754
413.000000 3.257329
414.001000 3.060923
415.000000 2.812224
416.000000 3.371188
417.001000 3.483948
418.000000 3.335984
419.000000 4.378224
420.000000 4.102080
421.000000 4.276056
422.000000 3.238332
423.001000 2.903568
424.000000 3.066366
425.001000 2.930777
426.000000 3.092897
427.001000 3.182402
428.000000 3.165522
429.000000 3.181072
430.000000 2.953912
431.000000 3.242872
432.001000 3.485682
433.000000 3.551123
434.001000 3.727588
435.000000 2.477145
436.000000 3.031836
437.001000 3.263924
438.000000 3.096937
439.001000 2.893958
440.001000 3.349624
441.000000 4.877582
442.000000 4.519256
443.001000 4.999093
444.000000 5.462911
445.001000 4.982661
446.000000 3.550687
447.000000 7.550976
448.000000 7.522304
449.000000 7.254272
450.000000 5.607488
451.000000 2.531328
452.000000 6.430720
453.000000 7.421952
454.000000 7.602176
455.001000 6.948060
456.000000 1.123427
457.001000 2.915485
458.000000 6.775415
459.000000 7.933952
460.001000 5.727069
461.000000 2.765518
462.002000 5.669804
463.017000 2.004709
464.000000 1.435764
465.000000 1.855600
466.000000 4.888332
467.000000 4.841428
468.000000 3.223068
469.001000 2.637550
470.000000 1.709522
471.000000 2.088260
472.000000 2.126756
473.001000 2.186446
474.000000 2.196741
475.000000 2.156520
476.001000 2.626254
477.001000 3.074788
478.000000 3.842350
479.000000 3.629568
480.000000 3.671304
481.000000 3.263300
482.000000 3.462572
483.001000 3.453395
484.001000 3.516124
485.000000 3.647263
486.000000 2.547308
487.000000 2.618228
488.001000 2.662593
489.000000 2.927231
490.000000 2.652864
491.001000 2.786821
492.001000 2.950180
493.000000 2.529273
494.000000 2.600552
495.000000 2.861780
496.000000 2.812340
497.000000 2.960208
498.000000 2.961556
499.001000 3.049990
500.001000 2.348396
501.000000 2.968569
502.001000 3.149227
503.001000 3.417336
504.000000 3.557325
505.002000 3.030335
506.000000 2.923543
507.000000 3.765172
508.000000 3.200436
509.001000 3.231453
510.001000 3.415336
511.001000 3.034172
512.000000 3.112997
513.000000 2.803968
514.000000 3.056460
515.001000 3.242254
