0.000000 0.000000
1.000000 3.517036
2.001000 5.334613
3.000000 5.838851
4.000000 6.139416
5.000000 7.520256
6.000000 8.239744
7.000000 7.061864
8.001000 7.795085
9.001000 6.225664
10.000000 6.492885
11.000000 6.296360
12.001000 2.528799
13.000000 6.102999
14.000000 8.328960
15.000000 5.823972
16.000000 5.325652
17.001000 3.624092
18.000000 7.140324
19.000000 7.409812
20.000000 6.089412
21.000000 6.315888
22.001000 3.253067
23.000000 5.906194
24.000000 5.957632
25.001000 8.920360
26.000000 6.736593
27.001000 5.714122
28.001000 4.818224
29.000000 2.747067
30.001000 7.475916
31.000000 8.556909
32.000000 7.753416
33.000000 2.486272
34.000000 7.352320
35.001000 8.011956
36.000000 4.026298
37.000000 7.876608
38.000000 7.966720
39.000000 6.970668
40.000000 6.312492
41.000000 2.619392
42.000000 4.288512
43.001000 8.455928
44.001000 7.786496
45.000000 8.253502
46.000000 6.446520
47.000000 3.809280
48.000000 3.416064
49.000000 6.397952
50.000000 8.484864
51.000000 6.221864
52.000000 5.334080
53.001000 6.452480
54.000000 1.347864
55.000000 1.757184
56.000000 2.404352
57.000000 6.914048
58.000000 8.247296
59.000000 6.586088
60.000000 3.305472
61.000000 7.033808
62.001000 4.091389
63.000000 3.048180
64.000000 2.430444
65.000000 2.321880
66.000000 2.967672
67.001000 1.721023
68.000000 3.104388
69.001000 2.638498
70.000000 2.127984
71.000000 3.180776
72.000000 1.571868
73.001000 6.413219
74.000000 3.270210
75.000000 4.959160
76.000000 4.281344
77.000000 4.330892
78.000000 5.415148
79.000000 4.082512
80.001000 3.010098
81.000000 2.602527
82.000000 2.988488
83.000000 4.399776
84.001000 5.153526
85.000000 4.243604
86.000000 5.107184
87.000000 4.780008
88.000000 6.671804
89.001000 4.313638
90.001000 3.379200
91.000000 7.652837
92.001000 5.896659
93.000000 6.077405
94.001000 6.139141
95.000000 3.517185
96.000000 6.335892
97.000000 4.506556
98.000000 6.069848
99.001000 6.006653
100.000000 3.926963
101.000000 5.907628
102.000000 3.585680
103.000000 2.572504
104.000000 1.788280
105.001000 3.366629
106.000000 1.809477
107.000000 1.321040
108.000000 1.376308
109.001000 2.618821
110.000000 5.465433
111.001000 3.225191
112.000000 2.357417
113.000000 2.182256
114.001000 3.295209
115.000000 3.623944
116.000000 2.617360
117.000000 4.715936
118.000000 4.319224
119.001000 2.077886
120.001000 1.734656
121.000000 3.448184
122.000000 5.940260
123.000000 3.114244
124.000000 4.077336
125.000000 3.448436
126.000000 1.769472
127.000000 3.981312
128.000000 6.025216
129.001000 4.648523
130.000000 3.094130
131.001000 4.486777
132.000000 3.754090
133.001000 3.573606
134.000000 3.535708
135.000000 4.385044
136.001000 4.089786
137.000000 3.527199
138.001000 3.082490
139.001000 3.491320
140.001000 3.590588
141.000000 3.487203
142.001000 3.867588
143.000000 4.681181
144.000000 5.910184
145.000000 3.751472
146.000000 3.805184
147.000000 7.495680
148.000000 8.196096
149.000000 8.278016
150.000000 4.195360
151.001000 3.879640
152.000000 5.256328
153.001000 8.144016
154.001000 5.502840
155.000000 5.055459
156.000000 4.378624
157.000000 5.601280
158.000000 8.153088
159.001000 7.876380
160.000000 6.568901
161.001000 2.504248
162.000000 5.559736
163.000000 7.899136
164.000000 8.187904
165.000000 7.677952
166.000000 3.395584
167.001000 5.411548
168.000000 8.019796
169.001000 7.698925
170.000000 7.710238
171.000000 5.083136
172.000000 3.584000
173.000000 8.140800
174.001000 7.750074
175.000000 7.443732
176.000000 4.227072
177.000000 3.727360
178.000000 8.179712
179.001000 7.899429
180.000000 8.140749
181.001000 5.524076
182.000000 4.054999
183.000000 7.378944
184.000000 8.120320
185.001000 5.637618
186.000000 4.367956
187.000000 3.112960
188.000000 4.845568
189.001000 7.621179
190.000000 8.321153
191.000000 3.846144
192.000000 3.592192
193.001000 6.293355
194.000000 7.638486
195.000000 7.729152
196.000000 5.193728
197.000000 3.092480
198.000000 7.464960
199.000000 7.651328
200.000000 7.647232
201.000000 5.474304
202.000000 3.416064
203.000000 7.104512
204.000000 7.292928
205.000000 7.180288
206.001000 4.771165
207.001000 3.504128
208.001000 7.448576
209.000000 7.716388
210.000000 7.817216
211.001000 4.726154
212.000000 3.032024
213.000000 7.124992
214.000000 7.325696
215.001000 7.480008
216.002000 6.107173
217.000000 3.283367
218.000000 6.660096
219.000000 7.446528
220.001000 7.259045
221.000000 5.492084
222.000000 2.723840
223.001000 7.207896
224.001000 7.280640
225.000000 7.761489
226.000000 4.812800
227.000000 3.653632
228.000000 7.667712
229.000000 4.678632
230.000000 3.930892
231.001000 2.673223
232.000000 2.873926
233.000000 3.145556
234.001000 3.669894
235.000000 2.560076
236.000000 3.196652
237.001000 5.811181
238.001000 4.734704
239.000000 6.010158
240.000000 3.113168
241.000000 5.649832
242.000000 3.428352
243.001000 6.197195
244.000000 7.753289
245.001000 5.594529
246.000000 3.404597
247.001000 4.075540
248.001000 3.127952
249.000000 3.377425
250.001000 3.336356
251.000000 2.890955
252.000000 2.999300
253.000000 2.510920
254.005000 2.992828
255.000000 2.453652
256.000000 2.329504
257.000000 2.992244
258.000000 3.016824
259.000000 3.018380
260.000000 2.853508
261.000000 2.601640
262.000000 1.731404
263.001000 3.446577
264.000000 2.456749
265.000000 3.133068
266.000000 1.524920
267.000000 1.842500
268.000000 4.494448
269.000000 3.492668
270.001000 2.840092
271.001000 2.605684
272.000000 2.412040
273.000000 2.965368
274.000000 3.098532
275.001000 2.125019
276.000000 2.559768
277.011000 2.808847
278.001000 3.111038
279.001000 2.855756
280.000000 3.632969
281.001000 2.286418
282.000000 3.039764
283.001000 2.681187
284.001000 2.927520
285.000000 2.784464
286.000000 3.295156
287.000000 2.883656
288.000000 2.624556
289.001000 2.134446
290.000000 2.708144
291.001000 2.694653
292.000000 2.980713
293.000000 2.345520
294.000000 2.372480
295.001000 1.931257
296.001000 2.691800
297.001000 3.201500
298.000000 3.535383
299.000000 3.519540
300.001000 3.008424
301.000000 1.372288
302.001000 2.874565
303.000000 3.259696
304.001000 4.517858
305.001000 3.380472
306.000000 2.309698
307.001000 1.397183
308.000000 2.485990
309.001000 2.421127
310.000000 2.621710
311.000000 2.592280
312.000000 2.543916
313.000000 2.558264
314.001000 2.752559
315.001000 2.691956
316.000000 2.860621
317.001000 2.016719
318.000000 1.963872
319.000000 2.213416
320.000000 2.464144
321.001000 1.723069
322.000000 1.901882
323.000000 1.334520
324.000000 1.875068
325.000000 1.767228
326.001000 4.885634
327.001000 5.460708
328.000000 6.453558
329.000000 5.460552
330.000000 7.913472
331.000000 7.851888
332.000000 6.152192
333.000000 4.075520
334.000000 5.537792
335.001000 5.624468
336.000000 3.417902
337.001000 3.157371
338.000000 4.008837
339.000000 3.742868
340.000000 4.371912
341.000000 4.607556
342.000000 4.031868
343.000000 2.793056
344.000000 2.373388
345.001000 2.117379
346.001000 4.860612
347.000000 5.674246
348.001000 4.537926
349.001000 7.720960
350.000000 7.757642
351.000000 6.598860
352.000000 6.368672
353.000000 2.973696
354.001000 5.339940
355.000000 7.099323
356.000000 7.129088
357.001000 7.856464
358.000000 3.079175
359.000000 4.976640
360.001000 7.598673
361.000000 7.843491
362.000000 8.073216
363.000000 4.032512
364.001000 4.253538
365.000000 8.269902
366.001000 7.653914
367.000000 7.718438
368.001000 4.767073
369.000000 4.909870
370.000000 7.096320
371.000000 7.563264
372.000000 7.809024
373.001000 4.271952
374.001000 2.961408
375.000000 7.285878
376.000000 7.540736
377.000000 7.225344
378.000000 4.399104
379.001000 0.458294
380.001000 5.120000
381.000000 6.523259
382.000000 5.545984
383.000000 3.084288
384.000000 3.223552
385.001000 6.657534
386.000000 8.089497
387.000000 7.444480
388.001000 4.834589
389.000000 3.599888
390.000000 7.733248
391.001000 8.282022
392.001000 7.516160
393.000000 6.232152
394.000000 4.141056
395.000000 6.299648
396.000000 7.528448
397.000000 7.573504
398.000000 4.931584
399.001000 2.825463
400.000000 7.605686
401.000000 7.995392
402.000000 4.783904
403.000000 3.247332
404.000000 3.365956
405.000000 3.776268
406.000000 2.744164
407.001000 2.628124
408.000000 1.665485
409.001000 1.357427
410.000000 3.805790
411.000000 4.510396
412.000000 5.141620
413.001000 4.114881
414.000000 4.904212
415.000000 4.740420
416.001000 4.777926
417.000000 4.789778
418.000000 3.784380
419.000000 5.138432
420.001000 4.945055
421.001000 4.316864
422.000000 4.948140
423.000000 4.133916
424.000000 4.896768
425.000000 4.061664
426.000000 3.899508
427.000000 4.520552
428.000000 4.281368
429.000000 3.574324
430.000000 3.497024
431.000000 3.668428
432.000000 3.981220
433.000000 3.284404
434.000000 4.220788
435.000000 4.098080
436.000000 4.216892
437.000000 7.205000
438.000000 6.234464
439.000000 4.208640
440.000000 7.901184
441.000000 8.085504
