0.000000 0.000000
0.999000 0.723251
1.999000 1.570420
3.000000 3.912759
3.999000 5.688537
4.999000 5.243308
5.999000 3.092480
6.999000 5.586360
7.999000 6.627700
8.999000 6.101048
10.000000 5.175612
10.999000 4.287279
11.999000 1.138688
12.999000 4.755456
13.999000 3.848380
14.999000 0.741400
15.999000 0.000000
16.999000 0.845540
17.999000 1.892248
19.000000 1.983596
19.999000 3.601830
20.999000 4.127328
22.000000 4.945071
22.999000 6.394018
24.000000 7.553662
24.999000 5.792717
26.000000 1.712296
26.999000 2.330975
28.000000 2.053646
28.999000 0.943195
29.999000 2.212744
30.999000 1.952576
32.000000 2.502693
33.000000 3.934200
33.999000 2.077998
34.999000 2.377872
35.999000 2.158148
36.999000 3.043136
38.000000 3.703868
38.999000 2.831011
40.000000 4.336424
40.999000 3.460693
41.999000 3.205916
42.999000 3.336064
44.000000 2.964036
44.999000 3.343636
45.999000 2.950772
46.999000 3.115128
47.999000 1.814508
48.999000 1.316996
49.999000 0.725788
51.000000 4.901954
51.999000 4.308745
52.999000 5.045432
53.999000 5.971448
54.999000 4.976816
56.000000 3.978014
57.000000 0.913552
57.999000 2.783968
58.999000 6.233284
59.999000 2.701392
60.999000 2.764748
61.999000 3.099052
62.999000 5.133540
64.000000 5.906426
64.999000 5.309033
65.999000 6.414936
66.999000 3.916852
67.999000 5.050368
68.999000 8.239104
70.000000 7.795085
70.999000 7.921393
71.999000 4.448256
73.000000 4.042805
73.999000 7.720488
75.000000 7.889199
75.999000 7.069938
76.999000 3.564060
77.999000 1.955948
78.999000 5.189396
80.000000 6.824320
80.999000 5.618090
81.999000 4.428084
83.000000 4.169654
83.999000 8.023896
85.000000 7.315381
85.999000 6.981714
86.999000 2.607916
87.999000 1.966080
88.999000 4.034560
89.999000 7.448576
90.999000 8.067324
91.999000 4.649936
93.000000 3.318869
93.999000 4.787684
94.999000 2.569044
95.999000 1.411464
96.999000 2.467516
98.000000 2.527225
99.000000 3.461324
99.999000 2.200621
100.999000 2.811736
101.999000 2.432152
102.999000 2.111668
103.999000 2.128440
104.999000 1.844064
105.999000 2.270836
107.000000 1.796599
107.999000 0.872813
109.000000 1.484607
109.999000 1.547704
111.000000 1.078669
111.999000 0.936448
112.999000 0.988084
113.999000 1.504368
114.999000 0.749488
115.999000 1.176804
117.000000 0.866002
117.999000 0.845237
118.999000 0.799364
120.000000 1.346705
120.999000 1.341201
121.999000 0.936860
122.999000 0.601208
124.000000 0.627540
125.000000 0.386228
125.999000 0.322494
126.999000 0.461016
127.999000 0.688828
128.999000 0.939556
130.000000 1.395133
130.999000 0.340036
131.999000 0.000000
132.999000 0.000000
133.999000 0.000000
134.999000 2.961556
135.999000 3.145584
136.999000 3.615144
137.999000 6.471940
138.999000 4.815704
140.000000 4.313383
140.999000 3.261365
141.999000 2.639368
142.999000 5.236736
143.999000 4.192500
144.999000 2.445696
145.999000 4.998532
147.000000 3.114581
147.999000 3.044436
148.999000 2.807884
149.999000 0.444840
150.999000 0.000000
152.000000 0.000000
152.999000 0.000000
154.000000 0.000000
162.999000 0.000000
163.999000 0.613335
164.999000 0.877444
165.999000 2.023348
166.999000 3.121128
168.000000 4.928244
168.999000 6.290791
169.999000 6.065876
170.999000 6.727340
171.999000 7.219936
172.999000 1.925120
173.999000 2.891776
174.999000 2.207744
176.000000 5.352216
177.000000 7.778304
177.999000 5.379331
179.000000 5.225367
180.000000 7.872512
181.000000 7.286784
181.999000 7.917293
182.999000 5.197824
183.999000 3.977216
185.000000 7.344975
185.999000 7.643664
186.999000 6.261008
187.999000 4.702208
188.999000 4.169728
189.999000 7.366656
190.999000 8.067072
192.000000 5.390226
193.000000 4.116480
193.999000 3.739291
194.999000 7.825408
195.999000 4.439768
196.999000 2.999268
197.999000 3.721100
198.999000 2.601052
199.999000 2.892808
201.000000 1.224108
201.999000 2.481453
203.000000 0.488835
203.999000 0.755636
204.999000 0.393616
205.999000 0.000000
206.999000 0.000000
208.000000 0.000000
209.000000 2.844280
210.000000 2.125796
211.001000 1.511389
211.999000 1.677126
212.999000 1.958644
213.999000 1.662084
214.999000 1.079748
216.004000 0.455578
216.999000 2.966066
217.999000 1.818452
218.999000 2.187804
219.999000 1.612208
220.999000 2.839308
221.999000 5.023264
222.999000 4.710224
224.000000 5.347704
224.999000 5.520785
225.999000 7.682048
226.999000 7.557120
228.000000 7.860555
228.999000 6.088649
229.999000 3.608576
230.999000 4.716544
232.000000 5.367245
232.999000 5.765550
233.999000 3.394780
235.000000 4.675005
236.000000 4.956176
236.999000 3.083347
237.999000 5.146020
238.999000 4.830988
239.999000 4.409344
241.000000 6.237522
242.000000 6.834872
242.999000 5.071219
244.000000 3.298022
244.999000 3.202863
246.000000 2.075684
246.999000 3.238438
247.999000 1.385044
249.000000 3.133966
250.000000 5.182756
250.999000 2.780569
251.999000 2.189592
252.999000 2.573332
253.999000 1.986952
254.999000 1.607620
256.000000 3.658054
256.999000 3.255980
257.999000 2.632644
258.999000 2.462368
259.999000 2.771792
260.999000 2.516740
262.000000 1.998533
262.999000 1.571992
263.999000 2.619320
264.999000 1.870868
266.000000 1.124456
266.999000 1.720420
267.999000 0.002696
268.999000 0.000000
270.000000 2.999081
270.999000 2.573125
271.999000 0.345088
272.999000 0.962472
273.999000 1.246900
275.000000 1.929754
275.999000 1.199572
277.000000 2.127712
277.999000 2.507091
278.999000 1.476060
279.999000 1.666128
281.000000 1.653690
281.999000 0.631495
282.999000 2.670388
283.999000 3.094888
285.000000 2.124803
285.999000 2.883896
286.999000 2.886184
288.000000 3.448663
288.999000 2.466306
290.000000 3.982358
291.000000 1.775316
291.999000 0.460128
293.023000 0.209309
293.999000 0.644996
295.000000 0.810685
295.999000 0.908112
297.000000 1.210641
297.999000 0.132236
298.999000 0.000000
299.999000 2.086860
301.000000 4.134070
302.000000 3.724524
302.999000 2.432877
303.999000 2.801844
304.999000 2.731696
306.000000 2.586921
306.999000 3.046503
308.000000 3.696891
309.000000 2.536576
310.000000 2.557516
310.999000 2.254763
312.000000 2.026713
312.999000 2.800561
313.999000 3.355472
314.999000 2.480708
315.999000 3.498812
316.999000 2.869140
318.000000 3.630577
318.999000 2.534779
319.999000 2.468836
320.999000 0.963692
321.999000 1.398004
322.999000 3.655776
323.999000 1.717520
324.999000 1.908840
325.999000 1.891704
326.999000 1.622292
327.999000 1.126928
328.999000 1.245552
329.999000 0.963820
331.000000 0.521155
332.000000 3.093040
332.999000 1.132961
333.999000 2.621624
334.999000 2.227852
335.999000 2.866240
336.999000 2.148712
338.000000 2.416456
338.999000 2.474146
339.999000 2.887416
340.999000 2.694652
341.999000 1.924944
342.999000 1.552896
344.000000 1.859728
344.999000 2.926739
346.000000 2.137139
346.999000 4.941125
347.999000 5.164880
348.999000 4.309496
350.000000 2.916979
350.999000 4.857089
351.999000 3.282380
352.999000 3.403700
353.999000 4.027024
354.999000 3.552824
355.999000 5.888860
356.999000 5.265784
358.000000 6.032919
358.999000 6.166202
359.999000 5.629952
361.000000 3.858669
361.999000 7.499083
363.000000 4.415213
364.000000 2.178792
364.999000 2.918647
365.999000 4.944960
366.999000 5.566184
367.999000 4.423228
368.999000 5.566524
370.000000 4.774517
370.999000 4.428108
371.999000 3.403880
373.000000 4.086022
373.999000 4.026150
374.999000 3.370404
375.999000 3.652804
376.999000 2.341008
377.999000 2.735092
378.999000 2.412220
379.999000 1.950556
380.999000 1.098620
381.999000 0.363960
383.000000 0.323197
383.999000 0.000000
384.999000 2.698788
386.000000 1.009898
386.999000 0.464176
387.999000 0.000000
388.999000 0.953120
390.000000 1.797698
390.999000 0.487335
392.000000 2.468196
392.999000 1.581437
394.000000 1.506905
395.000000 0.441964
396.000000 2.298520
397.000000 1.600076
397.999000 2.153562
398.999000 2.530844
399.999000 2.669040
400.999000 3.433356
401.999000 3.165104
402.999000 3.361912
403.999000 2.323952
404.999000 3.669256
405.999000 3.182592
406.999000 3.775188
408.000000 2.343772
408.999000 3.711880
410.000000 2.516428
410.999000 2.335023
411.999000 1.660788
412.999000 2.380516
413.999000 0.886984
415.000000 2.256991
415.999000 0.810310
417.000000 1.561419
417.999000 1.257594
418.999000 1.381700
419.999000 4.162712
420.999000 3.305908
421.999000 4.556216
422.999000 2.438556
423.999000 3.523672
424.999000 1.877516
425.999000 3.335920
426.999000 3.863996
427.999000 3.668168
428.999000 3.210172
429.999000 2.804344
430.999000 2.580052
432.000000 2.817866
432.999000 3.383520
433.999000 2.910980
434.999000 3.468404
435.999000 2.844980
437.000000 3.077750
437.999000 1.768997
438.999000 1.512456
439.999000 1.209156
441.000000 2.442829
441.999000 2.880861
442.999000 2.199936
443.999000 2.001780
444.999000 2.460100
445.999000 0.897432
446.999000 1.847096
447.999000 1.326432
448.999000 1.147148
449.999000 0.881592
450.999000 2.014664
451.999000 2.809828
452.999000 1.947860
453.999000 3.216328
455.000000 1.113682
455.999000 0.646338
456.999000 1.326432
457.999000 1.941120
458.999000 1.494932
459.999000 0.928772
461.000000 3.133662
461.999000 2.472008
462.999000 2.213648
463.999000 5.217876
464.999000 3.655532
465.999000 2.131448
466.999000 3.706984
467.999000 2.387756
468.999000 3.799564
469.999000 1.042004
470.999000 1.814408
472.000000 1.440919
473.000000 1.999084
473.999000 3.320308
474.999000 3.968952
476.000000 2.329622
476.999000 3.627139
478.000000 5.544208
479.000000 3.846664
479.999000 4.063435
480.999000 2.392620
481.999000 2.522136
483.000000 3.397039
484.000000 4.215764
485.000000 2.284860
485.999000 3.029289
487.000000 2.673135
487.999000 3.142607
488.999000 2.925160
489.999000 2.393400
490.999000 1.843888
491.999000 3.341168
492.999000 2.507928
494.000000 1.736743
494.999000 2.951467
495.999000 1.658040
496.999000 2.422052
498.000000 2.623584
498.999000 2.962170
499.999000 3.215156
500.999000 2.710552
501.999000 2.281916
503.000000 1.621371
