0.000000 2.028682
1.000000 3.192064
2.001000 3.500264
3.000000 3.857477
4.000000 2.666344
5.000000 2.314516
6.000000 1.528684
7.000000 1.211800
8.000000 1.926292
9.000000 3.444140
10.000000 2.708832
11.000000 2.995904
12.001000 2.198438
13.010000 1.062101
14.000000 2.211919
15.003000 1.968965
16.003000 2.238976
17.007000 1.876430
18.000000 2.064733
19.003000 1.754473
20.000000 1.942905
21.001000 0.490182
22.001000 3.581952
23.000000 0.222326
24.000000 4.031868
25.000000 2.847676
26.000000 2.720264
27.000000 3.301344
28.001000 3.815624
29.001000 2.910384
30.000000 1.293974
31.000000 1.907420
32.001000 3.858162
33.001000 3.362612
34.000000 3.546739
35.001000 2.406470
36.000000 2.370807
37.000000 2.991368
38.001000 2.408088
39.000000 5.186470
40.000000 3.819352
41.001000 3.720783
42.000000 4.292853
43.001000 4.136244
44.001000 4.094880
45.000000 3.909714
46.001000 4.194877
47.000000 4.366366
48.000000 4.152040
49.000000 1.962644
50.001000 5.252148
51.000000 6.301830
52.000000 3.576044
53.000000 3.387392
54.000000 6.031984
55.000000 3.860620
56.000000 4.004908
57.001000 3.051516
58.000000 3.497514
59.000000 3.560068
60.000000 3.183356
61.001000 3.219121
62.001000 2.374528
63.001000 3.208888
64.001000 3.019520
65.000000 3.126442
66.000000 3.574896
67.000000 3.155824
68.000000 3.047672
69.000000 3.336352
70.001000 3.140344
71.000000 3.159996
72.000000 3.223248
73.001000 0.290981
74.001000 4.159124
75.000000 2.929437
76.000000 2.577376
77.001000 2.044919
78.000000 1.999035
79.000000 1.840176
80.000000 1.369412
81.000000 1.097272
82.000000 0.161092
83.005000 2.934770
84.001000 1.649863
85.000000 1.700777
86.000000 1.738920
87.001000 1.615984
88.000000 1.479588
89.001000 2.022026
90.001000 2.192496
91.000000 2.301109
92.002000 2.966691
93.000000 1.799146
94.001000 4.419213
95.000000 3.906755
96.000000 4.254288
97.001000 4.564068
98.000000 3.701109
99.001000 4.775257
100.001000 4.202084
101.000000 3.397866
102.001000 3.346310
103.000000 2.488228
104.000000 2.579468
105.001000 2.263724
106.001000 2.352260
107.001000 2.997952
108.001000 2.945796
109.000000 2.997241
110.001000 3.858809
111.000000 3.491415
112.000000 3.817124
113.000000 2.753140
114.000000 3.178604
115.000000 3.486444
116.000000 3.507420
117.000000 3.360984
118.000000 3.338808
119.001000 3.361091
120.000000 3.290703
121.000000 3.377100
122.001000 3.512072
123.001000 3.472244
124.000000 3.404769
125.000000 0.933596
126.000000 3.265476
127.000000 4.037052
128.002000 0.091976
129.000000 3.131780
130.000000 2.084760
131.000000 1.948456
132.000000 2.211576
133.000000 2.652708
134.000000 2.737088
135.000000 1.834940
136.001000 1.888759
137.000000 2.277986
138.000000 2.228452
139.000000 1.694928
140.000000 1.515828
141.000000 1.757764
142.000000 1.270776
143.000000 1.639556
144.030000 1.658171
145.001000 2.237207
146.000000 3.176084
147.000000 3.461948
148.000000 2.951608
149.000000 3.159680
150.000000 3.366500
151.000000 3.336664
152.001000 2.394090
153.000000 1.892180
154.032000 2.171054
155.032000 1.257736
156.038000 2.389097
157.039000 0.106386
158.000000 3.526402
159.000000 4.111400
160.001000 3.840088
161.000000 4.780797
162.001000 5.327041
163.000000 5.361261
164.001000 1.404012
165.000000 2.880320
166.000000 7.110656
167.000000 7.616512
168.001000 5.566781
169.001000 4.732928
170.000000 5.932845
171.000000 6.499608
172.001000 5.616116
173.001000 5.733312
174.001000 5.382144
175.000000 4.731516
176.000000 6.854656
177.001000 6.917331
178.000000 5.731940
179.000000 5.777408
180.000000 3.399680
181.000000 6.266880
182.000000 7.446528
183.000000 5.769216
184.000000 6.238208
185.000000 4.777984
186.001000 6.508180
187.000000 4.353666
188.001000 6.948060
189.000000 5.180476
190.000000 6.637568
191.000000 3.223552
192.001000 7.373618
193.000000 7.359680
194.000000 6.385664
195.000000 5.496832
196.000000 3.557376
197.000000 7.313408
198.001000 7.108535
199.000000 5.338202
200.000000 5.010516
201.000000 2.842472
202.001000 3.788595
203.000000 4.010266
204.000000 3.640048
205.000000 3.657740
206.001000 3.723740
207.000000 5.287107
208.001000 4.488080
209.001000 2.570636
210.000000 4.670098
211.000000 4.463048
212.001000 5.693890
213.000000 4.585029
214.000000 3.314732
215.000000 4.069612
216.000000 3.822928
217.002000 3.415250
218.000000 2.445263
219.001000 2.157339
220.000000 3.688192
221.000000 3.222648
222.000000 3.584332
223.000000 4.083668
224.001000 2.203896
225.001000 1.404616
226.005000 1.928016
227.000000 2.274589
228.001000 3.580392
229.001000 3.514672
230.000000 3.666182
231.000000 4.337268
232.000000 3.942344
233.026000 3.088448
234.000000 3.953639
235.013000 1.790381
236.021000 2.764202
237.027000 2.043439
238.000000 3.313003
239.000000 1.408140
240.000000 4.878744
241.001000 3.313223
242.001000 3.706568
243.001000 2.867524
244.000000 2.631231
245.000000 2.322656
246.001000 2.893622
247.000000 3.368260
248.001000 3.125582
249.000000 2.061806
250.000000 2.779576
251.000000 2.514020
252.001000 2.317590
253.001000 2.040872
254.000000 2.861970
255.000000 2.337432
256.002000 2.273030
257.000000 2.325727
258.003000 1.882975
259.010000 1.696687
260.001000 2.417150
261.010000 2.168289
262.010000 1.951256
263.016000 2.421308
264.026000 2.213497
265.047000 1.361203
266.000000 3.059853
267.001000 1.002454
268.001000 1.015808
269.000000 6.332220
270.004000 1.730701
271.015000 1.334615
272.027000 1.237545
273.035000 1.280389
274.043000 1.243742
275.000000 2.269827
276.001000 1.906861
277.000000 2.036168
278.000000 2.112316
279.000000 2.670492
280.001000 2.853455
281.000000 2.473357
282.000000 2.694680
283.001000 2.403748
284.000000 1.584136
285.001000 1.787009
286.019000 2.202165
287.032000 2.349939
288.083000 2.548331
289.093000 2.477347
290.074000 2.680991
291.088000 3.097321
292.097000 2.757360
293.153000 2.502061
294.160000 0.000000
295.001000 4.241151
296.011000 0.000000
297.000000 3.848651
298.000000 1.533544
299.009000 1.554648
300.000000 1.584682
301.001000 2.313550
302.000000 2.596849
303.001000 2.233399
304.000000 2.966026
305.000000 2.842128
306.001000 1.616631
307.006000 1.446663
308.000000 1.584567
309.000000 1.476060
310.000000 1.565028
311.000000 1.503772
312.000000 1.711208
313.000000 1.568424
314.011000 1.414718
315.021000 1.291200
316.030000 1.225142
317.034000 1.724633
318.037000 1.547501
319.057000 1.531698
320.068000 0.927359
321.085000 0.647465
322.088000 0.840678
323.001000 4.274064
324.000000 6.785666
325.001000 7.097415
326.000000 6.424857
327.000000 5.877760
328.000000 5.042176
329.001000 5.200815
330.001000 6.844416
331.000000 6.597061
332.001000 6.346549
333.000000 6.096849
334.000000 5.769216
335.000000 4.993024
336.000000 7.479296
337.000000 7.006208
338.000000 6.080512
339.000000 5.339136
340.000000 4.974592
341.000000 7.344128
342.000000 6.510592
343.000000 6.629376
344.000000 6.193152
345.001000 5.425870
346.000000 5.112825
347.001000 7.340883
348.000000 5.975896
349.000000 5.838848
350.000000 5.607424
351.000000 5.328896
352.000000 5.502976
353.001000 6.720959
354.001000 5.863424
355.000000 6.367455
356.001000 4.228987
357.000000 6.178851
358.000000 5.869568
359.001000 5.425870
360.000000 4.944721
361.000000 5.017600
362.000000 5.308416
363.000000 4.628480
364.000000 4.030464
365.000000 3.821568
366.000000 4.321280
367.000000 4.777984
368.001000 7.027852
369.000000 7.160825
370.000000 5.595136
371.000000 6.670336
372.000000 3.956736
373.001000 6.911233
374.000000 7.078823
375.000000 2.924544
376.000000 3.690496
377.000000 4.911104
378.001000 3.275572
379.000000 7.066523
380.000000 7.090176
381.000000 5.957632
382.001000 5.869842
383.000000 5.157926
384.000000 5.812224
385.000000 6.703104
386.001000 6.688224
387.001000 5.504872
388.000000 3.853634
389.000000 3.809452
390.000000 3.580988
391.000000 2.257200
392.007000 1.621080
393.000000 0.533498
394.000000 0.694220
395.000000 0.202616
396.000000 1.622576
397.000000 3.601856
398.000000 1.856196
399.000000 1.920900
400.001000 0.655820
401.001000 0.820932
402.001000 2.752616
403.000000 1.569293
404.000000 1.658040
405.000000 2.795752
406.000000 6.300968
407.000000 2.369368
408.000000 2.694196
409.000000 4.438072
410.000000 2.677128
411.000000 1.953252
412.001000 1.668503
413.000000 1.414118
414.000000 0.933672
415.000000 2.733044
416.000000 2.360840
417.000000 2.170748
418.001000 1.626989
419.000000 2.091491
420.000000 2.131836
421.000000 2.237032
422.001000 2.059033
423.000000 2.433526
424.000000 2.256760
425.001000 1.928847
426.001000 1.493584
427.000000 1.520717
428.000000 2.338576
429.001000 2.834937
430.000000 3.578446
431.000000 3.373112
432.000000 4.265124
433.001000 3.210122
434.000000 4.262054
435.000000 3.834732
436.000000 4.845260
437.000000 3.600272
438.000000 3.870564
439.000000 5.840896
440.001000 4.222849
441.001000 6.860800
442.000000 5.710859
443.001000 5.325914
444.000000 5.598687
445.000000 3.448832
446.000000 6.705152
447.000000 7.131136
448.000000 5.789696
449.000000 5.341184
450.000000 4.333568
451.001000 6.416112
452.000000 7.244877
453.000000 6.096896
454.000000 5.484544
455.000000 4.845568
456.000000 4.986880
457.001000 7.220172
458.000000 6.547860
459.000000 5.867520
460.001000 5.730717
461.000000 3.739291
462.001000 6.858038
463.000000 7.218226
464.000000 5.548032
465.001000 5.567041
466.000000 5.492084
467.001000 4.959393
468.001000 5.027952
469.000000 2.771564
470.000000 2.805448
471.000000 4.160144
472.001000 4.231033
473.000000 6.592961
474.001000 6.939876
475.000000 5.399832
476.000000 5.124096
477.001000 4.394709
478.001000 7.124992
479.000000 6.875868
480.000000 5.877760
481.000000 5.275648
482.001000 4.988036
483.000000 5.551536
484.000000 7.747584
485.001000 5.556927
486.001000 4.862884
487.001000 4.165160
488.001000 2.676972
489.000000 1.652953
490.000000 1.084544
491.000000 4.412836
492.000000 4.042996
493.000000 5.208092
494.000000 3.913012
495.001000 4.228076
496.001000 5.476224
497.000000 5.236801
498.000000 3.379036
499.000000 5.850796
500.001000 4.051409
501.001000 4.376480
502.000000 4.847732
503.000000 5.166144
504.001000 3.556779
505.001000 2.008080
506.006000 1.335025
507.000000 1.893167
508.000000 3.182284
509.000000 4.060572
510.000000 4.893188
511.000000 5.081960
512.000000 4.172060
513.000000 5.102440
514.000000 3.658504
515.000000 5.365528
516.000000 4.255276
517.000000 4.874108
518.000000 4.291068
519.000000 4.420456
520.000000 4.763648
521.000000 5.532696
522.001000 4.972400
523.001000 4.533724
524.001000 4.996964
525.000000 3.560937
526.000000 6.151688
527.000000 3.661712
528.000000 4.456540
529.001000 3.797954
530.001000 3.667632
531.000000 4.104200
532.000000 3.807312
533.000000 4.427976
534.000000 3.382908
535.000000 4.075748
536.000000 3.608576
537.001000 5.699277
538.000000 4.427988
539.000000 4.986440
540.000000 4.761828
541.001000 3.390338
542.001000 6.203392
543.000000 5.193514
544.000000 4.283576
545.001000 3.688020
546.000000 3.713642
547.001000 2.619888
548.001000 5.818280
549.000000 4.947075
550.001000 4.263481
551.000000 3.807876
552.000000 4.411368
553.000000 1.097908
554.000000 4.755608
555.000000 6.749584
556.000000 4.289544
557.000000 4.552956
558.000000 4.086116
559.000000 3.219456
560.001000 4.558541
561.000000 4.486034
562.000000 4.410268
563.000000 4.505148
564.001000 2.983001
565.000000 6.588965
