0.000000 0.571840
0.998000 1.470108
1.998000 1.430228
2.999000 1.512292
3.998000 1.481586
4.998000 1.610860
5.998000 0.850588
6.998000 0.000000
7.998000 0.957200
8.998000 1.196904
9.998000 1.649952
10.998000 1.540380
11.998000 2.124832
12.999000 1.376384
13.998000 1.781686
14.998000 2.131188
15.999000 1.770953
16.999000 1.977412
17.998000 1.911379
18.998000 1.534880
19.999000 1.318374
20.999000 2.453388
21.998000 2.657982
22.998000 2.935428
23.998000 3.373112
24.999000 3.440799
25.998000 2.667664
26.999000 1.852995
27.998000 1.883692
28.999000 1.777582
29.999000 1.983200
30.998000 2.099295
31.998000 2.368540
32.999000 1.758625
33.998000 0.425361
34.998000 2.035812
35.999000 1.228148
36.998000 2.057862
37.998000 1.776612
38.999000 4.140476
39.998000 1.886278
40.998000 3.785728
41.998000 3.071084
42.998000 4.038084
43.999000 3.222414
44.998000 2.976977
45.998000 4.323820
46.998000 3.215544
47.998000 2.864068
48.998000 4.185988
49.998000 5.224824
50.998000 4.302012
51.998000 4.672980
52.998000 2.874100
53.999000 4.842402
54.999000 4.251628
55.998000 4.315235
56.998000 1.603384
57.998000 4.010984
58.999000 1.772196
59.999000 3.802536
60.998000 2.167227
61.999000 3.190018
62.998000 3.326486
63.998000 3.096040
64.998000 3.297860
65.999000 2.949610
66.999000 2.928396
67.998000 2.856468
68.998000 3.802708
69.998000 3.185488
70.999000 4.839708
71.999000 2.529872
72.998000 3.665489
73.999000 5.096236
74.998000 4.777417
75.998000 2.896600
76.998000 2.813972
77.998000 3.684352
78.999000 1.952380
79.998000 2.296593
80.998000 1.675564
81.998000 2.059096
82.999000 1.372164
83.998000 2.706819
84.998000 0.791276
85.998000 0.820932
86.999000 1.080016
87.998000 2.341121
88.998000 2.233636
89.998000 2.914572
90.998000 2.958664
91.998000 2.832148
92.998000 2.931900
93.999000 2.467329
94.998000 2.057109
95.999000 2.059013
96.999000 2.494208
97.999000 2.344172
98.998000 3.026675
99.998000 2.677044
100.999000 3.310877
101.999000 2.875880
102.998000 3.238543
103.999000 3.070214
104.998000 3.357053
105.999000 3.171776
107.000000 2.753886
107.998000 2.581579
108.998000 0.219724
109.998000 4.193628
110.999000 2.821371
111.998000 4.125530
112.998000 2.816888
113.998000 3.605816
114.998000 2.655300
115.998000 2.831084
116.998000 1.603212
117.999000 3.234661
118.998000 1.937666
119.998000 3.221648
120.999000 3.176827
121.998000 2.130623
122.998000 2.265988
123.998000 2.334736
124.999000 2.568871
125.998000 2.653365
126.999000 3.351872
127.998000 2.673710
128.999000 1.883177
129.998000 3.696609
130.998000 2.485712
131.998000 2.815564
132.999000 1.743712
133.998000 2.533862
134.998000 4.741848
135.998000 3.631408
136.998000 3.065352
137.998000 2.983308
138.998000 3.017340
139.998000 2.125952
140.998000 2.456704
141.998000 1.770468
142.998000 3.006688
143.998000 2.221504
144.998000 2.241724
145.998000 3.053196
146.998000 2.774208
147.998000 2.911860
148.999000 2.650034
149.998000 3.274422
150.998000 3.371096
151.998000 3.235200
152.999000 2.986877
153.998000 2.710843
154.998000 0.407096
155.998000 2.701392
156.999000 0.000000
157.998000 0.469678
158.999000 1.856232
159.998000 2.022675
160.998000 2.247220
161.998000 2.220052
162.998000 2.361696
163.998000 2.004476
164.998000 1.814408
165.998000 1.890648
166.999000 2.148360
167.998000 2.038454
168.998000 2.418872
169.999000 2.799692
170.998000 2.706899
171.998000 1.357332
172.998000 1.622992
173.999000 0.526541
174.998000 0.000000
175.998000 3.520692
176.998000 5.615692
177.998000 5.881856
178.998000 5.683200
179.998000 5.398644
180.999000 4.410829
181.998000 4.791540
182.999000 4.088815
183.998000 3.236168
184.999000 5.031864
185.998000 7.082923
186.999000 6.708683
187.998000 5.502334
188.999000 3.431065
189.998000 6.420757
190.998000 6.762496
191.999000 5.680631
192.998000 6.219852
193.998000 4.296704
194.998000 4.927488
195.999000 7.660052
196.998000 5.992296
197.998000 6.250496
198.998000 3.280896
199.998000 5.761024
200.998000 7.141376
201.999000 6.903049
202.999000 6.643712
203.999000 3.880960
204.998000 4.760216
205.999000 7.040128
206.998000 6.841017
207.998000 6.426624
208.999000 3.396284
209.998000 5.071824
210.999000 6.948060
211.998000 6.793866
212.998000 6.778880
213.999000 4.063265
214.998000 4.489610
215.998000 6.518784
216.998000 7.106560
217.998000 6.750208
218.998000 4.603904
219.999000 4.304687
220.998000 6.351055
221.998000 6.672384
222.998000 6.526976
223.998000 4.333568
224.998000 4.026368
225.999000 6.995117
226.998000 7.025522
227.998000 6.787072
228.998000 4.278272
229.998000 1.572864
230.999000 3.891405
231.998000 6.900468
232.998000 6.895616
233.998000 3.758080
234.998000 5.107712
235.998000 6.926336
236.998000 6.696960
237.998000 6.942720
238.998000 3.426304
239.998000 4.454400
240.998000 6.955008
241.998000 7.118848
242.998000 7.045120
243.998000 4.913152
244.999000 4.177838
245.998000 5.979996
246.998000 7.450624
247.999000 7.027852
248.998000 4.790967
249.998000 3.973120
250.999000 6.270849
251.998000 6.656513
252.998000 6.397952
253.998000 3.952640
254.998000 3.547136
255.998000 6.774784
256.998000 6.729728
257.998000 6.854656
258.998000 4.677632
259.998000 3.821568
260.998000 7.225344
261.999000 6.890773
262.999000 6.878040
263.999000 3.807232
264.998000 3.788492
265.998000 6.680576
266.998000 6.522880
267.998000 6.725632
268.998000 4.882432
269.998000 4.665344
270.998000 5.980160
271.999000 6.718913
272.998000 6.654462
273.998000 5.009408
274.999000 3.600879
275.998000 6.008697
276.998000 6.744064
277.998000 6.868992
278.998000 5.083136
279.998000 3.262464
280.998000 6.328320
281.999000 6.819165
282.998000 6.882018
283.998000 4.902912
284.999000 4.398801
285.999000 6.291456
286.998000 6.824617
287.998000 6.758400
288.998000 5.603328
289.999000 4.177838
290.998000 5.795491
291.998000 6.598656
292.998000 7.311360
293.998000 5.287936
294.998000 4.761600
295.998000 5.924864
296.998000 6.727680
297.999000 6.522501
298.998000 5.629437
299.999000 4.149195
300.998000 5.598687
301.998000 6.139904
302.998000 6.621184
303.998000 5.588992
304.998000 4.059136
305.998000 6.205440
306.998000 7.180288
307.999000 5.526394
308.999000 4.078892
309.998000 3.538386
310.998000 7.020544
311.998000 4.917944
312.998000 4.944492
313.999000 4.852803
314.998000 3.124276
315.999000 7.103836
316.998000 5.318066
317.999000 5.410961
318.998000 4.115327
319.998000 3.665920
321.000000 6.843018
321.998000 4.711948
322.998000 4.913404
323.999000 2.906454
324.999000 1.200052
325.999000 1.837860
326.998000 1.458647
327.998000 2.069180
328.998000 2.278164
329.998000 2.990520
330.998000 2.711476
331.999000 2.044220
332.999000 3.859768
333.998000 3.420613
334.999000 3.412951
335.999000 4.376808
336.998000 4.314851
337.998000 5.065548
338.998000 4.645536
339.999000 3.973243
340.998000 6.865618
341.998000 5.146004
342.999000 5.417586
343.998000 5.139536
344.998000 3.858432
345.998000 6.748160
346.998000 6.358124
347.998000 3.880460
348.998000 4.619468
349.998000 3.545088
350.999000 5.783560
351.998000 5.038799
352.999000 4.962058
353.998000 3.535387
354.998000 4.558848
355.998000 6.037012
356.998000 5.091968
357.998000 4.919320
358.998000 4.390568
359.998000 3.026944
360.998000 3.145728
361.999000 5.976232
362.998000 7.013221
363.998000 3.378684
364.998000 4.243456
365.998000 5.926912
366.998000 6.012036
367.998000 5.082336
368.999000 3.143141
369.998000 3.001273
370.998000 5.564416
371.998000 6.549504
372.998000 4.777984
373.998000 6.850560
374.998000 4.673536
375.999000 4.959393
376.999000 7.065600
377.999000 6.663548
378.999000 5.759692
379.998000 3.464585
380.998000 4.820992
381.998000 6.641664
382.998000 6.717440
383.998000 6.676480
384.998000 3.919872
385.998000 3.680256
386.998000 6.985728
387.998000 6.895616
388.998000 7.038976
389.998000 3.964928
390.998000 4.022272
391.998000 6.660096
392.998000 6.858752
393.998000 5.843160
394.998000 3.704832
395.998000 4.597760
396.998000 6.979584
397.999000 6.686178
398.998000 6.713914
399.998000 3.629056
400.998000 3.399680
401.999000 6.612523
402.998000 6.732364
403.998000 6.754304
404.998000 4.481024
405.998000 3.600384
406.999000 6.643213
407.998000 6.884068
408.998000 7.202816
409.999000 5.585455
410.998000 3.895095
411.998000 5.873664
412.998000 6.688768
413.998000 7.602176
414.998000 4.153344
415.998000 3.297280
416.998000 7.151616
417.998000 7.016448
418.998000 5.348256
419.998000 2.519812
420.998000 3.801088
421.998000 5.060328
422.998000 5.433788
423.998000 7.151616
424.998000 5.963776
425.999000 4.341514
426.998000 4.891419
427.998000 7.016448
428.999000 6.894865
429.998000 5.945145
430.998000 3.923968
431.998000 1.130496
432.998000 6.656000
433.998000 6.823936
434.998000 5.152768
435.998000 4.124672
436.998000 5.902336
437.999000 6.305630
438.998000 6.703664
439.998000 5.992448
440.998000 4.497408
441.999000 5.192631
442.998000 6.695463
443.998000 6.746112
444.998000 6.045696
445.998000 4.481024
446.999000 3.993702
447.999000 6.336512
448.998000 6.759015
449.999000 6.798705
450.998000 4.196452
451.998000 4.233216
452.998000 6.545408
453.998000 6.776832
454.998000 6.621184
455.998000 4.120576
456.998000 3.764224
457.998000 6.699008
458.998000 7.215104
459.998000 6.836224
460.998000 4.403200
461.998000 4.157440
462.998000 6.754304
463.999000 7.132196
464.998000 6.592961
465.998000 5.156864
466.998000 3.201024
467.998000 6.434816
468.998000 6.529024
469.998000 6.746112
470.998000 4.288512
471.998000 3.885056
472.999000 6.540915
473.999000 7.129088
474.999000 6.680576
475.998000 5.403932
476.999000 4.591121
478.000000 5.245826
478.998000 6.944321
479.998000 6.230016
480.998000 6.373376
