0.000000 2.102919
1.000000 2.810698
2.000000 3.227852
3.000000 4.132442
4.000000 2.942908
5.000000 3.723300
6.000000 4.012200
7.000000 3.935600
8.000000 4.163050
9.000000 4.410450
10.000000 3.910950
11.001000 3.398951
12.000000 3.886136
13.000000 4.118850
14.001000 4.619131
15.000000 5.454404
16.001000 5.736813
17.000000 5.453053
18.000000 4.823200
19.000000 4.445212
20.000000 5.274788
21.000000 4.755048
22.000000 5.325422
23.001000 4.859822
24.000000 3.135135
25.001000 3.985265
26.001000 4.203900
27.000000 5.432432
28.000000 5.369298
29.000000 2.279802
30.000000 3.159000
31.000000 4.056750
32.000000 3.483000
33.000000 2.447900
34.000000 3.694738
35.001000 2.173283
36.001000 2.017506
37.000000 3.070270
38.000000 2.864746
39.000000 2.444802
40.000000 2.479952
41.000000 3.868678
42.000000 3.556322
43.001000 2.110639
44.000000 2.485135
45.000000 3.312900
46.001000 4.360190
47.000000 1.541892
48.000000 2.010150
49.000000 1.449900
50.000000 0.992250
51.000000 3.477600
52.000000 2.685026
53.000000 3.286438
54.000000 3.044112
55.001000 2.716412
56.000000 5.641724
57.001000 4.837407
58.000000 4.091900
59.000000 3.925662
60.000000 3.180784
61.000000 4.766758
62.001000 5.846917
63.000000 3.257530
64.000000 3.002978
65.001000 1.695604
66.001000 1.718898
67.001000 2.234902
68.000000 1.691904
69.000000 3.102622
70.000000 3.131338
71.000000 6.043256
72.000000 4.979822
73.001000 0.904817
74.001000 3.653632
75.000000 7.142374
76.000000 6.095082
77.001000 5.827437
78.000000 2.939263
79.001000 5.444284
80.001000 6.521300
81.000000 4.732591
82.000000 4.201910
83.000000 3.403900
84.000000 5.537792
85.001000 5.094783
86.000000 5.249628
87.000000 5.351424
88.001000 4.242318
89.000000 4.879119
90.000000 6.713344
91.000000 6.519150
92.001000 5.552338
93.001000 3.602268
94.000000 4.547011
95.000000 6.433244
96.000000 4.468060
97.001000 4.997325
98.000000 3.442244
99.000000 4.771840
100.000000 6.416384
101.000000 5.486824
102.001000 5.106206
103.000000 4.415924
104.000000 3.723264
105.000000 6.449344
106.000000 4.849256
107.000000 5.403120
108.000000 2.584652
109.000000 4.489216
110.000000 4.873976
111.001000 4.654501
112.001000 5.206674
113.001000 3.730202
114.000000 4.426058
115.000000 5.450576
116.001000 3.760074
117.000000 3.669684
118.000000 3.453698
119.000000 4.758594
120.000000 4.177860
121.000000 2.581090
122.001000 4.941065
123.000000 4.068549
124.000000 4.189354
125.001000 3.709227
126.000000 3.722891
127.001000 6.150138
128.000000 4.632330
129.000000 3.813376
130.000000 6.569984
131.001000 6.422250
132.000000 6.107099
133.001000 5.090280
134.001000 3.018752
135.000000 6.502759
136.001000 6.656921
137.001000 3.908442
138.000000 2.947455
139.000000 2.978836
140.000000 2.825816
141.001000 2.111988
142.000000 1.327724
143.000000 1.585086
144.001000 1.131986
145.001000 0.985538
146.000000 1.747259
147.000000 3.099600
148.000000 3.582514
149.000000 4.380000
150.000000 4.218060
151.000000 3.282978
152.000000 2.967154
153.001000 2.613766
154.000000 3.196797
155.000000 4.233468
156.000000 3.207612
157.001000 3.540198
158.000000 3.597059
159.000000 3.418112
160.000000 6.029312
161.000000 5.572608
162.000000 5.959680
163.000000 5.017192
164.000000 2.322220
165.001000 4.646194
166.000000 3.472617
167.000000 3.603526
168.001000 2.632567
169.000000 2.170162
170.000000 3.714100
171.000000 2.680958
172.000000 2.274748
173.001000 2.783656
174.000000 3.746322
175.000000 2.249384
176.001000 2.627824
177.000000 2.395946
178.000000 3.662550
179.001000 3.168330
180.000000 1.839514
181.000000 4.418530
182.001000 2.325706
183.000000 1.984549
184.001000 2.937736
185.000000 2.892823
186.001000 1.474771
187.001000 3.675354
188.000000 3.409361
189.000000 3.265080
190.001000 3.094486
191.000000 2.093407
192.001000 2.579117
193.000000 2.939868
194.001000 2.748551
195.000000 2.472470
196.000000 2.639752
197.000000 2.991600
198.000000 2.276512
199.000000 2.626036
200.001000 3.441960
201.000000 3.998805
202.000000 3.899420
203.001000 4.768687
204.000000 3.815293
205.000000 5.108378
206.000000 3.832210
207.000000 5.252702
208.000000 4.565758
209.000000 2.767380
210.000000 5.937152
211.000000 5.264458
212.001000 3.987391
213.000000 2.663487
214.001000 1.602895
215.001000 1.423552
216.001000 1.902602
217.001000 1.691144
218.000000 1.794549
219.000000 1.744550
220.000000 1.120148
221.000000 3.312730
222.001000 3.767606
223.000000 4.071015
224.000000 3.415680
225.000000 3.309274
226.001000 2.827473
227.000000 2.484434
228.001000 3.127011
229.000000 3.414539
230.000000 3.346316
231.000000 2.249200
232.001000 2.738328
233.000000 2.844282
234.000000 3.301568
235.000000 2.573114
236.000000 2.834750
237.000000 3.313138
238.000000 3.381750
239.001000 3.306893
240.001000 4.809946
241.000000 4.978398
242.000000 5.967872
243.000000 5.720064
244.001000 3.663656
245.000000 2.902871
246.000000 4.634744
247.000000 3.101060
248.000000 2.020858
249.000000 3.082050
250.001000 3.543870
251.000000 2.607143
252.001000 2.482150
253.000000 2.772340
254.000000 2.553006
255.001000 3.443760
256.000000 3.657389
257.001000 3.117552
258.001000 3.504232
259.000000 3.275135
260.000000 3.389982
261.000000 2.832854
262.000000 3.859442
263.000000 3.785984
264.002000 3.991144
265.000000 4.403816
266.001000 5.450178
267.001000 5.550536
268.000000 5.716428
269.001000 4.130194
270.002000 3.453570
271.001000 6.769265
272.000000 5.895944
273.000000 5.865472
274.000000 5.693440
275.000000 3.682304
276.000000 5.183488
277.000000 6.780928
278.001000 6.080575
279.001000 5.464802
280.000000 3.001273
281.001000 5.632511
282.000000 6.336705
283.000000 6.153338
284.000000 4.812800
285.001000 2.725211
286.001000 6.676480
287.000000 6.578611
288.000000 5.947392
289.000000 5.373164
290.001000 3.183504
291.000000 6.519159
292.001000 6.534777
293.000000 5.941726
294.000000 5.966856
295.000000 2.744320
296.000000 5.826560
297.000000 5.920768
298.000000 6.443008
299.001000 5.724579
300.001000 2.727936
301.000000 6.420757
302.000000 6.643712
303.000000 5.912576
304.000000 5.308922
305.000000 3.981312
306.000000 6.172672
307.000000 6.591756
308.000000 4.084882
309.000000 3.471996
310.000000 3.511390
311.000000 3.903790
312.001000 4.090460
313.000000 4.536112
314.000000 3.896474
315.000000 2.695952
316.001000 1.844955
317.000000 3.198647
318.000000 3.904292
319.000000 4.166646
320.000000 3.738922
321.000000 5.934626
322.000000 4.438716
323.000000 4.777222
324.001000 4.166410
325.001000 3.331726
326.000000 5.715540
327.000000 4.419136
328.000000 5.882160
329.001000 4.797029
330.001000 3.415826
331.000000 5.986146
332.000000 6.785024
333.001000 5.862206
334.000000 5.989696
335.000000 4.447316
336.000000 4.302848
337.000000 7.159808
338.000000 6.178682
339.000000 5.308718
340.000000 4.121860
341.000000 4.534272
342.000000 6.848512
343.000000 6.534412
344.000000 4.947186
345.000000 3.934208
346.000000 5.081088
347.000000 7.391232
348.000000 5.758322
349.000000 6.226040
350.000000 4.710176
351.000000 3.997696
352.000000 7.120896
353.000000 6.469496
354.000000 5.373340
355.000000 3.928470
356.001000 4.206482
357.000000 6.632871
358.000000 5.637088
359.000000 5.148770
360.000000 3.686864
361.000000 5.120000
362.000000 7.319552
363.001000 6.457516
364.000000 5.914873
365.000000 3.936838
366.000000 3.817472
367.000000 7.485440
368.000000 5.939878
369.000000 5.976274
370.000000 3.517878
371.000000 4.771840
372.000000 7.149568
373.000000 5.678410
374.001000 6.118661
375.001000 3.837900
376.000000 4.428108
377.000000 7.221248
378.000000 6.320940
379.000000 5.769500
380.000000 5.042422
381.000000 3.727360
382.000000 7.077888
383.000000 6.624162
384.000000 5.803574
385.000000 4.669268
386.000000 3.428352
387.000000 7.112704
388.000000 5.129684
389.001000 4.972865
390.000000 2.630945
391.000000 4.691968
392.001000 5.894591
393.000000 3.628867
394.000000 3.627002
395.000000 2.610102
396.000000 3.629624
397.000000 3.051402
398.000000 2.686520
399.001000 3.331800
400.001000 3.106350
401.000000 2.759602
402.000000 2.560174
403.000000 2.646000
404.000000 2.307152
405.000000 2.436750
406.000000 2.515050
407.000000 2.728350
408.000000 2.358450
409.000000 2.178898
410.000000 1.315076
411.000000 1.780476
412.000000 1.422900
413.000000 1.252848
414.000000 0.220002
415.000000 1.373042
416.000000 2.072158
417.000000 2.064150
418.000000 2.748738
419.000000 2.548662
420.000000 1.795500
421.001000 1.497353
422.000000 1.048649
423.000000 0.985150
424.001000 0.778172
425.000000 1.441894
426.000000 1.472132
427.001000 1.419848
428.000000 0.913161
429.000000 0.996302
430.001000 1.424176
431.001000 1.628098
432.000000 1.467570
433.000000 0.942300
434.000000 1.439098
435.000000 1.462050
436.000000 1.452602
437.000000 1.776600
438.000000 1.396598
439.000000 1.222402
440.000000 1.308148
441.000000 2.138400
442.000000 1.530928
443.000000 1.560586
444.001000 1.533405
445.000000 1.132102
446.000000 2.257530
447.000000 2.407748
448.000000 2.154534
449.000000 2.001768
450.001000 0.713087
451.000000 1.607502
452.000000 2.458956
453.000000 2.572494
454.001000 2.459197
455.000000 3.373670
456.001000 4.483568
457.000000 4.889191
458.001000 4.548969
459.001000 4.581034
460.000000 3.003922
461.000000 2.729380
462.000000 3.636036
463.000000 5.051214
464.000000 5.183258
465.000000 5.607188
466.000000 3.981312
467.000000 5.943296
468.001000 6.641938
469.000000 5.724492
470.000000 5.213698
471.000000 3.821900
472.001000 4.777303
473.000000 7.319602
474.000000 6.373326
475.001000 5.851720
476.000000 3.507636
477.000000 4.943872
478.000000 6.889472
479.001000 5.640931
480.000000 4.473856
481.000000 3.432144
482.000000 5.062656
483.000000 5.309418
484.000000 4.572800
485.000000 4.884878
486.000000 4.210446
487.000000 4.861690
488.001000 3.694242
489.001000 3.435630
490.001000 3.707220
491.000000 3.713127
492.000000 5.766728
493.000000 5.607406
494.000000 5.830230
495.000000 4.242820
496.000000 3.229052
497.000000 4.838356
498.000000 4.414698
499.001000 4.733261
500.000000 6.189994
501.000000 4.519790
502.000000 4.337664
503.000000 6.528146
504.001000 5.086114
505.000000 4.969920
506.001000 4.480899
507.001000 4.333568
508.000000 4.924881
509.000000 3.669146
510.000000 3.394752
511.001000 3.277626
512.001000 5.001280
513.000000 4.592142
514.000000 3.773020
515.000000 4.322700
516.000000 3.673698
517.000000 5.006802
518.000000 2.821684
519.000000 2.576964
520.000000 1.885952
521.000000 1.501200
522.001000 1.324376
523.001000 1.192096
524.000000 1.604006
525.000000 3.171164
526.000000 3.303438
527.000000 1.264950
528.000000 3.291346
529.000000 5.032600
530.001000 5.683189
