0.000000 0.952300
1.000000 4.106700
2.000000 4.529994
3.000000 3.295956
4.001000 2.726973
5.001000 3.414150
6.000000 3.571668
7.001000 3.884721
8.000000 3.836486
9.000000 4.629150
10.000000 4.029750
11.000000 4.777650
12.000000 2.783700
13.001000 1.809526
14.001000 1.766164
15.000000 1.130080
16.000000 1.679048
17.000000 1.911602
18.000000 1.329750
19.000000 1.204200
20.000000 1.748250
21.000000 2.413800
22.000000 1.683450
23.000000 4.154300
24.000000 4.785400
25.000000 5.770690
26.000000 5.058312
27.000000 5.096250
28.001000 4.614414
29.001000 3.981822
30.000000 4.984416
31.000000 6.077068
32.000000 5.802496
33.000000 5.011004
34.000000 5.871938
35.000000 5.735760
36.000000 5.834934
37.000000 5.739568
38.000000 5.517450
39.000000 5.549824
40.001000 5.616829
41.000000 5.570659
42.000000 5.677528
43.001000 5.121974
44.001000 4.224880
45.000000 5.054040
46.000000 5.711852
47.000000 5.748648
48.000000 4.967652
49.000000 4.314600
50.000000 5.587648
51.000000 4.626068
52.001000 5.310022
53.000000 5.836488
54.003000 5.050050
55.000000 5.938917
56.000000 4.897240
57.000000 5.095460
58.000000 5.269272
59.000000 5.892198
60.000000 5.817480
61.000000 4.992300
62.000000 5.899498
63.000000 5.782050
64.000000 5.832232
65.000000 5.086570
66.001000 6.029820
67.000000 5.044595
68.000000 5.125950
69.000000 6.565050
70.000000 5.738182
71.000000 5.516050
72.000000 6.041600
73.000000 5.311268
74.001000 3.511886
75.000000 1.798635
76.001000 5.186244
77.000000 5.400264
78.000000 4.338754
79.000000 4.700914
80.000000 5.085106
81.000000 4.534650
82.000000 6.083098
83.001000 5.149153
84.000000 6.354054
85.000000 0.901798
86.000000 5.067296
87.000000 5.812354
88.000000 5.517452
89.000000 5.311250
90.000000 5.563000
91.001000 5.511936
92.000000 5.964865
93.000000 5.351414
94.000000 5.829286
95.000000 5.926502
96.000000 4.903548
97.000000 5.434890
98.000000 4.849074
99.000000 4.968000
100.000000 4.121536
101.000000 4.220102
102.000000 5.316300
103.000000 3.707100
104.000000 4.133698
105.001000 4.221281
106.001000 3.491100
107.000000 3.175676
108.000000 2.690550
109.000000 4.072950
110.000000 4.382098
111.000000 4.791150
112.000000 5.540402
113.001000 5.801844
114.000000 5.508162
115.000000 5.895486
116.000000 5.435064
117.000000 4.885650
118.000000 5.637950
119.000000 5.935466
120.001000 5.487604
121.001000 6.169692
122.000000 5.640541
123.000000 5.494512
124.000000 5.807688
125.000000 5.055750
126.000000 5.493148
127.001000 5.807005
128.000000 0.096234
129.001000 4.837614
130.000000 5.221622
131.000000 5.440848
132.000000 5.095900
133.001000 5.927133
134.000000 5.828617
135.001000 4.834869
136.000000 5.694595
137.000000 5.368950
138.001000 5.679169
139.000000 5.351986
140.000000 5.439868
141.000000 5.054398
142.000000 4.835480
143.001000 5.702971
144.000000 5.371622
145.000000 4.791148
146.000000 4.684502
147.001000 3.347984
148.000000 4.161924
149.000000 4.757638
150.000000 5.204966
151.000000 5.293290
152.001000 5.428384
153.003000 4.950872
154.000000 5.937362
155.001000 5.928647
156.000000 5.457433
157.000000 5.757076
158.001000 4.813337
159.000000 3.625996
160.000000 5.168830
161.001000 6.060280
162.000000 4.761463
163.000000 5.356708
164.001000 3.631916
165.000000 4.877027
166.000000 4.529264
167.000000 4.851888
168.000000 4.638314
169.001000 5.465652
170.000000 5.093962
171.001000 5.200889
172.001000 5.315810
173.000000 4.206038
174.000000 5.685568
175.000000 4.709258
176.000000 5.900392
177.001000 4.369642
178.000000 5.274945
179.001000 4.983984
180.000000 5.743243
181.000000 5.141536
182.000000 5.689526
183.000000 5.611938
184.000000 4.922100
185.000000 4.689912
186.001000 5.120815
187.000000 4.807688
188.000000 4.522922
189.001000 3.812635
190.001000 4.261234
191.000000 4.931081
192.001000 5.681237
193.001000 5.089986
194.001000 4.421416
195.001000 5.833700
196.000000 5.965147
197.000000 5.482292
198.000000 5.842858
199.000000 5.538418
200.000000 4.814698
201.001000 4.226739
202.000000 4.758729
203.000000 4.288502
204.001000 5.089624
205.000000 5.617920
206.000000 4.559950
207.001000 3.624176
208.001000 3.250462
209.000000 4.299289
210.000000 3.967650
211.000000 3.723300
212.000000 2.451600
213.001000 1.203345
214.000000 1.009111
215.001000 1.557043
216.001000 1.279800
217.001000 1.137350
218.001000 0.994950
219.000000 1.014563
220.000000 0.961502
221.000000 0.787050
222.001000 0.984515
223.000000 0.797297
224.001000 0.767732
225.000000 0.502352
226.000000 0.414450
227.000000 0.592650
228.001000 1.368881
229.000000 1.677027
230.001000 0.751548
231.000000 1.101351
232.000000 0.902150
233.000000 0.712100
234.000000 0.698300
235.000000 0.594000
236.000000 0.530900
237.000000 0.442100
238.000000 0.431000
239.001000 0.431219
240.001000 0.328050
241.000000 0.416567
242.000000 0.291600
243.001000 0.103495
244.001000 0.623702
245.001000 0.253800
246.000000 0.052701
247.000000 0.530902
248.000000 0.546400
249.001000 0.661471
250.000000 0.581800
251.000000 0.504900
252.000000 0.449550
253.001000 0.572460
254.000000 0.473690
255.001000 0.352000
256.000000 0.495946
257.000000 0.475200
258.000000 0.382682
259.000000 0.324718
260.001000 0.087662
261.000000 0.064865
262.000000 0.885600
263.001000 0.345255
264.001000 0.793800
265.000000 0.655403
266.000000 0.899102
267.000000 0.896400
268.000000 0.905848
269.000000 1.050302
270.000000 1.239300
271.000000 1.503912
272.000000 1.165036
273.000000 0.818102
274.000000 0.668882
275.000000 0.792168
276.001000 1.287610
277.000000 0.782434
278.001000 0.516533
279.000000 0.368919
280.000000 1.327412
281.000000 2.018586
282.000000 2.990250
283.000000 4.549500
284.000000 3.816450
285.000000 1.809000
286.000000 1.111048
287.001000 0.695906
288.001000 0.673662
289.001000 0.826188
290.001000 0.949328
291.000000 1.190262
292.000000 1.066850
293.000000 1.172798
294.001000 1.136913
295.000000 1.104785
296.000000 0.919352
297.000000 0.552150
298.001000 0.618032
299.001000 1.035100
300.000000 0.857457
301.001000 0.840859
302.000000 0.958458
303.000000 0.974350
304.000000 1.128600
305.001000 0.919780
306.000000 0.964863
307.001000 1.023628
308.000000 1.194595
309.000000 1.109700
310.000000 0.994252
311.001000 1.035764
312.000000 1.224324
313.000000 1.004400
314.000000 0.715500
315.001000 0.717481
316.000000 1.670272
317.001000 0.865834
318.001000 0.963900
319.000000 0.663514
320.000000 0.900450
321.000000 0.777950
322.000000 1.394550
323.000000 1.403650
324.000000 1.340548
325.000000 1.096202
326.000000 1.993948
327.000000 1.290970
328.001000 1.618014
329.000000 2.147295
330.001000 1.341910
331.001000 0.796850
332.000000 0.740190
333.000000 0.660150
334.000000 0.452250
335.000000 0.317250
336.001000 0.021578
337.001000 1.297350
338.000000 0.598647
339.000000 0.529202
340.000000 0.749250
341.000000 1.250100
342.000000 1.445862
343.000000 1.585238
344.001000 1.547902
345.000000 1.488935
346.000000 1.114004
347.001000 1.971726
348.000000 1.445948
349.000000 1.793498
350.000000 1.521404
351.001000 1.640591
352.000000 1.652070
353.001000 1.718182
354.000000 1.567580
355.001000 1.835502
356.000000 2.163495
357.000000 2.135718
358.000000 2.106000
359.001000 2.265734
360.000000 2.377726
361.000000 1.956802
362.000000 2.378700
363.000000 1.858950
364.000000 1.782000
365.000000 2.009728
366.000000 1.984920
367.000000 2.123552
368.000000 2.212650
369.001000 2.688909
370.000000 3.021922
371.000000 3.100952
372.000000 3.614852
373.000000 4.099048
374.000000 3.813750
375.001000 4.406044
376.000000 4.004052
377.001000 4.248254
378.000000 4.713582
379.000000 4.846444
380.000000 3.968988
381.000000 4.174200
382.000000 5.244748
383.000000 4.697284
384.000000 4.921598
385.000000 4.912520
386.000000 4.291650
387.000000 4.599450
388.001000 4.128222
389.001000 3.963966
390.000000 4.764498
391.000000 4.790520
392.001000 4.205722
393.000000 4.533786
394.000000 4.785748
395.001000 5.718571
396.001000 5.570022
397.001000 0.478340
398.001000 3.738502
399.001000 5.468500
400.000000 5.794595
401.001000 4.934715
402.000000 4.458653
403.001000 4.806050
404.000000 4.397297
405.000000 4.111100
406.000000 3.010782
407.000000 2.470402
408.001000 2.268549
409.000000 1.974324
410.000000 1.869750
411.001000 1.809890
412.000000 3.069083
413.000000 4.253620
414.000000 1.913666
415.000000 2.525200
416.000000 1.573402
417.000000 1.309170
418.000000 1.358522
419.000000 0.854458
420.000000 1.105394
421.000000 1.435306
422.001000 1.795055
423.001000 1.159648
424.001000 1.858964
425.000000 1.166204
426.000000 1.341900
427.001000 0.976124
428.000000 1.182731
429.000000 0.876500
430.000000 0.685452
431.000000 0.766800
432.000000 0.863348
433.000000 1.133302
434.000000 0.905200
435.001000 0.453796
436.000000 0.563514
437.001000 0.801097
438.001000 0.619000
439.000000 0.695247
440.000000 0.789748
441.000000 0.788752
442.001000 0.559341
443.001000 0.677700
444.001000 0.776948
445.000000 0.868220
446.000000 0.883298
447.001000 1.039413
448.000000 1.331081
449.000000 1.275750
450.000000 1.254150
451.001000 1.600849
452.000000 1.402703
453.000000 1.359450
454.001000 1.165235
455.000000 0.939890
456.000000 0.979400
457.000000 0.875162
458.000000 1.102938
459.000000 0.886600
460.000000 0.565650
461.000000 0.707400
462.000000 0.959850
463.000000 0.913950
464.000000 0.942650
465.000000 0.811348
466.000000 0.697602
467.001000 0.667932
468.000000 0.919009
469.000000 0.925660
470.001000 0.964635
471.000000 1.173974
472.000000 0.927800
473.000000 0.902800
474.000000 1.013850
475.000000 0.934200
476.001000 0.917083
477.000000 0.845227
478.000000 0.740516
479.000000 0.672302
480.001000 0.542158
481.000000 0.700000
482.000000 0.823500
483.001000 0.988911
484.001000 1.160000
485.001000 1.033400
486.000000 1.164863
487.000000 1.105652
488.001000 0.919780
489.000000 1.220270
490.000000 0.882248
491.000000 0.974002
492.000000 0.855900
493.001000 1.014535
494.000000 0.813514
495.000000 0.952750
496.000000 0.990900
497.000000 0.945000
498.001000 0.875275
499.001000 0.858600
500.000000 0.648695
501.001000 0.841862
502.000000 0.938839
503.001000 1.356743
504.000000 1.202703
505.001000 0.739411
506.001000 0.789400
507.000000 0.863512
508.000000 0.999002
509.000000 0.909900
510.000000 1.330798
511.000000 1.608940
512.001000 1.786827
513.000000 1.722973
514.000000 1.635594
515.001000 1.752503
516.000000 1.708108
517.000000 1.536300
518.000000 1.524150
519.001000 1.232667
520.000000 1.233782
521.000000 1.983850
522.001000 1.228925
523.000000 1.191542
524.000000 1.582898
525.000000 1.815684
526.000000 1.590996
527.001000 1.705349
528.000000 1.936837
529.000000 1.552150
530.000000 1.987832
531.000000 1.763380
532.000000 2.279238
533.000000 1.279150
534.000000 1.121150
535.000000 1.728000
536.001000 1.798102
537.000000 1.991540
538.000000 1.701002
539.000000 1.260900
540.000000 1.051650
541.000000 1.207250
542.001000 1.168931
543.000000 1.618919
544.001000 1.923159
545.000000 1.850030
546.000000 1.865036
547.000000 1.827900
548.000000 1.934548
549.000000 1.796852
550.000000 0.580500
551.000000 0.791100
552.000000 0.926450
553.000000 0.725648
554.001000 1.235666
555.000000 0.532432
556.001000 0.770080
557.001000 0.567350
558.000000 0.427309
559.001000 0.665596
560.001000 0.414806
561.001000 0.927100
562.000000 0.933784
563.000000 0.873450
564.001000 0.717483
565.001000 0.657450
566.000000 0.475676
567.000000 0.482300
568.001000 0.121027
569.001000 0.687152
570.001000 0.244350
571.001000 0.029700
