0.000000 1.649901
1.000000 8.117656
2.000000 7.848056
3.000000 7.275524
4.000000 7.059108
5.000000 6.886932
6.000000 5.901544
7.001000 5.573798
8.000000 4.227848
9.001000 7.678466
10.000000 6.546142
11.001000 4.657443
12.000000 3.432745
13.000000 3.155052
14.000000 6.701548
15.000000 4.961944
16.000000 4.804400
17.000000 4.998328
18.000000 2.887680
19.001000 6.485095
20.000000 5.041742
21.000000 4.919000
22.001000 4.614981
23.001000 4.116220
24.000000 2.501061
25.001000 7.312935
26.000000 4.542507
27.000000 4.936376
28.000000 3.883236
29.000000 3.887104
30.000000 6.005652
31.000000 4.372780
32.000000 4.470980
33.000000 3.900056
34.000000 3.473088
35.000000 4.906772
36.000000 3.582984
37.001000 3.693275
38.000000 2.730711
39.001000 4.600967
40.001000 7.199480
41.000000 5.789614
42.001000 4.951097
43.000000 6.085261
44.000000 7.117744
45.000000 7.149792
46.000000 6.287072
47.000000 4.263116
48.000000 5.846176
49.000000 3.821568
50.001000 4.194206
51.000000 8.023896
52.000000 7.843840
53.001000 7.574122
54.001000 4.276224
55.000000 4.407608
56.000000 7.129088
57.000000 7.854080
58.001000 7.457502
59.000000 3.439984
60.001000 4.173746
61.000000 7.113674
62.001000 8.204276
63.001000 7.356416
64.000000 3.767992
65.001000 3.860715
66.000000 7.902943
67.001000 7.124012
68.000000 7.490883
69.000000 4.620288
70.000000 4.530176
71.001000 7.410446
72.000000 7.767640
73.001000 7.745982
74.000000 3.872545
75.000000 4.079616
76.000000 6.549504
77.000000 8.273920
78.000000 7.880704
79.001000 4.542018
80.000000 4.079600
81.000000 6.819840
82.000000 7.636992
83.000000 7.612416
84.001000 6.111265
85.000000 0.930723
86.001000 3.384008
87.001000 7.405568
88.000000 8.077197
89.000000 5.656576
90.000000 5.165056
91.000000 6.668288
92.000000 8.056832
93.001000 7.711201
94.000000 5.934895
95.000000 3.831808
96.000000 4.714496
97.000000 7.176192
98.000000 7.614464
99.000000 6.154240
100.001000 2.843876
101.001000 6.844416
102.001000 6.971392
103.000000 7.144424
104.000000 6.189056
105.000000 4.820992
106.000000 4.507648
107.000000 7.276544
108.000000 7.213056
109.001000 5.090334
110.000000 3.325181
111.000000 6.178816
112.000000 7.391232
113.001000 7.087185
114.001000 5.652480
115.000000 3.743391
116.001000 6.968519
117.000000 7.134174
118.000000 7.319552
119.001000 6.399744
120.001000 4.173824
121.000000 3.921746
122.001000 7.576168
123.001000 7.186432
124.000000 6.502759
125.000000 4.765696
126.000000 5.443584
127.000000 7.446528
128.000000 7.321600
129.001000 3.883664
130.000000 4.467059
131.000000 6.137856
132.000000 7.559168
133.000000 8.142848
134.000000 6.567804
135.001000 5.636603
136.000000 4.050899
137.000000 7.016448
138.000000 7.452672
139.001000 6.663237
140.000000 4.864192
141.000000 4.246612
142.000000 3.894372
143.001000 3.462246
144.000000 4.439327
145.000000 4.982784
146.000000 6.699008
147.000000 7.698432
148.000000 7.778304
149.000000 6.656000
150.001000 4.566569
151.001000 3.928064
152.001000 7.630848
153.001000 8.425472
154.000000 7.620036
155.000000 3.469312
156.001000 4.638178
157.001000 7.585792
158.001000 7.778304
159.000000 7.568785
160.001000 4.873463
161.000000 4.678214
162.000000 7.491584
163.000000 7.575552
164.001000 7.304056
165.000000 3.714691
166.000000 5.746688
167.000000 7.909376
168.000000 6.367232
169.000000 7.911424
170.001000 4.914382
171.000000 4.559311
172.000000 1.794048
173.000000 7.475200
174.001000 7.907612
175.000000 3.677790
176.000000 5.990400
177.000000 7.774208
178.001000 7.299964
179.001000 7.364608
180.000000 5.326030
181.000000 4.802560
182.000000 6.574080
183.001000 5.753223
184.000000 7.802490
185.001000 6.884184
186.000000 3.273121
187.000000 3.098552
188.000000 6.402048
189.000000 7.733248
190.000000 6.391600
191.000000 5.140080
192.000000 3.359060
193.000000 1.828588
194.000000 3.281992
195.000000 6.361332
196.001000 6.674545
197.000000 5.588641
198.000000 5.754880
199.000000 5.091328
200.000000 6.965248
201.001000 7.193574
202.000000 7.009121
203.000000 5.457920
204.000000 4.061184
205.000000 5.976064
206.000000 5.939200
207.000000 6.127616
208.001000 4.124643
209.000000 6.937369
210.000000 7.395328
211.000000 7.442432
212.000000 4.042752
213.001000 2.819325
214.000000 7.177225
215.000000 6.981632
216.001000 7.727269
217.000000 3.409886
218.001000 5.597730
219.001000 4.867776
220.000000 3.981930
221.000000 2.595608
222.001000 3.191688
223.000000 4.419463
224.001000 5.959221
225.000000 5.471508
226.001000 5.904819
227.000000 4.112761
228.000000 6.049792
229.000000 7.129740
230.001000 5.917658
231.001000 5.882820
232.000000 3.243179
233.000000 5.738496
234.001000 7.361343
235.000000 2.681329
236.000000 6.669696
237.000000 3.288980
238.000000 3.698688
239.001000 7.152655
240.000000 7.560585
241.001000 7.979221
242.000000 5.010322
243.000000 4.020224
244.001000 7.498422
245.001000 6.042324
246.000000 7.211479
247.000000 4.683384
248.000000 3.694592
249.001000 7.525019
250.000000 6.701546
251.001000 4.440200
252.001000 3.460488
253.000000 3.455355
254.000000 2.762052
255.000000 3.605900
256.000000 2.905640
257.001000 3.411776
258.000000 3.472501
259.000000 3.802028
260.000000 3.355172
261.000000 2.774184
262.000000 2.888732
263.000000 5.619352
264.000000 3.917840
265.000000 3.495304
266.000000 2.639872
267.000000 2.908040
268.001000 6.051932
269.000000 7.396581
270.001000 6.319253
271.001000 4.229324
272.001000 3.195236
273.000000 0.389510
274.000000 3.411968
275.000000 6.298480
276.001000 1.737183
277.000000 4.287299
278.001000 3.481435
279.001000 2.651464
280.001000 2.435136
281.000000 1.740012
282.001000 2.439592
283.000000 1.771540
284.000000 2.841584
285.001000 2.908771
286.000000 3.924793
287.000000 3.300836
288.000000 4.054316
289.001000 4.284356
290.000000 3.559632
291.000000 2.451312
292.000000 2.650972
293.000000 2.204524
294.000000 4.409308
295.001000 4.190785
296.000000 4.373241
297.000000 4.361948
298.000000 4.423680
299.001000 4.975852
300.000000 4.616024
301.000000 4.726960
302.000000 3.075744
303.001000 3.771824
304.000000 4.219856
305.001000 3.346669
306.000000 3.767147
307.000000 3.622220
308.000000 4.571988
309.000000 3.800348
310.001000 3.246729
311.000000 3.076517
312.000000 2.946444
313.000000 2.181348
314.001000 4.992979
315.000000 4.854699
316.000000 5.144540
317.001000 5.553730
318.001000 3.780608
319.000000 7.855792
320.000000 7.383040
321.001000 8.171540
322.000000 5.992296
323.000000 6.971392
324.000000 3.641344
325.000000 5.777408
326.000000 7.462912
327.000000 7.841792
328.000000 7.161856
329.001000 6.641167
330.000000 4.354306
331.000000 3.899392
332.000000 7.780352
333.000000 5.312172
334.000000 4.611508
335.001000 3.238010
336.001000 5.468160
337.001000 3.488176
338.000000 3.293037
339.000000 2.537064
340.000000 4.370432
341.000000 6.545408
342.001000 6.945550
343.000000 6.842146
344.001000 6.010490
345.000000 4.175119
346.001000 3.144631
347.001000 4.836536
348.000000 2.502030
349.000000 4.217300
350.000000 3.651916
351.000000 4.828116
352.000000 3.317868
353.000000 3.491424
354.000000 3.956276
355.000000 3.620060
356.000000 2.707140
357.001000 1.976240
358.001000 2.470496
359.001000 2.273764
360.000000 2.892020
361.001000 4.388380
362.000000 3.997734
363.000000 3.593456
364.000000 2.767756
365.001000 2.335045
366.000000 1.779532
367.000000 3.531760
368.000000 3.556724
369.000000 3.419176
370.001000 2.582881
371.000000 2.707704
372.000000 2.549508
373.000000 1.643212
374.000000 5.630264
375.000000 3.596676
376.000000 3.699344
377.000000 3.036084
378.000000 3.071652
379.001000 1.932835
380.000000 2.554607
381.000000 3.977664
382.000000 3.777844
383.000000 3.974736
384.000000 3.846464
385.000000 3.481120
386.000000 4.065632
387.000000 3.105248
388.000000 3.256328
389.000000 3.735464
390.000000 3.318356
391.000000 4.137508
392.000000 4.276556
393.001000 4.331956
394.001000 4.453216
395.000000 3.022543
396.001000 4.699556
397.000000 3.989694
398.000000 3.982744
399.000000 4.008096
400.000000 3.673016
401.000000 4.108340
402.000000 3.774144
403.000000 3.903364
404.000000 3.955032
405.000000 3.765048
406.001000 4.050649
407.000000 3.635147
408.000000 3.472448
409.000000 3.384984
410.000000 3.416356
411.000000 3.296528
412.000000 3.287772
413.000000 3.396160
414.000000 3.060760
415.001000 2.763333
416.000000 3.052280
417.000000 3.015424
418.000000 2.990384
