0.000000 0.742219
1.000000 3.188668
1.999000 5.081057
2.999000 6.071984
4.000000 5.199429
4.999000 3.505145
5.999000 4.204228
7.000000 2.551908
7.999000 2.021974
8.999000 2.277224
9.999000 2.292644
11.000000 3.375477
12.000000 3.171244
12.999000 3.843984
14.000000 3.075756
14.999000 1.573021
15.999000 6.563732
16.999000 3.809448
17.999000 4.835584
18.999000 3.995164
19.999000 3.102668
20.999000 4.055040
21.999000 7.688192
22.999000 4.621916
23.999000 2.987168
25.000000 2.833646
25.999000 4.218947
26.999000 3.847424
28.021000 3.141159
28.999000 3.591828
30.001000 3.408136
30.999000 6.111166
31.999000 4.031508
32.999000 2.200584
33.999000 2.446024
34.999000 2.013160
35.999000 2.203980
36.999000 1.342608
37.999000 1.391836
38.999000 0.649036
40.000000 0.000000
41.000000 2.435836
41.999000 3.052228
42.999000 1.702524
44.000000 1.945914
45.000000 1.943168
45.999000 1.490330
46.999000 0.514936
48.000000 3.781223
48.999000 3.072649
50.000000 2.946937
50.999000 3.023431
51.999000 1.893940
53.000000 2.001127
53.999000 2.104985
54.999000 1.540116
55.999000 1.366172
56.999000 0.455624
57.999000 0.000000
58.999000 0.000000
59.999000 0.000000
60.999000 3.392916
61.999000 0.545940
62.999000 0.110536
63.999000 0.032352
64.999000 0.860024
66.000000 0.000000
66.999000 0.000000
68.000000 0.086186
68.999000 2.797201
70.000000 0.500955
70.999000 0.793417
71.999000 1.060876
72.999000 0.874852
74.000000 0.976324
75.000000 0.761620
75.999000 0.788020
76.999000 0.717836
78.000000 0.595868
79.000000 0.591772
79.999000 0.669277
80.999000 0.657824
81.999000 0.757576
82.999000 0.939556
83.999000 0.864068
84.999000 0.039092
85.999000 0.004044
86.999000 0.000000
87.999000 1.361356
88.999000 1.991120
89.999000 0.729268
91.000000 0.732579
91.999000 0.789369
92.999000 0.726572
94.000000 0.786446
94.999000 0.835247
95.999000 0.549440
97.000000 1.102106
97.999000 1.285930
98.999000 1.001564
99.999000 1.245552
100.999000 0.803408
101.999000 0.388224
103.000000 0.000000
104.000000 0.009436
104.999000 0.000000
105.999000 0.000000
107.000000 0.072332
108.000000 1.498016
108.999000 1.063287
109.999000 0.091664
110.999000 0.000000
111.999000 0.805508
112.999000 0.523620
113.999000 0.000000
114.999000 0.253580
116.000000 1.382857
117.000000 0.923380
118.000000 0.525720
118.999000 0.518150
119.999000 0.749488
120.999000 0.601208
122.000000 0.371676
122.999000 0.476320
123.999000 0.277688
125.000000 0.000000
125.999000 0.000000
127.000000 1.229495
127.999000 0.572124
129.000000 0.985750
129.999000 0.701662
130.999000 0.496064
131.999000 0.692872
132.999000 0.427316
134.000000 0.165638
135.000000 0.000000
135.999000 0.184861
136.999000 0.083576
137.999000 0.000000
138.999000 0.000000
139.999000 1.511108
141.000000 0.049826
141.999000 1.172585
142.999000 0.663892
144.000000 1.218046
145.000000 0.749488
145.999000 0.420997
146.999000 0.109188
148.000000 1.176975
148.999000 0.484416
150.000000 0.277411
150.999000 0.066118
151.999000 0.753532
152.999000 0.417880
153.999000 1.240160
154.999000 1.463928
156.000000 0.917071
156.999000 0.423696
157.999000 1.415400
158.999000 1.122884
160.000000 0.702953
160.999000 1.020108
162.000000 0.544048
162.999000 0.647688
163.999000 0.982692
165.000000 0.859632
166.000000 0.918868
166.999000 0.580220
167.999000 0.811496
168.999000 1.005608
170.000000 1.131189
170.999000 0.972881
171.999000 0.829020
172.999000 0.063356
173.999000 2.644776
174.999000 1.824544
176.000000 1.477926
176.999000 0.983676
178.000000 0.385143
179.000000 2.741936
179.999000 1.945658
180.999000 1.633776
181.999000 1.604588
183.000000 1.915820
183.999000 2.297942
185.000000 2.386322
185.999000 2.389994
186.999000 2.450316
188.000000 1.793742
189.000000 1.213200
189.999000 1.056541
190.999000 0.994824
191.999000 0.938208
192.999000 1.391136
193.999000 1.442360
194.999000 1.285992
195.999000 1.199720
196.999000 1.223984
197.999000 1.865632
198.999000 1.763184
199.999000 1.730832
200.999000 0.477192
201.999000 1.239400
202.999000 2.575440
203.999000 0.544592
204.999000 0.000000
205.999000 0.000000
207.000000 0.000000
207.999000 2.624484
208.999000 1.921500
209.999000 1.148544
211.000000 1.597830
212.000000 1.689096
213.000000 1.768472
213.999000 1.540957
214.999000 1.862936
215.999000 1.811064
217.000000 1.713590
218.000000 1.945916
218.999000 2.283904
220.000000 3.093055
220.999000 3.296889
221.999000 3.198376
222.999000 3.506748
223.999000 3.468920
224.999000 3.680272
225.999000 2.801292
226.999000 1.527136
227.999000 5.227544
228.999000 4.070024
230.000000 3.249063
230.999000 2.943295
232.000000 3.381083
233.000000 2.813328
233.999000 3.302559
234.999000 2.770736
235.999000 3.911896
236.999000 3.085132
237.999000 2.250252
238.999000 2.560604
239.999000 3.325620
241.000000 3.191441
242.000000 3.091616
242.999000 3.593133
243.999000 3.135680
245.000000 3.466306
245.999000 4.423067
246.999000 4.235264
247.999000 5.194204
248.999000 4.095664
249.999000 3.931764
251.000000 2.689618
251.999000 3.221978
252.999000 3.553596
253.999000 2.286940
254.999000 4.416664
255.999000 0.474496
256.999000 2.491140
258.000000 2.166729
258.999000 2.191343
259.999000 1.841576
260.999000 1.768088
262.000000 2.013526
263.000000 2.077268
263.999000 1.777093
265.000000 0.663900
265.999000 2.277606
266.999000 1.715792
267.999000 0.263168
268.999000 2.677128
270.000000 1.884647
271.000000 1.944484
271.999000 2.009265
272.999000 2.001696
273.999000 3.165856
274.999000 3.522220
275.999000 2.766096
276.999000 2.619164
278.000000 1.370893
278.999000 0.171367
279.999000 3.623444
280.999000 5.110248
282.000000 2.933011
283.000000 3.534456
283.999000 3.063023
285.000000 2.038833
285.999000 2.719095
287.000000 3.666781
287.999000 3.070474
288.999000 3.886804
289.999000 4.006380
290.999000 3.740700
291.999000 3.233792
292.999000 5.469596
294.000000 4.339564
294.999000 4.224813
295.999000 2.557156
296.999000 2.743008
297.999000 6.064824
299.000000 5.455481
299.999000 4.714438
300.999000 3.880960
301.999000 4.298752
303.000000 5.108747
303.999000 6.902519
304.999000 4.972852
305.999000 2.889844
307.000000 4.502446
307.999000 4.141101
308.999000 7.469384
309.999000 4.961408
310.999000 5.698576
312.000000 3.505063
313.000000 4.378624
314.000000 7.071744
314.999000 7.408881
316.000000 5.916711
316.999000 4.445325
318.000000 3.729774
318.999000 5.498486
319.999000 4.253152
320.999000 3.739140
322.000000 2.733534
322.999000 3.936224
324.000000 2.787572
324.999000 2.266907
325.999000 2.092100
326.999000 1.902024
328.014000 0.666696
328.999000 0.000000
329.999000 2.987168
330.999000 1.081096
331.999000 0.288472
332.999000 2.062440
333.999000 0.768076
334.999000 0.761256
335.999000 0.959076
336.999000 1.250944
338.000000 0.957471
339.000000 1.042396
340.000000 0.811752
340.999000 0.711107
341.999000 0.707700
343.000000 0.000000
344.000000 2.613124
344.999000 1.395876
345.999000 1.371616
346.999000 1.325732
348.000000 0.705646
348.999000 0.344084
349.999000 0.000000
350.999000 1.978864
351.999000 0.559420
352.999000 0.264208
354.000000 1.848955
354.999000 1.203620
355.999000 0.957080
356.999000 0.717136
357.999000 0.765664
358.999000 0.893724
359.999000 1.161976
360.999000 0.984040
361.999000 1.039360
363.000000 1.001858
364.000000 1.121536
364.999000 1.532861
365.999000 1.500324
366.999000 1.775348
367.999000 1.671488
368.999000 1.708616
369.999000 1.793488
370.999000 1.809924
371.999000 1.728576
372.999000 1.849456
374.000000 1.960727
374.999000 1.657209
375.999000 1.769716
376.999000 1.616880
377.999000 0.127432
379.000000 3.125582
380.001000 1.894406
380.999000 1.904152
382.000000 2.454274
383.000000 1.578508
383.999000 1.808128
384.999000 1.531328
385.999000 0.000000
386.999000 3.117692
387.999000 1.435852
389.000000 1.151389
389.999000 0.232088
390.999000 0.068748
392.000000 0.000000
393.000000 0.038652
394.000000 3.703396
394.999000 1.124008
396.000000 1.474585
397.000000 1.225204
398.000000 1.205188
398.999000 1.065986
399.999000 1.198684
400.999000 1.199408
401.999000 1.000916
402.999000 1.565676
403.999000 0.851936
404.999000 0.226464
406.000000 0.000000
407.000000 1.884504
407.999000 1.407423
408.999000 1.705532
410.000000 2.070789
411.000000 1.822496
411.999000 2.304697
412.999000 2.334728
413.999000 2.038176
414.999000 1.490888
415.999000 1.008564
416.999000 2.358276
418.000000 2.647105
418.999000 3.017586
419.999000 3.016564
420.999000 2.795752
421.999000 2.081312
422.999000 1.800928
424.000000 1.999780
425.001000 1.882130
426.000000 1.893630
426.999000 2.036168
427.999000 2.335436
428.999000 2.576676
429.999000 1.683652
431.000000 0.618114
431.999000 0.311884
432.999000 1.413168
433.999000 0.132104
434.999000 0.000000
435.999000 2.817348
436.999000 1.054108
437.999000 0.803236
438.999000 3.863180
440.000000 1.885674
440.999000 1.822971
441.999000 1.550304
443.000000 2.038134
444.000000 2.361592
445.000000 2.641044
446.000000 2.928584
447.000000 2.703048
447.999000 2.538703
448.999000 2.857548
449.999000 2.186352
450.999000 2.681560
451.999000 2.504636
452.999000 2.375124
454.000000 2.366673
455.000000 2.555204
455.999000 2.258811
456.999000 2.417664
457.999000 2.305728
458.999000 2.315864
459.999000 2.254556
460.999000 2.108920
462.000000 1.542334
462.999000 1.684921
463.999000 2.516716
465.000000 0.000000
466.000000 4.041304
466.999000 1.634062
468.000000 2.036839
468.999000 1.918074
469.999000 1.821148
471.000000 1.036923
472.000000 0.000000
472.999000 0.877077
473.999000 0.072792
474.999000 0.000000
475.999000 2.450664
476.999000 0.694220
477.999000 0.405912
478.999000 3.153508
479.999000 1.519844
481.000000 1.349994
482.000000 0.799364
482.999000 0.005397
484.000000 0.964000
485.000000 2.671344
485.999000 1.702126
487.000000 2.037538
487.999000 2.117726
488.999000 1.610860
490.000000 1.307600
490.999000 1.269738
492.000000 0.968244
493.000000 0.671304
493.999000 0.000000
495.000000 2.110206
496.000000 0.975952
496.999000 0.457429
498.000000 0.000000
498.999000 1.445153
499.999000 0.680740
501.000000 0.724500
502.000000 0.671304
502.999000 0.315748
503.999000 0.000000
504.999000 0.000000
505.999000 0.000000
507.000000 0.022893
507.999000 3.554887
508.999000 0.949640
509.999000 1.061032
510.999000 1.018932
512.000000 0.717766
512.999000 0.913510
513.999000 0.911248
514.999000 0.808800
516.000000 0.626194
517.000000 0.000000
517.999000 0.673325
518.999000 1.552896
519.999000 0.585032
520.999000 0.717136
522.000000 0.898218
523.000000 0.682088
524.000000 0.101100
524.999000 0.313049
525.999000 1.384396
527.000000 0.100999
527.999000 1.148296
528.999000 0.591772
529.999000 0.384180
530.999000 0.815540
531.999000 0.715244
532.999000 0.357764
534.000000 0.072719
534.999000 0.000000
536.000000 0.096959
536.999000 0.000000
538.000000 0.000000
538.999000 1.907219
539.999000 1.134428
540.999000 0.601208
541.999000 0.791276
542.999000 0.494716
543.999000 0.373396
545.000000 0.107732
545.999000 0.000000
546.999000 1.449100
547.999000 0.678044
549.000000 0.276064
549.999000 0.144380
551.000000 0.000000
552.000000 0.212624
552.999000 0.420008
554.000000 0.876671
554.999000 0.453381
555.999000 0.423272
556.999000 0.904508
558.000000 0.919764
558.999000 0.589017
559.999000 0.539848
561.000000 1.055776
562.000000 0.959440
562.999000 0.943532
563.999000 0.624124
564.999000 0.554028
565.999000 0.504152
567.000000 0.636967
567.999000 0.597762
568.999000 0.107840
569.999000 0.315432
571.000000 1.242961
571.999000 0.194306
573.000000 0.000000
574.000000 1.806320
574.999000 1.148296
575.999000 1.219940
577.000000 0.970937
577.999000 0.252328
579.000000 0.929191
580.000000 0.525720
581.000000 0.533808
581.999000 0.635544
582.999000 0.702308
583.999000 0.409352
585.000000 0.465890
585.999000 0.509197
587.000000 0.879365
587.999000 1.118611
588.999000 1.409776
590.000000 1.329379
590.999000 1.043047
591.999000 0.589076
593.000000 0.880711
593.999000 0.646627
594.999000 0.819296
596.000000 0.168332
596.999000 2.079347
597.999000 1.122884
598.999000 1.206460
599.999000 1.478756
600.999000 1.487544
601.999000 1.441660
603.000000 1.306254
603.999000 0.561329
604.999000 0.049876
606.000000 2.061726
606.999000 1.740661
608.000000 1.531145
608.999000 1.762250
609.999000 2.493152
611.000000 1.951948
611.999000 1.940364
613.000000 2.317590
613.999000 2.330326
614.999000 1.709264
615.999000 1.112100
616.999000 1.161976
617.999000 1.094584
618.999000 1.271224
620.000000 1.134462
621.000000 0.765664
622.000000 1.499676
622.999000 2.527956
623.999000 3.444164
624.999000 3.686604
626.000000 3.021367
627.000000 2.445972
628.000000 1.879760
628.999000 1.723924
629.999000 1.658584
630.999000 1.246900
632.000000 1.306254
632.999000 1.429870
634.003000 3.414745
634.999000 4.346936
635.999000 3.100948
637.001000 2.029752
637.999000 1.615699
638.999000 2.519308
639.999000 1.525780
640.999000 1.750456
641.999000 1.224528
642.999000 0.304648
643.999000 1.940072
645.000000 3.182541
645.999000 2.588052
646.999000 4.206280
648.000000 4.882442
648.999000 4.321506
649.999000 6.928696
651.000000 4.310689
651.999000 4.004605
652.999000 2.914376
653.999000 2.811588
654.999000 4.177948
655.999000 4.895372
656.999000 5.763968
657.999000 4.430148
