0.000000 0.852736
1.001000 2.502082
2.000000 2.727688
3.000000 2.725656
4.001000 3.452819
5.001000 3.282380
6.000000 2.565113
7.001000 2.444436
8.001000 2.641640
9.000000 3.392737
10.001000 4.303664
11.000000 5.477790
12.000000 5.598780
13.001000 5.101311
14.000000 3.354963
15.000000 4.749664
16.000000 3.492668
17.000000 3.113336
18.001000 3.791692
19.001000 3.523564
20.001000 2.937196
21.000000 2.886142
22.000000 2.341476
23.000000 2.137928
24.001000 2.683880
25.001000 2.545024
26.000000 0.018891
27.001000 0.000000
28.000000 4.725806
29.001000 3.840583
30.000000 3.041121
31.000000 2.523456
32.000000 3.113908
33.000000 2.887388
34.000000 2.582396
35.000000 3.111116
36.001000 2.969267
37.000000 2.730278
38.000000 2.266688
39.000000 1.881756
40.001000 0.670633
41.000000 0.809610
42.000000 1.733528
43.000000 1.658040
44.000000 1.415400
45.000000 2.034132
46.000000 1.742964
47.000000 1.716004
48.000000 2.265988
49.000000 2.316464
50.001000 2.741187
51.000000 2.953726
52.000000 2.914040
53.000000 3.093504
54.000000 3.087432
55.000000 3.446816
56.001000 2.708120
57.000000 2.760925
58.000000 2.344016
59.000000 1.417304
60.000000 2.710272
61.000000 1.628384
62.000000 2.410208
63.000000 6.988172
64.000000 5.046272
65.001000 2.852060
66.001000 4.186112
67.000000 5.904144
68.000000 7.217152
69.000000 6.299648
70.000000 1.724416
71.000000 4.026368
72.000000 6.539264
73.000000 7.284736
74.000000 7.319552
75.000000 4.886528
76.001000 4.820268
77.000000 6.843067
78.000000 6.930432
79.000000 7.753728
80.000000 4.630528
81.000000 4.028416
82.001000 7.109690
83.000000 7.109574
84.000000 7.127040
85.000000 4.507648
86.000000 3.690496
87.000000 7.081984
88.000000 7.090176
89.000000 5.054332
90.000000 3.502488
91.000000 4.791768
92.000000 5.349664
93.000000 4.879292
94.000000 4.787732
95.000000 3.793120
96.000000 5.056500
97.000000 5.734348
98.000000 6.700700
99.000000 6.619136
100.001000 5.180356
101.000000 4.106250
102.000000 5.873664
103.000000 7.407616
104.001000 7.128104
105.000000 5.531035
106.001000 3.647936
107.000000 6.437157
108.001000 6.937830
109.000000 6.978370
110.000000 5.718016
111.000000 4.325376
112.000000 6.494208
113.001000 6.870314
114.001000 7.294976
115.000000 5.241978
116.000000 4.057088
117.000000 6.240256
118.000000 6.428672
119.001000 7.017622
120.000000 6.023047
121.000000 3.416064
122.000000 5.451776
123.000000 7.077888
124.000000 6.739968
125.000000 4.214784
126.001000 2.766130
127.000000 4.973421
128.000000 5.895980
129.000000 5.850892
130.000000 4.775936
131.001000 2.729303
132.000000 4.407608
133.000000 7.282688
134.001000 7.181299
135.001000 6.414336
136.000000 4.752016
137.000000 4.177920
138.000000 6.483968
139.001000 7.529111
140.000000 5.323980
141.000000 0.917504
142.000000 3.457024
143.000000 6.684672
144.000000 6.934528
145.000000 6.258688
146.000000 4.755456
147.000000 5.365760
148.000000 7.163904
149.000000 6.979584
150.001000 5.882118
151.001000 3.866624
152.000000 5.239928
153.000000 7.000064
154.001000 7.050358
155.001000 6.025216
156.001000 4.458496
157.001000 4.708352
158.000000 6.400256
159.000000 7.131136
160.000000 5.861376
161.000000 4.112384
162.001000 5.245826
163.002000 6.909187
164.001000 7.089073
165.000000 6.504809
