0.000000 0.000000
0.999000 1.593582
2.000000 1.799828
2.999000 1.409369
3.999000 2.425184
5.000000 5.482849
5.999000 3.433337
6.999000 3.091768
7.999000 1.641252
8.999000 1.204224
9.999000 4.722040
10.999000 5.033952
11.999000 3.568908
12.999000 4.418304
13.999000 3.574712
15.000000 4.862170
15.999000 4.722931
16.999000 4.917192
17.999000 4.197672
18.999000 3.365800
19.999000 5.685260
21.000000 4.384116
21.999000 3.126322
22.999000 4.060324
23.999000 2.768724
24.999000 1.064960
25.999000 1.778012
26.999000 4.149344
28.000000 2.748476
28.999000 2.676953
29.999000 3.379436
30.999000 2.714872
31.999000 1.945164
33.000000 1.955341
33.999000 1.385782
34.999000 0.892376
36.000000 1.486705
36.999000 0.118743
37.999000 1.823844
38.999000 0.265556
39.999000 0.634312
40.999000 1.287444
41.999000 0.894216
42.999000 2.165588
44.000000 2.393650
45.000000 2.549068
45.999000 2.430178
46.999000 2.731756
47.999000 3.067392
49.000000 3.136304
49.999000 3.280268
51.000000 2.072500
52.000000 3.093228
52.999000 2.783628
54.000000 1.126877
55.000000 3.471360
56.000000 1.944340
56.999000 3.210803
57.999000 2.004688
58.999000 2.753104
59.999000 1.962040
60.999000 2.816880
61.999000 2.011632
62.999000 2.138548
63.999000 1.597380
64.999000 0.279036
65.999000 0.737356
67.000000 1.925714
67.999000 2.941582
68.999000 2.803840
70.000000 2.390414
70.999000 0.886418
71.999000 0.346436
73.000000 2.821043
73.999000 4.348849
75.000000 4.036220
76.000000 3.872804
76.999000 3.245185
77.999000 3.679796
79.000000 3.823556
79.999000 4.545794
81.000000 4.522014
81.999000 4.168188
82.999000 4.162780
84.000000 3.605363
84.999000 4.700813
85.999000 3.937924
86.999000 2.088076
87.999000 4.611508
88.999000 1.568768
90.000000 5.452903
91.000000 2.062440
92.000000 5.697996
92.999000 1.619219
93.999000 3.292348
94.999000 3.651952
95.999000 3.714104
97.000000 1.845794
97.999000 2.325269
98.999000 1.437152
99.999000 2.627584
100.999000 4.080752
101.999000 3.519848
102.999000 5.150624
103.999000 3.275400
104.999000 5.599140
105.999000 3.780536
107.000000 3.996587
107.999000 3.952889
109.000000 2.812096
109.999000 3.480621
110.999000 3.829668
111.999000 3.065352
113.003000 5.213422
113.999000 5.906241
114.999000 4.628480
116.000000 7.391049
116.999000 5.914490
117.999000 6.557528
119.000000 5.435988
119.999000 2.941822
120.999000 7.237632
121.999000 7.794688
123.000000 7.330653
123.999000 5.475684
124.999000 3.543040
125.999000 7.098368
126.999000 7.315456
127.999000 5.538920
128.999000 3.219024
129.999000 0.830224
131.000000 7.127996
131.999000 7.064112
132.999000 7.291080
133.999000 5.506868
135.000000 3.551776
136.000000 7.876608
136.999000 8.064897
137.999000 7.522304
139.000000 5.767544
139.999000 2.734767
141.000000 0.967736
141.999000 7.226426
142.999000 8.192000
143.999000 6.178816
144.999000 4.171776
146.000000 7.054450
146.999000 7.388380
148.000000 7.451365
148.999000 5.618655
149.999000 3.854336
150.999000 5.961728
151.999000 8.007680
152.999000 7.362372
154.000000 4.746677
154.999000 4.624913
155.999000 5.914624
157.000000 7.766442
157.999000 8.003395
159.000000 6.755740
159.999000 3.321081
160.999000 5.593088
161.999000 7.804928
162.999000 7.653376
164.000000 5.451652
164.999000 3.893045
165.999000 5.560320
166.999000 3.347348
168.000000 1.255265
168.999000 4.636180
169.999000 2.964252
170.999000 3.321472
171.999000 5.355716
172.999000 5.807072
173.999000 3.999444
174.999000 3.674112
175.999000 4.496448
176.999000 3.943192
177.999000 3.914124
178.999000 2.960640
180.000000 3.846873
180.999000 4.624220
182.000000 5.819928
182.999000 4.254743
183.999000 4.157296
184.999000 2.819276
185.999000 2.817084
186.999000 3.263240
188.000000 2.254194
189.000000 2.770140
190.000000 1.618948
190.999000 2.126575
191.999000 2.184644
192.999000 2.565708
194.000000 2.211956
194.999000 2.156653
195.999000 3.817740
196.999000 2.518064
197.999000 2.573332
198.999000 2.986392
199.999000 2.799276
200.999000 2.863100
201.999000 1.671264
202.999000 2.233400
204.000000 4.029479
204.999000 3.845145
205.999000 3.134412
206.999000 3.959412
208.000000 2.940631
208.999000 3.071580
209.999000 3.799040
211.000000 4.190410
212.000000 4.378304
212.999000 3.347928
213.999000 5.832996
214.999000 2.714848
216.000000 5.430685
216.999000 4.742963
217.999000 5.015908
219.000000 2.644959
219.999000 2.811668
221.000000 5.145602
222.000000 1.933184
222.999000 1.754154
224.000000 0.853778
224.999000 2.551620
225.999000 3.865500
227.000000 3.711449
227.999000 4.243808
228.999000 1.663380
229.999000 3.325536
230.999000 5.345888
231.999000 4.940420
232.999000 4.720156
233.999000 3.820772
234.999000 3.629784
236.000000 4.995792
236.999000 3.815283
238.000000 5.992132
238.999000 3.523628
239.999000 2.600208
240.999000 4.718060
242.000000 4.287768
242.999000 3.158827
244.000000 3.638657
244.999000 2.211764
245.999000 4.504836
246.999000 3.191268
247.999000 2.749228
248.999000 2.949564
249.999000 3.116544
250.999000 1.054168
251.999000 1.376308
253.000000 1.364160
253.999000 1.385782
255.000000 4.326565
256.000000 3.939088
256.999000 3.518563
257.999000 2.399980
258.999000 3.264468
260.000000 3.801383
260.999000 4.238915
262.000000 3.241395
262.999000 2.062507
264.000000 2.823233
264.999000 1.683988
265.999000 1.144452
266.999000 2.682936
267.999000 0.258400
268.999000 1.062224
269.999000 0.578292
270.999000 2.519412
272.000000 1.277974
272.999000 0.974230
273.999000 1.082444
274.999000 0.830368
276.000000 0.917071
276.999000 0.836597
277.999000 0.730616
278.999000 0.222420
279.999000 0.824976
280.999000 1.841368
281.999000 0.471800
282.999000 0.459668
284.000000 1.321067
285.000000 1.098620
285.999000 0.597762
286.999000 1.027396
288.000000 2.251385
288.999000 1.543656
289.999000 1.790144
290.999000 1.085140
291.999000 1.410008
293.000000 2.465415
293.999000 2.861578
294.999000 2.038176
295.999000 3.170496
296.999000 1.186240
297.999000 1.457888
298.999000 1.599376
299.999000 1.188936
300.999000 0.451580
301.999000 0.217028
302.999000 0.181980
303.999000 0.659172
304.999000 0.869460
305.999000 1.596032
307.000000 1.496132
307.999000 1.329109
308.999000 0.000000
309.999000 3.473796
310.999000 1.776664
311.999000 1.702992
312.999000 0.151856
314.000000 2.224671
314.999000 2.107684
316.000000 1.668503
316.999000 2.025497
317.999000 1.443584
318.999000 2.054352
319.999000 1.111964
321.000000 2.381491
322.000000 2.463336
322.999000 2.114066
324.000000 2.130406
324.999000 2.140068
325.999000 1.682304
327.000000 2.060380
327.999000 2.233173
328.999000 2.097488
329.999000 2.193196
331.000000 2.194194
331.999000 2.252917
332.999000 2.133884
333.999000 2.241724
335.000000 1.844915
336.000000 2.431792
336.999000 1.771696
337.999000 2.122400
338.999000 1.566376
339.999000 2.369784
340.999000 2.241724
341.999000 1.844064
342.999000 2.426400
343.999000 2.505932
345.000000 1.609251
