0.000000 0.944837
1.000000 3.538500
2.001000 4.002254
3.000000 3.876681
4.000000 3.504076
5.000000 3.202224
6.001000 2.959944
7.000000 3.343688
8.000000 3.045132
9.000000 3.398308
10.000000 2.907636
11.001000 2.428172
12.000000 1.708120
13.000000 2.363044
14.000000 1.163324
15.000000 3.731264
16.000000 3.398308
17.000000 3.338996
18.000000 2.861804
19.001000 3.525590
20.001000 3.264208
21.000000 3.181662
22.000000 2.765500
23.001000 2.990529
24.001000 2.435296
25.000000 4.337894
26.001000 4.143393
27.000000 4.158747
28.000000 4.043968
29.000000 5.943296
30.000000 5.582788
31.000000 4.678512
32.001000 5.530446
33.000000 5.245357
34.001000 5.561510
35.000000 5.858274
36.000000 3.817472
37.000000 5.775360
38.001000 5.572456
39.000000 4.904372
40.001000 4.157379
41.000000 4.743816
42.000000 4.575288
43.000000 4.465664
44.001000 4.269618
45.001000 4.362240
46.000000 5.213277
47.000000 6.703104
48.000000 5.429112
49.001000 4.666410
50.001000 3.117116
51.000000 5.132521
52.001000 5.579393
53.000000 3.915307
54.001000 3.934921
55.000000 4.145201
56.000000 4.200292
57.000000 4.247624
58.000000 4.064220
59.000000 4.367628
60.000000 3.879424
61.001000 4.757738
62.000000 4.031247
63.000000 4.339332
64.000000 3.834848
65.001000 3.555912
66.000000 4.579896
67.000000 3.875896
68.000000 5.001932
69.001000 6.447477
70.001000 3.738924
71.000000 4.696665
72.000000 6.320128
73.000000 6.715392
74.000000 6.885376
75.001000 5.217183
76.000000 3.772092
77.000000 5.963776
78.001000 6.532731
79.001000 6.819840
80.000000 5.416232
81.000000 4.440064
82.001000 5.356308
83.000000 6.830767
84.000000 6.780928
85.000000 5.548032
86.000000 4.542464
87.000000 5.386240
88.000000 6.553600
89.000000 6.901760
90.000000 5.869568
91.000000 3.118296
92.001000 2.274498
93.001000 2.225548
94.000000 2.011880
95.000000 1.917556
96.000000 2.239676
97.000000 2.314516
98.000000 2.354956
99.001000 1.310294
100.000000 2.249365
101.000000 4.140720
102.000000 3.464696
103.001000 3.225235
104.000000 2.013229
105.001000 2.127065
106.000000 3.120216
107.001000 3.769778
108.000000 3.719584
109.000000 3.264724
110.001000 3.522845
111.001000 1.277952
112.000000 6.666362
113.001000 3.778294
114.000000 3.833686
115.000000 2.476392
116.001000 3.048472
117.000000 3.263504
118.000000 3.896420
119.001000 2.967325
120.000000 2.018627
121.000000 4.429452
122.000000 4.628844
123.000000 3.538116
124.001000 2.636048
125.001000 2.317212
126.000000 3.736036
127.000000 3.590684
128.001000 4.116739
129.001000 4.641508
130.000000 4.306967
131.000000 3.854336
132.000000 3.614724
133.000000 3.196316
134.001000 3.406865
135.000000 3.062258
136.000000 2.753340
137.000000 2.767444
138.000000 2.381916
139.001000 2.518941
140.001000 2.474228
141.001000 2.478196
142.000000 2.395872
143.000000 1.325188
144.001000 0.896068
145.000000 0.748292
146.000000 5.214336
147.000000 3.753156
148.000000 2.450664
149.001000 2.789774
150.000000 3.758430
151.000000 3.440584
152.000000 4.562856
153.001000 3.807249
154.001000 3.479420
155.000000 3.257822
156.001000 1.941694
157.000000 3.650170
158.000000 3.214980
159.000000 3.285076
160.000000 2.924280
161.000000 2.801376
162.001000 1.654338
163.001000 2.516484
164.000000 3.192196
165.000000 2.952120
166.000000 3.330424
167.001000 3.659704
168.001000 2.472464
169.000000 4.185722
170.000000 4.167460
171.001000 3.576092
172.000000 6.355155
173.001000 5.079844
174.001000 5.747024
175.000000 5.500412
176.000000 4.306188
177.001000 4.746613
178.000000 6.371556
179.001000 6.759832
180.000000 6.133666
181.000000 4.499456
182.000000 4.538368
183.000000 6.258688
184.000000 6.897664
185.000000 6.172060
186.000000 4.802756
187.000000 4.687872
188.000000 5.699584
189.000000 5.611960
190.001000 4.284955
191.001000 4.032216
192.000000 4.031968
193.000000 5.551108
194.000000 4.954600
195.001000 3.909766
196.000000 3.405469
197.000000 3.534848
198.000000 4.903160
199.000000 6.622476
200.001000 6.774154
201.000000 3.847359
202.001000 4.848911
203.001000 6.725632
204.001000 6.641664
205.001000 6.922240
206.000000 5.461333
207.001000 4.558386
208.001000 5.468160
209.000000 6.662663
210.000000 7.004160
211.000000 5.806080
212.000000 3.336192
213.000000 5.441536
214.000000 6.606848
215.000000 6.764544
216.001000 5.110793
217.001000 3.657728
218.001000 6.668288
219.000000 6.879968
220.001000 6.600248
221.000000 6.090699
222.000000 4.044800
223.000000 5.189632
224.000000 6.651904
225.000000 6.848512
226.001000 5.910761
227.000000 4.540861
228.000000 5.484544
229.000000 5.783552
230.000000 6.844416
231.000000 5.726208
232.000000 6.529024
233.000000 1.753088
234.000000 2.420736
235.000000 4.687872
236.001000 3.191688
237.001000 3.276800
238.000000 3.888945
239.001000 6.438617
240.000000 6.740565
241.001000 6.712775
242.001000 5.169152
243.001000 4.079616
244.001000 6.653952
245.000000 4.800757
246.000000 2.483484
247.000000 3.648672
248.000000 5.562368
249.000000 5.609472
250.000000 6.537216
251.000000 6.553600
252.000000 6.037504
253.000000 5.736448
254.000000 5.922816
255.001000 5.841199
256.000000 4.735616
257.000000 4.110336
258.000000 6.270976
259.000000 7.100416
260.000000 6.316032
261.001000 4.771165
262.000000 5.432633
263.000000 5.081088
264.000000 6.492160
265.000000 6.490112
266.000000 6.418432
267.000000 5.062656
268.000000 5.140480
269.000000 5.840896
270.000000 5.087232
271.000000 6.582272
272.001000 5.172172
273.000000 5.166126
274.001000 1.681774
275.000000 5.198927
276.000000 7.213056
277.000000 6.993920
278.000000 2.354036
279.000000 6.387712
280.000000 6.604800
281.000000 6.711296
282.001000 6.682086
283.001000 5.015552
284.000000 3.954547
285.000000 6.041600
286.000000 6.774784
287.001000 6.770062
288.000000 4.551111
289.000000 4.419584
290.000000 6.764544
291.000000 6.770688
292.000000 6.037436
293.000000 3.958256
294.000000 4.009984
295.001000 5.471540
296.001000 4.984932
297.000000 3.801141
298.001000 3.222286
299.000000 3.511860
300.000000 3.353280
301.001000 2.832867
302.001000 2.862192
303.000000 3.933141
304.000000 4.079172
305.000000 3.256288
306.000000 3.456244
307.000000 3.942176
308.001000 3.329419
309.000000 2.715019
310.000000 3.398724
311.001000 3.063920
312.000000 3.736348
313.000000 2.972628
314.001000 2.253938
315.000000 4.027884
316.001000 4.749375
317.001000 3.529904
318.000000 3.512589
319.000000 3.915112
320.000000 3.260940
321.000000 3.590124
322.001000 4.501155
323.001000 4.268620
324.000000 4.496689
325.000000 4.434500
326.001000 4.550569
327.000000 4.662543
328.000000 3.861896
329.000000 5.052416
330.000000 4.731084
331.000000 4.129344
332.001000 3.948851
333.000000 4.189025
334.000000 3.932160
335.000000 3.888032
336.000000 3.363984
337.000000 3.176848
338.000000 2.944444
339.000000 3.205132
340.000000 2.951940
341.000000 3.172832
342.000000 3.305836
343.001000 0.612727
344.000000 4.205922
345.000000 1.038680
346.001000 4.274905
347.000000 2.793906
348.001000 3.367277
349.001000 5.067944
350.000000 2.925878
351.000000 5.034652
352.001000 3.760400
353.000000 2.903383
354.001000 2.210002
355.001000 4.028876
356.000000 3.926759
357.001000 5.160855
358.001000 6.047416
359.000000 2.132052
360.001000 3.334905
361.000000 6.900468
362.000000 5.955584
363.000000 5.664768
364.000000 3.858432
365.000000 6.060032
366.000000 6.795264
367.000000 6.373376
368.001000 6.571604
369.001000 4.319232
370.000000 4.452709
371.000000 7.127040
372.000000 6.967296
373.001000 7.271321
374.001000 4.091904
375.000000 4.374807
376.000000 6.930432
377.000000 6.746112
378.000000 6.324224
379.001000 4.276044
380.001000 4.247552
381.001000 6.979584
382.000000 7.146474
383.000000 4.373512
384.001000 4.063265
385.000000 5.410082
386.000000 5.136404
387.000000 4.397568
388.001000 4.143285
389.000000 3.582699
390.000000 5.250472
391.000000 7.094260
392.000000 5.301344
393.000000 5.241440
394.000000 4.067140
395.000000 4.120576
396.000000 7.006208
397.000000 6.856704
398.001000 7.250861
399.000000 4.870919
400.000000 3.770368
401.001000 6.841670
402.000000 6.631912
403.000000 6.647808
404.000000 4.657152
405.000000 3.903488
406.001000 6.911233
407.000000 6.771315
408.001000 6.780292
409.000000 5.664288
410.000000 3.833856
411.000000 6.643712
412.000000 6.623232
413.000000 6.709248
414.000000 5.451776
415.000000 4.419584
416.001000 5.679568
417.000000 6.830767
418.000000 6.791168
419.000000 5.206016
420.000000 4.501504
421.000000 5.832704
422.001000 6.968519
423.000000 6.654462
424.000000 5.425152
425.000000 4.864000
426.000000 6.166528
427.000000 7.151616
428.001000 6.995117
429.000000 6.076348
430.000000 3.735552
431.000000 4.114432
432.001000 6.356779
433.001000 7.120896
434.001000 6.815744
435.000000 4.735616
436.000000 4.173824
437.000000 6.987776
438.001000 6.935784
439.001000 7.053312
440.000000 5.387532
441.000000 3.973120
442.001000 5.790050
443.001000 6.864896
444.000000 6.830767
445.000000 6.012928
446.000000 1.691648
447.000000 3.837952
448.000000 6.651904
449.000000 6.959104
450.000000 6.565888
451.001000 4.022346
452.001000 5.869568
453.000000 7.392480
