0.000000 0.000000
1.000000 2.567656
2.001000 3.335245
3.001000 2.836192
4.000000 2.813393
5.000000 2.268064
6.001000 1.678549
7.000000 4.049217
8.000000 3.073620
9.000000 1.785544
10.000000 1.531904
11.000000 3.627008
12.000000 4.696872
13.000000 3.465708
14.001000 3.672324
15.001000 2.697348
16.001000 3.444140
17.000000 3.128701
18.000000 3.517180
19.000000 3.339888
20.000000 3.538448
21.001000 2.714853
22.000000 2.922847
23.000000 3.722748
24.000000 2.879452
25.000000 4.398848
26.000000 3.522804
27.000000 3.973744
28.001000 3.556016
29.000000 2.796997
30.000000 2.686768
31.000000 3.165104
32.001000 3.094609
33.001000 2.729468
34.000000 2.909429
35.000000 2.238620
36.000000 2.310880
37.000000 2.516716
38.001000 3.300647
39.000000 4.590486
40.000000 4.396476
41.000000 4.774572
42.000000 5.778584
43.000000 5.213172
44.000000 4.391296
45.001000 3.985518
46.000000 6.765165
47.001000 6.499996
48.000000 6.906619
49.001000 4.529742
50.000000 2.740917
51.000000 3.399680
52.000000 6.723584
53.000000 6.688768
54.000000 4.041776
55.001000 4.480639
56.000000 5.593822
57.001000 4.201039
58.000000 4.343588
59.000000 4.099800
60.000000 4.145152
61.000000 4.473656
62.001000 3.754470
63.000000 3.766426
64.001000 3.959708
65.000000 3.981690
66.000000 3.679016
67.000000 3.673780
68.000000 2.784812
69.000000 1.482752
70.000000 4.993740
71.000000 3.730668
72.001000 0.757415
73.000000 5.824833
74.001000 3.981071
75.000000 3.877273
76.000000 3.732612
77.000000 4.498924
78.001000 4.263504
79.001000 4.045348
80.000000 5.052769
81.001000 4.360464
82.001000 3.848908
83.000000 3.891055
84.001000 4.041031
85.000000 4.655664
86.000000 6.803456
87.000000 5.885372
88.000000 5.476788
89.001000 3.551229
90.001000 2.831360
91.000000 4.484573
92.000000 3.670068
93.001000 4.197770
94.000000 5.388200
95.000000 4.161536
96.000000 6.977536
97.000000 5.618424
98.000000 4.556912
99.000000 3.566824
100.000000 1.439256
101.000000 6.499140
102.000000 3.705168
103.001000 3.682813
104.000000 4.242290
105.000000 3.931064
106.000000 4.316296
107.001000 3.516112
108.001000 4.348784
109.000000 4.701469
110.001000 1.102769
111.000000 4.567512
112.000000 6.516736
113.001000 6.865630
114.001000 5.424100
115.000000 3.499435
116.000000 5.202068
117.002000 5.571377
118.001000 5.808845
119.000000 5.479035
120.000000 5.059716
121.001000 5.281574
122.000000 5.680761
123.000000 5.874444
124.000000 5.907192
125.000000 3.538944
126.000000 4.805284
127.001000 5.164971
128.001000 6.904612
129.001000 3.835952
130.000000 3.694010
131.000000 6.688768
132.000000 4.686332
133.000000 2.702740
134.000000 4.076148
135.000000 4.873532
136.000000 4.582516
137.000000 4.346148
138.000000 4.089928
139.000000 4.387356
140.000000 5.033984
141.000000 4.814848
142.001000 7.042174
143.000000 7.113634
144.000000 5.033044
145.000000 3.533860
146.000000 5.259264
147.001000 6.665718
148.000000 7.042795
149.001000 5.844815
150.000000 4.795067
151.001000 4.619764
152.000000 5.941918
153.000000 6.345568
154.000000 4.450700
155.000000 4.428304
156.000000 5.642240
157.000000 6.492904
158.001000 5.589315
159.000000 6.558803
160.001000 4.853746
161.000000 4.469109
162.000000 6.705152
163.000000 7.049216
164.001000 7.160839
165.000000 4.083700
166.001000 3.764555
167.000000 7.150575
168.001000 6.760943
169.000000 4.875007
170.000000 5.005312
171.001000 4.771165
172.000000 5.869850
173.000000 4.941228
174.001000 6.667764
175.000000 3.784392
176.000000 4.390912
177.000000 7.473152
178.000000 7.088128
179.000000 7.063552
180.000000 4.751360
181.001000 3.574282
182.000000 6.642162
183.001000 6.894865
184.000000 6.621662
185.000000 4.472832
186.000000 0.724992
187.000000 3.915776
188.000000 6.942720
189.000000 6.948864
190.000000 4.597760
191.001000 5.487249
192.000000 6.832817
193.000000 7.358464
194.000000 6.918144
195.001000 4.550202
196.000000 4.998022
197.001000 6.551145
198.000000 7.359680
199.000000 6.852608
200.000000 4.337664
201.001000 3.776831
202.001000 6.936576
203.000000 6.869718
204.000000 6.983680
205.001000 5.638649
206.001000 4.235264
207.000000 6.412557
208.000000 7.151616
209.001000 7.281550
210.000000 4.536761
211.001000 4.357882
212.000000 6.740565
213.000000 7.235584
214.000000 7.043072
215.000000 5.992448
216.000000 4.562944
217.000000 5.505024
218.000000 7.127040
219.000000 6.887424
220.000000 5.228544
221.000000 4.112384
222.001000 6.219700
223.000000 7.166975
224.000000 6.950912
225.000000 5.529600
226.001000 4.235125
227.000000 6.232152
228.000000 7.258112
229.000000 6.877184
230.000000 5.726208
231.000000 4.341760
232.000000 5.341184
233.000000 7.012352
234.000000 7.081984
235.001000 6.741419
236.001000 3.588096
237.000000 5.736040
238.001000 7.240631
239.000000 7.661037
240.000000 5.822464
241.001000 3.891405
242.000000 5.826242
243.000000 6.918144
244.000000 6.801408
245.000000 5.511168
246.001000 1.831129
247.001000 3.098624
248.001000 6.242304
249.000000 7.093173
250.001000 6.485674
251.000000 3.968897
252.000000 4.900864
253.000000 6.250496
254.001000 4.323101
255.000000 3.321081
256.000000 3.495936
257.000000 4.415488
258.000000 6.846464
259.000000 6.973440
260.000000 5.926912
261.000000 4.210688
262.000000 5.445632
263.000000 6.823936
264.001000 7.046266
265.000000 6.508909
266.000000 3.833140
267.000000 4.620288
268.001000 7.091277
269.000000 5.335860
270.001000 4.940480
271.000000 3.304292
272.001000 5.610238
273.000000 5.411447
274.000000 4.590468
275.000000 4.260592
276.000000 3.715072
277.001000 5.111888
278.000000 3.887447
279.000000 2.891460
280.000000 3.026260
281.000000 3.221720
282.000000 2.768792
283.000000 2.062524
284.000000 3.121660
285.000000 3.328436
286.001000 1.448999
287.000000 2.887608
288.000000 0.857328
289.000000 4.374924
290.000000 4.348232
291.001000 4.497007
292.000000 5.176601
293.001000 4.301682
294.001000 5.436332
295.000000 5.559071
296.001000 3.406513
297.001000 5.273600
298.000000 7.253077
299.000000 5.755004
300.000000 4.836116
301.000000 4.313120
302.000000 4.468736
303.000000 6.041476
304.001000 6.598613
305.000000 6.659071
306.000000 4.493252
307.000000 3.948544
308.000000 6.686720
309.000000 6.930432
310.000000 6.758400
311.000000 4.628480
312.001000 3.932324
313.000000 6.902519
314.001000 6.622753
315.000000 7.261277
316.001000 2.813187
317.000000 2.683516
318.000000 4.503552
319.001000 7.191528
320.000000 7.257177
321.000000 4.734976
322.001000 5.041231
323.000000 7.193626
324.000000 7.233536
325.000000 7.051264
326.000000 5.107712
327.001000 3.997794
328.000000 5.748340
329.000000 7.299072
330.000000 7.127040
331.000000 4.882432
332.000000 3.952640
333.000000 5.476352
334.000000 6.692864
335.000000 6.950912
336.000000 5.566464
337.000000 4.106240
338.000000 5.810176
339.001000 7.136288
340.000000 6.728264
341.001000 4.938933
342.000000 3.731091
343.001000 6.686178
344.000000 6.947620
345.000000 6.946816
346.000000 4.657152
347.000000 4.239360
348.001000 5.638649
349.000000 6.689313
350.001000 6.804843
351.000000 5.477734
352.001000 3.985518
353.000000 5.555636
354.001000 6.199241
355.000000 6.920969
356.001000 5.096472
357.001000 3.680256
358.000000 6.654462
359.001000 6.428388
360.000000 6.873818
361.001000 5.239688
362.001000 3.694592
363.001000 6.582272
364.001000 6.801408
365.000000 7.027572
366.000000 6.010880
367.000000 4.657152
368.000000 4.382720
369.000000 6.905856
370.000000 4.781452
371.000000 4.303908
372.000000 4.635952
373.001000 4.894238
374.001000 5.385360
375.001000 5.594924
376.000000 5.107972
377.000000 3.956736
378.000000 6.131712
379.001000 6.712775
380.001000 3.666960
381.001000 5.067580
382.000000 3.724941
383.000000 6.248448
384.000000 6.586368
385.000000 7.024640
386.000000 6.787072
387.000000 3.973120
388.001000 0.879760
389.000000 4.434258
390.000000 6.588416
391.000000 6.729728
392.001000 4.497007
393.000000 3.835043
394.000000 2.763632
395.001000 0.214118
396.001000 4.331824
397.000000 3.279568
398.001000 2.693307
399.000000 3.377221
400.000000 4.983756
401.000000 4.168716
402.000000 4.280320
403.000000 6.529024
404.000000 5.441444
405.000000 3.675708
406.000000 5.906336
407.001000 3.805171
408.000000 4.731516
409.000000 6.934528
410.000000 6.758400
411.000000 6.529024
412.000000 3.407872
413.000000 4.902912
414.000000 7.530496
415.000000 7.524352
416.000000 6.232064
417.001000 4.122597
418.001000 3.371008
419.000000 6.834867
420.000000 6.942720
421.000000 7.671808
