0.000000 0.000000
0.999000 4.220869
1.999000 4.868172
2.999000 5.928504
3.999000 5.213416
4.999000 6.602752
5.999000 6.461268
6.999000 5.713672
7.999000 4.284748
8.999000 8.024448
9.999000 6.383616
10.999000 5.270276
11.999000 5.924148
12.999000 3.082880
14.000000 2.301698
14.999000 3.349782
15.999000 6.574080
17.000000 5.132408
17.999000 3.712320
19.000000 4.378026
19.999000 2.457293
20.999000 3.510280
21.999000 6.254660
23.000000 2.357518
23.999000 3.492376
25.000000 1.826482
25.999000 5.958695
27.000000 3.070370
27.999000 2.879936
29.000000 3.965023
29.999000 4.337185
30.999000 5.204700
31.999000 5.199332
32.999000 4.096168
33.999000 4.268800
34.999000 2.928480
35.999000 1.668824
36.999000 1.934380
38.000000 0.092068
39.000000 3.245488
40.000000 1.871024
41.000000 1.827888
42.000000 1.529980
42.999000 1.922895
43.999000 2.101460
45.000000 1.301179
46.000000 1.299860
46.999000 1.054490
47.999000 0.343508
49.000000 2.756184
49.999000 1.926975
50.999000 2.084708
52.000000 2.162909
53.000000 1.844528
53.999000 1.685337
54.999000 0.481236
55.999000 0.305996
56.999000 0.000000
57.999000 3.624412
59.000000 7.148563
59.999000 6.572460
61.000000 4.372204
61.999000 7.043972
63.000000 7.246769
64.000000 7.413760
64.999000 7.263327
65.999000 4.214784
66.999000 3.981312
67.999000 6.623232
68.999000 7.063552
69.999000 7.385088
70.999000 4.446208
72.000000 4.055081
73.000000 9.791488
73.999000 8.937461
74.999000 6.003544
76.000000 4.846865
76.999000 3.398983
78.000000 5.650925
79.000000 7.073792
80.000000 6.764544
81.000000 4.069376
81.999000 0.836420
82.999000 5.062656
84.000000 7.539341
84.999000 7.097273
86.000000 5.108747
86.999000 3.960697
88.000000 5.346078
88.999000 6.426907
89.999000 6.719488
91.000000 5.425870
91.999000 4.542911
92.999000 1.458252
93.999000 3.467056
94.999000 4.942548
95.999000 3.535728
96.999000 5.849088
98.000000 4.035748
98.999000 3.583872
99.999000 5.337176
100.999000 3.740344
101.999000 3.839664
102.999000 3.755520
104.000000 2.901710
104.999000 3.102751
105.999000 2.414784
107.000000 4.286969
107.999000 3.490767
109.000000 2.557295
109.999000 3.323447
110.999000 3.660304
111.999000 4.193488
112.999000 4.501976
114.000000 3.840655
114.999000 4.408324
116.000000 5.215588
117.000000 4.142404
118.000000 4.564328
118.999000 3.925257
119.999000 4.593392
120.999000 3.843044
121.999000 4.513704
122.999000 3.746872
124.000000 4.017447
124.999000 3.251335
125.999000 4.076552
126.999000 4.504996
127.999000 3.733960
128.999000 4.674864
130.000000 2.827972
131.000000 4.660768
131.999000 4.162010
132.999000 3.531760
133.999000 2.170280
134.999000 2.438532
135.999000 2.124448
136.999000 1.884504
138.000000 1.737183
138.999000 1.599680
140.000000 4.158569
140.999000 3.561590
141.999000 3.096244
142.999000 3.887632
144.000000 3.588452
144.999000 3.485678
145.999000 3.239964
146.999000 4.094732
147.999000 4.386636
148.999000 5.405728
149.999000 2.893508
150.999000 2.882756
152.000000 3.854577
152.999000 4.666859
153.999000 4.812464
154.999000 4.903920
155.999000 5.648124
156.999000 3.244032
157.999000 6.500352
158.999000 7.094272
159.999000 6.811648
160.999000 6.322176
162.000000 4.259676
162.999000 4.928320
163.999000 7.294976
164.999000 6.922616
166.000000 5.691385
166.999000 3.629129
167.999000 5.582848
168.999000 7.364184
170.000000 2.954557
170.999000 6.474058
171.999000 3.375104
172.999000 0.866304
173.999000 5.728256
174.999000 7.081984
175.999000 6.483968
176.999000 4.204544
178.000000 5.988507
178.999000 7.287928
179.999000 5.714004
181.000000 6.334002
181.999000 4.251804
182.999000 4.198400
183.999000 6.979584
184.999000 6.963200
185.999000 7.309312
187.000000 3.812599
187.999000 4.175952
189.000000 6.974657
189.999000 7.499083
190.999000 4.775868
191.999000 2.255784
192.999000 4.640204
193.999000 3.854960
195.000000 3.781510
195.999000 3.679127
197.000000 3.073966
198.000000 3.186856
198.999000 2.594799
200.000000 2.425323
200.999000 2.198867
201.999000 2.637260
202.999000 0.004044
203.999000 4.443008
204.999000 2.402760
205.999000 4.122428
206.999000 4.118760
207.999000 5.543028
209.000000 5.912963
210.000000 5.904240
211.000000 5.212820
211.999000 5.303780
212.999000 3.618816
213.999000 7.143424
215.000000 7.823728
216.000000 6.203392
216.999000 4.760216
217.999000 4.859904
218.999000 5.728256
219.999000 7.057408
220.999000 6.795264
222.000000 5.657063
223.000000 4.468736
223.999000 5.125125
224.999000 6.748160
225.999000 7.049216
226.999000 5.894144
227.999000 4.145152
229.000000 5.143528
229.999000 6.955820
230.999000 6.549504
231.999000 5.818368
232.999000 5.345280
233.999000 5.017600
234.999000 6.754304
235.999000 5.709824
237.000000 6.581834
237.999000 3.521986
238.999000 4.392960
239.999000 6.684672
240.999000 6.813696
241.999000 6.647808
242.999000 3.690496
244.000000 4.445858
245.000000 6.727680
245.999000 6.523259
247.000000 6.542961
247.999000 3.839744
248.999000 4.780032
249.999000 7.041024
250.999000 7.016448
251.999000 4.401504
252.999000 1.675380
253.999000 1.310720
254.999000 6.875136
255.999000 6.987776
257.000000 6.569558
257.999000 4.216953
258.999000 5.308416
259.999000 6.828032
260.999000 7.309312
261.999000 6.903808
262.999000 4.665344
263.999000 3.182592
264.999000 6.721536
265.999000 6.774784
266.999000 6.672384
268.000000 4.008024
269.000000 4.593664
269.999000 7.093173
271.000000 7.455457
271.999000 7.072673
272.999000 5.720064
273.999000 4.110336
274.999000 4.657152
275.999000 6.852608
276.999000 6.934528
277.999000 5.230592
279.000000 3.723636
280.000000 5.640192
281.000000 7.335936
282.000000 6.955008
283.000000 5.541888
284.000000 4.407296
284.999000 5.531035
285.999000 6.848512
286.999000 6.619136
288.000000 6.469307
289.000000 3.866624
289.999000 4.928320
290.999000 6.383616
291.999000 6.746112
292.999000 6.658048
294.000000 4.136919
294.999000 4.272304
296.000000 6.737758
296.999000 3.674787
297.999000 3.155020
299.000000 3.830134
299.999000 7.154675
300.999000 6.562864
302.000000 6.939840
303.000000 5.937876
303.999000 3.312881
305.000000 1.153918
305.999000 6.974270
307.000000 5.549415
307.999000 1.197758
308.999000 4.864716
309.999000 6.075152
310.999000 5.966508
311.999000 6.427504
313.000000 5.181311
313.999000 3.392833
314.999000 5.615616
315.999000 7.301120
316.999000 5.449568
318.000000 5.882505
318.999000 2.726567
319.999000 5.734400
320.999000 7.278592
321.999000 7.053312
323.000000 6.743465
323.999000 4.145201
324.999000 3.538944
326.000000 5.683660
327.000000 4.368384
327.999000 5.020573
328.999000 4.435968
329.999000 5.447680
330.999000 6.656000
331.999000 5.472848
332.999000 4.436968
333.999000 3.875088
335.000000 4.925123
336.000000 3.872908
336.999000 3.595211
338.000000 3.812376
338.999000 2.846322
340.000000 3.623301
340.999000 3.261377
341.999000 3.083120
343.000000 4.705151
344.000000 3.432528
345.002000 5.436727
345.999000 5.190150
346.999000 5.327296
348.000000 5.270801
348.999000 0.832320
349.999000 3.276800
351.000000 6.125586
351.999000 7.103423
353.000000 6.733451
353.999000 3.763892
354.999000 5.062656
356.000000 4.357419
356.999000 5.064152
357.999000 4.468076
358.999000 4.301416
359.999000 4.595712
361.000000 5.535065
361.999000 4.494302
363.000000 4.307181
363.999000 3.774130
365.000000 3.477111
365.999000 3.319347
366.999000 3.106208
367.999000 3.936600
369.000000 3.674965
369.999000 4.195087
370.999000 2.947368
371.999000 3.594324
373.000000 5.220364
373.999000 3.665149
375.000000 5.657674
375.999000 4.793706
376.999000 4.868432
378.000000 4.969994
379.000000 4.566020
379.999000 4.317405
380.999000 6.627328
382.000000 6.516679
382.999000 5.986747
383.999000 3.497820
384.999000 4.300800
385.999000 5.545984
386.999000 6.959104
387.999000 6.746112
389.000000 3.719201
389.999000 4.633113
391.000000 5.024847
391.999000 5.941946
392.999000 5.778116
393.999000 4.677632
394.999000 3.969024
396.000000 6.946014
397.000000 6.549504
397.999000 6.873818
398.999000 5.036032
399.999000 3.837952
400.999000 7.131136
401.999000 1.705188
402.999000 2.411936
403.999000 3.631336
405.000000 3.171828
405.999000 5.836673
407.000000 4.907816
407.999000 4.021061
408.999000 2.808912
409.999000 4.767744
410.999000 7.008256
411.999000 5.946472
413.000000 5.711053
414.000000 5.376816
415.000000 4.374528
415.999000 5.116925
416.999000 6.435356
417.999000 3.453576
419.000000 2.513790
419.999000 1.435471
420.999000 4.941068
421.999000 5.189312
423.000000 6.342070
423.999000 5.092993
424.999000 4.786176
425.999000 5.849088
426.999000 6.647808
428.000000 7.050358
428.999000 6.125550
429.999000 3.342336
430.999000 5.189632
432.000000 6.843716
432.999000 7.281778
433.999000 5.851136
434.999000 4.077568
435.999000 5.476352
436.999000 6.811648
437.999000 6.422528
438.999000 6.049792
439.999000 4.149248
441.000000 5.182402
