0.000000 1.400175
0.999000 3.327495
1.999000 3.206556
3.000000 4.471133
3.999000 7.708188
4.999000 7.064792
5.999000 4.889048
6.999000 7.208960
7.999000 5.147004
9.000000 3.001415
9.999000 7.628236
10.999000 7.542784
11.999000 6.080432
13.000000 4.884547
14.000000 3.450880
14.999000 7.650787
15.999000 5.283544
16.999000 5.594228
18.000000 4.573067
18.999000 3.653189
19.999000 4.928888
20.999000 4.766216
21.999000 4.389088
22.999000 3.561192
23.999000 3.806976
24.999000 5.790316
26.000000 7.356268
26.999000 6.273489
28.000000 4.855544
29.000000 3.870720
29.999000 6.367455
30.999000 6.934528
32.000000 6.161610
33.000000 3.687580
33.999000 1.570338
34.999000 4.399104
36.000000 3.792088
36.999000 2.833165
37.999000 3.099532
39.000000 5.122058
39.999000 4.935664
40.999000 5.893816
41.999000 5.960804
42.999000 4.896360
43.999000 2.519040
44.999000 7.122944
45.999000 7.292928
46.999000 7.206912
48.000000 7.180683
48.999000 6.144236
49.999000 7.137660
50.999000 6.859636
51.999000 5.288540
53.000000 5.618238
53.999000 6.115251
54.999000 6.881540
55.999000 6.972220
56.999000 7.827524
57.999000 7.338460
59.000000 7.737870
59.999000 8.357870
60.999000 9.218080
61.999000 7.646284
62.999000 7.161856
63.999000 2.816000
64.999000 3.256320
65.999000 6.782976
66.999000 7.434240
67.999000 6.914048
68.999000 3.379200
69.999000 5.691392
70.999000 6.078464
72.000000 7.158793
72.999000 7.355580
74.000000 3.940507
75.000000 5.550080
75.999000 7.523684
77.000000 8.028324
77.999000 7.248977
78.999000 3.837952
79.999000 3.829760
80.999000 7.254016
82.000000 7.461594
82.999000 7.878342
83.999000 3.391488
85.000000 5.002358
85.999000 7.105473
86.999000 7.647232
87.999000 7.712768
88.999000 4.044800
90.000000 4.920519
90.999000 7.228476
91.999000 7.675904
92.999000 7.221248
93.999000 3.809280
94.999000 4.313088
95.999000 6.713344
96.999000 7.274496
97.999000 6.928384
98.999000 4.620288
99.999000 1.708032
100.999000 1.402880
101.999000 6.592512
102.999000 7.462912
104.000000 2.283285
104.999000 3.977097
105.999000 7.038976
107.000000 7.033990
108.000000 7.102464
109.000000 4.319232
109.999000 4.044749
110.999000 6.844416
111.999000 6.830080
112.999000 7.047168
113.999000 3.661824
115.000000 4.386525
115.999000 6.875868
116.999000 7.069696
118.000000 7.250861
119.000000 4.634624
119.999000 3.362082
121.000000 6.813027
122.000000 7.139328
122.999000 6.968120
123.999000 4.923392
124.999000 3.319808
125.999000 6.629376
127.000000 6.616615
127.999000 6.994771
128.999000 5.437440
129.999000 3.301376
130.999000 7.311360
131.999000 6.457840
133.000000 4.470733
134.000000 3.548036
135.000000 4.067328
136.000000 4.861904
137.000000 4.946200
137.999000 5.039820
138.999000 4.136712
139.999000 4.558848
140.999000 7.288832
141.999000 7.524352
142.999000 7.225344
143.999000 5.419008
144.999000 3.186688
145.999000 6.705152
146.999000 6.938624
147.999000 7.075840
148.999000 4.849664
150.000000 4.120551
151.000000 6.148096
151.999000 7.084973
152.999000 7.323648
154.000000 5.530214
154.999000 3.382583
155.999000 6.113280
156.999000 6.971392
157.999000 7.151616
158.999000 5.857280
160.000000 3.514949
160.999000 5.768841
162.000000 7.156747
162.999000 6.818466
164.000000 6.238114
165.000000 3.235840
165.999000 5.260428
167.000000 6.837578
167.999000 7.035772
169.000000 4.595213
169.999000 3.610138
171.000000 6.739373
171.999000 6.793866
172.999000 6.676480
173.999000 5.607424
175.000000 4.533834
175.999000 4.823768
176.999000 6.942720
177.999000 7.118848
178.999000 5.937152
180.000000 3.455616
180.999000 5.859043
182.000000 6.596803
182.999000 5.247568
183.999000 4.362768
184.999000 3.145728
186.000000 7.277459
187.000000 4.715828
187.999000 0.910190
189.000000 6.459077
190.000000 2.955264
191.000000 6.095560
191.999000 2.193461
192.999000 5.449636
193.999000 3.806596
195.000000 3.607037
195.999000 4.028432
196.999000 3.862148
197.999000 4.033112
198.999000 3.472384
199.999000 3.737600
200.999000 7.059456
201.999000 6.717440
202.999000 6.975488
203.999000 6.729512
204.999000 4.096000
206.000000 4.484731
207.000000 6.975488
208.000000 7.268352
208.999000 7.269477
210.000000 3.981427
210.999000 4.337906
211.999000 4.475876
212.999000 4.015564
213.999000 3.038660
214.999000 2.693920
215.999000 3.935512
216.999000 3.951012
217.999000 2.752484
219.000000 1.327800
220.000000 3.448832
220.999000 4.817097
221.999000 6.447616
222.999000 5.116000
223.999000 5.655184
224.999000 2.048000
226.000000 2.117562
226.999000 7.169025
227.999000 7.610368
228.999000 7.520256
229.999000 2.994176
230.999000 6.524928
231.999000 7.069696
232.999000 7.559168
233.999000 7.223752
235.000000 3.101043
235.999000 4.907820
236.999000 5.264004
237.999000 4.362908
239.000000 4.116356
240.000000 2.764992
240.999000 6.360328
241.999000 4.921108
242.999000 4.844064
243.999000 4.836208
244.999000 3.566036
245.999000 5.447680
246.999000 7.551856
247.999000 6.276936
248.999000 5.985440
249.999000 3.551232
250.999000 4.026368
251.999000 6.952960
252.999000 8.216576
254.000000 5.024448
254.999000 4.549061
255.999000 4.194304
256.999000 6.730196
257.999000 4.882456
259.000000 4.680216
259.999000 3.370639
261.000000 5.213091
262.000000 5.070892
262.999000 4.628008
264.000000 5.260671
264.999000 3.856144
265.999000 4.911104
267.000000 7.468472
268.000000 5.011044
268.999000 5.988280
269.999000 4.435400
271.000000 2.334434
272.000000 2.895872
273.000000 5.216256
273.999000 6.789766
274.999000 3.411968
276.000000 5.616144
276.999000 4.233353
277.999000 7.051264
278.999000 6.545408
279.999000 3.168256
280.999000 4.558848
281.999000 7.284736
282.999000 6.400732
283.999000 4.242596
284.999000 3.747232
286.000000 2.386969
286.999000 4.489610
287.999000 5.676104
288.999000 3.070744
289.999000 1.722288
291.000000 5.982370
292.000000 5.980556
292.999000 4.228601
294.000000 4.081706
294.999000 3.720585
295.999000 3.842048
296.999000 4.935700
297.999000 4.759788
298.999000 3.964184
299.999000 3.658332
300.999000 4.644864
301.999000 7.122944
302.999000 6.312284
303.999000 4.793560
304.999000 4.627188
305.999000 3.411968
307.000000 6.745510
308.000000 7.035224
308.999000 5.873534
310.000000 4.414569
311.000000 3.184640
311.999000 5.336280
313.000000 7.621179
313.999000 5.841109
315.000000 2.454741
315.999000 2.626114
316.999000 7.733248
317.999000 6.053168
318.999000 3.720640
320.000000 4.238070
320.999000 3.526086
321.999000 3.232972
322.999000 5.777648
323.999000 5.665884
324.999000 3.570464
325.999000 3.743056
327.000000 4.931860
327.999000 4.727003
328.999000 4.450060
330.000000 2.624903
330.999000 4.752016
332.000000 4.024076
332.999000 3.833341
333.999000 2.193896
334.999000 2.793528
335.999000 3.895896
336.999000 2.989840
337.999000 4.021108
338.999000 3.777952
340.000000 3.581626
340.999000 3.952509
341.999000 3.232504
342.999000 2.814624
343.999000 1.225332
344.999000 4.503768
346.000000 4.260456
346.999000 4.295163
348.000000 4.022525
348.999000 4.150503
349.999000 4.964936
350.999000 3.489792
351.999000 6.111232
352.999000 7.632896
354.000000 7.838050
355.000000 5.479492
355.999000 3.575287
356.999000 5.160960
357.999000 6.541312
358.999000 7.147520
360.000000 7.214034
360.999000 3.476885
361.999000 4.841472
362.999000 7.112704
363.999000 7.358464
364.999000 6.918152
365.999000 2.506752
366.999000 5.914624
367.999000 7.331840
368.999000 7.385088
369.999000 6.923892
371.000000 2.318066
371.999000 1.404284
372.999000 4.603904
373.999000 6.598656
374.999000 7.536640
375.999000 4.190208
376.999000 6.182912
377.999000 6.531072
378.999000 3.874816
380.000000 3.081207
380.999000 4.067299
382.000000 5.123069
382.999000 7.326879
383.999000 4.767460
384.999000 4.290348
385.999000 3.004060
387.000000 5.871888
387.999000 4.981638
389.000000 4.457578
389.999000 4.441465
390.999000 3.350344
391.999000 5.320224
392.999000 4.494384
393.999000 3.777096
394.999000 2.209372
395.999000 3.136064
396.999000 7.153664
397.999000 5.913232
398.999000 3.523672
399.999000 5.133184
401.000000 4.303792
401.999000 5.252228
