0.000000 0.000000
1.000000 4.728784
2.001000 7.487393
3.001000 7.030652
4.000000 8.954098
5.000000 9.552680
6.000000 9.368216
7.001000 7.481435
8.000000 7.595435
9.002000 8.208351
10.000000 6.252762
11.000000 8.268140
12.000000 5.462016
13.000000 7.274496
14.001000 6.277902
15.000000 5.195023
16.001000 3.620715
17.001000 5.555516
18.001000 3.094896
19.000000 4.472569
20.000000 6.754892
21.001000 6.685690
22.001000 7.251268
23.001000 2.600960
24.000000 6.168601
25.000000 8.175616
26.001000 8.345447
27.000000 8.249401
28.000000 3.588096
29.001000 4.132827
30.001000 7.479296
31.000000 7.548284
32.001000 7.921934
33.000000 10.528601
34.001000 7.772883
35.001000 7.633724
36.000000 6.960785
37.000000 6.619136
38.000000 4.651008
39.000000 3.618816
40.001000 5.348124
41.001000 7.028736
42.000000 7.851692
43.000000 5.914624
44.001000 3.678625
45.000000 6.023047
46.001000 7.124012
47.001000 7.516160
48.001000 6.146048
49.001000 3.067904
50.000000 5.600737
51.000000 7.548928
52.001000 7.545479
53.000000 6.588861
54.001000 3.834118
55.000000 5.791391
56.000000 7.731200
57.000000 7.104512
58.001000 5.704120
59.001000 3.653632
60.000000 5.973846
61.001000 7.267229
62.000000 7.511383
63.001000 6.049886
64.000000 4.065249
65.000000 5.474304
66.001000 7.617087
67.000000 7.025706
68.001000 5.579944
69.001000 2.490368
70.000000 0.791319
71.000000 6.180864
72.000000 5.877720
73.000000 2.727004
74.001000 2.413203
75.000000 2.067956
76.000000 4.519924
77.001000 3.706609
78.000000 3.731892
79.000000 3.905416
80.001000 4.336995
81.000000 3.444913
82.001000 2.468312
83.000000 3.401710
84.000000 3.157872
85.001000 4.008288
86.000000 3.852236
87.000000 3.611892
88.001000 3.219249
89.000000 3.530210
90.000000 3.892692
91.001000 3.520172
92.000000 3.089361
93.001000 3.824292
94.001000 3.217944
95.000000 3.849634
96.000000 3.253368
97.000000 2.986520
98.000000 2.801844
99.000000 2.754372
100.000000 2.922004
101.000000 3.038392
102.001000 3.324008
103.000000 3.250114
104.001000 3.031724
105.001000 3.059656
106.001000 3.077328
107.000000 2.836436
108.000000 2.842336
109.001000 2.754398
110.000000 0.120092
111.001000 4.903165
112.000000 2.547147
113.001000 2.556755
114.002000 3.705606
115.000000 3.245735
116.000000 3.592420
117.000000 4.102664
118.001000 4.399568
119.000000 4.049894
120.000000 6.791168
121.001000 7.643684
122.001000 7.079012
123.001000 5.591592
124.000000 4.071399
125.001000 4.298549
126.000000 7.179275
127.001000 7.131840
128.001000 7.204736
129.001000 4.499456
130.001000 4.136960
131.000000 7.930146
132.000000 7.289440
133.000000 5.574524
134.000000 4.112528
135.001000 3.547684
136.000000 7.720488
137.001000 7.121383
138.000000 6.731139
139.000000 4.997120
140.000000 2.756608
141.000000 3.543040
142.000000 7.380992
143.000000 7.471104
144.001000 5.004404
145.000000 4.442458
146.000000 6.680576
147.000000 6.922240
148.000000 7.342080
149.001000 5.161942
150.000000 4.110350
151.000000 6.027264
152.000000 7.464960
153.000000 7.032832
154.000000 6.135808
155.001000 5.268332
156.000000 3.964797
157.001000 7.085139
158.001000 7.073792
159.000000 5.574086
160.001000 3.813658
161.001000 5.693440
162.000000 6.682759
163.001000 5.633698
164.002000 2.567672
165.000000 3.878477
166.000000 7.499776
167.000000 7.860224
168.000000 6.815744
169.000000 5.804032
170.001000 1.372835
171.001000 2.498560
172.000000 7.140324
173.001000 6.993071
174.000000 4.431143
175.000000 4.622336
176.001000 4.200240
177.000000 3.787596
178.000000 3.704692
179.001000 3.043540
180.000000 2.032665
181.001000 4.055836
182.001000 4.311344
183.000000 4.111960
184.000000 3.568492
185.000000 4.703308
186.000000 4.209332
187.000000 4.614308
188.001000 4.636579
189.000000 4.755475
190.000000 3.706672
191.000000 1.969456
192.001000 6.088847
193.000000 4.506623
194.000000 3.563104
195.001000 2.537403
196.000000 2.902010
197.001000 2.431253
198.001000 3.067296
199.000000 3.667876
200.000000 4.811316
201.000000 3.544828
202.001000 3.952739
203.000000 4.863207
204.001000 4.049431
205.000000 4.677838
206.000000 5.290656
207.000000 4.651804
208.000000 3.317376
209.000000 2.857816
210.000000 2.764692
211.000000 2.550416
212.001000 2.318290
213.000000 2.297241
214.000000 2.222852
215.000000 2.259432
216.000000 2.066300
217.000000 1.542112
218.000000 0.737356
219.001000 0.000000
220.000000 0.841994
221.000000 3.460068
222.001000 4.578869
223.000000 3.048180
224.000000 2.929204
225.000000 2.468888
226.000000 2.850320
227.000000 3.998168
228.000000 3.078832
229.001000 3.153215
230.000000 2.443075
231.000000 2.902244
232.000000 3.141544
233.000000 3.463552
234.000000 2.989244
235.001000 2.705666
236.000000 3.240817
237.000000 3.269548
238.000000 1.534024
239.000000 2.832152
240.000000 2.722956
241.000000 2.696292
242.001000 2.355213
243.000000 1.549001
244.000000 5.056840
245.000000 2.016224
246.000000 2.225932
247.000000 1.333820
248.000000 1.748356
249.000000 3.016332
250.000000 3.651784
251.000000 3.345580
252.001000 3.581918
253.000000 3.846422
254.001000 4.550889
255.000000 4.520476
256.000000 4.699548
257.000000 4.433920
258.000000 4.081588
259.000000 5.112296
260.000000 5.868544
261.000000 6.089348
262.001000 4.347652
263.000000 3.111976
264.001000 7.083093
265.001000 7.503872
266.000000 7.230527
267.001000 4.928703
268.000000 2.865970
269.001000 7.672328
270.000000 7.638486
271.000000 7.227392
272.001000 5.581598
273.000000 2.599463
274.001000 5.417686
275.000000 7.691788
276.000000 7.139328
277.001000 6.019197
278.000000 3.036124
279.001000 6.074438
280.000000 7.070623
281.000000 7.428096
282.001000 6.493223
283.000000 2.845469
284.001000 0.282342
285.000000 6.336705
286.001000 6.610478
287.001000 5.795840
288.000000 1.057826
289.000000 5.341184
290.000000 7.413760
291.000000 4.860036
292.000000 5.715804
293.000000 2.916352
294.000000 5.643216
295.000000 4.501832
296.000000 5.427996
297.001000 5.242250
298.001000 2.932736
299.001000 4.017312
300.000000 1.486983
301.000000 0.570204
302.001000 0.044440
303.000000 0.275267
304.000000 0.642996
305.000000 4.405248
306.000000 6.317056
307.000000 5.109528
308.001000 3.371732
309.000000 7.556484
310.000000 5.993180
311.000000 5.765960
312.001000 6.270446
313.001000 1.986560
314.001000 6.033408
315.000000 7.048072
316.001000 6.862130
317.000000 7.605686
318.001000 3.424927
319.000000 4.091900
320.000000 6.594560
321.000000 6.965248
322.000000 6.963200
323.000000 3.866624
324.001000 3.803429
325.000000 6.882018
326.000000 6.782976
327.001000 7.029898
328.000000 3.255479
329.001000 4.877554
330.001000 6.688768
331.001000 5.212704
332.000000 3.658034
333.000000 2.914984
334.001000 3.565071
335.000000 3.502911
336.001000 4.187497
337.000000 4.385281
338.001000 2.963057
339.001000 5.360576
340.000000 3.743095
341.001000 4.247345
342.001000 3.142188
343.000000 2.847075
344.000000 3.975304
345.000000 3.603204
346.000000 3.571552
347.000000 3.667260
348.001000 3.262633
349.000000 3.421325
350.000000 3.329300
351.000000 3.398956
352.001000 3.167820
353.000000 2.844172
354.000000 3.875964
355.001000 4.160951
356.000000 3.645554
357.000000 2.985560
358.000000 2.288820
359.000000 3.404952
360.000000 3.435532
361.001000 3.674629
362.001000 2.860844
363.000000 2.512180
364.001000 3.076763
365.000000 3.029938
366.001000 3.122889
367.001000 3.496768
368.000000 2.866278
369.001000 4.152763
370.000000 3.122394
371.001000 3.066178
372.000000 2.847592
373.001000 2.674581
374.000000 2.924949
375.000000 2.628600
376.000000 2.162192
377.001000 1.948607
378.000000 2.185209
379.001000 3.347716
380.000000 3.195672
381.000000 1.921936
382.000000 4.496928
383.000000 2.882260
384.000000 3.371424
385.000000 3.580184
386.000000 3.241084
387.000000 2.745176
388.000000 3.500952
389.000000 3.195912
390.000000 3.275684
391.000000 2.294240
392.000000 4.463008
393.000000 2.135028
394.000000 2.880828
395.000000 3.085208
396.000000 3.047128
397.001000 2.802386
398.000000 3.152729
399.000000 3.001996
400.001000 2.980795
401.000000 3.459988
402.000000 3.309780
403.000000 2.854852
404.001000 3.276619
405.000000 2.905149
406.000000 2.996604
407.001000 2.873758
408.000000 2.855864
409.000000 3.395828
410.000000 2.990356
411.001000 3.210422
412.001000 2.880676
413.000000 2.922563
414.000000 2.628728
415.001000 1.040963
416.000000 2.262731
417.001000 1.165610
418.001000 2.854160
419.000000 5.588140
420.001000 3.315900
421.001000 2.042972
422.001000 1.672116
423.000000 1.030903
424.000000 3.041892
425.000000 3.042956
426.000000 3.319892
427.001000 2.940647
428.000000 2.876981
429.001000 3.031796
430.001000 2.445272
431.000000 2.532729
432.000000 2.133108
433.000000 1.992164
434.000000 1.952860
435.001000 1.855688
436.001000 2.123776
437.001000 2.538956
438.001000 2.737840
439.002000 2.625922
440.001000 2.569317
441.000000 2.838927
442.000000 3.042488
443.000000 2.441908
444.000000 3.983904
445.000000 2.759356
446.000000 3.243288
447.000000 3.328912
448.000000 2.609028
449.001000 2.313550
450.000000 1.702879
451.000000 0.753532
452.000000 0.617384
453.000000 0.496064
454.000000 1.834628
455.000000 2.808636
456.000000 3.059624
457.001000 3.408484
458.002000 3.339117
459.000000 3.838758
460.000000 3.397272
461.001000 3.464839
462.000000 4.931323
463.001000 4.587397
464.000000 2.490811
465.001000 7.124012
466.000000 7.384280
467.000000 3.845364
468.000000 3.829760
469.002000 2.689788
470.000000 4.245804
471.000000 7.434240
472.000000 6.893640
473.000000 4.755328
474.000000 3.547136
475.000000 5.261964
476.000000 3.802708
477.000000 4.025128
478.001000 4.024036
479.000000 3.504653
480.000000 5.308136
481.000000 4.586956
482.000000 4.241536
483.001000 4.323884
484.001000 3.350528
485.000000 3.887516
486.000000 2.194260
487.001000 1.951844
488.000000 2.118218
489.001000 2.616963
490.000000 4.274322
491.000000 4.267224
492.001000 4.130889
493.000000 4.466835
494.000000 3.178496
