0.000000 2.139817
1.000000 4.281248
2.001000 5.017630
3.001000 4.949208
4.000000 4.577642
5.000000 4.116792
6.000000 3.824276
7.000000 5.095440
8.000000 4.983556
9.000000 3.893024
10.000000 4.184192
11.000000 6.572848
12.000000 4.115444
13.000000 4.933680
14.001000 5.004320
15.001000 4.951048
16.001000 5.146016
17.000000 4.525017
18.000000 4.691688
19.000000 4.329388
20.000000 4.257736
21.000000 4.744596
22.000000 5.011864
23.000000 4.937724
24.001000 4.204252
25.001000 4.511108
26.000000 3.398959
27.000000 3.721828
28.000000 4.081900
29.001000 3.921946
30.000000 2.315483
31.000000 4.854408
32.000000 4.734564
33.000000 4.269116
34.000000 4.590356
35.000000 4.301156
36.000000 4.396220
37.001000 2.275297
38.001000 1.763184
39.000000 1.820272
40.000000 2.391352
41.001000 3.023237
42.001000 3.800012
43.000000 3.019103
44.000000 3.110576
45.000000 2.299688
46.001000 2.592308
47.000000 2.473357
48.000000 2.656908
49.000000 3.374744
50.000000 2.790360
51.000000 2.644880
52.000000 2.417508
53.000000 3.731264
54.000000 3.257468
55.000000 3.378736
56.001000 3.104036
57.000000 3.262727
58.000000 3.964468
59.000000 3.370000
60.000000 2.782272
61.000000 2.972340
62.000000 3.620728
63.000000 3.398308
64.000000 4.242156
65.001000 1.769502
66.001000 5.325948
67.000000 3.307255
68.000000 4.474012
69.000000 2.948076
70.000000 1.798232
71.000000 1.560984
72.000000 1.484148
73.000000 1.698480
74.000000 2.186456
75.000000 3.359216
76.000000 0.048140
77.001000 4.374318
78.000000 5.128877
79.000000 4.192280
80.000000 4.277204
81.000000 3.498916
82.000000 3.222212
83.000000 3.229808
84.000000 3.870108
85.000000 4.459184
86.000000 4.451176
87.001000 3.827109
88.000000 4.083339
89.001000 4.470733
90.000000 4.355155
91.001000 4.906350
92.000000 3.973834
93.000000 3.448184
94.000000 4.265072
95.000000 4.084440
96.001000 4.503209
97.001000 3.693520
98.001000 4.228676
99.000000 3.763335
100.000000 4.034884
101.001000 4.212659
102.000000 3.761986
103.000000 3.883588
104.000000 4.201768
105.000000 4.391240
106.000000 4.662524
107.000000 3.708348
108.001000 3.786789
109.000000 3.364136
110.000000 2.910124
111.000000 2.824328
112.000000 3.608044
113.001000 3.102274
114.001000 3.196912
115.001000 3.054412
116.000000 3.849694
117.000000 3.456272
118.000000 2.829452
119.000000 3.347084
120.000000 2.698308
121.000000 3.440484
122.000000 3.200956
123.000000 3.723720
124.000000 3.919984
125.001000 2.802386
126.001000 3.549284
127.000000 3.748492
128.000000 3.818288
129.000000 3.867308
130.001000 3.827189
131.001000 4.035912
132.000000 3.835820
133.000000 4.327460
134.000000 4.854148
135.000000 4.078036
136.000000 4.101628
137.000000 3.692872
138.009000 3.571707
139.000000 2.285207
140.000000 4.073472
141.000000 0.900888
142.000000 5.765156
143.000000 3.856656
144.001000 4.131273
145.000000 4.031568
146.000000 4.155056
147.001000 4.298517
148.001000 4.060336
149.000000 4.136945
150.001000 3.747596
151.000000 4.452709
152.000000 4.373948
153.000000 3.258712
154.000000 3.037044
155.001000 4.336835
156.000000 4.090615
157.000000 3.539848
158.000000 3.791276
159.001000 3.999824
160.000000 3.714859
161.000000 1.019904
162.001000 4.460180
163.000000 6.233397
164.000000 3.291816
165.001000 4.567109
166.000000 3.849994
167.000000 4.697228
168.000000 3.673936
169.000000 3.449240
170.000000 3.949668
171.000000 3.586048
172.001000 6.970565
173.000000 4.120877
174.000000 3.633496
175.000000 3.374264
