0.000000 0.241769
1.000000 0.000000
1.999000 0.708408
2.999000 0.669956
4.000000 0.403996
5.000000 0.435404
5.999000 1.063287
6.999000 1.490888
7.999000 1.517848
8.999000 2.045616
9.999000 2.613772
10.999000 2.646124
11.999000 2.814624
12.999000 3.225764
13.999000 2.885472
15.000000 3.018446
15.999000 3.130490
16.999000 3.161060
18.000000 3.143089
18.999000 2.872765
19.999000 2.898200
21.000000 3.226581
21.999000 3.034687
22.999000 3.041088
24.000000 2.983536
24.999000 3.181377
26.000000 1.193590
27.000000 2.948656
27.999000 4.235608
28.999000 2.694652
30.000000 2.596659
30.999000 2.463600
31.999000 2.431792
33.000000 1.467852
34.000000 1.461232
34.999000 1.957906
36.000000 1.236228
36.999000 1.242751
38.000000 2.395049
38.999000 1.066635
39.999000 0.919576
40.999000 2.270440
42.000000 1.305403
42.999000 1.041201
43.999000 0.000000
44.999000 0.000000
45.999000 1.455764
46.999000 2.144744
47.999000 1.866908
49.000000 2.585646
49.999000 3.326146
50.999000 2.578724
52.000000 2.215245
52.999000 2.314322
54.000000 2.659453
54.999000 2.095051
55.999000 2.736644
57.000000 3.162641
58.000000 1.794236
59.000000 3.751936
60.000000 5.160732
60.999000 4.766442
62.000000 5.540344
62.999000 3.226779
63.999000 7.333888
65.000000 5.649890
65.999000 5.119035
66.999000 6.038700
67.999000 4.099736
68.999000 5.369856
69.999000 4.783456
70.999000 4.313548
71.999000 4.521296
73.000000 3.147708
73.999000 4.719339
74.999000 3.766312
75.999000 4.178800
76.999000 4.195236
77.999000 4.157724
79.000000 4.998673
79.999000 4.074939
80.999000 4.173504
81.999000 3.159012
82.999000 3.070504
83.999000 5.359940
84.999000 4.432872
85.999000 3.539904
86.999000 4.296824
87.999000 2.552956
89.000000 3.870282
89.999000 3.385518
91.000000 4.129590
91.999000 2.834230
92.999000 2.525768
93.999000 2.945764
94.999000 2.860016
96.000000 2.460104
97.000000 3.276312
98.000000 2.780924
99.000000 2.344172
99.999000 1.516669
100.999000 4.243504
101.999000 5.188452
103.000000 3.950885
104.000000 5.386676
104.999000 4.903199
106.000000 4.883556
106.999000 4.401814
108.000000 4.359025
108.999000 3.429734
110.000000 6.833487
110.999000 7.695888
112.000000 7.762350
113.001000 6.723005
113.999000 3.336721
114.999000 5.341184
116.000000 6.432480
116.999000 7.503183
118.001000 6.199186
118.999000 5.243126
119.999000 4.818944
120.999000 4.783460
121.999000 2.989164
122.999000 4.045348
123.999000 3.149296
124.999000 2.678784
125.999000 6.414336
127.000000 5.788036
128.000000 4.879144
129.000000 4.170828
130.000000 5.099520
130.999000 7.376080
131.999000 6.488800
132.999000 7.248616
134.000000 3.785015
134.999000 4.024248
136.000000 7.377710
136.999000 7.941894
137.999000 7.380992
138.999000 5.079040
139.999000 3.567616
140.999000 6.918144
141.999000 7.876608
142.999000 7.962624
144.000000 4.812084
144.999000 4.916020
145.999000 6.664192
147.000000 7.717339
147.999000 7.829141
148.999000 5.099520
149.999000 4.149248
150.999000 6.578176
151.999000 7.821312
152.999000 7.446528
154.000000 5.560903
155.000000 4.675584
155.999000 7.043972
156.999000 7.397376
157.999000 7.585792
158.999000 5.718528
160.000000 3.564052
160.999000 5.699139
161.999000 6.923260
163.000000 5.569622
164.000000 4.656916
165.000000 4.501504
166.000000 6.590464
167.000000 6.135452
167.999000 6.002723
168.999000 4.824596
